1698569394129	geckodriver	INFO	Listening on 127.0.0.1:61206
1698569397159	mozrunner::runner	INFO	Running command: "C:\\Program Files\\Mozilla Firefox\\firefox.exe" "--marionette" "--remote-debugging-port" "61207" "--remote-allow-hosts" "localhost" "-no-remote" "-profile" "C:\\Users\\LUISLIU1\\AppData\\Local\\Temp\\rust_mozprofileVBKKfh"
console.error: JsonSchemaValidator.jsm: 
  Ignoring parameter "" - not a valid origin.
console.error: Policies.jsm: 
  Invalid ExtensionSettings
console.warn: services.settings: Ignoring preference override of remote settings server
console.warn: services.settings: Allow by setting MOZ_REMOTE_SETTINGS_DEVTOOLS=1 in the environment
1698569397569	Marionette	INFO	Marionette enabled
Dynamically enable window occlusion 0
1698569397645	Marionette	INFO	Listening on port 61225
WebDriver BiDi listening on ws://127.0.0.1:61207
Read port: 61225
1698569397821	RemoteAgent	WARN	TLS certificate errors will be ignored for this session
DevTools listening on ws://127.0.0.1:61207/devtools/browser/73297e0c-9cd2-4c36-8a77-0da567063739
1698569409654	Marionette	WARN	Ignoring event 'DOMContentLoaded' because document has an invalid readyState of 'complete'.
JavaScript error: , line 0: TypeError: error loading dynamically imported module: https://schenkeritsmprod.service-now.com/uxasset/externals/@devsnc/library-uxf/index.jsdbx
JavaScript error: , line 0: TypeError: error loading dynamically imported module: https://schenkeritsmprod.service-now.com/uxasset/externals/@servicenow/ui-mega/index.jsdbx
JavaScript error: , line 0: TypeError: error loading dynamically imported module: https://schenkeritsmprod.service-now.com/uxasset/externals/nds-megabundle/bundled-assets.jsdbx
JavaScript error: , line 0: TypeError: error loading dynamically imported module: https://schenkeritsmprod.service-now.com/uxasset/externals/polaris-app-shell/index.jsdbx
JavaScript error: , line 0: TypeError: error loading dynamically imported module: https://schenkeritsmprod.service-now.com/uxasset/externals/js-common-mega/bundled-assets.jsdbx
JavaScript error: , line 0: TypeError: error loading dynamically imported module: https://schenkeritsmprod.service-now.com/uxasset/externals/sn-canvas-common/latest/index.jsdbx
JavaScript error: , line 0: TypeError: error loading dynamically imported module: https://schenkeritsmprod.service-now.com/uxasset/externals/sn-canvas-chrome/index.jsdbx
JavaScript error: , line 0: TypeError: error loading dynamically imported module: https://schenkeritsmprod.service-now.com/uxasset/externals/sn-canvas-core/index.jsdbx
JavaScript error: , line 0: TypeError: error loading dynamically imported module: https://schenkeritsmprod.service-now.com/uxasset/externals/sn-canvas-blank/index.jsdbx
JavaScript error: , line 0: TypeError: error loading dynamically imported module: https://schenkeritsmprod.service-now.com/uxasset/externals/sn-canvas-core-addon/latest/index.jsdbx
JavaScript error: , line 0: TypeError: error loading dynamically imported module: https://schenkeritsmprod.service-now.com/uxasset/externals/@devsnc/ux-metrics-runtime/index.jsdbx
JavaScript error: , line 0: TypeError: error loading dynamically imported module: https://schenkeritsmprod.service-now.com/uxasset/externals/@devsnc/sn-layout/index.jsdbx
JavaScript error: , line 0: TypeError: error loading dynamically imported module: https://schenkeritsmprod.service-now.com/uxasset/externals/controls-mono/bundled-assets.jsdbx
JavaScript error: , line 0: TypeError: error loading dynamically imported module: https://schenkeritsmprod.service-now.com/uxasset/externals/path-to-regexp/latest/index.jsdbx
JavaScript error: , line 0: TypeError: error loading dynamically imported module: https://schenkeritsmprod.service-now.com/uxasset/externals/lodash/latest/index.jsdbx
JavaScript error: , line 0: TypeError: error loading dynamically imported module: https://schenkeritsmprod.service-now.com/uxasset/externals/@devsnc/ux-metrics/index.jsdbx
JavaScript error: , line 0: TypeError: error loading dynamically imported module: https://schenkeritsmprod.service-now.com/uxasset/externals/@devsnc/ux-metrics-client-interaction-subscriber/index.jsdbx
JavaScript error: , line 0: TypeError: error loading dynamically imported module: https://schenkeritsmprod.service-now.com/uxasset/externals/sn-search-input-wrapper/index.jsdbx
JavaScript error: , line 0: TypeError: error loading dynamically imported module: https://schenkeritsmprod.service-now.com/uxasset/externals/fflate/latest/index.jsdbx
JavaScript error: , line 0: TypeError: error loading dynamically imported module: https://schenkeritsmprod.service-now.com/uxasset/externals/cuid/latest/index.jsdbx
JavaScript error: , line 0: TypeError: error loading dynamically imported module: https://schenkeritsmprod.service-now.com/uxasset/externals/date-fns/latest/index.jsdbx
JavaScript error: , line 0: TypeError: error loading dynamically imported module: https://schenkeritsmprod.service-now.com/uxasset/externals/dompurify/latest/index.jsdbx
JavaScript error: , line 0: TypeError: error loading dynamically imported module: https://schenkeritsmprod.service-now.com/uxasset/externals/sn-http-request/latest/index.jsdbx
JavaScript error: , line 0: TypeError: error loading dynamically imported module: https://schenkeritsmprod.service-now.com/uxasset/externals/@servicenow/ui-renderer-react/index.jsdbx
JavaScript error: , line 0: TypeError: error loading dynamically imported module: https://schenkeritsmprod.service-now.com/uxasset/externals/react-dnd/latest/index.jsdbx
JavaScript error: , line 0: TypeError: error loading dynamically imported module: https://schenkeritsmprod.service-now.com/uxasset/externals/react-dnd-html5-backend/latest/index.jsdbx
JavaScript error: , line 0: TypeError: error loading dynamically imported module: https://schenkeritsmprod.service-now.com/uxasset/externals/@devsnc/ux-metrics-appsee-subscriber/index.jsdbx
JavaScript error: , line 0: TypeError: error loading dynamically imported module: https://schenkeritsmprod.service-now.com/uxasset/externals/nds-megabundle/icons/chevronDown.jsdbx
JavaScript error: , line 0: TypeError: error loading dynamically imported module: https://schenkeritsmprod.service-now.com/uxasset/externals/nds-megabundle/icons/star.jsdbx
JavaScript error: , line 0: TypeError: error loading dynamically imported module: https://schenkeritsmprod.service-now.com/uxasset/externals/nds-megabundle/icons/pencilPage.jsdbx
JavaScript error: , line 0: TypeError: error loading dynamically imported module: https://schenkeritsmprod.service-now.com/uxasset/externals/nds-megabundle/icons/close.jsdbx
JavaScript error: , line 0: TypeError: error loading dynamically imported module: https://schenkeritsmprod.service-now.com/uxasset/externals/nds-megabundle/icons/home.jsdbx
JavaScript error: , line 0: TypeError: error loading dynamically imported module: https://schenkeritsmprod.service-now.com/uxasset/externals/sn-component-workspace-global-search/index.jsdbx
JavaScript error: , line 0: TypeError: error loading dynamically imported module: https://schenkeritsmprod.service-now.com/uxasset/externals/nds-megabundle/icons/ellipsisVertical.jsdbx
JavaScript error: , line 0: TypeError: error loading dynamically imported module: https://schenkeritsmprod.service-now.com/uxasset/externals/nds-megabundle/icons/user.jsdbx
JavaScript error: , line 0: TypeError: error loading dynamically imported module: https://schenkeritsmprod.service-now.com/uxasset/externals/nds-megabundle/icons/gear.jsdbx
JavaScript error: , line 0: TypeError: error loading dynamically imported module: https://schenkeritsmprod.service-now.com/uxasset/externals/nds-megabundle/icons/eye.jsdbx
JavaScript error: , line 0: TypeError: error loading dynamically imported module: https://schenkeritsmprod.service-now.com/uxasset/externals/nds-megabundle/icons/openLinkRight.jsdbx
JavaScript error: , line 0: TypeError: error loading dynamically imported module: https://schenkeritsmprod.service-now.com/uxasset/externals/nds-megabundle/icons/squareArrowLeft.jsdbx
JavaScript error: , line 0: TypeError: error loading dynamically imported module: https://schenkeritsmprod.service-now.com/uxasset/externals/nds-megabundle/icons/loader.jsdbx
JavaScript error: , line 0: TypeError: error loading dynamically imported module: https://schenkeritsmprod.service-now.com/uxasset/externals/nds-megabundle/icons/presenceAvailable.jsdbx
JavaScript error: , line 0: TypeError: error loading dynamically imported module: https://schenkeritsmprod.service-now.com/uxasset/externals/@devsnc/library-appsee-web-sdk/latest/index.jsdbx
JavaScript error: , line 0: TypeError: error loading dynamically imported module: https://schenkeritsmprod.service-now.com/uxasset/externals/nds-megabundle/icons/magnifyingGlass.jsdbx
JavaScript error: , line 0: TypeError: error loading dynamically imported module: https://schenkeritsmprod.service-now.com/uxasset/externals/nds-megabundle/icons/plus.jsdbx
JavaScript error: , line 0: TypeError: error loading dynamically imported module: https://schenkeritsmprod.service-now.com/uxasset/externals/nds-megabundle/icons/ellipsisHorizontal.jsdbx
JavaScript error: , line 0: TypeError: error loading dynamically imported module: https://schenkeritsmprod.service-now.com/uxasset/externals/nds-megabundle/icons/list.jsdbx
JavaScript error: , line 0: TypeError: error loading dynamically imported module: https://schenkeritsmprod.service-now.com/uxasset/externals/nds-megabundle/icons/analyticsCenter.jsdbx
JavaScript error: , line 0: TypeError: error loading dynamically imported module: https://schenkeritsmprod.service-now.com/uxasset/externals/nds-megabundle/icons/document.jsdbx
JavaScript error: , line 0: TypeError: error loading dynamically imported module: https://schenkeritsmprod.service-now.com/uxasset/externals/nds-megabundle/icons/window.jsdbx
JavaScript error: , line 0: TypeError: error loading dynamically imported module: https://schenkeritsmprod.service-now.com/uxasset/externals/@devsnc/library-form/latest/index.jsdbx
JavaScript error: , line 0: TypeError: error loading dynamically imported module: https://schenkeritsmprod.service-now.com/uxasset/externals/@servicenow/now-resizable-panes/index.jsdbx
JavaScript error: , line 0: TypeError: error loading dynamically imported module: https://schenkeritsmprod.service-now.com/uxasset/externals/@devsnc/sn-scripting-environment/index.jsdbx
JavaScript error: , line 0: TypeError: error loading dynamically imported module: https://schenkeritsmprod.service-now.com/uxasset/externals/@servicenow/now-uxf-tab-set/index.jsdbx
JavaScript error: , line 0: TypeError: error loading dynamically imported module: https://schenkeritsmprod.service-now.com/uxasset/externals/sn-component-timeago/index.jsdbx
JavaScript error: , line 0: TypeError: error loading dynamically imported module: https://schenkeritsmprod.service-now.com/uxasset/externals/@servicenow/condition-builder-commons/latest/index.jsdbx
JavaScript error: , line 0: TypeError: error loading dynamically imported module: https://schenkeritsmprod.service-now.com/uxasset/externals/@devsnc/sn-contact-card/index.jsdbx
JavaScript error: , line 0: TypeError: error loading dynamically imported module: https://schenkeritsmprod.service-now.com/uxasset/externals/@servicenow/now-scripting-ui-components/index.jsdbx
JavaScript error: , line 0: TypeError: error loading dynamically imported module: https://schenkeritsmprod.service-now.com/uxasset/externals/@devsnc/sn-scripted-modal/index.jsdbx
JavaScript error: , line 0: TypeError: error loading dynamically imported module: https://schenkeritsmprod.service-now.com/uxasset/externals/@servicenow/now-uxf-page/index.jsdbx
JavaScript error: , line 0: TypeError: error loading dynamically imported module: https://schenkeritsmprod.service-now.com/uxasset/externals/sn-ux-core/latest/index.jsdbx
JavaScript error: , line 0: TypeError: error loading dynamically imported module: https://schenkeritsmprod.service-now.com/uxasset/externals/sn-component-workspace-agent-assist/index.jsdbx
JavaScript error: , line 0: TypeError: error loading dynamically imported module: https://schenkeritsmprod.service-now.com/uxasset/externals/@servicenow/now-record-list-connected/index.jsdbx
JavaScript error: , line 0: TypeError: error loading dynamically imported module: https://schenkeritsmprod.service-now.com/uxasset/externals/@servicenow/now-stylized-text/index.jsdbx
JavaScript error: , line 0: TypeError: error loading dynamically imported module: https://schenkeritsmprod.service-now.com/uxasset/externals/@devsnc/sn-list-commons/index.jsdbx
JavaScript error: , line 0: TypeError: error loading dynamically imported module: https://schenkeritsmprod.service-now.com/uxasset/externals/@servicenow/sass-kit/latest/index.jsdbx
JavaScript error: , line 0: TypeError: error loading dynamically imported module: https://schenkeritsmprod.service-now.com/uxasset/externals/interactjs/latest/index.jsdbx
JavaScript error: , line 0: TypeError: error loading dynamically imported module: https://schenkeritsmprod.service-now.com/uxasset/externals/@servicenow/now-record-list-filter-panel/index.jsdbx
JavaScript error: , line 0: TypeError: error loading dynamically imported module: https://schenkeritsmprod.service-now.com/uxasset/externals/@servicenow/now-record-list-menu-connected/index.jsdbx
JavaScript error: , line 0: TypeError: error loading dynamically imported module: https://schenkeritsmprod.service-now.com/uxasset/externals/@servicenow/now-grid/index.jsdbx
JavaScript error: , line 0: TypeError: error loading dynamically imported module: https://schenkeritsmprod.service-now.com/uxasset/externals/@servicenow/now-condition-builder-preview/index.jsdbx
JavaScript error: , line 0: TypeError: error loading dynamically imported module: https://schenkeritsmprod.service-now.com/uxasset/externals/@servicenow/now-condition-builder/index.jsdbx
JavaScript error: , line 0: TypeError: error loading dynamically imported module: https://schenkeritsmprod.service-now.com/uxasset/externals/@devsnc/library-vtb-commons/latest/index.jsdbx
JavaScript error: , line 0: TypeError: error loading dynamically imported module: https://schenkeritsmprod.service-now.com/uxasset/externals/@servicenow/now-record-list-panel/index.jsdbx
JavaScript error: , line 0: TypeError: error loading dynamically imported module: https://schenkeritsmprod.service-now.com/uxasset/externals/@servicenow/now-condition-builder-record-count/index.jsdbx
JavaScript error: , line 0: TypeError: error loading dynamically imported module: https://schenkeritsmprod.service-now.com/uxasset/externals/@servicenow/now-record-list/index.jsdbx
JavaScript error: , line 0: TypeError: error loading dynamically imported module: https://schenkeritsmprod.service-now.com/uxasset/externals/@servicenow/now-pagination/index.jsdbx
JavaScript error: , line 0: TypeError: error loading dynamically imported module: https://schenkeritsmprod.service-now.com/uxasset/externals/@servicenow/now-record-form-connected/index.jsdbx
JavaScript error: , line 0: TypeError: error loading dynamically imported module: https://schenkeritsmprod.service-now.com/uxasset/externals/sn-tinymce/latest/index.jsdbx
JavaScript error: , line 0: TypeError: error loading dynamically imported module: https://schenkeritsmprod.service-now.com/uxasset/externals/@servicenow/behavior-dynamic-translation/latest/index.jsdbx
JavaScript error: , line 0: TypeError: error loading dynamically imported module: https://schenkeritsmprod.service-now.com/uxasset/externals/@devsnc/sn-declarative-actions/index.jsdbx
JavaScript error: , line 0: TypeError: error loading dynamically imported module: https://schenkeritsmprod.service-now.com/uxasset/externals/@devsnc/uxf-effect-component-loader/latest/index.jsdbx
JavaScript error: , line 0: TypeError: error loading dynamically imported module: https://schenkeritsmprod.service-now.com/uxasset/externals/updeep/latest/index.jsdbx
JavaScript error: , line 0: TypeError: error loading dynamically imported module: https://schenkeritsmprod.service-now.com/uxasset/externals/@servicenow/now-dot-walk/index.jsdbx
JavaScript error: , line 0: TypeError: error loading dynamically imported module: https://schenkeritsmprod.service-now.com/uxasset/externals/sn-component-file-icon/index.jsdbx
JavaScript error: , line 0: TypeError: error loading dynamically imported module: https://schenkeritsmprod.service-now.com/uxasset/externals/@servicenow/now-grid-commons/latest/index.jsdbx
JavaScript error: , line 0: TypeError: error loading dynamically imported module: https://schenkeritsmprod.service-now.com/uxasset/externals/lodash/4.17.21/function.jsdbx
JavaScript error: , line 0: TypeError: error loading dynamically imported module: https://schenkeritsmprod.service-now.com/uxasset/externals/lodash-move/latest/index.jsdbx
JavaScript error: , line 0: TypeError: error loading dynamically imported module: https://schenkeritsmprod.service-now.com/uxasset/externals/@devsnc/sn-drag-and-drop/index.jsdbx
JavaScript error: , line 0: TypeError: error loading dynamically imported module: https://schenkeritsmprod.service-now.com/uxasset/externals/moment/latest/index.jsdbx
JavaScript error: , line 0: TypeError: error loading dynamically imported module: https://schenkeritsmprod.service-now.com/uxasset/externals/@servicenow/now-email-client/index.jsdbx
JavaScript error: , line 0: TypeError: error loading dynamically imported module: https://schenkeritsmprod.service-now.com/uxasset/externals/@servicenow/now-link-interceptor-behavior/index.jsdbx
JavaScript error: , line 0: TypeError: error loading dynamically imported module: https://schenkeritsmprod.service-now.com/uxasset/externals/sn-user-preferences/index.jsdbx
JavaScript error: , line 0: TypeError: error loading dynamically imported module: https://schenkeritsmprod.service-now.com/uxasset/externals/@servicenow/now-record-common/index.jsdbx
JavaScript error: , line 0: TypeError: error loading dynamically imported module: https://schenkeritsmprod.service-now.com/uxasset/externals/servicenow-now-contextual-sidebar/index.jsdbx
JavaScript error: , line 0: TypeError: error loading dynamically imported module: https://schenkeritsmprod.service-now.com/uxasset/externals/resize-observer-polyfill/latest/index.jsdbx
JavaScript error: , line 0: TypeError: error loading dynamically imported module: https://schenkeritsmprod.service-now.com/uxasset/externals/@servicenow/sn-activity-stream-queries/latest/index.jsdbx
JavaScript error: , line 0: TypeError: error loading dynamically imported module: https://schenkeritsmprod.service-now.com/uxasset/externals/@servicenow/now-activity-stream/index.jsdbx
JavaScript error: , line 0: TypeError: error loading dynamically imported module: https://schenkeritsmprod.service-now.com/uxasset/externals/@servicenow/now-activity-stream-common/index.jsdbx
JavaScript error: , line 0: TypeError: error loading dynamically imported module: https://schenkeritsmprod.service-now.com/uxasset/externals/sn-oe-sfs/index.jsdbx
JavaScript error: , line 0: TypeError: error loading dynamically imported module: https://schenkeritsmprod.service-now.com/uxasset/externals/@servicenow/now-list-menu/index.jsdbx
JavaScript error: , line 0: TypeError: error loading dynamically imported module: https://schenkeritsmprod.service-now.com/uxasset/externals/nds-megabundle/icons/ongoing.jsdbx
JavaScript error: , line 0: TypeError: error loading dynamically imported module: https://schenkeritsmprod.service-now.com/uxasset/externals/moment/2.29.1/dist/locale/cs.jsdbx
JavaScript error: , line 0: TypeError: error loading dynamically imported module: https://schenkeritsmprod.service-now.com/uxasset/externals/moment/2.29.1/dist/locale/nl.jsdbx
JavaScript error: , line 0: TypeError: error loading dynamically imported module: https://schenkeritsmprod.service-now.com/uxasset/externals/moment/2.29.1/dist/locale/et.jsdbx
JavaScript error: , line 0: TypeError: error loading dynamically imported module: https://schenkeritsmprod.service-now.com/uxasset/externals/moment/2.29.1/dist/locale/fi.jsdbx
JavaScript error: , line 0: TypeError: error loading dynamically imported module: https://schenkeritsmprod.service-now.com/uxasset/externals/moment/2.29.1/dist/locale/fr.jsdbx
JavaScript error: , line 0: TypeError: error loading dynamically imported module: https://schenkeritsmprod.service-now.com/uxasset/externals/moment/2.29.1/dist/locale/de.jsdbx
JavaScript error: , line 0: TypeError: error loading dynamically imported module: https://schenkeritsmprod.service-now.com/uxasset/externals/moment/2.29.1/dist/locale/he.jsdbx
JavaScript error: , line 0: TypeError: error loading dynamically imported module: https://schenkeritsmprod.service-now.com/uxasset/externals/moment/2.29.1/dist/locale/hu.jsdbx
JavaScript error: , line 0: TypeError: error loading dynamically imported module: https://schenkeritsmprod.service-now.com/uxasset/externals/moment/2.29.1/dist/locale/it.jsdbx
JavaScript error: , line 0: TypeError: error loading dynamically imported module: https://schenkeritsmprod.service-now.com/uxasset/externals/moment/2.29.1/dist/locale/ja.jsdbx
JavaScript error: , line 0: TypeError: error loading dynamically imported module: https://schenkeritsmprod.service-now.com/uxasset/externals/moment/2.29.1/dist/locale/ko.jsdbx
JavaScript error: , line 0: TypeError: error loading dynamically imported module: https://schenkeritsmprod.service-now.com/uxasset/externals/moment/2.29.1/dist/locale/pl.jsdbx
JavaScript error: , line 0: TypeError: error loading dynamically imported module: https://schenkeritsmprod.service-now.com/uxasset/externals/moment/2.29.1/dist/locale/pt.jsdbx
JavaScript error: , line 0: TypeError: error loading dynamically imported module: https://schenkeritsmprod.service-now.com/uxasset/externals/moment/2.29.1/dist/locale/ru.jsdbx
JavaScript error: , line 0: TypeError: error loading dynamically imported module: https://schenkeritsmprod.service-now.com/uxasset/externals/moment/2.29.1/dist/locale/es.jsdbx
JavaScript error: , line 0: TypeError: error loading dynamically imported module: https://schenkeritsmprod.service-now.com/uxasset/externals/moment/2.29.1/dist/locale/th.jsdbx
JavaScript error: , line 0: TypeError: error loading dynamically imported module: https://schenkeritsmprod.service-now.com/uxasset/externals/moment/2.29.1/dist/locale/tr.jsdbx
JavaScript error: , line 0: TypeError: error loading dynamically imported module: https://schenkeritsmprod.service-now.com/uxasset/externals/sn-components-omnichannel-interaction/index.jsdbx
JavaScript error: , line 0: TypeError: error loading dynamically imported module: https://schenkeritsmprod.service-now.com/uxasset/externals/now-chat-window/index.jsdbx
JavaScript error: , line 0: TypeError: error loading dynamically imported module: https://schenkeritsmprod.service-now.com/uxasset/externals/@devsnc/sn-tab-filter/index.jsdbx
JavaScript error: , line 0: TypeError: error loading dynamically imported module: https://schenkeritsmprod.service-now.com/uxasset/externals/@devsnc/sn-ui-menu-util/index.jsdbx
JavaScript error: , line 0: TypeError: error loading dynamically imported module: https://schenkeritsmprod.service-now.com/uxasset/externals/sn-connected-chat/index.jsdbx
JavaScript error: , line 0: TypeError: error loading dynamically imported module: https://schenkeritsmprod.service-now.com/uxasset/externals/@devsnc/sn-search-combobox/index.jsdbx
JavaScript error: , line 0: TypeError: error loading dynamically imported module: https://schenkeritsmprod.service-now.com/uxasset/externals/nds-megabundle/icons/circleQuestion.jsdbx
JavaScript error: , line 0: TypeError: error loading dynamically imported module: https://schenkeritsmprod.service-now.com/uxasset/externals/nds-megabundle/icons/bell.jsdbx
JavaScript error: , line 0: TypeError: error loading dynamically imported module: https://schenkeritsmprod.service-now.com/uxasset/externals/nds-megabundle/icons/thumbtack.jsdbx
JavaScript error: , line 0: TypeError: error loading dynamically imported module: https://schenkeritsmprod.service-now.com/uxasset/externals/nds-megabundle/icons/globe.jsdbx
JavaScript error: , line 0: TypeError: error loading dynamically imported module: https://schenkeritsmprod.service-now.com/uxasset/externals/locale-code/latest/index.jsdbx
JavaScript error: , line 0: TypeError: error loading dynamically imported module: https://schenkeritsmprod.service-now.com/uxasset/externals/@devsnc/sn-search-result-evam-card/index.jsdbx
JavaScript error: , line 0: TypeError: error loading dynamically imported module: https://schenkeritsmprod.service-now.com/uxasset/externals/marked/latest/index.jsdbx
JavaScript error: , line 0: TypeError: error loading dynamically imported module: https://schenkeritsmprod.service-now.com/uxasset/externals/tld-list/latest/index.jsdbx
JavaScript error: , line 0: TypeError: error loading dynamically imported module: https://schenkeritsmprod.service-now.com/uxasset/externals/moment-timezone/latest/index.jsdbx
JavaScript error: , line 0: TypeError: error loading dynamically imported module: https://schenkeritsmprod.service-now.com/uxasset/externals/nds-megabundle/icons/caretDown.jsdbx
JavaScript error: , line 0: TypeError: error loading dynamically imported module: https://schenkeritsmprod.service-now.com/uxasset/externals/@devsnc/sn-help-panel/index.jsdbx
JavaScript error: , line 0: TypeError: error loading dynamically imported module: https://schenkeritsmprod.service-now.com/uxasset/externals/@devsnc/sn-search-results-container/index.jsdbx
JavaScript error: , line 0: TypeError: error loading dynamically imported module: https://schenkeritsmprod.service-now.com/uxasset/externals/@servicenow/now-data-set/index.jsdbx
JavaScript error: , line 0: TypeError: error loading dynamically imported module: https://schenkeritsmprod.service-now.com/uxasset/externals/@servicenow/now-data-row/index.jsdbx
JavaScript error: , line 0: TypeError: error loading dynamically imported module: https://schenkeritsmprod.service-now.com/uxasset/externals/@devsnc/sn-evam-resolver/latest/index.jsdbx
JavaScript error: , line 0: TypeError: error loading dynamically imported module: https://schenkeritsmprod.service-now.com/uxasset/externals/nds-megabundle/icons/tag.jsdbx
JavaScript error: , line 0: TypeError: error loading dynamically imported module: https://schenkeritsmprod.service-now.com/uxasset/externals/@devsnc/sn-multi-record-associator/index.jsdbx
JavaScript error: , line 0: TypeError: error loading dynamically imported module: https://schenkeritsmprod.service-now.com/uxasset/externals/nds-megabundle/icons/recordActivityDetails.jsdbx
JavaScript error: , line 0: TypeError: error loading dynamically imported module: https://schenkeritsmprod.service-now.com/uxasset/externals/nds-megabundle/icons/recordActivityStream.jsdbx
JavaScript error: , line 0: TypeError: error loading dynamically imported module: https://schenkeritsmprod.service-now.com/uxasset/externals/nds-megabundle/icons/recordActivity.jsdbx
JavaScript error: , line 0: TypeError: error loading dynamically imported module: https://schenkeritsmprod.service-now.com/uxasset/externals/nds-megabundle/icons/sliders.jsdbx
JavaScript error: , line 0: TypeError: error loading dynamically imported module: https://schenkeritsmprod.service-now.com/uxasset/externals/nds-megabundle/icons/filter.jsdbx
JavaScript error: , line 0: TypeError: error loading dynamically imported module: https://schenkeritsmprod.service-now.com/uxasset/externals/nds-megabundle/icons/sortDescending.jsdbx
JavaScript error: , line 0: TypeError: error loading dynamically imported module: https://schenkeritsmprod.service-now.com/uxasset/externals/nds-megabundle/icons/lock.jsdbx
JavaScript error: , line 0: TypeError: error loading dynamically imported module: https://schenkeritsmprod.service-now.com/uxasset/externals/nds-megabundle/icons/graduationCap.jsdbx
JavaScript error: , line 0: TypeError: error loading dynamically imported module: https://schenkeritsmprod.service-now.com/uxasset/externals/nds-megabundle/icons/paperclip.jsdbx
JavaScript error: , line 0: TypeError: error loading dynamically imported module: https://schenkeritsmprod.service-now.com/uxasset/externals/nds-megabundle/icons/userGroup.jsdbx
JavaScript error: , line 0: TypeError: error loading dynamically imported module: https://schenkeritsmprod.service-now.com/uxasset/externals/nds-megabundle/icons/chevronUp.jsdbx
JavaScript error: , line 0: TypeError: error loading dynamically imported module: https://schenkeritsmprod.service-now.com/uxasset/externals/nds-megabundle/icons/asterisk.jsdbx
JavaScript error: , line 0: TypeError: error loading dynamically imported module: https://schenkeritsmprod.service-now.com/uxasset/externals/nds-megabundle/icons/circleInfo.jsdbx
JavaScript error: , line 0: TypeError: error loading dynamically imported module: https://schenkeritsmprod.service-now.com/uxasset/externals/nds-megabundle/icons/listHide.jsdbx
JavaScript error: , line 0: TypeError: error loading dynamically imported module: https://schenkeritsmprod.service-now.com/uxasset/externals/nds-megabundle/icons/sync.jsdbx
JavaScript error: , line 0: TypeError: error loading dynamically imported module: https://schenkeritsmprod.service-now.com/uxasset/externals/nds-megabundle/icons/squareShare.jsdbx
JavaScript error: , line 0: TypeError: error loading dynamically imported module: https://schenkeritsmprod.service-now.com/uxasset/externals/nds-megabundle/icons/arrowLeftMost.jsdbx
JavaScript error: , line 0: TypeError: error loading dynamically imported module: https://schenkeritsmprod.service-now.com/uxasset/externals/sn-component-workspace-shn/index.jsdbx
JavaScript error: , line 0: TypeError: error loading dynamically imported module: https://schenkeritsmprod.service-now.com/uxasset/externals/nds-megabundle/icons/shoppingCart.jsdbx
JavaScript error: , line 0: TypeError: error loading dynamically imported module: https://schenkeritsmprod.service-now.com/uxasset/externals/nds-megabundle/icons/arrowLeft.jsdbx
JavaScript error: , line 0: TypeError: error loading dynamically imported module: https://schenkeritsmprod.service-now.com/uxasset/externals/nds-megabundle/icons/arrowRight.jsdbx
JavaScript error: , line 0: TypeError: error loading dynamically imported module: https://schenkeritsmprod.service-now.com/uxasset/externals/nds-megabundle/icons/gridVertical.jsdbx
JavaScript error: , line 0: TypeError: error loading dynamically imported module: https://schenkeritsmprod.service-now.com/uxasset/externals/nds-megabundle/icons/arrowRightMost.jsdbx
JavaScript error: , line 0: TypeError: error loading dynamically imported module: https://schenkeritsmprod.service-now.com/uxasset/externals/polaris-app-shell/components/sn-polaris-layout/transaction-status-message/index.jsdbx
JavaScript error: , line 0: TypeError: error loading dynamically imported module: https://schenkeritsmprod.service-now.com/uxasset/externals/@servicenow/sn-banner-announcement/index.jsdbx
JavaScript error: , line 0: TypeError: error loading dynamically imported module: https://schenkeritsmprod.service-now.com/uxsp/all.jsdbx?uxpcb=+b+LbMxMdcxAc2X8V2ikx5r7UYc=
1698569443771	Marionette	INFO	Stopped listening on port 61225
Dynamically enable window occlusion 1
1698583349393	geckodriver	INFO	Listening on 127.0.0.1:64213
1698583352464	mozrunner::runner	INFO	Running command: "C:\\Program Files\\Mozilla Firefox\\firefox.exe" "--marionette" "--remote-debugging-port" "64214" "--remote-allow-hosts" "localhost" "-no-remote" "-profile" "C:\\Users\\LUISLIU1\\AppData\\Local\\Temp\\rust_mozprofileWEm7nH"
console.error: JsonSchemaValidator.jsm: 
  Ignoring parameter "" - not a valid origin.
console.error: Policies.jsm: 
  Invalid ExtensionSettings
console.warn: services.settings: Ignoring preference override of remote settings server
console.warn: services.settings: Allow by setting MOZ_REMOTE_SETTINGS_DEVTOOLS=1 in the environment
1698583352774	Marionette	INFO	Marionette enabled
Dynamically enable window occlusion 0
1698583352871	Marionette	INFO	Listening on port 64227
WebDriver BiDi listening on ws://127.0.0.1:64214
Read port: 64227
1698583353038	RemoteAgent	WARN	TLS certificate errors will be ignored for this session
DevTools listening on ws://127.0.0.1:64214/devtools/browser/5cd58ecf-1e00-404c-bb2c-90e0cbc5f54a
console.error: (new Error("Polling for changes failed: NetworkError: Network request failed.", "resource://services-settings/remote-settings.sys.mjs", 324))
JavaScript error: https://schenkeritsmprod.service-now.com/scripts/js_includes_customer.jsx?v=09-14-2023_1002&lp=Mon_Oct_16_02_27_20_PDT_2023&c=27_595, line 3: ReferenceError: Class is not defined
JavaScript error: https://schenkeritsmprod.service-now.com/scripts/doctype/history_across_tabs.jsx?v=09-14-2023_1002, line 7: TypeError: CustomEvent.observe is not a function
JavaScript error: https://schenkeritsmprod.service-now.com/scripts/doctype/js_includes_legacy.jsx?v=09-14-2023_1002&lp=Mon_Oct_16_02_27_20_PDT_2023&c=27_595, line 2: ReferenceError: addTopRenderEvent is not defined
JavaScript error: https://schenkeritsmprod.service-now.com/auth_redirect.do?sysparm_stack=no&sysparm_url=https%3A%2F%2Fauth.dbschenker.com%2Fidp%2FSSO.saml2%3FSAMLRequest%3DnVJdb4IwFP0rpO%252BAMD9YIyRMs8zEOSJuD3ur5arNoGW9Rbd%252FP6ga3YtZlvSpPefcc87tGFlVhjVNG7OTS%252FhsAI3zVZUS6fElJo2WVDEUSCWrAKnhNE%252Bf5zT0erTWyiiuSuKkiKCNUHKiJDYV6Bz0XnB4Xc5jsjOmRur7yHcgP0ALg1VLLTw8glypDh5XlS%252FZvmZb8ApFnGlrRUjWaV4UWOvTK9ZnIUsSRe3n%252BYtnDRPnUWkONk9MNqxEIM5sGpN8MRlE%252FREfBcF6M%252BxHYRDxIQtYsBmFLIqK3rrlzjBjiGIPFypiAzOJhkkTk7AX3rlBzw3vV0FI%252B%252B0JvH40eCdOdmriQchCyO3t2tZHENKn1Spzs5d8ZQX2ogC9aNH%252FbOwNNNq22hkkGds%252BqA2gr3d62xs7L5IkfzUx9q9HnQbXtEsym2aqFPzbSctSHSYamGnTGd2AXVTFzG033Y0o3I2F0roLiAakIX5ymvr77yY%252F%26RelayState%3Dhttps%253A%252F%252Fschenkeritsmprod.service-now.com%252Fnow%252Fnav%252Fui%252Fclassic%252Fparams%252Ftarget%252Fincident_list.do%25253Fsysparm_fixed_query%25253D%2526sysparm_query%25253Dactive%2525253Dtrue%2525255Eassigned_toISEMPTY%2525255Eassignment_group%2525253D72a692a3dbfdb2401529f3571d96191d%2525255EORassignment_group%2525253Dcee88b9cdb781344eafffd651d961913%2525255EORassignment_group%2525253D8a127011db2a76001529f3571d961956%2525255EORassignment_group%2525253D2f3642361b383410ad1499339b4bcb12%2525255EORassignment_group%2525253D46b6c9091b2ee8104b6087306b4bcb7b%2526sysparm_clear_stack%25253Dtrue, line 351: ReferenceError: Prototype is not defined
JavaScript error: https://schenkeritsmprod.service-now.com/auth_redirect.do?sysparm_stack=no&sysparm_url=https%3A%2F%2Fauth.dbschenker.com%2Fidp%2FSSO.saml2%3FSAMLRequest%3DnVJdb4IwFP0rpO%252BAMD9YIyRMs8zEOSJuD3ur5arNoGW9Rbd%252FP6ga3YtZlvSpPefcc87tGFlVhjVNG7OTS%252FhsAI3zVZUS6fElJo2WVDEUSCWrAKnhNE%252Bf5zT0erTWyiiuSuKkiKCNUHKiJDYV6Bz0XnB4Xc5jsjOmRur7yHcgP0ALg1VLLTw8glypDh5XlS%252FZvmZb8ApFnGlrRUjWaV4UWOvTK9ZnIUsSRe3n%252BYtnDRPnUWkONk9MNqxEIM5sGpN8MRlE%252FREfBcF6M%252BxHYRDxIQtYsBmFLIqK3rrlzjBjiGIPFypiAzOJhkkTk7AX3rlBzw3vV0FI%252B%252B0JvH40eCdOdmriQchCyO3t2tZHENKn1Spzs5d8ZQX2ogC9aNH%252FbOwNNNq22hkkGds%252BqA2gr3d62xs7L5IkfzUx9q9HnQbXtEsym2aqFPzbSctSHSYamGnTGd2AXVTFzG033Y0o3I2F0roLiAakIX5ymvr77yY%252F%26RelayState%3Dhttps%253A%252F%252Fschenkeritsmprod.service-now.com%252Fnow%252Fnav%252Fui%252Fclassic%252Fparams%252Ftarget%252Fincident_list.do%25253Fsysparm_fixed_query%25253D%2526sysparm_query%25253Dactive%2525253Dtrue%2525255Eassigned_toISEMPTY%2525255Eassignment_group%2525253D72a692a3dbfdb2401529f3571d96191d%2525255EORassignment_group%2525253Dcee88b9cdb781344eafffd651d961913%2525255EORassignment_group%2525253D8a127011db2a76001529f3571d961956%2525255EORassignment_group%2525253D2f3642361b383410ad1499339b4bcb12%2525255EORassignment_group%2525253D46b6c9091b2ee8104b6087306b4bcb7b%2526sysparm_clear_stack%25253Dtrue, line 357: ReferenceError: StopWatch is not defined
JavaScript error: https://schenkeritsmprod.service-now.com/scripts/app.guided_tours/js_guided_tours_includes.jsx?v=09-14-2023_1002, line 2: TypeError: CustomEvent.on is not a function
JavaScript error: https://schenkeritsmprod.service-now.com/auth_redirect.do?sysparm_stack=no&sysparm_url=https%3A%2F%2Fauth.dbschenker.com%2Fidp%2FSSO.saml2%3FSAMLRequest%3DnVJdb4IwFP0rpO%252BAMD9YIyRMs8zEOSJuD3ur5arNoGW9Rbd%252FP6ga3YtZlvSpPefcc87tGFlVhjVNG7OTS%252FhsAI3zVZUS6fElJo2WVDEUSCWrAKnhNE%252Bf5zT0erTWyiiuSuKkiKCNUHKiJDYV6Bz0XnB4Xc5jsjOmRur7yHcgP0ALg1VLLTw8glypDh5XlS%252FZvmZb8ApFnGlrRUjWaV4UWOvTK9ZnIUsSRe3n%252BYtnDRPnUWkONk9MNqxEIM5sGpN8MRlE%252FREfBcF6M%252BxHYRDxIQtYsBmFLIqK3rrlzjBjiGIPFypiAzOJhkkTk7AX3rlBzw3vV0FI%252B%252B0JvH40eCdOdmriQchCyO3t2tZHENKn1Spzs5d8ZQX2ogC9aNH%252FbOwNNNq22hkkGds%252BqA2gr3d62xs7L5IkfzUx9q9HnQbXtEsym2aqFPzbSctSHSYamGnTGd2AXVTFzG033Y0o3I2F0roLiAakIX5ymvr77yY%252F%26RelayState%3Dhttps%253A%252F%252Fschenkeritsmprod.service-now.com%252Fnow%252Fnav%252Fui%252Fclassic%252Fparams%252Ftarget%252Fincident_list.do%25253Fsysparm_fixed_query%25253D%2526sysparm_query%25253Dactive%2525253Dtrue%2525255Eassigned_toISEMPTY%2525255Eassignment_group%2525253D72a692a3dbfdb2401529f3571d96191d%2525255EORassignment_group%2525253Dcee88b9cdb781344eafffd651d961913%2525255EORassignment_group%2525253D8a127011db2a76001529f3571d961956%2525255EORassignment_group%2525253D2f3642361b383410ad1499339b4bcb12%2525255EORassignment_group%2525253D46b6c9091b2ee8104b6087306b4bcb7b%2526sysparm_clear_stack%25253Dtrue, line 427: ReferenceError: addRenderEvent is not defined
JavaScript error: https://schenkeritsmprod.service-now.com/scripts/ui_page_footer.jsx?v=09-14-2023_1002, line 3: ReferenceError: addLateLoadEvent is not defined
JavaScript error: https://schenkeritsmprod.service-now.com/scripts/doctype/js_includes_last_doctype.jsx?v=09-14-2023_1002&lp=Mon_Oct_16_02_27_20_PDT_2023&c=27_595, line 29: ReferenceError: $ is not defined
JavaScript error: https://schenkeritsmprod.service-now.com/scripts/heisenberg/heisenberg_all.jsx?v=09-14-2023_1002, line 90: ReferenceError: jQuery is not defined
JavaScript error: https://schenkeritsmprod.service-now.com/scripts/js_includes_list_edit_doctype.jsx?v=09-14-2023_1002&lp=Mon_Oct_16_02_27_20_PDT_2023&c=27_595, line 2: ReferenceError: Class is not defined
JavaScript error: https://schenkeritsmprod.service-now.com/auth_redirect.do?sysparm_stack=no&sysparm_url=https%3A%2F%2Fauth.dbschenker.com%2Fidp%2FSSO.saml2%3FSAMLRequest%3DnVJdb4IwFP0rpO%252BAMD9YIyRMs8zEOSJuD3ur5arNoGW9Rbd%252FP6ga3YtZlvSpPefcc87tGFlVhjVNG7OTS%252FhsAI3zVZUS6fElJo2WVDEUSCWrAKnhNE%252Bf5zT0erTWyiiuSuKkiKCNUHKiJDYV6Bz0XnB4Xc5jsjOmRur7yHcgP0ALg1VLLTw8glypDh5XlS%252FZvmZb8ApFnGlrRUjWaV4UWOvTK9ZnIUsSRe3n%252BYtnDRPnUWkONk9MNqxEIM5sGpN8MRlE%252FREfBcF6M%252BxHYRDxIQtYsBmFLIqK3rrlzjBjiGIPFypiAzOJhkkTk7AX3rlBzw3vV0FI%252B%252B0JvH40eCdOdmriQchCyO3t2tZHENKn1Spzs5d8ZQX2ogC9aNH%252FbOwNNNq22hkkGds%252BqA2gr3d62xs7L5IkfzUx9q9HnQbXtEsym2aqFPzbSctSHSYamGnTGd2AXVTFzG033Y0o3I2F0roLiAakIX5ymvr77yY%252F%26RelayState%3Dhttps%253A%252F%252Fschenkeritsmprod.service-now.com%252Fnow%252Fnav%252Fui%252Fclassic%252Fparams%252Ftarget%252Fincident_list.do%25253Fsysparm_fixed_query%25253D%2526sysparm_query%25253Dactive%2525253Dtrue%2525255Eassigned_toISEMPTY%2525255Eassignment_group%2525253D72a692a3dbfdb2401529f3571d96191d%2525255EORassignment_group%2525253Dcee88b9cdb781344eafffd651d961913%2525255EORassignment_group%2525253D8a127011db2a76001529f3571d961956%2525255EORassignment_group%2525253D2f3642361b383410ad1499339b4bcb12%2525255EORassignment_group%2525253D46b6c9091b2ee8104b6087306b4bcb7b%2526sysparm_clear_stack%25253Dtrue, line 443: ReferenceError: addTopRenderEvent is not defined
JavaScript error: https://schenkeritsmprod.service-now.com/auth_redirect.do?sysparm_stack=no&sysparm_url=https%3A%2F%2Fauth.dbschenker.com%2Fidp%2FSSO.saml2%3FSAMLRequest%3DnVJdb4IwFP0rpO%252BAMD9YIyRMs8zEOSJuD3ur5arNoGW9Rbd%252FP6ga3YtZlvSpPefcc87tGFlVhjVNG7OTS%252FhsAI3zVZUS6fElJo2WVDEUSCWrAKnhNE%252Bf5zT0erTWyiiuSuKkiKCNUHKiJDYV6Bz0XnB4Xc5jsjOmRur7yHcgP0ALg1VLLTw8glypDh5XlS%252FZvmZb8ApFnGlrRUjWaV4UWOvTK9ZnIUsSRe3n%252BYtnDRPnUWkONk9MNqxEIM5sGpN8MRlE%252FREfBcF6M%252BxHYRDxIQtYsBmFLIqK3rrlzjBjiGIPFypiAzOJhkkTk7AX3rlBzw3vV0FI%252B%252B0JvH40eCdOdmriQchCyO3t2tZHENKn1Spzs5d8ZQX2ogC9aNH%252FbOwNNNq22hkkGds%252BqA2gr3d62xs7L5IkfzUx9q9HnQbXtEsym2aqFPzbSctSHSYamGnTGd2AXVTFzG033Y0o3I2F0roLiAakIX5ymvr77yY%252F%26RelayState%3Dhttps%253A%252F%252Fschenkeritsmprod.service-now.com%252Fnow%252Fnav%252Fui%252Fclassic%252Fparams%252Ftarget%252Fincident_list.do%25253Fsysparm_fixed_query%25253D%2526sysparm_query%25253Dactive%2525253Dtrue%2525255Eassigned_toISEMPTY%2525255Eassignment_group%2525253D72a692a3dbfdb2401529f3571d96191d%2525255EORassignment_group%2525253Dcee88b9cdb781344eafffd651d961913%2525255EORassignment_group%2525253D8a127011db2a76001529f3571d961956%2525255EORassignment_group%2525253D2f3642361b383410ad1499339b4bcb12%2525255EORassignment_group%2525253D46b6c9091b2ee8104b6087306b4bcb7b%2526sysparm_clear_stack%25253Dtrue, line 446: ReferenceError: GwtMessage is not defined
JavaScript error: https://schenkeritsmprod.service-now.com/auth_redirect.do?sysparm_stack=no&sysparm_url=https%3A%2F%2Fauth.dbschenker.com%2Fidp%2FSSO.saml2%3FSAMLRequest%3DnVJdb4IwFP0rpO%252BAMD9YIyRMs8zEOSJuD3ur5arNoGW9Rbd%252FP6ga3YtZlvSpPefcc87tGFlVhjVNG7OTS%252FhsAI3zVZUS6fElJo2WVDEUSCWrAKnhNE%252Bf5zT0erTWyiiuSuKkiKCNUHKiJDYV6Bz0XnB4Xc5jsjOmRur7yHcgP0ALg1VLLTw8glypDh5XlS%252FZvmZb8ApFnGlrRUjWaV4UWOvTK9ZnIUsSRe3n%252BYtnDRPnUWkONk9MNqxEIM5sGpN8MRlE%252FREfBcF6M%252BxHYRDxIQtYsBmFLIqK3rrlzjBjiGIPFypiAzOJhkkTk7AX3rlBzw3vV0FI%252B%252B0JvH40eCdOdmriQchCyO3t2tZHENKn1Spzs5d8ZQX2ogC9aNH%252FbOwNNNq22hkkGds%252BqA2gr3d62xs7L5IkfzUx9q9HnQbXtEsym2aqFPzbSctSHSYamGnTGd2AXVTFzG033Y0o3I2F0roLiAakIX5ymvr77yY%252F%26RelayState%3Dhttps%253A%252F%252Fschenkeritsmprod.service-now.com%252Fnow%252Fnav%252Fui%252Fclassic%252Fparams%252Ftarget%252Fincident_list.do%25253Fsysparm_fixed_query%25253D%2526sysparm_query%25253Dactive%2525253Dtrue%2525255Eassigned_toISEMPTY%2525255Eassignment_group%2525253D72a692a3dbfdb2401529f3571d96191d%2525255EORassignment_group%2525253Dcee88b9cdb781344eafffd651d961913%2525255EORassignment_group%2525253D8a127011db2a76001529f3571d961956%2525255EORassignment_group%2525253D2f3642361b383410ad1499339b4bcb12%2525255EORassignment_group%2525253D46b6c9091b2ee8104b6087306b4bcb7b%2526sysparm_clear_stack%25253Dtrue, line 471: ReferenceError: addAfterPageLoadedEvent is not defined
JavaScript error: https://schenkeritsmprod.service-now.com/scripts/doctype/z_last_include.jsx?v=09-14-2023_1002, line 8: ReferenceError: addLoadEvent is not defined
JavaScript error: https://schenkeritsmprod.service-now.com/scripts/doctype/xperf_timing.jsx?v=09-14-2023_1002, line 19: TypeError: CustomEvent.fire is not a function
console.warn: LoginRecipes: "Falling back to a synchronous message for: https://auth.dbschenker.com."
console.warn: LoginRecipes: "Falling back to a synchronous message for: https://auth.dbschenker.com."
console.warn: LoginRecipes: "Falling back to a synchronous message for: https://auth.dbschenker.com."
console.warn: LoginRecipes: "Falling back to a synchronous message for: https://auth.dbschenker.com."
console.warn: LoginRecipes: "Falling back to a synchronous message for: https://auth.dbschenker.com."
console.warn: LoginRecipes: "Falling back to a synchronous message for: https://auth.dbschenker.com."
1698583696608	Marionette	WARN	Ignoring event 'DOMContentLoaded' because document has an invalid readyState of 'complete'.
console.warn: LoginRecipes: "Falling back to a synchronous message for: https://auth.dbschenker.com."
console.warn: LoginRecipes: "Falling back to a synchronous message for: https://auth.dbschenker.com."
console.warn: LoginRecipes: "Falling back to a synchronous message for: https://auth.dbschenker.com."
console.warn: LoginRecipes: "Falling back to a synchronous message for: https://auth.dbschenker.com."
JavaScript error: https://schenkeritsmprod.service-now.com/uxsw/scope/root.js, line 176: NotFoundError: IDBDatabase.transaction: 'CACHE_STATUS' is not a known object store name
JavaScript error: https://schenkeritsmprod.service-now.com/uxsw/scope/root.js, line 194: NotFoundError: IDBDatabase.transaction: 'CACHE_STATUS' is not a known object store name
JavaScript error: https://schenkeritsmprod.service-now.com/now/nav/ui/classic/params/target/incident_list.do%3Fsysparm_fixed_query%3D&sysparm_query%3Dactive%253Dtrue%255Eassigned_toISEMPTY%255Eassignment_group%253D72a692a3dbfdb2401529f3571d96191d%255EORassignment_group%253Dcee88b9cdb781344eafffd651d961913%255EORassignment_group%253D8a127011db2a76001529f3571d961956%255EORassignment_group%253D2f3642361b383410ad1499339b4bcb12%255EORassignment_group%253D46b6c9091b2ee8104b6087306b4bcb7b&sysparm_clear_stack%3Dtrue, line 37: TypeError: window.uxf is undefined
JavaScript error: https://schenkeritsmprod.service-now.com/uxsw/scope/root.js, line 176: NotFoundError: IDBDatabase.transaction: 'CACHE_STATUS' is not a known object store name
JavaScript error: https://schenkeritsmprod.service-now.com/uxsw/scope/root.js, line 194: NotFoundError: IDBDatabase.transaction: 'CACHE_STATUS' is not a known object store name
JavaScript error: https://schenkeritsmprod.service-now.com/now/nav/ui/classic/params/target/incident_list.do%3Fsysparm_fixed_query%3D&sysparm_query%3Dactive%253Dtrue%255Eassigned_toISEMPTY%255Eassignment_group%253D72a692a3dbfdb2401529f3571d96191d%255EORassignment_group%253Dcee88b9cdb781344eafffd651d961913%255EORassignment_group%253D8a127011db2a76001529f3571d961956%255EORassignment_group%253D2f3642361b383410ad1499339b4bcb12%255EORassignment_group%253D46b6c9091b2ee8104b6087306b4bcb7b&sysparm_clear_stack%3Dtrue, line 37: TypeError: window.uxf is undefined
1698584473934	Marionette	INFO	Stopped listening on port 64227
Dynamically enable window occlusion 1
1702906886313	geckodriver	INFO	Listening on 127.0.0.1:58976
1702906889396	mozrunner::runner	INFO	Running command: "C:\\Program Files\\Mozilla Firefox\\firefox.exe" "--marionette" "--remote-debugging-port" "58977" "--remote-allow-hosts" "localhost" "-no-remote" "-profile" "C:\\Users\\LUISLIU1\\AppData\\Local\\Temp\\rust_mozprofileldVUzG"
console.error: JsonSchemaValidator.jsm: 
  Ignoring parameter "" - not a valid origin.
console.error: Policies.jsm: 
  Invalid ExtensionSettings
console.warn: services.settings: Ignoring preference override of remote settings server
console.warn: services.settings: Allow by setting MOZ_REMOTE_SETTINGS_DEVTOOLS=1 in the environment
1702906889740	Marionette	INFO	Marionette enabled
Dynamically enable window occlusion 0
1702906889812	Marionette	INFO	Listening on port 58987
WebDriver BiDi listening on ws://127.0.0.1:58977
Read port: 58987
1702906889974	RemoteAgent	WARN	TLS certificate errors will be ignored for this session
DevTools listening on ws://127.0.0.1:58977/devtools/browser/d02c3f32-305f-4d74-b1d2-82858354d303
console.warn: LoginRecipes: "Falling back to a synchronous message for: https://auth.dbschenker.com."
console.warn: LoginRecipes: "Falling back to a synchronous message for: https://auth.dbschenker.com."
1702907007824	Marionette	WARN	Ignoring event 'DOMContentLoaded' because document has an invalid readyState of 'complete'.
console.warn: LoginRecipes: "Falling back to a synchronous message for: https://auth.dbschenker.com."
console.warn: LoginRecipes: "Falling back to a synchronous message for: https://auth.dbschenker.com."
console.warn: LoginRecipes: "Falling back to a synchronous message for: https://auth.dbschenker.com."
console.warn: LoginRecipes: "Falling back to a synchronous message for: https://auth.dbschenker.com."
1702907133869	Marionette	WARN	Ignoring event 'DOMContentLoaded' because document has an invalid readyState of 'complete'.
console.warn: LoginRecipes: "Falling back to a synchronous message for: https://auth.dbschenker.com."
console.warn: LoginRecipes: "Falling back to a synchronous message for: https://auth.dbschenker.com."
console.warn: LoginRecipes: "Falling back to a synchronous message for: https://auth.dbschenker.com."
console.warn: LoginRecipes: "Falling back to a synchronous message for: https://auth.dbschenker.com."
1702907199729	Marionette	INFO	Stopped listening on port 58987
Dynamically enable window occlusion 1
1702907410855	geckodriver	INFO	Listening on 127.0.0.1:59792
1702907413917	mozrunner::runner	INFO	Running command: "C:\\Program Files\\Mozilla Firefox\\firefox.exe" "--marionette" "--remote-debugging-port" "59793" "--remote-allow-hosts" "localhost" "-no-remote" "-profile" "C:\\Users\\LUISLIU1\\AppData\\Local\\Temp\\rust_mozprofileHYBAym"
console.error: JsonSchemaValidator.jsm: 
  Ignoring parameter "" - not a valid origin.
console.error: Policies.jsm: 
  Invalid ExtensionSettings
console.warn: services.settings: Ignoring preference override of remote settings server
console.warn: services.settings: Allow by setting MOZ_REMOTE_SETTINGS_DEVTOOLS=1 in the environment
1702907414182	Marionette	INFO	Marionette enabled
Dynamically enable window occlusion 0
1702907414252	Marionette	INFO	Listening on port 59805
WebDriver BiDi listening on ws://127.0.0.1:59793
Read port: 59805
1702907414399	RemoteAgent	WARN	TLS certificate errors will be ignored for this session
DevTools listening on ws://127.0.0.1:59793/devtools/browser/3ba15b7f-c5e3-4069-ac91-26d117278e99
JavaScript error: , line 0: TypeError: error loading dynamically imported module: https://schenkeritsmprod.service-now.com/uxsp/all.jsdbx?uxpcb=SRWV4Lgbn2UJEwxSYA+0fCZOwxQ=
JavaScript error: , line 0: TypeError: error loading dynamically imported module: https://schenkeritsmprod.service-now.com/uxasset/externals/@servicenow/now-scripting-ui-components/index.jsdbx
JavaScript error: , line 0: TypeError: error loading dynamically imported module: https://schenkeritsmprod.service-now.com/uxasset/externals/@servicenow/now-data-set/index.jsdbx
JavaScript error: , line 0: TypeError: error loading dynamically imported module: https://schenkeritsmprod.service-now.com/uxasset/externals/moment/2.29.1/dist/locale/es.jsdbx
JavaScript error: , line 0: TypeError: error loading dynamically imported module: https://schenkeritsmprod.service-now.com/uxasset/externals/nds-megabundle/icons/arrowRight.jsdbx
JavaScript error: , line 0: TypeError: error loading dynamically imported module: https://schenkeritsmprod.service-now.com/uxpf/en/ca16dd93776021109c4caeb4bb5a9973.jsdbx?uxpcb=1702709790871
JavaScript error: , line 0: TypeError: error loading dynamically imported module: https://schenkeritsmprod.service-now.com/uxasset/externals/nds-megabundle/icons/pencilPage.jsdbx
JavaScript error: , line 0: TypeError: error loading dynamically imported module: https://schenkeritsmprod.service-now.com/uxasset/externals/moment-timezone/latest/index.jsdbx
JavaScript error: , line 0: TypeError: error loading dynamically imported module: https://schenkeritsmprod.service-now.com/uxasset/externals/@servicenow/now-link-interceptor-behavior/index.jsdbx
JavaScript error: , line 0: TypeError: error loading dynamically imported module: https://schenkeritsmprod.service-now.com/uxpf/en/a04c00820f901010a326b6ade7767ef9.jsdbx?uxpcb=1702709790871
JavaScript error: , line 0: TypeError: error loading dynamically imported module: https://schenkeritsmprod.service-now.com/uxpf/en/e16dfb5b1b8b5dd0de87eced7b4bcbd5.jsdbx?uxpcb=1702709790871
JavaScript error: , line 0: TypeError: error loading dynamically imported module: https://schenkeritsmprod.service-now.com/uxasset/externals/sn-component-file-icon/index.jsdbx
JavaScript error: , line 0: TypeError: error loading dynamically imported module: https://schenkeritsmprod.service-now.com/uxpf/en/1747afe253203010bf68ddeeff7b12f4.jsdbx?uxpcb=1702709790871
JavaScript error: , line 0: TypeError: error loading dynamically imported module: https://schenkeritsmprod.service-now.com/uxpf/en/1239fbd6070c20105fca5d1aead300ff.jsdbx?uxpcb=1702709790871
JavaScript error: , line 0: TypeError: error loading dynamically imported module: https://schenkeritsmprod.service-now.com/uxasset/externals/sn-ux-core/latest/index.jsdbx
JavaScript error: , line 0: TypeError: error loading dynamically imported module: https://schenkeritsmprod.service-now.com/uxasset/externals/nds-megabundle/icons/star.jsdbx
JavaScript error: , line 0: TypeError: error loading dynamically imported module: https://schenkeritsmprod.service-now.com/uxasset/externals/updeep/latest/index.jsdbx
JavaScript error: , line 0: TypeError: error loading dynamically imported module: https://schenkeritsmprod.service-now.com/uxpf/en/d578b835732330102eb52d2b04f6a755.jsdbx?uxpcb=1702709790871
JavaScript error: , line 0: TypeError: error loading dynamically imported module: https://schenkeritsmprod.service-now.com/uxasset/externals/nds-megabundle/icons/chevronUp.jsdbx
JavaScript error: , line 0: TypeError: error loading dynamically imported module: https://schenkeritsmprod.service-now.com/uxasset/externals/@devsnc/sn-search-results-container/index.jsdbx
JavaScript error: , line 0: TypeError: error loading dynamically imported module: https://schenkeritsmprod.service-now.com/uxasset/externals/nds-megabundle/icons/loader.jsdbx
JavaScript error: , line 0: TypeError: error loading dynamically imported module: https://schenkeritsmprod.service-now.com/uxasset/externals/@servicenow/now-activity-stream-common/index.jsdbx
JavaScript error: , line 0: TypeError: error loading dynamically imported module: https://schenkeritsmprod.service-now.com/uxpf/en/781724fd771021109c4caeb4bb5a9907.jsdbx?uxpcb=1702709790871
JavaScript error: , line 0: TypeError: error loading dynamically imported module: https://schenkeritsmprod.service-now.com/uxpf/en/9d7dff5b1b8b5dd0de87eced7b4bcb5d.jsdbx?uxpcb=1702709790871
JavaScript error: , line 0: TypeError: error loading dynamically imported module: https://schenkeritsmprod.service-now.com/uxasset/externals/moment/2.29.1/dist/locale/nl.jsdbx
JavaScript error: , line 0: TypeError: error loading dynamically imported module: https://schenkeritsmprod.service-now.com/uxasset/externals/@devsnc/sn-scripted-modal/index.jsdbx
JavaScript error: , line 0: TypeError: error loading dynamically imported module: https://schenkeritsmprod.service-now.com/uxpf/en/fc319b36537030102d05ddeeff7b12bd.jsdbx?uxpcb=1702709790871
JavaScript error: , line 0: TypeError: error loading dynamically imported module: https://schenkeritsmprod.service-now.com/uxasset/externals/@servicenow/now-grid/index.jsdbx
JavaScript error: , line 0: TypeError: error loading dynamically imported module: https://schenkeritsmprod.service-now.com/uxpf/en/935b1c8b0b8330106237818393673a71.jsdbx?uxpcb=1702709790871
JavaScript error: , line 0: TypeError: error loading dynamically imported module: https://schenkeritsmprod.service-now.com/uxasset/externals/nds-megabundle/icons/arrowLeft.jsdbx
JavaScript error: , line 0: TypeError: error loading dynamically imported module: https://schenkeritsmprod.service-now.com/uxasset/externals/nds-megabundle/icons/sliders.jsdbx
JavaScript error: , line 0: TypeError: error loading dynamically imported module: https://schenkeritsmprod.service-now.com/uxasset/externals/nds-megabundle/icons/recordActivityStream.jsdbx
JavaScript error: , line 0: TypeError: error loading dynamically imported module: https://schenkeritsmprod.service-now.com/uxasset/externals/sn-search-input-wrapper/index.jsdbx
JavaScript error: , line 0: TypeError: error loading dynamically imported module: https://schenkeritsmprod.service-now.com/uxpf/en/666d3f5b1b8b5dd0de87eced7b4bcb9e.jsdbx?uxpcb=1702709790871
JavaScript error: , line 0: TypeError: error loading dynamically imported module: https://schenkeritsmprod.service-now.com/uxasset/externals/nds-megabundle/icons/ongoing.jsdbx
JavaScript error: , line 0: TypeError: error loading dynamically imported module: https://schenkeritsmprod.service-now.com/uxasset/externals/moment/2.29.1/dist/locale/th.jsdbx
JavaScript error: , line 0: TypeError: error loading dynamically imported module: https://schenkeritsmprod.service-now.com/uxasset/externals/sn-component-workspace-agent-assist/index.jsdbx
JavaScript error: , line 0: TypeError: error loading dynamically imported module: https://schenkeritsmprod.service-now.com/uxasset/externals/@servicenow/now-condition-builder-preview/index.jsdbx
JavaScript error: , line 0: TypeError: error loading dynamically imported module: https://schenkeritsmprod.service-now.com/uxasset/externals/@servicenow/now-pagination/index.jsdbx
JavaScript error: , line 0: TypeError: error loading dynamically imported module: https://schenkeritsmprod.service-now.com/uxasset/externals/@devsnc/library-vtb-commons/latest/index.jsdbx
JavaScript error: , line 0: TypeError: error loading dynamically imported module: https://schenkeritsmprod.service-now.com/uxasset/externals/nds-megabundle/icons/lock.jsdbx
JavaScript error: , line 0: TypeError: error loading dynamically imported module: https://schenkeritsmprod.service-now.com/uxasset/externals/@devsnc/library-form/latest/index.jsdbx
JavaScript error: , line 0: TypeError: error loading dynamically imported module: https://schenkeritsmprod.service-now.com/uxasset/externals/moment/2.29.1/dist/locale/it.jsdbx
JavaScript error: , line 0: TypeError: error loading dynamically imported module: https://schenkeritsmprod.service-now.com/uxpf/en/637fc6a75b230010b913cbd59b81c779.jsdbx?uxpcb=1702709790871
JavaScript error: , line 0: TypeError: error loading dynamically imported module: https://schenkeritsmprod.service-now.com/uxasset/externals/nds-megabundle/icons/sync.jsdbx
JavaScript error: , line 0: TypeError: error loading dynamically imported module: https://schenkeritsmprod.service-now.com/uxasset/externals/dompurify/latest/index.jsdbx
JavaScript error: , line 0: TypeError: error loading dynamically imported module: https://schenkeritsmprod.service-now.com/uxpf/en/a7a46ed6779421109c4caeb4bb5a99f3.jsdbx?uxpcb=1702709790871
JavaScript error: , line 0: TypeError: error loading dynamically imported module: https://schenkeritsmprod.service-now.com/uxpf/en/6188b133774021109c4caeb4bb5a9969.jsdbx?uxpcb=1702709790871
JavaScript error: , line 0: TypeError: error loading dynamically imported module: https://schenkeritsmprod.service-now.com/uxpf/en/32eb57e82c904510f877b925aa1a4d10.jsdbx?uxpcb=1702709790871
JavaScript error: , line 0: TypeError: error loading dynamically imported module: https://schenkeritsmprod.service-now.com/uxasset/externals/now-chat-window/index.jsdbx
JavaScript error: , line 0: TypeError: error loading dynamically imported module: https://schenkeritsmprod.service-now.com/uxasset/externals/@devsnc/sn-declarative-actions/index.jsdbx
JavaScript error: , line 0: TypeError: error loading dynamically imported module: https://schenkeritsmprod.service-now.com/uxpf/en/db7d339b1b8b5dd0de87eced7b4bcbad.jsdbx?uxpcb=1702709790871
JavaScript error: , line 0: TypeError: error loading dynamically imported module: https://schenkeritsmprod.service-now.com/uxasset/externals/nds-megabundle/icons/caretDown.jsdbx
JavaScript error: , line 0: TypeError: error loading dynamically imported module: https://schenkeritsmprod.service-now.com/uxasset/externals/nds-megabundle/icons/graduationCap.jsdbx
JavaScript error: , line 0: TypeError: error loading dynamically imported module: https://schenkeritsmprod.service-now.com/uxasset/externals/moment/2.29.1/dist/locale/pl.jsdbx
JavaScript error: , line 0: TypeError: error loading dynamically imported module: https://schenkeritsmprod.service-now.com/uxasset/externals/@devsnc/sn-contact-card/index.jsdbx
JavaScript error: , line 0: TypeError: error loading dynamically imported module: https://schenkeritsmprod.service-now.com/uxasset/externals/locale-code/latest/index.jsdbx
JavaScript error: , line 0: TypeError: error loading dynamically imported module: https://schenkeritsmprod.service-now.com/uxasset/externals/nds-megabundle/icons/circleInfo.jsdbx
JavaScript error: , line 0: TypeError: error loading dynamically imported module: https://schenkeritsmprod.service-now.com/uxasset/externals/sn-component-workspace-shn/index.jsdbx
JavaScript error: , line 0: TypeError: error loading dynamically imported module: https://schenkeritsmprod.service-now.com/uxasset/externals/react-dnd/latest/index.jsdbx
JavaScript error: , line 0: TypeError: error loading dynamically imported module: https://schenkeritsmprod.service-now.com/uxasset/externals/moment/2.29.1/dist/locale/de.jsdbx
JavaScript error: , line 0: TypeError: error loading dynamically imported module: https://schenkeritsmprod.service-now.com/uxpf/en/f2bf281c773021109c4caeb4bb5a9947.jsdbx?uxpcb=1702709790871
JavaScript error: , line 0: TypeError: error loading dynamically imported module: https://schenkeritsmprod.service-now.com/uxasset/externals/@devsnc/ux-metrics-appsee-subscriber/index.jsdbx
JavaScript error: , line 0: TypeError: error loading dynamically imported module: https://schenkeritsmprod.service-now.com/uxasset/externals/@servicenow/sass-kit/latest/index.jsdbx
JavaScript error: , line 0: TypeError: error loading dynamically imported module: https://schenkeritsmprod.service-now.com/uxpf/en/9db80ae3071211100339a95eced300fe.jsdbx?uxpcb=1702709790871
JavaScript error: , line 0: TypeError: error loading dynamically imported module: https://schenkeritsmprod.service-now.com/uxpf/en/ccc5b3ee53203010bf68ddeeff7b1265.jsdbx?uxpcb=1702709790871
JavaScript error: , line 0: TypeError: error loading dynamically imported module: https://schenkeritsmprod.service-now.com/uxpf/en/f94d88d57341301045216238edf6a718.jsdbx?uxpcb=1702709790871
JavaScript error: , line 0: TypeError: error loading dynamically imported module: https://schenkeritsmprod.service-now.com/uxpf/en/d4d3a42dc7202010099a308dc7c2602b.jsdbx?uxpcb=1702709790871
JavaScript error: , line 0: TypeError: error loading dynamically imported module: https://schenkeritsmprod.service-now.com/uxasset/externals/sn-http-request/latest/index.jsdbx
JavaScript error: , line 0: TypeError: error loading dynamically imported module: https://schenkeritsmprod.service-now.com/uxpf/en/f51912f4c700201072b211d4d8c26010.jsdbx?uxpcb=1702709790871
JavaScript error: , line 0: TypeError: error loading dynamically imported module: https://schenkeritsmprod.service-now.com/uxpf/en/ebd27493776021109c4caeb4bb5a996d.jsdbx?uxpcb=1702709790871
JavaScript error: , line 0: TypeError: error loading dynamically imported module: https://schenkeritsmprod.service-now.com/uxasset/externals/tld-list/latest/index.jsdbx
JavaScript error: , line 0: TypeError: error loading dynamically imported module: https://schenkeritsmprod.service-now.com/uxasset/externals/@devsnc/sn-help-panel/index.jsdbx
JavaScript error: , line 0: TypeError: error loading dynamically imported module: https://schenkeritsmprod.service-now.com/uxasset/externals/sn-user-preferences/index.jsdbx
JavaScript error: , line 0: TypeError: error loading dynamically imported module: https://schenkeritsmprod.service-now.com/uxasset/externals/servicenow-now-contextual-sidebar/index.jsdbx
JavaScript error: , line 0: TypeError: error loading dynamically imported module: https://schenkeritsmprod.service-now.com/uxasset/externals/nds-megabundle/icons/recordActivity.jsdbx
JavaScript error: , line 0: TypeError: error loading dynamically imported module: https://schenkeritsmprod.service-now.com/uxasset/externals/@servicenow/ui-mega/index.jsdbx
JavaScript error: , line 0: TypeError: error loading dynamically imported module: https://schenkeritsmprod.service-now.com/uxasset/externals/nds-megabundle/icons/filter.jsdbx
JavaScript error: , line 0: TypeError: error loading dynamically imported module: https://schenkeritsmprod.service-now.com/uxasset/externals/nds-megabundle/icons/document.jsdbx
JavaScript error: , line 0: TypeError: error loading dynamically imported module: https://schenkeritsmprod.service-now.com/uxasset/externals/controls-mono/bundled-assets.jsdbx
JavaScript error: , line 0: TypeError: error loading dynamically imported module: https://schenkeritsmprod.service-now.com/uxasset/externals/nds-megabundle/icons/gridVertical.jsdbx
JavaScript error: , line 0: TypeError: error loading dynamically imported module: https://schenkeritsmprod.service-now.com/uxasset/externals/polaris-app-shell/index.jsdbx
JavaScript error: , line 0: TypeError: error loading dynamically imported module: https://schenkeritsmprod.service-now.com/uxasset/externals/nds-megabundle/bundled-assets.jsdbx
JavaScript error: , line 0: TypeError: error loading dynamically imported module: https://schenkeritsmprod.service-now.com/uxasset/externals/@devsnc/sn-search-combobox/index.jsdbx
JavaScript error: , line 0: TypeError: error loading dynamically imported module: https://schenkeritsmprod.service-now.com/uxasset/externals/@devsnc/sn-layout/index.jsdbx
JavaScript error: , line 0: TypeError: error loading dynamically imported module: https://schenkeritsmprod.service-now.com/uxasset/externals/nds-megabundle/icons/openLinkRight.jsdbx
JavaScript error: , line 0: TypeError: error loading dynamically imported module: https://schenkeritsmprod.service-now.com/uxasset/externals/@servicenow/sn-banner-announcement/index.jsdbx
JavaScript error: , line 0: TypeError: error loading dynamically imported module: https://schenkeritsmprod.service-now.com/uxasset/externals/react-dnd-html5-backend/latest/index.jsdbx
JavaScript error: , line 0: TypeError: error loading dynamically imported module: https://schenkeritsmprod.service-now.com/uxasset/externals/@devsnc/ux-metrics-runtime/index.jsdbx
JavaScript error: , line 0: TypeError: error loading dynamically imported module: https://schenkeritsmprod.service-now.com/uxpf/en/9f903880eb61301080de83402a5228e9.jsdbx?uxpcb=1702709790871
JavaScript error: , line 0: TypeError: error loading dynamically imported module: https://schenkeritsmprod.service-now.com/uxasset/externals/@devsnc/sn-multi-record-associator/index.jsdbx
JavaScript error: , line 0: TypeError: error loading dynamically imported module: https://schenkeritsmprod.service-now.com/uxasset/externals/nds-megabundle/icons/asterisk.jsdbx
JavaScript error: , line 0: TypeError: error loading dynamically imported module: https://schenkeritsmprod.service-now.com/uxasset/externals/sn-components-omnichannel-interaction/index.jsdbx
JavaScript error: , line 0: TypeError: error loading dynamically imported module: https://schenkeritsmprod.service-now.com/uxpf/en/a2b0596cec6b9d49dd1ff9bf76b5084b.jsdbx?uxpcb=1702709790871
JavaScript error: , line 0: TypeError: error loading dynamically imported module: https://schenkeritsmprod.service-now.com/uxasset/externals/@servicenow/now-record-list-menu-connected/index.jsdbx
JavaScript error: , line 0: TypeError: error loading dynamically imported module: https://schenkeritsmprod.service-now.com/uxasset/externals/nds-megabundle/icons/analyticsCenter.jsdbx
JavaScript error: , line 0: TypeError: error loading dynamically imported module: https://schenkeritsmprod.service-now.com/uxasset/externals/@devsnc/library-uxf/index.jsdbx
JavaScript error: , line 0: TypeError: error loading dynamically imported module: https://schenkeritsmprod.service-now.com/uxasset/externals/js-common-mega/bundled-assets.jsdbx
JavaScript error: , line 0: TypeError: error loading dynamically imported module: https://schenkeritsmprod.service-now.com/uxpf/en/de6d3f5b1b8b5dd0de87eced7b4bcb78.jsdbx?uxpcb=1702709790871
JavaScript error: , line 0: TypeError: error loading dynamically imported module: https://schenkeritsmprod.service-now.com/uxasset/externals/nds-megabundle/icons/ellipsisVertical.jsdbx
JavaScript error: , line 0: TypeError: error loading dynamically imported module: https://schenkeritsmprod.service-now.com/uxasset/externals/@devsnc/sn-ui-menu-util/index.jsdbx
JavaScript error: , line 0: TypeError: error loading dynamically imported module: https://schenkeritsmprod.service-now.com/uxasset/externals/moment/2.29.1/dist/locale/ja.jsdbx
JavaScript error: , line 0: TypeError: error loading dynamically imported module: https://schenkeritsmprod.service-now.com/uxasset/externals/nds-megabundle/icons/thumbtack.jsdbx
JavaScript error: , line 0: TypeError: error loading dynamically imported module: https://schenkeritsmprod.service-now.com/uxasset/externals/nds-megabundle/icons/presenceAvailable.jsdbx
JavaScript error: , line 0: TypeError: error loading dynamically imported module: https://schenkeritsmprod.service-now.com/uxasset/externals/moment/2.29.1/dist/locale/ru.jsdbx
JavaScript error: , line 0: TypeError: error loading dynamically imported module: https://schenkeritsmprod.service-now.com/uxasset/externals/@servicenow/now-condition-builder-record-count/index.jsdbx
JavaScript error: , line 0: TypeError: error loading dynamically imported module: https://schenkeritsmprod.service-now.com/uxasset/externals/path-to-regexp/latest/index.jsdbx
JavaScript error: , line 0: TypeError: error loading dynamically imported module: https://schenkeritsmprod.service-now.com/uxasset/externals/marked/latest/index.jsdbx
JavaScript error: , line 0: TypeError: error loading dynamically imported module: https://schenkeritsmprod.service-now.com/uxasset/externals/sn-canvas-common/latest/index.jsdbx
JavaScript error: , line 0: TypeError: error loading dynamically imported module: https://schenkeritsmprod.service-now.com/uxasset/externals/nds-megabundle/icons/ellipsisHorizontal.jsdbx
JavaScript error: , line 0: TypeError: error loading dynamically imported module: https://schenkeritsmprod.service-now.com/uxasset/externals/moment/2.29.1/dist/locale/he.jsdbx
JavaScript error: , line 0: TypeError: error loading dynamically imported module: https://schenkeritsmprod.service-now.com/uxpf/en/2ceb7fdd771021109c4caeb4bb5a9992.jsdbx?uxpcb=1702709790871
JavaScript error: , line 0: TypeError: error loading dynamically imported module: https://schenkeritsmprod.service-now.com/uxasset/externals/sn-component-timeago/index.jsdbx
JavaScript error: , line 0: TypeError: error loading dynamically imported module: https://schenkeritsmprod.service-now.com/uxasset/externals/polaris-app-shell/components/sn-polaris-layout/transaction-status-message/index.jsdbx
JavaScript error: , line 0: TypeError: error loading dynamically imported module: https://schenkeritsmprod.service-now.com/uxasset/externals/sn-tinymce/latest/index.jsdbx
JavaScript error: , line 0: TypeError: error loading dynamically imported module: https://schenkeritsmprod.service-now.com/uxasset/externals/nds-megabundle/icons/magnifyingGlass.jsdbx
JavaScript error: , line 0: TypeError: error loading dynamically imported module: https://schenkeritsmprod.service-now.com/uxasset/externals/moment/2.29.1/dist/locale/fi.jsdbx
JavaScript error: , line 0: TypeError: error loading dynamically imported module: https://schenkeritsmprod.service-now.com/uxasset/externals/nds-megabundle/icons/arrowRightMost.jsdbx
JavaScript error: , line 0: TypeError: error loading dynamically imported module: https://schenkeritsmprod.service-now.com/uxpf/en/2c08111d0fc21010036a83fa68767ef6.jsdbx?uxpcb=1702709790871
JavaScript error: , line 0: TypeError: error loading dynamically imported module: https://schenkeritsmprod.service-now.com/uxasset/externals/@servicenow/ui-renderer-react/index.jsdbx
JavaScript error: , line 0: TypeError: error loading dynamically imported module: https://schenkeritsmprod.service-now.com/uxasset/externals/@servicenow/now-record-list/index.jsdbx
JavaScript error: , line 0: TypeError: error loading dynamically imported module: https://schenkeritsmprod.service-now.com/uxpf/en/75ff2ff9775121109c4caeb4bb5a99ff.jsdbx?uxpcb=1702709790871
JavaScript error: , line 0: TypeError: error loading dynamically imported module: https://schenkeritsmprod.service-now.com/uxasset/externals/lodash-move/latest/index.jsdbx
JavaScript error: , line 0: TypeError: error loading dynamically imported module: https://schenkeritsmprod.service-now.com/uxpf/en/b53fcaf4dd5f1010f8775c733bdb408a.jsdbx?uxpcb=1702709790871
JavaScript error: , line 0: TypeError: error loading dynamically imported module: https://schenkeritsmprod.service-now.com/uxasset/externals/@servicenow/now-activity-stream/index.jsdbx
JavaScript error: , line 0: TypeError: error loading dynamically imported module: https://schenkeritsmprod.service-now.com/uxasset/externals/@servicenow/now-stylized-text/index.jsdbx
JavaScript error: , line 0: TypeError: error loading dynamically imported module: https://schenkeritsmprod.service-now.com/uxasset/externals/nds-megabundle/icons/home.jsdbx
JavaScript error: , line 0: TypeError: error loading dynamically imported module: https://schenkeritsmprod.service-now.com/uxpf/en/305aad820f541010a326b6ade7767e76.jsdbx?uxpcb=1702709790871
JavaScript error: , line 0: TypeError: error loading dynamically imported module: https://schenkeritsmprod.service-now.com/uxasset/externals/nds-megabundle/icons/gear.jsdbx
JavaScript error: , line 0: TypeError: error loading dynamically imported module: https://schenkeritsmprod.service-now.com/uxasset/externals/nds-megabundle/icons/listHide.jsdbx
JavaScript error: , line 0: TypeError: error loading dynamically imported module: https://schenkeritsmprod.service-now.com/uxasset/externals/interactjs/latest/index.jsdbx
JavaScript error: , line 0: TypeError: error loading dynamically imported module: https://schenkeritsmprod.service-now.com/uxasset/externals/@servicenow/behavior-dynamic-translation/latest/index.jsdbx
JavaScript error: , line 0: TypeError: error loading dynamically imported module: https://schenkeritsmprod.service-now.com/uxasset/externals/@servicenow/now-email-client/index.jsdbx
JavaScript error: , line 0: TypeError: error loading dynamically imported module: https://schenkeritsmprod.service-now.com/uxpf/en/7a6d3f5b1b8b5dd0de87eced7b4bcbee.jsdbx?uxpcb=1702709790871
JavaScript error: , line 0: TypeError: error loading dynamically imported module: https://schenkeritsmprod.service-now.com/uxasset/externals/@servicenow/now-record-common/index.jsdbx
JavaScript error: , line 0: TypeError: error loading dynamically imported module: https://schenkeritsmprod.service-now.com/uxasset/externals/@servicenow/now-list-menu/index.jsdbx
JavaScript error: , line 0: TypeError: error loading dynamically imported module: https://schenkeritsmprod.service-now.com/uxasset/externals/@servicenow/condition-builder-commons/latest/index.jsdbx
JavaScript error: , line 0: TypeError: error loading dynamically imported module: https://schenkeritsmprod.service-now.com/uxasset/externals/nds-megabundle/icons/user.jsdbx
JavaScript error: , line 0: TypeError: error loading dynamically imported module: https://schenkeritsmprod.service-now.com/uxasset/externals/nds-megabundle/icons/recordActivityDetails.jsdbx
JavaScript error: , line 0: TypeError: error loading dynamically imported module: https://schenkeritsmprod.service-now.com/uxasset/externals/sn-canvas-blank/index.jsdbx
JavaScript error: , line 0: TypeError: error loading dynamically imported module: https://schenkeritsmprod.service-now.com/uxpf/en/13ecfe155b630010b913cbd59b81c7d6.jsdbx?uxpcb=1702709790871
JavaScript error: , line 0: TypeError: error loading dynamically imported module: https://schenkeritsmprod.service-now.com/uxasset/externals/moment/2.29.1/dist/locale/hu.jsdbx
JavaScript error: , line 0: TypeError: error loading dynamically imported module: https://schenkeritsmprod.service-now.com/uxasset/externals/@devsnc/sn-list-commons/index.jsdbx
JavaScript error: , line 0: TypeError: error loading dynamically imported module: https://schenkeritsmprod.service-now.com/uxpf/en/3094297373311010b29f2e46fbf6a7a1.jsdbx?uxpcb=1702709790871
JavaScript error: , line 0: TypeError: error loading dynamically imported module: https://schenkeritsmprod.service-now.com/uxpf/en/826d3f5b1b8b5dd0de87eced7b4bcb4d.jsdbx?uxpcb=1702709790871
JavaScript error: , line 0: TypeError: error loading dynamically imported module: https://schenkeritsmprod.service-now.com/uxpf/en/aae95f8c77b021109c4caeb4bb5a99ac.jsdbx?uxpcb=1702709790871
JavaScript error: , line 0: TypeError: error loading dynamically imported module: https://schenkeritsmprod.service-now.com/uxasset/externals/nds-megabundle/icons/userGroup.jsdbx
JavaScript error: , line 0: TypeError: error loading dynamically imported module: https://schenkeritsmprod.service-now.com/uxasset/externals/moment/2.29.1/dist/locale/pt.jsdbx
JavaScript error: , line 0: TypeError: error loading dynamically imported module: https://schenkeritsmprod.service-now.com/uxasset/externals/@servicenow/now-record-list-panel/index.jsdbx
JavaScript error: , line 0: TypeError: error loading dynamically imported module: https://schenkeritsmprod.service-now.com/uxasset/externals/moment/2.29.1/dist/locale/et.jsdbx
JavaScript error: , line 0: TypeError: error loading dynamically imported module: https://schenkeritsmprod.service-now.com/uxasset/externals/nds-megabundle/icons/plus.jsdbx
JavaScript error: , line 0: TypeError: error loading dynamically imported module: https://schenkeritsmprod.service-now.com/uxasset/externals/date-fns/latest/index.jsdbx
JavaScript error: , line 0: TypeError: error loading dynamically imported module: https://schenkeritsmprod.service-now.com/uxasset/externals/@servicenow/sn-activity-stream-queries/latest/index.jsdbx
JavaScript error: , line 0: TypeError: error loading dynamically imported module: https://schenkeritsmprod.service-now.com/uxpf/en/6e706351775021109c4caeb4bb5a9952.jsdbx?uxpcb=1702709790871
JavaScript error: , line 0: TypeError: error loading dynamically imported module: https://schenkeritsmprod.service-now.com/uxasset/externals/sn-connected-chat/index.jsdbx
JavaScript error: , line 0: TypeError: error loading dynamically imported module: https://schenkeritsmprod.service-now.com/uxasset/externals/moment/2.29.1/dist/locale/ko.jsdbx
JavaScript error: , line 0: TypeError: error loading dynamically imported module: https://schenkeritsmprod.service-now.com/uxasset/externals/@servicenow/now-record-list-filter-panel/index.jsdbx
JavaScript error: , line 0: TypeError: error loading dynamically imported module: https://schenkeritsmprod.service-now.com/uxasset/externals/@servicenow/now-dot-walk/index.jsdbx
JavaScript error: , line 0: TypeError: error loading dynamically imported module: https://schenkeritsmprod.service-now.com/uxasset/externals/@servicenow/now-data-row/index.jsdbx
JavaScript error: , line 0: TypeError: error loading dynamically imported module: https://schenkeritsmprod.service-now.com/uxasset/externals/fflate/latest/index.jsdbx
JavaScript error: , line 0: TypeError: error loading dynamically imported module: https://schenkeritsmprod.service-now.com/uxpf/en/a0c4ddc60f141010a326b6ade7767eb8.jsdbx?uxpcb=1702709790871
JavaScript error: , line 0: TypeError: error loading dynamically imported module: https://schenkeritsmprod.service-now.com/uxasset/externals/@servicenow/now-uxf-page/index.jsdbx
JavaScript error: , line 0: TypeError: error loading dynamically imported module: https://schenkeritsmprod.service-now.com/uxasset/externals/nds-megabundle/icons/arrowLeftMost.jsdbx
JavaScript error: , line 0: TypeError: error loading dynamically imported module: https://schenkeritsmprod.service-now.com/uxasset/externals/nds-megabundle/icons/squareShare.jsdbx
JavaScript error: , line 0: TypeError: error loading dynamically imported module: https://schenkeritsmprod.service-now.com/uxasset/externals/@servicenow/now-grid-commons/latest/index.jsdbx
JavaScript error: , line 0: TypeError: error loading dynamically imported module: https://schenkeritsmprod.service-now.com/uxasset/externals/nds-megabundle/icons/chevronDown.jsdbx
JavaScript error: , line 0: TypeError: error loading dynamically imported module: https://schenkeritsmprod.service-now.com/uxpf/en/4ef09bce57111110a4388f90ac94f949.jsdbx?uxpcb=1702709790871
JavaScript error: , line 0: TypeError: error loading dynamically imported module: https://schenkeritsmprod.service-now.com/uxpf/en/0b780c8f772821109c4caeb4bb5a9938.jsdbx?uxpcb=1702709790871
JavaScript error: , line 0: TypeError: error loading dynamically imported module: https://schenkeritsmprod.service-now.com/uxpf/en/c9aa942f4dcb5410f8778930f4cba003.jsdbx?uxpcb=1702709790871
JavaScript error: , line 0: TypeError: error loading dynamically imported module: https://schenkeritsmprod.service-now.com/uxasset/externals/nds-megabundle/icons/bell.jsdbx
JavaScript error: , line 0: TypeError: error loading dynamically imported module: https://schenkeritsmprod.service-now.com/uxasset/externals/lodash/4.17.21/function.jsdbx
JavaScript error: , line 0: TypeError: error loading dynamically imported module: https://schenkeritsmprod.service-now.com/uxasset/externals/nds-megabundle/icons/squareArrowLeft.jsdbx
JavaScript error: , line 0: TypeError: error loading dynamically imported module: https://schenkeritsmprod.service-now.com/uxpf/en/c276387cc331101080d6d3658940ddd2.jsdbx?uxpcb=1702709790871
JavaScript error: , line 0: TypeError: error loading dynamically imported module: https://schenkeritsmprod.service-now.com/uxasset/externals/nds-megabundle/icons/tag.jsdbx
JavaScript error: , line 0: TypeError: error loading dynamically imported module: https://schenkeritsmprod.service-now.com/uxpf/en/4d7dbf5b1b8b5dd0de87eced7b4bcbf2.jsdbx?uxpcb=1702709790871
JavaScript error: , line 0: TypeError: error loading dynamically imported module: https://schenkeritsmprod.service-now.com/uxasset/externals/sn-canvas-chrome/index.jsdbx
JavaScript error: , line 0: TypeError: error loading dynamically imported module: https://schenkeritsmprod.service-now.com/uxasset/externals/moment/2.29.1/dist/locale/cs.jsdbx
JavaScript error: , line 0: TypeError: error loading dynamically imported module: https://schenkeritsmprod.service-now.com/uxasset/externals/@servicenow/now-record-list-connected/index.jsdbx
JavaScript error: , line 0: TypeError: error loading dynamically imported module: https://schenkeritsmprod.service-now.com/uxasset/externals/nds-megabundle/icons/shoppingCart.jsdbx
JavaScript error: , line 0: TypeError: error loading dynamically imported module: https://schenkeritsmprod.service-now.com/uxasset/externals/cuid/latest/index.jsdbx
JavaScript error: , line 0: TypeError: error loading dynamically imported module: https://schenkeritsmprod.service-now.com/uxasset/externals/moment/2.29.1/dist/locale/fr.jsdbx
JavaScript error: , line 0: TypeError: error loading dynamically imported module: https://schenkeritsmprod.service-now.com/uxasset/externals/@devsnc/ux-metrics/index.jsdbx
JavaScript error: , line 0: TypeError: error loading dynamically imported module: https://schenkeritsmprod.service-now.com/uxasset/externals/@servicenow/now-resizable-panes/index.jsdbx
JavaScript error: , line 0: TypeError: error loading dynamically imported module: https://schenkeritsmprod.service-now.com/uxasset/externals/@servicenow/now-condition-builder/index.jsdbx
JavaScript error: , line 0: TypeError: error loading dynamically imported module: https://schenkeritsmprod.service-now.com/uxpf/en/3478e8db0f0210107d20409dc4767e89.jsdbx?uxpcb=1702709790871
JavaScript error: , line 0: TypeError: error loading dynamically imported module: https://schenkeritsmprod.service-now.com/uxasset/externals/@devsnc/library-appsee-web-sdk/latest/index.jsdbx
JavaScript error: , line 0: TypeError: error loading dynamically imported module: https://schenkeritsmprod.service-now.com/uxpf/en/76a83a645b122010b913030a1d81c780.jsdbx?uxpcb=1702709790871
JavaScript error: , line 0: TypeError: error loading dynamically imported module: https://schenkeritsmprod.service-now.com/uxasset/externals/@servicenow/now-record-form-connected/index.jsdbx
JavaScript error: , line 0: TypeError: error loading dynamically imported module: https://schenkeritsmprod.service-now.com/uxasset/externals/nds-megabundle/icons/list.jsdbx
JavaScript error: , line 0: TypeError: error loading dynamically imported module: https://schenkeritsmprod.service-now.com/uxpf/en/bae4f263537430102d05ddeeff7b1205.jsdbx?uxpcb=1702709790871
JavaScript error: , line 0: TypeError: error loading dynamically imported module: https://schenkeritsmprod.service-now.com/uxpf/en/740493e3773a301058119a372e5a99f6.jsdbx?uxpcb=1702709790871
JavaScript error: , line 0: TypeError: error loading dynamically imported module: https://schenkeritsmprod.service-now.com/uxasset/externals/@devsnc/sn-tab-filter/index.jsdbx
JavaScript error: , line 0: TypeError: error loading dynamically imported module: https://schenkeritsmprod.service-now.com/uxasset/externals/nds-megabundle/icons/window.jsdbx
JavaScript error: , line 0: TypeError: error loading dynamically imported module: https://schenkeritsmprod.service-now.com/uxasset/externals/nds-megabundle/icons/paperclip.jsdbx
JavaScript error: , line 0: TypeError: error loading dynamically imported module: https://schenkeritsmprod.service-now.com/uxasset/externals/sn-canvas-core/index.jsdbx
JavaScript error: , line 0: TypeError: error loading dynamically imported module: https://schenkeritsmprod.service-now.com/uxasset/externals/nds-megabundle/icons/circleQuestion.jsdbx
JavaScript error: , line 0: TypeError: error loading dynamically imported module: https://schenkeritsmprod.service-now.com/uxasset/externals/@devsnc/sn-search-result-evam-card/index.jsdbx
JavaScript error: , line 0: TypeError: error loading dynamically imported module: https://schenkeritsmprod.service-now.com/uxasset/externals/moment/latest/index.jsdbx
JavaScript error: , line 0: TypeError: error loading dynamically imported module: https://schenkeritsmprod.service-now.com/uxasset/externals/lodash/latest/index.jsdbx
JavaScript error: , line 0: TypeError: error loading dynamically imported module: https://schenkeritsmprod.service-now.com/uxasset/externals/resize-observer-polyfill/latest/index.jsdbx
JavaScript error: , line 0: TypeError: error loading dynamically imported module: https://schenkeritsmprod.service-now.com/uxasset/externals/moment/2.29.1/dist/locale/tr.jsdbx
JavaScript error: , line 0: TypeError: error loading dynamically imported module: https://schenkeritsmprod.service-now.com/uxasset/externals/nds-megabundle/icons/close.jsdbx
JavaScript error: , line 0: TypeError: error loading dynamically imported module: https://schenkeritsmprod.service-now.com/uxasset/externals/@devsnc/ux-metrics-client-interaction-subscriber/index.jsdbx
JavaScript error: , line 0: TypeError: error loading dynamically imported module: https://schenkeritsmprod.service-now.com/uxasset/externals/@devsnc/sn-evam-resolver/latest/index.jsdbx
JavaScript error: , line 0: TypeError: error loading dynamically imported module: https://schenkeritsmprod.service-now.com/uxpf/en/0c187e9853151010ac9bddeeff7b1270.jsdbx?uxpcb=1702709790871
JavaScript error: , line 0: TypeError: error loading dynamically imported module: https://schenkeritsmprod.service-now.com/uxpf/en/117e784453631010df5dddeeff7b12e6.jsdbx?uxpcb=1702709790871
JavaScript error: , line 0: TypeError: error loading dynamically imported module: https://schenkeritsmprod.service-now.com/uxasset/externals/nds-megabundle/icons/sortDescending.jsdbx
JavaScript error: , line 0: TypeError: error loading dynamically imported module: https://schenkeritsmprod.service-now.com/uxasset/externals/sn-canvas-core-addon/latest/index.jsdbx
JavaScript error: , line 0: TypeError: error loading dynamically imported module: https://schenkeritsmprod.service-now.com/uxasset/externals/@devsnc/sn-scripting-environment/index.jsdbx
JavaScript error: , line 0: TypeError: error loading dynamically imported module: https://schenkeritsmprod.service-now.com/uxpf/en/056dfb5b1b8b5dd0de87eced7b4bcb1d.jsdbx?uxpcb=1702709790871
JavaScript error: , line 0: TypeError: error loading dynamically imported module: https://schenkeritsmprod.service-now.com/uxasset/externals/@servicenow/now-uxf-tab-set/index.jsdbx
JavaScript error: , line 0: TypeError: error loading dynamically imported module: https://schenkeritsmprod.service-now.com/uxasset/externals/nds-megabundle/icons/eye.jsdbx
JavaScript error: , line 0: TypeError: error loading dynamically imported module: https://schenkeritsmprod.service-now.com/uxasset/externals/nds-megabundle/icons/globe.jsdbx
JavaScript error: , line 0: TypeError: error loading dynamically imported module: https://schenkeritsmprod.service-now.com/uxasset/externals/@devsnc/sn-drag-and-drop/index.jsdbx
JavaScript error: , line 0: TypeError: error loading dynamically imported module: https://schenkeritsmprod.service-now.com/uxasset/externals/sn-component-workspace-global-search/index.jsdbx
JavaScript error: , line 0: TypeError: error loading dynamically imported module: https://schenkeritsmprod.service-now.com/uxasset/externals/sn-oe-sfs/index.jsdbx
JavaScript error: , line 0: TypeError: error loading dynamically imported module: https://schenkeritsmprod.service-now.com/uxasset/externals/@devsnc/uxf-effect-component-loader/latest/index.jsdbx
JavaScript error: https://auth.dbschenker.com/assets/scripts/captcha/signals.js, line 2: ReferenceError: CaptchaUtils is not defined
JavaScript error: https://auth.dbschenker.com/assets/scripts/captcha/signals.js, line 2: ReferenceError: CaptchaUtils is not defined
console.warn: LoginRecipes: "Falling back to a synchronous message for: https://auth.dbschenker.com."
console.warn: LoginRecipes: "Falling back to a synchronous message for: https://auth.dbschenker.com."
console.warn: LoginRecipes: "Falling back to a synchronous message for: https://auth.dbschenker.com."
console.warn: LoginRecipes: "Falling back to a synchronous message for: https://auth.dbschenker.com."
console.warn: LoginRecipes: "Falling back to a synchronous message for: https://auth.dbschenker.com."
console.warn: LoginRecipes: "Falling back to a synchronous message for: https://auth.dbschenker.com."
1702907469278	Marionette	WARN	Ignoring event 'DOMContentLoaded' because document has an invalid readyState of 'complete'.
JavaScript error: , line 0: NetworkError: FetchEvent.respondWith() Promise rejected
JavaScript error: , line 0: NetworkError: FetchEvent.respondWith() Promise rejected
console.warn: LoginRecipes: "Falling back to a synchronous message for: https://auth.dbschenker.com."
console.warn: LoginRecipes: "Falling back to a synchronous message for: https://auth.dbschenker.com."
console.warn: LoginRecipes: "Falling back to a synchronous message for: https://auth.dbschenker.com."
console.warn: LoginRecipes: "Falling back to a synchronous message for: https://auth.dbschenker.com."
JavaScript error: , line 0: NS_ERROR_NOT_AVAILABLE
1702911897937	Marionette	INFO	Stopped listening on port 59805
Dynamically enable window occlusion 1
