Request Successful!04-19 15:57:10
Request Successful!04-19 15:58:11
Request Successful!04-19 15:59:12
Request Successful!04-19 16:00:13
Request Successful!04-19 16:01:15
Request Successful!04-19 16:02:16
Request Successful!04-19 16:03:17
Request Successful!04-19 16:04:18
Request Successful!04-19 16:05:19
Request Successful!04-19 16:06:21
Request Successful!04-19 16:07:22
Request Successful!04-19 16:08:23
Request Successful!04-19 16:09:24
Request Successful!04-19 16:10:26
Request Successful!04-19 16:11:27
Request Successful!04-19 16:12:29
Request Successful!04-19 16:13:30
Request Successful!04-19 16:14:31
Request Successful!04-19 16:15:32
Request Successful!04-19 16:16:33
Request Successful!04-19 16:17:34
Request Successful!04-19 16:18:35
Request Successful!04-19 16:19:37
Request Successful!04-19 16:20:38
Request Successful!04-19 16:21:39
Request Successful!04-19 16:22:40
Request Successful!04-19 16:23:41
Request Successful!04-19 16:24:42
Request Successful!04-19 16:25:43
Request Successful!04-19 16:26:45
Request Successful!04-19 16:27:46
Request Successful!04-19 16:28:47
Request Successful!04-19 16:29:48
Request Successful!04-19 16:30:50
Request Successful!04-19 16:31:51
Request Successful!04-19 16:32:52
Request Successful!04-19 16:33:53
Request Successful!04-19 16:34:54
Request Successful!04-19 16:35:55
Request Successful!04-19 16:36:56
Request Successful!04-19 16:37:58
Request Successful!04-19 16:38:59
Request Successful!04-19 16:40:00
Request Successful!04-19 16:41:01
Request Successful!04-19 16:42:02
Request Successful!04-19 16:43:03
Request Successful!04-19 16:44:05
Request Successful!04-19 16:45:06
Request Successful!04-19 16:46:07
Request Successful!04-19 16:47:08
Request Successful!04-19 16:48:10
Request Successful!04-19 16:49:11
Request Successful!04-19 16:50:12
Request Successful!04-19 16:51:13
Request Successful!04-19 16:52:14
Request Successful!04-19 16:53:16
Request Successful!04-19 16:54:17
Request Successful!04-19 16:55:19
Request Successful!04-19 16:56:20
Request Successful!04-19 16:57:21
Request Successful!04-19 16:58:22
Request Successful!04-19 16:59:23
Request Successful!04-19 17:00:24
Request Successful!04-19 17:01:26
Request Successful!04-19 17:02:27
Request Successful!04-19 17:03:28
Request Successful!04-19 17:04:30
Request Successful!04-19 17:05:31
Request Successful!04-19 17:06:32
Request Successful!04-19 17:07:33
Request Successful!04-19 17:08:34
Request Successful!04-19 17:09:36
Request Successful!04-19 17:10:37
Request Successful!04-19 17:11:38
Request Successful!04-19 17:12:39
Request Successful!04-19 17:13:40
Request Successful!04-19 17:14:41
Request Successful!04-19 17:15:43
Request Successful!04-19 17:16:45
Request Successful!04-19 17:17:46
Request Successful!04-19 17:18:47
Request Successful!04-19 17:19:49
Request Successful!04-19 17:20:50
Request Successful!04-19 17:21:52
Request Successful!04-19 17:22:53
Request Successful!04-19 17:23:54
Request Successful!04-19 17:24:55
Request Successful!04-19 17:25:56
Request Successful!04-19 17:26:58
Request Successful!04-19 17:27:59
Request Successful!04-19 17:29:00
Request Successful!04-19 17:30:02
Request Successful!04-19 17:31:03
Request Successful!04-19 17:32:04
Request Successful!04-19 17:33:05
Request Successful!04-19 17:34:07
Request Successful!04-19 17:35:08
Request Successful!04-19 17:36:09
Request Successful!04-19 17:37:10
Request Successful!04-19 17:38:12
Request Successful!04-19 17:39:13
Request Successful!04-19 17:40:14
Request Successful!04-19 17:41:15
Request Successful!04-19 17:42:17
Request Successful!04-19 17:43:18
Request Successful!04-19 17:44:19
Request Successful!04-19 17:45:20
Request Successful!04-19 17:46:21
Request Successful!04-19 17:47:22
Request Successful!04-19 17:48:24
New alert more than 5 minutes! See details below: 
CRITICAL
for 3m 38s
B2Bi queue health: "B2Bi CI HME - PROD_Framework_Parallel_001.101_Parallel_Dyn_10_ExecuteMasterDynMBC_HM"
on
B2Bi Application Server - Stream 3D (Multicluster)
CRITICAL - Queue "B2Bi CI HME - PROD_Framework_Parallel_001.101_Parallel_Dyn_10_ExecuteMasterDynMBC_HM" ("hierchmessage_9931"/"queue_16"):
Request Successful!04-19 17:49:36
New alert more than 5 minutes! See details below: 
CRITICAL
for 4m 51s
B2Bi queue health: "B2Bi CI HME - PROD_Framework_Parallel_001.101_Parallel_Dyn_10_ExecuteMasterDynMBC_HM"
on
B2Bi Application Server - Stream 3D (Multicluster)
CRITICAL - Queue "B2Bi CI HME - PROD_Framework_Parallel_001.101_Parallel_Dyn_10_ExecuteMasterDynMBC_HM" ("hierchmessage_9931"/"queue_16"):
Request Successful!04-19 17:50:48
New alert more than 5 minutes! See details below: 
CRITICAL
for 6m 3s
B2Bi queue health: "B2Bi CI HME - PROD_Framework_Parallel_001.101_Parallel_Dyn_10_ExecuteMasterDynMBC_HM"
on
B2Bi Application Server - Stream 3D (Multicluster)
CRITICAL - Queue "B2Bi CI HME - PROD_Framework_Parallel_001.101_Parallel_Dyn_10_ExecuteMasterDynMBC_HM" ("hierchmessage_9931"/"queue_16"):
Request Successful!04-19 17:52:00
Request Successful!04-19 17:53:01
Request Successful!04-19 17:54:02
Request Successful!04-19 17:55:03
Request Successful!04-19 17:56:05
Request Successful!04-19 17:57:06
Request Successful!04-19 17:58:07
Request Successful!04-19 17:59:08
Request Successful!04-19 18:00:10
Request Successful!04-19 18:01:11
Request Successful!04-19 18:02:12
Request Successful!04-19 18:03:13
Request Successful!04-19 18:04:14
Request Successful!04-19 18:05:16
Request Successful!04-19 18:06:17
Request Successful!04-19 18:07:18
Request Successful!04-19 18:08:19
Request Successful!04-19 18:09:20
Request Successful!04-19 18:10:22
Request Successful!04-19 18:11:23
Request Successful!04-19 18:12:24
Request Successful!04-19 18:13:26
Request Successful!04-19 18:14:27
Request Successful!04-19 18:15:28
Request Successful!04-19 18:16:29
Request Successful!04-19 18:17:30
Request Successful!04-19 18:18:32
Request Successful!04-19 18:19:33
Request Successful!04-19 18:20:34
Request Successful!04-19 18:21:35
Request Successful!04-19 18:22:37
Request Successful!04-19 18:23:38
Request Successful!04-19 18:24:39
Request Successful!04-19 18:25:40
Request Successful!04-19 18:26:41
Request Successful!04-19 18:27:43
Request Successful!04-19 18:28:44
Request Successful!04-19 18:29:45
Request Successful!04-19 18:30:46
Request Successful!04-19 18:31:48
Request Successful!04-19 18:32:49
Request Successful!04-19 18:33:50
Request Successful!04-19 18:34:51
Request Successful!04-19 18:35:52
Request Successful!04-19 18:36:53
Request Successful!04-19 18:37:55
Request Successful!04-19 18:38:56
Request Successful!04-19 18:39:57
Request Successful!04-19 18:40:58
Request Successful!04-19 18:41:59
Request Successful!04-19 18:43:00
Request Successful!04-19 18:44:01
Request Successful!04-19 18:45:03
Request Successful!04-19 18:46:04
Request Successful!04-19 18:47:05
Request Successful!04-19 18:48:06
Request Successful!04-19 18:49:07
Request Successful!04-19 18:50:09
Request Successful!04-19 18:51:10
Request Successful!04-19 18:52:11
Request Successful!04-19 18:53:12
Request Successful!04-19 18:54:13
Request Successful!04-19 18:55:14
Request Successful!04-19 18:56:16
Request Successful!04-19 18:57:17
Request Successful!04-19 18:58:18
Request Successful!04-19 18:59:19
Request Successful!04-19 19:00:21
Request Successful!04-19 19:01:22
Request Successful!04-19 19:02:23
Request Successful!04-19 19:03:24
Request Successful!04-19 19:04:26
Request Successful!04-19 19:05:27
Request Successful!04-19 19:06:28
Request Successful!04-19 19:07:29
Request Successful!04-19 19:08:30
Request Successful!04-19 19:09:31
Request Successful!04-19 19:10:33
Request Successful!04-19 19:11:34
Request Successful!04-19 19:12:35
Request Successful!04-19 19:13:36
Request Successful!04-19 19:14:37
Request Successful!04-19 19:15:38
Request Successful!04-19 19:16:39
Request Successful!04-19 19:17:41
Request Successful!04-19 19:18:42
Request Successful!04-19 19:19:43
Request Successful!04-19 19:20:44
Request Successful!04-19 19:21:45
New alert more than 5 minutes! See details below: 
CRITICAL
for 3m 10s
B2Bi queue health: "B2Bi CI HME - PROD_Framework_Parallel_001.401_SerialSTD_Dyn_10_ExecuteMasterDynMBC_HM"
on
B2Bi Application Server - Stream 1C
CRITICAL - Queue "B2Bi CI HME - PROD_Framework_Parallel_001.401_SerialSTD_Dyn_10_ExecuteMasterDynMBC_HM" ("hierchmessage_7335"/"queue_13"):
Request Successful!04-19 19:22:56
New alert more than 5 minutes! See details below: 
CRITICAL
for 4m 21s
B2Bi queue health: "B2Bi CI HME - PROD_Framework_Parallel_001.401_SerialSTD_Dyn_10_ExecuteMasterDynMBC_HM"
on
B2Bi Application Server - Stream 1C
CRITICAL - Queue "B2Bi CI HME - PROD_Framework_Parallel_001.401_SerialSTD_Dyn_10_ExecuteMasterDynMBC_HM" ("hierchmessage_7335"/"queue_13"):
Request Successful!04-19 19:24:08
New alert more than 5 minutes! See details below: 
CRITICAL
for 5m 33s
B2Bi queue health: "B2Bi CI HME - PROD_Framework_Parallel_001.401_SerialSTD_Dyn_10_ExecuteMasterDynMBC_HM"
on
B2Bi Application Server - Stream 1C
CRITICAL - Queue "B2Bi CI HME - PROD_Framework_Parallel_001.401_SerialSTD_Dyn_10_ExecuteMasterDynMBC_HM" ("hierchmessage_7335"/"queue_13"):
Request Successful!04-19 19:25:20
New alert more than 5 minutes! See details below: 
CRITICAL
for 6m 44s
B2Bi queue health: "B2Bi CI HME - PROD_Framework_Parallel_001.401_SerialSTD_Dyn_10_ExecuteMasterDynMBC_HM"
on
B2Bi Application Server - Stream 1C
CRITICAL - Queue "B2Bi CI HME - PROD_Framework_Parallel_001.401_SerialSTD_Dyn_10_ExecuteMasterDynMBC_HM" ("hierchmessage_7335"/"queue_13"):
Request Successful!04-19 19:26:31
Request Successful!04-19 19:27:32
Request Successful!04-19 19:28:34
Request Successful!04-19 19:29:35
Request Successful!04-19 19:30:36
Request Successful!04-19 19:31:37
Request Successful!04-19 19:32:39
Request Successful!04-19 19:33:40
Request Successful!04-19 19:34:41
Request Successful!04-19 19:35:42
Request Successful!04-19 19:36:43
Request Successful!04-19 19:37:45
Request Successful!04-19 19:38:46
Request Successful!04-19 19:39:47
Request Successful!04-19 19:40:48
Request Successful!04-19 19:41:49
Request Successful!04-19 19:42:51
Request Successful!04-19 19:43:52
Request Successful!04-19 19:44:53
Request Successful!04-19 19:45:54
Request Successful!04-19 19:46:55
Request Successful!04-19 19:47:56
Request Successful!04-19 19:48:57
Request Successful!04-19 19:49:59
Request Successful!04-19 19:51:00
Request Successful!04-19 19:52:01
Request Successful!04-19 19:53:02
Request Successful!04-19 19:54:03
Request Successful!04-19 19:55:05
Request Successful!04-19 19:56:06
Request Successful!04-19 19:57:07
Request Successful!04-19 19:58:08
Request Successful!04-19 21:03:11
Request Successful!04-19 21:04:12
Request Successful!04-19 21:05:13
Request Successful!04-19 21:06:14
Request Successful!04-19 21:07:16
Request Successful!04-19 21:08:17
Request Successful!04-19 21:09:18
Request Successful!04-19 21:10:19
Request Successful!04-19 21:11:20
Request Successful!04-19 21:12:22
Request Successful!04-19 21:13:23
Request Successful!04-19 21:14:24
Request Successful!04-19 21:15:26
Request Successful!04-19 21:16:27
Request Successful!04-19 21:17:28
Request Successful!04-19 21:18:29
Request Successful!04-19 21:19:31
Request Successful!04-19 21:20:32
Request Successful!04-19 21:21:33
Request Successful!04-19 21:22:34
Request Successful!04-19 21:23:36
Request Successful!04-19 21:24:37
Request Successful!04-19 21:25:38
Request Successful!04-19 21:26:40
Request Successful!04-19 21:27:41
New alert more than 5 minutes! See details below: 
CRITICAL
for 3m 2s
Check that the proftpd config is ok.
on
Communication Server 1 Production
CRITICAL: Return value = 1. Error message :
('Connection aborted.', ConnectionResetError(10054, '远程主机强迫关闭了一个现有的连接。', None, 10054, None))
Request Successful!04-19 21:29:58
New alert more than 5 minutes! See details below: 
CRITICAL
for 5m 19s
Check that the proftpd config is ok.
on
Communication Server 1 Production
CRITICAL: Return value = 1. Error message :
Request Successful!04-19 21:31:09
New alert more than 5 minutes! See details below: 
CRITICAL
for 6m 30s
Check that the proftpd config is ok.
on
Communication Server 1 Production
CRITICAL: Return value = 1. Error message :
Request Successful!04-19 21:32:20
Request Successful!04-19 21:33:21
Request Successful!04-19 21:34:22
Request Successful!04-19 21:35:24
Request Successful!04-19 21:36:25
Request Successful!04-19 21:37:27
Request Successful!04-19 21:38:28
Request Successful!04-19 21:39:30
Request Successful!04-19 21:40:31
Request Successful!04-19 21:41:33
Request Successful!04-19 21:42:34
Request Successful!04-19 21:43:36
Request Successful!04-19 21:44:37
Request Successful!04-19 21:45:38
Request Successful!04-19 21:46:40
Request Successful!04-19 21:47:41
Request Successful!04-19 21:48:43
Request Successful!04-19 21:49:44
Request Successful!04-19 21:50:46
Request Successful!04-19 21:51:47
Request Successful!04-19 21:52:49
Request Successful!04-19 21:53:50
Request Successful!04-19 21:54:51
Request Successful!04-19 21:55:53
Request Successful!04-19 21:56:54
Request Successful!04-19 21:57:55
Request Successful!04-19 21:58:57
Request Successful!04-19 21:59:58
Request Successful!04-19 22:00:59
Request Successful!04-19 22:02:01
Request Successful!04-19 22:03:02
Request Successful!04-19 22:04:04
Request Successful!04-19 22:05:05
Request Successful!04-19 22:06:07
Request Successful!04-19 22:07:09
Request Successful!04-19 22:08:10
Request Successful!04-19 22:09:12
Request Successful!04-19 22:10:13
Request Successful!04-19 22:11:15
Request Successful!04-19 22:12:16
Request Successful!04-19 22:13:17
Request Successful!04-19 22:14:19
Request Successful!04-19 22:15:20
Request Successful!04-19 22:16:21
Request Successful!04-19 22:17:22
Request Successful!04-19 22:18:24
Request Successful!04-19 22:19:25
Request Successful!04-19 22:20:26
Request Successful!04-19 22:21:28
Request Successful!04-19 22:22:29
Request Successful!04-19 22:23:30
Request Successful!04-19 22:24:32
Request Successful!04-19 22:25:33
Request Successful!04-19 22:26:35
Request Successful!04-19 22:27:36
Request Successful!04-19 22:28:37
New alert more than 5 minutes! See details below: 
CRITICAL
for 3m 48s
Check size of queue "LQ.CUST7C on "QM.SWORD"
on
MQM Server Production
CRITICAL - Queue depth exceeding critical limit
Request Successful!04-19 22:29:49
New alert more than 5 minutes! See details below: 
CRITICAL
for 4m 59s
Check size of queue "LQ.CUST7C on "QM.SWORD"
on
MQM Server Production
CRITICAL - Queue depth exceeding critical limit
Request Successful!04-19 22:31:00
New alert more than 5 minutes! See details below: 
CRITICAL
for 6m 11s
Check size of queue "LQ.CUST7C on "QM.SWORD"
on
MQM Server Production
CRITICAL - Queue depth exceeding critical limit
Request Successful!04-19 22:32:12
Request Successful!04-19 22:33:13
Request Successful!04-19 22:34:15
Request Successful!04-19 22:35:16
Request Successful!04-19 22:36:17
Request Successful!04-19 22:37:19
Request Successful!04-19 22:38:20
Request Successful!04-19 22:39:21
Request Successful!04-19 22:40:23
Request Successful!04-19 22:41:24
Request Successful!04-19 22:42:26
Request Successful!04-19 22:43:27
Request Successful!04-19 22:44:28
Request Successful!04-19 22:45:29
Request Successful!04-19 22:46:31
Request Successful!04-19 22:47:32
Request Successful!04-19 22:48:33
Request Successful!04-19 22:49:34
Request Successful!04-19 22:50:36
Request Successful!04-19 22:51:37
Request Successful!04-19 22:52:39
Request Successful!04-19 22:53:40
Request Successful!04-19 22:54:41
Request Successful!04-19 22:55:43
Request Successful!04-19 22:56:44
Request Successful!04-19 22:57:45
('Connection aborted.', ConnectionResetError(10054, '远程主机强迫关闭了一个现有的连接。', None, 10054, None))
Request Successful!04-19 22:59:52
Request Successful!04-19 23:00:54
Request Successful!04-19 23:01:55
Request Successful!04-19 23:02:56
Request Successful!04-19 23:03:58
Request Successful!04-19 23:04:59
Request Successful!04-19 23:06:00
Request Successful!04-19 23:07:02
Request Successful!04-19 23:08:03
Request Successful!04-19 23:09:04
Request Successful!04-19 23:10:06
Request Successful!04-19 23:11:07
Request Successful!04-19 23:12:09
Request Successful!04-19 23:13:10
Request Successful!04-19 23:14:11
Request Successful!04-19 23:15:13
Request Successful!04-19 23:16:14
Request Successful!04-19 23:17:15
Request Successful!04-19 23:18:16
Request Successful!04-19 23:19:18
Request Successful!04-19 23:20:19
Request Successful!04-19 23:21:21
Request Successful!04-19 23:22:22
