Request Successful!12-03 17:19:37
Request Successful!12-03 17:22:39
Request Successful!12-03 17:25:40
Request Successful!12-03 17:28:42
New alert more than 5 minutes! See details below: 
CRITICAL
for 4m 50s
Check size of directory "/app/sword/shared/axway/data/coreservices"
on
B2Bi Application Server - Stream 1B
CRITICAL - Critical: size of 62400.63 MB found in path "/app/sword/shared/axway/data/coreservices"
Request Successful!12-03 17:31:57
Request Successful!12-03 17:34:58
Request Successful!12-03 17:38:00
Request Successful!12-03 17:41:04
Request Successful!12-03 17:44:06
Request Successful!12-03 17:47:09
Request Successful!12-03 17:50:11
Request Successful!12-03 17:53:12
Request Successful!12-03 17:56:14
Request Successful!12-03 17:59:16
Request Successful!12-03 18:02:18
Request Successful!12-03 18:05:20
Request Successful!12-03 18:08:21
Request Successful!12-03 18:11:23
Request Successful!12-03 18:14:25
Request Successful!12-03 18:17:26
Request Successful!12-03 18:20:28
Request Successful!12-03 18:23:29
Request Successful!12-03 18:26:31
Request Successful!12-03 18:29:33
Request Successful!12-03 18:32:36
Request Successful!12-03 18:35:40
Request Successful!12-03 18:38:41
Request Successful!12-03 18:41:43
Request Successful!12-03 18:44:45
New alert more than 5 minutes! See details below: 
CRITICAL
for 3m 32s
Checking JMS-Client Backlogs.
on
Communication Server 1 Production
CRITICAL : At least one value exceed CRIT thresholds.
Request Successful!12-03 18:47:58
New alert more than 5 minutes! See details below: 
CRITICAL
for 6m 45s
Checking JMS-Client Backlogs.
on
Communication Server 1 Production
CRITICAL : At least one value exceed CRIT thresholds.
Request Successful!12-03 18:51:11
Request Successful!12-03 18:54:12
Request Successful!12-03 18:57:14
Request Successful!12-03 19:00:16
Request Successful!12-03 19:03:18
Request Successful!12-03 19:06:19
Request Successful!12-03 19:09:21
Request Successful!12-03 19:12:23
Request Successful!12-03 19:15:26
Request Successful!12-03 19:18:28
Request Successful!12-03 19:21:29
Request Successful!12-03 19:24:31
Request Successful!12-03 19:27:33
Request Successful!12-03 19:30:35
Request Successful!12-03 19:33:37
Request Successful!12-03 19:36:39
Request Successful!12-03 19:39:41
Request Successful!12-03 19:42:43
Request Successful!12-03 19:45:45
Request Successful!12-03 19:48:47
Request Successful!12-03 19:51:48
Request Successful!12-03 19:54:50
Request Successful!12-03 19:57:52
Request Successful!12-03 20:00:54
Request Successful!12-03 20:03:56
Request Successful!12-03 20:06:59
Request Successful!12-03 20:10:01
Request Successful!12-03 20:13:03
Request Successful!12-03 20:16:05
Request Successful!12-03 20:19:06
Request Successful!12-03 20:22:08
Request Successful!12-03 20:25:09
Request Successful!12-03 20:28:12
Request Successful!12-03 20:31:14
Request Successful!12-03 20:34:16
Request Successful!12-03 20:37:18
Request Successful!12-03 20:40:20
Request Successful!12-03 20:43:22
Request Successful!12-03 20:46:23
Request Successful!12-03 20:49:25
Request Successful!12-03 20:52:27
Request Successful!12-03 20:55:28
Request Successful!12-03 20:58:31
Request Successful!12-03 21:01:33
Request Successful!12-03 21:04:35
Request Successful!12-03 21:07:38
Request Successful!12-03 21:10:40
Request Successful!12-03 21:13:42
Request Successful!12-03 21:16:44
Request Successful!12-03 21:19:45
Request Successful!12-03 21:22:47
Request Successful!12-03 21:25:49
Request Successful!12-03 21:28:51
Request Successful!12-03 21:31:53
Request Successful!12-03 21:34:55
Request Successful!12-03 21:37:57
Request Successful!12-03 21:40:59
Request Successful!12-03 21:44:00
Request Successful!12-03 21:47:02
Request Successful!12-03 21:50:04
Request Successful!12-03 21:53:06
Request Successful!12-03 21:56:07
Request Successful!12-03 21:59:09
Request Successful!12-03 22:02:12
Request Successful!12-03 22:05:14
Request Successful!12-03 22:08:16
Request Successful!12-03 22:11:17
Request Successful!12-03 22:14:21
Request Successful!12-03 22:17:23
Request Successful!12-03 22:20:25
Request Successful!12-03 22:23:27
Request Successful!12-03 22:26:29
Request Successful!12-03 22:29:30
Request Successful!12-03 22:32:32
Request Successful!12-03 22:35:36
Request Successful!12-03 22:38:38
Request Successful!12-03 22:41:39
Request Successful!12-03 22:44:41
Request Successful!12-03 22:47:43
Request Successful!12-03 22:50:44
Request Successful!12-03 22:53:45
Request Successful!12-03 22:56:47
Request Successful!12-03 22:59:49
Request Successful!12-03 23:02:50
New alert more than 5 minutes! See details below: 
CRITICAL
for 4m 33s
Check size of directory "/app/sword/shared/axway/data/coreservices"
on
B2Bi Application Server - Stream 1B
CRITICAL - Critical: size of 67800.67 MB found in path "/app/sword/shared/axway/data/coreservices"
Request Successful!12-03 23:06:02
Request Successful!12-03 23:09:03
