Request Successful!11-06 15:21:09
Request Successful!11-06 15:24:11
New alert more than 5 minutes! See details below: 
CRITICAL
for 5m 56s
B2Bi queue health: "B2Bi CI HME - PROD_Framework_Parallel_001.Z_Local_402_Serial_Out_20_InhouseEnveloper(Inhouse)_4_SAG_ETGOIT_HM"
on
B2Bi Application Server - Stream 1B
CRITICAL - Queue "B2Bi CI HME - PROD_Framework_Parallel_001.Z_Local_402_Serial_Out_20_InhouseEnveloper(Inhouse)_4_SAG_ETGOIT_HM" ("hierchmessage_11217"/"queue_13"):
Request Successful!11-06 15:27:23
Request Successful!11-06 15:30:25
Request Successful!11-06 15:33:27
Request Successful!11-06 15:36:28
Request Successful!11-06 15:39:30
Request Successful!11-06 15:42:32
Request Successful!11-06 15:45:34
Request Successful!11-06 15:48:35
Request Successful!11-06 15:51:37
Request Successful!11-06 15:54:39
New alert more than 5 minutes! See details below: 
CRITICAL
for 5m 3s
B2Bi queue health: "B2Bi CI HME - PROD_Framework_Parallel_001.Z_Local_402_Serial_Out_20_InhouseEnveloper(Inhouse)_4_SAG_ETGOIT_HM"
on
B2Bi Application Server - Stream 1B
CRITICAL - Queue "B2Bi CI HME - PROD_Framework_Parallel_001.Z_Local_402_Serial_Out_20_InhouseEnveloper(Inhouse)_4_SAG_ETGOIT_HM" ("hierchmessage_11217"/"queue_13"):
Request Successful!11-06 15:57:51
Request Successful!11-06 16:00:53
Request Successful!11-06 16:03:55
Request Successful!11-06 16:06:57
Request Successful!11-06 16:09:58
Request Successful!11-06 16:13:00
Request Successful!11-06 16:16:02
Request Successful!11-06 16:19:03
Request Successful!11-06 16:22:05
Request Successful!11-06 16:25:07
New alert more than 5 minutes! See details below: 
CRITICAL
for 4m 11s
B2Bi queue health: "B2Bi CI HME - PROD_Framework_Parallel_001.Z_Local_402_Serial_Out_20_InhouseEnveloper(Inhouse)_4_SAG_ETGOIT_HM"
on
B2Bi Application Server - Stream 1B
CRITICAL - Queue "B2Bi CI HME - PROD_Framework_Parallel_001.Z_Local_402_Serial_Out_20_InhouseEnveloper(Inhouse)_4_SAG_ETGOIT_HM" ("hierchmessage_11217"/"queue_13"):
Request Successful!11-06 16:28:19
Request Successful!11-06 16:31:21
Request Successful!11-06 16:34:22
Request Successful!11-06 16:37:24
Request Successful!11-06 16:40:26
New alert more than 5 minutes! See details below: 
CRITICAL
for 3m 49s
B2Bi queue health: "B2Bi CI HME - PROD_Framework_Parallel_001.Z_Local_402_Serial_Out_20_InhouseEnveloper(Inhouse)_4_SAG_ETGOIT_HM"
on
B2Bi Application Server - Stream 1B
CRITICAL - Queue "B2Bi CI HME - PROD_Framework_Parallel_001.Z_Local_402_Serial_Out_20_InhouseEnveloper(Inhouse)_4_SAG_ETGOIT_HM" ("hierchmessage_11217"/"queue_13"):
Request Successful!11-06 16:43:38
Request Successful!11-06 16:46:41
Request Successful!11-06 16:49:42
Request Successful!11-06 16:52:44
Request Successful!11-06 16:55:46
Request Successful!11-06 16:58:47
Request Successful!11-06 17:01:49
Request Successful!11-06 17:04:51
Request Successful!11-06 17:07:52
Request Successful!11-06 17:10:54
Request Successful!11-06 17:13:56
Request Successful!11-06 17:16:57
Request Successful!11-06 17:19:59
Request Successful!11-06 17:23:01
Request Successful!11-06 17:26:03
New alert more than 5 minutes! See details below: 
CRITICAL
for 4m 0s
B2Bi queue health: "B2Bi CI HME - PROD_Framework_Parallel_001.Z_Local_402_Serial_Out_20_InhouseEnveloper(Inhouse)_4_SAG_ETGOIT_HM"
on
B2Bi Application Server - Stream 1B
CRITICAL - Queue "B2Bi CI HME - PROD_Framework_Parallel_001.Z_Local_402_Serial_Out_20_InhouseEnveloper(Inhouse)_4_SAG_ETGOIT_HM" ("hierchmessage_11217"/"queue_13"):
Request Successful!11-06 17:29:15
Request Successful!11-06 17:32:17
Request Successful!11-06 17:35:19
Request Successful!11-06 17:38:20
Request Successful!11-06 17:41:22
Request Successful!11-06 17:44:24
Request Successful!11-06 17:47:25
Request Successful!11-06 17:50:27
Request Successful!11-06 17:53:29
Request Successful!11-06 17:56:31
New alert more than 5 minutes! See details below: 
CRITICAL
for 5m 4s
B2Bi queue health: "B2Bi CI HME - PROD_Framework_Parallel_001.Z_Local_402_Serial_Out_20_InhouseEnveloper(Inhouse)_4_SAG_ETGOIT_HM"
on
B2Bi Application Server - Stream 1B
CRITICAL - Queue "B2Bi CI HME - PROD_Framework_Parallel_001.Z_Local_402_Serial_Out_20_InhouseEnveloper(Inhouse)_4_SAG_ETGOIT_HM" ("hierchmessage_11217"/"queue_13"):
Request Successful!11-06 17:59:44
Request Successful!11-06 18:02:45
Request Successful!11-06 18:05:47
Request Successful!11-06 18:08:49
Request Successful!11-06 18:11:50
Request Successful!11-06 18:14:52
Request Successful!11-06 20:33:52
Request Successful!11-06 20:36:53
Request Successful!11-06 20:39:55
Request Successful!11-06 20:42:56
Request Successful!11-06 20:45:58
Request Successful!11-06 20:48:59
Request Successful!11-06 20:52:01
Request Successful!11-06 20:55:04
Request Successful!11-06 20:58:06
Request Successful!11-06 21:01:07
Request Successful!11-06 21:04:09
Request Successful!11-06 21:07:11
Request Successful!11-06 21:10:12
Request Successful!11-06 21:13:13
Request Successful!11-06 21:16:15
Request Successful!11-06 21:19:16
Request Successful!11-06 21:22:18
Request Successful!11-06 21:25:20
Request Successful!11-06 21:28:21
Request Successful!11-06 21:31:23
Request Successful!11-06 21:34:24
New alert more than 5 minutes! See details below: 
CRITICAL
for 3m 16s
B2Bi queue health: "B2Bi CI HME - PROD_Framework_Parallel_001.101_Parallel_Inb_10_FetchRef_HM"
on
B2Bi Application Server - Stream 3A (Multicluster)
CRITICAL - Queue "B2Bi CI HME - PROD_Framework_Parallel_001.101_Parallel_Inb_10_FetchRef_HM" ("hierchmessage_9799"/"queue_16"):
Request Successful!11-06 21:37:38
New alert more than 5 minutes! See details below: 
CRITICAL
for 6m 29s
B2Bi queue health: "B2Bi CI HME - PROD_Framework_Parallel_001.101_Parallel_Inb_10_FetchRef_HM"
on
B2Bi Application Server - Stream 3A (Multicluster)
CRITICAL - Queue "B2Bi CI HME - PROD_Framework_Parallel_001.101_Parallel_Inb_10_FetchRef_HM" ("hierchmessage_9799"/"queue_16"):
Request Successful!11-06 21:40:50
Request Successful!11-06 21:43:52
Request Successful!11-06 21:46:53
Request Successful!11-06 21:49:55
Request Successful!11-06 21:52:56
Request Successful!11-06 21:55:58
Request Successful!11-06 21:59:00
Request Successful!11-06 22:02:01
Request Successful!11-06 22:05:03
Request Successful!11-06 22:08:04
Request Successful!11-06 22:11:05
Request Successful!11-06 22:14:07
Request Successful!11-06 22:17:08
Request Successful!11-06 22:20:10
Request Successful!11-06 22:23:11
Request Successful!11-06 22:26:13
Request Successful!11-06 22:29:14
Request Successful!11-06 22:32:16
check if there is a ticket. One critical alert is existed since 21:31
Request Successful!11-06 22:35:18
check if there is a ticket. One critical alert is existed since 21:31
Request Successful!11-06 22:38:19
check if there is a ticket. One critical alert is existed since 21:31
Request Successful!11-06 22:41:21
check if there is a ticket. One critical alert is existed since 21:31
Request Successful!11-06 22:44:23
New alert more than 5 minutes! See details below: 
CRITICAL
for 3m 26s
Check if there're unprocessed monitoring events piling up in mon_events_processing_sc2
on
b2biprddb1.sl3.comp.db.de
CRIT : 124078 entries in mon_events_processing_sc2. Critical threshold 100000 breached!
check if there is a ticket. One critical alert is existed since 21:31
Request Successful!11-06 22:47:34
check if there is a ticket. One critical alert is existed since 21:31
Request Successful!11-06 22:50:36
check if there is a ticket. One critical alert is existed since 21:31
Request Successful!11-06 22:53:38
check if there is a ticket. One critical alert is existed since 21:31
Request Successful!11-06 22:56:40
check if there is a ticket. One critical alert is existed since 21:31
Request Successful!11-06 22:59:42
check if there is a ticket. One critical alert is existed since 21:31
Request Successful!11-06 23:02:43
check if there is a ticket. One critical alert is existed since 21:31
Request Successful!11-06 23:05:45
check if there is a ticket. One critical alert is existed since 21:31
Request Successful!11-06 23:08:47
check if there is a ticket. One critical alert is existed since 21:31
Request Successful!11-06 23:11:48
check if there is a ticket. One critical alert is existed since 21:31
Request Successful!11-06 23:14:50
check if there is a ticket. One critical alert is existed since 21:31
Request Successful!11-06 23:17:51
Request Successful!11-06 23:20:53
New alert more than 5 minutes! See details below: 
CRITICAL
for 4m 56s
Check if there're unprocessed monitoring events piling up in mon_events_processing_sc2
on
b2biprddb1.sl3.comp.db.de
CRIT : 106822 entries in mon_events_processing_sc2. Critical threshold 100000 breached!
