Request Successful!10-23 15:21:54
New alert more than 5 minutes! See details below: 
CRITICAL
for 3m 8s
B2Bi queue health: "B2Bi CI HME - PROD_Framework_Parallel_001.101_Parallel_Out_40_X12OUT_ANSIX12_HM"
on
B2Bi Application Server - Stream 3B (Multicluster)
CRITICAL - Queue "B2Bi CI HME - PROD_Framework_Parallel_001.101_Parallel_Out_40_X12OUT_ANSIX12_HM" ("hierchmessage_9967"/"queue_16"):
Request Successful!10-23 15:25:06
Request Successful!10-23 15:28:08
Request Successful!10-23 15:31:10
Request Successful!10-23 15:34:12
Request Successful!10-23 15:37:15
New alert more than 5 minutes! See details below: 
CRITICAL
for 3m 1s
B2Bi queue health: "B2Bi CI HME - PROD_Framework_Parallel_001.101_Parallel_Inb_80_SetDynMBCAtt:PreProcMap(EDI3)_HM"
on
B2Bi Application Server - Stream 3B (Multicluster)
CRITICAL - Queue "B2Bi CI HME - PROD_Framework_Parallel_001.101_Parallel_Inb_80_SetDynMBCAtt:PreProcMap(EDI3)_HM" ("hierchmessage_9943"/"queue_16"):
Request Successful!10-23 15:40:26
New alert more than 5 minutes! See details below: 
CRITICAL
for 6m 13s
B2Bi queue health: "B2Bi CI HME - PROD_Framework_Parallel_001.101_Parallel_Inb_80_SetDynMBCAtt:PreProcMap(EDI3)_HM"
on
B2Bi Application Server - Stream 3B (Multicluster)
CRITICAL - Queue "B2Bi CI HME - PROD_Framework_Parallel_001.101_Parallel_Inb_80_SetDynMBCAtt:PreProcMap(EDI3)_HM" ("hierchmessage_9943"/"queue_16"):
Request Successful!10-23 15:43:37
Request Successful!10-23 15:46:39
Request Successful!10-23 15:49:41
Request Successful!10-23 15:52:43
Request Successful!10-23 15:55:45
Request Successful!10-23 15:58:47
Request Successful!10-23 16:01:48
Request Successful!10-23 16:04:50
Request Successful!10-23 16:07:52
Request Successful!10-23 16:10:53
Request Successful!10-23 16:13:56
Request Successful!10-23 16:16:57
Request Successful!10-23 16:19:59
Request Successful!10-23 16:23:00
Request Successful!10-23 16:26:02
Request Successful!10-23 16:29:04
Request Successful!10-23 16:32:05
Request Successful!10-23 16:35:07
New alert more than 5 minutes! See details below: 
CRITICAL
for 5m 44s
Check size of queue "LQ.CUST5C on "QM.SWORD"
on
MQM Server Production
CRITICAL - Queue depth exceeding critical limit
Request Successful!10-23 16:38:21
Request Successful!10-23 16:41:22
Request Successful!10-23 16:44:23
Request Successful!10-23 16:47:25
Request Successful!10-23 16:50:26
Request Successful!10-23 16:53:27
Request Successful!10-23 16:56:29
Request Successful!10-23 16:59:30
Request Successful!10-23 17:02:32
Request Successful!10-23 17:05:37
Request Successful!10-23 17:08:39
Request Successful!10-23 18:24:34
Request Successful!10-23 18:27:35
Request Successful!10-23 18:30:37
Request Successful!10-23 18:33:38
Request Successful!10-23 18:36:39
Request Successful!10-23 18:39:41
Request Successful!10-23 18:42:42
Request Successful!10-23 18:45:44
Request Successful!10-23 18:48:45
Request Successful!10-23 18:51:47
Request Successful!10-23 18:54:48
Request Successful!10-23 18:57:50
Request Successful!10-23 19:00:51
Request Successful!10-23 19:03:53
Request Successful!10-23 19:06:54
Request Successful!10-23 19:09:55
Request Successful!10-23 19:12:57
Request Successful!10-23 19:15:58
Request Successful!10-23 19:18:59
Request Successful!10-23 19:22:01
Request Successful!10-23 19:25:02
Request Successful!10-23 19:28:04
Request Successful!10-23 19:31:05
Request Successful!10-23 19:34:07
Request Successful!10-23 19:37:08
Request Successful!10-23 19:40:10
Request Successful!10-23 19:43:11
Request Successful!10-23 19:46:13
Request Successful!10-23 19:49:14
Request Successful!10-23 19:52:15
Request Successful!10-23 19:55:17
Request Successful!10-23 19:58:18
Request Successful!10-23 20:01:20
Request Successful!10-23 20:04:21
Request Successful!10-23 20:07:22
Request Successful!10-23 20:10:24
Request Successful!10-23 20:13:25
Request Successful!10-23 20:16:26
Request Successful!10-23 20:19:28
Request Successful!10-23 20:22:29
Request Successful!10-23 20:25:31
Request Successful!10-23 20:28:32
Request Successful!10-23 20:31:34
Request Successful!10-23 20:34:35
Request Successful!10-23 20:37:37
Request Successful!10-23 20:40:38
Request Successful!10-23 20:43:39
Request Successful!10-23 20:46:41
Request Successful!10-23 20:49:42
Request Successful!10-23 20:52:44
Request Successful!10-23 20:55:45
Request Successful!10-23 20:58:47
Request Successful!10-23 21:01:48
Request Successful!10-23 21:04:50
Request Successful!10-23 21:07:51
Request Successful!10-23 21:10:52
Request Successful!10-23 21:13:54
Request Successful!10-23 21:16:55
Request Successful!10-23 21:19:57
Request Successful!10-23 21:22:58
Request Successful!10-23 21:25:59
Request Successful!10-23 21:29:01
Request Successful!10-23 21:32:02
Request Successful!10-23 21:35:04
Request Successful!10-23 21:38:05
Request Successful!10-23 21:41:07
New alert more than 5 minutes! See details below: 
CRITICAL
for 3m 44s
B2Bi queue health: "B2Bi CI HME - PROD_Framework_Parallel_001.Z_Local_402_Serial_Out_20_InhouseEnveloper(Inhouse)_4_SAG_ETGOIT_HM"
on
B2Bi Application Server - Stream 1B
CRITICAL - Queue "B2Bi CI HME - PROD_Framework_Parallel_001.Z_Local_402_Serial_Out_20_InhouseEnveloper(Inhouse)_4_SAG_ETGOIT_HM" ("hierchmessage_11217"/"queue_13"):
Request Successful!10-23 21:44:20
New alert more than 5 minutes! See details below: 
CRITICAL
for 6m 57s
B2Bi queue health: "B2Bi CI HME - PROD_Framework_Parallel_001.Z_Local_402_Serial_Out_20_InhouseEnveloper(Inhouse)_4_SAG_ETGOIT_HM"
on
B2Bi Application Server - Stream 1B
CRITICAL - Queue "B2Bi CI HME - PROD_Framework_Parallel_001.Z_Local_402_Serial_Out_20_InhouseEnveloper(Inhouse)_4_SAG_ETGOIT_HM" ("hierchmessage_11217"/"queue_13"):
Request Successful!10-23 21:47:32
Request Successful!10-23 21:50:34
Request Successful!10-23 21:53:35
Request Successful!10-23 21:56:37
Request Successful!10-23 21:59:39
Request Successful!10-23 22:02:41
Request Successful!10-23 22:05:42
Request Successful!10-23 22:08:44
Request Successful!10-23 22:11:45
Request Successful!10-23 22:14:46
Request Successful!10-23 22:17:48
Request Successful!10-23 22:20:49
Request Successful!10-23 22:23:50
Request Successful!10-23 22:26:52
Request Successful!10-23 22:29:53
Request Successful!10-23 22:32:55
Request Successful!10-23 22:35:56
Request Successful!10-23 22:38:57
Request Successful!10-23 22:41:59
Request Successful!10-23 22:45:00
Request Successful!10-23 22:48:01
Request Successful!10-23 22:51:03
Request Successful!10-23 22:54:04
Request Successful!10-23 22:57:06
Request Successful!10-23 23:00:08
Request Successful!10-23 23:03:09
Request Successful!10-23 23:06:11
Request Successful!10-23 23:09:12
Request Successful!10-23 23:12:14
Request Successful!10-23 23:15:15
Request Successful!10-23 23:18:17
New alert more than 5 minutes! See details below: 
CRITICAL
for 3m 58s
B2Bi queue health: "B2Bi CI HME - PROD_Framework_Parallel_001.Z_Local_202_Serial_Inb_60_InboundPreprocessing_HM"
on
B2Bi Application Server - Stream 1B
CRITICAL - Queue "B2Bi CI HME - PROD_Framework_Parallel_001.Z_Local_202_Serial_Inb_60_InboundPreprocessing_HM" ("hierchmessage_7664"/"queue_13"):
Request Successful!10-23 23:21:29
New alert more than 5 minutes! See details below: 
CRITICAL
for 5m 4s
B2Bi queue health: "B2Bi CI HME - PROD_Framework_Parallel_001.SEND_SendMessageToB2BIRemote_1B_sequential_HM"
on
B2Bi Application Server - Stream 1A
CRITICAL - Queue "B2Bi CI HME - PROD_Framework_Parallel_001.SEND_SendMessageToB2BIRemote_1B_sequential_HM" ("hierchmessage_17212"/"queue_13"):
Request Successful!10-23 23:24:41
