Request Successful!08-09 15:40:24
Request Successful!08-09 15:43:25
Request Successful!08-09 15:46:27
Request Successful!08-09 15:49:29
Request Successful!08-09 15:52:31
Request Successful!08-09 15:55:32
Request Successful!08-09 15:58:34
Request Successful!08-09 16:01:36
Request Successful!08-09 16:04:38
Request Successful!08-09 16:07:39
Request Successful!08-09 16:10:41
Request Successful!08-09 16:13:43
Request Successful!08-09 16:16:44
New alert more than 5 minutes! See details below: 
CRITICAL
for 3m 21s
Check for zombied Support scripts from /home/b2bi/.aobashrc.
on
B2Bi Application Server - Stream 1A
CRIT : Found 1 .aobash script(s) running longer than 1 day!
Request Successful!08-09 16:19:56
New alert more than 5 minutes! See details below: 
CRITICAL
for 6m 32s
Check for zombied Support scripts from /home/b2bi/.aobashrc.
on
B2Bi Application Server - Stream 1A
CRIT : Found 1 .aobash script(s) running longer than 1 day!
Request Successful!08-09 16:23:08
Request Successful!08-09 16:26:10
Request Successful!08-09 16:29:12
Request Successful!08-09 16:32:13
Request Successful!08-09 16:35:15
Request Successful!08-09 16:38:17
Request Successful!08-09 16:41:19
Request Successful!08-09 16:44:21
Request Successful!08-09 16:47:23
Request Successful!08-09 16:50:25
Request Successful!08-09 16:53:27
Request Successful!08-09 16:56:28
Request Successful!08-09 16:59:30
Request Successful!08-09 17:02:32
Request Successful!08-09 17:05:34
Request Successful!08-09 17:08:36
Request Successful!08-09 17:11:37
Request Successful!08-09 17:14:39
Request Successful!08-09 17:17:41
Request Successful!08-09 17:20:42
Request Successful!08-09 17:23:44
Request Successful!08-09 17:26:46
Request Successful!08-09 17:29:48
Request Successful!08-09 17:32:50
Request Successful!08-09 17:35:51
Request Successful!08-09 17:38:53
Request Successful!08-09 17:41:55
Request Successful!08-09 17:44:57
Request Successful!08-09 17:47:59
Request Successful!08-09 17:51:01
Request Successful!08-09 17:54:03
Request Successful!08-09 17:57:04
Request Successful!08-09 18:00:06
Request Successful!08-09 18:03:08
Request Successful!08-09 18:06:10
Request Successful!08-09 18:09:12
Request Successful!08-09 18:12:13
Request Successful!08-09 18:15:15
Request Successful!08-09 18:18:17
Request Successful!08-09 18:21:19
Request Successful!08-09 18:24:21
New alert more than 5 minutes! See details below: 
CRITICAL
for 4m 25s
B2Bi queue health: "B2Bi CI HME - PROD_Framework_Parallel_001.101_Parallel_Dyn_10_ExecuteMasterDynMBC_HM"
on
B2Bi Application Server - Stream 3A (Multicluster)
CRITICAL - Queue "B2Bi CI HME - PROD_Framework_Parallel_001.101_Parallel_Dyn_10_ExecuteMasterDynMBC_HM" ("hierchmessage_9931"/"queue_16"):
Request Successful!08-09 18:27:33
Request Successful!08-09 18:30:35
Request Successful!08-09 18:33:37
Request Successful!08-09 18:36:39
Request Successful!08-09 18:39:40
Request Successful!08-09 18:42:42
Request Successful!08-09 18:45:44
Request Successful!08-09 18:48:46
Request Successful!08-09 18:51:48
Request Successful!08-09 18:54:50
Request Successful!08-09 18:57:52
Request Successful!08-09 19:00:54
Request Successful!08-09 19:03:55
Request Successful!08-09 19:06:57
Request Successful!08-09 19:09:59
Request Successful!08-09 19:13:01
Request Successful!08-09 19:16:03
Request Successful!08-09 19:19:05
Request Successful!08-09 19:22:07
Request Successful!08-09 19:25:08
Request Successful!08-09 19:28:11
Request Successful!08-09 19:31:13
Request Successful!08-09 19:34:14
Request Successful!08-09 19:37:17
Request Successful!08-09 19:40:18
Request Successful!08-09 19:43:20
Request Successful!08-09 19:46:22
Request Successful!08-09 19:49:24
Request Successful!08-09 19:52:26
Request Successful!08-09 19:55:28
Request Successful!08-09 19:58:29
Request Successful!08-09 20:01:31
Request Successful!08-09 20:04:33
Request Successful!08-09 20:07:35
Request Successful!08-09 20:10:37
Request Successful!08-09 20:13:39
Request Successful!08-09 20:16:41
Request Successful!08-09 20:19:43
Request Successful!08-09 20:22:45
Request Successful!08-09 20:25:46
Request Successful!08-09 20:28:48
Request Successful!08-09 20:31:51
Request Successful!08-09 20:34:56
Request Successful!08-09 20:37:58
Request Successful!08-09 20:41:00
Request Successful!08-09 20:44:03
Request Successful!08-09 20:47:05
Request Successful!08-09 20:50:07
Request Successful!08-09 20:53:09
Request Successful!08-09 20:56:11
Request Successful!08-09 20:59:14
Request Successful!08-09 21:02:16
Request Successful!08-09 21:05:17
Request Successful!08-09 21:08:19
Request Successful!08-09 21:11:21
Request Successful!08-09 21:14:23
Request Successful!08-09 21:17:25
Request Successful!08-09 21:20:27
Request Successful!08-09 21:23:29
Request Successful!08-09 21:26:30
Request Successful!08-09 21:29:32
Request Successful!08-09 21:32:34
Request Successful!08-09 21:35:35
Request Successful!08-09 21:38:38
Request Successful!08-09 21:41:40
Request Successful!08-09 21:44:42
Request Successful!08-09 21:47:44
Request Successful!08-09 21:50:46
Request Successful!08-09 21:53:48
Request Successful!08-09 21:56:49
Request Successful!08-09 21:59:51
Request Successful!08-09 22:02:54
Request Successful!08-09 22:05:55
Request Successful!08-09 22:08:57
Request Successful!08-09 22:11:59
Request Successful!08-09 22:15:01
Request Successful!08-09 22:18:03
Request Successful!08-09 22:21:04
Request Successful!08-09 22:24:06
Request Successful!08-09 22:27:08
Request Successful!08-09 22:30:10
Request Successful!08-09 22:33:11
Request Successful!08-09 22:36:13
Request Successful!08-09 22:39:15
Request Successful!08-09 22:42:17
Request Successful!08-09 22:45:18
Request Successful!08-09 22:48:20
Request Successful!08-09 22:51:22
Request Successful!08-09 22:54:24
Request Successful!08-09 22:57:25
Request Successful!08-09 23:00:27
Request Successful!08-09 23:03:29
Request Successful!08-09 23:06:31
Request Successful!08-09 23:09:32
Request Successful!08-09 23:12:34
Request Successful!08-09 23:15:36
Request Successful!08-09 23:18:38
Request Successful!08-09 23:21:40
Request Successful!08-09 23:24:41
