Request Successful!07-05 15:22:40
Request Successful!07-05 15:25:42
Request Successful!07-05 15:28:43
Request Successful!07-05 15:31:47
Request Successful!07-05 15:34:49
Request Successful!07-05 15:37:50
Request Successful!07-05 15:40:52
Request Successful!07-05 15:43:54
Request Successful!07-05 15:46:56
Request Successful!07-05 15:49:59
Request Successful!07-05 15:53:03
Request Successful!07-05 15:56:05
Request Successful!07-05 15:59:10
Request Successful!07-05 16:02:13
Request Successful!07-05 16:05:16
Request Successful!07-05 16:08:18
Request Successful!07-05 16:11:24
Request Successful!07-05 16:14:26
Request Successful!07-05 16:17:31
Request Successful!07-05 16:20:33
Request Successful!07-05 16:23:36
Request Successful!07-05 16:26:38
Request Successful!07-05 16:29:41
Request Successful!07-05 16:32:43
Request Successful!07-05 16:35:45
Request Successful!07-05 16:38:51
Request Successful!07-05 16:41:53
Request Successful!07-05 16:44:56
Request Successful!07-05 16:47:58
Request Successful!07-05 16:51:01
Request Successful!07-05 16:54:03
Request Successful!07-05 16:57:06
Request Successful!07-05 17:00:09
Request Successful!07-05 17:03:11
Request Successful!07-05 17:06:14
Request Successful!07-05 17:09:16
Request Successful!07-05 17:12:19
Request Successful!07-05 17:15:21
Request Successful!07-05 17:18:23
Request Successful!07-05 17:21:26
Request Successful!07-05 17:24:28
Request Successful!07-05 17:27:31
Request Successful!07-05 17:30:35
Request Successful!07-05 17:33:37
Request Successful!07-05 17:36:40
Request Successful!07-05 17:39:42
Request Successful!07-05 17:42:45
Request Successful!07-05 17:45:47
Request Successful!07-05 17:48:50
Request Successful!07-05 17:51:56
Request Successful!07-05 17:54:58
New alert more than 5 minutes! See details below: 
CRITICAL
for 4m 8s
Check size of queue "LQ.CUST1C on "QM.SWORD"
on
MQM Server Production
CRITICAL - Queue depth exceeding critical limit
Request Successful!07-05 17:58:12
Request Successful!07-05 18:01:14
Request Successful!07-05 18:04:16
Request Successful!07-05 18:07:19
Request Successful!07-05 18:10:21
Request Successful!07-05 18:13:24
Request Successful!07-05 18:16:26
Request Successful!07-05 18:19:28
Request Successful!07-05 18:22:31
Request Successful!07-05 18:25:33
Request Successful!07-05 18:28:36
Request Successful!07-05 18:31:38
Request Successful!07-05 18:34:40
Request Successful!07-05 18:37:43
Request Successful!07-05 18:40:46
Request Successful!07-05 18:43:48
Request Successful!07-05 18:46:51
Request Successful!07-05 18:49:53
Request Successful!07-05 18:52:55
Request Successful!07-05 18:55:57
Request Successful!07-05 18:59:00
Request Successful!07-05 19:02:02
Request Successful!07-05 19:05:04
Request Successful!07-05 19:08:07
Request Successful!07-05 19:11:09
Request Successful!07-05 19:14:12
Request Successful!07-05 19:17:14
Request Successful!07-05 19:20:17
Request Successful!07-05 19:23:19
Request Successful!07-05 19:26:21
Request Successful!07-05 19:29:24
Request Successful!07-05 19:32:26
Request Successful!07-05 19:35:29
Request Successful!07-05 19:38:31
Request Successful!07-05 19:41:34
Request Successful!07-05 19:44:36
Request Successful!07-05 19:47:39
Request Successful!07-05 19:50:41
Request Successful!07-05 19:53:44
Request Successful!07-05 19:56:46
Request Successful!07-05 19:59:48
Request Successful!07-05 20:02:51
Request Successful!07-05 20:05:53
Request Successful!07-05 20:08:55
Request Successful!07-05 20:11:58
Request Successful!07-05 20:15:00
Request Successful!07-05 20:18:03
Request Successful!07-05 20:21:05
Request Successful!07-05 20:24:08
Request Successful!07-05 20:27:10
Request Successful!07-05 20:30:12
Request Successful!07-05 20:33:15
Request Successful!07-05 20:36:17
Request Successful!07-05 20:39:20
Request Successful!07-05 20:42:22
Request Successful!07-05 20:45:25
Request Successful!07-05 20:48:27
Request Successful!07-05 20:51:30
Request Successful!07-05 20:54:32
Request Successful!07-05 20:57:34
Request Successful!07-05 21:00:37
Request Successful!07-05 21:03:39
Request Successful!07-05 21:06:42
Request Successful!07-05 21:09:44
Request Successful!07-05 21:12:46
Request Successful!07-05 21:15:49
Request Successful!07-05 21:18:51
Request Successful!07-05 21:21:54
Request Successful!07-05 21:24:56
Request Successful!07-05 21:27:58
Request Successful!07-05 21:31:01
Request Successful!07-05 21:34:03
Request Successful!07-05 21:37:05
Request Successful!07-05 21:40:08
Request Successful!07-05 21:43:10
Request Successful!07-05 21:46:13
Request Successful!07-05 21:49:15
Request Successful!07-05 21:52:18
Request Successful!07-05 21:55:20
Request Successful!07-05 21:58:22
Request Successful!07-05 22:01:25
Request Successful!07-05 22:04:27
Request Successful!07-05 22:07:29
Request Successful!07-05 22:10:31
Request Successful!07-05 22:13:34
Request Successful!07-05 22:16:36
Request Successful!07-05 22:19:39
Request Successful!07-05 22:22:41
Request Successful!07-05 22:25:43
Request Successful!07-05 22:28:46
Request Successful!07-05 22:31:48
Request Successful!07-05 22:34:51
Request Successful!07-05 22:37:53
Request Successful!07-05 22:40:55
Request Successful!07-05 22:43:58
Request Successful!07-05 22:47:00
Request Successful!07-05 22:50:03
Request Successful!07-05 22:53:05
Request Successful!07-05 22:56:07
Request Successful!07-05 22:59:10
Request Successful!07-05 23:02:12
