Request Successful!06-06 15:37:32
Request Successful!06-06 15:38:35
Request Successful!06-06 15:39:37
Request Successful!06-06 15:40:40
Request Successful!06-06 15:41:44
Request Successful!06-06 15:42:47
Request Successful!06-06 15:43:51
Request Successful!06-06 15:44:56
Request Successful!06-06 15:46:00
Request Successful!06-06 15:47:03
Request Successful!06-06 15:48:06
Request Successful!06-06 15:49:09
New alert more than 5 minutes! See details below: 
CRITICAL
for 3m 5s
B2Bi queue health: "B2Bi CI HME - PROD_Framework_Parallel_001.Z_Local_402_Serial_Out_20_InhouseEnveloper(Inhouse)_4_SAG_ETGOIT_HM"
on
B2Bi Application Server - Stream 1B
CRITICAL - Queue "B2Bi CI HME - PROD_Framework_Parallel_001.Z_Local_402_Serial_Out_20_InhouseEnveloper(Inhouse)_4_SAG_ETGOIT_HM" ("hierchmessage_11217"/"queue_13"):
Request Successful!06-06 15:50:22
New alert more than 5 minutes! See details below: 
CRITICAL
for 4m 18s
B2Bi queue health: "B2Bi CI HME - PROD_Framework_Parallel_001.Z_Local_402_Serial_Out_20_InhouseEnveloper(Inhouse)_4_SAG_ETGOIT_HM"
on
B2Bi Application Server - Stream 1B
CRITICAL - Queue "B2Bi CI HME - PROD_Framework_Parallel_001.Z_Local_402_Serial_Out_20_InhouseEnveloper(Inhouse)_4_SAG_ETGOIT_HM" ("hierchmessage_11217"/"queue_13"):
Request Successful!06-06 15:51:34
New alert more than 5 minutes! See details below: 
CRITICAL
for 5m 30s
B2Bi queue health: "B2Bi CI HME - PROD_Framework_Parallel_001.Z_Local_402_Serial_Out_20_InhouseEnveloper(Inhouse)_4_SAG_ETGOIT_HM"
on
B2Bi Application Server - Stream 1B
CRITICAL - Queue "B2Bi CI HME - PROD_Framework_Parallel_001.Z_Local_402_Serial_Out_20_InhouseEnveloper(Inhouse)_4_SAG_ETGOIT_HM" ("hierchmessage_11217"/"queue_13"):
Request Successful!06-06 15:52:14
New alert more than 5 minutes! See details below: 
CRITICAL
for 6m 10s
B2Bi queue health: "B2Bi CI HME - PROD_Framework_Parallel_001.Z_Local_402_Serial_Out_20_InhouseEnveloper(Inhouse)_4_SAG_ETGOIT_HM"
on
B2Bi Application Server - Stream 1B
CRITICAL - Queue "B2Bi CI HME - PROD_Framework_Parallel_001.Z_Local_402_Serial_Out_20_InhouseEnveloper(Inhouse)_4_SAG_ETGOIT_HM" ("hierchmessage_11217"/"queue_13"):
Request Successful!06-06 15:55:27
Request Successful!06-06 15:58:30
Request Successful!06-06 16:01:37
Request Successful!06-06 16:04:42
Request Successful!06-06 16:07:46
Request Successful!06-06 16:10:50
Request Successful!06-06 16:14:14
Request Successful!06-06 16:17:18
Request Successful!06-06 16:20:21
Request Successful!06-06 16:23:24
Request Successful!06-06 16:26:26
Request Successful!06-06 16:29:34
Request Successful!06-06 16:32:37
Request Successful!06-06 16:35:40
Request Successful!06-06 16:38:43
Request Successful!06-06 16:41:48
("Connection broken: InvalidChunkLength(got length b'', 0 bytes read)", InvalidChunkLength(got length b'', 0 bytes read))
Request Successful!06-06 16:48:14
Request Successful!06-06 16:51:17
Request Successful!06-06 16:54:20
Request Successful!06-06 16:57:22
Request Successful!06-06 17:00:24
Request Successful!06-06 17:03:26
Request Successful!06-06 17:06:29
Request Successful!06-06 17:09:32
Request Successful!06-06 17:12:41
Request Successful!06-06 17:15:44
Request Successful!06-06 17:18:47
Request Successful!06-06 17:21:50
Request Successful!06-06 17:24:53
Request Successful!06-06 17:27:56
Request Successful!06-06 17:31:00
Request Successful!06-06 17:34:03
Request Successful!06-06 17:37:06
Request Successful!06-06 17:40:09
Request Successful!06-06 17:43:12
Request Successful!06-06 17:46:15
Request Successful!06-06 17:49:18
Request Successful!06-06 17:52:21
Request Successful!06-06 17:55:24
Request Successful!06-06 17:58:27
Request Successful!06-06 18:01:29
Request Successful!06-06 18:04:32
Request Successful!06-06 18:07:35
Request Successful!06-06 18:10:38
Request Successful!06-06 18:13:41
Request Successful!06-06 18:16:43
Request Successful!06-06 18:19:45
Request Successful!06-06 18:22:48
Request Successful!06-06 18:25:49
Request Successful!06-06 18:28:51
Request Successful!06-06 18:31:53
Request Successful!06-06 18:34:55
Request Successful!06-06 18:37:57
Request Successful!06-06 18:40:59
Request Successful!06-06 18:44:01
Request Successful!06-06 18:47:03
Request Successful!06-06 18:50:05
Request Successful!06-06 18:53:07
Request Successful!06-06 18:56:09
Request Successful!06-06 18:59:11
Request Successful!06-06 19:02:14
Request Successful!06-06 19:05:16
Request Successful!06-06 19:08:18
Request Successful!06-06 19:11:20
Request Successful!06-06 19:14:23
Request Successful!06-06 19:17:25
Request Successful!06-06 19:20:27
Request Successful!06-06 19:23:29
Request Successful!06-06 19:26:31
Request Successful!06-06 19:29:33
Request Successful!06-06 19:32:35
Request Successful!06-06 19:35:36
Request Successful!06-06 19:38:38
Request Successful!06-06 19:41:40
Request Successful!06-06 19:44:43
Request Successful!06-06 19:47:46
Request Successful!06-06 19:50:49
Request Successful!06-06 19:53:52
Request Successful!06-06 19:56:55
Request Successful!06-06 19:59:58
Request Successful!06-06 20:03:00
Request Successful!06-06 20:06:03
Request Successful!06-06 20:09:06
Request Successful!06-06 20:12:09
Request Successful!06-06 20:15:13
Request Successful!06-06 20:18:15
Request Successful!06-06 20:21:17
Request Successful!06-06 20:24:19
Request Successful!06-06 20:27:21
Request Successful!06-06 20:30:23
Request Successful!06-06 20:33:25
Request Successful!06-06 20:36:27
Request Successful!06-06 20:39:30
Request Successful!06-06 20:42:32
Request Successful!06-06 20:45:34
Request Successful!06-06 20:48:36
Request Successful!06-06 20:51:39
Request Successful!06-06 20:54:41
Request Successful!06-06 20:57:44
Request Successful!06-06 21:00:46
Request Successful!06-06 21:03:49
Request Successful!06-06 21:06:51
Request Successful!06-06 21:09:53
Request Successful!06-06 21:12:55
Request Successful!06-06 21:15:58
Request Successful!06-06 21:19:00
Request Successful!06-06 21:22:02
Request Successful!06-06 21:25:04
Request Successful!06-06 21:28:07
Request Successful!06-06 21:31:09
Request Successful!06-06 21:34:11
Request Successful!06-06 21:37:13
Request Successful!06-06 21:40:16
Request Successful!06-06 21:43:18
Request Successful!06-06 21:46:20
Request Successful!06-06 21:49:22
Request Successful!06-06 21:52:24
Request Successful!06-06 21:55:27
Request Successful!06-06 21:58:29
Request Successful!06-06 22:01:31
Request Successful!06-06 22:04:33
Request Successful!06-06 22:07:35
Request Successful!06-06 22:10:36
Request Successful!06-06 22:13:39
Request Successful!06-06 22:16:41
Request Successful!06-06 22:19:42
Request Successful!06-06 22:22:44
Request Successful!06-06 22:25:46
Request Successful!06-06 22:28:48
Request Successful!06-06 22:31:50
Request Successful!06-06 22:34:52
Request Successful!06-06 22:37:54
Request Successful!06-06 22:40:56
Request Successful!06-06 22:43:58
Request Successful!06-06 22:47:00
Request Successful!06-06 22:50:02
Request Successful!06-06 22:53:04
Request Successful!06-06 22:56:06
Request Successful!06-06 22:59:08
Request Successful!06-06 23:02:10
Request Successful!06-06 23:05:12
Request Successful!06-06 23:08:14
Request Successful!06-06 23:11:16
Request Successful!06-06 23:14:18
