Request Successful!01-16 17:44:46
Request Successful!01-16 17:47:48
Request Successful!01-16 17:50:50
Request Successful!01-16 17:53:52
Request Successful!01-16 17:56:54
Request Successful!01-16 17:59:56
Request Successful!01-16 18:02:58
check if there is a ticket. One critical alert is existed since 17:02
Request Successful!01-16 18:06:00
Request Successful!01-16 18:09:02
Request Successful!01-16 18:12:04
Request Successful!01-16 18:15:06
Request Successful!01-16 18:18:08
Request Successful!01-16 18:21:10
Request Successful!01-16 18:24:12
Request Successful!01-16 18:27:14
Request Successful!01-16 18:30:16
Request Successful!01-16 18:33:18
Request Successful!01-16 18:36:20
Request Successful!01-16 18:39:22
Request Successful!01-16 18:42:24
Request Successful!01-16 18:45:26
Request Successful!01-16 18:48:28
Request Successful!01-16 18:51:30
Request Successful!01-16 18:54:32
Request Successful!01-16 18:57:33
Request Successful!01-16 19:00:46
Request Successful!01-16 19:03:48
Request Successful!01-16 19:06:50
Request Successful!01-16 19:09:52
Request Successful!01-16 19:12:55
Request Successful!01-16 19:15:57
Request Successful!01-16 19:18:59
Request Successful!01-16 19:22:01
Request Successful!01-16 19:25:03
Request Successful!01-16 19:28:06
Request Successful!01-16 19:31:10
Request Successful!01-16 19:34:12
Request Successful!01-16 19:37:14
Request Successful!01-16 19:40:17
Request Successful!01-16 19:43:19
Request Successful!01-16 19:46:21
Request Successful!01-16 19:49:25
Request Successful!01-16 19:52:27
Request Successful!01-16 19:55:29
Request Successful!01-16 19:58:32
Request Successful!01-16 20:01:34
Request Successful!01-16 20:04:36
Request Successful!01-16 20:07:40
Request Successful!01-16 20:10:42
Request Successful!01-16 20:13:45
Request Successful!01-16 20:16:47
Request Successful!01-16 20:19:50
Request Successful!01-16 20:22:53
Request Successful!01-16 20:25:56
Request Successful!01-16 20:28:58
Request Successful!01-16 20:32:02
Request Successful!01-16 20:35:04
Request Successful!01-16 20:38:07
Request Successful!01-16 20:41:10
Request Successful!01-16 20:44:12
Request Successful!01-16 20:47:14
Request Successful!01-16 20:50:17
Request Successful!01-16 20:53:19
Request Successful!01-16 20:56:21
Request Successful!01-16 20:59:25
Request Successful!01-16 21:02:27
Request Successful!01-16 21:05:29
Request Successful!01-16 21:08:32
Request Successful!01-16 21:11:35
Request Successful!01-16 21:14:37
Request Successful!01-16 21:17:39
Request Successful!01-16 21:20:42
Request Successful!01-16 21:23:44
Request Successful!01-16 21:26:47
Request Successful!01-16 21:29:49
Request Successful!01-16 21:32:51
Request Successful!01-16 21:35:54
Request Successful!01-16 21:38:56
Request Successful!01-16 21:41:59
Request Successful!01-16 21:45:01
Request Successful!01-16 21:48:03
Request Successful!01-16 21:51:06
Request Successful!01-16 21:54:08
Request Successful!01-16 21:57:10
Request Successful!01-16 22:00:12
Request Successful!01-16 22:03:14
Request Successful!01-16 22:06:16
New alert more than 5 minutes! See details below: 
CRITICAL
for 3m 25s
Check if we still can connect to ftp.sword.dbschenker.com host using ssh.
on
b2biprdxsr5.sl3.comp.db.de
CRITICAL : Server answer:
New alert more than 5 minutes! See details below: 
CRITICAL
for 3m 44s
Check if we still can connect to ftp.sword.dbschenker.com host using ssh.
on
b2biprdxsr7.sl3.comp.db.de
CRITICAL : Server answer:
Request Successful!01-16 22:09:40
Request Successful!01-16 22:12:42
Request Successful!01-16 22:15:44
Request Successful!01-16 22:18:46
Request Successful!01-16 22:21:48
Request Successful!01-16 22:24:50
Request Successful!01-16 22:27:52
Request Successful!01-16 22:30:54
Request Successful!01-16 22:33:56
Request Successful!01-16 22:36:58
Request Successful!01-16 22:39:59
Request Successful!01-16 22:43:01
Request Successful!01-16 22:46:03
Request Successful!01-16 22:49:05
Request Successful!01-16 22:52:07
Request Successful!01-16 22:55:08
Request Successful!01-16 22:58:10
Request Successful!01-16 23:01:12
Request Successful!01-16 23:04:14
Request Successful!01-16 23:07:15
Request Successful!01-16 23:10:17
Request Successful!01-16 23:13:19
Request Successful!01-16 23:16:20
Request Successful!01-16 23:19:22
Request Successful!01-16 23:22:24
