Request Successful!10-31 17:40:17
Request Successful!10-31 17:43:18
Request Successful!10-31 17:46:20
Request Successful!10-31 17:49:21
Request Successful!10-31 17:52:23
Request Successful!10-31 17:55:25
New alert more than 5 minutes! See details below: 
CRITICAL
for 4m 57s
B2Bi queue health: "B2Bi CI HME - PROD_Framework_Parallel_001.Z_Local_402_Serial_Out_20_InhouseEnveloper(Inhouse)_4_SAG_ETGOIT_HM"
on
B2Bi Application Server - Stream 1B
CRITICAL - Queue "B2Bi CI HME - PROD_Framework_Parallel_001.Z_Local_402_Serial_Out_20_InhouseEnveloper(Inhouse)_4_SAG_ETGOIT_HM" ("hierchmessage_11217"/"queue_13"):
Request Successful!10-31 17:58:38
Request Successful!10-31 18:01:39
Request Successful!10-31 18:04:41
Request Successful!10-31 18:07:42
Request Successful!10-31 18:10:44
Request Successful!10-31 18:13:45
Request Successful!10-31 18:16:47
Request Successful!10-31 18:19:49
Request Successful!10-31 18:22:50
Request Successful!10-31 18:25:52
Request Successful!10-31 18:28:53
Request Successful!10-31 18:31:55
Request Successful!10-31 18:34:57
Request Successful!10-31 18:37:58
Request Successful!10-31 18:41:00
Request Successful!10-31 18:44:01
Request Successful!10-31 19:32:38
Request Successful!10-31 19:35:39
Request Successful!10-31 19:38:41
Request Successful!10-31 19:41:43
Request Successful!10-31 19:44:45
Request Successful!10-31 19:47:47
Request Successful!10-31 19:50:49
Request Successful!10-31 19:53:50
Request Successful!10-31 19:56:52
Request Successful!10-31 19:59:54
Request Successful!10-31 20:02:56
Request Successful!10-31 20:05:57
Request Successful!10-31 20:08:59
Request Successful!10-31 20:12:01
Request Successful!10-31 20:15:03
Request Successful!10-31 20:18:04
Request Successful!10-31 20:21:06
Request Successful!10-31 20:24:08
Request Successful!10-31 20:27:10
Request Successful!10-31 20:30:11
Request Successful!10-31 20:33:13
Request Successful!10-31 20:36:15
Request Successful!10-31 20:39:17
Request Successful!10-31 20:42:19
Request Successful!10-31 20:45:21
