Request Successful!02-18 16:00:26
Request Successful!02-18 16:03:28
Request Successful!02-18 16:06:30
Request Successful!02-18 16:09:32
Request Successful!02-18 16:12:36
Request Successful!02-18 16:15:39
Request Successful!02-18 16:18:41
Request Successful!02-18 16:21:43
Request Successful!02-18 16:24:45
Request Successful!02-18 16:27:47
Request Successful!02-18 16:30:49
Request Successful!02-18 16:33:52
Request Successful!02-18 16:36:54
Request Successful!02-18 16:39:57
Request Successful!02-18 16:43:01
Request Successful!02-18 16:46:03
Request Successful!02-18 16:49:05
Request Successful!02-18 16:52:08
Request Successful!02-18 16:55:10
Request Successful!02-18 16:58:11
Request Successful!02-18 17:01:14
New alert more than 5 minutes! See details below: 
CRITICAL
for 5m 20s
Check size of queue "LQ.CUST5C on "QM.SWORD"
on
MQM Server Production
CRITICAL - Queue depth exceeding critical limit
Request Successful!02-18 17:04:27
Request Successful!02-18 17:07:29
Request Successful!02-18 17:10:31
Request Successful!02-18 17:13:33
Request Successful!02-18 17:16:35
Request Successful!02-18 17:19:37
Request Successful!02-18 17:22:39
Request Successful!02-18 17:25:41
Request Successful!02-18 17:28:43
Request Successful!02-18 17:31:44
Request Successful!02-18 17:34:47
Request Successful!02-18 17:37:48
Request Successful!02-18 17:40:50
Request Successful!02-18 17:43:52
Request Successful!02-18 17:46:54
Request Successful!02-18 17:49:56
Request Successful!02-18 17:52:58
New alert more than 5 minutes! See details below: 
CRITICAL
for 3m 18s
B2Bi queue health: "B2Bi CI HME - PROD_Framework_Parallel_001.Z_Local_402_CASE_DetermineTrunk_HM"
on
B2Bi Application Server - Stream 1B
CRITICAL - Queue "B2Bi CI HME - PROD_Framework_Parallel_001.Z_Local_402_CASE_DetermineTrunk_HM" ("hierchmessage_7542"/"queue_13"):
Request Successful!02-18 17:56:11
New alert more than 5 minutes! See details below: 
CRITICAL
for 6m 31s
B2Bi queue health: "B2Bi CI HME - PROD_Framework_Parallel_001.Z_Local_402_CASE_DetermineTrunk_HM"
on
B2Bi Application Server - Stream 1B
CRITICAL - Queue "B2Bi CI HME - PROD_Framework_Parallel_001.Z_Local_402_CASE_DetermineTrunk_HM" ("hierchmessage_7542"/"queue_13"):
Request Successful!02-18 17:59:23
Request Successful!02-18 18:02:27
Request Successful!02-18 18:05:29
Request Successful!02-18 18:08:31
Request Successful!02-18 18:11:33
Request Successful!02-18 18:14:34
Request Successful!02-18 18:17:36
Request Successful!02-18 18:20:38
Request Successful!02-18 18:23:40
Request Successful!02-18 18:26:41
Request Successful!02-18 18:29:43
Request Successful!02-18 18:32:44
Request Successful!02-18 18:35:46
Request Successful!02-18 18:38:48
14 unhandled critical alerts
Request Successful!02-18 19:37:26
Request Successful!02-18 19:40:30
Request Successful!02-18 19:43:32
Request Successful!02-18 19:46:34
Request Successful!02-18 19:49:35
Request Successful!02-18 19:52:37
Request Successful!02-18 19:55:39
Request Successful!02-18 19:58:41
Request Successful!02-18 20:01:43
Request Successful!02-18 20:04:44
Request Successful!02-18 20:07:46
Request Successful!02-18 20:10:48
Request Successful!02-18 20:13:50
Request Successful!02-18 20:16:51
Request Successful!02-18 20:20:29
Request Successful!02-18 20:23:30
Request Successful!02-18 20:26:32
Request Successful!02-18 20:29:34
Request Successful!02-18 20:32:36
Request Successful!02-18 20:35:38
Request Successful!02-18 20:38:40
Request Successful!02-18 20:41:41
Request Successful!02-18 20:44:43
Request Successful!02-18 20:47:45
Request Successful!02-18 20:50:47
Request Successful!02-18 20:53:48
Request Successful!02-18 20:56:51
Request Successful!02-18 20:59:52
Request Successful!02-18 21:02:54
Request Successful!02-18 21:05:56
Request Successful!02-18 21:08:58
Request Successful!02-18 21:12:00
Request Successful!02-18 21:15:01
Request Successful!02-18 21:18:03
Request Successful!02-18 21:21:04
Request Successful!02-18 21:24:06
Request Successful!02-18 21:27:08
Request Successful!02-18 21:30:10
Request Successful!02-18 21:33:12
Request Successful!02-18 21:36:14
Request Successful!02-18 21:39:15
Request Successful!02-18 21:42:17
Request Successful!02-18 21:45:19
Request Successful!02-18 21:48:20
Request Successful!02-18 21:51:22
Request Successful!02-18 21:54:24
Request Successful!02-18 21:57:26
Request Successful!02-18 22:00:27
Request Successful!02-18 22:03:29
Request Successful!02-18 22:06:30
Request Successful!02-18 22:09:32
Request Successful!02-18 22:12:33
Request Successful!02-18 22:15:35
Request Successful!02-18 22:18:37
Request Successful!02-18 22:21:38
Request Successful!02-18 22:24:40
Request Successful!02-18 22:27:42
Request Successful!02-18 22:30:44
Request Successful!02-18 22:33:45
Request Successful!02-18 22:36:47
Request Successful!02-18 22:39:48
Request Successful!02-18 22:42:50
Request Successful!02-18 22:45:52
Request Successful!02-18 22:48:54
Request Successful!02-18 22:51:55
Request Successful!02-18 22:54:57
Request Successful!02-18 22:57:59
Request Successful!02-18 23:01:01
Request Successful!02-18 23:04:03
Request Successful!02-18 23:07:05
Request Successful!02-18 23:10:07
Request Successful!02-18 23:13:08
Request Successful!02-18 23:16:10
Request Successful!02-18 23:19:12
Request Successful!02-18 23:22:14
