Request Successful!11-20 16:36:50
Request Successful!11-20 16:39:52
Request Successful!11-20 16:42:53
Request Successful!11-20 16:45:55
Request Successful!11-20 16:48:56
Request Successful!11-20 16:51:58
Request Successful!11-20 16:55:00
Request Successful!11-20 16:58:01
Request Successful!11-20 17:01:03
Request Successful!11-20 17:04:04
Request Successful!11-20 17:07:06
Request Successful!11-20 17:10:07
Request Successful!11-20 17:13:09
Request Successful!11-20 17:16:10
Request Successful!11-20 17:19:12
Request Successful!11-20 17:22:14
Request Successful!11-20 17:25:15
Request Successful!11-20 17:28:17
Request Successful!11-20 17:31:19
Request Successful!11-20 17:34:20
Request Successful!11-20 17:37:22
Request Successful!11-20 17:40:24
Request Successful!11-20 17:43:25
Request Successful!11-20 17:46:27
Request Successful!11-20 17:49:29
Request Successful!11-20 17:52:30
Request Successful!11-20 17:55:32
Request Successful!11-20 17:58:33
Request Successful!11-20 18:01:35
Request Successful!11-20 18:04:36
Request Successful!11-20 18:07:38
Request Successful!11-20 18:10:40
Request Successful!11-20 18:13:41
Request Successful!11-20 18:16:43
Request Successful!11-20 18:19:45
Request Successful!11-20 18:22:46
Request Successful!11-20 18:25:48
Request Successful!11-20 18:28:50
Request Successful!11-20 18:31:52
New alert more than 5 minutes! See details below: 
CRITICAL
for 4m 24s
B2Bi queue health: "B2Bi CI HME - PROD_Framework_Parallel_001.101_Parallel_Inb_10_FetchRef_HM"
on
B2Bi Application Server - Stream 3F (Multicluster)
CRITICAL - Queue "B2Bi CI HME - PROD_Framework_Parallel_001.101_Parallel_Inb_10_FetchRef_HM" ("hierchmessage_9799"/"queue_16"):
Request Successful!11-20 18:35:05
Request Successful!11-20 18:38:06
Request Successful!11-20 18:41:08
Request Successful!11-20 18:44:10
Request Successful!11-20 18:47:12
Request Successful!11-20 18:50:13
Request Successful!11-20 18:53:15
Request Successful!11-20 18:56:17
Request Successful!11-20 18:59:18
Request Successful!11-20 19:02:20
Request Successful!11-20 19:05:22
Request Successful!11-20 19:08:23
Request Successful!11-20 19:11:25
Request Successful!11-20 19:14:27
Request Successful!11-20 19:17:28
Request Successful!11-20 19:20:30
Request Successful!11-20 19:23:32
Request Successful!11-20 19:26:33
Request Successful!11-20 19:29:36
Request Successful!11-20 19:32:37
Request Successful!11-20 19:35:39
Request Successful!11-20 19:38:41
Request Successful!11-20 19:41:42
Request Successful!11-20 19:44:44
Request Successful!11-20 19:47:46
Request Successful!11-20 19:50:48
Request Successful!11-20 19:53:50
Request Successful!11-20 19:56:51
Request Successful!11-20 19:59:53
Request Successful!11-20 20:02:55
Request Successful!11-20 20:05:57
Request Successful!11-20 20:08:59
Request Successful!11-20 20:12:01
Request Successful!11-20 20:15:03
Request Successful!11-20 20:18:05
Request Successful!11-20 20:21:07
Request Successful!11-20 20:24:09
Request Successful!11-20 20:27:11
Request Successful!11-20 20:30:13
Request Successful!11-20 20:33:15
New alert more than 5 minutes! See details below: 
CRITICAL
for 5m 19s
B2Bi queue health: "B2Bi CI HME - PROD_Framework_Parallel_001.101_Parallel_Inb_10_FetchRef_HM"
on
B2Bi Application Server - Stream 3E (Multicluster)
CRITICAL - Queue "B2Bi CI HME - PROD_Framework_Parallel_001.101_Parallel_Inb_10_FetchRef_HM" ("hierchmessage_9799"/"queue_16"):
Request Successful!11-20 20:36:28
Request Successful!11-20 20:39:30
Request Successful!11-20 20:42:32
Request Successful!11-20 20:45:34
Request Successful!11-20 20:48:36
Request Successful!11-20 20:51:38
Request Successful!11-20 20:54:40
Request Successful!11-20 20:57:42
Request Successful!11-20 21:00:43
Request Successful!11-20 21:03:45
Request Successful!11-20 21:06:50
Request Successful!11-20 21:09:52
Request Successful!11-20 21:12:54
Request Successful!11-20 21:15:56
Request Successful!11-20 21:18:58
Request Successful!11-20 21:21:59
Request Successful!11-20 21:25:02
Request Successful!11-20 21:28:03
Request Successful!11-20 21:31:05
Request Successful!11-20 21:34:07
Request Successful!11-20 21:37:09
Request Successful!11-20 21:40:11
Request Successful!11-20 21:43:12
Request Successful!11-20 21:46:14
Request Successful!11-20 21:49:16
Request Successful!11-20 21:52:18
Request Successful!11-20 21:55:20
Request Successful!11-20 21:58:22
Request Successful!11-20 22:01:24
Request Successful!11-20 22:04:26
Request Successful!11-20 22:07:28
Request Successful!11-20 22:10:30
Request Successful!11-20 22:13:31
Request Successful!11-20 22:16:33
New alert more than 5 minutes! See details below: 
CRITICAL
for 4m 26s
Check disk /
on
Communication Server 1 Production
/ 18.75 GiB (93.83%)
/ 18.75 GiB (93.83%)
DISK CRITICAL - free space: / 1262 MB (6.17% inode=94%);
Request Successful!11-20 22:19:45
Request Successful!11-20 22:22:47
Request Successful!11-20 22:25:49
Request Successful!11-20 22:28:50
Request Successful!11-20 22:31:52
Request Successful!11-20 22:34:54
Request Successful!11-20 22:37:55
Request Successful!11-20 22:40:57
Request Successful!11-20 22:43:59
Request Successful!11-20 22:47:01
Request Successful!11-20 22:50:03
Request Successful!11-20 22:53:04
Request Successful!11-20 22:56:06
Request Successful!11-20 22:59:08
Request Successful!11-20 23:02:10
Request Successful!11-20 23:05:12
Request Successful!11-20 23:08:14
Request Successful!11-20 23:11:16
Request Successful!11-20 23:14:17
Request Successful!11-20 23:17:19
Request Successful!11-20 23:20:21
Request Successful!11-20 23:23:22
