Request Successful!06-20 15:30:28
Request Successful!06-20 15:33:30
Request Successful!06-20 15:36:33
Request Successful!06-20 15:39:35
Request Successful!06-20 15:42:37
Request Successful!06-20 15:45:39
Request Successful!06-20 15:48:42
Request Successful!06-20 15:51:44
Request Successful!06-20 15:54:47
Request Successful!06-20 15:57:49
Request Successful!06-20 16:00:52
Request Successful!06-20 16:03:54
Request Successful!06-20 16:06:56
Request Successful!06-20 16:09:57
Request Successful!06-20 16:12:59
Request Successful!06-20 16:16:01
Request Successful!06-20 16:19:02
Request Successful!06-20 16:22:04
Request Successful!06-20 16:25:06
Request Successful!06-20 16:28:08
Request Successful!06-20 16:31:10
Request Successful!06-20 16:34:12
Request Successful!06-20 16:37:13
Request Successful!06-20 16:40:15
Request Successful!06-20 16:43:17
Request Successful!06-20 16:46:20
Request Successful!06-20 16:49:22
Request Successful!06-20 16:52:26
Request Successful!06-20 16:55:35
Request Successful!06-20 16:58:41
Request Successful!06-20 17:01:50
Request Successful!06-20 17:04:58
Request Successful!06-20 17:08:20
Request Successful!06-20 17:11:28
Request Successful!06-20 17:14:52
Request Successful!06-20 17:18:12
Request Successful!06-20 17:21:20
Request Successful!06-20 17:24:48
Request Successful!06-20 17:27:54
Request Successful!06-20 17:30:59
New alert more than 5 minutes! See details below: 
CRITICAL
for 4m 21s
B2Bi queue health: "B2Bi CI HME - PROD_Framework_Parallel_001.101_Parallel_Inb_10_FetchRef_HM"
on
B2Bi Application Server - Stream 3E (Multicluster)
CRITICAL - Queue "B2Bi CI HME - PROD_Framework_Parallel_001.101_Parallel_Inb_10_FetchRef_HM" ("hierchmessage_9799"/"queue_16"):
Request Successful!06-20 17:34:15
Request Successful!06-20 17:37:21
Request Successful!06-20 17:40:25
Request Successful!06-20 17:43:34
Request Successful!06-20 17:46:39
Request Successful!06-20 17:49:45
Request Successful!06-20 17:52:49
Request Successful!06-20 17:55:54
Request Successful!06-20 17:58:59
Request Successful!06-20 18:02:04
Request Successful!06-20 18:05:09
Request Successful!06-20 18:08:13
Request Successful!06-20 18:11:18
Request Successful!06-20 18:14:23
Request Successful!06-20 18:17:28
Request Successful!06-20 18:20:35
Request Successful!06-20 18:23:41
Request Successful!06-20 18:26:47
Request Successful!06-20 18:29:51
HTTPSConnectionPool(host='b2biprddep1.sl3.comp.db.de', port=443): Max retries exceeded with url: /icingaweb2/monitoring/list/services?service_problem=1&sort=service_severity&dir=desc (Caused by NameResolutionError("<urllib3.connection.HTTPSConnection object at 0x0000018073FB4150>: Failed to resolve 'b2biprddep1.sl3.comp.db.de' ([Errno 11001] getaddrinfo failed)"))
Request Successful!06-20 18:34:26
Request Successful!06-20 18:37:30
Request Successful!06-20 18:40:34
Request Successful!06-20 18:43:38
Request Successful!06-20 18:46:42
Request Successful!06-20 18:49:48
Request Successful!06-20 18:52:52
Request Successful!06-20 18:55:56
Request Successful!06-20 18:59:01
Request Successful!06-20 19:02:06
Request Successful!06-20 19:05:10
Request Successful!06-20 19:08:16
Request Successful!06-20 19:11:21
Request Successful!06-20 19:14:26
Request Successful!06-20 19:17:30
Request Successful!06-20 19:20:38
Request Successful!06-20 19:23:50
Request Successful!06-20 19:27:24
Request Successful!06-20 19:30:33
Request Successful!06-20 21:12:30
Request Successful!06-20 21:15:41
Request Successful!06-20 21:18:48
Request Successful!06-20 21:21:55
Request Successful!06-20 21:25:02
Request Successful!06-20 21:28:18
Request Successful!06-20 21:31:24
Request Successful!06-20 21:34:51
Request Successful!06-20 21:38:09
Request Successful!06-20 21:41:22
Request Successful!06-20 21:44:54
Request Successful!06-20 21:48:04
Request Successful!06-20 21:51:10
Request Successful!06-20 21:54:16
Request Successful!06-20 21:57:28
Request Successful!06-20 22:00:37
Request Successful!06-20 22:03:46
Request Successful!06-20 22:06:52
Request Successful!06-20 22:10:00
Request Successful!06-20 22:13:11
Request Successful!06-20 22:16:20
Request Successful!06-20 22:19:44
Request Successful!06-20 22:22:51
Request Successful!06-20 22:25:57
Request Successful!06-20 22:29:03
Request Successful!06-20 22:32:10
Request Successful!06-20 22:35:16
Request Successful!06-20 22:38:22
Request Successful!06-20 22:41:31
Request Successful!06-20 22:44:37
Request Successful!06-20 22:47:47
Request Successful!06-20 22:50:57
Request Successful!06-20 22:54:04
Request Successful!06-20 22:57:14
Request Successful!06-20 23:00:19
Request Successful!06-20 23:03:30
