Request Successful!12-14 18:33:53
check if there is a ticket. One critical alert is existed since 16:38
Request Successful!12-14 18:36:55
check if there is a ticket. One critical alert is existed since 16:38
Request Successful!12-14 18:39:57
check if there is a ticket. One critical alert is existed since 16:38
Request Successful!12-14 18:42:59
check if there is a ticket. One critical alert is existed since 16:38
Request Successful!12-14 18:46:00
check if there is a ticket. One critical alert is existed since 16:38
Request Successful!12-14 18:49:02
check if there is a ticket. One critical alert is existed since 16:38
Request Successful!12-14 18:52:05
New alert more than 5 minutes! See details below: 
CRITICAL
for 3m 46s
Check if there're unprocessed monitoring events piling up in mon_events_processing_sc3
on
b2biprddb1.sl3.comp.db.de
CRIT : 123000 entries in mon_events_processing_sc3. Critical threshold 100000 breached!
check if there is a ticket. One critical alert is existed since 16:38
Request Successful!12-14 18:55:17
New alert more than 5 minutes! See details below: 
CRITICAL
for 6m 59s
Check if there're unprocessed monitoring events piling up in mon_events_processing_sc3
on
b2biprddb1.sl3.comp.db.de
CRIT : 140364 entries in mon_events_processing_sc3. Critical threshold 100000 breached!
check if there is a ticket. One critical alert is existed since 16:38
Request Successful!12-14 18:58:29
New alert more than 5 minutes! See details below: 
CRITICAL
for 3m 4s
B2Bi queue health: "B2Bi CI HME - PROD_Framework_Parallel_001.Z_Local_402_Serial_Out_20_InhouseEnveloper(Inhouse)_4_SAG_ETGOIT_HM"
on
B2Bi Application Server - Stream 1B
CRITICAL - Queue "B2Bi CI HME - PROD_Framework_Parallel_001.Z_Local_402_Serial_Out_20_InhouseEnveloper(Inhouse)_4_SAG_ETGOIT_HM" ("hierchmessage_11217"/"queue_13"):
check if there is a ticket. One critical alert is existed since 16:38
Request Successful!12-14 19:01:40
New alert more than 5 minutes! See details below: 
CRITICAL
for 6m 15s
B2Bi queue health: "B2Bi CI HME - PROD_Framework_Parallel_001.Z_Local_402_Serial_Out_20_InhouseEnveloper(Inhouse)_4_SAG_ETGOIT_HM"
on
B2Bi Application Server - Stream 1B
CRITICAL - Queue "B2Bi CI HME - PROD_Framework_Parallel_001.Z_Local_402_Serial_Out_20_InhouseEnveloper(Inhouse)_4_SAG_ETGOIT_HM" ("hierchmessage_11217"/"queue_13"):
check if there is a ticket. One critical alert is existed since 16:38
Request Successful!12-14 19:04:52
check if there is a ticket. One critical alert is existed since 16:38
Request Successful!12-14 19:07:54
check if there is a ticket. One critical alert is existed since 16:38
Request Successful!12-14 19:10:56
check if there is a ticket. One critical alert is existed since 16:38
Request Successful!12-14 19:13:58
check if there is a ticket. One critical alert is existed since 16:38
Request Successful!12-14 19:17:00
check if there is a ticket. One critical alert is existed since 16:38
Request Successful!12-14 19:20:02
check if there is a ticket. One critical alert is existed since 16:38
Request Successful!12-14 19:23:04
check if there is a ticket. One critical alert is existed since 16:38
Request Successful!12-14 19:26:06
check if there is a ticket. One critical alert is existed since 16:38
Request Successful!12-14 19:29:08
check if there is a ticket. One critical alert is existed since 16:38
Request Successful!12-14 19:32:10
check if there is a ticket. One critical alert is existed since 16:38
Request Successful!12-14 19:35:12
check if there is a ticket. One critical alert is existed since 16:38
Request Successful!12-14 19:38:14
check if there is a ticket. One critical alert is existed since 16:38
Request Successful!12-14 19:41:16
check if there is a ticket. One critical alert is existed since 16:38
Request Successful!12-14 19:44:18
check if there is a ticket. One critical alert is existed since 16:38
Request Successful!12-14 19:47:21
check if there is a ticket. One critical alert is existed since 16:38
Request Successful!12-14 19:50:23
check if there is a ticket. One critical alert is existed since 16:38
Request Successful!12-14 19:53:24
check if there is a ticket. One critical alert is existed since 16:38
Request Successful!12-14 19:56:26
check if there is a ticket. One critical alert is existed since 16:38
Request Successful!12-14 19:59:28
New alert more than 5 minutes! See details below: 
CRITICAL
for 4m 41s
B2Bi queue health: "B2Bi CI HME - PROD_Framework_Parallel_001.401_SerialSTD_Dyn_10_ExecuteMasterDynMBC_HM"
on
B2Bi Application Server - Stream 1C
CRITICAL - Queue "B2Bi CI HME - PROD_Framework_Parallel_001.401_SerialSTD_Dyn_10_ExecuteMasterDynMBC_HM" ("hierchmessage_7335"/"queue_13"):
check if there is a ticket. One critical alert is existed since 16:38
Request Successful!12-14 20:02:40
check if there is a ticket. One critical alert is existed since 16:38
Request Successful!12-14 20:05:42
check if there is a ticket. One critical alert is existed since 16:38
Request Successful!12-14 20:08:44
check if there is a ticket. One critical alert is existed since 16:38
Request Successful!12-14 20:11:46
check if there is a ticket. One critical alert is existed since 16:38
Request Successful!12-14 20:14:48
check if there is a ticket. One critical alert is existed since 16:38
Request Successful!12-14 20:17:50
check if there is a ticket. One critical alert is existed since 16:38
Request Successful!12-14 20:20:52
check if there is a ticket. One critical alert is existed since 16:38
Request Successful!12-14 20:23:54
check if there is a ticket. One critical alert is existed since 16:38
Request Successful!12-14 20:26:56
check if there is a ticket. One critical alert is existed since 16:38
Request Successful!12-14 20:29:58
check if there is a ticket. One critical alert is existed since 16:38
Request Successful!12-14 20:33:00
New alert more than 5 minutes! See details below: 
CRITICAL
for 5m 29s
Check if there're unprocessed monitoring events piling up in mon_events_processing_scn
on
b2biprddb1.sl3.comp.db.de
CRIT : 162643 entries in mon_events_processing_scn. Critical threshold 100000 breached!
check if there is a ticket. One critical alert is existed since 16:38
Request Successful!12-14 20:36:11
check if there is a ticket. One critical alert is existed since 16:38
Request Successful!12-14 20:39:14
check if there is a ticket. One critical alert is existed since 16:38
Request Successful!12-14 20:42:16
check if there is a ticket. One critical alert is existed since 16:38
Request Successful!12-14 20:45:18
25 unhandled critical alerts
