Request Successful!02-05 16:11:40
Request Successful!02-05 16:12:41
Request Successful!02-05 16:13:43
Request Successful!02-05 16:14:44
Request Successful!02-05 16:15:46
Request Successful!02-05 16:16:47
Request Successful!02-05 16:17:49
Request Successful!02-05 16:18:51
Request Successful!02-05 16:19:52
Request Successful!02-05 16:20:54
Request Successful!02-05 16:21:56
Request Successful!02-05 16:22:57
Request Successful!02-05 16:23:59
Request Successful!02-05 16:25:01
Request Successful!02-05 16:26:02
Request Successful!02-05 16:27:04
Request Successful!02-05 16:28:06
Request Successful!02-05 16:29:08
Request Successful!02-05 16:30:09
Request Successful!02-05 16:31:11
Request Successful!02-05 16:32:13
Request Successful!02-05 16:33:15
Request Successful!02-05 16:34:16
Request Successful!02-05 16:35:19
Request Successful!02-05 16:36:21
Request Successful!02-05 16:37:23
New alert more than 5 minutes! See details below: 
CRITICAL
for 1m 6s
B2Bi queue health: "B2Bi CI HME - PROD_Framework_Parallel_001.101_Parallel_Dyn_10_ExecuteMasterDynMBC_HM"
on
B2Bi Application Server - Stream 3C (Multicluster)
CRITICAL - Queue "B2Bi CI HME - PROD_Framework_Parallel_001.101_Parallel_Dyn_10_ExecuteMasterDynMBC_HM" ("hierchmessage_9931"/"queue_16"):
Request Successful!02-05 16:38:35
Request Successful!02-05 16:39:36
Request Successful!02-05 16:40:38
Request Successful!02-05 16:41:39
Request Successful!02-05 16:42:41
Request Successful!02-05 16:43:43
New alert more than 5 minutes! See details below: 
CRITICAL
for 1m 17s
Soft 1/2
B2Bi queue health: "B2Bi Logger 16"
on
B2Bi Application Server - Stream 1C
CRITICAL - Queue "B2Bi Logger 16" ("logger_1577"/"queue_13"):
Request Successful!02-05 16:44:55
Request Successful!02-05 16:45:57
Request Successful!02-05 16:46:59
Request Successful!02-05 16:48:01
Request Successful!02-05 16:49:02
Request Successful!02-05 16:50:04
Request Successful!02-05 16:51:06
Request Successful!02-05 16:52:07
Request Successful!02-05 16:53:09
Request Successful!02-05 16:54:11
Request Successful!02-05 16:55:12
Request Successful!02-05 16:56:14
Request Successful!02-05 16:57:16
Request Successful!02-05 16:58:17
Request Successful!02-05 16:59:19
Request Successful!02-05 17:00:21
Request Successful!02-05 17:01:22
Request Successful!02-05 17:02:24
Request Successful!02-05 17:03:26
Request Successful!02-05 17:04:28
Request Successful!02-05 17:05:29
Request Successful!02-05 17:06:31
Request Successful!02-05 17:07:33
Request Successful!02-05 17:08:34
Request Successful!02-05 17:09:36
Request Successful!02-05 17:10:38
Request Successful!02-05 17:11:40
Request Successful!02-05 17:12:41
Request Successful!02-05 17:13:43
Request Successful!02-05 17:14:45
Request Successful!02-05 17:15:46
Request Successful!02-05 17:16:48
Request Successful!02-05 17:17:49
Request Successful!02-05 17:18:51
Request Successful!02-05 17:19:53
Request Successful!02-05 17:20:54
Request Successful!02-05 17:21:56
New alert more than 5 minutes! See details below: 
CRITICAL
for 1m 23s
B2Bi queue health: "B2Bi CI HME - PROD_Framework_Parallel_001.101_Parallel_Dyn_10_ExecuteMasterDynMBC_HM"
on
B2Bi Application Server - Stream 3E (Multicluster)
CRITICAL - Queue "B2Bi CI HME - PROD_Framework_Parallel_001.101_Parallel_Dyn_10_ExecuteMasterDynMBC_HM" ("hierchmessage_9931"/"queue_16"):
Request Successful!02-05 17:23:07
New alert more than 5 minutes! See details below: 
CRITICAL
for 2m 35s
B2Bi queue health: "B2Bi CI HME - PROD_Framework_Parallel_001.101_Parallel_Dyn_10_ExecuteMasterDynMBC_HM"
on
B2Bi Application Server - Stream 3E (Multicluster)
CRITICAL - Queue "B2Bi CI HME - PROD_Framework_Parallel_001.101_Parallel_Dyn_10_ExecuteMasterDynMBC_HM" ("hierchmessage_9931"/"queue_16"):
Request Successful!02-05 17:24:19
Request Successful!02-05 17:25:20
Request Successful!02-05 17:26:22
Request Successful!02-05 17:27:24
Request Successful!02-05 17:28:25
Request Successful!02-05 17:29:27
New alert more than 5 minutes! See details below: 
CRITICAL
for 1m 34s
Soft 1/2
B2Bi queue health: "B2Bi Logger 12"
on
B2Bi Application Server - Stream 1C
CRITICAL - Queue "B2Bi Logger 12" ("logger_1569"/"queue_13"):
Request Successful!02-05 17:30:38
Request Successful!02-05 17:31:40
Request Successful!02-05 17:32:42
Request Successful!02-05 17:33:43
Request Successful!02-05 17:34:50
Request Successful!02-05 17:35:53
Request Successful!02-05 17:36:55
Request Successful!02-05 17:37:56
Request Successful!02-05 17:38:58
Request Successful!02-05 17:40:00
Request Successful!02-05 17:41:01
Request Successful!02-05 17:42:03
Request Successful!02-05 17:43:05
Request Successful!02-05 17:44:06
Request Successful!02-05 17:45:08
New alert more than 5 minutes! See details below: 
CRITICAL
for 1m 19s
Soft 1/2
B2Bi queue health: "B2Bi Logger 2"
on
B2Bi Application Server - Stream 2B (Multicluster - VIP)
CRITICAL - Queue "B2Bi Logger 2" ("logger_1012"/"queue_16"):
Request Successful!02-05 17:46:19
Request Successful!02-05 17:47:22
Request Successful!02-05 17:48:24
Request Successful!02-05 17:49:26
Request Successful!02-05 17:50:28
Request Successful!02-05 17:51:29
Request Successful!02-05 17:52:31
Request Successful!02-05 17:53:32
Request Successful!02-05 17:54:34
Request Successful!02-05 17:55:36
Request Successful!02-05 17:56:37
Request Successful!02-05 17:57:39
Request Successful!02-05 17:58:40
Request Successful!02-05 17:59:42
Request Successful!02-05 18:00:44
Request Successful!02-05 18:01:45
Request Successful!02-05 18:02:47
Request Successful!02-05 18:03:48
Request Successful!02-05 18:04:50
Request Successful!02-05 18:05:52
Request Successful!02-05 18:06:53
Request Successful!02-05 18:07:55
Request Successful!02-05 18:08:56
Request Successful!02-05 18:09:58
Request Successful!02-05 18:11:00
Request Successful!02-05 18:12:01
Request Successful!02-05 18:13:03
Request Successful!02-05 18:14:05
Request Successful!02-05 18:15:06
Request Successful!02-05 18:16:08
Request Successful!02-05 18:17:09
Request Successful!02-05 18:18:11
Request Successful!02-05 18:19:12
Request Successful!02-05 18:20:14
Request Successful!02-05 18:21:16
Request Successful!02-05 18:22:17
Request Successful!02-05 18:23:19
Request Successful!02-05 18:24:20
Request Successful!02-05 18:25:22
Request Successful!02-05 18:26:24
Request Successful!02-05 18:27:25
Request Successful!02-05 18:28:27
Request Successful!02-05 18:29:28
Request Successful!02-05 18:30:30
Request Successful!02-05 18:31:32
Request Successful!02-05 18:32:33
Request Successful!02-05 18:33:35
Request Successful!02-05 18:34:36
Request Successful!02-05 18:35:38
New alert more than 5 minutes! See details below: 
CRITICAL
for 1m 53s
Soft 1/2
JMS Loop - Send test file to scintilla and expect it back.
on
B2Bi Application Server - Stream 1C
Timed out waiting for test file after 570 seconds.
Request Successful!02-05 18:36:49
Request Successful!02-05 18:37:51
Request Successful!02-05 18:38:52
New alert more than 5 minutes! See details below: 
CRITICAL
for 1m 27s
Soft 1/2
B2Bi queue health: "B2Bi Logger 15"
on
B2Bi Application Server - Stream 2A (Multicluster - VIP)
CRITICAL - Queue "B2Bi Logger 15" ("logger_1038"/"queue_16"):
Request Successful!02-05 18:40:04
Request Successful!02-05 18:41:06
Request Successful!02-05 18:42:08
Request Successful!02-05 18:43:09
Request Successful!02-05 18:44:11
New alert more than 5 minutes! See details below: 
CRITICAL
for 1m 28s
Soft 1/2
B2Bi queue health: "B2Bi CI HME - PROD_Framework_Parallel_001.301_SerialLarge_Out_70_PostProcessDynMBC_HM"
on
B2Bi Application Server - Stream 1C
CRITICAL - Queue "B2Bi CI HME - PROD_Framework_Parallel_001.301_SerialLarge_Out_70_PostProcessDynMBC_HM" ("hierchmessage_7243"/"queue_13"):
Request Successful!02-05 18:45:22
Request Successful!02-05 18:46:24
Request Successful!02-05 18:47:25
Request Successful!02-05 18:48:27
Request Successful!02-05 18:49:29
Request Successful!02-05 18:50:30
Request Successful!02-05 18:51:32
Request Successful!02-05 18:52:33
Request Successful!02-05 18:53:35
Request Successful!02-05 18:54:36
Request Successful!02-05 18:55:38
Request Successful!02-05 18:56:40
Request Successful!02-05 18:57:41
Request Successful!02-05 18:58:43
Request Successful!02-05 18:59:44
Request Successful!02-05 19:00:46
Request Successful!02-05 19:01:47
Request Successful!02-05 19:02:49
Request Successful!02-05 19:03:51
Request Successful!02-05 19:04:52
Request Successful!02-05 19:05:54
Request Successful!02-05 19:06:55
Request Successful!02-05 19:07:57
Request Successful!02-05 19:08:58
Request Successful!02-05 19:10:00
Request Successful!02-05 19:11:01
Request Successful!02-05 19:12:03
Request Successful!02-05 19:13:04
Request Successful!02-05 19:14:06
Request Successful!02-05 19:15:08
Request Successful!02-05 19:16:09
Request Successful!02-05 19:17:11
Request Successful!02-05 19:18:12
Request Successful!02-05 19:19:14
Request Successful!02-05 19:20:15
Request Successful!02-05 19:21:17
Request Successful!02-05 19:22:18
Request Successful!02-05 19:23:20
Request Successful!02-05 19:24:21
Request Successful!02-05 19:25:23
Request Successful!02-05 19:26:24
Request Successful!02-05 19:27:26
Request Successful!02-05 19:28:27
Request Successful!02-05 19:29:29
Request Successful!02-05 19:30:30
Request Successful!02-05 19:31:31
Request Successful!02-05 19:32:33
Request Successful!02-05 19:33:34
Request Successful!02-05 19:34:36
Request Successful!02-05 19:35:37
Request Successful!02-05 19:36:39
Request Successful!02-05 19:37:40
Request Successful!02-05 19:38:42
Request Successful!02-05 19:39:43
Request Successful!02-05 19:40:45
Request Successful!02-05 19:41:46
Request Successful!02-05 19:42:47
Request Successful!02-05 19:43:49
Request Successful!02-05 19:44:50
Request Successful!02-05 19:45:51
Request Successful!02-05 19:46:53
Request Successful!02-05 19:47:54
Request Successful!02-05 19:48:56
Request Successful!02-05 19:49:57
Request Successful!02-05 19:50:59
Request Successful!02-05 19:52:00
Request Successful!02-05 19:53:02
Request Successful!02-05 19:54:03
Request Successful!02-05 19:55:05
Request Successful!02-05 19:56:06
Request Successful!02-05 19:57:07
Request Successful!02-05 19:58:09
Request Successful!02-05 19:59:10
Request Successful!02-05 20:00:12
Request Successful!02-05 20:01:13
Request Successful!02-05 20:02:14
Request Successful!02-05 20:03:16
Request Successful!02-05 20:04:17
Request Successful!02-05 20:05:19
Request Successful!02-05 20:06:20
Request Successful!02-05 20:07:22
Request Successful!02-05 20:08:23
Request Successful!02-05 20:09:24
Request Successful!02-05 20:10:26
Request Successful!02-05 20:11:27
Request Successful!02-05 20:12:28
Request Successful!02-05 20:13:30
Request Successful!02-05 20:14:31
Request Successful!02-05 20:15:32
Request Successful!02-05 20:16:34
Request Successful!02-05 20:17:35
Request Successful!02-05 20:18:37
New alert more than 5 minutes! See details below: 
CRITICAL
for 1m 44s
Soft 1/2
B2Bi queue health: "B2Bi CI HME - PROD_Framework_Parallel_001.402_SerialSTD_Inb_10_FetchRef_HM"
on
B2Bi Application Server - Stream 1A
CRITICAL - Queue "B2Bi CI HME - PROD_Framework_Parallel_001.402_SerialSTD_Inb_10_FetchRef_HM" ("hierchmessage_2387"/"queue_13"):
Request Successful!02-05 20:19:48
Request Successful!02-05 20:20:49
Request Successful!02-05 20:21:51
Request Successful!02-05 20:22:52
Request Successful!02-05 20:23:53
Request Successful!02-05 20:24:55
Request Successful!02-05 20:25:56
Request Successful!02-05 20:26:57
Request Successful!02-05 20:27:59
Request Successful!02-05 20:29:00
Request Successful!02-05 20:30:02
Request Successful!02-05 20:31:03
Request Successful!02-05 20:32:04
Request Successful!02-05 20:33:06
Request Successful!02-05 20:34:07
Request Successful!02-05 20:35:09
Request Successful!02-05 20:36:10
Request Successful!02-05 20:37:11
Request Successful!02-05 20:38:13
Request Successful!02-05 20:39:14
Request Successful!02-05 20:40:16
Request Successful!02-05 20:41:17
Request Successful!02-05 20:42:18
Request Successful!02-05 20:43:20
Request Successful!02-05 20:44:21
Request Successful!02-05 20:45:22
Request Successful!02-05 20:46:24
Request Successful!02-05 20:47:25
Request Successful!02-05 20:48:26
Request Successful!02-05 20:49:28
Request Successful!02-05 20:50:29
Request Successful!02-05 20:51:31
Request Successful!02-05 20:52:32
Request Successful!02-05 20:53:33
Request Successful!02-05 20:54:35
Request Successful!02-05 20:55:36
Request Successful!02-05 20:56:38
New alert more than 5 minutes! See details below: 
CRITICAL
for 1m 33s
Soft 1/2
B2Bi queue health: "B2Bi Logger 11"
on
B2Bi Application Server - Stream 2B (Multicluster - VIP)
CRITICAL - Queue "B2Bi Logger 11" ("logger_1030"/"queue_16"):
Request Successful!02-05 20:57:49
Request Successful!02-05 20:58:50
Request Successful!02-05 20:59:51
Request Successful!02-05 21:00:53
Request Successful!02-05 21:01:54
Request Successful!02-05 21:02:56
Request Successful!02-05 21:03:57
Request Successful!02-05 21:04:58
Request Successful!02-05 21:06:00
Request Successful!02-05 21:07:01
Request Successful!02-05 21:08:02
Request Successful!02-05 21:09:04
Request Successful!02-05 21:10:05
New alert more than 5 minutes! See details below: 
CRITICAL
for 1m 33s
Soft 1/2
B2Bi queue health: "B2Bi Logger 15"
on
B2Bi Application Server - Stream 2B (Multicluster - VIP)
CRITICAL - Queue "B2Bi Logger 15" ("logger_1038"/"queue_16"):
Request Successful!02-05 21:11:16
Request Successful!02-05 21:12:18
Request Successful!02-05 21:13:19
Request Successful!02-05 21:14:20
Request Successful!02-05 21:15:22
Request Successful!02-05 21:16:23
Request Successful!02-05 21:17:25
Request Successful!02-05 21:18:26
Request Successful!02-05 21:19:28
Request Successful!02-05 21:20:30
Request Successful!02-05 21:21:31
Request Successful!02-05 21:22:33
Request Successful!02-05 21:23:34
Request Successful!02-05 21:24:36
Request Successful!02-05 21:25:37
Request Successful!02-05 21:26:39
Request Successful!02-05 21:27:40
Request Successful!02-05 21:28:42
Request Successful!02-05 21:29:43
Request Successful!02-05 21:30:45
Request Successful!02-05 21:31:47
Request Successful!02-05 21:32:48
Request Successful!02-05 21:33:50
Request Successful!02-05 21:34:51
Request Successful!02-05 21:35:53
Request Successful!02-05 21:36:55
Request Successful!02-05 21:37:56
Request Successful!02-05 21:38:58
Request Successful!02-05 21:39:59
Request Successful!02-05 21:41:01
Request Successful!02-05 21:42:02
Request Successful!02-05 21:43:04
Request Successful!02-05 21:44:05
Request Successful!02-05 21:45:07
Request Successful!02-05 21:46:09
Request Successful!02-05 21:47:10
Request Successful!02-05 21:48:12
New alert more than 5 minutes! See details below: 
CRITICAL
for 1m 18s
Soft 1/2
B2Bi queue health: "B2Bi CI HME - PROD_Framework_Parallel_001.402_SerialSTD_Inb_10_FetchRef_HM"
on
B2Bi Application Server - Stream 1A
CRITICAL - Queue "B2Bi CI HME - PROD_Framework_Parallel_001.402_SerialSTD_Inb_10_FetchRef_HM" ("hierchmessage_2387"/"queue_13"):
New alert more than 5 minutes! See details below: 
CRITICAL
for 1m 37s
Soft 1/2
B2Bi queue health: "B2Bi CI HME - PROD_Framework_Parallel_001.101_Parallel_Out_20_InhouseEnveloper(Inhouse)_HM"
on
B2Bi Application Server - Stream 1A
CRITICAL - Queue "B2Bi CI HME - PROD_Framework_Parallel_001.101_Parallel_Out_20_InhouseEnveloper(Inhouse)_HM" ("hierchmessage_2367"/"queue_13"):
Request Successful!02-05 21:49:32
Request Successful!02-05 21:50:34
Request Successful!02-05 21:51:36
Request Successful!02-05 21:52:37
Request Successful!02-05 21:53:39
Request Successful!02-05 21:54:40
Request Successful!02-05 21:55:42
Request Successful!02-05 21:56:43
Request Successful!02-05 21:57:45
Request Successful!02-05 21:58:46
Request Successful!02-05 21:59:48
Request Successful!02-05 22:00:49
Request Successful!02-05 22:01:51
Request Successful!02-05 22:02:53
Request Successful!02-05 22:03:54
New alert more than 5 minutes! See details below: 
CRITICAL
for 1m 24s
Soft 1/2
B2Bi queue health: "B2Bi Logger 18"
on
B2Bi Application Server - Stream 3E (Multicluster)
CRITICAL - Queue "B2Bi Logger 18" ("logger_1044"/"queue_16"):
Request Successful!02-05 22:05:06
Request Successful!02-05 22:06:07
Request Successful!02-05 22:07:09
Request Successful!02-05 22:08:11
Request Successful!02-05 22:09:12
Request Successful!02-05 22:10:14
Request Successful!02-05 22:11:15
Request Successful!02-05 22:12:17
Request Successful!02-05 22:13:19
Request Successful!02-05 22:14:20
Request Successful!02-05 22:15:22
Request Successful!02-05 22:16:23
Request Successful!02-05 22:17:25
Request Successful!02-05 22:18:26
Request Successful!02-05 22:19:28
Request Successful!02-05 22:20:29
Request Successful!02-05 22:21:31
Request Successful!02-05 22:22:32
Request Successful!02-05 22:23:34
Request Successful!02-05 22:24:35
Request Successful!02-05 22:25:37
Request Successful!02-05 22:26:38
Request Successful!02-05 22:27:40
Request Successful!02-05 22:28:41
Request Successful!02-05 22:29:43
Request Successful!02-05 22:30:44
Request Successful!02-05 22:31:46
Request Successful!02-05 22:32:47
Request Successful!02-05 22:33:49
New alert more than 5 minutes! See details below: 
CRITICAL
for 1m 51s
Soft 1/2
B2Bi queue health: "B2Bi CI HME - PROD_Framework_Parallel_001.101_Parallel_Out_20_InhouseEnveloper(Inhouse)_HM"
on
B2Bi Application Server - Stream 1A
CRITICAL - Queue "B2Bi CI HME - PROD_Framework_Parallel_001.101_Parallel_Out_20_InhouseEnveloper(Inhouse)_HM" ("hierchmessage_2367"/"queue_13"):
Request Successful!02-05 22:35:00
Request Successful!02-05 22:36:02
Request Successful!02-05 22:37:03
Request Successful!02-05 22:38:05
Request Successful!02-05 22:39:06
Request Successful!02-05 22:40:08
Request Successful!02-05 22:41:09
Request Successful!02-05 22:42:11
Request Successful!02-05 22:43:12
Request Successful!02-05 22:44:14
Request Successful!02-05 22:45:15
Request Successful!02-05 22:46:17
Request Successful!02-05 22:47:18
Request Successful!02-05 22:48:20
Request Successful!02-05 22:49:21
Request Successful!02-05 22:50:23
New alert more than 5 minutes! See details below: 
CRITICAL
for 1m 16s
Soft 1/2
B2Bi queue health: "B2Bi Logger 12"
on
B2Bi Application Server - Stream 2B (Multicluster - VIP)
CRITICAL - Queue "B2Bi Logger 12" ("logger_1032"/"queue_16"):
Request Successful!02-05 22:51:34
Request Successful!02-05 22:52:35
Request Successful!02-05 22:53:37
Request Successful!02-05 22:54:38
Request Successful!02-05 22:55:40
Request Successful!02-05 22:56:41
Request Successful!02-05 22:57:43
Request Successful!02-05 22:58:44
Request Successful!02-05 22:59:46
Request Successful!02-05 23:00:47
Request Successful!02-05 23:01:49
Request Successful!02-05 23:02:50
Request Successful!02-05 23:03:52
Request Successful!02-05 23:04:53
Request Successful!02-05 23:05:55
Request Successful!02-05 23:06:56
Request Successful!02-05 23:07:58
Request Successful!02-05 23:09:02
Request Successful!02-05 23:10:03
HTTPSConnectionPool(host='b2biprddep1.sl3.comp.db.de', port=443): Max retries exceeded with url: /icingaweb2/monitoring/list/services?service_problem=1&sort=service_severity&dir=desc (Caused by SSLError(SSLEOFError(8, '[SSL: UNEXPECTED_EOF_WHILE_READING] EOF occurred in violation of protocol (_ssl.c:1006)')))
Request Successful!02-05 23:12:10
Request Successful!02-05 23:13:12
Request Successful!02-05 23:14:13
Request Successful!02-05 23:15:15
Request Successful!02-05 23:16:17
Request Successful!02-05 23:17:18
Request Successful!02-05 23:18:20
Request Successful!02-05 23:19:21
Request Successful!02-05 23:20:23
Request Successful!02-05 23:21:24
Request Successful!02-05 23:22:26
Request Successful!02-05 23:23:27
Request Successful!02-05 23:24:29
