Request Successful!10-06 15:44:48
Request Successful!10-06 15:47:49
Request Successful!10-06 15:51:01
Request Successful!10-06 15:54:04
Request Successful!10-06 15:57:07
Request Successful!10-06 16:00:09
Request Successful!10-06 16:03:10
Request Successful!10-06 16:06:12
Request Successful!10-06 16:09:13
Request Successful!10-06 16:12:15
Request Successful!10-06 16:15:17
Request Successful!10-06 16:18:19
Request Successful!10-06 16:21:23
Request Successful!10-06 16:24:27
Request Successful!10-06 16:27:29
Request Successful!10-06 16:30:40
('Connection aborted.', RemoteDisconnected('Remote end closed connection without response'))
Request Successful!10-06 16:39:09
Request Successful!10-06 16:42:10
Request Successful!10-06 16:45:33
Request Successful!10-06 16:48:36
Request Successful!10-06 16:52:22
Request Successful!10-06 16:55:25
Request Successful!10-06 16:58:30
Request Successful!10-06 17:01:33
Request Successful!10-06 17:04:37
Request Successful!10-06 17:07:39
Request Successful!10-06 17:10:40
Request Successful!10-06 17:13:41
Request Successful!10-06 17:16:43
Request Successful!10-06 17:19:44
Request Successful!10-06 17:22:45
Request Successful!10-06 17:25:47
Request Successful!10-06 17:28:48
Request Successful!10-06 17:31:49
Request Successful!10-06 17:34:51
Request Successful!10-06 17:37:52
Request Successful!10-06 17:40:53
Request Successful!10-06 17:43:55
Request Successful!10-06 17:46:56
Request Successful!10-06 17:49:57
Request Successful!10-06 17:52:59
Request Successful!10-06 17:56:00
Request Successful!10-06 17:59:01
Request Successful!10-06 18:02:03
Request Successful!10-06 18:05:04
Request Successful!10-06 18:08:05
Request Successful!10-06 18:11:07
Request Successful!10-06 18:14:08
Request Successful!10-06 18:17:09
Request Successful!10-06 18:20:10
Request Successful!10-06 18:23:12
Request Successful!10-06 18:26:13
Request Successful!10-06 18:29:14
Request Successful!10-06 18:32:16
Request Successful!10-06 18:35:17
Request Successful!10-06 18:38:18
Request Successful!10-06 18:41:20
Request Successful!10-06 18:44:21
Request Successful!10-06 18:47:22
Request Successful!10-06 18:50:24
Request Successful!10-06 18:53:25
Request Successful!10-06 18:56:26
Request Successful!10-06 18:59:28
Request Successful!10-06 19:02:29
Request Successful!10-06 19:05:31
Request Successful!10-06 19:08:32
Request Successful!10-06 19:11:33
Request Successful!10-06 19:14:34
Request Successful!10-06 19:17:36
Request Successful!10-06 19:20:37
Request Successful!10-06 19:23:38
Request Successful!10-06 19:26:40
Request Successful!10-06 19:29:41
Request Successful!10-06 19:32:42
Request Successful!10-06 19:35:44
Request Successful!10-06 19:38:45
New alert more than 5 minutes! See details below: 
CRITICAL
for 3m 42s
B2Bi queue health: "B2Bi CI HME - PROD_Framework_Parallel_001.Z_Local_402_Serial_Out_20_InhouseEnveloper(Inhouse)_4_SAG_ETGOIT_HM"
on
B2Bi Application Server - Stream 1B
CRITICAL - Queue "B2Bi CI HME - PROD_Framework_Parallel_001.Z_Local_402_Serial_Out_20_InhouseEnveloper(Inhouse)_4_SAG_ETGOIT_HM" ("hierchmessage_11217"/"queue_13"):
Request Successful!10-06 19:41:57
Request Successful!10-06 19:44:59
Request Successful!10-06 19:48:00
Request Successful!10-06 19:51:01
Request Successful!10-06 19:54:03
Request Successful!10-06 19:57:04
Request Successful!10-06 20:00:06
Request Successful!10-06 20:03:07
check if there is a ticket. One critical alert is existed since Sep 30
check if there is a ticket. One critical alert is existed since Sep 30
Request Successful!10-06 20:06:08
check if there is a ticket. One critical alert is existed since Sep 30
check if there is a ticket. One critical alert is existed since Sep 30
Request Successful!10-06 20:09:10
check if there is a ticket. One critical alert is existed since Sep 30
check if there is a ticket. One critical alert is existed since Sep 30
Request Successful!10-06 20:12:11
check if there is a ticket. One critical alert is existed since Sep 30
check if there is a ticket. One critical alert is existed since Sep 30
Request Successful!10-06 20:15:12
check if there is a ticket. One critical alert is existed since Sep 30
check if there is a ticket. One critical alert is existed since Sep 30
Request Successful!10-06 20:18:14
check if there is a ticket. One critical alert is existed since Sep 30
check if there is a ticket. One critical alert is existed since Sep 30
Request Successful!10-06 20:21:15
check if there is a ticket. One critical alert is existed since Sep 30
check if there is a ticket. One critical alert is existed since Sep 30
Request Successful!10-06 20:24:16
check if there is a ticket. One critical alert is existed since Sep 30
check if there is a ticket. One critical alert is existed since Sep 30
Request Successful!10-06 20:27:18
check if there is a ticket. One critical alert is existed since Sep 30
check if there is a ticket. One critical alert is existed since Sep 30
Request Successful!10-06 20:30:19
Request Successful!10-06 20:33:20
Request Successful!10-06 20:36:21
Request Successful!10-06 20:39:23
Request Successful!10-06 20:42:24
Request Successful!10-06 20:45:25
Request Successful!10-06 20:48:27
Request Successful!10-06 20:51:28
Request Successful!10-06 20:54:29
Request Successful!10-06 20:57:31
Request Successful!10-06 21:00:32
Request Successful!10-06 21:03:34
Request Successful!10-06 21:06:35
Request Successful!10-06 21:09:36
Request Successful!10-06 21:12:37
Request Successful!10-06 21:15:39
New alert more than 5 minutes! See details below: 
CRITICAL
for 4m 22s
Check size of queue "LQ.CUST1C on "QM.SWORD"
on
MQM Server Production
CRITICAL - Queue depth exceeding critical limit
Request Successful!10-06 21:18:51
Request Successful!10-06 21:21:52
Request Successful!10-06 21:24:54
Request Successful!10-06 21:27:55
Request Successful!10-06 21:30:56
Request Successful!10-06 21:33:58
Request Successful!10-06 21:36:59
Request Successful!10-06 21:40:01
Request Successful!10-06 21:43:02
Request Successful!10-06 21:46:03
Request Successful!10-06 21:49:04
Request Successful!10-06 21:52:06
Request Successful!10-06 21:55:07
Request Successful!10-06 21:58:08
Request Successful!10-06 22:01:10
Request Successful!10-06 22:04:11
Request Successful!10-06 22:07:12
Request Successful!10-06 22:10:14
Request Successful!10-06 22:13:15
Request Successful!10-06 22:16:16
Request Successful!10-06 22:19:18
Request Successful!10-06 22:22:19
Request Successful!10-06 22:25:20
Request Successful!10-06 22:28:21
Request Successful!10-06 22:31:23
Request Successful!10-06 22:34:24
Request Successful!10-06 22:37:25
Request Successful!10-06 22:40:27
Request Successful!10-06 22:43:28
Request Successful!10-06 22:46:29
Request Successful!10-06 22:49:31
Request Successful!10-06 22:52:32
Request Successful!10-06 22:55:33
New alert more than 5 minutes! See details below: 
CRITICAL
for 4m 12s
B2Bi queue health: "B2Bi CI HME - PROD_Framework_Parallel_001.101_Parallel_Inb_10_FetchRef_HM"
on
B2Bi Application Server - Stream 3B (Multicluster)
CRITICAL - Queue "B2Bi CI HME - PROD_Framework_Parallel_001.101_Parallel_Inb_10_FetchRef_HM" ("hierchmessage_9799"/"queue_16"):
Request Successful!10-06 22:58:45
Request Successful!10-06 23:01:47
Request Successful!10-06 23:04:48
Request Successful!10-06 23:07:49
Request Successful!10-06 23:10:51
Request Successful!10-06 23:13:52
Request Successful!10-06 23:16:53
Request Successful!10-06 23:19:55
Request Successful!10-06 23:22:56
