Request Successful!01-29 15:56:15
Request Successful!01-29 15:59:16
Request Successful!01-29 16:02:18
Request Successful!01-29 16:05:19
Request Successful!01-29 16:08:20
Request Successful!01-29 16:11:22
Request Successful!01-29 16:14:23
Request Successful!01-29 16:17:25
Request Successful!01-29 16:20:26
Request Successful!01-29 16:23:27
Request Successful!01-29 16:26:29
Request Successful!01-29 16:29:30
Request Successful!01-29 16:32:32
Request Successful!01-29 16:35:33
Request Successful!01-29 16:38:35
Request Successful!01-29 16:41:36
Request Successful!01-29 16:44:37
Request Successful!01-29 16:47:39
Request Successful!01-29 16:50:40
Request Successful!01-29 16:53:42
Request Successful!01-29 16:56:43
Request Successful!01-29 16:59:45
Request Successful!01-29 17:02:46
Request Successful!01-29 17:05:47
Request Successful!01-29 17:08:51
Request Successful!01-29 17:11:52
Request Successful!01-29 17:14:54
Request Successful!01-29 17:17:56
Request Successful!01-29 17:20:57
Request Successful!01-29 17:23:59
Request Successful!01-29 17:27:01
Request Successful!01-29 17:30:02
Request Successful!01-29 17:33:04
Request Successful!01-29 17:36:05
Request Successful!01-29 17:39:07
Request Successful!01-29 17:42:09
Request Successful!01-29 17:45:10
Request Successful!01-29 17:48:12
Request Successful!01-29 17:51:13
Request Successful!01-29 17:54:15
Request Successful!01-29 17:57:16
Request Successful!01-29 18:00:18
Request Successful!01-29 18:03:20
Request Successful!01-29 18:06:21
Request Successful!01-29 18:09:23
Request Successful!01-29 18:12:25
Request Successful!01-29 18:15:26
Request Successful!01-29 18:18:28
Request Successful!01-29 18:21:30
New alert more than 5 minutes! See details below: 
CRITICAL
for 3m 51s
Check if we still can connect to ftp.sword.dbschenker.com using ftp.
on
b2biprdxsr5.sl3.comp.db.de
CRITICAL : No data received from host
New alert more than 5 minutes! See details below: 
CRITICAL
for 3m 54s
Check if we still can connect to ftp.sword.dbschenker.com host using ssh.
on
b2biprdxsr7.sl3.comp.db.de
CRITICAL : Server answer:
New alert more than 5 minutes! See details below: 
CRITICAL
for 4m 46s
Check if we still can connect to ftp.sword.dbschenker.com using ftp.
on
b2biprdxsr1.sl3.comp.db.de
CRITICAL : No data received from host
Request Successful!01-29 18:25:03
Request Successful!01-29 18:28:04
Request Successful!01-29 18:31:06
Request Successful!01-29 18:34:07
Request Successful!01-29 18:37:09
Request Successful!01-29 18:40:11
Request Successful!01-29 18:43:12
Request Successful!01-29 18:46:14
Request Successful!01-29 18:49:16
Request Successful!01-29 18:52:18
Request Successful!01-29 18:55:20
Request Successful!01-29 18:58:21
Request Successful!01-29 19:01:23
Request Successful!01-29 19:04:25
Request Successful!01-29 19:07:28
Request Successful!01-29 19:10:29
Request Successful!01-29 19:13:31
Request Successful!01-29 19:16:33
Request Successful!01-29 19:19:34
Request Successful!01-29 19:22:36
Request Successful!01-29 19:25:37
Request Successful!01-29 19:28:39
Request Successful!01-29 19:31:41
Request Successful!01-29 19:34:42
Request Successful!01-29 19:37:44
Request Successful!01-29 19:40:45
Request Successful!01-29 19:43:47
Request Successful!01-29 19:46:49
Request Successful!01-29 19:49:50
Request Successful!01-29 19:52:52
Request Successful!01-29 19:55:54
Request Successful!01-29 19:58:55
Request Successful!01-29 20:01:57
Request Successful!01-29 20:04:59
Request Successful!01-29 20:08:00
Request Successful!01-29 20:11:02
Request Successful!01-29 20:14:03
Request Successful!01-29 20:17:05
Request Successful!01-29 20:20:06
Request Successful!01-29 20:23:08
Request Successful!01-29 20:26:10
Request Successful!01-29 20:29:11
Request Successful!01-29 20:32:13
Request Successful!01-29 20:35:15
Request Successful!01-29 20:38:16
Request Successful!01-29 20:41:18
Request Successful!01-29 20:44:20
Request Successful!01-29 20:47:21
Request Successful!01-29 20:50:23
Request Successful!01-29 20:53:25
Request Successful!01-29 20:56:26
Request Successful!01-29 20:59:28
Request Successful!01-29 21:02:30
Request Successful!01-29 21:05:31
Request Successful!01-29 21:08:33
Request Successful!01-29 21:11:34
Request Successful!01-29 21:14:36
Request Successful!01-29 21:17:37
Request Successful!01-29 21:20:39
Request Successful!01-29 21:23:40
Request Successful!01-29 21:26:42
Request Successful!01-29 21:29:44
Request Successful!01-29 21:32:45
Request Successful!01-29 21:35:47
Request Successful!01-29 21:38:49
Request Successful!01-29 21:41:50
Request Successful!01-29 21:44:52
Request Successful!01-29 21:47:54
Request Successful!01-29 21:50:55
Request Successful!01-29 21:53:57
Request Successful!01-29 21:56:58
Request Successful!01-29 22:00:00
Request Successful!01-29 22:03:02
Request Successful!01-29 22:06:03
Request Successful!01-29 22:09:05
Request Successful!01-29 22:12:06
Request Successful!01-29 22:15:08
Request Successful!01-29 22:18:09
Request Successful!01-29 22:21:11
Request Successful!01-29 22:24:12
Request Successful!01-29 22:27:13
Request Successful!01-29 22:30:15
Request Successful!01-29 22:33:16
Request Successful!01-29 22:36:18
Request Successful!01-29 22:39:19
Request Successful!01-29 22:42:20
Request Successful!01-29 22:45:22
Request Successful!01-29 22:48:23
Request Successful!01-29 22:51:25
Request Successful!01-29 22:54:26
Request Successful!01-29 22:57:28
Request Successful!01-29 23:00:29
Request Successful!01-29 23:03:31
Request Successful!01-29 23:06:32
Request Successful!01-29 23:09:33
Request Successful!01-29 23:12:35
Request Successful!01-29 23:15:36
Request Successful!01-29 23:18:38
Request Successful!01-29 23:21:39
Request Successful!01-29 23:24:41
