Request Successful!07-20 15:25:55
Request Successful!07-20 15:28:56
Request Successful!07-20 15:31:57
Request Successful!07-20 15:34:59
Request Successful!07-20 15:38:00
Request Successful!07-20 15:41:02
Request Successful!07-20 15:44:03
Request Successful!07-20 15:47:05
Request Successful!07-20 15:50:06
Request Successful!07-20 15:53:08
Request Successful!07-20 15:56:09
Request Successful!07-20 15:59:11
Request Successful!07-20 16:02:12
Request Successful!07-20 16:05:13
Request Successful!07-20 16:08:15
Request Successful!07-20 16:11:16
Request Successful!07-20 16:14:18
Request Successful!07-20 16:17:19
Request Successful!07-20 16:20:20
Request Successful!07-20 16:23:22
Request Successful!07-20 16:26:23
Request Successful!07-20 16:29:25
Request Successful!07-20 16:32:26
Request Successful!07-20 16:35:28
Request Successful!07-20 16:38:29
Request Successful!07-20 16:41:32
Request Successful!07-20 16:44:34
Request Successful!07-20 16:47:35
Request Successful!07-20 16:50:36
Request Successful!07-20 16:53:38
Request Successful!07-20 16:56:39
Request Successful!07-20 16:59:41
Request Successful!07-20 17:02:42
Request Successful!07-20 17:05:44
Request Successful!07-20 17:08:45
Request Successful!07-20 17:11:46
Request Successful!07-20 17:14:48
Request Successful!07-20 17:17:49
Request Successful!07-20 17:20:50
Request Successful!07-20 17:23:52
Request Successful!07-20 17:26:53
Request Successful!07-20 17:29:58
Request Successful!07-20 17:32:59
Request Successful!07-20 17:36:00
Request Successful!07-20 17:39:02
Request Successful!07-20 17:42:03
Request Successful!07-20 17:45:05
Request Successful!07-20 17:48:06
Request Successful!07-20 17:51:07
Request Successful!07-20 17:54:09
Request Successful!07-20 17:57:10
Request Successful!07-20 18:00:11
Request Successful!07-20 18:03:13
Request Successful!07-20 18:06:14
Request Successful!07-20 18:09:16
Request Successful!07-20 18:12:17
Request Successful!07-20 18:15:18
Request Successful!07-20 18:18:20
Request Successful!07-20 18:21:21
Request Successful!07-20 18:24:22
Request Successful!07-20 18:27:24
Request Successful!07-20 18:30:25
New alert more than 5 minutes! See details below: 
CRITICAL
for 5m 17s
B2Bi queue health: "B2Bi CI HME - PROD_Framework_Parallel_001.101_Parallel_Inb_10_FetchRef_HM"
on
B2Bi Application Server - Stream 3B (Multicluster)
CRITICAL - Queue "B2Bi CI HME - PROD_Framework_Parallel_001.101_Parallel_Inb_10_FetchRef_HM" ("hierchmessage_9799"/"queue_16"):
Request Successful!07-20 18:33:37
Request Successful!07-20 18:36:39
Request Successful!07-20 18:39:40
Request Successful!07-20 18:42:41
Request Successful!07-20 18:45:43
Request Successful!07-20 18:48:44
Request Successful!07-20 18:51:45
Request Successful!07-20 18:54:47
Request Successful!07-20 18:57:48
Request Successful!07-20 19:00:49
Request Successful!07-20 19:03:51
Request Successful!07-20 19:06:52
Request Successful!07-20 19:09:54
Request Successful!07-20 19:12:55
Request Successful!07-20 19:15:57
Request Successful!07-20 19:18:58
Request Successful!07-20 19:21:59
Request Successful!07-20 19:25:01
Request Successful!07-20 19:28:02
Request Successful!07-20 19:31:04
Request Successful!07-20 19:34:05
Request Successful!07-20 19:37:07
Request Successful!07-20 19:40:08
Request Successful!07-20 19:43:10
Request Successful!07-20 19:46:11
Request Successful!07-20 19:49:13
Request Successful!07-20 19:52:14
Request Successful!07-20 19:55:16
Request Successful!07-20 19:58:18
Request Successful!07-20 20:01:19
Request Successful!07-20 20:04:20
Request Successful!07-20 20:07:22
Request Successful!07-20 20:10:23
Request Successful!07-20 20:13:24
Request Successful!07-20 20:16:26
Request Successful!07-20 20:19:27
Request Successful!07-20 20:22:29
Request Successful!07-20 20:25:30
Request Successful!07-20 20:28:32
Request Successful!07-20 20:31:34
Request Successful!07-20 20:34:35
Request Successful!07-20 20:37:36
Request Successful!07-20 20:40:38
Request Successful!07-20 20:43:41
Request Successful!07-20 20:46:43
Request Successful!07-20 20:49:44
Request Successful!07-20 20:52:45
Request Successful!07-20 20:55:47
Request Successful!07-20 20:58:48
Request Successful!07-20 21:01:50
Request Successful!07-20 21:04:51
Request Successful!07-20 21:07:52
Request Successful!07-20 21:10:54
Request Successful!07-20 21:13:55
Request Successful!07-20 21:16:57
Request Successful!07-20 21:19:58
Request Successful!07-20 21:23:00
Request Successful!07-20 21:26:01
Request Successful!07-20 21:29:03
Request Successful!07-20 21:32:04
Request Successful!07-20 21:35:06
Request Successful!07-20 21:38:07
Request Successful!07-20 21:41:08
Request Successful!07-20 21:44:12
Request Successful!07-20 21:47:13
Request Successful!07-20 21:50:15
Request Successful!07-20 21:53:16
Request Successful!07-20 21:56:18
Request Successful!07-20 21:59:19
Request Successful!07-20 22:02:20
Request Successful!07-20 22:05:22
Request Successful!07-20 22:08:23
Request Successful!07-20 22:11:24
Request Successful!07-20 22:14:26
Request Successful!07-20 22:17:27
Request Successful!07-20 22:20:29
Request Successful!07-20 22:23:30
Request Successful!07-20 22:26:31
Request Successful!07-20 22:29:33
Request Successful!07-20 22:32:35
Request Successful!07-20 22:35:36
Request Successful!07-20 22:38:37
Request Successful!07-20 22:41:39
Request Successful!07-20 22:44:40
Request Successful!07-20 22:47:41
Request Successful!07-20 22:50:43
Request Successful!07-20 22:53:44
Request Successful!07-20 22:56:46
Request Successful!07-20 22:59:47
Request Successful!07-20 23:02:49
