Request Successful!01-06 15:52:44
Request Successful!01-06 15:55:46
Request Successful!01-06 15:58:48
Request Successful!01-06 16:01:49
Request Successful!01-06 16:04:51
Request Successful!01-06 16:07:53
Request Successful!01-06 16:10:55
Request Successful!01-06 16:13:56
Request Successful!01-06 16:16:58
Request Successful!01-06 16:20:00
Request Successful!01-06 16:23:01
Request Successful!01-06 16:26:05
Request Successful!01-06 16:29:07
Request Successful!01-06 16:32:08
Request Successful!01-06 16:35:10
Request Successful!01-06 16:38:11
Request Successful!01-06 16:41:13
Request Successful!01-06 16:44:15
Request Successful!01-06 16:47:17
Request Successful!01-06 16:50:18
Request Successful!01-06 16:53:19
Request Successful!01-06 16:56:21
Request Successful!01-06 16:59:22
Request Successful!01-06 17:02:23
Request Successful!01-06 17:05:25
Request Successful!01-06 17:08:27
Request Successful!01-06 17:11:28
Request Successful!01-06 17:14:30
Request Successful!01-06 17:17:32
Request Successful!01-06 17:20:33
Request Successful!01-06 17:23:35
Request Successful!01-06 17:26:36
Request Successful!01-06 17:29:38
Request Successful!01-06 17:32:41
Request Successful!01-06 17:35:42
Request Successful!01-06 17:38:44
Request Successful!01-06 17:41:45
Request Successful!01-06 17:44:47
Request Successful!01-06 17:47:48
Request Successful!01-06 17:50:50
Request Successful!01-06 17:53:52
Request Successful!01-06 17:56:54
Request Successful!01-06 17:59:56
Request Successful!01-06 18:02:58
Request Successful!01-06 18:06:00
Request Successful!01-06 18:09:01
Request Successful!01-06 18:12:03
Request Successful!01-06 18:15:04
Request Successful!01-06 18:18:06
Request Successful!01-06 18:21:08
Request Successful!01-06 18:24:10
Request Successful!01-06 18:27:12
Request Successful!01-06 18:30:14
Request Successful!01-06 18:33:15
Request Successful!01-06 18:36:18
Request Successful!01-06 18:39:19
Request Successful!01-06 18:42:21
Request Successful!01-06 18:45:23
Request Successful!01-06 18:48:24
Request Successful!01-06 18:51:26
Request Successful!01-06 18:54:27
Request Successful!01-06 18:57:29
Request Successful!01-06 19:00:30
Request Successful!01-06 19:03:34
Request Successful!01-06 19:06:37
Request Successful!01-06 19:09:38
Request Successful!01-06 19:12:40
Request Successful!01-06 19:15:41
Request Successful!01-06 19:18:43
Request Successful!01-06 19:21:45
Request Successful!01-06 19:24:46
Request Successful!01-06 19:27:48
Request Successful!01-06 19:30:50
Request Successful!01-06 19:33:51
Request Successful!01-06 19:36:53
Request Successful!01-06 19:39:56
Request Successful!01-06 19:42:58
Request Successful!01-06 19:46:00
Request Successful!01-06 19:49:01
Request Successful!01-06 19:52:03
Request Successful!01-06 19:55:05
Request Successful!01-06 19:58:06
Request Successful!01-06 20:01:08
Request Successful!01-06 20:04:10
Request Successful!01-06 20:07:12
Request Successful!01-06 20:10:14
Request Successful!01-06 20:13:16
Request Successful!01-06 20:16:18
Request Successful!01-06 20:19:20
Request Successful!01-06 20:22:24
Request Successful!01-06 20:25:26
Request Successful!01-06 20:28:28
Request Successful!01-06 20:31:30
Request Successful!01-06 20:34:32
Request Successful!01-06 20:37:34
Request Successful!01-06 20:40:36
Request Successful!01-06 20:43:38
Request Successful!01-06 20:46:40
Request Successful!01-06 20:49:41
Request Successful!01-06 20:52:43
Request Successful!01-06 20:55:45
Request Successful!01-06 20:58:47
Request Successful!01-06 21:01:49
Request Successful!01-06 21:04:51
Request Successful!01-06 21:07:53
Request Successful!01-06 21:10:54
Request Successful!01-06 21:13:56
Request Successful!01-06 21:16:57
Request Successful!01-06 21:19:59
Request Successful!01-06 21:23:01
Request Successful!01-06 21:26:02
Request Successful!01-06 21:29:04
Request Successful!01-06 21:32:05
Request Successful!01-06 21:35:07
Request Successful!01-06 21:38:08
Request Successful!01-06 21:41:10
Request Successful!01-06 21:44:11
Request Successful!01-06 21:47:13
Request Successful!01-06 21:50:14
Request Successful!01-06 21:53:16
Request Successful!01-06 21:56:17
Request Successful!01-06 21:59:19
Request Successful!01-06 22:02:20
Request Successful!01-06 22:05:22
Request Successful!01-06 22:08:23
Request Successful!01-06 22:11:25
Request Successful!01-06 22:14:27
Request Successful!01-06 22:17:28
Request Successful!01-06 22:20:30
Request Successful!01-06 22:23:31
Request Successful!01-06 22:26:32
Request Successful!01-06 22:29:34
Request Successful!01-06 22:32:35
Request Successful!01-06 22:35:37
Request Successful!01-06 22:38:38
Request Successful!01-06 22:41:40
Request Successful!01-06 22:44:42
Request Successful!01-06 22:47:45
Request Successful!01-06 22:50:47
Request Successful!01-06 22:53:50
Request Successful!01-06 22:56:51
Request Successful!01-06 22:59:53
Request Successful!01-06 23:02:55
Request Successful!01-06 23:05:57
New alert more than 5 minutes! See details below: 
CRITICAL
for 5m 14s
Check if we still can connect to ftp.sword.dbschenker.com host using ssh.
on
b2biprdxsr1.sl3.comp.db.de
CRITICAL : Server answer:
Request Successful!01-06 23:09:10
Request Successful!01-06 23:12:11
Request Successful!01-06 23:15:12
Request Successful!01-06 23:18:14
Request Successful!01-06 23:21:16
Request Successful!01-06 23:24:17
