Request Successful!08-29 15:57:13
Request Successful!08-29 16:00:15
Request Successful!08-29 16:03:16
Request Successful!08-29 16:06:18
Request Successful!08-29 16:09:19
Request Successful!08-29 16:12:21
Request Successful!08-29 16:15:23
Request Successful!08-29 16:18:24
Request Successful!08-29 16:21:26
Request Successful!08-29 16:24:28
Request Successful!08-29 16:27:29
Request Successful!08-29 16:30:31
Request Successful!08-29 20:12:00
New alert more than 5 minutes! See details below: 
CRITICAL
for 3m 2s
B2Bi queue health: "B2Bi CI HME - PROD_Framework_Parallel_001.Z_Local_402_Serial_Out_20_InhouseEnveloper(Inhouse)_4_SAG_ETGOIT_HM"
on
B2Bi Application Server - Stream 1B
CRITICAL - Queue "B2Bi CI HME - PROD_Framework_Parallel_001.Z_Local_402_Serial_Out_20_InhouseEnveloper(Inhouse)_4_SAG_ETGOIT_HM" ("hierchmessage_11217"/"queue_13"):
New alert more than 5 minutes! See details below: 
CRITICAL
for 5m 40s
Check if there're unprocessed monitoring events piling up in mon_events_processing_tafr
on
b2biprddb1.sl3.comp.db.de
CRIT : 100793 entries in mon_events_processing_tafr. Critical threshold 100000 breached!
Request Successful!08-29 20:15:21
New alert more than 5 minutes! See details below: 
CRITICAL
for 6m 24s
B2Bi queue health: "B2Bi CI HME - PROD_Framework_Parallel_001.Z_Local_402_Serial_Out_20_InhouseEnveloper(Inhouse)_4_SAG_ETGOIT_HM"
on
B2Bi Application Server - Stream 1B
CRITICAL - Queue "B2Bi CI HME - PROD_Framework_Parallel_001.Z_Local_402_Serial_Out_20_InhouseEnveloper(Inhouse)_4_SAG_ETGOIT_HM" ("hierchmessage_11217"/"queue_13"):
Request Successful!08-29 20:18:34
Request Successful!08-29 20:21:35
Request Successful!08-29 20:24:37
Request Successful!08-29 20:27:38
Request Successful!08-29 20:30:40
Request Successful!08-29 20:33:41
check if there is a ticket. One critical alert is existed since 19:30
Request Successful!08-29 20:36:43
check if there is a ticket. One critical alert is existed since 19:30
Request Successful!08-29 20:39:44
check if there is a ticket. One critical alert is existed since 19:30
Request Successful!08-29 20:42:46
check if there is a ticket. One critical alert is existed since 19:30
Request Successful!08-29 20:45:47
check if there is a ticket. One critical alert is existed since 19:30
Request Successful!08-29 20:48:48
check if there is a ticket. One critical alert is existed since 19:30
Request Successful!08-29 20:51:50
check if there is a ticket. One critical alert is existed since 19:30
Request Successful!08-29 20:54:51
check if there is a ticket. One critical alert is existed since 19:30
Request Successful!08-29 20:57:53
check if there is a ticket. One critical alert is existed since 19:30
Request Successful!08-29 21:00:54
check if there is a ticket. One critical alert is existed since 19:30
Request Successful!08-29 21:03:55
check if there is a ticket. One critical alert is existed since 19:30
Request Successful!08-29 21:06:57
check if there is a ticket. One critical alert is existed since 19:30
Request Successful!08-29 21:09:58
check if there is a ticket. One critical alert is existed since 19:30
Request Successful!08-29 21:13:00
check if there is a ticket. One critical alert is existed since 19:30
Request Successful!08-29 21:16:01
check if there is a ticket. One critical alert is existed since 19:30
Request Successful!08-29 21:19:03
check if there is a ticket. One critical alert is existed since 19:30
Request Successful!08-29 21:22:04
check if there is a ticket. One critical alert is existed since 19:30
Request Successful!08-29 21:25:05
check if there is a ticket. One critical alert is existed since 19:30
Request Successful!08-29 21:28:07
check if there is a ticket. One critical alert is existed since 19:30
Request Successful!08-29 21:31:08
check if there is a ticket. One critical alert is existed since 19:30
Request Successful!08-29 21:34:10
check if there is a ticket. One critical alert is existed since 19:30
Request Successful!08-29 21:37:12
check if there is a ticket. One critical alert is existed since 19:30
Request Successful!08-29 21:40:14
check if there is a ticket. One critical alert is existed since 19:30
Request Successful!08-29 21:43:15
check if there is a ticket. One critical alert is existed since 19:30
Request Successful!08-29 21:46:17
check if there is a ticket. One critical alert is existed since 19:30
Request Successful!08-29 21:49:18
check if there is a ticket. One critical alert is existed since 19:30
Request Successful!08-29 21:52:20
check if there is a ticket. One critical alert is existed since 19:30
Request Successful!08-29 21:55:21
check if there is a ticket. One critical alert is existed since 19:30
Request Successful!08-29 21:58:23
check if there is a ticket. One critical alert is existed since 19:30
Request Successful!08-29 22:01:24
check if there is a ticket. One critical alert is existed since 19:30
Request Successful!08-29 22:04:26
check if there is a ticket. One critical alert is existed since 19:30
Request Successful!08-29 22:07:27
check if there is a ticket. One critical alert is existed since 19:30
Request Successful!08-29 22:10:29
check if there is a ticket. One critical alert is existed since 19:30
Request Successful!08-29 22:13:30
check if there is a ticket. One critical alert is existed since 19:30
Request Successful!08-29 22:16:32
check if there is a ticket. One critical alert is existed since 19:30
Request Successful!08-29 22:19:33
check if there is a ticket. One critical alert is existed since 19:30
Request Successful!08-29 22:22:35
check if there is a ticket. One critical alert is existed since 19:30
Request Successful!08-29 22:25:37
check if there is a ticket. One critical alert is existed since 19:30
Request Successful!08-29 22:28:38
check if there is a ticket. One critical alert is existed since 19:30
Request Successful!08-29 22:31:39
check if there is a ticket. One critical alert is existed since 19:30
Request Successful!08-29 22:34:41
check if there is a ticket. One critical alert is existed since 19:30
Request Successful!08-29 22:37:42
check if there is a ticket. One critical alert is existed since 19:30
Request Successful!08-29 22:40:44
check if there is a ticket. One critical alert is existed since 19:30
Request Successful!08-29 22:43:45
check if there is a ticket. One critical alert is existed since 19:30
Request Successful!08-29 22:46:47
check if there is a ticket. One critical alert is existed since 19:30
Request Successful!08-29 22:49:48
check if there is a ticket. One critical alert is existed since 19:30
Request Successful!08-29 22:52:50
check if there is a ticket. One critical alert is existed since 19:30
Request Successful!08-29 22:55:52
check if there is a ticket. One critical alert is existed since 19:30
Request Successful!08-29 22:58:53
check if there is a ticket. One critical alert is existed since 19:30
Request Successful!08-29 23:01:55
check if there is a ticket. One critical alert is existed since 19:30
Request Successful!08-29 23:04:56
check if there is a ticket. One critical alert is existed since 19:30
Request Successful!08-29 23:07:58
Request Successful!08-29 23:10:59
Request Successful!08-29 23:14:01
Request Successful!08-29 23:17:02
Request Successful!08-29 23:20:04
Request Successful!08-29 23:23:05
