Request Successful!09-11 15:36:09
Request Successful!09-11 15:39:11
Request Successful!09-11 15:42:12
Request Successful!09-11 15:45:14
Request Successful!09-11 15:48:15
Request Successful!09-11 15:51:16
Request Successful!09-11 15:54:17
Request Successful!09-11 15:57:19
Request Successful!09-11 16:00:20
Request Successful!09-11 16:03:21
Request Successful!09-11 16:06:23
Request Successful!09-11 16:09:24
Request Successful!09-11 16:12:26
Request Successful!09-11 16:15:27
Request Successful!09-11 16:18:28
Request Successful!09-11 16:21:30
Request Successful!09-11 16:24:31
Request Successful!09-11 16:27:33
Request Successful!09-11 16:30:35
Request Successful!09-11 16:33:36
Request Successful!09-11 16:36:37
Request Successful!09-11 16:39:39
Request Successful!09-11 16:42:40
Request Successful!09-11 16:45:41
Request Successful!09-11 16:48:43
Request Successful!09-11 16:51:44
Request Successful!09-11 16:54:46
Request Successful!09-11 16:57:47
Request Successful!09-11 17:00:48
Request Successful!09-11 17:03:49
Request Successful!09-11 17:06:51
Request Successful!09-11 17:09:52
Request Successful!09-11 17:12:53
Request Successful!09-11 17:15:55
Request Successful!09-11 17:18:56
Request Successful!09-11 17:21:57
Request Successful!09-11 17:24:59
Request Successful!09-11 17:28:00
Request Successful!09-11 17:31:02
Request Successful!09-11 17:34:04
Request Successful!09-11 17:37:05
Request Successful!09-11 17:40:07
Request Successful!09-11 17:43:08
Request Successful!09-11 17:46:09
Request Successful!09-11 17:49:11
Request Successful!09-11 17:52:12
Request Successful!09-11 17:55:14
Request Successful!09-11 17:58:15
Request Successful!09-11 18:01:16
Request Successful!09-11 18:04:18
Request Successful!09-11 18:07:19
Request Successful!09-11 18:10:20
Request Successful!09-11 18:13:22
Request Successful!09-11 18:16:23
Request Successful!09-11 18:19:24
Request Successful!09-11 18:22:26
Request Successful!09-11 18:25:27
Request Successful!09-11 18:28:28
Request Successful!09-11 18:31:30
Request Successful!09-11 18:34:31
Request Successful!09-11 18:37:33
Request Successful!09-11 18:40:34
Request Successful!09-11 18:43:35
Request Successful!09-11 18:46:36
Request Successful!09-11 18:49:38
Request Successful!09-11 18:52:39
Request Successful!09-11 18:55:41
Request Successful!09-11 18:58:42
Request Successful!09-11 19:01:43
Request Successful!09-11 19:04:45
Request Successful!09-11 19:07:46
Request Successful!09-11 19:10:47
Request Successful!09-11 19:13:49
Request Successful!09-11 19:16:50
Request Successful!09-11 19:19:52
Request Successful!09-11 19:22:53
Request Successful!09-11 19:25:54
Request Successful!09-11 19:28:56
Request Successful!09-11 19:31:57
Request Successful!09-11 19:34:59
Request Successful!09-11 19:38:00
Request Successful!09-11 19:41:01
Request Successful!09-11 19:44:03
Request Successful!09-11 19:47:04
Request Successful!09-11 19:50:05
Request Successful!09-11 19:53:06
Request Successful!09-11 19:56:08
Request Successful!09-11 19:59:09
Request Successful!09-11 20:02:10
Request Successful!09-11 20:05:12
Request Successful!09-11 20:08:13
Request Successful!09-11 20:11:14
Request Successful!09-11 20:14:16
Request Successful!09-11 20:17:17
Request Successful!09-11 20:20:18
Request Successful!09-11 20:23:20
Request Successful!09-11 20:26:21
Request Successful!09-11 20:29:22
Request Successful!09-11 20:32:24
Request Successful!09-11 20:35:25
Request Successful!09-11 20:38:26
Request Successful!09-11 20:41:28
Request Successful!09-11 20:44:29
Request Successful!09-11 20:47:31
Request Successful!09-11 20:50:32
Request Successful!09-11 20:53:34
Request Successful!09-11 20:56:35
Request Successful!09-11 20:59:36
Request Successful!09-11 21:02:37
Request Successful!09-11 21:05:39
Request Successful!09-11 21:08:40
Request Successful!09-11 21:11:42
Request Successful!09-11 21:14:43
Request Successful!09-11 21:17:44
Request Successful!09-11 21:20:46
Request Successful!09-11 21:23:47
Request Successful!09-11 21:26:49
Request Successful!09-11 21:29:53
Request Successful!09-11 21:32:54
Request Successful!09-11 21:35:56
Request Successful!09-11 21:38:58
Request Successful!09-11 21:41:59
Request Successful!09-11 21:45:01
Request Successful!09-11 21:48:02
Request Successful!09-11 21:51:04
Request Successful!09-11 21:54:05
New alert more than 5 minutes! See details below: 
CRITICAL
for 5m 28s
B2Bi queue health: "B2Bi CI HME - PROD_Framework_Parallel_001.Z_Local_402_CASE_DetermineTrunk_HM"
on
B2Bi Application Server - Stream 1B
CRITICAL - Queue "B2Bi CI HME - PROD_Framework_Parallel_001.Z_Local_402_CASE_DetermineTrunk_HM" ("hierchmessage_7542"/"queue_13"):
Request Successful!09-11 21:57:18
New alert more than 5 minutes! See details below: 
CRITICAL
for 4m 34s
B2Bi queue health: "B2Bi CI HME - PROD_Framework_Parallel_001.Z_Local_402_Serial_Out_20_InhouseEnveloper(Inhouse)_4_SAG_ETGOIT_HM"
on
B2Bi Application Server - Stream 1B
CRITICAL - Queue "B2Bi CI HME - PROD_Framework_Parallel_001.Z_Local_402_Serial_Out_20_InhouseEnveloper(Inhouse)_4_SAG_ETGOIT_HM" ("hierchmessage_11217"/"queue_13"):
Request Successful!09-11 22:00:31
Request Successful!09-11 22:03:32
Request Successful!09-11 22:06:34
Request Successful!09-11 22:09:35
Request Successful!09-11 22:12:36
Request Successful!09-11 22:15:38
Request Successful!09-11 22:18:39
Request Successful!09-11 22:21:40
Request Successful!09-11 22:24:42
Request Successful!09-11 22:27:43
Request Successful!09-11 22:30:44
Request Successful!09-11 22:33:46
Request Successful!09-11 22:36:47
Request Successful!09-11 22:39:48
Request Successful!09-11 22:42:50
Request Successful!09-11 22:45:51
Request Successful!09-11 22:48:52
Request Successful!09-11 22:51:54
Request Successful!09-11 22:54:55
Request Successful!09-11 22:57:56
Request Successful!09-11 23:00:57
Request Successful!09-11 23:03:59
Request Successful!09-11 23:07:00
Request Successful!09-11 23:10:02
Request Successful!09-11 23:13:03
Request Successful!09-11 23:16:05
Request Successful!09-11 23:19:06
Request Successful!09-11 23:22:07
