Request Successful!04-26 15:52:19
Request Successful!04-26 15:53:20
Request Successful!04-26 15:54:22
Request Successful!04-26 15:55:24
Request Successful!04-26 15:56:26
Request Successful!04-26 15:57:27
Request Successful!04-26 15:58:29
Request Successful!04-26 15:59:31
Request Successful!04-26 16:00:32
Request Successful!04-26 16:01:34
Request Successful!04-26 16:02:35
Request Successful!04-26 16:03:37
Request Successful!04-26 16:04:39
Request Successful!04-26 16:05:41
Request Successful!04-26 16:06:44
Request Successful!04-26 16:07:46
Request Successful!04-26 16:08:49
Request Successful!04-26 16:09:53
Request Successful!04-26 16:10:55
Request Successful!04-26 16:11:58
Request Successful!04-26 16:13:01
Request Successful!04-26 16:14:03
Request Successful!04-26 16:15:05
Request Successful!04-26 16:16:07
Request Successful!04-26 16:17:10
Request Successful!04-26 16:18:12
Request Successful!04-26 16:19:15
Request Successful!04-26 16:20:17
Request Successful!04-26 16:21:19
Request Successful!04-26 16:22:21
Request Successful!04-26 16:23:24
Request Successful!04-26 16:24:26
Request Successful!04-26 16:25:28
Request Successful!04-26 16:26:31
Request Successful!04-26 16:27:33
Request Successful!04-26 16:28:36
Request Successful!04-26 16:29:38
Request Successful!04-26 16:30:40
Request Successful!04-26 16:31:42
Request Successful!04-26 16:32:44
Request Successful!04-26 16:33:46
Request Successful!04-26 16:34:48
Request Successful!04-26 16:35:50
Request Successful!04-26 16:36:51
Request Successful!04-26 16:37:54
Request Successful!04-26 16:38:56
Request Successful!04-26 16:39:59
Request Successful!04-26 16:41:02
Request Successful!04-26 16:42:05
Request Successful!04-26 16:43:10
Request Successful!04-26 16:44:12
Request Successful!04-26 16:45:15
Request Successful!04-26 16:46:17
Request Successful!04-26 16:47:20
Request Successful!04-26 16:48:22
Request Successful!04-26 16:49:24
Request Successful!04-26 16:50:27
Request Successful!04-26 16:51:29
Request Successful!04-26 16:52:31
Request Successful!04-26 16:53:33
Request Successful!04-26 16:54:36
Request Successful!04-26 16:55:38
Request Successful!04-26 16:56:40
Request Successful!04-26 16:57:44
Request Successful!04-26 16:58:46
Request Successful!04-26 16:59:48
Request Successful!04-26 17:00:51
Request Successful!04-26 17:01:53
Request Successful!04-26 17:02:55
Request Successful!04-26 17:03:58
Request Successful!04-26 17:05:01
Request Successful!04-26 17:06:03
Request Successful!04-26 17:07:05
Request Successful!04-26 17:08:07
Request Successful!04-26 17:09:10
Request Successful!04-26 17:10:12
Request Successful!04-26 17:11:15
Request Successful!04-26 17:12:20
Request Successful!04-26 17:13:25
Request Successful!04-26 17:14:28
Request Successful!04-26 17:15:30
Request Successful!04-26 17:16:32
Request Successful!04-26 17:17:37
Request Successful!04-26 17:18:39
Request Successful!04-26 17:19:41
Request Successful!04-26 17:20:43
Request Successful!04-26 17:21:46
Request Successful!04-26 17:22:48
Request Successful!04-26 17:23:50
Request Successful!04-26 17:24:52
Request Successful!04-26 17:25:55
Request Successful!04-26 17:26:57
Request Successful!04-26 17:28:00
Request Successful!04-26 17:29:03
Request Successful!04-26 17:30:05
Request Successful!04-26 17:31:07
Request Successful!04-26 17:32:10
Request Successful!04-26 17:33:12
Request Successful!04-26 17:34:14
Request Successful!04-26 17:35:17
Request Successful!04-26 17:36:19
Request Successful!04-26 17:37:21
Request Successful!04-26 17:38:24
New alert more than 5 minutes! See details below: 
CRITICAL
for 3m 42s
JMS Clients Connected Shield
on
Communication Server 1 Production
CRITICAL - Following JMS clients are with errors:
Request Successful!04-26 17:39:38
Request Successful!04-26 17:40:40
Request Successful!04-26 17:41:43
Request Successful!04-26 17:42:45
Request Successful!04-26 17:43:46
Request Successful!04-26 17:44:48
Request Successful!04-26 17:45:49
Request Successful!04-26 17:46:51
Request Successful!04-26 17:47:53
Request Successful!04-26 17:48:54
Request Successful!04-26 17:49:56
Request Successful!04-26 17:50:57
Request Successful!04-26 17:51:59
Request Successful!04-26 17:53:01
Request Successful!04-26 17:54:02
Request Successful!04-26 17:55:04
Request Successful!04-26 17:56:05
Request Successful!04-26 17:57:07
Request Successful!04-26 17:58:09
Request Successful!04-26 17:59:10
Request Successful!04-26 18:00:12
Request Successful!04-26 18:01:13
Request Successful!04-26 18:02:15
Request Successful!04-26 18:03:16
Request Successful!04-26 18:04:18
Request Successful!04-26 18:05:19
Request Successful!04-26 18:06:21
Request Successful!04-26 18:07:22
Request Successful!04-26 18:08:24
Request Successful!04-26 18:09:25
Request Successful!04-26 18:10:27
Request Successful!04-26 18:11:29
Request Successful!04-26 18:12:30
Request Successful!04-26 18:13:32
Request Successful!04-26 18:14:33
Request Successful!04-26 18:15:35
Request Successful!04-26 18:16:36
Request Successful!04-26 18:17:38
Request Successful!04-26 18:18:40
Request Successful!04-26 18:19:41
Request Successful!04-26 18:20:43
Request Successful!04-26 18:21:44
Request Successful!04-26 18:22:46
Request Successful!04-26 18:23:48
Request Successful!04-26 18:24:49
Request Successful!04-26 18:25:51
Request Successful!04-26 18:26:52
Request Successful!04-26 18:27:55
Request Successful!04-26 18:28:56
Request Successful!04-26 18:29:58
Request Successful!04-26 18:31:00
Request Successful!04-26 18:32:02
Request Successful!04-26 18:33:03
Request Successful!04-26 18:34:05
Request Successful!04-26 18:35:06
Request Successful!04-26 18:36:08
Request Successful!04-26 18:37:09
Request Successful!04-26 18:38:11
Request Successful!04-26 18:39:13
Request Successful!04-26 18:40:14
Request Successful!04-26 18:41:16
Request Successful!04-26 18:42:17
Request Successful!04-26 18:43:19
Request Successful!04-26 18:44:21
Request Successful!04-26 18:45:23
Request Successful!04-26 18:46:24
Request Successful!04-26 18:47:26
Request Successful!04-26 18:48:27
Request Successful!04-26 18:49:29
Request Successful!04-26 18:50:30
Request Successful!04-26 18:51:32
Request Successful!04-26 18:52:34
Request Successful!04-26 18:53:35
Request Successful!04-26 18:54:37
Request Successful!04-26 18:55:38
Request Successful!04-26 18:56:40
Request Successful!04-26 18:57:42
Request Successful!04-26 18:58:43
Request Successful!04-26 18:59:45
Request Successful!04-26 19:00:46
Request Successful!04-26 19:01:48
Request Successful!04-26 19:02:50
Request Successful!04-26 19:03:51
Request Successful!04-26 19:04:53
Request Successful!04-26 19:05:54
Request Successful!04-26 19:06:58
Request Successful!04-26 19:07:59
Request Successful!04-26 19:09:01
Request Successful!04-26 19:10:02
Request Successful!04-26 19:11:04
Request Successful!04-26 19:12:05
Request Successful!04-26 19:13:07
Request Successful!04-26 19:14:08
Request Successful!04-26 19:15:10
Request Successful!04-26 19:16:11
Request Successful!04-26 19:17:13
Request Successful!04-26 19:18:15
Request Successful!04-26 19:19:16
Request Successful!04-26 19:20:18
Request Successful!04-26 19:21:19
Request Successful!04-26 19:22:21
Request Successful!04-26 19:23:22
Request Successful!04-26 19:24:24
Request Successful!04-26 19:25:25
Request Successful!04-26 19:26:27
Request Successful!04-26 19:27:29
Request Successful!04-26 19:28:31
Request Successful!04-26 19:29:33
Request Successful!04-26 19:30:35
Request Successful!04-26 19:31:36
Request Successful!04-26 19:32:38
Request Successful!04-26 19:33:39
Request Successful!04-26 19:34:41
Request Successful!04-26 19:35:43
Request Successful!04-26 19:36:44
Request Successful!04-26 19:37:46
Request Successful!04-26 19:38:47
Request Successful!04-26 19:39:49
Request Successful!04-26 19:40:50
Request Successful!04-26 19:41:52
Request Successful!04-26 19:42:53
Request Successful!04-26 19:43:55
Request Successful!04-26 19:44:57
Request Successful!04-26 19:45:58
Request Successful!04-26 19:47:00
Request Successful!04-26 19:48:02
Request Successful!04-26 19:49:03
Request Successful!04-26 19:50:05
Request Successful!04-26 19:51:06
Request Successful!04-26 19:52:08
Request Successful!04-26 19:53:10
Request Successful!04-26 19:54:11
Request Successful!04-26 19:55:13
Request Successful!04-26 19:56:14
Request Successful!04-26 19:57:16
Request Successful!04-26 19:58:17
Request Successful!04-26 19:59:19
Request Successful!04-26 20:00:20
Request Successful!04-26 20:01:22
Request Successful!04-26 20:02:24
Request Successful!04-26 20:03:25
Request Successful!04-26 20:04:27
Request Successful!04-26 20:05:28
Request Successful!04-26 20:06:30
Request Successful!04-26 20:07:31
Request Successful!04-26 20:08:33
Request Successful!04-26 20:09:35
Request Successful!04-26 20:10:37
Request Successful!04-26 20:11:38
Request Successful!04-26 20:12:40
Request Successful!04-26 20:13:42
Request Successful!04-26 20:14:45
Request Successful!04-26 20:15:46
Request Successful!04-26 20:16:48
Request Successful!04-26 20:17:50
Request Successful!04-26 20:18:52
Request Successful!04-26 20:19:53
Request Successful!04-26 20:20:55
Request Successful!04-26 20:21:56
Request Successful!04-26 20:22:58
Request Successful!04-26 20:24:00
Request Successful!04-26 20:25:02
Request Successful!04-26 20:26:04
Request Successful!04-26 20:27:05
Request Successful!04-26 20:28:07
Request Successful!04-26 20:29:09
Request Successful!04-26 20:30:11
Request Successful!04-26 20:31:12
Request Successful!04-26 20:32:14
Request Successful!04-26 20:33:16
Request Successful!04-26 20:34:17
Request Successful!04-26 20:35:19
Request Successful!04-26 20:36:20
Request Successful!04-26 20:37:22
Request Successful!04-26 20:38:24
Request Successful!04-26 20:39:25
Request Successful!04-26 20:40:27
Request Successful!04-26 20:41:29
Request Successful!04-26 20:42:30
Request Successful!04-26 20:43:32
Request Successful!04-26 20:44:34
Request Successful!04-26 20:45:36
Request Successful!04-26 20:46:38
Request Successful!04-26 20:47:39
Request Successful!04-26 20:48:41
Request Successful!04-26 20:49:43
Request Successful!04-26 20:50:44
Request Successful!04-26 20:51:46
Request Successful!04-26 20:52:47
Request Successful!04-26 20:53:49
Request Successful!04-26 20:54:50
Request Successful!04-26 20:55:52
Request Successful!04-26 20:56:54
Request Successful!04-26 20:57:55
Request Successful!04-26 20:58:57
Request Successful!04-26 20:59:59
Request Successful!04-26 21:01:00
Request Successful!04-26 21:02:02
Request Successful!04-26 21:03:03
Request Successful!04-26 21:04:05
Request Successful!04-26 21:05:06
Request Successful!04-26 21:06:08
Request Successful!04-26 21:07:10
Request Successful!04-26 21:08:11
Request Successful!04-26 21:09:13
Request Successful!04-26 21:10:14
Request Successful!04-26 21:11:16
Request Successful!04-26 21:12:18
Request Successful!04-26 21:13:19
Request Successful!04-26 21:14:21
Request Successful!04-26 21:15:22
Request Successful!04-26 21:16:24
Request Successful!04-26 21:17:25
Request Successful!04-26 21:18:27
Request Successful!04-26 21:19:28
Request Successful!04-26 21:20:30
Request Successful!04-26 21:21:32
Request Successful!04-26 21:22:33
Request Successful!04-26 21:23:35
Request Successful!04-26 21:24:36
Request Successful!04-26 21:25:38
Request Successful!04-26 21:26:40
Request Successful!04-26 21:27:43
Request Successful!04-26 21:28:45
Request Successful!04-26 21:29:49
Request Successful!04-26 21:30:50
Request Successful!04-26 21:31:52
Request Successful!04-26 21:32:53
Request Successful!04-26 21:33:55
Request Successful!04-26 21:34:59
Request Successful!04-26 21:36:01
Request Successful!04-26 21:37:03
Request Successful!04-26 21:38:05
Request Successful!04-26 21:39:07
Request Successful!04-26 21:40:08
Request Successful!04-26 21:41:10
Request Successful!04-26 21:42:11
Request Successful!04-26 21:43:13
Request Successful!04-26 21:44:14
Request Successful!04-26 21:45:16
Request Successful!04-26 21:46:18
Request Successful!04-26 21:47:19
Request Successful!04-26 21:48:21
Request Successful!04-26 21:49:23
Request Successful!04-26 21:50:24
Request Successful!04-26 21:51:26
Request Successful!04-26 21:52:27
Request Successful!04-26 21:53:29
Request Successful!04-26 21:54:30
Request Successful!04-26 21:55:33
Request Successful!04-26 21:56:35
Request Successful!04-26 21:57:37
Request Successful!04-26 21:58:43
Request Successful!04-26 21:59:45
Request Successful!04-26 22:00:47
Request Successful!04-26 22:01:49
Request Successful!04-26 22:02:52
Request Successful!04-26 22:03:54
Request Successful!04-26 22:04:56
Request Successful!04-26 22:05:58
Request Successful!04-26 22:07:01
Request Successful!04-26 22:08:03
Request Successful!04-26 22:09:05
Request Successful!04-26 22:10:07
Request Successful!04-26 22:11:09
Request Successful!04-26 22:12:11
Request Successful!04-26 22:13:13
Request Successful!04-26 22:14:15
Request Successful!04-26 22:15:17
Request Successful!04-26 22:16:19
Request Successful!04-26 22:17:21
Request Successful!04-26 22:18:23
Request Successful!04-26 22:19:24
Request Successful!04-26 22:20:26
Request Successful!04-26 22:21:28
Request Successful!04-26 22:22:30
Request Successful!04-26 22:23:31
Request Successful!04-26 22:24:33
Request Successful!04-26 22:25:35
Request Successful!04-26 22:26:37
Request Successful!04-26 22:27:38
Request Successful!04-26 22:28:40
Request Successful!04-26 22:29:42
Request Successful!04-26 22:30:44
Request Successful!04-26 22:31:46
Request Successful!04-26 22:32:48
Request Successful!04-26 22:33:50
Request Successful!04-26 22:34:51
Request Successful!04-26 22:35:53
Request Successful!04-26 22:36:55
Request Successful!04-26 22:37:57
Request Successful!04-26 22:38:58
Request Successful!04-26 22:40:00
Request Successful!04-26 22:41:02
Request Successful!04-26 22:42:04
Request Successful!04-26 22:43:05
Request Successful!04-26 22:44:07
Request Successful!04-26 22:45:09
Request Successful!04-26 22:46:10
Request Successful!04-26 22:47:12
Request Successful!04-26 22:48:14
Request Successful!04-26 22:49:16
Request Successful!04-26 22:50:17
Request Successful!04-26 22:51:19
Request Successful!04-26 22:52:21
Request Successful!04-26 22:53:23
Request Successful!04-26 22:54:24
Request Successful!04-26 22:55:26
Request Successful!04-26 22:56:28
Request Successful!04-26 22:57:30
Request Successful!04-26 22:58:31
Request Successful!04-26 22:59:33
Request Successful!04-26 23:00:35
Request Successful!04-26 23:01:37
Request Successful!04-26 23:02:40
Request Successful!04-26 23:03:41
Request Successful!04-26 23:04:43
Request Successful!04-26 23:05:46
Request Successful!04-26 23:06:48
Request Successful!04-26 23:07:50
Request Successful!04-26 23:08:52
Request Successful!04-26 23:09:54
Request Successful!04-26 23:10:56
Request Successful!04-26 23:11:58
Request Successful!04-26 23:13:00
Request Successful!04-26 23:14:02
Request Successful!04-26 23:15:04
Request Successful!04-26 23:16:06
Request Successful!04-26 23:17:08
Request Successful!04-26 23:18:10
Request Successful!04-26 23:19:12
