Request Successful!03-05 15:50:19
Request Successful!03-05 15:51:20
New alert more than 5 minutes! See details below: 
CRITICAL
for 1m 42s
Soft 1/2
B2Bi queue health: "B2Bi CI HME - PROD_Framework_Parallel_001.201_Serial_Dyn_10_ExecuteMasterDynMBC_HM"
on
B2Bi Application Server - Stream 1A
CRITICAL - Queue "B2Bi CI HME - PROD_Framework_Parallel_001.201_Serial_Dyn_10_ExecuteMasterDynMBC_HM" ("hierchmessage_2215"/"queue_13"):
Request Successful!03-05 15:52:31
New alert more than 5 minutes! See details below: 
CRITICAL
for 2m 54s
B2Bi queue health: "B2Bi CI HME - PROD_Framework_Parallel_001.201_Serial_Dyn_10_ExecuteMasterDynMBC_HM"
on
B2Bi Application Server - Stream 1A
CRITICAL - Queue "B2Bi CI HME - PROD_Framework_Parallel_001.201_Serial_Dyn_10_ExecuteMasterDynMBC_HM" ("hierchmessage_2215"/"queue_13"):
Request Successful!03-05 15:53:43
Request Successful!03-05 15:54:44
New alert more than 5 minutes! See details below: 
CRITICAL
for 1m 9s
Soft 1/2
B2Bi queue health: "B2Bi Logger 16"
on
B2Bi Application Server - Stream 2A (Multicluster - VIP)
CRITICAL - Queue "B2Bi Logger 16" ("logger_1040"/"queue_16"):
Request Successful!03-05 15:55:56
Request Successful!03-05 15:56:57
Request Successful!03-05 15:57:58
New alert more than 5 minutes! See details below: 
CRITICAL
for 1m 15s
Soft 1/2
B2Bi queue health: "B2Bi Logger 14"
on
B2Bi Application Server - Stream 3A (Multicluster)
CRITICAL - Queue "B2Bi Logger 14" ("logger_1036"/"queue_16"):
Request Successful!03-05 15:59:09
Request Successful!03-05 16:00:10
Request Successful!03-05 16:01:11
Request Successful!03-05 16:02:13
Request Successful!03-05 16:03:14
Request Successful!03-05 16:04:15
Request Successful!03-05 16:05:16
Request Successful!03-05 16:06:17
Request Successful!03-05 16:07:18
Request Successful!03-05 16:08:19
New alert more than 5 minutes! See details below: 
CRITICAL
for 1m 52s
Soft 1/2
B2Bi queue health: "B2Bi Logger 18"
on
B2Bi Application Server - Stream 3E (Multicluster)
CRITICAL - Queue "B2Bi Logger 18" ("logger_1044"/"queue_16"):
Request Successful!03-05 16:09:30
Request Successful!03-05 16:10:31
Request Successful!03-05 16:11:32
Request Successful!03-05 16:12:33
Request Successful!03-05 16:13:34
Request Successful!03-05 16:14:36
Request Successful!03-05 16:15:37
Request Successful!03-05 16:16:38
Request Successful!03-05 16:17:39
Request Successful!03-05 16:18:40
Request Successful!03-05 16:19:41
Request Successful!03-05 16:20:44
Request Successful!03-05 16:21:45
Request Successful!03-05 16:22:46
Request Successful!03-05 16:23:48
Request Successful!03-05 16:24:49
Request Successful!03-05 16:25:50
Request Successful!03-05 16:26:51
Request Successful!03-05 16:27:52
Request Successful!03-05 16:28:53
Request Successful!03-05 16:29:54
Request Successful!03-05 16:30:56
Request Successful!03-05 16:31:59
Request Successful!03-05 16:33:00
Request Successful!03-05 16:34:01
Request Successful!03-05 16:35:02
Request Successful!03-05 16:36:04
Request Successful!03-05 16:37:05
Request Successful!03-05 16:38:06
Request Successful!03-05 16:39:07
Request Successful!03-05 16:40:08
Request Successful!03-05 16:41:10
New alert more than 5 minutes! See details below: 
CRITICAL
for 1m 55s
Soft 1/2
B2Bi queue health: "B2Bi Logger 15"
on
B2Bi Application Server - Stream 1C
CRITICAL - Queue "B2Bi Logger 15" ("logger_1575"/"queue_13"):
Request Successful!03-05 16:42:21
Request Successful!03-05 16:43:22
Request Successful!03-05 16:44:23
Request Successful!03-05 16:45:24
Request Successful!03-05 16:46:26
Request Successful!03-05 16:47:27
New alert more than 5 minutes! See details below: 
CRITICAL
for 1m 4s
Soft 1/2
B2Bi queue health: "B2Bi Logger 19"
on
B2Bi Application Server - Stream 1A
CRITICAL - Queue "B2Bi Logger 19" ("logger_12913"/"queue_13"):
Request Successful!03-05 16:48:37
Request Successful!03-05 16:49:38
Request Successful!03-05 16:50:40
Request Successful!03-05 16:51:41
Request Successful!03-05 16:52:42
Request Successful!03-05 16:53:43
Request Successful!03-05 16:54:44
Request Successful!03-05 16:55:46
Request Successful!03-05 16:56:47
Request Successful!03-05 16:57:48
Request Successful!03-05 16:58:49
Request Successful!03-05 16:59:51
New alert more than 5 minutes! See details below: 
CRITICAL
for 1m 8s
Soft 1/2
B2Bi queue health: "B2Bi Logger 12"
on
B2Bi Application Server - Stream 1C
CRITICAL - Queue "B2Bi Logger 12" ("logger_1569"/"queue_13"):
Request Successful!03-05 17:01:01
Request Successful!03-05 17:02:02
Request Successful!03-05 17:03:05
Request Successful!03-05 17:04:06
Request Successful!03-05 17:05:07
Request Successful!03-05 17:06:08
Request Successful!03-05 17:07:10
Request Successful!03-05 17:08:11
Request Successful!03-05 17:09:12
Request Successful!03-05 17:10:14
Request Successful!03-05 17:11:15
Request Successful!03-05 17:12:16
Request Successful!03-05 17:13:17
Request Successful!03-05 17:14:19
Request Successful!03-05 17:15:20
Request Successful!03-05 17:16:21
Request Successful!03-05 17:17:22
Request Successful!03-05 17:18:23
Request Successful!03-05 17:19:25
Request Successful!03-05 17:20:26
Request Successful!03-05 17:21:27
Request Successful!03-05 17:22:28
Request Successful!03-05 17:23:30
Request Successful!03-05 17:24:31
New alert more than 5 minutes! See details below: 
CRITICAL
for 1m 26s
B2Bi queue health: "B2Bi CI HME - PROD_Framework_Parallel_001.Z_Local_402_Serial_Out_20_InhouseEnveloper(Inhouse)_4_SAG_ETGOIT_HM"
on
B2Bi Application Server - Stream 1B
CRITICAL - Queue "B2Bi CI HME - PROD_Framework_Parallel_001.Z_Local_402_Serial_Out_20_InhouseEnveloper(Inhouse)_4_SAG_ETGOIT_HM" ("hierchmessage_11217"/"queue_13"):
Request Successful!03-05 17:25:42
New alert more than 5 minutes! See details below: 
CRITICAL
for 2m 37s
B2Bi queue health: "B2Bi CI HME - PROD_Framework_Parallel_001.Z_Local_402_Serial_Out_20_InhouseEnveloper(Inhouse)_4_SAG_ETGOIT_HM"
on
B2Bi Application Server - Stream 1B
CRITICAL - Queue "B2Bi CI HME - PROD_Framework_Parallel_001.Z_Local_402_Serial_Out_20_InhouseEnveloper(Inhouse)_4_SAG_ETGOIT_HM" ("hierchmessage_11217"/"queue_13"):
Request Successful!03-05 17:26:53
Request Successful!03-05 17:27:54
Request Successful!03-05 17:28:56
Request Successful!03-05 17:29:57
Request Successful!03-05 17:30:58
Request Successful!03-05 17:31:59
Request Successful!03-05 17:33:01
Request Successful!03-05 17:34:02
('Connection aborted.', ConnectionResetError(10054, '远程主机强迫关闭了一个现有的连接。', None, 10054, None))
Request Successful!03-05 17:36:09
Request Successful!03-05 17:37:10
Request Successful!03-05 17:38:11
Request Successful!03-05 17:39:12
Request Successful!03-05 17:40:13
Request Successful!03-05 17:41:15
Request Successful!03-05 17:42:16
Request Successful!03-05 17:43:17
Request Successful!03-05 17:44:18
Request Successful!03-05 17:45:20
Request Successful!03-05 17:46:21
Request Successful!03-05 17:47:22
Request Successful!03-05 17:48:23
Request Successful!03-05 17:49:25
Request Successful!03-05 17:50:26
Request Successful!03-05 17:51:27
Request Successful!03-05 17:52:28
Request Successful!03-05 17:53:29
Request Successful!03-05 17:54:31
New alert more than 5 minutes! See details below: 
CRITICAL
for 1m 0s
Soft 1/2
Custom meta load check. Will only trigger if all 3 thresholds are breached.
on
Communication Server Production
WARNING: All three warning thresholds breached! 1:44.81>34 5:29.23>26 15:23.58>20
Request Successful!03-05 17:55:41
Request Successful!03-05 17:56:42
Request Successful!03-05 17:57:44
Request Successful!03-05 17:58:45
Request Successful!03-05 17:59:46
Request Successful!03-05 18:00:47
Request Successful!03-05 18:01:48
Request Successful!03-05 18:02:50
Request Successful!03-05 18:03:51
Request Successful!03-05 18:04:52
Request Successful!03-05 18:05:53
Request Successful!03-05 18:06:54
Request Successful!03-05 18:07:55
Request Successful!03-05 18:08:57
Request Successful!03-05 18:09:58
Request Successful!03-05 18:10:59
Request Successful!03-05 18:12:00
Request Successful!03-05 18:13:02
Request Successful!03-05 18:14:03
Request Successful!03-05 18:15:04
Request Successful!03-05 18:16:05
Request Successful!03-05 18:17:07
Request Successful!03-05 18:18:08
Request Successful!03-05 18:19:09
Request Successful!03-05 18:20:10
Request Successful!03-05 18:21:12
Request Successful!03-05 18:22:13
Request Successful!03-05 18:23:14
Request Successful!03-05 18:24:15
Request Successful!03-05 18:25:16
Request Successful!03-05 18:26:17
Request Successful!03-05 18:27:18
Request Successful!03-05 18:28:20
Request Successful!03-05 18:29:21
Request Successful!03-05 18:30:22
Request Successful!03-05 18:31:23
Request Successful!03-05 18:32:24
Request Successful!03-05 18:33:25
Request Successful!03-05 18:34:27
Request Successful!03-05 18:35:28
Request Successful!03-05 18:36:29
Request Successful!03-05 18:37:30
Request Successful!03-05 18:38:31
Request Successful!03-05 18:39:32
Request Successful!03-05 18:40:34
New alert more than 5 minutes! See details below: 
CRITICAL
for 1m 2s
Soft 1/2
B2Bi queue health: "B2Bi CI HME - PROD_Framework_Parallel_001.101_Parallel_Out_40_X12OUT_ANSIX12_HM"
on
B2Bi Application Server - Stream 2B (Multicluster - VIP)
CRITICAL - Queue "B2Bi CI HME - PROD_Framework_Parallel_001.101_Parallel_Out_40_X12OUT_ANSIX12_HM" ("hierchmessage_2634"/"queue_16"):
Request Successful!03-05 18:41:45
Request Successful!03-05 18:42:46
Request Successful!03-05 18:43:47
Request Successful!03-05 18:44:48
Request Successful!03-05 18:45:50
Request Successful!03-05 18:46:51
Request Successful!03-05 18:47:52
Request Successful!03-05 18:48:53
Request Successful!03-05 18:49:55
Request Successful!03-05 18:50:56
Request Successful!03-05 18:51:58
Request Successful!03-05 18:52:59
Request Successful!03-05 18:54:00
Request Successful!03-05 18:55:01
Request Successful!03-05 18:56:03
Request Successful!03-05 18:57:04
Request Successful!03-05 18:58:05
Request Successful!03-05 18:59:06
Request Successful!03-05 19:00:08
Request Successful!03-05 19:01:09
Request Successful!03-05 19:02:11
Request Successful!03-05 19:03:12
Request Successful!03-05 19:04:13
Request Successful!03-05 19:05:14
Request Successful!03-05 19:06:15
Request Successful!03-05 19:07:17
Request Successful!03-05 19:08:18
Request Successful!03-05 19:09:19
Request Successful!03-05 19:10:21
Request Successful!03-05 19:11:22
Request Successful!03-05 19:12:23
Request Successful!03-05 19:13:25
Request Successful!03-05 19:14:26
Request Successful!03-05 19:15:27
Request Successful!03-05 19:16:28
Request Successful!03-05 19:17:30
Request Successful!03-05 19:18:31
Request Successful!03-05 19:19:32
Request Successful!03-05 19:20:34
Request Successful!03-05 19:21:35
Request Successful!03-05 19:22:36
Request Successful!03-05 19:23:37
Request Successful!03-05 19:24:39
Request Successful!03-05 19:25:40
Request Successful!03-05 19:26:41
Request Successful!03-05 19:27:43
New alert more than 5 minutes! See details below: 
CRITICAL
for 1m 23s
Soft 1/2
B2Bi queue health: "B2Bi CI HME - PROD_Framework_Parallel_001.Z_Local_402_Serial_Out_20_InhouseEnveloper(Inhouse)_2_SAG_ETGOIT_HM"
on
B2Bi Application Server - Stream 1B
CRITICAL - Queue "B2Bi CI HME - PROD_Framework_Parallel_001.Z_Local_402_Serial_Out_20_InhouseEnveloper(Inhouse)_2_SAG_ETGOIT_HM" ("hierchmessage_11211"/"queue_13"):
Request Successful!03-05 19:28:55
Request Successful!03-05 19:29:56
Request Successful!03-05 19:30:57
Request Successful!03-05 19:31:58
Request Successful!03-05 19:33:00
Request Successful!03-05 19:34:01
Request Successful!03-05 19:35:02
Request Successful!03-05 19:36:04
Request Successful!03-05 19:37:05
Request Successful!03-05 19:38:06
Request Successful!03-05 19:39:08
Request Successful!03-05 19:40:09
Request Successful!03-05 19:41:10
Request Successful!03-05 19:42:11
Request Successful!03-05 19:43:13
Request Successful!03-05 19:44:14
Request Successful!03-05 19:45:15
Request Successful!03-05 19:46:17
Request Successful!03-05 19:47:18
Request Successful!03-05 19:48:19
Request Successful!03-05 19:49:21
Request Successful!03-05 19:50:22
Request Successful!03-05 19:51:23
Request Successful!03-05 19:52:24
Request Successful!03-05 19:53:25
Request Successful!03-05 19:54:27
Request Successful!03-05 19:55:28
Request Successful!03-05 19:56:29
Request Successful!03-05 19:57:30
Request Successful!03-05 19:58:32
Request Successful!03-05 19:59:33
Request Successful!03-05 20:00:34
Request Successful!03-05 20:01:35
Request Successful!03-05 20:02:37
Request Successful!03-05 20:03:38
Request Successful!03-05 20:04:39
Request Successful!03-05 20:05:40
Request Successful!03-05 20:06:42
Request Successful!03-05 20:07:43
Request Successful!03-05 20:08:44
Request Successful!03-05 20:09:46
Request Successful!03-05 20:10:47
Request Successful!03-05 20:11:48
Request Successful!03-05 20:12:50
Request Successful!03-05 20:13:51
Request Successful!03-05 20:14:52
Request Successful!03-05 20:15:53
Request Successful!03-05 20:16:55
Request Successful!03-05 20:17:56
Request Successful!03-05 20:18:57
Request Successful!03-05 20:19:58
Request Successful!03-05 20:21:00
Request Successful!03-05 20:22:01
Request Successful!03-05 20:23:02
Request Successful!03-05 20:24:03
Request Successful!03-05 20:25:05
Request Successful!03-05 20:26:06
Request Successful!03-05 20:27:07
Request Successful!03-05 20:28:08
Request Successful!03-05 20:29:10
Request Successful!03-05 20:30:11
Request Successful!03-05 20:31:12
Request Successful!03-05 20:32:13
Request Successful!03-05 20:33:15
Request Successful!03-05 20:34:16
Request Successful!03-05 20:35:17
Request Successful!03-05 20:36:18
Request Successful!03-05 20:37:19
Request Successful!03-05 20:38:21
Request Successful!03-05 20:39:22
Request Successful!03-05 20:40:24
New alert more than 5 minutes! See details below: 
CRITICAL
for 1m 42s
Soft 1/2
Checking number of eMails in EMAS POP3 accounts for address corp.tm.ess.swordprod3
on
B2Bi Application Server - Stream 1B
Query to EMAS POP3 got errors! Aborting!
Request Successful!03-05 20:41:35
Request Successful!03-05 20:42:37
New alert more than 5 minutes! See details below: 
CRITICAL
for 1m 6s
B2Bi queue health: "B2Bi CI HME - PROD_Framework_Parallel_001.101_Parallel_Inb_10_FetchRef_HM"
on
B2Bi Application Server - Stream 3D (Multicluster)
CRITICAL - Queue "B2Bi CI HME - PROD_Framework_Parallel_001.101_Parallel_Inb_10_FetchRef_HM" ("hierchmessage_9799"/"queue_16"):
Request Successful!03-05 20:43:48
New alert more than 5 minutes! See details below: 
CRITICAL
for 2m 18s
B2Bi queue health: "B2Bi CI HME - PROD_Framework_Parallel_001.101_Parallel_Inb_10_FetchRef_HM"
on
B2Bi Application Server - Stream 3D (Multicluster)
CRITICAL - Queue "B2Bi CI HME - PROD_Framework_Parallel_001.101_Parallel_Inb_10_FetchRef_HM" ("hierchmessage_9799"/"queue_16"):
Request Successful!03-05 20:45:00
Request Successful!03-05 20:46:01
Request Successful!03-05 20:47:02
Request Successful!03-05 20:48:04
Request Successful!03-05 20:49:05
Request Successful!03-05 20:50:06
Request Successful!03-05 20:51:08
Request Successful!03-05 20:52:09
New alert more than 5 minutes! See details below: 
CRITICAL
for 1m 11s
Check age of file(-pattern) "/app/sword/log/http_file_upload_parallel3.log"
on
OFTP #2 Server Production
FILE_AGE CRITICAL: /app/sword/log/http_file_upload_parallel3.log is 334 seconds old and 8083933 bytes
Request Successful!03-05 20:53:21
New alert more than 5 minutes! See details below: 
CRITICAL
for 2m 3s
Check that all configured systemd services are in state OK.
on
OFTP #2 Server Production
CRIT : systmctl reports failure : file_upload_customer_parallel3.service loaded failed failed File Uploader for /oftp/prg/freigabe/eingang/.
New alert more than 5 minutes! See details below: 
CRITICAL
for 2m 22s
Check age of file(-pattern) "/app/sword/log/http_file_upload_parallel3.log"
on
OFTP #2 Server Production
FILE_AGE CRITICAL: /app/sword/log/http_file_upload_parallel3.log is 334 seconds old and 8083933 bytes
Request Successful!03-05 20:54:42
Request Successful!03-05 20:55:43
Request Successful!03-05 20:56:45
Request Successful!03-05 20:57:46
Request Successful!03-05 20:58:48
Request Successful!03-05 20:59:49
Request Successful!03-05 21:00:51
Request Successful!03-05 21:01:52
Request Successful!03-05 21:02:54
Request Successful!03-05 21:03:55
Request Successful!03-05 21:04:57
HTTPSConnectionPool(host='b2biprddep1.sl3.comp.db.de', port=443): Max retries exceeded with url: /icingaweb2/monitoring/list/services?service_problem=1&sort=service_severity&dir=desc (Caused by SSLError(SSLEOFError(8, '[SSL: UNEXPECTED_EOF_WHILE_READING] EOF occurred in violation of protocol (_ssl.c:1006)')))
Request Successful!03-05 21:07:34
Request Successful!03-05 21:08:35
Request Successful!03-05 21:09:36
Request Successful!03-05 21:10:37
Request Successful!03-05 21:11:38
Request Successful!03-05 21:12:40
Request Successful!03-05 21:13:41
Request Successful!03-05 21:14:43
Request Successful!03-05 21:15:44
Request Successful!03-05 21:16:46
Request Successful!03-05 21:17:47
Request Successful!03-05 21:18:48
Request Successful!03-05 21:19:50
New alert more than 5 minutes! See details below: 
CRITICAL
for 1m 33s
Query DB615 for messages in QueuedProduction state
on
b2biprddb1.sl3.comp.db.de
CRIT : 1A : 27 messages (older than 30 minutes) in QueuedProduction state : CRITICAL threshold (25) exceeded!
Request Successful!03-05 21:21:02
New alert more than 5 minutes! See details below: 
CRITICAL
for 2m 46s
Query DB615 for messages in QueuedProduction state
on
b2biprddb1.sl3.comp.db.de
CRIT : 1A : 27 messages (older than 30 minutes) in QueuedProduction state : CRITICAL threshold (25) exceeded!
Request Successful!03-05 21:22:15
Request Successful!03-05 21:23:16
Request Successful!03-05 21:24:18
Request Successful!03-05 21:25:19
Request Successful!03-05 21:26:20
Request Successful!03-05 21:27:22
Request Successful!03-05 21:28:23
Request Successful!03-05 21:29:24
Request Successful!03-05 21:30:25
Request Successful!03-05 21:31:27
Request Successful!03-05 21:32:28
Request Successful!03-05 21:33:29
Request Successful!03-05 21:34:30
Request Successful!03-05 21:35:32
Request Successful!03-05 21:36:33
Request Successful!03-05 21:37:34
New alert more than 5 minutes! See details below: 
CRITICAL
for 1m 3s
B2Bi queue health: "B2Bi CI HME - PROD_Framework_Parallel_001.Z_Local_402_Serial_Out_20_InhouseEnveloper(Inhouse)_4_SAG_ETGOIT_HM"
on
B2Bi Application Server - Stream 1B
CRITICAL - Queue "B2Bi CI HME - PROD_Framework_Parallel_001.Z_Local_402_Serial_Out_20_InhouseEnveloper(Inhouse)_4_SAG_ETGOIT_HM" ("hierchmessage_11217"/"queue_13"):
Request Successful!03-05 21:38:44
New alert more than 5 minutes! See details below: 
CRITICAL
for 2m 13s
B2Bi queue health: "B2Bi CI HME - PROD_Framework_Parallel_001.Z_Local_402_Serial_Out_20_InhouseEnveloper(Inhouse)_4_SAG_ETGOIT_HM"
on
B2Bi Application Server - Stream 1B
CRITICAL - Queue "B2Bi CI HME - PROD_Framework_Parallel_001.Z_Local_402_Serial_Out_20_InhouseEnveloper(Inhouse)_4_SAG_ETGOIT_HM" ("hierchmessage_11217"/"queue_13"):
Request Successful!03-05 21:39:55
Request Successful!03-05 21:40:56
Request Successful!03-05 21:41:58
Request Successful!03-05 21:42:59
Request Successful!03-05 21:44:01
Request Successful!03-05 21:45:02
Request Successful!03-05 21:46:04
Request Successful!03-05 21:47:05
Request Successful!03-05 21:48:06
Request Successful!03-05 21:49:07
Request Successful!03-05 21:50:09
Request Successful!03-05 21:51:10
Request Successful!03-05 21:52:12
Request Successful!03-05 21:53:13
Request Successful!03-05 21:54:14
Request Successful!03-05 21:55:15
Request Successful!03-05 21:56:17
Request Successful!03-05 21:57:18
Request Successful!03-05 21:58:20
Request Successful!03-05 21:59:21
Request Successful!03-05 22:00:23
Request Successful!03-05 22:01:24
Request Successful!03-05 22:02:26
Request Successful!03-05 22:03:27
Request Successful!03-05 22:04:28
Request Successful!03-05 22:05:30
Request Successful!03-05 22:06:31
Request Successful!03-05 22:07:32
Request Successful!03-05 22:08:34
Request Successful!03-05 22:09:35
Request Successful!03-05 22:10:37
Request Successful!03-05 22:11:38
Request Successful!03-05 22:12:40
Request Successful!03-05 22:13:41
Request Successful!03-05 22:14:43
Request Successful!03-05 22:15:44
Request Successful!03-05 22:16:46
Request Successful!03-05 22:17:47
Request Successful!03-05 22:18:48
check if there is a ticket. One critical alert is existed since 21:18
Request Successful!03-05 22:19:50
check if there is a ticket. One critical alert is existed since 21:18
Request Successful!03-05 22:20:52
check if there is a ticket. One critical alert is existed since 21:18
Request Successful!03-05 22:21:53
check if there is a ticket. One critical alert is existed since 21:18
Request Successful!03-05 22:22:55
Request Successful!03-05 22:23:56
Request Successful!03-05 22:24:58
New alert more than 5 minutes! See details below: 
CRITICAL
for 1m 22s
Soft 1/2
B2Bi queue health: "B2Bi Logger 16"
on
B2Bi Application Server - Stream 2A (Multicluster - VIP)
CRITICAL - Queue "B2Bi Logger 16" ("logger_1040"/"queue_16"):
Request Successful!03-05 22:26:10
Request Successful!03-05 22:27:12
Request Successful!03-05 22:28:13
Request Successful!03-05 22:29:15
Request Successful!03-05 22:30:16
Request Successful!03-05 22:31:18
New alert more than 5 minutes! See details below: 
CRITICAL
for 1m 35s
Soft 1/2
B2Bi queue health: "B2Bi Logger 16"
on
B2Bi Application Server - Stream 1C
CRITICAL - Queue "B2Bi Logger 16" ("logger_1577"/"queue_13"):
Request Successful!03-05 22:32:30
Request Successful!03-05 22:33:31
Request Successful!03-05 22:34:33
Request Successful!03-05 22:35:34
Request Successful!03-05 22:36:36
Request Successful!03-05 22:37:37
Request Successful!03-05 22:38:38
Request Successful!03-05 22:39:40
Request Successful!03-05 22:40:42
Request Successful!03-05 22:41:43
Request Successful!03-05 22:42:45
Request Successful!03-05 22:43:46
Request Successful!03-05 22:44:48
Request Successful!03-05 22:45:49
Request Successful!03-05 22:46:51
Request Successful!03-05 22:47:52
Request Successful!03-05 22:48:54
Request Successful!03-05 22:49:55
Request Successful!03-05 22:50:57
Request Successful!03-05 22:51:58
Request Successful!03-05 22:53:00
Request Successful!03-05 22:54:01
Request Successful!03-05 22:55:03
Request Successful!03-05 22:56:04
Request Successful!03-05 22:57:06
Request Successful!03-05 22:58:07
Request Successful!03-05 22:59:08
Request Successful!03-05 23:00:10
Request Successful!03-05 23:01:12
Request Successful!03-05 23:02:13
Request Successful!03-05 23:03:15
Request Successful!03-05 23:04:16
Request Successful!03-05 23:05:18
Request Successful!03-05 23:06:19
Request Successful!03-05 23:07:21
Request Successful!03-05 23:08:22
New alert more than 5 minutes! See details below: 
CRITICAL
for 1m 51s
Soft 1/2
B2Bi queue health: "B2Bi Logger 18"
on
B2Bi Application Server - Stream 3A (Multicluster)
CRITICAL - Queue "B2Bi Logger 18" ("logger_1044"/"queue_16"):
Request Successful!03-05 23:09:34
Request Successful!03-05 23:10:36
Request Successful!03-05 23:11:37
Request Successful!03-05 23:12:39
Request Successful!03-05 23:13:40
Request Successful!03-05 23:14:42
Request Successful!03-05 23:15:43
Request Successful!03-05 23:16:45
Request Successful!03-05 23:17:46
Request Successful!03-05 23:18:48
Request Successful!03-05 23:19:50
Request Successful!03-05 23:20:51
New alert more than 5 minutes! See details below: 
CRITICAL
for 1m 15s
Soft 1/2
B2Bi queue health: "B2Bi Logger 13"
on
B2Bi Application Server - Stream 3D (Multicluster)
CRITICAL - Queue "B2Bi Logger 13" ("logger_1034"/"queue_16"):
Request Successful!03-05 23:22:03
Request Successful!03-05 23:23:04
Request Successful!03-05 23:24:06
Request Successful!03-05 23:25:07
Request Successful!03-05 23:26:09
Request Successful!03-05 23:27:10
Request Successful!03-05 23:28:12
Request Successful!03-05 23:29:13
Request Successful!03-05 23:30:15
Request Successful!03-05 23:31:16
Request Successful!03-05 23:32:18
Request Successful!03-05 23:33:19
New alert more than 5 minutes! See details below: 
CRITICAL
for 1m 55s
Soft 1/2
B2Bi queue health: "B2Bi CI HME - PROD_Framework_Parallel_001.201_Serial_Dyn_10_ExecuteMasterDynMBC_HM"
on
B2Bi Application Server - Stream 1B
CRITICAL - Queue "B2Bi CI HME - PROD_Framework_Parallel_001.201_Serial_Dyn_10_ExecuteMasterDynMBC_HM" ("hierchmessage_7240"/"queue_13"):
Request Successful!03-05 23:34:31
Request Successful!03-05 23:35:33
Request Successful!03-05 23:36:34
Request Successful!03-05 23:37:36
Request Successful!03-05 23:38:37
Request Successful!03-05 23:39:38
Request Successful!03-05 23:40:40
Request Successful!03-05 23:41:41
Request Successful!03-05 23:42:43
Request Successful!03-05 23:43:44
Request Successful!03-05 23:44:46
Request Successful!03-05 23:45:47
Request Successful!03-05 23:46:49
Request Successful!03-05 23:47:50
Request Successful!03-05 23:48:52
Request Successful!03-05 23:49:53
Request Successful!03-05 23:50:55
Request Successful!03-05 23:51:56
Request Successful!03-05 23:52:57
Request Successful!03-05 23:53:59
Request Successful!03-05 23:55:00
Request Successful!03-05 23:56:02
Request Successful!03-05 23:57:03
Request Successful!03-05 23:58:05
Request Successful!03-05 23:59:06
