Request Successful!07-30 15:36:39
Request Successful!07-30 15:39:41
Request Successful!07-30 15:42:42
Request Successful!07-30 15:45:43
Request Successful!07-30 15:48:45
Request Successful!07-30 15:51:46
Request Successful!07-30 15:54:47
Request Successful!07-30 15:57:48
Request Successful!07-30 16:00:50
Request Successful!07-30 16:03:51
Request Successful!07-30 16:06:52
Request Successful!07-30 16:09:54
Request Successful!07-30 16:12:55
Request Successful!07-30 16:15:56
Request Successful!07-30 16:18:58
Request Successful!07-30 16:21:59
Request Successful!07-30 16:25:00
Request Successful!07-30 16:28:02
Request Successful!07-30 16:31:03
Request Successful!07-30 16:34:04
Request Successful!07-30 16:37:05
Request Successful!07-30 16:40:07
Request Successful!07-30 16:43:08
Request Successful!07-30 16:46:09
Request Successful!07-30 16:49:10
New alert more than 5 minutes! See details below: 
CRITICAL
for 4m 5s
B2Bi queue health: "B2Bi CI HME - PROD_Framework_Parallel_001.301_SerialLarge_Dyn_20_ExecuteMasterDynMBC_HM"
on
B2Bi Application Server - Stream 1B
CRITICAL - Queue "B2Bi CI HME - PROD_Framework_Parallel_001.301_SerialLarge_Dyn_20_ExecuteMasterDynMBC_HM" ("hierchmessage_7282"/"queue_13"):
Request Successful!07-30 16:52:22
Request Successful!07-30 16:55:24
Request Successful!07-30 16:58:25
Request Successful!07-30 17:01:26
Request Successful!07-30 17:04:28
Request Successful!07-30 17:07:31
Request Successful!07-30 17:10:32
Request Successful!07-30 17:13:34
Request Successful!07-30 17:16:35
Request Successful!07-30 17:19:37
Request Successful!07-30 17:22:39
Request Successful!07-30 17:25:40
Request Successful!07-30 17:28:41
Request Successful!07-30 17:31:43
Request Successful!07-30 17:34:44
Request Successful!07-30 17:37:45
Request Successful!07-30 17:40:47
Request Successful!07-30 17:43:48
Request Successful!07-30 17:46:50
Request Successful!07-30 17:49:51
Request Successful!07-30 17:52:52
Request Successful!07-30 17:55:54
Request Successful!07-30 17:58:56
Request Successful!07-30 18:01:57
Request Successful!07-30 18:04:59
Request Successful!07-30 18:08:00
Request Successful!07-30 18:11:02
Request Successful!07-30 18:14:04
Request Successful!07-30 18:17:05
Request Successful!07-30 18:20:06
Request Successful!07-30 18:23:08
Request Successful!07-30 18:26:09
Request Successful!07-30 18:29:10
Request Successful!07-30 18:32:12
Request Successful!07-30 18:35:13
Request Successful!07-30 18:38:14
Request Successful!07-30 18:41:16
Request Successful!07-30 18:44:17
Request Successful!07-30 18:47:18
Request Successful!07-30 18:50:20
Request Successful!07-30 18:53:21
Request Successful!07-30 18:56:23
Request Successful!07-30 18:59:24
Request Successful!07-30 19:02:26
Request Successful!07-30 19:05:28
Request Successful!07-30 19:08:29
Request Successful!07-30 19:11:31
Request Successful!07-30 19:14:32
Request Successful!07-30 19:17:34
Request Successful!07-30 19:20:35
Request Successful!07-30 19:23:36
Request Successful!07-30 19:26:38
Request Successful!07-30 19:29:39
Request Successful!07-30 19:32:40
Request Successful!07-30 19:35:42
Request Successful!07-30 19:38:43
Request Successful!07-30 19:41:45
Request Successful!07-30 19:44:46
Request Successful!07-30 19:47:48
Request Successful!07-30 19:50:49
Request Successful!07-30 19:53:51
Request Successful!07-30 19:56:52
Request Successful!07-30 19:59:53
Request Successful!07-30 20:02:54
Request Successful!07-30 20:05:56
Request Successful!07-30 20:08:57
Request Successful!07-30 20:11:59
Request Successful!07-30 20:15:00
Request Successful!07-30 20:18:01
Request Successful!07-30 20:21:02
New alert more than 5 minutes! See details below: 
CRITICAL
for 5m 45s
Query DB615 for messages in QueuedProduction state
on
b2biprddb1.sl3.comp.db.de
CRIT : 1A : 31 messages (older than 30 minutes) in QueuedProduction state : CRITICAL threshold (25) exceeded!
Request Successful!07-30 20:24:15
Request Successful!07-30 20:27:16
Request Successful!07-30 20:30:18
Request Successful!07-30 20:33:19
Request Successful!07-30 20:36:20
Request Successful!07-30 20:39:22
Request Successful!07-30 20:42:23
Request Successful!07-30 20:45:24
Request Successful!07-30 20:48:25
Request Successful!07-30 20:51:27
Request Successful!07-30 20:54:28
Request Successful!07-30 20:57:30
Request Successful!07-30 21:00:31
Request Successful!07-30 21:03:33
Request Successful!07-30 21:06:34
Request Successful!07-30 21:09:36
Request Successful!07-30 21:12:37
Request Successful!07-30 21:15:39
Request Successful!07-30 21:18:40
Request Successful!07-30 21:21:41
Request Successful!07-30 21:24:43
Request Successful!07-30 21:27:44
Request Successful!07-30 21:30:45
Request Successful!07-30 21:33:47
Request Successful!07-30 21:36:48
Request Successful!07-30 21:39:50
Request Successful!07-30 21:42:51
Request Successful!07-30 21:45:53
Request Successful!07-30 21:48:54
Request Successful!07-30 21:51:56
Request Successful!07-30 21:54:57
Request Successful!07-30 21:57:58
Request Successful!07-30 22:01:00
Request Successful!07-30 22:04:01
Request Successful!07-30 22:07:03
Request Successful!07-30 22:10:04
Request Successful!07-30 22:13:06
Request Successful!07-30 22:16:07
Request Successful!07-30 22:19:08
Request Successful!07-30 22:22:10
Request Successful!07-30 22:25:11
Request Successful!07-30 22:28:12
Request Successful!07-30 22:31:14
Request Successful!07-30 22:34:15
Request Successful!07-30 22:37:17
Request Successful!07-30 22:40:18
Request Successful!07-30 22:43:19
Request Successful!07-30 22:46:21
Request Successful!07-30 22:49:22
Request Successful!07-30 22:52:23
Request Successful!07-30 22:55:24
Request Successful!07-30 22:58:26
Request Successful!07-30 23:01:27
Request Successful!07-30 23:04:29
