Request Successful!01-11 17:05:19
Request Successful!01-11 17:08:20
Request Successful!01-11 17:11:22
New alert more than 5 minutes! See details below: 
CRITICAL
for 3m 27s
B2Bi queue health: "B2Bi CI HME - PROD_Framework_Parallel_001.Z_Local_402_Serial_Out_20_InhouseEnveloper(Inhouse)_4_SAG_ETGOIT_HM"
on
B2Bi Application Server - Stream 1B
CRITICAL - Queue "B2Bi CI HME - PROD_Framework_Parallel_001.Z_Local_402_Serial_Out_20_InhouseEnveloper(Inhouse)_4_SAG_ETGOIT_HM" ("hierchmessage_11217"/"queue_13"):
Request Successful!01-11 17:14:34
New alert more than 5 minutes! See details below: 
CRITICAL
for 6m 40s
B2Bi queue health: "B2Bi CI HME - PROD_Framework_Parallel_001.Z_Local_402_Serial_Out_20_InhouseEnveloper(Inhouse)_4_SAG_ETGOIT_HM"
on
B2Bi Application Server - Stream 1B
CRITICAL - Queue "B2Bi CI HME - PROD_Framework_Parallel_001.Z_Local_402_Serial_Out_20_InhouseEnveloper(Inhouse)_4_SAG_ETGOIT_HM" ("hierchmessage_11217"/"queue_13"):
Request Successful!01-11 17:17:46
Request Successful!01-11 17:20:47
Request Successful!01-11 17:23:50
Request Successful!01-11 17:26:51
Request Successful!01-11 17:29:53
Request Successful!01-11 17:32:54
Request Successful!01-11 17:35:56
Request Successful!01-11 17:38:58
Request Successful!01-11 17:41:59
Request Successful!01-11 17:45:01
Request Successful!01-11 17:48:03
Request Successful!01-11 17:51:04
New alert more than 5 minutes! See details below: 
CRITICAL
for 3m 17s
Soft 1/2
Check for zombied Support scripts from /home/b2bi/.aobashrc.
on
B2Bi Application Server - Stream 1A
CRIT : Found 1 .aobash script(s) running longer than 1 day!
Request Successful!01-11 17:54:16
New alert more than 5 minutes! See details below: 
CRITICAL
for 6m 29s
Check for zombied Support scripts from /home/b2bi/.aobashrc.
on
B2Bi Application Server - Stream 1A
CRIT : Found 1 .aobash script(s) running longer than 1 day!
Request Successful!01-11 17:57:28
Request Successful!01-11 18:00:29
Request Successful!01-11 18:03:30
Request Successful!01-11 18:06:32
Request Successful!01-11 18:09:33
Request Successful!01-11 18:12:34
Request Successful!01-11 18:15:36
Request Successful!01-11 18:18:37
Request Successful!01-11 18:21:38
Request Successful!01-11 18:24:39
Request Successful!01-11 18:27:41
Request Successful!01-11 18:30:42
Request Successful!01-11 18:33:44
Request Successful!01-11 18:36:45
Request Successful!01-11 18:39:46
Request Successful!01-11 18:42:48
Request Successful!01-11 18:45:49
Request Successful!01-11 18:48:50
Request Successful!01-11 18:51:52
Request Successful!01-11 18:54:53
Request Successful!01-11 18:57:55
Request Successful!01-11 19:00:56
Request Successful!01-11 19:03:58
New alert more than 5 minutes! See details below: 
CRITICAL
for 3m 58s
B2Bi queue health: "B2Bi CI HME - PROD_Framework_Parallel_001.Z_Local_402_Serial_Out_20_InhouseEnveloper(Inhouse)_4_SAG_ETGOIT_HM"
on
B2Bi Application Server - Stream 1B
CRITICAL - Queue "B2Bi CI HME - PROD_Framework_Parallel_001.Z_Local_402_Serial_Out_20_InhouseEnveloper(Inhouse)_4_SAG_ETGOIT_HM" ("hierchmessage_11217"/"queue_13"):
Request Successful!01-11 19:07:09
Request Successful!01-11 19:10:10
Request Successful!01-11 19:13:12
Request Successful!01-11 19:16:13
Request Successful!01-11 19:19:14
Request Successful!01-11 19:22:16
Request Successful!01-11 19:25:17
Request Successful!01-11 19:28:18
Request Successful!01-11 19:31:20
Request Successful!01-11 19:34:21
Request Successful!01-11 19:37:22
Request Successful!01-11 19:40:23
Request Successful!01-11 19:43:25
Request Successful!01-11 19:46:26
Request Successful!01-11 19:49:27
Request Successful!01-11 19:52:29
23 unhandled critical alerts
Request Successful!01-11 19:55:42
Request Successful!01-11 19:58:43
Request Successful!01-11 20:01:44
Request Successful!01-11 20:04:46
New alert more than 5 minutes! See details below: 
CRITICAL
for 3m 22s
B2Bi queue health: "B2Bi CI HME - PROD_Framework_Parallel_001.Z_Local_402_Serial_Out_20_InhouseEnveloper(Inhouse)_4_SAG_ETGOIT_HM"
on
B2Bi Application Server - Stream 1B
CRITICAL - Queue "B2Bi CI HME - PROD_Framework_Parallel_001.Z_Local_402_Serial_Out_20_InhouseEnveloper(Inhouse)_4_SAG_ETGOIT_HM" ("hierchmessage_11217"/"queue_13"):
Request Successful!01-11 20:07:58
New alert more than 5 minutes! See details below: 
CRITICAL
for 6m 34s
B2Bi queue health: "B2Bi CI HME - PROD_Framework_Parallel_001.Z_Local_402_Serial_Out_20_InhouseEnveloper(Inhouse)_4_SAG_ETGOIT_HM"
on
B2Bi Application Server - Stream 1B
CRITICAL - Queue "B2Bi CI HME - PROD_Framework_Parallel_001.Z_Local_402_Serial_Out_20_InhouseEnveloper(Inhouse)_4_SAG_ETGOIT_HM" ("hierchmessage_11217"/"queue_13"):
Request Successful!01-11 20:11:10
Request Successful!01-11 20:14:11
Request Successful!01-11 20:17:13
Request Successful!01-11 20:20:14
Request Successful!01-11 20:23:16
Request Successful!01-11 20:26:17
Request Successful!01-11 20:29:19
Request Successful!01-11 20:32:20
Request Successful!01-11 20:35:21
Request Successful!01-11 20:38:22
Request Successful!01-11 20:41:24
Request Successful!01-11 20:44:25
Request Successful!01-11 20:47:27
Request Successful!01-11 20:50:28
Request Successful!01-11 20:53:29
Request Successful!01-11 20:56:31
Request Successful!01-11 20:59:32
Request Successful!01-11 21:02:34
Request Successful!01-11 21:05:35
Request Successful!01-11 21:08:36
Request Successful!01-11 21:11:37
Request Successful!01-11 21:14:39
Request Successful!01-11 21:17:40
Request Successful!01-11 21:20:41
Request Successful!01-11 21:23:43
Request Successful!01-11 21:26:44
Request Successful!01-11 21:29:45
Request Successful!01-11 21:32:47
Request Successful!01-11 21:35:48
Request Successful!01-11 21:38:50
Request Successful!01-11 21:41:51
Request Successful!01-11 21:44:53
Request Successful!01-11 21:47:54
Request Successful!01-11 21:50:56
Request Successful!01-11 21:53:57
Request Successful!01-11 21:56:58
Request Successful!01-11 22:00:00
Request Successful!01-11 22:03:01
Request Successful!01-11 22:06:03
Request Successful!01-11 22:09:05
Request Successful!01-11 22:12:06
Request Successful!01-11 22:15:07
Request Successful!01-11 22:18:09
Request Successful!01-11 22:21:10
Request Successful!01-11 22:24:12
Request Successful!01-11 22:27:13
Request Successful!01-11 22:30:15
Request Successful!01-11 22:33:16
Request Successful!01-11 22:36:18
Request Successful!01-11 22:39:19
Request Successful!01-11 22:42:21
Request Successful!01-11 22:45:22
Request Successful!01-11 22:48:24
Request Successful!01-11 22:51:25
Request Successful!01-11 22:54:26
Request Successful!01-11 22:57:28
Request Successful!01-11 23:00:30
