Request Successful!07-04 15:42:12
Request Successful!07-04 15:45:14
Request Successful!07-04 15:48:16
Request Successful!07-04 15:51:18
Request Successful!07-04 15:54:20
Request Successful!07-04 15:57:22
Request Successful!07-04 16:00:24
Request Successful!07-04 16:03:26
Request Successful!07-04 16:06:28
Request Successful!07-04 16:09:31
Request Successful!07-04 16:12:32
Request Successful!07-04 16:15:34
Request Successful!07-04 16:18:36
Request Successful!07-04 16:21:38
Request Successful!07-04 16:24:40
Request Successful!07-04 16:27:41
Request Successful!07-04 16:30:43
Request Successful!07-04 16:33:45
Request Successful!07-04 16:36:47
Request Successful!07-04 16:39:49
Request Successful!07-04 16:42:51
Request Successful!07-04 16:45:52
Request Successful!07-04 16:48:54
Request Successful!07-04 16:51:56
Request Successful!07-04 16:54:57
Request Successful!07-04 16:57:59
Request Successful!07-04 17:01:01
Request Successful!07-04 17:04:02
Request Successful!07-04 17:07:04
Request Successful!07-04 17:10:06
Request Successful!07-04 17:13:08
Request Successful!07-04 17:16:09
Request Successful!07-04 17:19:11
Request Successful!07-04 17:22:13
Request Successful!07-04 17:25:15
Request Successful!07-04 17:28:17
Request Successful!07-04 17:31:20
Request Successful!07-04 17:34:22
Request Successful!07-04 17:37:24
Request Successful!07-04 17:40:25
Request Successful!07-04 17:43:27
Request Successful!07-04 17:46:28
Request Successful!07-04 17:49:30
Request Successful!07-04 17:52:31
Request Successful!07-04 17:55:33
Request Successful!07-04 17:58:35
Request Successful!07-04 18:01:37
Request Successful!07-04 18:04:39
Request Successful!07-04 18:07:41
Request Successful!07-04 18:10:43
Request Successful!07-04 18:13:45
Request Successful!07-04 18:16:46
Request Successful!07-04 18:19:48
Request Successful!07-04 18:22:50
Request Successful!07-04 18:25:51
Request Successful!07-04 18:28:53
Request Successful!07-04 18:31:54
Request Successful!07-04 18:34:56
Request Successful!07-04 18:37:57
Request Successful!07-04 18:40:59
Request Successful!07-04 18:44:01
Request Successful!07-04 18:47:02
Request Successful!07-04 18:50:04
Request Successful!07-04 18:53:05
Request Successful!07-04 18:56:07
Request Successful!07-04 18:59:09
Request Successful!07-04 19:02:12
Request Successful!07-04 19:05:13
Request Successful!07-04 19:08:15
Request Successful!07-04 19:11:16
Request Successful!07-04 19:14:18
Request Successful!07-04 19:17:20
Request Successful!07-04 19:20:21
Request Successful!07-04 19:23:23
New alert more than 5 minutes! See details below: 
CRITICAL
for 4m 9s
B2Bi queue health: "B2Bi Logger 18"
on
B2Bi Application Server - Stream 3B (Multicluster)
CRITICAL - Queue "B2Bi Logger 18" ("logger_1044"/"queue_16"):
Request Successful!07-04 19:26:35
Request Successful!07-04 19:29:37
Request Successful!07-04 19:32:39
Request Successful!07-04 19:35:41
Request Successful!07-04 19:38:43
Request Successful!07-04 19:41:44
Request Successful!07-04 19:44:46
New alert more than 5 minutes! See details below: 
CRITICAL
for 3m 40s
B2Bi queue health: "B2Bi CI HME - PROD_Framework_Parallel_001.Z_Local_402_Serial_Out_20_InhouseEnveloper(Inhouse)_4_SAG_ETGOIT_HM"
on
B2Bi Application Server - Stream 1B
CRITICAL - Queue "B2Bi CI HME - PROD_Framework_Parallel_001.Z_Local_402_Serial_Out_20_InhouseEnveloper(Inhouse)_4_SAG_ETGOIT_HM" ("hierchmessage_11217"/"queue_13"):
Request Successful!07-04 19:47:58
Request Successful!07-04 19:50:59
Request Successful!07-04 19:54:01
Request Successful!07-04 19:57:03
Request Successful!07-04 20:00:04
Request Successful!07-04 20:03:06
Request Successful!07-04 20:06:07
Request Successful!07-04 20:09:09
Request Successful!07-04 20:12:11
Request Successful!07-04 20:15:12
Request Successful!07-04 20:18:13
Request Successful!07-04 20:21:15
Request Successful!07-04 20:24:17
Request Successful!07-04 20:27:18
Request Successful!07-04 20:30:20
Request Successful!07-04 20:33:21
Request Successful!07-04 20:36:23
Request Successful!07-04 20:39:24
Request Successful!07-04 20:42:26
Request Successful!07-04 20:45:28
Request Successful!07-04 20:48:29
Request Successful!07-04 20:51:31
Request Successful!07-04 20:54:33
Request Successful!07-04 20:57:34
Request Successful!07-04 21:00:36
Request Successful!07-04 21:03:38
Request Successful!07-04 21:06:39
Request Successful!07-04 21:09:41
Request Successful!07-04 21:12:42
Request Successful!07-04 21:15:44
Request Successful!07-04 21:18:46
Request Successful!07-04 21:21:47
Request Successful!07-04 21:24:49
Request Successful!07-04 21:27:50
Request Successful!07-04 21:30:52
Request Successful!07-04 21:33:54
Request Successful!07-04 21:36:55
Request Successful!07-04 21:39:57
Request Successful!07-04 21:42:59
Request Successful!07-04 21:46:00
Request Successful!07-04 21:49:02
Request Successful!07-04 21:52:03
Request Successful!07-04 21:55:05
Request Successful!07-04 21:58:06
Request Successful!07-04 22:01:08
Request Successful!07-04 22:04:10
Request Successful!07-04 22:07:11
Request Successful!07-04 22:10:13
Request Successful!07-04 22:13:15
Request Successful!07-04 22:16:16
Request Successful!07-04 22:19:18
Request Successful!07-04 22:22:19
Request Successful!07-04 22:25:21
Request Successful!07-04 22:28:23
Request Successful!07-04 22:31:24
Request Successful!07-04 22:34:26
Request Successful!07-04 22:37:27
Request Successful!07-04 22:40:29
Request Successful!07-04 22:43:30
Request Successful!07-04 22:46:32
Request Successful!07-04 22:49:33
Request Successful!07-04 22:52:35
Request Successful!07-04 22:55:37
Request Successful!07-04 22:58:38
Request Successful!07-04 23:01:40
