Request Successful!02-19 16:06:13
Request Successful!02-19 16:07:14
Request Successful!02-19 16:08:16
Request Successful!02-19 16:09:17
Request Successful!02-19 16:10:18
Request Successful!02-19 16:11:20
Request Successful!02-19 16:12:21
Request Successful!02-19 16:13:23
Request Successful!02-19 16:14:24
New alert more than 5 minutes! See details below: 
CRITICAL
for 1m 32s
Soft 1/2
B2Bi queue health: "B2Bi Logger 18"
on
B2Bi Application Server - Stream 2B (Multicluster - VIP)
CRITICAL - Queue "B2Bi Logger 18" ("logger_1044"/"queue_16"):
Request Successful!02-19 16:15:38
Request Successful!02-19 16:16:41
Request Successful!02-19 16:17:43
Request Successful!02-19 16:18:45
Request Successful!02-19 16:19:47
Request Successful!02-19 16:20:49
Request Successful!02-19 16:21:51
Request Successful!02-19 16:22:52
Request Successful!02-19 16:23:55
Request Successful!02-19 16:24:57
Request Successful!02-19 16:25:58
Request Successful!02-19 16:26:59
Request Successful!02-19 16:28:00
Request Successful!02-19 16:29:02
Request Successful!02-19 16:30:03
Request Successful!02-19 16:31:04
Request Successful!02-19 16:32:05
Request Successful!02-19 16:33:07
Request Successful!02-19 16:34:08
Request Successful!02-19 16:35:09
Request Successful!02-19 16:36:10
Request Successful!02-19 16:37:12
Request Successful!02-19 16:38:13
Request Successful!02-19 16:39:14
Request Successful!02-19 16:40:15
Request Successful!02-19 16:41:17
Request Successful!02-19 16:42:18
Request Successful!02-19 16:43:19
Request Successful!02-19 16:44:21
Request Successful!02-19 16:45:23
Request Successful!02-19 16:46:24
Request Successful!02-19 16:47:25
Request Successful!02-19 16:48:27
Request Successful!02-19 16:49:28
Request Successful!02-19 16:50:29
Request Successful!02-19 16:51:31
New alert more than 5 minutes! See details below: 
CRITICAL
for 1m 58s
Soft 1/2
B2Bi queue health: "B2Bi CI HME - PROD_Framework_Parallel_001.201_Serial_Dyn_10_ExecuteMasterDynMBC_HM"
on
B2Bi Application Server - Stream 1A
CRITICAL - Queue "B2Bi CI HME - PROD_Framework_Parallel_001.201_Serial_Dyn_10_ExecuteMasterDynMBC_HM" ("hierchmessage_2215"/"queue_13"):
Request Successful!02-19 16:52:42
Request Successful!02-19 16:53:43
Request Successful!02-19 16:54:45
Request Successful!02-19 16:55:46
Request Successful!02-19 16:56:47
Request Successful!02-19 16:57:48
('Connection aborted.', ConnectionResetError(10054, '远程主机强迫关闭了一个现有的连接。', None, 10054, None))
Request Successful!02-19 16:59:55
Request Successful!02-19 17:00:57
Request Successful!02-19 17:01:58
Request Successful!02-19 17:02:59
Request Successful!02-19 17:04:01
Request Successful!02-19 17:05:02
Request Successful!02-19 17:06:03
Request Successful!02-19 17:07:04
Request Successful!02-19 17:08:06
Request Successful!02-19 17:09:07
New alert more than 5 minutes! See details below: 
CRITICAL
for 1m 48s
Soft 1/2
B2Bi queue health: "B2Bi CI HME - PROD_Framework_Parallel_001.SEND_SendMessageToB2BIRemote_1C_sequential_HM"
on
B2Bi Application Server - Stream 3B (Multicluster)
CRITICAL - Queue "B2Bi CI HME - PROD_Framework_Parallel_001.SEND_SendMessageToB2BIRemote_1C_sequential_HM" ("hierchmessage_10403"/"queue_16"):
Request Successful!02-19 17:10:19
Request Successful!02-19 17:11:20
Request Successful!02-19 17:12:21
Request Successful!02-19 17:13:22
Request Successful!02-19 17:14:24
Request Successful!02-19 17:15:25
Request Successful!02-19 17:16:26
Request Successful!02-19 17:17:27
Request Successful!02-19 17:18:29
Request Successful!02-19 17:19:30
Request Successful!02-19 17:20:31
Request Successful!02-19 17:21:32
Request Successful!02-19 17:22:33
Request Successful!02-19 17:23:35
Request Successful!02-19 17:24:36
Request Successful!02-19 17:25:37
Request Successful!02-19 17:26:39
Request Successful!02-19 17:27:40
Request Successful!02-19 17:28:41
Request Successful!02-19 17:29:43
Request Successful!02-19 17:30:44
Request Successful!02-19 17:31:46
New alert more than 5 minutes! See details below: 
CRITICAL
for 1m 53s
Soft 1/2
B2Bi queue health: "B2Bi Logger 9"
on
B2Bi Application Server - Stream 2A (Multicluster - VIP)
CRITICAL - Queue "B2Bi Logger 9" ("logger_1026"/"queue_16"):
Request Successful!02-19 17:32:57
Request Successful!02-19 17:33:58
Request Successful!02-19 17:35:00
Request Successful!02-19 17:36:01
Request Successful!02-19 17:37:02
Request Successful!02-19 17:38:04
Request Successful!02-19 17:39:05
Request Successful!02-19 17:40:06
Request Successful!02-19 17:41:08
Request Successful!02-19 17:42:09
Request Successful!02-19 17:43:10
Request Successful!02-19 17:44:11
Request Successful!02-19 17:45:13
Request Successful!02-19 17:46:14
Request Successful!02-19 17:47:15
Request Successful!02-19 17:48:16
Request Successful!02-19 17:49:18
Request Successful!02-19 17:50:19
Request Successful!02-19 17:51:20
Request Successful!02-19 17:52:21
Request Successful!02-19 17:53:22
Request Successful!02-19 17:54:24
Request Successful!02-19 17:55:25
Request Successful!02-19 17:56:26
Request Successful!02-19 17:57:27
Request Successful!02-19 17:58:29
Request Successful!02-19 17:59:30
Request Successful!02-19 18:00:31
Request Successful!02-19 18:01:32
Request Successful!02-19 18:02:34
Request Successful!02-19 18:03:35
New alert more than 5 minutes! See details below: 
CRITICAL
for 1m 24s
Check size of queue "LQ.CUST5C on "QM.SWORD"
on
MQM Server Production
CRITICAL - Queue depth exceeding critical limit
Request Successful!02-19 18:04:46
New alert more than 5 minutes! See details below: 
CRITICAL
for 2m 36s
Check size of queue "LQ.CUST5C on "QM.SWORD"
on
MQM Server Production
CRITICAL - Queue depth exceeding critical limit
Request Successful!02-19 18:05:58
Request Successful!02-19 18:07:00
Request Successful!02-19 18:08:01
Request Successful!02-19 18:09:02
Request Successful!02-19 18:10:04
Request Successful!02-19 18:11:05
Request Successful!02-19 18:12:06
Request Successful!02-19 18:13:07
Request Successful!02-19 18:14:08
Request Successful!02-19 18:15:10
Request Successful!02-19 18:16:11
Request Successful!02-19 18:17:12
Request Successful!02-19 18:18:13
Request Successful!02-19 18:19:14
Request Successful!02-19 18:20:15
Request Successful!02-19 18:21:17
Request Successful!02-19 18:22:18
Request Successful!02-19 18:23:19
Request Successful!02-19 18:24:20
Request Successful!02-19 18:25:22
Request Successful!02-19 18:26:23
Request Successful!02-19 18:27:24
Request Successful!02-19 18:28:25
Request Successful!02-19 18:29:27
Request Successful!02-19 18:30:28
Request Successful!02-19 18:31:29
Request Successful!02-19 18:32:30
Request Successful!02-19 18:33:31
Request Successful!02-19 18:34:33
Request Successful!02-19 18:35:34
Request Successful!02-19 18:36:35
Request Successful!02-19 18:37:36
Request Successful!02-19 18:38:38
Request Successful!02-19 18:39:39
Request Successful!02-19 18:40:40
Request Successful!02-19 18:41:41
Request Successful!02-19 18:42:42
Request Successful!02-19 18:43:43
Request Successful!02-19 18:44:45
Request Successful!02-19 18:45:46
Request Successful!02-19 18:46:47
Request Successful!02-19 18:47:48
Request Successful!02-19 18:48:50
Request Successful!02-19 18:49:51
Request Successful!02-19 18:50:52
Request Successful!02-19 18:51:54
Request Successful!02-19 18:52:55
Request Successful!02-19 18:53:56
Request Successful!02-19 18:54:57
Request Successful!02-19 18:55:59
Request Successful!02-19 18:57:00
Request Successful!02-19 18:58:01
('Connection aborted.', ConnectionResetError(10054, '远程主机强迫关闭了一个现有的连接。', None, 10054, None))
Request Successful!02-19 19:00:09
Request Successful!02-19 19:01:10
Request Successful!02-19 19:02:12
Request Successful!02-19 19:03:13
Request Successful!02-19 19:04:14
Request Successful!02-19 19:05:15
Request Successful!02-19 19:06:17
New alert more than 5 minutes! See details below: 
CRITICAL
for 1m 36s
Soft 1/2
B2Bi queue health: "B2Bi Logger 15"
on
B2Bi Application Server - Stream 2B (Multicluster - VIP)
CRITICAL - Queue "B2Bi Logger 15" ("logger_1038"/"queue_16"):
Request Successful!02-19 19:07:28
Request Successful!02-19 19:08:29
Request Successful!02-19 19:09:31
Request Successful!02-19 19:10:32
Request Successful!02-19 19:11:33
Request Successful!02-19 19:12:34
Request Successful!02-19 19:13:36
Request Successful!02-19 19:14:37
Request Successful!02-19 19:15:38
Request Successful!02-19 19:16:40
Request Successful!02-19 19:17:41
Request Successful!02-19 19:18:42
Request Successful!02-19 19:19:43
Request Successful!02-19 19:20:45
New alert more than 5 minutes! See details below: 
CRITICAL
for 1m 10s
Soft 1/2
B2Bi queue health: "B2Bi CI HME - PROD_Framework_Parallel_001.201_Serial_Dyn_10_ExecuteMasterDynMBC_HM"
on
B2Bi Application Server - Stream 1A
CRITICAL - Queue "B2Bi CI HME - PROD_Framework_Parallel_001.201_Serial_Dyn_10_ExecuteMasterDynMBC_HM" ("hierchmessage_2215"/"queue_13"):
Request Successful!02-19 19:21:56
Request Successful!02-19 19:22:57
Request Successful!02-19 19:23:59
Request Successful!02-19 19:25:00
Request Successful!02-19 19:26:01
Request Successful!02-19 19:27:03
Request Successful!02-19 19:28:04
Request Successful!02-19 19:29:05
Request Successful!02-19 19:30:07
Request Successful!02-19 19:31:08
Request Successful!02-19 19:32:09
Request Successful!02-19 19:33:10
Request Successful!02-19 19:34:12
Request Successful!02-19 19:35:13
Request Successful!02-19 19:36:14
Request Successful!02-19 19:37:15
Request Successful!02-19 19:38:17
Request Successful!02-19 19:39:18
Request Successful!02-19 19:40:19
Request Successful!02-19 19:41:21
Request Successful!02-19 19:42:22
New alert more than 5 minutes! See details below: 
CRITICAL
for 1m 49s
B2Bi queue health: "B2Bi CI HME - PROD_Framework_Parallel_001.Z_Local_402_Serial_Out_20_InhouseEnveloper(Inhouse)_4_SAG_ETGOIT_HM"
on
B2Bi Application Server - Stream 1B
CRITICAL - Queue "B2Bi CI HME - PROD_Framework_Parallel_001.Z_Local_402_Serial_Out_20_InhouseEnveloper(Inhouse)_4_SAG_ETGOIT_HM" ("hierchmessage_11217"/"queue_13"):
Request Successful!02-19 19:43:34
Request Successful!02-19 19:44:35
Request Successful!02-19 19:45:36
Request Successful!02-19 19:46:38
Request Successful!02-19 19:47:39
Request Successful!02-19 19:48:40
Request Successful!02-19 19:49:42
Request Successful!02-19 19:50:43
Request Successful!02-19 19:51:44
Request Successful!02-19 19:52:45
Request Successful!02-19 19:53:47
Request Successful!02-19 19:54:48
Request Successful!02-19 19:55:49
Request Successful!02-19 19:56:51
Request Successful!02-19 19:57:52
New alert more than 5 minutes! See details below: 
CRITICAL
for 1m 25s
Soft 1/2
B2Bi queue health: "B2Bi Logger 17"
on
B2Bi Application Server - Stream 3E (Multicluster)
CRITICAL - Queue "B2Bi Logger 17" ("logger_1042"/"queue_16"):
Request Successful!02-19 19:59:03
Request Successful!02-19 20:00:05
Request Successful!02-19 20:01:06
Request Successful!02-19 20:02:07
Request Successful!02-19 20:03:08
Request Successful!02-19 20:04:10
Request Successful!02-19 20:05:11
Request Successful!02-19 20:06:12
Request Successful!02-19 20:07:14
Request Successful!02-19 20:08:15
Request Successful!02-19 20:09:16
Request Successful!02-19 20:10:17
Request Successful!02-19 20:11:19
Request Successful!02-19 20:12:20
Request Successful!02-19 20:13:21
Request Successful!02-19 20:14:23
Request Successful!02-19 20:15:24
Request Successful!02-19 20:16:25
Request Successful!02-19 20:17:26
Request Successful!02-19 20:18:28
Request Successful!02-19 20:19:29
Request Successful!02-19 20:20:30
Request Successful!02-19 20:21:31
Request Successful!02-19 20:22:33
Request Successful!02-19 20:23:34
Request Successful!02-19 20:24:35
Request Successful!02-19 20:25:37
Request Successful!02-19 20:26:38
Request Successful!02-19 20:27:39
New alert more than 5 minutes! See details below: 
CRITICAL
for 1m 28s
B2Bi queue health: "B2Bi CI HME - PROD_Framework_Parallel_001.Z_Local_402_Serial_Out_20_InhouseEnveloper(Inhouse)_4_SAG_ETGOIT_HM"
on
B2Bi Application Server - Stream 1B
CRITICAL - Queue "B2Bi CI HME - PROD_Framework_Parallel_001.Z_Local_402_Serial_Out_20_InhouseEnveloper(Inhouse)_4_SAG_ETGOIT_HM" ("hierchmessage_11217"/"queue_13"):
Request Successful!02-19 20:28:51
New alert more than 5 minutes! See details below: 
CRITICAL
for 2m 40s
B2Bi queue health: "B2Bi CI HME - PROD_Framework_Parallel_001.Z_Local_402_Serial_Out_20_InhouseEnveloper(Inhouse)_4_SAG_ETGOIT_HM"
on
B2Bi Application Server - Stream 1B
CRITICAL - Queue "B2Bi CI HME - PROD_Framework_Parallel_001.Z_Local_402_Serial_Out_20_InhouseEnveloper(Inhouse)_4_SAG_ETGOIT_HM" ("hierchmessage_11217"/"queue_13"):
Request Successful!02-19 20:30:03
Request Successful!02-19 20:31:04
Request Successful!02-19 20:32:05
Request Successful!02-19 20:33:07
Request Successful!02-19 20:34:08
Request Successful!02-19 20:35:10
Request Successful!02-19 20:36:12
Request Successful!02-19 20:37:13
Request Successful!02-19 20:38:14
Request Successful!02-19 20:39:15
Request Successful!02-19 20:40:17
Request Successful!02-19 20:41:18
Request Successful!02-19 20:42:19
Request Successful!02-19 20:43:20
Request Successful!02-19 20:44:22
Request Successful!02-19 20:45:23
Request Successful!02-19 20:46:24
Request Successful!02-19 20:47:26
Request Successful!02-19 20:48:27
Request Successful!02-19 20:49:28
Request Successful!02-19 20:50:29
Request Successful!02-19 20:51:31
Request Successful!02-19 20:52:32
Request Successful!02-19 20:53:33
Request Successful!02-19 20:54:35
Request Successful!02-19 20:55:36
Request Successful!02-19 20:56:37
Request Successful!02-19 20:57:39
Request Successful!02-19 20:58:40
Request Successful!02-19 20:59:41
Request Successful!02-19 21:00:42
Request Successful!02-19 21:01:44
Request Successful!02-19 21:02:45
Request Successful!02-19 21:03:46
Request Successful!02-19 21:04:48
Request Successful!02-19 21:05:49
Request Successful!02-19 21:06:51
Request Successful!02-19 21:07:52
Request Successful!02-19 21:08:53
Request Successful!02-19 21:09:55
Request Successful!02-19 21:10:56
Request Successful!02-19 21:11:57
Request Successful!02-19 21:12:58
Request Successful!02-19 21:14:00
Request Successful!02-19 21:15:01
Request Successful!02-19 21:16:02
Request Successful!02-19 21:17:03
Request Successful!02-19 21:18:05
Request Successful!02-19 21:19:06
Request Successful!02-19 21:20:07
Request Successful!02-19 21:21:09
Request Successful!02-19 21:22:10
Request Successful!02-19 21:23:11
Request Successful!02-19 21:24:12
Request Successful!02-19 21:25:14
Request Successful!02-19 21:26:15
Request Successful!02-19 21:27:16
Request Successful!02-19 21:28:18
Request Successful!02-19 21:29:19
Request Successful!02-19 21:30:20
Request Successful!02-19 21:31:21
Request Successful!02-19 21:32:23
Request Successful!02-19 21:33:24
Request Successful!02-19 21:34:25
Request Successful!02-19 21:35:26
Request Successful!02-19 21:36:28
Request Successful!02-19 21:37:29
Request Successful!02-19 21:38:30
Request Successful!02-19 21:39:32
Request Successful!02-19 21:40:33
Request Successful!02-19 21:41:34
Request Successful!02-19 21:42:36
Request Successful!02-19 21:43:37
Request Successful!02-19 21:44:38
Request Successful!02-19 21:45:39
Request Successful!02-19 21:46:41
Request Successful!02-19 21:47:42
Request Successful!02-19 21:48:44
Request Successful!02-19 21:49:45
Request Successful!02-19 21:50:46
Request Successful!02-19 21:51:47
Request Successful!02-19 21:52:49
Request Successful!02-19 21:53:50
Request Successful!02-19 21:54:51
Request Successful!02-19 21:55:53
Request Successful!02-19 21:56:54
Request Successful!02-19 21:57:55
('Connection aborted.', ConnectionResetError(10054, '远程主机强迫关闭了一个现有的连接。', None, 10054, None))
Request Successful!02-19 22:00:04
Request Successful!02-19 22:01:06
Request Successful!02-19 22:02:07
Request Successful!02-19 22:03:08
Request Successful!02-19 22:04:09
Request Successful!02-19 22:05:11
Request Successful!02-19 22:06:13
Request Successful!02-19 22:07:14
Request Successful!02-19 22:08:16
Request Successful!02-19 22:09:17
Request Successful!02-19 22:10:18
Request Successful!02-19 22:11:19
Request Successful!02-19 22:12:21
Request Successful!02-19 22:13:22
Request Successful!02-19 22:14:23
New alert more than 5 minutes! See details below: 
CRITICAL
for 1m 34s
Soft 1/2
B2Bi queue health: "B2Bi Logger 14"
on
B2Bi Application Server - Stream 2B (Multicluster - VIP)
CRITICAL - Queue "B2Bi Logger 14" ("logger_1036"/"queue_16"):
Request Successful!02-19 22:15:35
Request Successful!02-19 22:16:36
Request Successful!02-19 22:17:37
Request Successful!02-19 22:18:39
Request Successful!02-19 22:19:40
Request Successful!02-19 22:20:41
Request Successful!02-19 22:21:42
Request Successful!02-19 22:22:44
Request Successful!02-19 22:23:45
Request Successful!02-19 22:24:46
Request Successful!02-19 22:25:47
Request Successful!02-19 22:26:49
Request Successful!02-19 22:27:50
Request Successful!02-19 22:28:51
Request Successful!02-19 22:29:53
Request Successful!02-19 22:30:54
Request Successful!02-19 22:31:55
Request Successful!02-19 22:32:56
Request Successful!02-19 22:33:58
New alert more than 5 minutes! See details below: 
CRITICAL
for 1m 16s
B2Bi queue health: "B2Bi CI HME - PROD_Framework_Parallel_001.Z_Local_402_Serial_Out_20_InhouseEnveloper(Inhouse)_4_SAG_ETGOIT_HM"
on
B2Bi Application Server - Stream 1B
CRITICAL - Queue "B2Bi CI HME - PROD_Framework_Parallel_001.Z_Local_402_Serial_Out_20_InhouseEnveloper(Inhouse)_4_SAG_ETGOIT_HM" ("hierchmessage_11217"/"queue_13"):
Request Successful!02-19 22:35:09
New alert more than 5 minutes! See details below: 
CRITICAL
for 2m 28s
B2Bi queue health: "B2Bi CI HME - PROD_Framework_Parallel_001.Z_Local_402_Serial_Out_20_InhouseEnveloper(Inhouse)_4_SAG_ETGOIT_HM"
on
B2Bi Application Server - Stream 1B
CRITICAL - Queue "B2Bi CI HME - PROD_Framework_Parallel_001.Z_Local_402_Serial_Out_20_InhouseEnveloper(Inhouse)_4_SAG_ETGOIT_HM" ("hierchmessage_11217"/"queue_13"):
Request Successful!02-19 22:36:20
Request Successful!02-19 22:37:21
Request Successful!02-19 22:38:23
Request Successful!02-19 22:39:24
Request Successful!02-19 22:40:25
Request Successful!02-19 22:41:27
Request Successful!02-19 22:42:28
Request Successful!02-19 22:43:29
Request Successful!02-19 22:44:30
Request Successful!02-19 22:45:32
Request Successful!02-19 22:46:33
Request Successful!02-19 22:47:34
Request Successful!02-19 22:48:35
Request Successful!02-19 22:49:37
Request Successful!02-19 22:50:38
Request Successful!02-19 22:51:39
Request Successful!02-19 22:52:40
Request Successful!02-19 22:53:42
Request Successful!02-19 22:54:43
Request Successful!02-19 22:55:44
New alert more than 5 minutes! See details below: 
CRITICAL
for 1m 48s
Soft 1/2
B2Bi queue health: "B2Bi Logger 11"
on
B2Bi Application Server - Stream 1C
CRITICAL - Queue "B2Bi Logger 11" ("logger_1567"/"queue_13"):
Request Successful!02-19 22:56:56
Request Successful!02-19 22:57:57
Request Successful!02-19 22:58:58
Request Successful!02-19 23:00:00
Request Successful!02-19 23:01:01
Request Successful!02-19 23:02:02
Request Successful!02-19 23:03:03
Request Successful!02-19 23:04:05
Request Successful!02-19 23:05:06
Request Successful!02-19 23:06:07
Request Successful!02-19 23:07:09
Request Successful!02-19 23:08:10
Request Successful!02-19 23:09:11
Request Successful!02-19 23:10:12
Request Successful!02-19 23:11:13
Request Successful!02-19 23:12:15
Request Successful!02-19 23:13:16
Request Successful!02-19 23:14:17
Request Successful!02-19 23:15:18
Request Successful!02-19 23:16:20
Request Successful!02-19 23:17:21
Request Successful!02-19 23:18:22
Request Successful!02-19 23:19:24
Request Successful!02-19 23:20:26
Request Successful!02-19 23:21:27
Request Successful!02-19 23:22:28
Request Successful!02-19 23:23:30
Request Successful!02-19 23:24:31
Request Successful!02-19 23:25:32
Request Successful!02-19 23:26:34
Request Successful!02-19 23:27:35
Request Successful!02-19 23:28:36
Request Successful!02-19 23:29:37
HTTPSConnectionPool(host='b2biprddep1.sl3.comp.db.de', port=443): Max retries exceeded with url: /icingaweb2/monitoring/list/services?service_problem=1&sort=service_severity&dir=desc (Caused by SSLError(SSLEOFError(8, '[SSL: UNEXPECTED_EOF_WHILE_READING] EOF occurred in violation of protocol (_ssl.c:1006)')))
