Request Successful!12-26 15:30:06
Request Successful!12-26 15:33:08
Request Successful!12-26 15:36:09
Request Successful!12-26 15:39:11
Request Successful!12-26 15:42:12
Request Successful!12-26 15:45:14
Request Successful!12-26 15:48:15
Request Successful!12-26 15:51:17
Request Successful!12-26 15:54:18
Request Successful!12-26 15:57:20
Request Successful!12-26 16:00:21
Request Successful!12-26 16:03:25
Request Successful!12-26 16:06:27
Request Successful!12-26 16:09:28
Request Successful!12-26 16:12:30
Request Successful!12-26 16:15:31
Request Successful!12-26 16:18:33
Request Successful!12-26 16:21:35
Request Successful!12-26 16:24:36
Request Successful!12-26 16:27:38
Request Successful!12-26 16:30:40
Request Successful!12-26 16:33:42
Request Successful!12-26 16:36:43
Request Successful!12-26 16:39:45
Request Successful!12-26 16:42:47
Request Successful!12-26 16:45:49
Request Successful!12-26 16:48:50
Request Successful!12-26 16:51:52
Request Successful!12-26 16:54:54
Request Successful!12-26 16:57:56
Request Successful!12-26 17:00:57
Request Successful!12-26 17:03:59
Request Successful!12-26 17:07:01
Request Successful!12-26 17:10:02
Request Successful!12-26 17:13:04
Request Successful!12-26 17:16:06
Request Successful!12-26 17:19:08
Request Successful!12-26 17:22:10
Request Successful!12-26 17:25:12
Request Successful!12-26 17:28:14
Request Successful!12-26 17:31:15
Request Successful!12-26 17:34:16
Request Successful!12-26 17:37:18
Request Successful!12-26 17:40:20
Request Successful!12-26 17:43:21
Request Successful!12-26 17:46:23
Request Successful!12-26 17:49:25
Request Successful!12-26 17:52:26
Request Successful!12-26 17:55:28
Request Successful!12-26 17:58:30
Request Successful!12-26 18:01:32
New alert more than 5 minutes! See details below: 
CRITICAL
for 3m 45s
JMS Clients Connected
on
Communication Server 1 Production
CRITICAL - Following JMS clients are with errors:
Request Successful!12-26 18:04:44
Request Successful!12-26 18:07:46
Request Successful!12-26 18:10:47
Request Successful!12-26 18:13:49
Request Successful!12-26 18:16:50
Request Successful!12-26 18:19:52
Request Successful!12-26 18:22:53
Request Successful!12-26 18:25:55
Request Successful!12-26 18:28:56
Request Successful!12-26 18:31:57
Request Successful!12-26 18:34:59
Request Successful!12-26 18:38:00
Request Successful!12-26 18:41:02
Request Successful!12-26 18:44:04
Request Successful!12-26 18:47:05
Request Successful!12-26 18:50:07
Request Successful!12-26 18:53:08
Request Successful!12-26 18:56:10
Request Successful!12-26 18:59:12
Request Successful!12-26 19:02:13
Request Successful!12-26 19:05:15
Request Successful!12-26 19:08:17
Request Successful!12-26 19:11:18
Request Successful!12-26 19:14:20
Request Successful!12-26 19:17:22
Request Successful!12-26 19:20:23
Request Successful!12-26 19:23:25
Request Successful!12-26 19:26:27
Request Successful!12-26 19:29:29
Request Successful!12-26 19:32:30
Request Successful!12-26 19:35:32
Request Successful!12-26 19:38:34
Request Successful!12-26 19:41:36
Request Successful!12-26 19:44:37
Request Successful!12-26 19:47:39
Request Successful!12-26 19:50:41
Request Successful!12-26 19:53:43
Request Successful!12-26 19:56:45
Request Successful!12-26 19:59:47
Request Successful!12-26 20:02:49
Request Successful!12-26 20:05:51
Request Successful!12-26 20:08:57
Request Successful!12-26 20:12:00
Request Successful!12-26 20:15:02
Request Successful!12-26 20:18:04
Request Successful!12-26 20:21:07
Request Successful!12-26 20:24:09
Request Successful!12-26 20:27:11
Request Successful!12-26 20:30:13
Request Successful!12-26 20:33:15
Request Successful!12-26 20:36:17
Request Successful!12-26 20:39:19
Request Successful!12-26 20:42:21
Request Successful!12-26 20:45:23
Request Successful!12-26 20:48:25
Request Successful!12-26 20:51:28
Request Successful!12-26 20:54:30
Request Successful!12-26 20:57:32
Request Successful!12-26 21:00:34
Request Successful!12-26 21:03:36
New alert more than 5 minutes! See details below: 
CRITICAL
for 5m 17s
JMS Clients Connected
on
Communication Server 1 Production
CRITICAL - Following JMS clients are with errors:
Request Successful!12-26 21:06:49
Request Successful!12-26 21:09:51
Request Successful!12-26 21:12:53
Request Successful!12-26 21:15:56
Request Successful!12-26 21:18:58
Request Successful!12-26 21:22:00
Request Successful!12-26 21:25:02
Request Successful!12-26 21:28:04
Request Successful!12-26 21:31:07
Request Successful!12-26 21:34:08
Request Successful!12-26 21:37:11
Request Successful!12-26 21:40:13
Request Successful!12-26 21:43:14
Request Successful!12-26 21:46:17
Request Successful!12-26 21:49:19
Request Successful!12-26 21:52:21
Request Successful!12-26 21:55:23
Request Successful!12-26 21:58:25
Request Successful!12-26 22:01:27
Request Successful!12-26 22:04:29
Request Successful!12-26 22:07:31
Request Successful!12-26 22:10:32
Request Successful!12-26 22:13:34
Request Successful!12-26 22:16:36
Request Successful!12-26 22:19:37
Request Successful!12-26 22:22:39
Request Successful!12-26 22:25:41
Request Successful!12-26 22:28:42
Request Successful!12-26 22:31:44
Request Successful!12-26 22:34:46
Request Successful!12-26 22:37:47
Request Successful!12-26 22:40:49
Request Successful!12-26 22:43:50
Request Successful!12-26 22:46:52
Request Successful!12-26 22:49:53
Request Successful!12-26 22:52:55
Request Successful!12-26 22:55:57
Request Successful!12-26 22:58:58
Request Successful!12-26 23:01:59
Request Successful!12-26 23:05:01
Request Successful!12-26 23:08:02
Request Successful!12-26 23:11:04
Request Successful!12-26 23:14:05
Request Successful!12-26 23:17:07
Request Successful!12-26 23:20:08
Request Successful!12-26 23:23:10
New alert more than 5 minutes! See details below: 
CRITICAL
for 5m 5s
B2Bi queue health: "B2Bi CI HME - PROD_Framework_Parallel_001.101_Parallel_Inb_10_FetchRef_HM"
on
B2Bi Application Server - Stream 3F (Multicluster)
CRITICAL - Queue "B2Bi CI HME - PROD_Framework_Parallel_001.101_Parallel_Inb_10_FetchRef_HM" ("hierchmessage_9799"/"queue_16"):
