Request Successful!07-11 15:29:13
Request Successful!07-11 15:32:15
Request Successful!07-11 15:35:18
Request Successful!07-11 15:38:26
Request Successful!07-11 15:41:28
Request Successful!07-11 15:44:30
Request Successful!07-11 15:47:33
Request Successful!07-11 15:50:36
Request Successful!07-11 15:53:38
Request Successful!07-11 15:56:41
Request Successful!07-11 15:59:43
Request Successful!07-11 16:02:46
Request Successful!07-11 16:05:48
Request Successful!07-11 16:08:55
Request Successful!07-11 16:11:57
Request Successful!07-11 16:15:00
Request Successful!07-11 16:18:02
Request Successful!07-11 16:21:05
Request Successful!07-11 16:24:07
Request Successful!07-11 16:27:14
Request Successful!07-11 16:30:16
Request Successful!07-11 16:33:19
Request Successful!07-11 16:36:21
Request Successful!07-11 16:39:23
Request Successful!07-11 16:42:25
Request Successful!07-11 16:45:28
Request Successful!07-11 16:48:31
Request Successful!07-11 16:51:34
Request Successful!07-11 16:54:36
Request Successful!07-11 16:57:39
Request Successful!07-11 17:00:41
Request Successful!07-11 17:03:44
New alert more than 5 minutes! See details below: 
CRITICAL
for 3m 25s
Checking number of eMails in EMAS POP3 accounts for address de.tm.ess.b2biprd1
on
B2Bi Application Server - Stream 1A
CRITICAL : Number of eMails in EMAS POP3 account de.tm.ess.b2biprd1@dbschenker.com : 577. Critical limit 500 exceeded.
Request Successful!07-11 17:06:59
New alert more than 5 minutes! See details below: 
CRITICAL
for 6m 39s
Checking number of eMails in EMAS POP3 accounts for address de.tm.ess.b2biprd1
on
B2Bi Application Server - Stream 1A
CRITICAL : Number of eMails in EMAS POP3 account de.tm.ess.b2biprd1@dbschenker.com : 577. Critical limit 500 exceeded.
Request Successful!07-11 17:10:11
Request Successful!07-11 17:13:14
Request Successful!07-11 17:16:15
Request Successful!07-11 17:19:18
Request Successful!07-11 17:22:21
Request Successful!07-11 17:25:23
Request Successful!07-11 17:28:26
Request Successful!07-11 17:31:29
Request Successful!07-11 17:34:31
Request Successful!07-11 17:37:33
Request Successful!07-11 17:40:36
Request Successful!07-11 17:43:38
Request Successful!07-11 17:46:41
Request Successful!07-11 17:49:43
Request Successful!07-11 17:52:46
Request Successful!07-11 17:55:48
Request Successful!07-11 17:58:51
Request Successful!07-11 18:01:53
Request Successful!07-11 18:04:56
Request Successful!07-11 18:07:58
Request Successful!07-11 18:11:00
Request Successful!07-11 18:14:02
Request Successful!07-11 18:17:05
Request Successful!07-11 18:20:07
Request Successful!07-11 18:23:10
Request Successful!07-11 18:26:12
Request Successful!07-11 18:29:15
Request Successful!07-11 18:32:17
Request Successful!07-11 18:35:19
Request Successful!07-11 18:38:21
Request Successful!07-11 18:41:23
Request Successful!07-11 18:44:25
Request Successful!07-11 18:47:27
Request Successful!07-11 18:50:29
Request Successful!07-11 18:53:31
Request Successful!07-11 18:56:33
Request Successful!07-11 18:59:35
Request Successful!07-11 19:02:36
Request Successful!07-11 19:05:38
('Connection aborted.', ConnectionResetError(10054, '远程主机强迫关闭了一个现有的连接。', None, 10054, None))
Request Successful!07-11 19:12:08
Request Successful!07-11 19:15:10
New alert more than 5 minutes! See details below: 
CRITICAL
for 5m 37s
B2Bi queue health: "B2Bi CI HME - PROD_Framework_Parallel_001.SEND_SendMessageToB2BIRemote_1B_sequential_HM"
on
B2Bi Application Server - Stream 1A
CRITICAL - Queue "B2Bi CI HME - PROD_Framework_Parallel_001.SEND_SendMessageToB2BIRemote_1B_sequential_HM" ("hierchmessage_17212"/"queue_13"):
Request Successful!07-11 19:18:23
Request Successful!07-11 19:21:25
Request Successful!07-11 19:24:27
Request Successful!07-11 19:27:28
Request Successful!07-11 19:30:30
