Request Successful!07-15 16:06:10
Request Successful!07-15 16:09:12
Request Successful!07-15 16:12:14
Request Successful!07-15 16:15:17
Request Successful!07-15 16:18:19
Request Successful!07-15 16:21:21
Request Successful!07-15 16:24:24
Request Successful!07-15 16:27:26
Request Successful!07-15 16:30:28
Request Successful!07-15 16:33:32
Request Successful!07-15 16:36:34
Request Successful!07-15 16:39:37
Request Successful!07-15 16:42:38
Request Successful!07-15 16:45:41
check if there is a ticket. One critical alert is existed since 15:45
Request Successful!07-15 16:48:43
check if there is a ticket. One critical alert is existed since 15:45
Request Successful!07-15 16:51:46
check if there is a ticket. One critical alert is existed since 15:45
Request Successful!07-15 16:54:48
check if there is a ticket. One critical alert is existed since 15:45
Request Successful!07-15 16:57:50
check if there is a ticket. One critical alert is existed since 15:45
Request Successful!07-15 17:00:52
check if there is a ticket. One critical alert is existed since 15:45
Request Successful!07-15 17:03:54
check if there is a ticket. One critical alert is existed since 15:45
Request Successful!07-15 17:06:56
check if there is a ticket. One critical alert is existed since 15:45
Request Successful!07-15 17:09:58
check if there is a ticket. One critical alert is existed since 15:45
Request Successful!07-15 17:12:59
check if there is a ticket. One critical alert is existed since 15:45
Request Successful!07-15 17:16:01
check if there is a ticket. One critical alert is existed since 15:45
Request Successful!07-15 17:19:03
check if there is a ticket. One critical alert is existed since 15:45
Request Successful!07-15 17:22:06
check if there is a ticket. One critical alert is existed since 15:45
Request Successful!07-15 17:25:09
check if there is a ticket. One critical alert is existed since 15:45
Request Successful!07-15 17:28:11
check if there is a ticket. One critical alert is existed since 15:45
Request Successful!07-15 17:31:14
check if there is a ticket. One critical alert is existed since 15:45
Request Successful!07-15 17:34:16
check if there is a ticket. One critical alert is existed since 15:45
Request Successful!07-15 17:37:18
check if there is a ticket. One critical alert is existed since 15:45
Request Successful!07-15 17:40:20
check if there is a ticket. One critical alert is existed since 15:45
Request Successful!07-15 17:43:23
check if there is a ticket. One critical alert is existed since 15:45
Request Successful!07-15 17:46:25
New alert more than 5 minutes! See details below: 
CRITICAL
for 3m 25s
Checking for files in JMSClient error directories under /app/sword/schenker/jmsclients
on
Communication Server 1 Production
CRIT : 1 JMSClients with issues! Found a total of 2 files in todays (2024/07/15) error subdirectories.
check if there is a ticket. One critical alert is existed since 15:45
Request Successful!07-15 17:49:37
check if there is a ticket. One critical alert is existed since 15:45
Request Successful!07-15 17:52:40
check if there is a ticket. One critical alert is existed since 15:45
Request Successful!07-15 17:55:42
check if there is a ticket. One critical alert is existed since 15:45
Request Successful!07-15 17:58:44
check if there is a ticket. One critical alert is existed since 15:45
Request Successful!07-15 18:01:46
check if there is a ticket. One critical alert is existed since 15:45
Request Successful!07-15 18:04:47
check if there is a ticket. One critical alert is existed since 15:45
Request Successful!07-15 18:07:49
check if there is a ticket. One critical alert is existed since 15:45
Request Successful!07-15 18:10:51
check if there is a ticket. One critical alert is existed since 15:45
Request Successful!07-15 18:13:53
check if there is a ticket. One critical alert is existed since 15:45
Request Successful!07-15 18:16:55
check if there is a ticket. One critical alert is existed since 15:45
Request Successful!07-15 18:19:56
check if there is a ticket. One critical alert is existed since 15:45
Request Successful!07-15 18:22:58
check if there is a ticket. One critical alert is existed since 15:45
Request Successful!07-15 18:26:00
check if there is a ticket. One critical alert is existed since 15:45
Request Successful!07-15 18:29:02
check if there is a ticket. One critical alert is existed since 15:45
Request Successful!07-15 18:32:04
check if there is a ticket. One critical alert is existed since 15:45
Request Successful!07-15 18:35:06
check if there is a ticket. One critical alert is existed since 15:45
Request Successful!07-15 18:38:08
check if there is a ticket. One critical alert is existed since 15:45
Request Successful!07-15 18:41:10
check if there is a ticket. One critical alert is existed since 15:45
Request Successful!07-15 18:44:12
check if there is a ticket. One critical alert is existed since 15:45
Request Successful!07-15 18:47:14
check if there is a ticket. One critical alert is existed since 15:45
Request Successful!07-15 18:50:16
check if there is a ticket. One critical alert is existed since 15:45
Request Successful!07-15 18:53:18
check if there is a ticket. One critical alert is existed since 15:45
Request Successful!07-15 18:56:20
check if there is a ticket. One critical alert is existed since 15:45
Request Successful!07-15 18:59:22
check if there is a ticket. One critical alert is existed since 15:45
Request Successful!07-15 19:02:23
check if there is a ticket. One critical alert is existed since 15:45
Request Successful!07-15 19:05:25
check if there is a ticket. One critical alert is existed since 15:45
Request Successful!07-15 19:08:27
check if there is a ticket. One critical alert is existed since 15:45
Request Successful!07-15 19:11:28
check if there is a ticket. One critical alert is existed since 15:45
Request Successful!07-15 19:14:30
check if there is a ticket. One critical alert is existed since 15:45
Request Successful!07-15 19:17:31
check if there is a ticket. One critical alert is existed since 15:45
Request Successful!07-15 19:20:33
check if there is a ticket. One critical alert is existed since 15:45
Request Successful!07-15 19:23:34
check if there is a ticket. One critical alert is existed since 15:45
Request Successful!07-15 19:26:36
check if there is a ticket. One critical alert is existed since 15:45
Request Successful!07-15 19:29:37
check if there is a ticket. One critical alert is existed since 15:45
Request Successful!07-15 19:32:39
check if there is a ticket. One critical alert is existed since 15:45
Request Successful!07-15 19:35:40
Request Successful!07-15 19:38:42
Request Successful!07-15 19:41:43
Request Successful!07-15 19:44:45
Request Successful!07-15 19:47:46
Request Successful!07-15 19:50:48
Request Successful!07-15 19:53:49
Request Successful!07-15 19:56:51
Request Successful!07-15 19:59:52
Request Successful!07-15 20:02:54
Request Successful!07-15 20:05:55
Request Successful!07-15 20:08:57
Request Successful!07-15 20:11:58
Request Successful!07-15 20:15:00
Request Successful!07-15 20:18:01
Request Successful!07-15 20:21:03
Request Successful!07-15 20:24:05
Request Successful!07-15 20:27:07
Request Successful!07-15 20:30:09
Request Successful!07-15 20:33:12
Request Successful!07-15 20:36:15
Request Successful!07-15 20:39:18
Request Successful!07-15 20:42:22
Request Successful!07-15 20:45:25
Request Successful!07-15 20:48:27
Request Successful!07-15 20:51:29
Request Successful!07-15 20:54:30
Request Successful!07-15 20:57:32
Request Successful!07-15 21:00:36
Request Successful!07-15 21:03:38
Request Successful!07-15 21:06:40
Request Successful!07-15 21:09:41
Request Successful!07-15 21:12:43
Request Successful!07-15 21:15:46
Request Successful!07-15 21:18:48
Request Successful!07-15 21:21:50
Request Successful!07-15 21:24:51
Request Successful!07-15 21:27:53
Request Successful!07-15 21:30:54
Request Successful!07-15 21:33:56
Request Successful!07-15 21:36:57
Request Successful!07-15 21:39:59
Request Successful!07-15 21:43:00
Request Successful!07-15 21:46:02
Request Successful!07-15 21:49:03
Request Successful!07-15 21:52:05
Request Successful!07-15 21:55:07
Request Successful!07-15 21:58:09
Request Successful!07-15 22:01:10
Request Successful!07-15 22:04:12
Request Successful!07-15 22:07:14
Request Successful!07-15 22:10:15
Request Successful!07-15 22:13:17
Request Successful!07-15 22:16:18
Request Successful!07-15 22:19:19
Request Successful!07-15 22:22:21
Request Successful!07-15 22:25:22
Request Successful!07-15 22:28:24
Request Successful!07-15 22:31:25
Request Successful!07-15 22:34:27
Request Successful!07-15 22:37:28
Request Successful!07-15 22:40:30
Request Successful!07-15 22:43:31
Request Successful!07-15 22:46:33
Request Successful!07-15 22:49:34
Request Successful!07-15 22:52:36
Request Successful!07-15 22:55:37
Request Successful!07-15 22:58:39
Request Successful!07-15 23:01:40
Request Successful!07-15 23:04:42
