Request Successful!10-08 16:25:44
Request Successful!10-08 16:28:46
Request Successful!10-08 16:31:47
Request Successful!10-08 16:34:50
Request Successful!10-08 16:37:51
Request Successful!10-08 16:40:56
Request Successful!10-08 16:43:58
Request Successful!10-08 16:47:01
Request Successful!10-08 16:50:04
Request Successful!10-08 16:53:06
Request Successful!10-08 16:56:08
Request Successful!10-08 16:59:09
Request Successful!10-08 17:02:12
Request Successful!10-08 17:05:13
Request Successful!10-08 17:08:14
Request Successful!10-08 17:11:16
Request Successful!10-08 17:14:18
Request Successful!10-08 17:17:19
Request Successful!10-08 17:20:21
Request Successful!10-08 17:23:22
Request Successful!10-08 17:26:24
Request Successful!10-08 17:29:25
Request Successful!10-08 17:32:27
Request Successful!10-08 17:35:29
Request Successful!10-08 17:38:31
Request Successful!10-08 17:41:33
Request Successful!10-08 17:44:35
Request Successful!10-08 17:47:36
Request Successful!10-08 17:50:38
Request Successful!10-08 17:53:39
Request Successful!10-08 17:56:41
Request Successful!10-08 17:59:43
Request Successful!10-08 18:02:44
Request Successful!10-08 18:05:46
Request Successful!10-08 18:08:48
Request Successful!10-08 18:11:50
Request Successful!10-08 18:14:51
Request Successful!10-08 18:17:53
Request Successful!10-08 18:20:54
Request Successful!10-08 18:23:56
Request Successful!10-08 18:26:57
Request Successful!10-08 18:29:59
Request Successful!10-08 18:33:00
Request Successful!10-08 18:36:02
Request Successful!10-08 18:39:03
Request Successful!10-08 18:42:05
Request Successful!10-08 18:45:07
Request Successful!10-08 18:48:08
Request Successful!10-08 18:51:10
Request Successful!10-08 18:54:11
Request Successful!10-08 18:57:13
Request Successful!10-08 19:00:15
Request Successful!10-08 19:03:16
Request Successful!10-08 19:06:18
Request Successful!10-08 19:09:20
Request Successful!10-08 19:12:21
Request Successful!10-08 19:15:23
Request Successful!10-08 19:18:24
Request Successful!10-08 19:21:26
Request Successful!10-08 19:24:27
Request Successful!10-08 19:27:29
Request Successful!10-08 19:30:30
Request Successful!10-08 19:33:32
Request Successful!10-08 19:36:33
Request Successful!10-08 19:39:35
Request Successful!10-08 19:42:37
Request Successful!10-08 19:45:38
Request Successful!10-08 19:48:40
Request Successful!10-08 19:51:41
Request Successful!10-08 19:54:43
Request Successful!10-08 19:57:44
Request Successful!10-08 20:00:46
Request Successful!10-08 20:03:47
Request Successful!10-08 20:06:49
Request Successful!10-08 20:09:50
Request Successful!10-08 20:12:52
Request Successful!10-08 20:15:54
Request Successful!10-08 20:18:55
Request Successful!10-08 20:21:57
Request Successful!10-08 20:24:58
Request Successful!10-08 20:28:00
Request Successful!10-08 20:31:01
Request Successful!10-08 20:34:02
Request Successful!10-08 20:37:04
Request Successful!10-08 20:40:05
Request Successful!10-08 20:43:07
Request Successful!10-08 20:46:08
Request Successful!10-08 20:49:10
Request Successful!10-08 20:52:11
Request Successful!10-08 20:55:13
Request Successful!10-08 20:58:14
Request Successful!10-08 21:01:16
Request Successful!10-08 21:04:17
Request Successful!10-08 21:07:19
Request Successful!10-08 21:10:20
Request Successful!10-08 21:13:21
Request Successful!10-08 21:16:23
Request Successful!10-08 21:19:25
Request Successful!10-08 21:22:26
Request Successful!10-08 21:25:28
Request Successful!10-08 21:28:29
Request Successful!10-08 21:31:31
Request Successful!10-08 21:34:32
Request Successful!10-08 21:37:34
Request Successful!10-08 21:40:35
Request Successful!10-08 21:43:37
Request Successful!10-08 21:46:39
Request Successful!10-08 21:49:40
Request Successful!10-08 21:52:42
Request Successful!10-08 21:55:44
Request Successful!10-08 21:58:46
Request Successful!10-08 22:01:47
Request Successful!10-08 22:04:49
Request Successful!10-08 22:07:51
Request Successful!10-08 22:10:53
Request Successful!10-08 22:13:54
Request Successful!10-08 22:16:56
Request Successful!10-08 22:19:58
New alert more than 5 minutes! See details below: 
CRITICAL
for 4m 28s
B2Bi queue health: "B2Bi CI HME - PROD_Framework_Parallel_001.Z_Local_402_Serial_Out_20_InhouseEnveloper(Inhouse)_4_SAG_ETGOIT_HM"
on
B2Bi Application Server - Stream 1B
CRITICAL - Queue "B2Bi CI HME - PROD_Framework_Parallel_001.Z_Local_402_Serial_Out_20_InhouseEnveloper(Inhouse)_4_SAG_ETGOIT_HM" ("hierchmessage_11217"/"queue_13"):
Request Successful!10-08 22:23:11
Request Successful!10-08 22:26:13
Request Successful!10-08 22:29:14
Request Successful!10-08 22:32:16
Request Successful!10-08 22:35:18
Request Successful!10-08 22:38:19
Request Successful!10-08 22:41:21
Request Successful!10-08 22:44:22
Request Successful!10-08 22:47:24
Request Successful!10-08 22:50:25
Request Successful!10-08 22:53:27
Request Successful!10-08 22:56:29
Request Successful!10-08 22:59:31
Request Successful!10-08 23:02:33
Request Successful!10-08 23:05:34
Request Successful!10-08 23:08:35
Request Successful!10-08 23:11:37
Request Successful!10-08 23:14:39
Request Successful!10-08 23:17:40
Request Successful!10-08 23:20:42
Request Successful!10-08 23:23:43
