Request Successful!01-28 15:43:27
Request Successful!01-28 15:46:29
Request Successful!01-28 15:49:31
Request Successful!01-28 15:52:32
Request Successful!01-28 15:55:33
Request Successful!01-28 15:58:35
Request Successful!01-28 16:01:36
Request Successful!01-28 16:04:37
Request Successful!01-28 16:07:39
Request Successful!01-28 16:10:40
Request Successful!01-28 16:13:42
Request Successful!01-28 16:16:43
Request Successful!01-28 16:19:44
Request Successful!01-28 16:22:46
Request Successful!01-28 16:25:47
Request Successful!01-28 16:28:48
Request Successful!01-28 16:31:50
Request Successful!01-28 16:34:51
Request Successful!01-28 16:37:53
Request Successful!01-28 16:40:54
Request Successful!01-28 16:43:56
Request Successful!01-28 16:46:58
Request Successful!01-28 16:49:59
Request Successful!01-28 16:53:00
Request Successful!01-28 16:56:02
Request Successful!01-28 16:59:03
Request Successful!01-28 17:02:05
Request Successful!01-28 17:05:07
Request Successful!01-28 17:08:08
Request Successful!01-28 17:11:10
Request Successful!01-28 17:14:11
Request Successful!01-28 17:17:13
Request Successful!01-28 17:20:14
Request Successful!01-28 17:23:15
Request Successful!01-28 17:26:17
Request Successful!01-28 17:29:18
New alert more than 5 minutes! See details below: 
CRITICAL
for 4m 57s
Check if we still can connect to ftp.sword.dbschenker.com using ftp.
on
b2biprdoem1.sl3.comp.db.de
CRITICAL : No data received from host
New alert more than 5 minutes! See details below: 
CRITICAL
for 4m 57s
Check if we still can connect to ftp.sword.dbschenker.com host using ssh.
on
b2biprdoem1.sl3.comp.db.de
CRITICAL : Server answer:
New alert more than 5 minutes! See details below: 
CRITICAL
for 5m 16s
Check if we still can connect to ftp.sword.dbschenker.com host using ssh.
on
b2biprdxsr1.sl3.comp.db.de
CRITICAL : Server answer:
Request Successful!01-28 17:32:50
Request Successful!01-28 17:35:52
Request Successful!01-28 17:38:53
Request Successful!01-28 17:41:54
Request Successful!01-28 17:44:56
Request Successful!01-28 17:47:57
Request Successful!01-28 17:50:59
Request Successful!01-28 17:54:00
Request Successful!01-28 17:57:02
Request Successful!01-28 18:00:04
Request Successful!01-28 18:03:05
Request Successful!01-28 18:06:07
Request Successful!01-28 18:09:08
Request Successful!01-28 18:12:10
Request Successful!01-28 18:15:11
Request Successful!01-28 18:18:12
Request Successful!01-28 18:21:14
Request Successful!01-28 18:24:15
