Request Successful!08-21 16:19:06
Request Successful!08-21 16:22:07
Request Successful!08-21 16:25:09
Request Successful!08-21 16:28:10
Request Successful!08-21 16:31:12
Request Successful!08-21 16:34:13
Request Successful!08-21 16:37:14
Request Successful!08-21 16:40:16
Request Successful!08-21 16:43:17
Request Successful!08-21 16:46:18
Request Successful!08-21 16:49:20
Request Successful!08-21 16:52:23
Request Successful!08-21 16:55:25
Request Successful!08-21 16:58:26
Request Successful!08-21 17:01:28
Request Successful!08-21 17:04:29
Request Successful!08-21 17:07:31
Request Successful!08-21 17:10:32
Request Successful!08-21 17:13:34
Request Successful!08-21 17:16:35
Request Successful!08-21 17:19:37
Request Successful!08-21 17:22:38
Request Successful!08-21 17:25:41
Request Successful!08-21 17:28:44
Request Successful!08-21 17:31:46
Request Successful!08-21 17:34:47
New alert more than 5 minutes! See details below: 
CRITICAL
for 5m 36s
Check size of queue "LQ.CUST5C on "QM.SWORD"
on
MQM Server Production
CRITICAL - Queue depth exceeding critical limit
Request Successful!08-21 17:38:00
Request Successful!08-21 17:41:02
Request Successful!08-21 17:44:03
Request Successful!08-21 17:47:05
Request Successful!08-21 17:50:06
Request Successful!08-21 17:53:08
Request Successful!08-21 17:56:09
Request Successful!08-21 17:59:11
Request Successful!08-21 18:02:12
Request Successful!08-21 18:05:13
Request Successful!08-21 18:08:15
Request Successful!08-21 18:11:16
Request Successful!08-21 18:14:18
Request Successful!08-21 18:17:20
Request Successful!08-21 18:20:22
Request Successful!08-21 18:23:24
Request Successful!08-21 18:26:26
Request Successful!08-21 18:29:28
Request Successful!08-21 18:32:30
Request Successful!08-21 18:35:31
Request Successful!08-21 18:38:34
Request Successful!08-21 18:41:36
Request Successful!08-21 18:44:37
Request Successful!08-21 18:47:39
Request Successful!08-21 18:50:41
Request Successful!08-21 18:53:43
Request Successful!08-21 18:56:45
Request Successful!08-21 18:59:47
Request Successful!08-21 19:02:49
Request Successful!08-21 19:05:51
Request Successful!08-21 19:08:53
Request Successful!08-21 19:11:55
Request Successful!08-21 19:14:56
Request Successful!08-21 19:17:58
Request Successful!08-21 19:21:00
Request Successful!08-21 19:24:02
Request Successful!08-21 19:27:04
Request Successful!08-21 19:30:05
Request Successful!08-21 19:33:07
Request Successful!08-21 19:36:09
Request Successful!08-21 19:39:11
Request Successful!08-21 19:42:12
Request Successful!08-21 19:45:15
Request Successful!08-21 19:48:16
Request Successful!08-21 19:51:18
Request Successful!08-21 19:54:20
New alert more than 5 minutes! See details below: 
CRITICAL
for 4m 7s
B2Bi queue health: "B2Bi CI HME - PROD_Framework_Parallel_001.Z_Local_402_Serial_Out_20_InhouseEnveloper(Inhouse)_4_SAG_ETGOIT_HM"
on
B2Bi Application Server - Stream 1B
CRITICAL - Queue "B2Bi CI HME - PROD_Framework_Parallel_001.Z_Local_402_Serial_Out_20_InhouseEnveloper(Inhouse)_4_SAG_ETGOIT_HM" ("hierchmessage_11217"/"queue_13"):
Request Successful!08-21 19:57:32
Request Successful!08-21 20:00:34
Request Successful!08-21 20:03:36
Request Successful!08-21 20:06:37
Request Successful!08-21 20:09:39
Request Successful!08-21 20:12:40
Request Successful!08-21 20:15:42
Request Successful!08-21 20:18:43
Request Successful!08-21 20:21:45
Request Successful!08-21 20:24:46
Request Successful!08-21 20:27:47
Request Successful!08-21 20:30:49
Request Successful!08-21 20:33:50
Request Successful!08-21 20:36:52
New alert more than 5 minutes! See details below: 
CRITICAL
for 5m 58s
B2Bi queue health: "B2Bi CI HME - PROD_Framework_Parallel_001.101_Parallel_Inb_10_FetchRef_HM"
on
B2Bi Application Server - Stream 3C (Multicluster)
CRITICAL - Queue "B2Bi CI HME - PROD_Framework_Parallel_001.101_Parallel_Inb_10_FetchRef_HM" ("hierchmessage_9799"/"queue_16"):
Request Successful!08-21 20:40:04
Request Successful!08-21 20:43:06
Request Successful!08-21 20:46:07
Request Successful!08-21 20:49:08
Request Successful!08-21 20:52:10
Request Successful!08-21 20:55:12
Request Successful!08-21 20:58:13
Request Successful!08-21 21:01:15
Request Successful!08-21 21:04:16
Request Successful!08-21 21:07:18
Request Successful!08-21 21:10:19
Request Successful!08-21 21:13:21
Request Successful!08-21 21:16:22
Request Successful!08-21 21:19:24
Request Successful!08-21 21:22:25
Request Successful!08-21 21:25:27
Request Successful!08-21 21:28:28
Request Successful!08-21 21:31:29
Request Successful!08-21 21:34:31
Request Successful!08-21 21:37:32
Request Successful!08-21 21:40:34
Request Successful!08-21 21:43:35
Request Successful!08-21 21:46:37
Request Successful!08-21 21:49:39
Request Successful!08-21 21:52:40
Request Successful!08-21 21:55:41
Request Successful!08-21 21:58:43
Request Successful!08-21 22:01:44
Request Successful!08-21 22:04:45
Request Successful!08-21 22:07:47
Request Successful!08-21 22:10:48
Request Successful!08-21 22:13:50
Request Successful!08-21 22:16:51
Request Successful!08-21 22:19:52
Request Successful!08-21 22:22:54
Request Successful!08-21 22:25:55
Request Successful!08-21 22:28:56
Request Successful!08-21 22:31:58
Request Successful!08-21 22:34:59
New alert more than 5 minutes! See details below: 
CRITICAL
for 4m 23s
Checking for files in JMSClient error directories under /app/sword/schenker/jmsclients
on
Communication Server 1 Production
CRIT : 1 JMSClients with issues! Found a total of 2 files in todays (2024/08/21) error subdirectories.
Request Successful!08-21 22:38:12
Request Successful!08-21 22:41:13
Request Successful!08-21 22:44:14
Request Successful!08-21 22:47:16
Request Successful!08-21 22:50:17
Request Successful!08-21 22:53:19
Request Successful!08-21 22:56:20
Request Successful!08-21 22:59:21
Request Successful!08-21 23:02:23
Request Successful!08-21 23:05:24
Request Successful!08-21 23:08:26
Request Successful!08-21 23:11:27
Request Successful!08-21 23:14:28
Request Successful!08-21 23:17:30
Request Successful!08-21 23:20:31
Request Successful!08-21 23:23:33
