Request Successful!09-19 15:35:51
Request Successful!09-19 15:38:52
Request Successful!09-19 15:41:54
Request Successful!09-19 15:44:55
Request Successful!09-19 15:47:57
Request Successful!09-19 15:50:58
Request Successful!09-19 15:53:59
Request Successful!09-19 15:57:01
Request Successful!09-19 16:00:02
Request Successful!09-19 16:03:04
Request Successful!09-19 16:06:05
Request Successful!09-19 16:09:07
Request Successful!09-19 16:12:08
Request Successful!09-19 16:15:10
Request Successful!09-19 16:18:11
Request Successful!09-19 16:21:13
Request Successful!09-19 16:24:14
Request Successful!09-19 16:27:16
Request Successful!09-19 16:30:18
Request Successful!09-19 16:33:19
Request Successful!09-19 16:36:21
Request Successful!09-19 16:39:23
Request Successful!09-19 16:42:24
Request Successful!09-19 16:45:26
Request Successful!09-19 16:48:27
Request Successful!09-19 16:51:29
Request Successful!09-19 16:54:31
Request Successful!09-19 16:57:32
Request Successful!09-19 17:00:34
Request Successful!09-19 17:03:35
Request Successful!09-19 17:06:37
Request Successful!09-19 17:09:39
Request Successful!09-19 17:12:40
Request Successful!09-19 17:15:42
Request Successful!09-19 17:18:44
Request Successful!09-19 17:21:45
Request Successful!09-19 17:24:47
Request Successful!09-19 17:27:49
Request Successful!09-19 17:30:50
Request Successful!09-19 17:33:52
Request Successful!09-19 17:36:53
Request Successful!09-19 17:39:55
Request Successful!09-19 17:42:57
Request Successful!09-19 17:45:58
Request Successful!09-19 17:49:00
Request Successful!09-19 17:52:01
Request Successful!09-19 17:55:03
Request Successful!09-19 17:58:05
Request Successful!09-19 18:01:06
Request Successful!09-19 18:04:08
Request Successful!09-19 18:07:09
Request Successful!09-19 18:10:11
Request Successful!09-19 18:13:13
Request Successful!09-19 18:16:14
Request Successful!09-19 18:19:16
Request Successful!09-19 18:22:17
Request Successful!09-19 18:25:19
Request Successful!09-19 18:28:20
Request Successful!09-19 18:31:22
Request Successful!09-19 18:34:24
Request Successful!09-19 18:37:25
Request Successful!09-19 18:40:27
Request Successful!09-19 18:43:28
HTTPSConnectionPool(host='b2biprddep1.sl3.comp.db.de', port=443): Max retries exceeded with url: /icingaweb2/monitoring/list/services?service_problem=1&sort=service_severity&dir=desc (Caused by SSLError(SSLEOFError(8, '[SSL: UNEXPECTED_EOF_WHILE_READING] EOF occurred in violation of protocol (_ssl.c:1006)')))
Request Successful!09-19 18:50:06
Request Successful!09-19 18:53:07
Request Successful!09-19 18:56:09
New alert more than 5 minutes! See details below: 
CRITICAL
for 3m 46s
B2Bi queue health: "B2Bi CI HME - PROD_Framework_Parallel_001.101_Parallel_Out_20_InhouseEnveloper(Inhouse)_HM"
on
B2Bi Application Server - Stream 1A
CRITICAL - Queue "B2Bi CI HME - PROD_Framework_Parallel_001.101_Parallel_Out_20_InhouseEnveloper(Inhouse)_HM" ("hierchmessage_2367"/"queue_13"):
Request Successful!09-19 18:59:20
New alert more than 5 minutes! See details below: 
CRITICAL
for 3m 18s
JMS Clients Connected
on
Communication Server 1 Production
CRITICAL - Following JMS clients are with errors:
New alert more than 5 minutes! See details below: 
CRITICAL
for 6m 57s
B2Bi queue health: "B2Bi CI HME - PROD_Framework_Parallel_001.101_Parallel_Out_20_InhouseEnveloper(Inhouse)_HM"
on
B2Bi Application Server - Stream 1A
CRITICAL - Queue "B2Bi CI HME - PROD_Framework_Parallel_001.101_Parallel_Out_20_InhouseEnveloper(Inhouse)_HM" ("hierchmessage_2367"/"queue_13"):
Request Successful!09-19 19:02:41
New alert more than 5 minutes! See details below: 
CRITICAL
for 6m 39s
JMS Clients Connected
on
Communication Server 1 Production
CRITICAL - Following JMS clients are with errors:
Request Successful!09-19 19:05:52
Request Successful!09-19 19:08:54
Request Successful!09-19 19:11:55
Request Successful!09-19 19:14:57
Request Successful!09-19 22:09:27
New alert more than 5 minutes! See details below: 
CRITICAL
for 6m 36s
B2Bi queue health: "B2Bi CI HME - PROD_Framework_Parallel_001.Z_Local_402_CASE_DetermineTrunk_HM"
on
B2Bi Application Server - Stream 1B
CRITICAL - Queue "B2Bi CI HME - PROD_Framework_Parallel_001.Z_Local_402_CASE_DetermineTrunk_HM" ("hierchmessage_7542"/"queue_13"):
Request Successful!09-19 22:12:39
Request Successful!09-19 22:15:41
Request Successful!09-19 22:18:43
Request Successful!09-19 22:21:44
Request Successful!09-19 22:24:46
Request Successful!09-19 22:27:48
Request Successful!09-19 22:30:49
Request Successful!09-19 22:33:51
Request Successful!09-19 22:36:53
check if there is a ticket. One critical alert is existed since 21:36
Request Successful!09-19 22:39:54
check if there is a ticket. One critical alert is existed since 21:36
Request Successful!09-19 22:42:56
check if there is a ticket. One critical alert is existed since 21:36
Request Successful!09-19 22:45:57
check if there is a ticket. One critical alert is existed since 21:36
Request Successful!09-19 22:48:59
check if there is a ticket. One critical alert is existed since 21:36
Request Successful!09-19 22:52:00
Request Successful!09-19 22:55:02
Request Successful!09-19 22:58:03
New alert more than 5 minutes! See details below: 
CRITICAL
for 5m 54s
Check that B2Bi pickup directory /app/sword/schenker/data/resend_inbound got no overaged entries.
on
B2Bi Application Server - Stream 1C
CRITICAL : /app/sword/schenker/data/resend_inbound holds at least one file with age of 6164s. Critical limit 1000s exceeded.
Request Successful!09-19 23:01:15
Request Successful!09-19 23:04:16
Request Successful!09-19 23:07:18
Request Successful!09-19 23:10:19
Request Successful!09-19 23:13:20
Request Successful!09-19 23:16:22
Request Successful!09-19 23:19:24
Request Successful!09-19 23:22:25
