Request Successful!11-03 15:29:03
check if there is a ticket. One critical alert is existed since 03:04
Request Successful!11-03 15:32:05
check if there is a ticket. One critical alert is existed since 03:04
Request Successful!11-03 15:35:06
check if there is a ticket. One critical alert is existed since 03:04
Request Successful!11-03 15:38:08
check if there is a ticket. One critical alert is existed since 03:04
Request Successful!11-03 15:41:09
New alert more than 5 minutes! See details below: 
CRITICAL
for 3m 55s
B2Bi queue health: "B2Bi CI HME - PROD_Framework_Parallel_001.Z_Local_402_Serial_Out_20_InhouseEnveloper(Inhouse)_4_SAG_ETGOIT_HM"
on
B2Bi Application Server - Stream 1B
CRITICAL - Queue "B2Bi CI HME - PROD_Framework_Parallel_001.Z_Local_402_Serial_Out_20_InhouseEnveloper(Inhouse)_4_SAG_ETGOIT_HM" ("hierchmessage_11217"/"queue_13"):
check if there is a ticket. One critical alert is existed since 03:04
Request Successful!11-03 15:44:22
check if there is a ticket. One critical alert is existed since 03:04
Request Successful!11-03 15:47:23
check if there is a ticket. One critical alert is existed since 03:04
Request Successful!11-03 15:50:25
check if there is a ticket. One critical alert is existed since 03:04
Request Successful!11-03 15:53:26
check if there is a ticket. One critical alert is existed since 03:04
Request Successful!11-03 15:56:28
check if there is a ticket. One critical alert is existed since 03:04
Request Successful!11-03 15:59:29
check if there is a ticket. One critical alert is existed since 03:04
Request Successful!11-03 16:02:32
check if there is a ticket. One critical alert is existed since 03:04
Request Successful!11-03 16:05:33
check if there is a ticket. One critical alert is existed since 03:04
Request Successful!11-03 16:08:35
check if there is a ticket. One critical alert is existed since 03:04
Request Successful!11-03 16:11:36
check if there is a ticket. One critical alert is existed since 03:04
Request Successful!11-03 16:14:38
check if there is a ticket. One critical alert is existed since 03:04
Request Successful!11-03 16:17:39
check if there is a ticket. One critical alert is existed since 03:04
Request Successful!11-03 16:20:41
check if there is a ticket. One critical alert is existed since 03:04
Request Successful!11-03 16:23:42
check if there is a ticket. One critical alert is existed since 03:04
Request Successful!11-03 16:26:44
check if there is a ticket. One critical alert is existed since 03:04
Request Successful!11-03 16:29:45
New alert more than 5 minutes! See details below: 
CRITICAL
for 4m 31s
B2Bi queue health: "B2Bi CI HME - PROD_Framework_Parallel_001.Z_Local_402_Serial_Out_20_InhouseEnveloper(Inhouse)_4_SAG_ETGOIT_HM"
on
B2Bi Application Server - Stream 1B
CRITICAL - Queue "B2Bi CI HME - PROD_Framework_Parallel_001.Z_Local_402_Serial_Out_20_InhouseEnveloper(Inhouse)_4_SAG_ETGOIT_HM" ("hierchmessage_11217"/"queue_13"):
check if there is a ticket. One critical alert is existed since 03:04
Request Successful!11-03 16:32:57
check if there is a ticket. One critical alert is existed since 03:04
Request Successful!11-03 16:35:59
check if there is a ticket. One critical alert is existed since 03:04
Request Successful!11-03 16:39:00
check if there is a ticket. One critical alert is existed since 03:04
Request Successful!11-03 16:42:01
check if there is a ticket. One critical alert is existed since 03:04
Request Successful!11-03 16:45:03
check if there is a ticket. One critical alert is existed since 03:04
Request Successful!11-03 16:48:04
check if there is a ticket. One critical alert is existed since 03:04
Request Successful!11-03 16:51:06
check if there is a ticket. One critical alert is existed since 03:04
Request Successful!11-03 16:54:08
check if there is a ticket. One critical alert is existed since 03:04
Request Successful!11-03 16:57:09
check if there is a ticket. One critical alert is existed since 03:04
Request Successful!11-03 17:00:11
New alert more than 5 minutes! See details below: 
CRITICAL
for 5m 33s
B2Bi queue health: "B2Bi CI HME - PROD_Framework_Parallel_001.Z_Local_402_Serial_Out_20_InhouseEnveloper(Inhouse)_4_SAG_ETGOIT_HM"
on
B2Bi Application Server - Stream 1B
CRITICAL - Queue "B2Bi CI HME - PROD_Framework_Parallel_001.Z_Local_402_Serial_Out_20_InhouseEnveloper(Inhouse)_4_SAG_ETGOIT_HM" ("hierchmessage_11217"/"queue_13"):
check if there is a ticket. One critical alert is existed since 03:04
Request Successful!11-03 17:03:23
check if there is a ticket. One critical alert is existed since 03:04
Request Successful!11-03 17:06:24
check if there is a ticket. One critical alert is existed since 03:04
Request Successful!11-03 17:09:25
check if there is a ticket. One critical alert is existed since 03:04
Request Successful!11-03 17:12:27
check if there is a ticket. One critical alert is existed since 03:04
Request Successful!11-03 17:15:28
check if there is a ticket. One critical alert is existed since 03:04
Request Successful!11-03 17:18:30
check if there is a ticket. One critical alert is existed since 03:04
Request Successful!11-03 17:21:31
check if there is a ticket. One critical alert is existed since 03:04
Request Successful!11-03 17:24:33
check if there is a ticket. One critical alert is existed since 03:04
Request Successful!11-03 17:27:34
check if there is a ticket. One critical alert is existed since 03:04
Request Successful!11-03 17:30:36
check if there is a ticket. One critical alert is existed since 03:04
Request Successful!11-03 17:33:37
check if there is a ticket. One critical alert is existed since 03:04
Request Successful!11-03 17:36:39
check if there is a ticket. One critical alert is existed since 03:04
Request Successful!11-03 17:39:40
check if there is a ticket. One critical alert is existed since 03:04
Request Successful!11-03 17:42:42
check if there is a ticket. One critical alert is existed since 03:04
Request Successful!11-03 17:45:44
check if there is a ticket. One critical alert is existed since 03:04
Request Successful!11-03 17:48:45
check if there is a ticket. One critical alert is existed since 03:04
Request Successful!11-03 17:51:46
check if there is a ticket. One critical alert is existed since 03:04
Request Successful!11-03 17:54:48
check if there is a ticket. One critical alert is existed since 03:04
Request Successful!11-03 17:57:49
check if there is a ticket. One critical alert is existed since 03:04
Request Successful!11-03 18:00:51
check if there is a ticket. One critical alert is existed since 03:04
Request Successful!11-03 18:03:53
check if there is a ticket. One critical alert is existed since 03:04
Request Successful!11-03 18:06:54
New alert more than 5 minutes! See details below: 
CRITICAL
for 4m 54s
Check size of queue "LQ.SDAG.CE on "QM.SWORD"
on
MQM Server Production
CRITICAL - Queue depth exceeding critical limit
check if there is a ticket. One critical alert is existed since 03:04
Request Successful!11-03 18:10:06
check if there is a ticket. One critical alert is existed since 03:04
Request Successful!11-03 18:13:07
check if there is a ticket. One critical alert is existed since 03:04
Request Successful!11-03 18:16:08
New alert more than 5 minutes! See details below: 
CRITICAL
for 4m 56s
B2Bi queue health: "B2Bi CI HME - PROD_Framework_Parallel_001.Z_Local_402_Serial_Out_20_InhouseEnveloper(Inhouse)_4_SAG_ETGOIT_HM"
on
B2Bi Application Server - Stream 1B
CRITICAL - Queue "B2Bi CI HME - PROD_Framework_Parallel_001.Z_Local_402_Serial_Out_20_InhouseEnveloper(Inhouse)_4_SAG_ETGOIT_HM" ("hierchmessage_11217"/"queue_13"):
check if there is a ticket. One critical alert is existed since 03:04
Request Successful!11-03 18:19:20
check if there is a ticket. One critical alert is existed since 03:04
HTTPSConnectionPool(host='b2biprddep1.sl3.comp.db.de', port=443): Max retries exceeded with url: /icingaweb2/monitoring/list/services?service_problem=1&sort=service_severity&dir=desc (Caused by SSLError(SSLEOFError(8, '[SSL: UNEXPECTED_EOF_WHILE_READING] EOF occurred in violation of protocol (_ssl.c:1006)')))
Request Successful!11-03 18:25:27
check if there is a ticket. One critical alert is existed since 03:04
Request Successful!11-03 18:28:29
check if there is a ticket. One critical alert is existed since 03:04
Request Successful!11-03 18:31:30
check if there is a ticket. One critical alert is existed since 03:04
Request Successful!11-03 18:34:32
check if there is a ticket. One critical alert is existed since 03:04
Request Successful!11-03 18:37:33
check if there is a ticket. One critical alert is existed since 03:04
Request Successful!11-03 18:40:35
check if there is a ticket. One critical alert is existed since 03:04
Request Successful!11-03 18:43:37
check if there is a ticket. One critical alert is existed since 03:04
Request Successful!11-03 18:46:38
check if there is a ticket. One critical alert is existed since 03:04
Request Successful!11-03 18:49:40
check if there is a ticket. One critical alert is existed since 03:04
Request Successful!11-03 18:52:42
check if there is a ticket. One critical alert is existed since 03:04
Request Successful!11-03 18:55:43
check if there is a ticket. One critical alert is existed since 03:04
Request Successful!11-03 18:58:45
check if there is a ticket. One critical alert is existed since 03:04
Request Successful!11-03 19:01:47
check if there is a ticket. One critical alert is existed since 03:04
Request Successful!11-03 19:04:48
check if there is a ticket. One critical alert is existed since 03:04
Request Successful!11-03 19:07:50
check if there is a ticket. One critical alert is existed since 03:04
Request Successful!11-03 19:10:52
check if there is a ticket. One critical alert is existed since 03:04
Request Successful!11-03 19:13:53
check if there is a ticket. One critical alert is existed since 03:04
Request Successful!11-03 19:16:55
New alert more than 5 minutes! See details below: 
CRITICAL
for 3m 0s
B2Bi queue health: "B2Bi CI HME - PROD_Framework_Parallel_001.Z_Local_402_Serial_Out_20_InhouseEnveloper(Inhouse)_4_SAG_ETGOIT_HM"
on
B2Bi Application Server - Stream 1B
CRITICAL - Queue "B2Bi CI HME - PROD_Framework_Parallel_001.Z_Local_402_Serial_Out_20_InhouseEnveloper(Inhouse)_4_SAG_ETGOIT_HM" ("hierchmessage_11217"/"queue_13"):
check if there is a ticket. One critical alert is existed since 03:04
Request Successful!11-03 19:20:07
New alert more than 5 minutes! See details below: 
CRITICAL
for 6m 12s
B2Bi queue health: "B2Bi CI HME - PROD_Framework_Parallel_001.Z_Local_402_Serial_Out_20_InhouseEnveloper(Inhouse)_4_SAG_ETGOIT_HM"
on
B2Bi Application Server - Stream 1B
CRITICAL - Queue "B2Bi CI HME - PROD_Framework_Parallel_001.Z_Local_402_Serial_Out_20_InhouseEnveloper(Inhouse)_4_SAG_ETGOIT_HM" ("hierchmessage_11217"/"queue_13"):
check if there is a ticket. One critical alert is existed since 03:04
Request Successful!11-03 19:23:18
check if there is a ticket. One critical alert is existed since 03:04
Request Successful!11-03 19:26:20
check if there is a ticket. One critical alert is existed since 03:04
Request Successful!11-03 19:29:22
check if there is a ticket. One critical alert is existed since 03:04
Request Successful!11-03 19:32:23
check if there is a ticket. One critical alert is existed since 03:04
Request Successful!11-03 19:35:25
check if there is a ticket. One critical alert is existed since 03:04
Request Successful!11-03 19:38:27
check if there is a ticket. One critical alert is existed since 03:04
Request Successful!11-03 19:41:28
check if there is a ticket. One critical alert is existed since 03:04
Request Successful!11-03 19:44:30
check if there is a ticket. One critical alert is existed since 03:04
Request Successful!11-03 19:47:32
check if there is a ticket. One critical alert is existed since 03:04
Request Successful!11-03 19:50:34
check if there is a ticket. One critical alert is existed since 03:04
('Connection aborted.', ConnectionResetError(10054, '远程主机强迫关闭了一个现有的连接。', None, 10054, None))
Request Successful!11-03 19:56:41
check if there is a ticket. One critical alert is existed since 03:04
Request Successful!11-03 19:59:42
check if there is a ticket. One critical alert is existed since 03:04
Request Successful!11-03 20:02:44
check if there is a ticket. One critical alert is existed since 03:04
Request Successful!11-03 20:05:46
check if there is a ticket. One critical alert is existed since 03:04
Request Successful!11-03 20:08:48
check if there is a ticket. One critical alert is existed since 03:04
Request Successful!11-03 20:11:49
check if there is a ticket. One critical alert is existed since 03:04
Request Successful!11-03 20:14:51
check if there is a ticket. One critical alert is existed since 03:04
Request Successful!11-03 20:17:53
check if there is a ticket. One critical alert is existed since 03:04
Request Successful!11-03 20:20:54
check if there is a ticket. One critical alert is existed since 03:04
Request Successful!11-03 20:23:56
check if there is a ticket. One critical alert is existed since 03:04
Request Successful!11-03 20:26:58
check if there is a ticket. One critical alert is existed since 03:04
Request Successful!11-03 20:29:59
check if there is a ticket. One critical alert is existed since 03:04
Request Successful!11-03 20:33:01
check if there is a ticket. One critical alert is existed since 03:04
Request Successful!11-03 20:36:02
check if there is a ticket. One critical alert is existed since 03:04
Request Successful!11-03 20:39:04
check if there is a ticket. One critical alert is existed since 03:04
Request Successful!11-03 20:42:06
check if there is a ticket. One critical alert is existed since 03:04
Request Successful!11-03 20:45:07
check if there is a ticket. One critical alert is existed since 03:04
Request Successful!11-03 20:48:09
check if there is a ticket. One critical alert is existed since 03:04
Request Successful!11-03 20:51:10
check if there is a ticket. One critical alert is existed since 03:04
Request Successful!11-03 20:54:12
New alert more than 5 minutes! See details below: 
CRITICAL
for 3m 49s
B2Bi queue health: "B2Bi CI HME - PROD_Framework_Parallel_001.101_Parallel_Inb_10_FetchRef_HM"
on
B2Bi Application Server - Stream 3C (Multicluster)
CRITICAL - Queue "B2Bi CI HME - PROD_Framework_Parallel_001.101_Parallel_Inb_10_FetchRef_HM" ("hierchmessage_9799"/"queue_16"):
check if there is a ticket. One critical alert is existed since 03:04
Request Successful!11-03 20:57:23
check if there is a ticket. One critical alert is existed since 03:04
Request Successful!11-03 21:00:25
check if there is a ticket. One critical alert is existed since 03:04
Request Successful!11-03 21:03:27
check if there is a ticket. One critical alert is existed since 03:04
Request Successful!11-03 21:06:28
check if there is a ticket. One critical alert is existed since 03:04
Request Successful!11-03 21:09:30
check if there is a ticket. One critical alert is existed since 03:04
Request Successful!11-03 21:12:31
check if there is a ticket. One critical alert is existed since 03:04
Request Successful!11-03 21:15:33
check if there is a ticket. One critical alert is existed since 03:04
Request Successful!11-03 21:18:34
check if there is a ticket. One critical alert is existed since 03:04
Request Successful!11-03 21:21:36
check if there is a ticket. One critical alert is existed since 03:04
Request Successful!11-03 21:24:37
check if there is a ticket. One critical alert is existed since 03:04
Request Successful!11-03 21:27:38
check if there is a ticket. One critical alert is existed since 03:04
Request Successful!11-03 21:30:40
check if there is a ticket. One critical alert is existed since 03:04
Request Successful!11-03 21:33:41
check if there is a ticket. One critical alert is existed since 03:04
Request Successful!11-03 21:36:43
check if there is a ticket. One critical alert is existed since 03:04
Request Successful!11-03 21:39:44
check if there is a ticket. One critical alert is existed since 03:04
Request Successful!11-03 21:42:46
check if there is a ticket. One critical alert is existed since 03:04
Request Successful!11-03 21:45:47
check if there is a ticket. One critical alert is existed since 03:04
Request Successful!11-03 21:48:49
check if there is a ticket. One critical alert is existed since 03:04
Request Successful!11-03 21:51:50
check if there is a ticket. One critical alert is existed since 20:50
check if there is a ticket. One critical alert is existed since 03:04
Request Successful!11-03 21:54:52
New alert more than 5 minutes! See details below: 
CRITICAL
for 5m 36s
B2Bi queue health: "B2Bi CI HME - PROD_Framework_Parallel_001.101_Parallel_Dyn_10_ExecuteMasterDynMBC_HM"
on
B2Bi Application Server - Stream 3C (Multicluster)
CRITICAL - Queue "B2Bi CI HME - PROD_Framework_Parallel_001.101_Parallel_Dyn_10_ExecuteMasterDynMBC_HM" ("hierchmessage_9931"/"queue_16"):
check if there is a ticket. One critical alert is existed since 20:50
check if there is a ticket. One critical alert is existed since 03:04
Request Successful!11-03 21:58:04
check if there is a ticket. One critical alert is existed since 20:50
check if there is a ticket. One critical alert is existed since 03:04
Request Successful!11-03 22:01:05
check if there is a ticket. One critical alert is existed since 20:50
check if there is a ticket. One critical alert is existed since 03:04
Request Successful!11-03 22:04:07
check if there is a ticket. One critical alert is existed since 20:50
check if there is a ticket. One critical alert is existed since 03:04
Request Successful!11-03 22:07:08
check if there is a ticket. One critical alert is existed since 20:50
check if there is a ticket. One critical alert is existed since 03:04
Request Successful!11-03 22:10:10
check if there is a ticket. One critical alert is existed since 20:50
check if there is a ticket. One critical alert is existed since 03:04
Request Successful!11-03 22:13:11
check if there is a ticket. One critical alert is existed since 20:50
check if there is a ticket. One critical alert is existed since 03:04
Request Successful!11-03 22:16:13
check if there is a ticket. One critical alert is existed since 20:50
check if there is a ticket. One critical alert is existed since 03:04
Request Successful!11-03 22:19:14
check if there is a ticket. One critical alert is existed since 20:50
check if there is a ticket. One critical alert is existed since 03:04
Request Successful!11-03 22:22:16
check if there is a ticket. One critical alert is existed since 20:50
check if there is a ticket. One critical alert is existed since 03:04
Request Successful!11-03 22:25:18
check if there is a ticket. One critical alert is existed since 20:50
check if there is a ticket. One critical alert is existed since 03:04
Request Successful!11-03 22:28:19
check if there is a ticket. One critical alert is existed since 20:50
check if there is a ticket. One critical alert is existed since 03:04
Request Successful!11-03 22:31:20
check if there is a ticket. One critical alert is existed since 20:50
check if there is a ticket. One critical alert is existed since 03:04
Request Successful!11-03 22:34:22
check if there is a ticket. One critical alert is existed since 20:50
check if there is a ticket. One critical alert is existed since 03:04
Request Successful!11-03 22:37:24
New alert more than 5 minutes! See details below: 
CRITICAL
for 5m 15s
B2Bi queue health: "B2Bi CI HME - PROD_Framework_Parallel_001.Z_Local_402_Serial_Out_20_InhouseEnveloper(Inhouse)_4_SAG_ETGOIT_HM"
on
B2Bi Application Server - Stream 1B
CRITICAL - Queue "B2Bi CI HME - PROD_Framework_Parallel_001.Z_Local_402_Serial_Out_20_InhouseEnveloper(Inhouse)_4_SAG_ETGOIT_HM" ("hierchmessage_11217"/"queue_13"):
check if there is a ticket. One critical alert is existed since 20:50
check if there is a ticket. One critical alert is existed since 03:04
Request Successful!11-03 22:40:36
check if there is a ticket. One critical alert is existed since 20:50
check if there is a ticket. One critical alert is existed since 03:04
Request Successful!11-03 22:43:37
check if there is a ticket. One critical alert is existed since 03:04
Request Successful!11-03 22:46:39
check if there is a ticket. One critical alert is existed since 03:04
Request Successful!11-03 22:49:40
check if there is a ticket. One critical alert is existed since 03:04
Request Successful!11-03 22:52:42
check if there is a ticket. One critical alert is existed since 03:04
Request Successful!11-03 22:55:44
check if there is a ticket. One critical alert is existed since 03:04
Request Successful!11-03 22:58:45
check if there is a ticket. One critical alert is existed since 03:04
Request Successful!11-03 23:01:47
check if there is a ticket. One critical alert is existed since 03:04
Request Successful!11-03 23:04:48
check if there is a ticket. One critical alert is existed since 03:04
Request Successful!11-03 23:07:50
check if there is a ticket. One critical alert is existed since 03:04
Request Successful!11-03 23:10:51
check if there is a ticket. One critical alert is existed since 03:04
Request Successful!11-03 23:13:52
check if there is a ticket. One critical alert is existed since 03:04
Request Successful!11-03 23:16:54
New alert more than 5 minutes! See details below: 
CRITICAL
for 4m 20s
B2Bi queue health: "B2Bi CI HME - PROD_Framework_Parallel_001.Z_Local_402_Serial_Out_20_InhouseEnveloper(Inhouse)_4_SAG_ETGOIT_HM"
on
B2Bi Application Server - Stream 1B
CRITICAL - Queue "B2Bi CI HME - PROD_Framework_Parallel_001.Z_Local_402_Serial_Out_20_InhouseEnveloper(Inhouse)_4_SAG_ETGOIT_HM" ("hierchmessage_11217"/"queue_13"):
check if there is a ticket. One critical alert is existed since 03:04
Request Successful!11-03 23:20:06
check if there is a ticket. One critical alert is existed since 03:04
