Request Successful!12-25 16:17:00
Request Successful!12-25 16:20:02
Request Successful!12-25 16:23:03
Request Successful!12-25 16:26:05
Request Successful!12-25 16:29:06
Request Successful!12-25 16:32:08
Request Successful!12-25 16:35:10
Request Successful!12-25 16:38:11
Request Successful!12-25 16:41:13
Request Successful!12-25 16:44:14
Request Successful!12-25 16:47:16
Request Successful!12-25 16:50:18
Request Successful!12-25 16:53:19
Request Successful!12-25 16:56:21
Request Successful!12-25 16:59:23
Request Successful!12-25 17:02:24
Request Successful!12-25 17:05:26
Request Successful!12-25 17:08:28
New alert more than 5 minutes! See details below: 
CRITICAL
for 3m 14s
B2Bi queue health: "B2Bi CI HME - PROD_Framework_Parallel_001.Z_Local_402_Serial_Out_20_InhouseEnveloper(Inhouse)_4_SAG_ETGOIT_HM"
on
B2Bi Application Server - Stream 1B
CRITICAL - Queue "B2Bi CI HME - PROD_Framework_Parallel_001.Z_Local_402_Serial_Out_20_InhouseEnveloper(Inhouse)_4_SAG_ETGOIT_HM" ("hierchmessage_11217"/"queue_13"):
Request Successful!12-25 17:11:41
New alert more than 5 minutes! See details below: 
CRITICAL
for 6m 27s
B2Bi queue health: "B2Bi CI HME - PROD_Framework_Parallel_001.Z_Local_402_Serial_Out_20_InhouseEnveloper(Inhouse)_4_SAG_ETGOIT_HM"
on
B2Bi Application Server - Stream 1B
CRITICAL - Queue "B2Bi CI HME - PROD_Framework_Parallel_001.Z_Local_402_Serial_Out_20_InhouseEnveloper(Inhouse)_4_SAG_ETGOIT_HM" ("hierchmessage_11217"/"queue_13"):
Request Successful!12-25 17:14:53
Request Successful!12-25 17:17:54
Request Successful!12-25 17:20:56
Request Successful!12-25 17:23:58
Request Successful!12-25 17:26:59
Request Successful!12-25 17:30:01
Request Successful!12-25 17:33:02
Request Successful!12-25 17:36:04
Request Successful!12-25 17:39:05
Request Successful!12-25 17:42:07
Request Successful!12-25 17:45:11
Request Successful!12-25 17:48:13
Request Successful!12-25 17:51:14
Request Successful!12-25 17:54:16
Request Successful!12-25 17:57:18
Request Successful!12-25 18:00:20
Request Successful!12-25 18:03:21
Request Successful!12-25 18:06:23
Request Successful!12-25 18:09:25
Request Successful!12-25 18:12:27
Request Successful!12-25 18:15:28
Request Successful!12-25 18:18:30
Request Successful!12-25 18:21:32
Request Successful!12-25 18:24:33
Request Successful!12-25 18:27:35
Request Successful!12-25 18:30:37
Request Successful!12-25 18:33:38
Request Successful!12-25 18:36:40
Request Successful!12-25 18:39:42
Request Successful!12-25 18:42:43
Request Successful!12-25 18:45:45
Request Successful!12-25 18:48:47
Request Successful!12-25 18:51:48
Request Successful!12-25 18:54:50
Request Successful!12-25 18:57:52
Request Successful!12-25 19:00:53
Request Successful!12-25 19:03:55
Request Successful!12-25 19:06:57
Request Successful!12-25 19:09:59
Request Successful!12-25 19:13:01
Request Successful!12-25 19:16:02
Request Successful!12-25 19:19:04
Request Successful!12-25 19:22:06
Request Successful!12-25 19:25:08
Request Successful!12-25 19:28:09
Request Successful!12-25 19:31:11
Request Successful!12-25 19:34:12
Request Successful!12-25 19:37:14
Request Successful!12-25 19:40:15
Request Successful!12-25 19:43:17
Request Successful!12-25 19:46:19
Request Successful!12-25 19:49:20
Request Successful!12-25 19:52:22
Request Successful!12-25 19:55:24
Request Successful!12-25 19:58:25
Request Successful!12-25 20:01:27
Request Successful!12-25 20:04:28
Request Successful!12-25 20:07:30
Request Successful!12-25 20:10:32
Request Successful!12-25 20:13:33
Request Successful!12-25 20:16:35
Request Successful!12-25 20:19:37
Request Successful!12-25 20:22:38
Request Successful!12-25 20:25:40
Request Successful!12-25 20:28:42
Request Successful!12-25 20:31:44
Request Successful!12-25 20:34:45
Request Successful!12-25 20:37:47
Request Successful!12-25 20:40:48
Request Successful!12-25 20:43:50
Request Successful!12-25 20:46:52
Request Successful!12-25 20:49:53
Request Successful!12-25 20:52:55
Request Successful!12-25 20:55:57
Request Successful!12-25 20:58:59
Request Successful!12-25 21:02:01
Request Successful!12-25 21:05:03
Request Successful!12-25 21:08:05
Request Successful!12-25 21:11:07
Request Successful!12-25 21:14:08
Request Successful!12-25 21:17:10
Request Successful!12-25 21:20:12
Request Successful!12-25 21:23:14
Request Successful!12-25 21:26:16
Request Successful!12-25 21:29:17
Request Successful!12-25 21:32:19
Request Successful!12-25 21:35:21
Request Successful!12-25 21:38:23
Request Successful!12-25 21:41:25
Request Successful!12-25 21:44:27
Request Successful!12-25 21:47:28
Request Successful!12-25 21:50:30
Request Successful!12-25 21:53:32
Request Successful!12-25 21:56:34
Request Successful!12-25 21:59:36
Request Successful!12-25 22:02:38
Request Successful!12-25 22:05:39
Request Successful!12-25 22:08:41
Request Successful!12-25 22:11:43
Request Successful!12-25 22:14:45
Request Successful!12-25 22:17:47
Request Successful!12-25 22:20:49
Request Successful!12-25 22:23:50
Request Successful!12-25 22:26:52
Request Successful!12-25 22:29:54
Request Successful!12-25 22:32:56
Request Successful!12-25 22:35:58
Request Successful!12-25 22:39:00
Request Successful!12-25 22:42:01
Request Successful!12-25 22:45:03
Request Successful!12-25 22:48:05
Request Successful!12-25 22:51:07
Request Successful!12-25 22:54:09
Request Successful!12-25 22:57:10
Request Successful!12-25 23:00:12
Request Successful!12-25 23:03:14
Request Successful!12-25 23:06:15
Request Successful!12-25 23:09:17
Request Successful!12-25 23:12:19
Request Successful!12-25 23:15:21
Request Successful!12-25 23:18:23
Request Successful!12-25 23:21:25
Request Successful!12-25 23:24:26
Request Successful!12-25 23:27:28
Request Successful!12-25 23:30:30
Request Successful!12-25 23:33:32
Request Successful!12-25 23:36:33
Request Successful!12-25 23:39:35
New alert more than 5 minutes! See details below: 
CRITICAL
for 4m 52s
B2Bi queue health: "B2Bi CI HME - PROD_Framework_Parallel_001.Z_Local_402_Serial_Out_20_InhouseEnveloper(Inhouse)_4_SAG_ETGOIT_HM"
on
B2Bi Application Server - Stream 1B
CRITICAL - Queue "B2Bi CI HME - PROD_Framework_Parallel_001.Z_Local_402_Serial_Out_20_InhouseEnveloper(Inhouse)_4_SAG_ETGOIT_HM" ("hierchmessage_11217"/"queue_13"):
