Request Successful!12-12 15:58:35
New alert more than 5 minutes! See details below: 
CRITICAL
for 4m 22s
B2Bi queue health: "B2Bi CI HME - PROD_Framework_Parallel_001.Z_Local_402_Serial_Out_20_InhouseEnveloper(Inhouse)_4_SAG_ETGOIT_HM"
on
B2Bi Application Server - Stream 1B
CRITICAL - Queue "B2Bi CI HME - PROD_Framework_Parallel_001.Z_Local_402_Serial_Out_20_InhouseEnveloper(Inhouse)_4_SAG_ETGOIT_HM" ("hierchmessage_11217"/"queue_13"):
Request Successful!12-12 16:01:47
Request Successful!12-12 16:04:49
Request Successful!12-12 16:07:51
Request Successful!12-12 16:10:52
HTTPSConnectionPool(host='b2biprddep1.sl3.comp.db.de', port=443): Max retries exceeded with url: /icingaweb2/monitoring/list/services?service_problem=1&sort=service_severity&dir=desc (Caused by SSLError(SSLEOFError(8, '[SSL: UNEXPECTED_EOF_WHILE_READING] EOF occurred in violation of protocol (_ssl.c:1006)')))
Request Successful!12-12 16:17:22
Request Successful!12-12 16:20:24
Request Successful!12-12 16:23:26
Request Successful!12-12 16:26:28
Request Successful!12-12 16:29:30
New alert more than 5 minutes! See details below: 
CRITICAL
for 5m 43s
B2Bi queue health: "B2Bi CI HME - PROD_Framework_Parallel_001.Z_Local_402_Serial_Out_20_InhouseEnveloper(Inhouse)_4_SAG_ETGOIT_HM"
on
B2Bi Application Server - Stream 1B
CRITICAL - Queue "B2Bi CI HME - PROD_Framework_Parallel_001.Z_Local_402_Serial_Out_20_InhouseEnveloper(Inhouse)_4_SAG_ETGOIT_HM" ("hierchmessage_11217"/"queue_13"):
Request Successful!12-12 16:32:41
Request Successful!12-12 16:35:43
Request Successful!12-12 16:38:45
Request Successful!12-12 16:41:47
Request Successful!12-12 16:44:49
Request Successful!12-12 16:47:51
Request Successful!12-12 16:50:53
Request Successful!12-12 16:53:55
Request Successful!12-12 16:56:57
Request Successful!12-12 16:59:59
Request Successful!12-12 17:03:01
Request Successful!12-12 17:06:03
Request Successful!12-12 17:09:05
Request Successful!12-12 17:12:07
Request Successful!12-12 17:15:09
New alert more than 5 minutes! See details below: 
CRITICAL
for 5m 4s
B2Bi queue health: "B2Bi CI HME - PROD_Framework_Parallel_001.Z_Local_402_Serial_Out_20_InhouseEnveloper(Inhouse)_4_SAG_ETGOIT_HM"
on
B2Bi Application Server - Stream 1B
CRITICAL - Queue "B2Bi CI HME - PROD_Framework_Parallel_001.Z_Local_402_Serial_Out_20_InhouseEnveloper(Inhouse)_4_SAG_ETGOIT_HM" ("hierchmessage_11217"/"queue_13"):
Request Successful!12-12 17:18:20
Request Successful!12-12 17:21:22
Request Successful!12-12 17:24:24
Request Successful!12-12 17:27:25
Request Successful!12-12 17:30:27
Request Successful!12-12 17:33:29
Request Successful!12-12 17:36:31
Request Successful!12-12 17:39:33
Request Successful!12-12 17:42:35
Request Successful!12-12 17:45:37
Request Successful!12-12 17:48:38
Request Successful!12-12 17:51:40
Request Successful!12-12 17:54:42
Request Successful!12-12 17:57:44
Request Successful!12-12 18:00:46
New alert more than 5 minutes! See details below: 
CRITICAL
for 3m 10s
B2Bi queue health: "B2Bi CI HME - PROD_Framework_Parallel_001.Z_Local_402_Serial_Out_20_InhouseEnveloper(Inhouse)_4_SAG_ETGOIT_HM"
on
B2Bi Application Server - Stream 1B
CRITICAL - Queue "B2Bi CI HME - PROD_Framework_Parallel_001.Z_Local_402_Serial_Out_20_InhouseEnveloper(Inhouse)_4_SAG_ETGOIT_HM" ("hierchmessage_11217"/"queue_13"):
Request Successful!12-12 18:03:57
Request Successful!12-12 18:06:58
Request Successful!12-12 18:10:00
Request Successful!12-12 18:13:02
Request Successful!12-12 18:16:04
Request Successful!12-12 18:19:06
Request Successful!12-12 18:22:08
New alert more than 5 minutes! See details below: 
CRITICAL
for 4m 21s
B2Bi queue health: "B2Bi CI HME - PROD_Framework_Parallel_001.Z_Local_402_Serial_Out_20_InhouseEnveloper(Inhouse)_4_SAG_ETGOIT_HM"
on
B2Bi Application Server - Stream 1B
CRITICAL - Queue "B2Bi CI HME - PROD_Framework_Parallel_001.Z_Local_402_Serial_Out_20_InhouseEnveloper(Inhouse)_4_SAG_ETGOIT_HM" ("hierchmessage_11217"/"queue_13"):
Request Successful!12-12 18:25:20
Request Successful!12-12 18:28:22
Request Successful!12-12 18:31:24
Request Successful!12-12 18:34:26
Request Successful!12-12 18:37:28
Request Successful!12-12 18:40:30
Request Successful!12-12 18:43:32
Request Successful!12-12 18:46:33
Request Successful!12-12 18:49:35
Request Successful!12-12 18:52:37
Request Successful!12-12 18:55:39
Request Successful!12-12 18:58:40
Request Successful!12-12 19:01:42
Request Successful!12-12 19:04:44
Request Successful!12-12 19:07:46
Request Successful!12-12 19:10:48
Request Successful!12-12 19:13:50
Request Successful!12-12 19:16:52
Request Successful!12-12 19:19:54
Request Successful!12-12 19:22:55
Request Successful!12-12 19:25:57
Request Successful!12-12 19:28:59
Request Successful!12-12 19:32:01
Request Successful!12-12 19:35:03
Request Successful!12-12 19:38:04
New alert more than 5 minutes! See details below: 
CRITICAL
for 4m 27s
B2Bi queue health: "B2Bi CI HME - PROD_Framework_Parallel_001.Z_Local_402_Serial_Out_20_InhouseEnveloper(Inhouse)_4_SAG_ETGOIT_HM"
on
B2Bi Application Server - Stream 1B
CRITICAL - Queue "B2Bi CI HME - PROD_Framework_Parallel_001.Z_Local_402_Serial_Out_20_InhouseEnveloper(Inhouse)_4_SAG_ETGOIT_HM" ("hierchmessage_11217"/"queue_13"):
Request Successful!12-12 19:41:16
Request Successful!12-12 19:44:18
Request Successful!12-12 19:47:20
Request Successful!12-12 19:50:22
Request Successful!12-12 19:53:24
Request Successful!12-12 19:56:26
Request Successful!12-12 19:59:28
Request Successful!12-12 20:02:30
Request Successful!12-12 20:05:32
Request Successful!12-12 20:08:33
New alert more than 5 minutes! See details below: 
CRITICAL
for 3m 25s
B2Bi queue health: "B2Bi CI HME - PROD_Framework_Parallel_001.Z_Local_402_Serial_Out_20_InhouseEnveloper(Inhouse)_4_SAG_ETGOIT_HM"
on
B2Bi Application Server - Stream 1B
CRITICAL - Queue "B2Bi CI HME - PROD_Framework_Parallel_001.Z_Local_402_Serial_Out_20_InhouseEnveloper(Inhouse)_4_SAG_ETGOIT_HM" ("hierchmessage_11217"/"queue_13"):
Request Successful!12-12 20:11:45
Request Successful!12-12 20:14:47
Request Successful!12-12 20:17:48
Request Successful!12-12 20:20:50
Request Successful!12-12 20:23:52
Request Successful!12-12 20:26:54
Request Successful!12-12 20:29:55
Request Successful!12-12 20:32:57
Request Successful!12-12 20:35:59
Request Successful!12-12 20:39:01
Request Successful!12-12 20:42:03
Request Successful!12-12 20:45:05
Request Successful!12-12 20:48:06
New alert more than 5 minutes! See details below: 
CRITICAL
for 5m 54s
B2Bi queue health: "B2Bi CI HME - PROD_Framework_Parallel_001.Z_Local_402_Serial_Out_20_InhouseEnveloper(Inhouse)_4_SAG_ETGOIT_HM"
on
B2Bi Application Server - Stream 1B
CRITICAL - Queue "B2Bi CI HME - PROD_Framework_Parallel_001.Z_Local_402_Serial_Out_20_InhouseEnveloper(Inhouse)_4_SAG_ETGOIT_HM" ("hierchmessage_11217"/"queue_13"):
Request Successful!12-12 20:51:18
Request Successful!12-12 20:54:20
Request Successful!12-12 20:57:22
Request Successful!12-12 21:00:24
Request Successful!12-12 21:03:26
Request Successful!12-12 21:06:28
Request Successful!12-12 21:09:30
Request Successful!12-12 21:12:32
Request Successful!12-12 21:15:34
Request Successful!12-12 21:18:35
Request Successful!12-12 21:21:37
Request Successful!12-12 21:24:39
Request Successful!12-12 21:27:41
New alert more than 5 minutes! See details below: 
CRITICAL
for 5m 48s
B2Bi queue health: "B2Bi CI HME - PROD_Framework_Parallel_001.Z_Local_402_Serial_Out_20_InhouseEnveloper(Inhouse)_4_SAG_ETGOIT_HM"
on
B2Bi Application Server - Stream 1B
CRITICAL - Queue "B2Bi CI HME - PROD_Framework_Parallel_001.Z_Local_402_Serial_Out_20_InhouseEnveloper(Inhouse)_4_SAG_ETGOIT_HM" ("hierchmessage_11217"/"queue_13"):
Request Successful!12-12 21:30:52
Request Successful!12-12 21:33:54
Request Successful!12-12 21:36:55
Request Successful!12-12 21:39:57
Request Successful!12-12 21:42:58
Request Successful!12-12 21:46:00
Request Successful!12-12 21:49:02
Request Successful!12-12 21:52:03
Request Successful!12-12 21:55:05
Request Successful!12-12 21:58:07
New alert more than 5 minutes! See details below: 
CRITICAL
for 4m 44s
B2Bi queue health: "B2Bi CI HME - PROD_Framework_Parallel_001.Z_Local_402_Serial_Out_20_InhouseEnveloper(Inhouse)_4_SAG_ETGOIT_HM"
on
B2Bi Application Server - Stream 1B
CRITICAL - Queue "B2Bi CI HME - PROD_Framework_Parallel_001.Z_Local_402_Serial_Out_20_InhouseEnveloper(Inhouse)_4_SAG_ETGOIT_HM" ("hierchmessage_11217"/"queue_13"):
Request Successful!12-12 22:01:18
Request Successful!12-12 22:04:19
Request Successful!12-12 22:07:21
Request Successful!12-12 22:10:23
Request Successful!12-12 22:13:24
Request Successful!12-12 22:16:27
Request Successful!12-12 22:19:29
Request Successful!12-12 22:22:31
Request Successful!12-12 22:25:32
Request Successful!12-12 22:28:34
Request Successful!12-12 22:31:36
Request Successful!12-12 22:34:38
Request Successful!12-12 22:37:40
Request Successful!12-12 22:40:42
Request Successful!12-12 22:43:44
Request Successful!12-12 22:46:46
Request Successful!12-12 22:49:47
Request Successful!12-12 22:52:49
Request Successful!12-12 22:55:51
Request Successful!12-12 22:58:53
Request Successful!12-12 23:01:55
Request Successful!12-12 23:04:56
Request Successful!12-12 23:07:58
Request Successful!12-12 23:11:00
Request Successful!12-12 23:14:02
Request Successful!12-12 23:17:04
Request Successful!12-12 23:20:05
Request Successful!12-12 23:23:07
Request Successful!12-12 23:26:09
Request Successful!12-12 23:29:11
Request Successful!12-12 23:32:13
Request Successful!12-12 23:35:15
Request Successful!12-12 23:38:17
Request Successful!12-12 23:41:18
Request Successful!12-12 23:44:20
Request Successful!12-12 23:47:22
Request Successful!12-12 23:50:24
Request Successful!12-12 23:53:26
Request Successful!12-12 23:56:28
Request Successful!12-12 23:59:30
Request Successful!12-13 00:02:31
Request Successful!12-13 00:05:33
Request Successful!12-13 00:08:35
Request Successful!12-13 00:11:37
Request Successful!12-13 00:14:39
Request Successful!12-13 00:17:41
Request Successful!12-13 00:20:42
Request Successful!12-13 00:23:44
Request Successful!12-13 00:26:46
Request Successful!12-13 00:29:48
Request Successful!12-13 00:32:50
