Request Successful!01-26 15:44:55
Request Successful!01-26 15:47:56
Request Successful!01-26 15:50:57
Request Successful!01-26 15:53:59
Request Successful!01-26 15:57:00
Request Successful!01-26 16:00:02
Request Successful!01-26 16:03:04
Request Successful!01-26 16:06:05
Request Successful!01-26 16:09:07
New alert more than 5 minutes! See details below: 
CRITICAL
for 4m 55s
B2Bi queue health: "B2Bi CI HME - PROD_Framework_Parallel_001.Z_Local_402_CASE_DetermineTrunk_HM"
on
B2Bi Application Server - Stream 1B
CRITICAL - Queue "B2Bi CI HME - PROD_Framework_Parallel_001.Z_Local_402_CASE_DetermineTrunk_HM" ("hierchmessage_7542"/"queue_13"):
Request Successful!01-26 16:12:20
Request Successful!01-26 16:15:21
Request Successful!01-26 16:18:23
Request Successful!01-26 16:21:25
Request Successful!01-26 16:24:27
Request Successful!01-26 16:27:28
Request Successful!01-26 16:30:30
New alert more than 5 minutes! See details below: 
CRITICAL
for 5m 10s
B2Bi queue health: "B2Bi Logger 10"
on
B2Bi Application Server - Stream 1A
CRITICAL - Queue "B2Bi Logger 10" ("logger_964"/"queue_13"):
New alert more than 5 minutes! See details below: 
CRITICAL
for 5m 18s
B2Bi queue health: "B2Bi Logger 8"
on
B2Bi Application Server - Stream 1A
CRITICAL - Queue "B2Bi Logger 8" ("logger_960"/"queue_13"):
Request Successful!01-26 16:33:53
Request Successful!01-26 16:36:55
New alert more than 5 minutes! See details below: 
CRITICAL
for 4m 54s
B2Bi queue health: "B2Bi CI HME - PROD_Framework_Parallel_001.Z_Local_402_Serial_Out_20_InhouseEnveloper(Inhouse)_4_SAG_ETGOIT_HM"
on
B2Bi Application Server - Stream 1B
CRITICAL - Queue "B2Bi CI HME - PROD_Framework_Parallel_001.Z_Local_402_Serial_Out_20_InhouseEnveloper(Inhouse)_4_SAG_ETGOIT_HM" ("hierchmessage_11217"/"queue_13"):
New alert more than 5 minutes! See details below: 
CRITICAL
for 5m 40s
Check if there're unprocessed monitoring events piling up in mon_events_processing_tafr
on
b2biprddb1.sl3.comp.db.de
CRIT : 120858 entries in mon_events_processing_tafr. Critical threshold 100000 breached!
Request Successful!01-26 16:40:16
Request Successful!01-26 16:43:17
Request Successful!01-26 16:46:19
Request Successful!01-26 16:49:21
Request Successful!01-26 16:52:23
Request Successful!01-26 16:55:25
Request Successful!01-26 16:58:27
Request Successful!01-26 17:01:29
Request Successful!01-26 17:04:30
check if there is a ticket. One critical alert is existed since 16:04
Request Successful!01-26 17:07:32
check if there is a ticket. One critical alert is existed since 16:04
Request Successful!01-26 17:10:34
Request Successful!01-26 17:13:35
Request Successful!01-26 17:16:37
Request Successful!01-26 17:19:38
Request Successful!01-26 17:22:40
Request Successful!01-26 17:25:41
Request Successful!01-26 17:28:43
Request Successful!01-26 17:31:45
Request Successful!01-26 17:34:46
Request Successful!01-26 17:37:48
Request Successful!01-26 17:40:50
Request Successful!01-26 17:43:51
Request Successful!01-26 17:46:53
Request Successful!01-26 17:49:54
Request Successful!01-26 17:52:56
Request Successful!01-26 17:55:58
Request Successful!01-26 17:58:59
Request Successful!01-26 18:02:01
Request Successful!01-26 18:05:03
Request Successful!01-26 18:08:04
New alert more than 5 minutes! See details below: 
CRITICAL
for 3m 20s
B2Bi queue health: "B2Bi CI HME - PROD_Framework_Parallel_001.Z_Local_402_Serial_Out_20_InhouseEnveloper(Inhouse)_4_SAG_ETGOIT_HM"
on
B2Bi Application Server - Stream 1B
CRITICAL - Queue "B2Bi CI HME - PROD_Framework_Parallel_001.Z_Local_402_Serial_Out_20_InhouseEnveloper(Inhouse)_4_SAG_ETGOIT_HM" ("hierchmessage_11217"/"queue_13"):
Request Successful!01-26 18:11:17
Request Successful!01-26 18:14:18
Request Successful!01-26 18:17:20
Request Successful!01-26 18:20:22
Request Successful!01-26 18:23:24
Request Successful!01-26 18:26:26
Request Successful!01-26 18:29:28
Request Successful!01-26 18:32:29
Request Successful!01-26 18:35:31
Request Successful!01-26 18:38:33
Request Successful!01-26 18:41:34
Request Successful!01-26 18:44:36
Request Successful!01-26 18:47:38
Request Successful!01-26 18:50:39
Request Successful!01-26 18:53:41
Request Successful!01-26 18:56:42
Request Successful!01-26 18:59:44
Request Successful!01-26 19:02:46
Request Successful!01-26 19:05:47
Request Successful!01-26 19:08:49
Request Successful!01-26 19:11:51
Request Successful!01-26 19:14:52
Request Successful!01-26 19:17:54
Request Successful!01-26 19:20:56
Request Successful!01-26 19:23:58
Request Successful!01-26 19:26:59
Request Successful!01-26 19:30:01
Request Successful!01-26 19:33:03
Request Successful!01-26 19:36:04
Request Successful!01-26 19:39:06
Request Successful!01-26 19:42:08
Request Successful!01-26 19:45:09
Request Successful!01-26 19:48:11
Request Successful!01-26 19:51:13
Request Successful!01-26 19:54:14
Request Successful!01-26 19:57:16
Request Successful!01-26 20:00:17
Request Successful!01-26 20:03:19
Request Successful!01-26 20:06:21
Request Successful!01-26 20:09:22
Request Successful!01-26 20:12:24
Request Successful!01-26 20:15:25
Request Successful!01-26 20:18:27
Request Successful!01-26 20:21:29
Request Successful!01-26 20:24:30
Request Successful!01-26 20:27:32
Request Successful!01-26 20:30:34
Request Successful!01-26 20:33:35
Request Successful!01-26 20:36:37
Request Successful!01-26 20:39:39
Request Successful!01-26 20:42:40
Request Successful!01-26 20:45:42
Request Successful!01-26 20:48:44
Request Successful!01-26 20:51:45
Request Successful!01-26 20:54:47
Request Successful!01-26 20:57:49
Request Successful!01-26 21:00:50
Request Successful!01-26 21:03:52
Request Successful!01-26 21:06:54
Request Successful!01-26 21:09:55
Request Successful!01-26 21:12:57
Request Successful!01-26 21:15:59
Request Successful!01-26 21:19:00
Request Successful!01-26 21:22:02
Request Successful!01-26 21:25:04
Request Successful!01-26 21:28:05
Request Successful!01-26 21:31:07
Request Successful!01-26 21:34:09
Request Successful!01-26 21:37:10
Request Successful!01-26 21:40:12
Request Successful!01-26 21:43:14
Request Successful!01-26 21:46:15
Request Successful!01-26 21:49:17
Request Successful!01-26 21:52:18
Request Successful!01-26 21:55:20
Request Successful!01-26 21:58:22
Request Successful!01-26 22:01:23
Request Successful!01-26 22:04:25
Request Successful!01-26 22:07:27
Request Successful!01-26 22:10:28
Request Successful!01-26 22:13:30
Request Successful!01-26 22:16:31
Request Successful!01-26 22:19:33
Request Successful!01-26 22:22:35
Request Successful!01-26 22:25:36
Request Successful!01-26 22:28:38
Request Successful!01-26 22:31:40
Request Successful!01-26 22:34:41
Request Successful!01-26 22:37:43
Request Successful!01-26 22:40:45
Request Successful!01-26 22:43:46
Request Successful!01-26 22:46:48
Request Successful!01-26 22:49:49
Request Successful!01-26 22:52:51
Request Successful!01-26 22:55:53
Request Successful!01-26 22:58:54
Request Successful!01-26 23:01:56
Request Successful!01-26 23:04:57
Request Successful!01-26 23:07:59
Request Successful!01-26 23:11:01
Request Successful!01-26 23:14:03
Request Successful!01-26 23:17:05
Request Successful!01-26 23:20:07
Request Successful!01-26 23:23:09
