Request Successful!07-12 15:39:21
Request Successful!07-12 15:42:24
Request Successful!07-12 15:45:26
Request Successful!07-12 15:48:29
Request Successful!07-12 15:51:31
Request Successful!07-12 15:54:33
Request Successful!07-12 15:57:36
Request Successful!07-12 16:00:39
Request Successful!07-12 16:03:42
Request Successful!07-12 16:06:44
Request Successful!07-12 16:09:47
Request Successful!07-12 16:12:49
Request Successful!07-12 16:15:52
HTTPSConnectionPool(host='b2biprddep1.sl3.comp.db.de', port=443): Max retries exceeded with url: /icingaweb2/monitoring/list/services?service_problem=1&sort=service_severity&dir=desc (Caused by SSLError(SSLEOFError(8, '[SSL: UNEXPECTED_EOF_WHILE_READING] EOF occurred in violation of protocol (_ssl.c:1006)')))
Request Successful!07-12 16:23:30
Request Successful!07-12 16:26:33
Request Successful!07-12 16:29:35
Request Successful!07-12 16:32:37
Request Successful!07-12 16:35:40
Request Successful!07-12 16:38:42
Request Successful!07-12 16:41:45
Request Successful!07-12 16:44:47
Request Successful!07-12 16:47:55
Request Successful!07-12 16:50:57
Request Successful!07-12 16:54:01
Request Successful!07-12 16:57:04
Request Successful!07-12 17:00:07
Request Successful!07-12 17:03:09
Request Successful!07-12 17:06:12
Request Successful!07-12 17:09:14
Request Successful!07-12 17:12:17
Request Successful!07-12 17:15:19
Request Successful!07-12 17:18:22
Request Successful!07-12 17:21:23
Request Successful!07-12 17:24:25
Request Successful!07-12 17:27:27
Request Successful!07-12 17:30:29
Request Successful!07-12 17:33:31
Request Successful!07-12 17:36:33
Request Successful!07-12 17:39:35
Request Successful!07-12 17:42:37
Request Successful!07-12 17:45:39
Request Successful!07-12 17:48:41
Request Successful!07-12 17:51:43
Request Successful!07-12 17:54:45
Request Successful!07-12 17:57:46
Request Successful!07-12 18:00:48
Request Successful!07-12 18:03:50
Request Successful!07-12 18:06:52
Request Successful!07-12 18:09:54
Request Successful!07-12 18:12:55
Request Successful!07-12 18:15:57
Request Successful!07-12 18:18:59
Request Successful!07-12 18:22:01
Request Successful!07-12 18:25:03
Request Successful!07-12 18:28:04
Request Successful!07-12 18:31:06
Request Successful!07-12 18:34:08
Request Successful!07-12 18:37:10
Request Successful!07-12 18:40:11
Request Successful!07-12 18:43:13
Request Successful!07-12 18:46:15
Request Successful!07-12 18:49:17
Request Successful!07-12 18:52:19
Request Successful!07-12 18:55:20
Request Successful!07-12 18:58:22
Request Successful!07-12 19:01:24
Request Successful!07-12 19:04:26
Request Successful!07-12 19:07:27
Request Successful!07-12 19:10:29
Request Successful!07-12 19:13:31
Request Successful!07-12 19:16:33
Request Successful!07-12 19:19:34
Request Successful!07-12 19:22:36
Request Successful!07-12 19:25:37
Request Successful!07-12 19:28:39
Request Successful!07-12 19:31:41
Request Successful!07-12 19:34:43
Request Successful!07-12 19:37:44
Request Successful!07-12 19:40:46
Request Successful!07-12 19:43:48
Request Successful!07-12 19:46:49
Request Successful!07-12 19:49:51
Request Successful!07-12 19:52:53
Request Successful!07-12 19:55:54
Request Successful!07-12 19:58:56
Request Successful!07-12 20:01:57
Request Successful!07-12 20:04:59
Request Successful!07-12 20:08:01
Request Successful!07-12 20:11:02
Request Successful!07-12 20:14:04
Request Successful!07-12 20:17:06
Request Successful!07-12 20:20:07
Request Successful!07-12 20:23:09
Request Successful!07-12 20:26:11
Request Successful!07-12 20:29:12
Request Successful!07-12 20:32:14
Request Successful!07-12 20:35:15
Request Successful!07-12 20:38:17
Request Successful!07-12 20:41:18
Request Successful!07-12 20:44:20
New alert more than 5 minutes! See details below: 
CRITICAL
for 5m 5s
B2Bi queue health: "B2Bi CI HME - PROD_Framework_Parallel_001.Z_Local_402_Serial_Out_20_InhouseEnveloper(Inhouse)_4_SAG_ETGOIT_HM"
on
B2Bi Application Server - Stream 1B
CRITICAL - Queue "B2Bi CI HME - PROD_Framework_Parallel_001.Z_Local_402_Serial_Out_20_InhouseEnveloper(Inhouse)_4_SAG_ETGOIT_HM" ("hierchmessage_11217"/"queue_13"):
Request Successful!07-12 20:47:31
Request Successful!07-12 20:50:33
Request Successful!07-12 20:53:35
Request Successful!07-12 20:56:37
Request Successful!07-12 20:59:38
Request Successful!07-12 21:02:40
Request Successful!07-12 21:05:41
Request Successful!07-12 21:08:43
Request Successful!07-12 21:11:45
Request Successful!07-12 21:14:46
Request Successful!07-12 21:17:48
Request Successful!07-12 21:20:50
Request Successful!07-12 21:23:51
Request Successful!07-12 21:26:53
Request Successful!07-12 21:29:54
Request Successful!07-12 21:32:56
Request Successful!07-12 21:35:58
Request Successful!07-12 21:38:59
Request Successful!07-12 21:42:01
Request Successful!07-12 21:45:02
Request Successful!07-12 21:48:04
Request Successful!07-12 21:51:06
Request Successful!07-12 21:54:07
Request Successful!07-12 21:57:09
Request Successful!07-12 22:00:10
Request Successful!07-12 22:03:12
Request Successful!07-12 22:06:13
Request Successful!07-12 22:09:15
Request Successful!07-12 22:12:17
Request Successful!07-12 22:15:18
Request Successful!07-12 22:18:20
Request Successful!07-12 22:21:22
Request Successful!07-12 22:24:23
Request Successful!07-12 22:27:25
Request Successful!07-12 22:30:27
Request Successful!07-12 22:33:28
Request Successful!07-12 22:36:30
Request Successful!07-12 22:39:32
Request Successful!07-12 22:42:33
Request Successful!07-12 22:45:35
Request Successful!07-12 22:48:37
Request Successful!07-12 22:51:38
Request Successful!07-12 22:54:40
Request Successful!07-12 22:57:42
Request Successful!07-12 23:00:43
Request Successful!07-12 23:03:45
