Request Successful!05-20 17:19:56
Request Successful!05-20 17:20:57
Request Successful!05-20 17:21:59
Request Successful!05-20 17:23:00
Request Successful!05-20 17:24:02
Request Successful!05-20 17:25:04
Request Successful!05-20 17:26:05
Request Successful!05-20 17:27:07
Request Successful!05-20 17:28:08
Request Successful!05-20 17:29:10
Request Successful!05-20 17:30:11
Request Successful!05-20 17:31:13
Request Successful!05-20 17:32:15
Request Successful!05-20 17:33:16
Request Successful!05-20 17:34:18
Request Successful!05-20 17:35:20
Request Successful!05-20 17:36:21
Request Successful!05-20 17:37:23
Request Successful!05-20 17:38:25
Request Successful!05-20 17:39:26
Request Successful!05-20 17:40:28
Request Successful!05-20 17:41:30
Request Successful!05-20 17:42:32
Request Successful!05-20 17:43:35
Request Successful!05-20 17:44:38
Request Successful!05-20 17:45:41
Request Successful!05-20 17:46:43
Request Successful!05-20 17:47:45
Request Successful!05-20 17:48:47
Request Successful!05-20 17:49:49
Request Successful!05-20 17:50:52
Request Successful!05-20 17:51:54
Request Successful!05-20 17:52:57
Request Successful!05-20 17:53:59
Request Successful!05-20 17:55:01
Request Successful!05-20 17:56:03
Request Successful!05-20 17:57:05
Request Successful!05-20 17:58:07
Request Successful!05-20 17:59:08
Request Successful!05-20 18:00:10
Request Successful!05-20 18:01:12
Request Successful!05-20 18:02:14
Request Successful!05-20 18:03:15
Request Successful!05-20 18:04:17
Request Successful!05-20 18:05:18
Request Successful!05-20 18:06:20
Request Successful!05-20 18:07:22
Request Successful!05-20 18:08:23
Request Successful!05-20 18:09:25
Request Successful!05-20 18:10:27
Request Successful!05-20 18:11:28
Request Successful!05-20 18:12:30
Request Successful!05-20 18:13:31
Request Successful!05-20 18:14:33
Request Successful!05-20 18:15:35
Request Successful!05-20 18:16:36
Request Successful!05-20 18:17:38
Request Successful!05-20 18:18:39
Request Successful!05-20 18:19:41
Request Successful!05-20 18:20:42
Request Successful!05-20 18:21:44
Request Successful!05-20 18:22:46
Request Successful!05-20 18:23:47
Request Successful!05-20 18:24:49
Request Successful!05-20 18:25:50
Request Successful!05-20 18:26:52
Request Successful!05-20 18:27:54
Request Successful!05-20 18:28:55
Request Successful!05-20 18:29:57
Request Successful!05-20 18:30:58
Request Successful!05-20 18:32:00
Request Successful!05-20 18:33:01
Request Successful!05-20 18:34:03
Request Successful!05-20 18:35:04
Request Successful!05-20 18:36:06
Request Successful!05-20 18:37:07
Request Successful!05-20 18:38:09
Request Successful!05-20 18:39:10
Request Successful!05-20 18:40:12
Request Successful!05-20 18:41:13
Request Successful!05-20 18:42:15
Request Successful!05-20 18:43:17
Request Successful!05-20 18:44:18
Request Successful!05-20 18:45:20
Request Successful!05-20 18:46:21
Request Successful!05-20 18:47:23
Request Successful!05-20 18:48:25
Request Successful!05-20 18:49:26
Request Successful!05-20 18:50:28
Request Successful!05-20 18:51:30
Request Successful!05-20 18:52:31
Request Successful!05-20 18:53:33
Request Successful!05-20 18:54:34
Request Successful!05-20 18:55:36
Request Successful!05-20 18:56:37
Request Successful!05-20 18:57:39
Request Successful!05-20 18:58:41
Request Successful!05-20 18:59:42
Request Successful!05-20 19:00:44
Request Successful!05-20 19:01:45
Request Successful!05-20 19:02:47
Request Successful!05-20 19:03:48
Request Successful!05-20 19:04:50
Request Successful!05-20 19:05:51
Request Successful!05-20 19:06:53
Request Successful!05-20 19:07:54
Request Successful!05-20 19:08:56
Request Successful!05-20 19:09:58
Request Successful!05-20 19:10:59
Request Successful!05-20 19:12:01
Request Successful!05-20 19:13:02
Request Successful!05-20 19:14:04
Request Successful!05-20 19:15:05
Request Successful!05-20 19:16:07
Request Successful!05-20 19:17:08
Request Successful!05-20 19:18:10
Request Successful!05-20 19:19:11
Request Successful!05-20 19:20:13
Request Successful!05-20 19:21:15
Request Successful!05-20 19:22:16
Request Successful!05-20 19:23:18
Request Successful!05-20 19:24:19
Request Successful!05-20 19:25:21
Request Successful!05-20 19:26:22
Request Successful!05-20 19:27:24
Request Successful!05-20 19:28:25
Request Successful!05-20 19:29:27
Request Successful!05-20 19:30:28
Request Successful!05-20 19:31:30
Request Successful!05-20 19:32:31
Request Successful!05-20 19:33:33
Request Successful!05-20 19:34:34
Request Successful!05-20 19:35:36
Request Successful!05-20 19:36:37
Request Successful!05-20 19:37:40
Request Successful!05-20 19:38:41
Request Successful!05-20 19:39:43
Request Successful!05-20 19:40:44
Request Successful!05-20 19:41:46
Request Successful!05-20 19:42:47
Request Successful!05-20 19:43:49
Request Successful!05-20 19:44:50
Request Successful!05-20 19:45:52
Request Successful!05-20 19:46:53
Request Successful!05-20 19:47:55
Request Successful!05-20 19:48:56
Request Successful!05-20 19:49:58
Request Successful!05-20 19:50:59
Request Successful!05-20 19:52:01
Request Successful!05-20 19:53:02
Request Successful!05-20 19:54:04
Request Successful!05-20 19:55:05
Request Successful!05-20 19:56:07
Request Successful!05-20 19:57:08
Request Successful!05-20 19:58:10
Request Successful!05-20 19:59:12
Request Successful!05-20 20:00:13
Request Successful!05-20 20:01:15
Request Successful!05-20 20:02:16
Request Successful!05-20 20:03:18
Request Successful!05-20 20:04:19
Request Successful!05-20 20:05:21
Request Successful!05-20 20:06:23
Request Successful!05-20 20:07:24
Request Successful!05-20 20:08:26
Request Successful!05-20 20:09:27
Request Successful!05-20 20:10:29
Request Successful!05-20 20:11:30
Request Successful!05-20 20:12:32
Request Successful!05-20 20:13:33
Request Successful!05-20 20:14:35
Request Successful!05-20 20:15:36
Request Successful!05-20 20:16:38
Request Successful!05-20 20:17:40
Request Successful!05-20 20:18:41
Request Successful!05-20 20:19:43
Request Successful!05-20 20:20:44
Request Successful!05-20 20:21:46
Request Successful!05-20 20:22:48
Request Successful!05-20 20:23:49
Request Successful!05-20 20:24:51
Request Successful!05-20 20:25:52
Request Successful!05-20 20:26:54
Request Successful!05-20 20:27:55
Request Successful!05-20 20:28:57
Request Successful!05-20 20:29:58
Request Successful!05-20 20:31:00
Request Successful!05-20 20:32:01
Request Successful!05-20 20:33:03
Request Successful!05-20 20:34:04
Request Successful!05-20 20:35:06
Request Successful!05-20 20:36:08
Request Successful!05-20 20:37:10
Request Successful!05-20 20:38:12
Request Successful!05-20 20:39:14
Request Successful!05-20 20:40:16
Request Successful!05-20 20:41:18
Request Successful!05-20 20:42:19
Request Successful!05-20 20:43:21
Request Successful!05-20 20:44:22
Request Successful!05-20 20:45:24
Request Successful!05-20 20:46:25
Request Successful!05-20 20:47:27
Request Successful!05-20 20:48:28
Request Successful!05-20 20:49:30
Request Successful!05-20 20:50:31
Request Successful!05-20 20:51:33
Request Successful!05-20 20:52:34
Request Successful!05-20 20:53:36
Request Successful!05-20 20:54:37
Request Successful!05-20 20:55:39
Request Successful!05-20 20:56:40
Request Successful!05-20 20:57:42
Request Successful!05-20 20:58:43
Request Successful!05-20 20:59:45
Request Successful!05-20 21:00:47
Request Successful!05-20 21:01:48
Request Successful!05-20 21:02:50
Request Successful!05-20 21:03:51
Request Successful!05-20 21:04:53
Request Successful!05-20 21:05:55
Request Successful!05-20 21:06:56
Request Successful!05-20 21:07:58
Request Successful!05-20 21:09:00
Request Successful!05-20 21:10:01
Request Successful!05-20 21:11:03
Request Successful!05-20 21:12:05
Request Successful!05-20 21:13:06
Request Successful!05-20 21:14:08
Request Successful!05-20 21:15:10
Request Successful!05-20 21:16:11
Request Successful!05-20 21:17:13
Request Successful!05-20 21:18:14
Request Successful!05-20 21:19:16
Request Successful!05-20 21:20:18
Request Successful!05-20 21:21:19
Request Successful!05-20 21:22:21
Request Successful!05-20 21:23:22
Request Successful!05-20 21:24:24
Request Successful!05-20 21:25:25
Request Successful!05-20 21:26:27
Request Successful!05-20 21:27:29
Request Successful!05-20 21:28:30
Request Successful!05-20 21:29:32
Request Successful!05-20 21:30:33
Request Successful!05-20 21:31:35
Request Successful!05-20 21:32:36
Request Successful!05-20 21:33:39
Request Successful!05-20 21:34:41
Request Successful!05-20 21:35:43
Request Successful!05-20 21:36:46
Request Successful!05-20 21:37:47
Request Successful!05-20 21:38:49
Request Successful!05-20 21:39:51
Request Successful!05-20 21:40:53
Request Successful!05-20 21:41:55
Request Successful!05-20 21:42:56
Request Successful!05-20 21:43:58
Request Successful!05-20 21:45:00
Request Successful!05-20 21:46:02
Request Successful!05-20 21:47:04
New alert more than 5 minutes! See details below: 
CRITICAL
for 3m 58s
Check size of queue "LQ.C2K.FROM.RIEGE on "QM.SWORD"
on
MQM Server Production
CRITICAL - Queue depth exceeding critical limit
Request Successful!05-20 21:48:17
New alert more than 5 minutes! See details below: 
CRITICAL
for 5m 11s
Check size of queue "LQ.C2K.FROM.RIEGE on "QM.SWORD"
on
MQM Server Production
CRITICAL - Queue depth exceeding critical limit
Request Successful!05-20 21:49:29
New alert more than 5 minutes! See details below: 
CRITICAL
for 6m 24s
Check size of queue "LQ.C2K.FROM.RIEGE on "QM.SWORD"
on
MQM Server Production
CRITICAL - Queue depth exceeding critical limit
Request Successful!05-20 21:50:41
Request Successful!05-20 21:51:43
Request Successful!05-20 21:52:45
Request Successful!05-20 21:53:47
Request Successful!05-20 21:54:49
Request Successful!05-20 21:55:50
Request Successful!05-20 21:56:52
Request Successful!05-20 21:57:54
Request Successful!05-20 21:58:55
Request Successful!05-20 21:59:57
Request Successful!05-20 22:00:58
Request Successful!05-20 22:02:00
Request Successful!05-20 22:03:01
Request Successful!05-20 22:04:03
Request Successful!05-20 22:05:05
Request Successful!05-20 22:06:06
Request Successful!05-20 22:07:08
Request Successful!05-20 22:08:09
Request Successful!05-20 22:09:11
Request Successful!05-20 22:10:12
Request Successful!05-20 22:11:14
Request Successful!05-20 22:12:15
Request Successful!05-20 22:13:17
Request Successful!05-20 22:14:19
Request Successful!05-20 22:15:20
Request Successful!05-20 22:16:22
Request Successful!05-20 22:17:24
Request Successful!05-20 22:18:25
Request Successful!05-20 22:19:27
Request Successful!05-20 22:20:29
Request Successful!05-20 22:21:31
Request Successful!05-20 22:22:32
Request Successful!05-20 22:23:34
Request Successful!05-20 22:24:35
Request Successful!05-20 22:25:37
Request Successful!05-20 22:26:39
Request Successful!05-20 22:27:41
Request Successful!05-20 22:28:43
Request Successful!05-20 22:29:44
Request Successful!05-20 22:30:46
Request Successful!05-20 22:31:47
Request Successful!05-20 22:32:49
Request Successful!05-20 22:33:50
Request Successful!05-20 22:34:52
Request Successful!05-20 22:35:53
Request Successful!05-20 22:36:55
Request Successful!05-20 22:37:57
Request Successful!05-20 22:38:58
Request Successful!05-20 22:40:00
Request Successful!05-20 22:41:01
Request Successful!05-20 22:42:03
Request Successful!05-20 22:43:04
Request Successful!05-20 22:44:06
Request Successful!05-20 22:45:07
Request Successful!05-20 22:46:09
Request Successful!05-20 22:47:11
Request Successful!05-20 22:48:13
Request Successful!05-20 22:49:16
Request Successful!05-20 22:50:18
Request Successful!05-20 22:51:20
Request Successful!05-20 22:52:21
Request Successful!05-20 22:53:23
Request Successful!05-20 22:54:24
Request Successful!05-20 22:55:26
Request Successful!05-20 22:56:28
Request Successful!05-20 22:57:29
Request Successful!05-20 22:58:31
Request Successful!05-20 22:59:32
Request Successful!05-20 23:00:34
Request Successful!05-20 23:01:36
Request Successful!05-20 23:02:37
Request Successful!05-20 23:03:39
Request Successful!05-20 23:04:40
Request Successful!05-20 23:05:42
Request Successful!05-20 23:06:43
Request Successful!05-20 23:07:45
Request Successful!05-20 23:08:46
Request Successful!05-20 23:09:48
Request Successful!05-20 23:10:49
Request Successful!05-20 23:11:51
Request Successful!05-20 23:12:52
Request Successful!05-20 23:13:54
Request Successful!05-20 23:14:55
Request Successful!05-20 23:15:57
Request Successful!05-20 23:16:58
Request Successful!05-20 23:18:00
Request Successful!05-20 23:19:01
Request Successful!05-20 23:20:03
Request Successful!05-20 23:21:04
Request Successful!05-20 23:22:06
Request Successful!05-20 23:23:08
Request Successful!05-20 23:24:09
Request Successful!05-20 23:25:11
Request Successful!05-20 23:26:12
Request Successful!05-20 23:27:14
Request Successful!05-20 23:28:15
Request Successful!05-20 23:29:17
Request Successful!05-20 23:30:18
Request Successful!05-20 23:31:20
Request Successful!05-20 23:32:21
Request Successful!05-20 23:33:23
Request Successful!05-20 23:34:24
