Request Successful!01-15 16:31:40
check if there is a ticket. One critical alert is existed since 03:56
Request Successful!01-15 16:34:42
check if there is a ticket. One critical alert is existed since 03:56
Request Successful!01-15 16:37:44
check if there is a ticket. One critical alert is existed since 03:56
Request Successful!01-15 16:40:46
check if there is a ticket. One critical alert is existed since 03:56
Request Successful!01-15 16:43:48
check if there is a ticket. One critical alert is existed since 03:56
Request Successful!01-15 16:46:50
check if there is a ticket. One critical alert is existed since 03:56
Request Successful!01-15 16:49:51
check if there is a ticket. One critical alert is existed since 03:56
Request Successful!01-15 16:52:53
check if there is a ticket. One critical alert is existed since 03:56
Request Successful!01-15 16:55:55
check if there is a ticket. One critical alert is existed since 03:56
Request Successful!01-15 16:58:57
check if there is a ticket. One critical alert is existed since 03:56
Request Successful!01-15 17:01:59
check if there is a ticket. One critical alert is existed since 03:56
Request Successful!01-15 17:05:00
check if there is a ticket. One critical alert is existed since 03:56
Request Successful!01-15 17:08:02
check if there is a ticket. One critical alert is existed since 03:56
Request Successful!01-15 17:11:04
check if there is a ticket. One critical alert is existed since 03:56
Request Successful!01-15 17:14:06
check if there is a ticket. One critical alert is existed since 03:56
Request Successful!01-15 17:17:08
check if there is a ticket. One critical alert is existed since 03:56
Request Successful!01-15 17:20:09
check if there is a ticket. One critical alert is existed since 03:56
Request Successful!01-15 17:23:11
New alert more than 5 minutes! See details below: 
CRITICAL
for 4m 46s
B2Bi queue health: "B2Bi CI HME - PROD_Framework_Parallel_001.Z_Local_402_Serial_Out_20_InhouseEnveloper(Inhouse)_4_SAG_ETGOIT_HM"
on
B2Bi Application Server - Stream 1B
CRITICAL - Queue "B2Bi CI HME - PROD_Framework_Parallel_001.Z_Local_402_Serial_Out_20_InhouseEnveloper(Inhouse)_4_SAG_ETGOIT_HM" ("hierchmessage_11217"/"queue_13"):
check if there is a ticket. One critical alert is existed since 03:56
Request Successful!01-15 17:26:24
check if there is a ticket. One critical alert is existed since 03:56
Request Successful!01-15 17:29:25
check if there is a ticket. One critical alert is existed since 03:56
Request Successful!01-15 17:32:27
check if there is a ticket. One critical alert is existed since 03:56
Request Successful!01-15 17:35:30
check if there is a ticket. One critical alert is existed since 03:56
Request Successful!01-15 17:38:31
check if there is a ticket. One critical alert is existed since 03:56
Request Successful!01-15 17:41:33
check if there is a ticket. One critical alert is existed since 03:56
Request Successful!01-15 17:44:34
check if there is a ticket. One critical alert is existed since 03:56
Request Successful!01-15 17:47:36
check if there is a ticket. One critical alert is existed since 03:56
Request Successful!01-15 17:50:37
check if there is a ticket. One critical alert is existed since 03:56
Request Successful!01-15 17:53:39
check if there is a ticket. One critical alert is existed since 03:56
Request Successful!01-15 17:56:41
check if there is a ticket. One critical alert is existed since 03:56
Request Successful!01-15 17:59:43
check if there is a ticket. One critical alert is existed since 03:56
Request Successful!01-15 18:02:44
New alert more than 5 minutes! See details below: 
CRITICAL
for 3m 58s
B2Bi queue health: "B2Bi CI HME - PROD_Framework_Parallel_001.Z_Local_402_Serial_Out_20_InhouseEnveloper(Inhouse)_4_SAG_ETGOIT_HM"
on
B2Bi Application Server - Stream 1B
CRITICAL - Queue "B2Bi CI HME - PROD_Framework_Parallel_001.Z_Local_402_Serial_Out_20_InhouseEnveloper(Inhouse)_4_SAG_ETGOIT_HM" ("hierchmessage_11217"/"queue_13"):
Request Successful!01-15 18:05:57
Request Successful!01-15 18:08:58
Request Successful!01-15 18:12:00
Request Successful!01-15 18:15:01
Request Successful!01-15 18:18:03
Request Successful!01-15 18:21:04
Request Successful!01-15 18:24:06
Request Successful!01-15 18:27:08
Request Successful!01-15 18:30:09
Request Successful!01-15 18:33:11
Request Successful!01-15 18:36:12
Request Successful!01-15 18:39:14
Request Successful!01-15 18:42:16
New alert more than 5 minutes! See details below: 
CRITICAL
for 3m 38s
B2Bi queue health: "B2Bi CI HME - PROD_Framework_Parallel_001.101_Parallel_Inb_10_FetchRef_HM"
on
B2Bi Application Server - Stream 3C (Multicluster)
CRITICAL - Queue "B2Bi CI HME - PROD_Framework_Parallel_001.101_Parallel_Inb_10_FetchRef_HM" ("hierchmessage_9799"/"queue_16"):
Request Successful!01-15 18:45:29
New alert more than 5 minutes! See details below: 
CRITICAL
for 6m 51s
B2Bi queue health: "B2Bi CI HME - PROD_Framework_Parallel_001.101_Parallel_Inb_10_FetchRef_HM"
on
B2Bi Application Server - Stream 3C (Multicluster)
CRITICAL - Queue "B2Bi CI HME - PROD_Framework_Parallel_001.101_Parallel_Inb_10_FetchRef_HM" ("hierchmessage_9799"/"queue_16"):
Request Successful!01-15 18:48:40
Request Successful!01-15 18:51:42
Request Successful!01-15 18:54:44
New alert more than 5 minutes! See details below: 
CRITICAL
for 4m 18s
B2Bi queue health: "B2Bi CI HME - PROD_Framework_Parallel_001.Z_Local_402_Serial_Out_20_InhouseEnveloper(Inhouse)_4_SAG_ETGOIT_HM"
on
B2Bi Application Server - Stream 1B
CRITICAL - Queue "B2Bi CI HME - PROD_Framework_Parallel_001.Z_Local_402_Serial_Out_20_InhouseEnveloper(Inhouse)_4_SAG_ETGOIT_HM" ("hierchmessage_11217"/"queue_13"):
Request Successful!01-15 18:57:56
Request Successful!01-15 19:00:58
Request Successful!01-15 19:03:59
Request Successful!01-15 19:07:01
Request Successful!01-15 19:10:03
Request Successful!01-15 19:13:05
Request Successful!01-15 19:16:06
Request Successful!01-15 19:19:08
Request Successful!01-15 19:22:10
Request Successful!01-15 19:25:11
Request Successful!01-15 19:28:13
Request Successful!01-15 19:31:15
Request Successful!01-15 19:34:16
Request Successful!01-15 19:37:19
Request Successful!01-15 19:40:20
check if there is a ticket. One critical alert is existed since 10:38
Request Successful!01-15 19:43:22
check if there is a ticket. One critical alert is existed since 10:38
Request Successful!01-15 19:46:24
check if there is a ticket. One critical alert is existed since 10:38
Request Successful!01-15 19:49:25
check if there is a ticket. One critical alert is existed since 10:38
Request Successful!01-15 19:52:27
check if there is a ticket. One critical alert is existed since 10:38
Request Successful!01-15 19:55:28
Request Successful!01-15 19:58:30
Request Successful!01-15 20:01:32
Request Successful!01-15 20:04:33
Request Successful!01-15 20:07:35
Request Successful!01-15 20:10:37
Request Successful!01-15 20:13:38
Request Successful!01-15 20:16:40
New alert more than 5 minutes! See details below: 
CRITICAL
for 4m 46s
Check memory
on
B2Bi Application Server - Stream 1B
MEMORY CRITICAL - 7.60796% Free - Total:68.5371G Active:48.6614G Inactive:5.34722G Buffers:0.000148773G Cached:4.29207G
Request Successful!01-15 20:19:52
Request Successful!01-15 20:22:53
Request Successful!01-15 20:25:55
Request Successful!01-15 20:28:57
Request Successful!01-15 20:31:58
Request Successful!01-15 20:35:00
Request Successful!01-15 20:38:01
Request Successful!01-15 20:41:03
Request Successful!01-15 20:44:05
Request Successful!01-15 20:47:06
Request Successful!01-15 20:50:08
Request Successful!01-15 20:53:09
Request Successful!01-15 20:56:11
Request Successful!01-15 20:59:13
Request Successful!01-15 21:02:14
Request Successful!01-15 21:05:16
New alert more than 5 minutes! See details below: 
CRITICAL
for 3m 52s
Check memory
on
B2Bi Application Server - Stream 1B
MEMORY CRITICAL - 8.59382% Free - Total:68.5371G Active:48.1658G Inactive:6.84049G Buffers:0G Cached:5.24763G
Request Successful!01-15 21:08:28
Request Successful!01-15 21:11:29
Request Successful!01-15 21:14:31
Request Successful!01-15 21:17:32
Request Successful!01-15 21:20:34
Request Successful!01-15 21:23:35
Request Successful!01-15 21:26:37
Request Successful!01-15 21:29:39
Request Successful!01-15 21:32:40
Request Successful!01-15 21:35:42
Request Successful!01-15 21:38:43
Request Successful!01-15 21:41:45
Request Successful!01-15 21:44:47
Request Successful!01-15 21:47:48
Request Successful!01-15 21:50:50
Request Successful!01-15 21:53:51
Request Successful!01-15 21:56:53
Request Successful!01-15 21:59:54
Request Successful!01-15 22:02:56
Request Successful!01-15 22:05:58
Request Successful!01-15 22:09:00
Request Successful!01-15 22:12:01
Request Successful!01-15 22:15:02
Request Successful!01-15 22:18:04
Request Successful!01-15 22:21:05
Request Successful!01-15 22:24:07
Request Successful!01-15 22:27:09
Request Successful!01-15 22:30:10
Request Successful!01-15 22:33:12
Request Successful!01-15 22:36:14
Request Successful!01-15 22:39:15
Request Successful!01-15 22:42:17
Request Successful!01-15 22:45:19
Request Successful!01-15 22:48:20
Request Successful!01-15 22:51:22
Request Successful!01-15 22:54:24
Request Successful!01-15 22:57:25
Request Successful!01-15 23:00:27
Request Successful!01-15 23:03:29
