Request Successful!09-05 16:34:09
Request Successful!09-05 16:37:12
Request Successful!09-05 16:40:16
Request Successful!09-05 16:43:19
Request Successful!09-05 16:46:21
Request Successful!09-05 16:49:22
Request Successful!09-05 16:52:24
Request Successful!09-05 16:55:25
Request Successful!09-05 16:58:29
Request Successful!09-05 17:01:30
Request Successful!09-05 17:04:32
Request Successful!09-05 17:07:33
Request Successful!09-05 17:10:35
Request Successful!09-05 17:13:38
Request Successful!09-05 17:16:41
Request Successful!09-05 17:19:43
Request Successful!09-05 17:22:44
Request Successful!09-05 17:25:45
Request Successful!09-05 17:28:47
Request Successful!09-05 17:31:48
Request Successful!09-05 17:34:49
Request Successful!09-05 17:37:51
Request Successful!09-05 17:40:52
Request Successful!09-05 17:43:54
Request Successful!09-05 17:46:55
Request Successful!09-05 17:49:56
Request Successful!09-05 17:52:58
Request Successful!09-05 17:55:59
Request Successful!09-05 17:59:01
Request Successful!09-05 18:02:02
Request Successful!09-05 18:05:04
Request Successful!09-05 18:08:05
Request Successful!09-05 18:11:06
Request Successful!09-05 18:14:08
Request Successful!09-05 18:17:09
Request Successful!09-05 18:20:10
Request Successful!09-05 18:23:12
Request Successful!09-05 18:26:13
Request Successful!09-05 18:29:15
Request Successful!09-05 18:32:16
Request Successful!09-05 18:35:17
Request Successful!09-05 18:38:19
Request Successful!09-05 18:41:20
Request Successful!09-05 18:44:21
Request Successful!09-05 18:47:23
Request Successful!09-05 18:50:24
Request Successful!09-05 18:53:25
Request Successful!09-05 18:56:27
Request Successful!09-05 18:59:28
Request Successful!09-05 19:02:29
Request Successful!09-05 19:05:31
Request Successful!09-05 19:08:32
Request Successful!09-05 19:11:33
Request Successful!09-05 19:14:35
Request Successful!09-05 19:17:36
Request Successful!09-05 19:20:38
Request Successful!09-05 19:23:39
Request Successful!09-05 19:26:40
Request Successful!09-05 19:29:42
Request Successful!09-05 19:32:43
Request Successful!09-05 19:35:45
Request Successful!09-05 19:38:46
Request Successful!09-05 19:41:48
Request Successful!09-05 19:44:49
Request Successful!09-05 19:47:51
Request Successful!09-05 19:50:52
Request Successful!09-05 19:53:53
Request Successful!09-05 19:56:55
Request Successful!09-05 19:59:56
Request Successful!09-05 20:02:57
Request Successful!09-05 20:05:59
Request Successful!09-05 20:09:00
Request Successful!09-05 20:12:02
New alert more than 5 minutes! See details below: 
CRITICAL
for 3m 17s
B2Bi queue health: "B2Bi CI HME - PROD_Framework_Parallel_001.Z_Local_402_Serial_Out_20_InhouseEnveloper(Inhouse)_4_SAG_ETGOIT_HM"
on
B2Bi Application Server - Stream 1B
CRITICAL - Queue "B2Bi CI HME - PROD_Framework_Parallel_001.Z_Local_402_Serial_Out_20_InhouseEnveloper(Inhouse)_4_SAG_ETGOIT_HM" ("hierchmessage_11217"/"queue_13"):
Request Successful!09-05 20:15:15
New alert more than 5 minutes! See details below: 
CRITICAL
for 3m 12s
B2Bi queue health: "B2Bi CI HME - PROD_Framework_Parallel_001.Z_Local_402_CASE_DetermineTrunk_HM"
on
B2Bi Application Server - Stream 1B
CRITICAL - Queue "B2Bi CI HME - PROD_Framework_Parallel_001.Z_Local_402_CASE_DetermineTrunk_HM" ("hierchmessage_7542"/"queue_13"):
New alert more than 5 minutes! See details below: 
CRITICAL
for 6m 30s
B2Bi queue health: "B2Bi CI HME - PROD_Framework_Parallel_001.Z_Local_402_Serial_Out_20_InhouseEnveloper(Inhouse)_4_SAG_ETGOIT_HM"
on
B2Bi Application Server - Stream 1B
CRITICAL - Queue "B2Bi CI HME - PROD_Framework_Parallel_001.Z_Local_402_Serial_Out_20_InhouseEnveloper(Inhouse)_4_SAG_ETGOIT_HM" ("hierchmessage_11217"/"queue_13"):
Request Successful!09-05 20:18:37
New alert more than 5 minutes! See details below: 
CRITICAL
for 6m 34s
B2Bi queue health: "B2Bi CI HME - PROD_Framework_Parallel_001.Z_Local_402_CASE_DetermineTrunk_HM"
on
B2Bi Application Server - Stream 1B
CRITICAL - Queue "B2Bi CI HME - PROD_Framework_Parallel_001.Z_Local_402_CASE_DetermineTrunk_HM" ("hierchmessage_7542"/"queue_13"):
Request Successful!09-05 20:21:49
Request Successful!09-05 20:24:51
Request Successful!09-05 20:27:52
Request Successful!09-05 20:30:54
Request Successful!09-05 20:33:55
Request Successful!09-05 20:36:56
Request Successful!09-05 20:39:58
Request Successful!09-05 20:43:00
Request Successful!09-05 20:46:01
Request Successful!09-05 20:49:02
Request Successful!09-05 20:52:04
Request Successful!09-05 20:55:05
Request Successful!09-05 20:58:06
Request Successful!09-05 21:01:08
Request Successful!09-05 21:04:09
Request Successful!09-05 21:07:10
Request Successful!09-05 21:10:12
Request Successful!09-05 21:13:13
Request Successful!09-05 21:16:14
Request Successful!09-05 21:19:16
Request Successful!09-05 21:22:17
Request Successful!09-05 21:25:19
Request Successful!09-05 21:28:20
Request Successful!09-05 21:31:21
Request Successful!09-05 21:34:22
Request Successful!09-05 21:37:24
Request Successful!09-05 21:40:25
Request Successful!09-05 21:43:27
Request Successful!09-05 21:46:28
Request Successful!09-05 21:49:29
Request Successful!09-05 21:52:31
Request Successful!09-05 21:55:32
Request Successful!09-05 21:58:34
Request Successful!09-05 22:01:35
Request Successful!09-05 22:04:37
Request Successful!09-05 22:07:38
Request Successful!09-05 22:10:39
Request Successful!09-05 22:13:41
Request Successful!09-05 22:16:42
Request Successful!09-05 22:19:43
Request Successful!09-05 22:22:45
Request Successful!09-05 22:25:46
Request Successful!09-05 22:28:47
Request Successful!09-05 22:31:49
Request Successful!09-05 22:34:50
Request Successful!09-05 22:37:52
Request Successful!09-05 22:40:53
Request Successful!09-05 22:43:54
Request Successful!09-05 22:46:56
Request Successful!09-05 22:49:57
Request Successful!09-05 22:52:58
Request Successful!09-05 22:56:00
Request Successful!09-05 22:59:01
Request Successful!09-05 23:02:03
Request Successful!09-05 23:05:04
Request Successful!09-05 23:08:06
Request Successful!09-05 23:11:07
