Request Successful!04-14 15:12:09
Request Successful!04-14 15:15:10
Request Successful!04-14 15:18:12
Request Successful!04-14 15:21:13
Request Successful!04-14 15:24:14
Request Successful!04-14 15:27:15
Request Successful!04-14 15:30:16
Request Successful!04-14 15:33:17
Request Successful!04-14 15:36:19
Request Successful!04-14 15:39:20
Request Successful!04-14 15:42:21
Request Successful!04-14 15:45:22
Request Successful!04-14 15:48:23
Request Successful!04-14 15:51:25
Request Successful!04-14 15:54:26
Request Successful!04-14 15:57:27
Request Successful!04-14 16:00:29
Request Successful!04-14 16:03:30
Request Successful!04-14 16:06:31
Request Successful!04-14 16:09:32
Request Successful!04-14 16:12:33
Request Successful!04-14 16:15:35
Request Successful!04-14 16:18:36
Request Successful!04-14 16:21:37
Request Successful!04-14 16:24:38
Request Successful!04-14 16:27:39
Request Successful!04-14 16:30:41
Request Successful!04-14 16:33:42
Request Successful!04-14 16:36:43
Request Successful!04-14 16:39:44
Request Successful!04-14 16:42:46
Request Successful!04-14 16:45:47
Request Successful!04-14 16:48:48
Request Successful!04-14 16:51:49
Request Successful!04-14 16:54:50
Request Successful!04-14 16:57:52
Request Successful!04-14 17:00:53
Request Successful!04-14 17:03:54
Request Successful!04-14 17:06:56
Request Successful!04-14 17:09:57
Request Successful!04-14 17:12:58
Request Successful!04-14 17:15:59
Request Successful!04-14 17:19:01
Request Successful!04-14 17:22:02
Request Successful!04-14 17:25:03
Request Successful!04-14 17:28:04
Request Successful!04-14 17:31:06
Request Successful!04-14 17:34:07
Request Successful!04-14 17:37:08
Request Successful!04-14 17:40:09
Request Successful!04-14 17:43:11
New alert more than 5 minutes! See details below: 
CRITICAL
for 4m 37s
B2Bi queue health: "B2Bi Logger 10"
on
B2Bi Application Server - Stream 2B (Multicluster - VIP)
CRITICAL - Queue "B2Bi Logger 10" ("logger_1028"/"queue_16"):
Request Successful!04-14 17:46:22
Request Successful!04-14 17:49:23
Request Successful!04-14 17:52:25
Request Successful!04-14 17:55:26
Request Successful!04-14 17:58:27
Request Successful!04-14 18:01:28
Request Successful!04-14 18:04:30
Request Successful!04-14 18:07:31
Request Successful!04-14 18:10:32
Request Successful!04-14 18:13:33
Request Successful!04-14 18:16:35
Request Successful!04-14 18:19:36
Request Successful!04-14 18:22:37
Request Successful!04-14 18:25:38
Request Successful!04-14 18:28:40
Request Successful!04-14 18:31:41
Request Successful!04-14 18:34:42
Request Successful!04-14 18:37:43
Request Successful!04-14 18:40:44
Request Successful!04-14 18:43:46
Request Successful!04-14 18:46:47
Request Successful!04-14 18:49:48
Request Successful!04-14 18:52:49
Request Successful!04-14 18:55:51
Request Successful!04-14 18:58:52
Request Successful!04-14 19:01:53
Request Successful!04-14 19:04:54
Request Successful!04-14 19:07:56
Request Successful!04-14 19:10:57
Request Successful!04-14 19:13:58
Request Successful!04-14 19:16:59
Request Successful!04-14 19:20:01
Request Successful!04-14 19:23:02
Request Successful!04-14 19:26:03
Request Successful!04-14 19:29:04
Request Successful!04-14 19:32:06
Request Successful!04-14 19:35:07
Request Successful!04-14 19:38:08
Request Successful!04-14 19:41:09
Request Successful!04-14 19:44:11
Request Successful!04-14 19:47:12
Request Successful!04-14 19:50:13
Request Successful!04-14 19:53:14
Request Successful!04-14 19:56:15
Request Successful!04-14 19:59:17
Request Successful!04-14 20:02:18
Request Successful!04-14 20:05:19
Request Successful!04-14 20:08:20
Request Successful!04-14 20:11:22
Request Successful!04-14 20:14:23
Request Successful!04-14 20:17:24
Request Successful!04-14 20:20:25
Request Successful!04-14 20:23:26
Request Successful!04-14 20:26:28
Request Successful!04-14 20:29:29
Request Successful!04-14 20:32:30
Request Successful!04-14 20:35:32
Request Successful!04-14 20:38:33
Request Successful!04-14 20:41:34
Request Successful!04-14 20:44:35
Request Successful!04-14 20:47:36
Request Successful!04-14 20:50:38
Request Successful!04-14 20:53:39
Request Successful!04-14 20:56:40
Request Successful!04-14 20:59:41
Request Successful!04-14 21:02:43
Request Successful!04-14 21:05:44
Request Successful!04-14 21:08:45
Request Successful!04-14 21:11:46
Request Successful!04-14 21:14:47
Request Successful!04-14 21:17:49
Request Successful!04-14 21:20:50
Request Successful!04-14 21:23:52
Request Successful!04-14 21:26:53
Request Successful!04-14 21:29:55
Request Successful!04-14 21:32:56
Request Successful!04-14 21:35:57
Request Successful!04-14 21:38:58
Request Successful!04-14 21:42:00
Request Successful!04-14 21:45:01
Request Successful!04-14 21:48:02
Request Successful!04-14 21:51:04
Request Successful!04-14 21:54:05
Request Successful!04-14 21:57:06
Request Successful!04-14 22:00:08
Request Successful!04-14 22:03:09
Request Successful!04-14 22:06:10
Request Successful!04-14 22:09:12
Request Successful!04-14 22:12:13
Request Successful!04-14 22:15:14
Request Successful!04-14 22:18:15
Request Successful!04-14 22:21:16
Request Successful!04-14 22:24:18
Request Successful!04-14 22:27:19
Request Successful!04-14 22:30:20
Request Successful!04-14 22:33:21
Request Successful!04-14 22:36:23
Request Successful!04-14 22:39:24
Request Successful!04-14 22:42:25
Request Successful!04-14 22:45:27
Request Successful!04-14 22:48:28
Request Successful!04-14 22:51:29
Request Successful!04-14 22:54:30
Request Successful!04-14 22:57:32
Request Successful!04-14 23:00:33
New alert more than 5 minutes! See details below: 
CRITICAL
for 4m 49s
B2Bi queue health: "B2Bi CI HME - PROD_Framework_Parallel_001.101_Parallel_Inb_10_FetchRef_HM"
on
B2Bi Application Server - Stream 3D (Multicluster)
CRITICAL - Queue "B2Bi CI HME - PROD_Framework_Parallel_001.101_Parallel_Inb_10_FetchRef_HM" ("hierchmessage_9799"/"queue_16"):
Request Successful!04-14 23:03:45
Request Successful!04-14 23:06:46
Request Successful!04-14 23:09:47
Request Successful!04-14 23:12:49
Request Successful!04-14 23:15:51
Request Successful!04-14 23:18:52
Request Successful!04-14 23:21:53
Request Successful!04-14 23:24:54
Request Successful!04-14 23:27:56
Request Successful!04-14 23:30:57
Request Successful!04-14 23:33:58
