Request Successful!04-11 16:28:53
Request Successful!04-11 16:31:54
Request Successful!04-11 16:34:55
Request Successful!04-11 16:37:57
Request Successful!04-11 16:40:58
Request Successful!04-11 16:43:59
Request Successful!04-11 16:47:00
Request Successful!04-11 16:50:02
Request Successful!04-11 16:53:03
Request Successful!04-11 16:56:04
Request Successful!04-11 16:59:06
Request Successful!04-11 17:02:07
Request Successful!04-11 17:05:08
Request Successful!04-11 17:08:10
Request Successful!04-11 17:11:11
Request Successful!04-11 17:14:13
Request Successful!04-11 17:17:14
Request Successful!04-11 17:20:16
Request Successful!04-11 17:23:17
Request Successful!04-11 17:26:19
Request Successful!04-11 17:29:20
Request Successful!04-11 17:32:22
Request Successful!04-11 17:35:23
Request Successful!04-11 17:38:25
Request Successful!04-11 17:41:27
Request Successful!04-11 17:44:28
Request Successful!04-11 17:47:30
Request Successful!04-11 17:50:31
Request Successful!04-11 17:53:32
Request Successful!04-11 17:56:34
Request Successful!04-11 17:59:35
Request Successful!04-11 18:02:37
Request Successful!04-11 18:05:38
Request Successful!04-11 18:08:40
Request Successful!04-11 18:11:41
Request Successful!04-11 18:14:43
Request Successful!04-11 18:17:44
Request Successful!04-11 18:20:46
Request Successful!04-11 18:23:47
Request Successful!04-11 18:26:49
Request Successful!04-11 18:29:50
Request Successful!04-11 18:32:52
Request Successful!04-11 18:35:53
Request Successful!04-11 18:38:55
Request Successful!04-11 18:41:56
Request Successful!04-11 18:44:58
Request Successful!04-11 18:47:59
Request Successful!04-11 18:51:01
Request Successful!04-11 18:54:02
Request Successful!04-11 18:57:04
Request Successful!04-11 19:00:06
Request Successful!04-11 19:03:07
Request Successful!04-11 19:06:09
Request Successful!04-11 19:09:10
Request Successful!04-11 19:12:12
Request Successful!04-11 19:15:14
Request Successful!04-11 19:18:15
Request Successful!04-11 19:21:17
Request Successful!04-11 19:24:18
Request Successful!04-11 19:27:20
Request Successful!04-11 19:30:21
Request Successful!04-11 19:33:23
Request Successful!04-11 19:36:24
Request Successful!04-11 19:39:26
Request Successful!04-11 19:42:27
Request Successful!04-11 19:45:29
Request Successful!04-11 19:48:30
Request Successful!04-11 19:51:32
Request Successful!04-11 19:54:33
Request Successful!04-11 19:57:35
Request Successful!04-11 20:00:36
Request Successful!04-11 20:03:38
Request Successful!04-11 20:06:39
Request Successful!04-11 20:09:41
Request Successful!04-11 20:12:42
Request Successful!04-11 20:15:44
Request Successful!04-11 20:18:45
Request Successful!04-11 20:21:47
Request Successful!04-11 20:24:48
Request Successful!04-11 20:27:49
Request Successful!04-11 20:30:51
Request Successful!04-11 20:33:52
Request Successful!04-11 20:36:54
Request Successful!04-11 20:39:55
Request Successful!04-11 20:42:57
Request Successful!04-11 20:45:58
Request Successful!04-11 20:49:00
Request Successful!04-11 20:52:01
Request Successful!04-11 20:55:03
Request Successful!04-11 20:58:04
Request Successful!04-11 21:01:06
Request Successful!04-11 21:04:07
Request Successful!04-11 21:07:09
Request Successful!04-11 21:10:10
Request Successful!04-11 21:13:12
Request Successful!04-11 21:16:13
Request Successful!04-11 21:19:15
Request Successful!04-11 21:22:17
Request Successful!04-11 21:25:18
Request Successful!04-11 21:28:20
Request Successful!04-11 21:31:21
Request Successful!04-11 21:34:23
Request Successful!04-11 21:37:24
Request Successful!04-11 21:40:26
Request Successful!04-11 21:43:27
Request Successful!04-11 21:46:29
Request Successful!04-11 21:49:30
Request Successful!04-11 21:52:32
Request Successful!04-11 21:55:33
Request Successful!04-11 21:58:35
Request Successful!04-11 22:01:36
New alert more than 5 minutes! See details below: 
CRITICAL
for 4m 57s
Check size of queue "LQ.C2K.FROM.RIEGE on "QM.SWORD"
on
MQM Server Production
CRITICAL - Queue depth exceeding critical limit
Request Successful!04-11 22:04:48
New alert more than 5 minutes! See details below: 
CRITICAL
for 3m 16s
Check if we still can connect to ftp.sword.dbschenker.com host using ssh.
on
b2biprdxsr5.sl3.comp.db.de
CRITICAL : Server answer:
Request Successful!04-11 22:08:00
Request Successful!04-11 22:11:02
Request Successful!04-11 22:14:03
Request Successful!04-11 22:17:05
Request Successful!04-11 22:20:06
Request Successful!04-11 22:23:08
Request Successful!04-11 22:26:09
Request Successful!04-11 22:29:11
Request Successful!04-11 22:32:12
Request Successful!04-11 22:35:14
Request Successful!04-11 22:38:16
Request Successful!04-11 22:41:17
Request Successful!04-11 22:44:19
Request Successful!04-11 22:47:20
Request Successful!04-11 22:50:22
Request Successful!04-11 22:53:23
Request Successful!04-11 22:56:24
Request Successful!04-11 22:59:26
Request Successful!04-11 23:02:27
