Request Successful!06-07 15:39:36
Request Successful!06-07 15:42:38
Request Successful!06-07 15:45:41
Request Successful!06-07 15:48:43
Request Successful!06-07 15:51:45
Request Successful!06-07 15:54:47
Request Successful!06-07 15:57:50
New alert more than 5 minutes! See details below: 
CRITICAL
for 4m 5s
Check if we still can connect to ftp.sword.dbschenker.com host using ssh.
on
b2biprdxsr5.sl3.comp.db.de
CRITICAL : Server answer:
New alert more than 5 minutes! See details below: 
CRITICAL
for 4m 5s
Check if we still can connect to ftp.sword.dbschenker.com host using ssh.
on
b2biprdxsr7.sl3.comp.db.de
CRITICAL : Server answer:
New alert more than 5 minutes! See details below: 
CRITICAL
for 4m 5s
Check if we still can connect to ftp.sword.dbschenker.com host using ssh.
on
b2biprdxsr1.sl3.comp.db.de
CRITICAL : Server answer:
Request Successful!06-07 16:01:22
Request Successful!06-07 16:04:24
Request Successful!06-07 16:07:25
Request Successful!06-07 16:10:28
Request Successful!06-07 16:13:31
Request Successful!06-07 16:16:33
Request Successful!06-07 16:19:35
Request Successful!06-07 16:22:37
Request Successful!06-07 16:25:40
Request Successful!06-07 16:28:42
Request Successful!06-07 16:31:44
Request Successful!06-07 16:34:46
Request Successful!06-07 16:37:48
Request Successful!06-07 16:40:50
Request Successful!06-07 16:43:53
Request Successful!06-07 16:46:55
Request Successful!06-07 16:49:58
Request Successful!06-07 16:53:00
Request Successful!06-07 16:56:03
Request Successful!06-07 16:59:05
Request Successful!06-07 17:02:08
Request Successful!06-07 17:05:11
Request Successful!06-07 17:08:13
Request Successful!06-07 17:11:16
Request Successful!06-07 17:14:18
Request Successful!06-07 17:17:21
Request Successful!06-07 17:20:23
Request Successful!06-07 17:23:28
Request Successful!06-07 17:26:31
Request Successful!06-07 17:29:33
Request Successful!06-07 17:32:36
Request Successful!06-07 17:35:38
Request Successful!06-07 17:38:40
Request Successful!06-07 17:41:43
Request Successful!06-07 17:44:45
Request Successful!06-07 17:47:48
Request Successful!06-07 17:50:56
Request Successful!06-07 17:54:01
Request Successful!06-07 17:57:03
Request Successful!06-07 18:00:06
Request Successful!06-07 18:03:08
Request Successful!06-07 18:06:11
Request Successful!06-07 18:09:12
Request Successful!06-07 18:12:14
Request Successful!06-07 18:15:16
Request Successful!06-07 18:18:17
Request Successful!06-07 18:21:19
Request Successful!06-07 18:24:21
Request Successful!06-07 18:27:22
Request Successful!06-07 18:30:24
Request Successful!06-07 18:33:26
Request Successful!06-07 18:36:28
Request Successful!06-07 18:39:30
Request Successful!06-07 18:42:33
Request Successful!06-07 18:45:35
Request Successful!06-07 18:48:39
Request Successful!06-07 18:51:41
Request Successful!06-07 18:54:44
Request Successful!06-07 18:57:46
Request Successful!06-07 19:00:48
Request Successful!06-07 19:03:49
Request Successful!06-07 19:06:51
Request Successful!06-07 19:09:53
Request Successful!06-07 19:12:54
Request Successful!06-07 19:15:56
Request Successful!06-07 19:18:58
Request Successful!06-07 19:22:00
Request Successful!06-07 19:25:02
Request Successful!06-07 19:28:04
Request Successful!06-07 19:31:06
Request Successful!06-07 19:34:07
Request Successful!06-07 19:37:09
Request Successful!06-07 19:40:11
Request Successful!06-07 19:43:12
Request Successful!06-07 19:46:14
Request Successful!06-07 19:49:16
Request Successful!06-07 19:52:18
Request Successful!06-07 19:55:20
Request Successful!06-07 19:58:21
Request Successful!06-07 20:01:23
Request Successful!06-07 20:04:25
Request Successful!06-07 20:07:26
Request Successful!06-07 20:10:28
Request Successful!06-07 20:13:30
Request Successful!06-07 20:16:32
Request Successful!06-07 20:19:34
Request Successful!06-07 20:22:35
Request Successful!06-07 20:25:37
Request Successful!06-07 20:28:39
Request Successful!06-07 20:31:41
Request Successful!06-07 20:34:42
Request Successful!06-07 20:37:44
Request Successful!06-07 20:40:46
Request Successful!06-07 20:43:47
Request Successful!06-07 20:46:49
Request Successful!06-07 20:49:51
Request Successful!06-07 20:52:53
Request Successful!06-07 20:55:55
Request Successful!06-07 20:58:57
Request Successful!06-07 21:01:58
Request Successful!06-07 21:05:00
Request Successful!06-07 21:08:02
Request Successful!06-07 21:11:03
Request Successful!06-07 21:14:05
Request Successful!06-07 21:17:07
Request Successful!06-07 21:20:09
Request Successful!06-07 21:23:10
Request Successful!06-07 21:26:12
Request Successful!06-07 21:29:14
Request Successful!06-07 21:32:15
Request Successful!06-07 21:35:17
Request Successful!06-07 21:38:19
Request Successful!06-07 21:41:20
Request Successful!06-07 21:44:22
Request Successful!06-07 21:47:24
Request Successful!06-07 21:50:25
Request Successful!06-07 21:53:27
Request Successful!06-07 21:56:29
Request Successful!06-07 21:59:30
Request Successful!06-07 22:02:32
Request Successful!06-07 22:05:34
Request Successful!06-07 22:08:36
Request Successful!06-07 22:11:37
Request Successful!06-07 22:14:39
Request Successful!06-07 22:17:41
Request Successful!06-07 22:20:42
Request Successful!06-07 22:23:44
Request Successful!06-07 22:26:46
Request Successful!06-07 22:29:48
Request Successful!06-07 22:32:50
Request Successful!06-07 22:35:52
Request Successful!06-07 22:38:53
Request Successful!06-07 22:41:55
Request Successful!06-07 22:44:57
Request Successful!06-07 22:47:59
Request Successful!06-07 22:51:00
Request Successful!06-07 22:54:02
Request Successful!06-07 22:57:04
Request Successful!06-07 23:00:06
Request Successful!06-07 23:03:08
Request Successful!06-07 23:06:10
