Request Successful!08-16 16:46:47
Request Successful!08-16 16:49:48
Request Successful!08-16 16:52:51
Request Successful!08-16 16:55:52
Request Successful!08-16 16:58:53
Request Successful!08-16 17:01:55
Request Successful!08-16 17:04:56
Request Successful!08-16 17:07:58
Request Successful!08-16 17:10:59
Request Successful!08-16 17:14:00
Request Successful!08-16 17:17:02
Request Successful!08-16 17:20:03
Request Successful!08-16 17:23:05
Request Successful!08-16 17:26:06
Request Successful!08-16 17:29:07
Request Successful!08-16 17:32:09
Request Successful!08-16 17:35:10
Request Successful!08-16 17:38:12
Request Successful!08-16 17:41:13
Request Successful!08-16 17:44:14
Request Successful!08-16 17:47:16
Request Successful!08-16 17:50:17
Request Successful!08-16 17:53:18
Request Successful!08-16 17:56:20
Request Successful!08-16 17:59:21
Request Successful!08-16 18:02:22
Request Successful!08-16 18:05:24
Request Successful!08-16 18:08:25
Request Successful!08-16 18:11:26
Request Successful!08-16 18:14:28
Request Successful!08-16 18:17:29
Request Successful!08-16 18:20:30
Request Successful!08-16 18:23:32
Request Successful!08-16 18:26:33
Request Successful!08-16 18:29:34
Request Successful!08-16 18:32:36
Request Successful!08-16 18:35:37
Request Successful!08-16 18:38:39
Request Successful!08-16 18:41:40
Request Successful!08-16 18:44:42
Request Successful!08-16 18:47:43
Request Successful!08-16 18:50:44
Request Successful!08-16 18:53:46
Request Successful!08-16 18:56:47
Request Successful!08-16 18:59:49
Request Successful!08-16 19:02:50
Request Successful!08-16 19:05:51
Request Successful!08-16 19:08:53
Request Successful!08-16 19:11:54
Request Successful!08-16 19:14:55
Request Successful!08-16 19:17:57
Request Successful!08-16 19:20:58
Request Successful!08-16 19:24:00
Request Successful!08-16 19:27:01
Request Successful!08-16 19:30:03
Request Successful!08-16 19:33:04
Request Successful!08-16 19:36:06
Request Successful!08-16 19:39:07
New alert more than 5 minutes! See details below: 
CRITICAL
for 5m 56s
B2Bi queue health: "B2Bi CI HME - PROD_Framework_Parallel_001.Z_Local_402_Serial_Out_20_InhouseEnveloper(Inhouse)_4_SAG_ETGOIT_HM"
on
B2Bi Application Server - Stream 1B
CRITICAL - Queue "B2Bi CI HME - PROD_Framework_Parallel_001.Z_Local_402_Serial_Out_20_InhouseEnveloper(Inhouse)_4_SAG_ETGOIT_HM" ("hierchmessage_11217"/"queue_13"):
Request Successful!08-16 19:42:20
Request Successful!08-16 19:45:22
Request Successful!08-16 19:48:23
Request Successful!08-16 19:51:25
Request Successful!08-16 19:54:26
Request Successful!08-16 19:57:28
Request Successful!08-16 20:00:29
Request Successful!08-16 20:03:31
Request Successful!08-16 20:06:32
Request Successful!08-16 20:09:33
Request Successful!08-16 20:12:35
Request Successful!08-16 20:15:36
Request Successful!08-16 20:18:38
Request Successful!08-16 20:21:39
Request Successful!08-16 20:24:40
Request Successful!08-16 20:27:42
Request Successful!08-16 20:30:43
Request Successful!08-16 20:33:44
Request Successful!08-16 20:36:46
Request Successful!08-16 20:39:47
Request Successful!08-16 20:42:48
Request Successful!08-16 20:45:50
Request Successful!08-16 20:48:51
Request Successful!08-16 20:51:53
Request Successful!08-16 20:54:54
Request Successful!08-16 20:57:56
Request Successful!08-16 21:00:57
Request Successful!08-16 21:03:58
Request Successful!08-16 21:06:59
Request Successful!08-16 21:10:01
Request Successful!08-16 21:13:02
Request Successful!08-16 21:16:03
Request Successful!08-16 21:19:05
Request Successful!08-16 21:22:06
Request Successful!08-16 21:25:07
Request Successful!08-16 21:28:09
Request Successful!08-16 21:31:10
Request Successful!08-16 21:34:12
Request Successful!08-16 21:37:13
Request Successful!08-16 21:40:14
Request Successful!08-16 21:43:15
Request Successful!08-16 21:46:17
Request Successful!08-16 21:49:18
Request Successful!08-16 21:52:19
Request Successful!08-16 21:55:21
Request Successful!08-16 21:58:22
Request Successful!08-16 22:01:24
Request Successful!08-16 22:04:25
Request Successful!08-16 22:07:26
Request Successful!08-16 22:10:28
Request Successful!08-16 22:13:29
Request Successful!08-16 22:16:30
Request Successful!08-16 22:19:32
Request Successful!08-16 22:22:33
Request Successful!08-16 22:25:35
Request Successful!08-16 22:28:36
Request Successful!08-16 22:31:37
Request Successful!08-16 22:34:39
Request Successful!08-16 22:37:40
New alert more than 5 minutes! See details below: 
CRITICAL
for 3m 9s
Check size of queue "XQ.Schenker_US on "QM.SWORD"
on
MQM Server Production
CRITICAL - Queue depth exceeding critical limit
Request Successful!08-16 22:40:52
New alert more than 5 minutes! See details below: 
CRITICAL
for 6m 20s
Check size of queue "XQ.Schenker_US on "QM.SWORD"
on
MQM Server Production
CRITICAL - Queue depth exceeding critical limit
Request Successful!08-16 22:44:03
Request Successful!08-16 22:47:05
Request Successful!08-16 22:50:06
Request Successful!08-16 22:53:07
Request Successful!08-16 22:56:09
Request Successful!08-16 22:59:10
Request Successful!08-16 23:02:11
Request Successful!08-16 23:05:13
Request Successful!08-16 23:08:14
Request Successful!08-16 23:11:15
Request Successful!08-16 23:14:17
Request Successful!08-16 23:17:18
Request Successful!08-16 23:20:19
Request Successful!08-16 23:23:21
