Request Successful!11-10 15:33:47
Request Successful!11-10 15:36:49
Request Successful!11-10 15:39:50
Request Successful!11-10 15:42:52
Request Successful!11-10 15:45:53
Request Successful!11-10 15:48:55
Request Successful!11-10 15:51:56
Request Successful!11-10 15:54:58
Request Successful!11-10 15:58:00
Request Successful!11-10 16:01:02
Request Successful!11-10 16:04:04
Request Successful!11-10 16:07:06
Request Successful!11-10 16:10:08
Request Successful!11-10 16:13:10
Request Successful!11-10 16:16:12
Request Successful!11-10 16:19:14
Request Successful!11-10 16:22:16
Request Successful!11-10 16:25:18
Request Successful!11-10 16:28:20
Request Successful!11-10 16:31:22
Request Successful!11-10 16:34:24
Request Successful!11-10 16:37:26
Request Successful!11-10 16:40:27
Request Successful!11-10 16:43:29
Request Successful!11-10 16:46:31
Request Successful!11-10 16:49:33
Request Successful!11-10 16:52:35
Request Successful!11-10 16:55:37
Request Successful!11-10 16:58:39
Request Successful!11-10 17:01:41
Request Successful!11-10 17:04:43
Request Successful!11-10 17:07:45
Request Successful!11-10 17:10:47
Request Successful!11-10 17:13:49
Request Successful!11-10 17:16:51
Request Successful!11-10 17:19:53
Request Successful!11-10 17:22:55
Request Successful!11-10 17:25:57
Request Successful!11-10 17:28:59
New alert more than 5 minutes! See details below: 
CRITICAL
for 3m 20s
Check size of queue "XQ.CIS on "QM.SWORD"
on
MQM Server Production
CRITICAL - GET option not ENABLED
Request Successful!11-10 17:32:12
New alert more than 5 minutes! See details below: 
CRITICAL
for 6m 33s
Check size of queue "XQ.CIS on "QM.SWORD"
on
MQM Server Production
CRITICAL - GET option not ENABLED
Request Successful!11-10 17:35:24
Request Successful!11-10 17:38:27
Request Successful!11-10 17:41:29
Request Successful!11-10 17:44:31
Request Successful!11-10 17:47:32
Request Successful!11-10 17:50:35
Request Successful!11-10 17:53:37
Request Successful!11-10 17:56:39
Request Successful!11-10 17:59:41
Request Successful!11-10 18:02:43
Request Successful!11-10 18:05:45
Request Successful!11-10 18:08:47
Request Successful!11-10 18:11:49
Request Successful!11-10 18:14:50
Request Successful!11-10 18:17:52
Request Successful!11-10 18:20:54
Request Successful!11-10 18:23:55
Request Successful!11-10 18:26:57
check if there is a ticket. One critical alert is existed since 17:25
Request Successful!11-10 18:29:58
Request Successful!11-10 18:33:00
Request Successful!11-10 18:36:02
Request Successful!11-10 18:39:03
Request Successful!11-10 18:42:05
Request Successful!11-10 18:45:07
Request Successful!11-10 18:48:08
Request Successful!11-10 18:51:10
Request Successful!11-10 18:54:11
Request Successful!11-10 18:57:13
Request Successful!11-10 19:00:16
Request Successful!11-10 19:03:17
Request Successful!11-10 19:06:19
Request Successful!11-10 19:09:21
Request Successful!11-10 19:12:23
Request Successful!11-10 19:15:25
Request Successful!11-10 19:18:27
Request Successful!11-10 19:21:29
Request Successful!11-10 19:24:31
Request Successful!11-10 19:27:33
Request Successful!11-10 19:30:34
Request Successful!11-10 19:33:36
Request Successful!11-10 19:36:38
Request Successful!11-10 19:39:40
Request Successful!11-10 19:42:42
Request Successful!11-10 19:45:43
Request Successful!11-10 19:48:45
Request Successful!11-10 19:51:47
Request Successful!11-10 19:54:49
Request Successful!11-10 19:57:51
Request Successful!11-10 20:00:54
Request Successful!11-10 20:03:55
Request Successful!11-10 20:06:57
Request Successful!11-10 20:09:59
Request Successful!11-10 20:13:01
Request Successful!11-10 20:16:03
Request Successful!11-10 20:19:04
Request Successful!11-10 20:22:06
Request Successful!11-10 20:25:08
Request Successful!11-10 20:28:10
Request Successful!11-10 20:31:12
Request Successful!11-10 20:34:14
Request Successful!11-10 20:37:16
Request Successful!11-10 20:40:18
Request Successful!11-10 20:43:19
Request Successful!11-10 20:46:21
Request Successful!11-10 20:49:23
Request Successful!11-10 20:52:25
Request Successful!11-10 20:55:27
Request Successful!11-10 20:58:29
Request Successful!11-10 21:01:30
Request Successful!11-10 21:04:32
Request Successful!11-10 21:07:34
Request Successful!11-10 21:10:36
Request Successful!11-10 21:13:38
Request Successful!11-10 21:16:40
Request Successful!11-10 21:19:42
Request Successful!11-10 21:22:44
Request Successful!11-10 21:25:46
Request Successful!11-10 21:28:48
Request Successful!11-10 21:31:50
Request Successful!11-10 21:34:52
Request Successful!11-10 21:37:53
Request Successful!11-10 21:40:55
Request Successful!11-10 21:43:57
Request Successful!11-10 21:46:59
Request Successful!11-10 21:50:01
Request Successful!11-10 21:53:02
Request Successful!11-10 21:56:04
Request Successful!11-10 21:59:06
Request Successful!11-10 22:02:08
Request Successful!11-10 22:05:10
Request Successful!11-10 22:08:12
Request Successful!11-10 22:11:13
Request Successful!11-10 22:14:15
Request Successful!11-10 22:17:17
Request Successful!11-10 22:20:19
Request Successful!11-10 22:23:20
Request Successful!11-10 22:26:22
Request Successful!11-10 22:29:24
Request Successful!11-10 22:32:26
Request Successful!11-10 22:35:27
Request Successful!11-10 22:38:29
Request Successful!11-10 22:41:31
Request Successful!11-10 22:44:32
Request Successful!11-10 22:47:34
Request Successful!11-10 22:50:36
Request Successful!11-10 22:53:37
Request Successful!11-10 22:56:39
Request Successful!11-10 22:59:41
Request Successful!11-10 23:02:42
Request Successful!11-10 23:05:44
Request Successful!11-10 23:08:45
Request Successful!11-10 23:11:47
