Request Successful!08-22 15:35:59
Request Successful!08-22 15:39:01
Request Successful!08-22 15:42:03
Request Successful!08-22 15:45:05
Request Successful!08-22 15:48:07
Request Successful!08-22 15:51:09
Request Successful!08-22 15:54:11
Request Successful!08-22 15:57:12
Request Successful!08-22 16:00:14
Request Successful!08-22 16:03:16
Request Successful!08-22 16:06:18
Request Successful!08-22 16:09:19
Request Successful!08-22 16:12:21
Request Successful!08-22 16:15:23
Request Successful!08-22 16:18:25
Request Successful!08-22 16:21:26
Request Successful!08-22 16:24:27
Request Successful!08-22 16:27:29
Request Successful!08-22 16:30:31
Request Successful!08-22 16:33:32
Request Successful!08-22 16:36:33
Request Successful!08-22 16:39:35
Request Successful!08-22 16:42:38
Request Successful!08-22 16:45:39
Request Successful!08-22 16:48:40
Request Successful!08-22 16:51:42
Request Successful!08-22 16:54:43
Request Successful!08-22 16:57:44
Request Successful!08-22 17:00:46
Request Successful!08-22 17:03:47
Request Successful!08-22 17:06:48
Request Successful!08-22 17:09:50
Request Successful!08-22 17:12:51
Request Successful!08-22 17:15:53
Request Successful!08-22 17:18:54
Request Successful!08-22 17:21:56
Request Successful!08-22 17:24:57
Request Successful!08-22 17:27:59
Request Successful!08-22 17:31:00
Request Successful!08-22 17:34:02
Request Successful!08-22 17:37:03
Request Successful!08-22 17:40:05
Request Successful!08-22 17:43:06
Request Successful!08-22 17:46:08
Request Successful!08-22 17:49:09
New alert more than 5 minutes! See details below: 
CRITICAL
for 3m 35s
B2Bi queue health: "B2Bi CI HME - PROD_Framework_Parallel_001.Z_Local_402_Serial_Out_20_InhouseEnveloper(Inhouse)_4_SAG_ETGOIT_HM"
on
B2Bi Application Server - Stream 1B
CRITICAL - Queue "B2Bi CI HME - PROD_Framework_Parallel_001.Z_Local_402_Serial_Out_20_InhouseEnveloper(Inhouse)_4_SAG_ETGOIT_HM" ("hierchmessage_11217"/"queue_13"):
Request Successful!08-22 17:52:22
New alert more than 5 minutes! See details below: 
CRITICAL
for 6m 48s
B2Bi queue health: "B2Bi CI HME - PROD_Framework_Parallel_001.Z_Local_402_Serial_Out_20_InhouseEnveloper(Inhouse)_4_SAG_ETGOIT_HM"
on
B2Bi Application Server - Stream 1B
CRITICAL - Queue "B2Bi CI HME - PROD_Framework_Parallel_001.Z_Local_402_Serial_Out_20_InhouseEnveloper(Inhouse)_4_SAG_ETGOIT_HM" ("hierchmessage_11217"/"queue_13"):
Request Successful!08-22 17:55:34
Request Successful!08-22 17:58:36
Request Successful!08-22 18:01:37
Request Successful!08-22 18:04:38
Request Successful!08-22 18:07:40
Request Successful!08-22 18:10:41
Request Successful!08-22 18:13:43
Request Successful!08-22 18:16:44
Request Successful!08-22 18:19:46
Request Successful!08-22 18:22:47
Request Successful!08-22 18:25:49
Request Successful!08-22 18:28:50
Request Successful!08-22 18:31:52
New alert more than 5 minutes! See details below: 
CRITICAL
for 3m 59s
B2Bi queue health: "B2Bi CI HME - PROD_Framework_Parallel_001.101_Parallel_Inb_10_FetchRef_HM"
on
B2Bi Application Server - Stream 3E (Multicluster)
CRITICAL - Queue "B2Bi CI HME - PROD_Framework_Parallel_001.101_Parallel_Inb_10_FetchRef_HM" ("hierchmessage_9799"/"queue_16"):
Request Successful!08-22 18:35:03
Request Successful!08-22 18:38:04
Request Successful!08-22 18:41:06
Request Successful!08-22 18:44:07
Request Successful!08-22 18:47:09
Request Successful!08-22 18:50:11
Request Successful!08-22 18:53:13
Request Successful!08-22 18:56:14
Request Successful!08-22 18:59:15
Request Successful!08-22 19:02:18
Request Successful!08-22 19:05:19
Request Successful!08-22 19:08:21
Request Successful!08-22 19:11:22
Request Successful!08-22 19:14:23
HTTPSConnectionPool(host='b2biprddep1.sl3.comp.db.de', port=443): Max retries exceeded with url: /icingaweb2/monitoring/list/services?service_problem=1&sort=service_severity&dir=desc (Caused by SSLError(SSLEOFError(8, '[SSL: UNEXPECTED_EOF_WHILE_READING] EOF occurred in violation of protocol (_ssl.c:1006)')))
Request Successful!08-22 19:21:00
Request Successful!08-22 19:24:02
Request Successful!08-22 19:27:03
Request Successful!08-22 19:30:05
Request Successful!08-22 19:33:06
Request Successful!08-22 19:36:08
Request Successful!08-22 19:39:09
Request Successful!08-22 19:42:11
Request Successful!08-22 19:45:12
Request Successful!08-22 19:48:14
New alert more than 5 minutes! See details below: 
CRITICAL
for 4m 53s
B2Bi queue health: "B2Bi CI HME - PROD_Framework_Parallel_001.101_Parallel_Dyn_10_ExecuteMasterDynMBC_HM"
on
B2Bi Application Server - Stream 3F (Multicluster)
CRITICAL - Queue "B2Bi CI HME - PROD_Framework_Parallel_001.101_Parallel_Dyn_10_ExecuteMasterDynMBC_HM" ("hierchmessage_9931"/"queue_16"):
Request Successful!08-22 19:51:25
Request Successful!08-22 19:54:27
Request Successful!08-22 19:57:28
Request Successful!08-22 20:00:30
New alert more than 5 minutes! See details below: 
CRITICAL
for 3m 10s
B2Bi queue health: "B2Bi CI HME - PROD_Framework_Parallel_001.Z_Local_402_CASE_DetermineTrunk_HM"
on
B2Bi Application Server - Stream 1B
CRITICAL - Queue "B2Bi CI HME - PROD_Framework_Parallel_001.Z_Local_402_CASE_DetermineTrunk_HM" ("hierchmessage_7542"/"queue_13"):
New alert more than 5 minutes! See details below: 
CRITICAL
for 3m 25s
B2Bi queue health: "B2Bi CI HME - PROD_Framework_Parallel_001.Z_Local_402_Serial_Out_20_InhouseEnveloper(Inhouse)_4_SAG_ETGOIT_HM"
on
B2Bi Application Server - Stream 1B
CRITICAL - Queue "B2Bi CI HME - PROD_Framework_Parallel_001.Z_Local_402_Serial_Out_20_InhouseEnveloper(Inhouse)_4_SAG_ETGOIT_HM" ("hierchmessage_11217"/"queue_13"):
Request Successful!08-22 20:03:51
Request Successful!08-22 20:06:52
Request Successful!08-22 20:09:53
Request Successful!08-22 20:12:55
Request Successful!08-22 20:15:56
Request Successful!08-22 20:18:57
Request Successful!08-22 20:21:59
New alert more than 5 minutes! See details below: 
CRITICAL
for 5m 37s
B2Bi queue health: "B2Bi CI HME - PROD_Framework_Parallel_001.Z_Local_402_Serial_Out_20_InhouseEnveloper(Inhouse)_4_SAG_ETGOIT_HM"
on
B2Bi Application Server - Stream 1B
CRITICAL - Queue "B2Bi CI HME - PROD_Framework_Parallel_001.Z_Local_402_Serial_Out_20_InhouseEnveloper(Inhouse)_4_SAG_ETGOIT_HM" ("hierchmessage_11217"/"queue_13"):
Request Successful!08-22 20:25:10
Request Successful!08-22 20:28:11
Request Successful!08-22 20:31:12
Request Successful!08-22 20:34:14
New alert more than 5 minutes! See details below: 
CRITICAL
for 5m 56s
B2Bi queue health: "B2Bi CI HME - PROD_Framework_Parallel_001.101_Parallel_Inb_10_FetchRef_HM"
on
B2Bi Application Server - Stream 3E (Multicluster)
CRITICAL - Queue "B2Bi CI HME - PROD_Framework_Parallel_001.101_Parallel_Inb_10_FetchRef_HM" ("hierchmessage_9799"/"queue_16"):
Request Successful!08-22 20:37:25
Request Successful!08-22 20:40:26
Request Successful!08-22 20:43:28
Request Successful!08-22 20:46:29
Request Successful!08-22 20:49:30
Request Successful!08-22 20:52:31
Request Successful!08-22 20:55:33
Request Successful!08-22 20:58:34
Request Successful!08-22 21:01:36
Request Successful!08-22 21:04:37
Request Successful!08-22 21:07:38
Request Successful!08-22 21:10:39
Request Successful!08-22 21:13:41
New alert more than 5 minutes! See details below: 
CRITICAL
for 4m 23s
B2Bi queue health: "B2Bi CI HME - PROD_Framework_Parallel_001.101_Parallel_Dyn_10_ExecuteMasterDynMBC_HM"
on
B2Bi Application Server - Stream 3F (Multicluster)
CRITICAL - Queue "B2Bi CI HME - PROD_Framework_Parallel_001.101_Parallel_Dyn_10_ExecuteMasterDynMBC_HM" ("hierchmessage_9931"/"queue_16"):
Request Successful!08-22 21:16:52
Request Successful!08-22 21:19:54
Request Successful!08-22 21:22:55
Request Successful!08-22 21:25:56
New alert more than 5 minutes! See details below: 
CRITICAL
for 5m 10s
B2Bi queue health: "B2Bi CI HME - PROD_Framework_Parallel_001.401_SerialSTD_Dyn_10_ExecuteMasterDynMBC_HM"
on
B2Bi Application Server - Stream 1C
CRITICAL - Queue "B2Bi CI HME - PROD_Framework_Parallel_001.401_SerialSTD_Dyn_10_ExecuteMasterDynMBC_HM" ("hierchmessage_7335"/"queue_13"):
Request Successful!08-22 21:29:07
Request Successful!08-22 21:32:09
Request Successful!08-22 21:35:10
Request Successful!08-22 21:38:11
Request Successful!08-22 21:41:12
Request Successful!08-22 21:44:14
Request Successful!08-22 21:47:15
Request Successful!08-22 21:50:16
Request Successful!08-22 21:53:18
Request Successful!08-22 21:56:20
Request Successful!08-22 21:59:21
Request Successful!08-22 22:02:23
Request Successful!08-22 22:05:25
Request Successful!08-22 22:08:27
Request Successful!08-22 22:11:28
Request Successful!08-22 22:14:30
Request Successful!08-22 22:17:32
Request Successful!08-22 22:20:34
Request Successful!08-22 22:23:35
Request Successful!08-22 22:26:37
Request Successful!08-22 22:29:39
Request Successful!08-22 22:32:41
Request Successful!08-22 22:35:42
Request Successful!08-22 22:38:44
Request Successful!08-22 22:41:45
Request Successful!08-22 22:44:47
Request Successful!08-22 22:47:49
Request Successful!08-22 22:50:50
Request Successful!08-22 22:53:52
Request Successful!08-22 22:56:53
Request Successful!08-22 22:59:54
Request Successful!08-22 23:02:55
Request Successful!08-22 23:05:57
Request Successful!08-22 23:08:58
Request Successful!08-22 23:12:00
Request Successful!08-22 23:15:01
Request Successful!08-22 23:18:02
Request Successful!08-22 23:21:04
Request Successful!08-22 23:24:05
