Request Successful!06-09 15:30:53
Request Successful!06-09 15:33:54
Request Successful!06-09 15:36:56
Request Successful!06-09 15:39:58
Request Successful!06-09 15:42:59
Request Successful!06-09 15:46:01
Request Successful!06-09 15:49:03
Request Successful!06-09 15:52:04
Request Successful!06-09 15:55:06
Request Successful!06-09 15:58:08
Request Successful!06-09 16:01:10
Request Successful!06-09 16:04:11
Request Successful!06-09 16:07:13
Request Successful!06-09 16:10:15
Request Successful!06-09 16:13:17
Request Successful!06-09 16:16:19
Request Successful!06-09 16:19:21
Request Successful!06-09 16:22:23
Request Successful!06-09 16:25:24
Request Successful!06-09 16:28:26
Request Successful!06-09 16:31:28
Request Successful!06-09 16:34:30
Request Successful!06-09 16:37:31
Request Successful!06-09 16:40:33
Request Successful!06-09 16:43:35
Request Successful!06-09 16:46:37
Request Successful!06-09 16:49:38
Request Successful!06-09 16:52:40
Request Successful!06-09 16:55:42
Request Successful!06-09 16:58:44
Request Successful!06-09 17:01:46
Request Successful!06-09 17:04:48
Request Successful!06-09 17:07:49
Request Successful!06-09 17:10:51
Request Successful!06-09 17:13:53
Request Successful!06-09 17:16:54
Request Successful!06-09 17:19:57
Request Successful!06-09 17:22:59
Request Successful!06-09 17:26:02
Request Successful!06-09 17:29:04
Request Successful!06-09 17:32:07
Request Successful!06-09 17:35:09
Request Successful!06-09 17:38:12
Request Successful!06-09 17:41:14
Request Successful!06-09 17:44:17
Request Successful!06-09 17:47:19
Request Successful!06-09 17:50:22
Request Successful!06-09 17:53:24
Request Successful!06-09 17:56:27
Request Successful!06-09 17:59:30
Request Successful!06-09 18:02:32
Request Successful!06-09 18:05:35
Request Successful!06-09 18:08:37
Request Successful!06-09 18:11:40
Request Successful!06-09 18:14:42
Request Successful!06-09 18:17:45
Request Successful!06-09 18:20:48
Request Successful!06-09 18:23:50
Request Successful!06-09 18:26:53
Request Successful!06-09 18:29:55
Request Successful!06-09 18:32:58
Request Successful!06-09 18:36:01
Request Successful!06-09 18:39:03
Request Successful!06-09 18:42:06
Request Successful!06-09 18:45:08
Request Successful!06-09 18:48:11
Request Successful!06-09 18:51:14
Request Successful!06-09 18:54:16
Request Successful!06-09 18:57:19
Request Successful!06-09 19:00:21
Request Successful!06-09 19:03:24
Request Successful!06-09 19:06:26
Request Successful!06-09 19:09:29
Request Successful!06-09 19:12:31
Request Successful!06-09 19:15:33
Request Successful!06-09 19:18:36
Request Successful!06-09 19:21:38
Request Successful!06-09 19:24:41
Request Successful!06-09 19:27:43
Request Successful!06-09 19:30:46
Request Successful!06-09 19:33:48
Request Successful!06-09 19:36:51
Request Successful!06-09 19:39:53
Request Successful!06-09 19:42:56
Request Successful!06-09 19:45:59
Request Successful!06-09 19:49:01
Request Successful!06-09 19:52:04
Request Successful!06-09 19:55:06
Request Successful!06-09 19:58:09
Request Successful!06-09 20:01:12
Request Successful!06-09 20:04:14
Request Successful!06-09 20:07:17
Request Successful!06-09 20:10:19
Request Successful!06-09 20:13:22
Request Successful!06-09 20:16:25
Request Successful!06-09 20:19:27
Request Successful!06-09 20:22:30
Request Successful!06-09 20:25:32
Request Successful!06-09 20:28:35
Request Successful!06-09 20:31:38
Request Successful!06-09 20:34:40
Request Successful!06-09 20:37:43
Request Successful!06-09 20:40:45
Request Successful!06-09 20:43:48
Request Successful!06-09 20:46:50
Request Successful!06-09 20:49:53
Request Successful!06-09 20:52:55
Request Successful!06-09 20:55:58
Request Successful!06-09 20:59:01
Request Successful!06-09 21:02:03
Request Successful!06-09 21:05:06
Request Successful!06-09 21:08:08
Request Successful!06-09 21:11:11
Request Successful!06-09 21:14:14
Request Successful!06-09 21:17:16
Request Successful!06-09 21:20:19
Request Successful!06-09 21:23:21
Request Successful!06-09 21:26:24
Request Successful!06-09 21:29:27
Request Successful!06-09 21:32:29
Request Successful!06-09 21:35:32
Request Successful!06-09 21:38:34
Request Successful!06-09 21:41:37
Request Successful!06-09 21:44:39
Request Successful!06-09 21:47:42
Request Successful!06-09 21:50:45
Request Successful!06-09 21:53:47
Request Successful!06-09 21:56:50
Request Successful!06-09 21:59:52
Request Successful!06-09 22:02:55
Request Successful!06-09 22:05:57
Request Successful!06-09 22:09:00
Request Successful!06-09 22:12:02
Request Successful!06-09 22:15:04
Request Successful!06-09 22:18:07
Request Successful!06-09 22:21:09
Request Successful!06-09 22:24:12
Request Successful!06-09 22:27:14
Request Successful!06-09 22:30:17
Request Successful!06-09 22:33:19
Request Successful!06-09 22:36:22
Request Successful!06-09 22:39:24
Request Successful!06-09 22:42:27
Request Successful!06-09 22:45:30
Request Successful!06-09 22:48:32
Request Successful!06-09 22:51:35
Request Successful!06-09 22:54:37
New alert more than 5 minutes! See details below: 
CRITICAL
for 5m 25s
B2Bi queue health: "B2Bi CI HME - PROD_Framework_Parallel_001.101_Parallel_Inb_10_FetchRef_HM"
on
B2Bi Application Server - Stream 3B (Multicluster)
CRITICAL - Queue "B2Bi CI HME - PROD_Framework_Parallel_001.101_Parallel_Inb_10_FetchRef_HM" ("hierchmessage_9799"/"queue_16"):
Request Successful!06-09 22:57:51
Request Successful!06-09 23:00:53
Request Successful!06-09 23:03:56
Request Successful!06-09 23:06:58
