Request Successful!01-23 17:03:08
Request Successful!01-23 17:04:10
Request Successful!01-23 17:05:13
Request Successful!01-23 17:06:17
Request Successful!01-23 17:07:19
Request Successful!01-23 17:08:20
Request Successful!01-23 17:09:22
Request Successful!01-23 17:10:23
Request Successful!01-23 17:11:25
Request Successful!01-23 17:12:27
Request Successful!01-23 17:13:30
Request Successful!01-23 17:14:31
Request Successful!01-23 17:15:33
Request Successful!01-23 17:16:34
Request Successful!01-23 17:17:36
Request Successful!01-23 17:18:38
Request Successful!01-23 17:19:39
Request Successful!01-23 17:20:41
Request Successful!01-23 17:21:42
Request Successful!01-23 17:22:44
Request Successful!01-23 17:23:45
Request Successful!01-23 17:24:47
Request Successful!01-23 17:25:49
Request Successful!01-23 17:26:50
Request Successful!01-23 17:27:52
Request Successful!01-23 17:28:53
Request Successful!01-23 17:29:55
Request Successful!01-23 17:30:56
Request Successful!01-23 17:31:58
Request Successful!01-23 17:33:00
Request Successful!01-23 17:34:01
Request Successful!01-23 17:35:03
Request Successful!01-23 17:36:04
Request Successful!01-23 17:37:06
Request Successful!01-23 17:38:07
Request Successful!01-23 17:39:09
Request Successful!01-23 17:40:13
Request Successful!01-23 17:41:14
Request Successful!01-23 17:42:16
Request Successful!01-23 17:43:18
Request Successful!01-23 17:44:19
Request Successful!01-23 17:45:21
Request Successful!01-23 17:46:22
Request Successful!01-23 17:47:24
HTTPSConnectionPool(host='b2biprddep1.sl3.comp.db.de', port=443): Max retries exceeded with url: /icingaweb2/monitoring/list/services?service_problem=1&sort=service_severity&dir=desc (Caused by SSLError(SSLEOFError(8, '[SSL: UNEXPECTED_EOF_WHILE_READING] EOF occurred in violation of protocol (_ssl.c:1006)')))
Request Successful!01-23 17:49:31
Request Successful!01-23 17:50:33
New alert more than 5 minutes! See details below: 
CRITICAL
for 1m 57s
B2Bi queue health: "B2Bi CI HME - PROD_Framework_Parallel_001.Z_Local_402_Serial_Out_20_InhouseEnveloper(Inhouse)_4_SAG_ETGOIT_HM"
on
B2Bi Application Server - Stream 1B
CRITICAL - Queue "B2Bi CI HME - PROD_Framework_Parallel_001.Z_Local_402_Serial_Out_20_InhouseEnveloper(Inhouse)_4_SAG_ETGOIT_HM" ("hierchmessage_11217"/"queue_13"):
Request Successful!01-23 17:51:45
Request Successful!01-23 17:52:46
Request Successful!01-23 17:53:49
Request Successful!01-23 17:54:50
Request Successful!01-23 17:55:52
Request Successful!01-23 17:56:54
Request Successful!01-23 17:57:55
Request Successful!01-23 17:58:57
Request Successful!01-23 17:59:59
Request Successful!01-23 18:01:00
Request Successful!01-23 18:02:02
Request Successful!01-23 18:03:03
Request Successful!01-23 18:04:05
Request Successful!01-23 18:05:07
Request Successful!01-23 18:06:08
Request Successful!01-23 18:07:10
Request Successful!01-23 18:08:11
Request Successful!01-23 18:09:13
Request Successful!01-23 18:10:14
Request Successful!01-23 18:11:16
Request Successful!01-23 18:12:17
Request Successful!01-23 18:13:19
Request Successful!01-23 18:14:21
Request Successful!01-23 18:15:22
Request Successful!01-23 18:16:24
Request Successful!01-23 18:17:25
Request Successful!01-23 18:18:27
Request Successful!01-23 18:19:28
Request Successful!01-23 18:20:30
Request Successful!01-23 18:21:32
Request Successful!01-23 18:22:33
Request Successful!01-23 18:23:35
Request Successful!01-23 18:24:36
Request Successful!01-23 18:25:38
Request Successful!01-23 18:26:40
Request Successful!01-23 18:27:41
Request Successful!01-23 18:28:43
Request Successful!01-23 18:29:45
Request Successful!01-23 18:30:46
Request Successful!01-23 18:31:48
Request Successful!01-23 18:32:50
Request Successful!01-23 18:33:51
Request Successful!01-23 18:34:53
Request Successful!01-23 18:35:54
Request Successful!01-23 18:36:56
Request Successful!01-23 18:37:57
Request Successful!01-23 18:38:59
Request Successful!01-23 18:40:00
Request Successful!01-23 18:41:02
Request Successful!01-23 18:42:04
Request Successful!01-23 18:43:05
Request Successful!01-23 18:44:07
Request Successful!01-23 18:45:08
Request Successful!01-23 18:46:10
Request Successful!01-23 18:47:12
Request Successful!01-23 18:48:13
Request Successful!01-23 18:49:15
Request Successful!01-23 18:50:16
Request Successful!01-23 18:51:18
Request Successful!01-23 18:52:19
Request Successful!01-23 18:53:21
Request Successful!01-23 18:54:22
Request Successful!01-23 18:55:24
Request Successful!01-23 18:56:26
Request Successful!01-23 18:57:27
Request Successful!01-23 18:58:29
Request Successful!01-23 18:59:30
Request Successful!01-23 19:00:32
Request Successful!01-23 19:01:34
Request Successful!01-23 19:02:35
Request Successful!01-23 19:03:37
Request Successful!01-23 19:04:39
Request Successful!01-23 19:05:40
Request Successful!01-23 19:06:42
Request Successful!01-23 19:07:43
Request Successful!01-23 19:08:44
Request Successful!01-23 19:09:46
Request Successful!01-23 19:10:47
Request Successful!01-23 19:11:49
Request Successful!01-23 19:12:50
Request Successful!01-23 19:13:51
Request Successful!01-23 19:14:53
Request Successful!01-23 19:15:54
Request Successful!01-23 19:16:56
Request Successful!01-23 19:17:57
Request Successful!01-23 19:18:58
Request Successful!01-23 19:20:00
Request Successful!01-23 19:21:01
Request Successful!01-23 19:22:02
Request Successful!01-23 19:23:04
Request Successful!01-23 19:24:05
Request Successful!01-23 19:25:06
Request Successful!01-23 19:26:08
Request Successful!01-23 19:27:09
Request Successful!01-23 19:28:11
Request Successful!01-23 19:29:12
Request Successful!01-23 19:30:14
Request Successful!01-23 19:31:15
Request Successful!01-23 19:32:16
Request Successful!01-23 19:33:18
Request Successful!01-23 19:34:19
Request Successful!01-23 19:35:21
Request Successful!01-23 19:36:22
Request Successful!01-23 19:37:24
Request Successful!01-23 19:38:25
Request Successful!01-23 19:39:26
Request Successful!01-23 19:40:28
Request Successful!01-23 19:41:29
Request Successful!01-23 19:42:31
Request Successful!01-23 19:43:32
Request Successful!01-23 19:44:34
Request Successful!01-23 19:45:35
Request Successful!01-23 19:46:36
Request Successful!01-23 19:47:38
Request Successful!01-23 19:48:39
Request Successful!01-23 19:49:40
Request Successful!01-23 19:50:42
Request Successful!01-23 19:51:43
Request Successful!01-23 19:52:44
Request Successful!01-23 19:53:46
Request Successful!01-23 19:54:47
Request Successful!01-23 19:55:49
Request Successful!01-23 19:56:50
Request Successful!01-23 19:57:52
Request Successful!01-23 19:58:53
Request Successful!01-23 19:59:55
Request Successful!01-23 20:00:56
Request Successful!01-23 20:01:58
Request Successful!01-23 20:02:59
Request Successful!01-23 20:04:01
Request Successful!01-23 20:05:02
Request Successful!01-23 20:06:04
Request Successful!01-23 20:07:05
Request Successful!01-23 20:08:07
Request Successful!01-23 20:09:09
Request Successful!01-23 20:10:10
Request Successful!01-23 20:11:12
Request Successful!01-23 20:12:13
Request Successful!01-23 20:13:15
Request Successful!01-23 20:14:16
Request Successful!01-23 20:15:18
Request Successful!01-23 20:16:19
Request Successful!01-23 20:17:21
Request Successful!01-23 20:18:23
Request Successful!01-23 20:19:24
Request Successful!01-23 20:20:26
Request Successful!01-23 20:21:27
Request Successful!01-23 20:22:29
Request Successful!01-23 20:23:30
Request Successful!01-23 20:24:32
Request Successful!01-23 20:25:34
Request Successful!01-23 20:26:35
Request Successful!01-23 20:27:37
Request Successful!01-23 20:28:38
Request Successful!01-23 20:29:40
Request Successful!01-23 20:30:42
Request Successful!01-23 20:31:43
New alert more than 5 minutes! See details below: 
CRITICAL
for 1m 8s
Soft 1/2
B2Bi queue health: "B2Bi Logger 19"
on
B2Bi Application Server - Stream 1A
CRITICAL - Queue "B2Bi Logger 19" ("logger_12913"/"queue_13"):
Request Successful!01-23 20:32:54
Request Successful!01-23 20:33:56
Request Successful!01-23 20:34:58
Request Successful!01-23 20:35:59
Request Successful!01-23 20:37:01
New alert more than 5 minutes! See details below: 
CRITICAL
for 1m 41s
Soft 1/2
B2Bi queue health: "B2Bi CI HME - PROD_Framework_Parallel_001.201_Serial_Dyn_10_ExecuteMasterDynMBC_HM"
on
B2Bi Application Server - Stream 1A
CRITICAL - Queue "B2Bi CI HME - PROD_Framework_Parallel_001.201_Serial_Dyn_10_ExecuteMasterDynMBC_HM" ("hierchmessage_2215"/"queue_13"):
Request Successful!01-23 20:38:12
New alert more than 5 minutes! See details below: 
CRITICAL
for 1m 38s
Soft 1/2
B2Bi queue health: "B2Bi Logger 13"
on
B2Bi Application Server - Stream 3D (Multicluster)
CRITICAL - Queue "B2Bi Logger 13" ("logger_1034"/"queue_16"):
Request Successful!01-23 20:39:24
Request Successful!01-23 20:40:26
Request Successful!01-23 20:41:27
Request Successful!01-23 20:42:29
Request Successful!01-23 20:43:31
Request Successful!01-23 20:44:32
Request Successful!01-23 20:45:34
Request Successful!01-23 20:46:35
Request Successful!01-23 20:47:37
Request Successful!01-23 20:48:40
New alert more than 5 minutes! See details below: 
CRITICAL
for 1m 50s
Soft 1/2
B2Bi queue health: "B2Bi Logger 14"
on
B2Bi Application Server - Stream 3D (Multicluster)
CRITICAL - Queue "B2Bi Logger 14" ("logger_1036"/"queue_16"):
Request Successful!01-23 20:49:51
Request Successful!01-23 20:50:53
Request Successful!01-23 20:51:55
Request Successful!01-23 20:52:56
Request Successful!01-23 20:53:58
Request Successful!01-23 20:54:59
Request Successful!01-23 20:56:01
Request Successful!01-23 20:57:02
Request Successful!01-23 20:58:04
Request Successful!01-23 20:59:06
Request Successful!01-23 21:00:07
Request Successful!01-23 21:01:09
Request Successful!01-23 21:02:10
Request Successful!01-23 21:03:12
Request Successful!01-23 21:04:14
Request Successful!01-23 21:05:15
Request Successful!01-23 21:06:17
Request Successful!01-23 21:07:18
Request Successful!01-23 21:08:20
Request Successful!01-23 21:09:22
Request Successful!01-23 21:10:23
Request Successful!01-23 21:11:25
Request Successful!01-23 21:12:27
Request Successful!01-23 21:13:28
Request Successful!01-23 21:14:30
Request Successful!01-23 21:15:31
Request Successful!01-23 21:16:33
Request Successful!01-23 21:17:34
Request Successful!01-23 21:18:36
Request Successful!01-23 21:19:37
Request Successful!01-23 21:20:39
Request Successful!01-23 21:21:41
Request Successful!01-23 21:22:42
Request Successful!01-23 21:23:44
Request Successful!01-23 21:24:45
Request Successful!01-23 21:25:47
Request Successful!01-23 21:26:48
Request Successful!01-23 21:27:50
Request Successful!01-23 21:28:52
Request Successful!01-23 21:29:53
Request Successful!01-23 21:30:55
Request Successful!01-23 21:31:57
Request Successful!01-23 21:32:58
Request Successful!01-23 21:34:00
Request Successful!01-23 21:35:01
Request Successful!01-23 21:36:03
Request Successful!01-23 21:37:05
New alert more than 5 minutes! See details below: 
CRITICAL
for 1m 48s
Soft 1/2
B2Bi queue health: "B2Bi CI HME - PROD_Framework_Parallel_001.201_Serial_Dyn_10_ExecuteMasterDynMBC_HM"
on
B2Bi Application Server - Stream 1A
CRITICAL - Queue "B2Bi CI HME - PROD_Framework_Parallel_001.201_Serial_Dyn_10_ExecuteMasterDynMBC_HM" ("hierchmessage_2215"/"queue_13"):
Request Successful!01-23 21:38:16
Request Successful!01-23 21:39:18
Request Successful!01-23 21:40:19
Request Successful!01-23 21:41:21
Request Successful!01-23 21:42:22
Request Successful!01-23 21:43:24
Request Successful!01-23 21:44:26
Request Successful!01-23 21:45:27
Request Successful!01-23 21:46:29
Request Successful!01-23 21:47:30
New alert more than 5 minutes! See details below: 
CRITICAL
for 1m 37s
Soft 1/2
B2Bi queue health: "B2Bi CI HME - PROD_Framework_Parallel_001.Z_Local_202_Serial_Dyn_10_ExecuteMasterDynMBC_HM"
on
B2Bi Application Server - Stream 1C
CRITICAL - Queue "B2Bi CI HME - PROD_Framework_Parallel_001.Z_Local_202_Serial_Dyn_10_ExecuteMasterDynMBC_HM" ("hierchmessage_7365"/"queue_13"):
Request Successful!01-23 21:48:42
Request Successful!01-23 21:49:44
Request Successful!01-23 21:50:45
Request Successful!01-23 21:51:46
Request Successful!01-23 21:52:48
Request Successful!01-23 21:53:49
Request Successful!01-23 21:54:51
Request Successful!01-23 21:55:52
Request Successful!01-23 21:56:54
Request Successful!01-23 21:57:56
Request Successful!01-23 21:58:57
Request Successful!01-23 21:59:59
Request Successful!01-23 22:01:00
Request Successful!01-23 22:02:02
New alert more than 5 minutes! See details below: 
CRITICAL
for 1m 15s
Soft 1/2
B2Bi queue health: "B2Bi Logger 16"
on
B2Bi Application Server - Stream 3A (Multicluster)
CRITICAL - Queue "B2Bi Logger 16" ("logger_1040"/"queue_16"):
Request Successful!01-23 22:03:14
Request Successful!01-23 22:04:15
Request Successful!01-23 22:05:17
Request Successful!01-23 22:06:18
Request Successful!01-23 22:07:20
Request Successful!01-23 22:08:21
Request Successful!01-23 22:09:23
Request Successful!01-23 22:10:25
Request Successful!01-23 22:11:26
Request Successful!01-23 22:12:28
Request Successful!01-23 22:13:29
New alert more than 5 minutes! See details below: 
CRITICAL
for 1m 55s
Soft 1/2
B2Bi queue health: "B2Bi CI HME - PROD_Framework_Parallel_001.301_SerialLarge_Out_80_FetchCom_HM"
on
B2Bi Application Server - Stream 1C
CRITICAL - Queue "B2Bi CI HME - PROD_Framework_Parallel_001.301_SerialLarge_Out_80_FetchCom_HM" ("hierchmessage_7217"/"queue_13"):
Request Successful!01-23 22:14:41
Request Successful!01-23 22:15:43
Request Successful!01-23 22:16:44
Request Successful!01-23 22:17:46
Request Successful!01-23 22:18:47
Request Successful!01-23 22:19:49
Request Successful!01-23 22:20:50
Request Successful!01-23 22:21:52
Request Successful!01-23 22:22:53
Request Successful!01-23 22:23:54
Request Successful!01-23 22:24:56
Request Successful!01-23 22:25:57
Request Successful!01-23 22:26:59
Request Successful!01-23 22:28:00
Request Successful!01-23 22:29:02
Request Successful!01-23 22:30:04
Request Successful!01-23 22:31:05
Request Successful!01-23 22:32:07
Request Successful!01-23 22:33:08
Request Successful!01-23 22:34:10
Request Successful!01-23 22:35:11
Request Successful!01-23 22:36:13
Request Successful!01-23 22:37:15
Request Successful!01-23 22:38:16
Request Successful!01-23 22:39:18
Request Successful!01-23 22:40:19
Request Successful!01-23 22:41:21
Request Successful!01-23 22:42:22
Request Successful!01-23 22:43:24
New alert more than 5 minutes! See details below: 
CRITICAL
for 1m 0s
Soft 1/2
Custom meta load check. Will only trigger if all 3 thresholds are breached.
on
Communication Server Production
WARNING: All three warning thresholds breached! 1:49.63>34 5:32.40>26 15:22.43>20
Request Successful!01-23 22:44:36
Request Successful!01-23 22:45:37
Request Successful!01-23 22:46:39
Request Successful!01-23 22:47:40
Request Successful!01-23 22:48:42
Request Successful!01-23 22:49:43
Request Successful!01-23 22:50:45
Request Successful!01-23 22:51:47
Request Successful!01-23 22:52:48
Request Successful!01-23 22:53:50
Request Successful!01-23 22:54:51
Request Successful!01-23 22:55:53
Request Successful!01-23 22:56:54
Request Successful!01-23 22:57:56
Request Successful!01-23 22:58:57
Request Successful!01-23 22:59:59
Request Successful!01-23 23:01:00
Request Successful!01-23 23:02:02
New alert more than 5 minutes! See details below: 
CRITICAL
for 1m 6s
Soft 1/2
B2Bi queue health: "B2Bi CI HME - PROD_Framework_Parallel_001.Z_Local_202_Serial_Dyn_10_ExecuteMasterDynMBC_HM"
on
B2Bi Application Server - Stream 1C
CRITICAL - Queue "B2Bi CI HME - PROD_Framework_Parallel_001.Z_Local_202_Serial_Dyn_10_ExecuteMasterDynMBC_HM" ("hierchmessage_7365"/"queue_13"):
Request Successful!01-23 23:03:13
Request Successful!01-23 23:04:15
Request Successful!01-23 23:05:16
Request Successful!01-23 23:06:18
Request Successful!01-23 23:07:19
Request Successful!01-23 23:08:21
Request Successful!01-23 23:09:23
Request Successful!01-23 23:10:24
Request Successful!01-23 23:11:26
Request Successful!01-23 23:12:27
Request Successful!01-23 23:13:29
Request Successful!01-23 23:14:30
Request Successful!01-23 23:15:32
Request Successful!01-23 23:16:33
Request Successful!01-23 23:17:35
Request Successful!01-23 23:18:36
Request Successful!01-23 23:19:38
Request Successful!01-23 23:20:39
Request Successful!01-23 23:21:40
Request Successful!01-23 23:22:42
Request Successful!01-23 23:23:44
Request Successful!01-23 23:24:45
Request Successful!01-23 23:25:47
Request Successful!01-23 23:26:48
Request Successful!01-23 23:27:50
New alert more than 5 minutes! See details below: 
CRITICAL
for 1m 20s
Soft 1/2
B2Bi queue health: "B2Bi Logger 18"
on
B2Bi Application Server - Stream 2B (Multicluster - VIP)
CRITICAL - Queue "B2Bi Logger 18" ("logger_1044"/"queue_16"):
New alert more than 5 minutes! See details below: 
CRITICAL
for 1m 55s
Soft 1/2
B2Bi queue health: "B2Bi Logger 13"
on
B2Bi Application Server - Stream 2A (Multicluster - VIP)
CRITICAL - Queue "B2Bi Logger 13" ("logger_1034"/"queue_16"):
