Request Successful!01-02 15:44:46
Request Successful!01-02 15:47:47
Request Successful!01-02 15:50:49
Request Successful!01-02 15:53:51
New alert more than 5 minutes! See details below: 
CRITICAL
for 4m 52s
B2Bi queue health: "B2Bi CI HME - PROD_Framework_Parallel_001.Z_Local_402_Serial_Out_20_InhouseEnveloper(Inhouse)_4_SAG_ETGOIT_HM"
on
B2Bi Application Server - Stream 1B
CRITICAL - Queue "B2Bi CI HME - PROD_Framework_Parallel_001.Z_Local_402_Serial_Out_20_InhouseEnveloper(Inhouse)_4_SAG_ETGOIT_HM" ("hierchmessage_11217"/"queue_13"):
Request Successful!01-02 15:57:04
Request Successful!01-02 16:00:05
Request Successful!01-02 16:03:07
Request Successful!01-02 16:06:09
Request Successful!01-02 16:09:10
Request Successful!01-02 16:12:12
Request Successful!01-02 16:15:13
Request Successful!01-02 16:18:15
Request Successful!01-02 16:21:17
Request Successful!01-02 16:24:18
Request Successful!01-02 16:27:20
Request Successful!01-02 16:30:22
Request Successful!01-02 16:33:23
Request Successful!01-02 16:36:25
Request Successful!01-02 16:39:27
New alert more than 5 minutes! See details below: 
CRITICAL
for 5m 32s
B2Bi queue health: "B2Bi CI HME - PROD_Framework_Parallel_001.Z_Local_402_Serial_Out_20_InhouseEnveloper(Inhouse)_4_SAG_ETGOIT_HM"
on
B2Bi Application Server - Stream 1B
CRITICAL - Queue "B2Bi CI HME - PROD_Framework_Parallel_001.Z_Local_402_Serial_Out_20_InhouseEnveloper(Inhouse)_4_SAG_ETGOIT_HM" ("hierchmessage_11217"/"queue_13"):
Request Successful!01-02 16:42:39
Request Successful!01-02 16:45:41
Request Successful!01-02 16:48:42
Request Successful!01-02 16:51:44
Request Successful!01-02 16:54:46
Request Successful!01-02 16:57:47
Request Successful!01-02 17:00:49
Request Successful!01-02 17:03:51
Request Successful!01-02 17:06:52
Request Successful!01-02 17:09:54
Request Successful!01-02 17:12:56
Request Successful!01-02 17:15:57
Request Successful!01-02 17:18:59
Request Successful!01-02 17:22:00
Request Successful!01-02 17:25:02
Request Successful!01-02 17:28:04
Request Successful!01-02 17:31:05
Request Successful!01-02 17:34:07
Request Successful!01-02 17:37:10
Request Successful!01-02 17:40:12
New alert more than 5 minutes! See details below: 
CRITICAL
for 4m 53s
B2Bi queue health: "B2Bi CI HME - PROD_Framework_Parallel_001.Z_Local_402_Serial_Out_20_InhouseEnveloper(Inhouse)_4_SAG_ETGOIT_HM"
on
B2Bi Application Server - Stream 1B
CRITICAL - Queue "B2Bi CI HME - PROD_Framework_Parallel_001.Z_Local_402_Serial_Out_20_InhouseEnveloper(Inhouse)_4_SAG_ETGOIT_HM" ("hierchmessage_11217"/"queue_13"):
Request Successful!01-02 17:43:25
Request Successful!01-02 17:46:27
Request Successful!01-02 17:49:28
Request Successful!01-02 17:52:30
Request Successful!01-02 17:55:32
Request Successful!01-02 17:58:33
Request Successful!01-02 18:01:35
Request Successful!01-02 18:04:37
Request Successful!01-02 18:07:38
Request Successful!01-02 18:10:40
Request Successful!01-02 18:13:41
Request Successful!01-02 18:16:43
Request Successful!01-02 18:19:45
Request Successful!01-02 18:22:47
Request Successful!01-02 18:25:48
Request Successful!01-02 18:28:50
Request Successful!01-02 18:31:51
Request Successful!01-02 18:34:53
Request Successful!01-02 18:37:54
Request Successful!01-02 18:40:56
Request Successful!01-02 18:43:58
Request Successful!01-02 18:46:59
Request Successful!01-02 18:50:01
Request Successful!01-02 18:53:02
Request Successful!01-02 18:56:04
Request Successful!01-02 18:59:06
Request Successful!01-02 19:02:07
Request Successful!01-02 19:05:09
Request Successful!01-02 19:08:10
Request Successful!01-02 19:11:12
New alert more than 5 minutes! See details below: 
CRITICAL
for 5m 43s
B2Bi queue health: "B2Bi CI HME - PROD_Framework_Parallel_001.Z_Local_402_Serial_Out_20_InhouseEnveloper(Inhouse)_4_SAG_ETGOIT_HM"
on
B2Bi Application Server - Stream 1B
CRITICAL - Queue "B2Bi CI HME - PROD_Framework_Parallel_001.Z_Local_402_Serial_Out_20_InhouseEnveloper(Inhouse)_4_SAG_ETGOIT_HM" ("hierchmessage_11217"/"queue_13"):
Request Successful!01-02 19:14:24
Request Successful!01-02 19:17:26
Request Successful!01-02 19:20:27
Request Successful!01-02 19:23:29
Request Successful!01-02 19:26:31
Request Successful!01-02 19:29:32
Request Successful!01-02 19:32:37
Request Successful!01-02 19:35:38
Request Successful!01-02 19:38:40
Request Successful!01-02 19:41:42
Request Successful!01-02 19:44:43
Request Successful!01-02 19:47:45
Request Successful!01-02 19:50:47
Request Successful!01-02 19:53:48
Request Successful!01-02 19:56:50
Request Successful!01-02 19:59:51
Request Successful!01-02 20:02:53
Request Successful!01-02 20:05:55
Request Successful!01-02 20:08:57
Request Successful!01-02 20:11:58
Request Successful!01-02 20:15:00
Request Successful!01-02 20:18:01
Request Successful!01-02 20:21:03
Request Successful!01-02 20:24:05
Request Successful!01-02 20:27:06
Request Successful!01-02 20:30:08
Request Successful!01-02 20:33:10
Request Successful!01-02 20:36:11
Request Successful!01-02 20:39:13
Request Successful!01-02 20:42:15
Request Successful!01-02 20:45:16
Request Successful!01-02 20:48:18
Request Successful!01-02 20:51:19
Request Successful!01-02 20:54:21
Request Successful!01-02 20:57:23
Request Successful!01-02 21:00:25
Request Successful!01-02 21:03:26
Request Successful!01-02 21:06:28
New alert more than 5 minutes! See details below: 
CRITICAL
for 5m 47s
B2Bi queue health: "B2Bi CI HME - PROD_Framework_Parallel_001.Z_Local_402_Serial_Out_20_InhouseEnveloper(Inhouse)_4_SAG_ETGOIT_HM"
on
B2Bi Application Server - Stream 1B
CRITICAL - Queue "B2Bi CI HME - PROD_Framework_Parallel_001.Z_Local_402_Serial_Out_20_InhouseEnveloper(Inhouse)_4_SAG_ETGOIT_HM" ("hierchmessage_11217"/"queue_13"):
Request Successful!01-02 21:09:40
Request Successful!01-02 21:12:41
Request Successful!01-02 21:15:43
Request Successful!01-02 21:18:45
Request Successful!01-02 21:21:46
Request Successful!01-02 21:24:48
Request Successful!01-02 21:27:50
Request Successful!01-02 21:30:51
Request Successful!01-02 21:33:53
Request Successful!01-02 21:36:55
Request Successful!01-02 21:39:56
Request Successful!01-02 21:42:58
Request Successful!01-02 21:45:59
Request Successful!01-02 21:49:01
Request Successful!01-02 21:52:03
Request Successful!01-02 21:55:05
Request Successful!01-02 21:58:06
Request Successful!01-02 22:01:08
Request Successful!01-02 22:04:10
New alert more than 5 minutes! See details below: 
CRITICAL
for 4m 3s
B2Bi queue health: "B2Bi CI HME - PROD_Framework_Parallel_001.Z_Local_402_Serial_Out_20_InhouseEnveloper(Inhouse)_4_SAG_ETGOIT_HM"
on
B2Bi Application Server - Stream 1B
CRITICAL - Queue "B2Bi CI HME - PROD_Framework_Parallel_001.Z_Local_402_Serial_Out_20_InhouseEnveloper(Inhouse)_4_SAG_ETGOIT_HM" ("hierchmessage_11217"/"queue_13"):
Request Successful!01-02 22:07:21
Request Successful!01-02 22:10:23
Request Successful!01-02 22:13:25
Request Successful!01-02 22:16:26
Request Successful!01-02 22:19:28
Request Successful!01-02 22:22:30
Request Successful!01-02 22:25:31
Request Successful!01-02 22:28:33
Request Successful!01-02 22:31:35
Request Successful!01-02 22:34:36
New alert more than 5 minutes! See details below: 
CRITICAL
for 5m 46s
B2Bi queue health: "B2Bi CI HME - PROD_Framework_Parallel_001.Z_Local_402_Serial_Out_20_InhouseEnveloper(Inhouse)_4_SAG_ETGOIT_HM"
on
B2Bi Application Server - Stream 1B
CRITICAL - Queue "B2Bi CI HME - PROD_Framework_Parallel_001.Z_Local_402_Serial_Out_20_InhouseEnveloper(Inhouse)_4_SAG_ETGOIT_HM" ("hierchmessage_11217"/"queue_13"):
Request Successful!01-02 22:37:49
Request Successful!01-02 22:40:50
Request Successful!01-02 22:43:52
Request Successful!01-02 22:46:54
Request Successful!01-02 22:49:55
Request Successful!01-02 22:52:57
Request Successful!01-02 22:55:59
Request Successful!01-02 22:59:00
Request Successful!01-02 23:02:02
Request Successful!01-02 23:05:04
Request Successful!01-02 23:08:06
