Request Successful!04-16 16:05:31
Request Successful!04-16 16:08:32
Request Successful!04-16 16:11:34
Request Successful!04-16 16:14:35
Request Successful!04-16 16:17:36
Request Successful!04-16 16:20:37
Request Successful!04-16 16:23:38
Request Successful!04-16 16:26:40
Request Successful!04-16 16:29:41
Request Successful!04-16 16:32:42
Request Successful!04-16 16:35:43
Request Successful!04-16 16:38:45
Request Successful!04-16 16:41:46
Request Successful!04-16 16:44:47
Request Successful!04-16 16:47:48
Request Successful!04-16 16:50:50
Request Successful!04-16 16:53:51
Request Successful!04-16 16:56:53
Request Successful!04-16 16:59:55
Request Successful!04-16 17:02:56
Request Successful!04-16 17:05:57
Request Successful!04-16 17:08:58
Request Successful!04-16 17:12:00
Request Successful!04-16 17:15:01
Request Successful!04-16 17:18:02
Request Successful!04-16 17:21:04
Request Successful!04-16 17:24:05
Request Successful!04-16 17:27:06
Request Successful!04-16 17:30:07
Request Successful!04-16 17:33:11
Request Successful!04-16 17:36:12
Request Successful!04-16 17:39:13
Request Successful!04-16 17:42:15
Request Successful!04-16 17:45:16
Request Successful!04-16 17:48:17
Request Successful!04-16 17:51:18
Request Successful!04-16 17:54:19
Request Successful!04-16 17:57:21
Request Successful!04-16 18:00:22
Request Successful!04-16 18:03:23
Request Successful!04-16 18:06:25
Request Successful!04-16 18:09:26
Request Successful!04-16 18:12:27
Request Successful!04-16 18:15:28
Request Successful!04-16 18:18:30
Request Successful!04-16 18:21:31
Request Successful!04-16 18:24:32
Request Successful!04-16 18:27:34
Request Successful!04-16 18:30:35
Request Successful!04-16 18:33:36
Request Successful!04-16 18:36:37
Request Successful!04-16 18:39:39
Request Successful!04-16 18:42:40
Request Successful!04-16 18:45:41
Request Successful!04-16 18:48:42
Request Successful!04-16 18:51:44
Request Successful!04-16 18:54:45
Request Successful!04-16 18:57:46
Request Successful!04-16 19:00:48
Request Successful!04-16 19:03:49
Request Successful!04-16 19:06:50
Request Successful!04-16 19:09:51
Request Successful!04-16 19:12:53
Request Successful!04-16 19:15:54
Request Successful!04-16 19:18:55
Request Successful!04-16 19:21:57
New alert more than 5 minutes! See details below: 
CRITICAL
for 3m 17s
B2Bi queue health: "B2Bi CI HME - PROD_Framework_Parallel_001.401_SerialSTD_Dyn_10_ExecuteMasterDynMBC_HM"
on
B2Bi Application Server - Stream 1C
CRITICAL - Queue "B2Bi CI HME - PROD_Framework_Parallel_001.401_SerialSTD_Dyn_10_ExecuteMasterDynMBC_HM" ("hierchmessage_7335"/"queue_13"):
Request Successful!04-16 19:25:09
New alert more than 5 minutes! See details below: 
CRITICAL
for 6m 30s
B2Bi queue health: "B2Bi CI HME - PROD_Framework_Parallel_001.401_SerialSTD_Dyn_10_ExecuteMasterDynMBC_HM"
on
B2Bi Application Server - Stream 1C
CRITICAL - Queue "B2Bi CI HME - PROD_Framework_Parallel_001.401_SerialSTD_Dyn_10_ExecuteMasterDynMBC_HM" ("hierchmessage_7335"/"queue_13"):
Request Successful!04-16 19:28:21
Request Successful!04-16 19:31:22
Request Successful!04-16 19:34:23
Request Successful!04-16 19:37:25
Request Successful!04-16 19:40:26
Request Successful!04-16 19:43:27
Request Successful!04-16 19:46:28
Request Successful!04-16 19:49:29
Request Successful!04-16 19:52:31
Request Successful!04-16 19:55:32
Request Successful!04-16 19:58:33
Request Successful!04-16 20:01:34
Request Successful!04-16 20:04:35
Request Successful!04-16 20:07:37
Request Successful!04-16 20:10:38
Request Successful!04-16 20:13:39
Request Successful!04-16 20:16:41
Request Successful!04-16 20:19:42
Request Successful!04-16 20:22:43
Request Successful!04-16 20:25:44
Request Successful!04-16 20:28:46
Request Successful!04-16 20:31:47
Request Successful!04-16 20:34:48
Request Successful!04-16 20:37:49
Request Successful!04-16 20:40:51
Request Successful!04-16 20:43:52
Request Successful!04-16 20:46:53
Request Successful!04-16 20:49:54
Request Successful!04-16 20:52:56
Request Successful!04-16 20:55:57
Request Successful!04-16 20:58:58
Request Successful!04-16 21:02:00
Request Successful!04-16 21:05:01
Request Successful!04-16 21:08:02
Request Successful!04-16 21:11:04
Request Successful!04-16 21:14:05
Request Successful!04-16 21:17:06
Request Successful!04-16 21:20:08
Request Successful!04-16 21:23:09
Request Successful!04-16 21:26:10
Request Successful!04-16 21:29:11
Request Successful!04-16 21:32:13
Request Successful!04-16 21:35:14
Request Successful!04-16 21:38:15
Request Successful!04-16 21:41:17
Request Successful!04-16 21:44:18
Request Successful!04-16 21:47:19
New alert more than 5 minutes! See details below: 
CRITICAL
for 3m 41s
Check if we still can connect to ftp.sword.dbschenker.com using ftp.
on
b2biprdxsr5.sl3.comp.db.de
CRITICAL : No data received from host
Request Successful!04-16 21:50:31
Request Successful!04-16 21:53:33
Request Successful!04-16 21:56:34
Request Successful!04-16 21:59:35
Request Successful!04-16 22:02:37
Request Successful!04-16 22:05:38
Request Successful!04-16 22:08:39
Request Successful!04-16 22:11:40
Request Successful!04-16 22:14:42
Request Successful!04-16 22:17:43
Request Successful!04-16 22:20:44
Request Successful!04-16 22:23:45
Request Successful!04-16 22:26:47
Request Successful!04-16 22:29:48
Request Successful!04-16 22:32:49
Request Successful!04-16 22:35:50
Request Successful!04-16 22:38:52
Request Successful!04-16 22:41:53
Request Successful!04-16 22:44:54
Request Successful!04-16 22:47:55
Request Successful!04-16 22:50:57
Request Successful!04-16 22:53:58
Request Successful!04-16 22:57:00
Request Successful!04-16 23:00:02
Request Successful!04-16 23:03:03
Request Successful!04-16 23:06:04
Request Successful!04-16 23:09:05
Request Successful!04-16 23:12:06
Request Successful!04-16 23:15:08
Request Successful!04-16 23:18:09
Request Successful!04-16 23:21:11
Request Successful!04-16 23:24:12
Request Successful!04-16 23:27:13
