Request Successful!10-22 17:11:48
Request Successful!10-22 17:14:50
Request Successful!10-22 17:17:51
Request Successful!10-22 17:20:53
Request Successful!10-22 17:23:54
Request Successful!10-22 17:26:55
Request Successful!10-22 17:29:57
Request Successful!10-22 17:32:58
Request Successful!10-22 17:35:59
Request Successful!10-22 17:39:01
Request Successful!10-22 17:42:02
Request Successful!10-22 17:45:04
Request Successful!10-22 17:48:05
Request Successful!10-22 17:51:07
Request Successful!10-22 17:54:08
Request Successful!10-22 17:57:10
Request Successful!10-22 18:00:11
Request Successful!10-22 18:03:13
Request Successful!10-22 18:06:14
Request Successful!10-22 18:09:16
Request Successful!10-22 18:12:17
Request Successful!10-22 18:15:19
Request Successful!10-22 18:18:20
Request Successful!10-22 18:21:22
Request Successful!10-22 18:24:23
Request Successful!10-22 18:27:25
Request Successful!10-22 18:30:26
Request Successful!10-22 18:33:27
Request Successful!10-22 18:36:29
Request Successful!10-22 18:39:30
Request Successful!10-22 18:42:32
Request Successful!10-22 18:45:33
Request Successful!10-22 18:48:34
Request Successful!10-22 18:51:36
Request Successful!10-22 18:54:37
Request Successful!10-22 18:57:39
Request Successful!10-22 19:00:40
Request Successful!10-22 19:03:41
Request Successful!10-22 19:06:43
Request Successful!10-22 19:09:45
Request Successful!10-22 19:12:46
Request Successful!10-22 19:15:48
Request Successful!10-22 19:18:49
Request Successful!10-22 19:21:51
Request Successful!10-22 19:24:52
Request Successful!10-22 19:27:54
Request Successful!10-22 19:30:55
Request Successful!10-22 19:33:57
Request Successful!10-22 19:36:58
Request Successful!10-22 19:40:00
Request Successful!10-22 19:43:01
Request Successful!10-22 19:46:03
Request Successful!10-22 19:49:04
Request Successful!10-22 19:52:05
Request Successful!10-22 19:55:07
Request Successful!10-22 19:58:08
Request Successful!10-22 20:01:10
Request Successful!10-22 20:04:11
Request Successful!10-22 20:07:13
Request Successful!10-22 20:10:14
Request Successful!10-22 20:13:16
Request Successful!10-22 20:16:17
Request Successful!10-22 20:19:19
Request Successful!10-22 20:22:20
Request Successful!10-22 20:25:22
Request Successful!10-22 20:28:23
Request Successful!10-22 20:31:25
Request Successful!10-22 20:34:26
Request Successful!10-22 20:37:28
Request Successful!10-22 20:40:29
Request Successful!10-22 20:43:31
Request Successful!10-22 20:46:32
Request Successful!10-22 20:49:34
Request Successful!10-22 20:52:35
Request Successful!10-22 20:55:37
Request Successful!10-22 20:58:39
Request Successful!10-22 21:01:40
Request Successful!10-22 21:04:42
Request Successful!10-22 21:07:43
Request Successful!10-22 21:10:45
Request Successful!10-22 21:13:47
Request Successful!10-22 21:16:48
Request Successful!10-22 21:19:50
Request Successful!10-22 21:22:51
Request Successful!10-22 21:25:53
Request Successful!10-22 21:28:55
Request Successful!10-22 21:31:57
Request Successful!10-22 21:34:58
Request Successful!10-22 21:38:00
Request Successful!10-22 21:41:02
Request Successful!10-22 21:44:04
Request Successful!10-22 21:47:05
Request Successful!10-22 21:50:07
Request Successful!10-22 21:53:09
Request Successful!10-22 21:56:10
Request Successful!10-22 21:59:12
Request Successful!10-22 22:02:14
Request Successful!10-22 22:05:16
Request Successful!10-22 22:08:18
Request Successful!10-22 22:11:20
Request Successful!10-22 22:14:21
Request Successful!10-22 22:17:23
Request Successful!10-22 22:20:25
Request Successful!10-22 22:23:26
Request Successful!10-22 22:26:28
Request Successful!10-22 22:29:30
Request Successful!10-22 22:32:31
Request Successful!10-22 22:35:33
Request Successful!10-22 22:38:34
Request Successful!10-22 22:41:36
Request Successful!10-22 22:44:38
Request Successful!10-22 22:47:39
Request Successful!10-22 22:50:41
Request Successful!10-22 22:53:42
Request Successful!10-22 22:56:44
Request Successful!10-22 22:59:46
Request Successful!10-22 23:02:47
Request Successful!10-22 23:05:49
Request Successful!10-22 23:08:51
Request Successful!10-22 23:11:52
Request Successful!10-22 23:14:54
Request Successful!10-22 23:17:55
Request Successful!10-22 23:20:57
Request Successful!10-22 23:23:59
New alert more than 5 minutes! See details below: 
CRITICAL
for 3m 19s
Check if we still can connect to ftp.sword.dbschenker.com host using ssh.
on
b2biprdxsr5.sl3.comp.db.de
CRITICAL : Server answer:
