Request Successful!09-09 15:33:40
Request Successful!09-09 15:36:41
Request Successful!09-09 15:39:43
Request Successful!09-09 15:42:44
Request Successful!09-09 15:45:45
Request Successful!09-09 15:48:47
Request Successful!09-09 15:51:48
Request Successful!09-09 15:54:49
Request Successful!09-09 15:57:51
Request Successful!09-09 16:00:52
Request Successful!09-09 16:03:54
Request Successful!09-09 16:06:55
Request Successful!09-09 16:09:57
Request Successful!09-09 16:12:58
Request Successful!09-09 16:16:00
Request Successful!09-09 16:19:01
Request Successful!09-09 16:22:03
Request Successful!09-09 16:25:04
Request Successful!09-09 16:28:06
Request Successful!09-09 16:31:07
Request Successful!09-09 16:34:09
Request Successful!09-09 16:37:10
Request Successful!09-09 16:40:11
Request Successful!09-09 16:43:13
Request Successful!09-09 16:46:14
Request Successful!09-09 16:49:15
Request Successful!09-09 16:52:17
Request Successful!09-09 16:55:18
Request Successful!09-09 16:58:20
New alert more than 5 minutes! See details below: 
CRITICAL
for 4m 58s
MAP distribution check - numbers
on
B2Bi Configuration Server 1 - Stream 3 (Multicluster)
CRIT : Files wit lists of MAPs on hosts differ! See b2bimcpcfg1.sl3.comp.db.de:/opt/sword/tools/shards/run/check_MAP_exports_numbers.number_of_maps.*
Request Successful!09-09 17:01:31
New alert more than 5 minutes! See details below: 
CRITICAL
for 3m 1s
Soft 1/2
MAP distribution check - checksums
on
B2Bi Configuration Server 1 - Stream 3 (Multicluster)
CRIT : Found differing checksum(s). List of offenders :
Request Successful!09-09 17:04:42
New alert more than 5 minutes! See details below: 
CRITICAL
for 6m 13s
MAP distribution check - checksums
on
B2Bi Configuration Server 1 - Stream 3 (Multicluster)
CRIT : Found differing checksum(s). List of offenders :
Request Successful!09-09 17:07:53
Request Successful!09-09 17:10:55
Request Successful!09-09 17:13:56
Request Successful!09-09 17:16:57
Request Successful!09-09 17:19:59
Request Successful!09-09 17:23:00
Request Successful!09-09 17:26:02
Request Successful!09-09 17:29:03
Request Successful!09-09 17:32:05
Request Successful!09-09 17:35:06
Request Successful!09-09 17:38:07
Request Successful!09-09 17:41:09
Request Successful!09-09 17:44:10
Request Successful!09-09 17:47:12
Request Successful!09-09 17:50:14
Request Successful!09-09 17:53:15
Request Successful!09-09 17:56:17
Request Successful!09-09 17:59:18
Request Successful!09-09 18:02:20
Request Successful!09-09 18:05:21
Request Successful!09-09 18:08:23
Request Successful!09-09 18:11:24
New alert more than 5 minutes! See details below: 
CRITICAL
for 3m 15s
Check if we still can connect to ftp.sword.dbschenker.com using ftp.
on
b2biprdxsr5.sl3.comp.db.de
CRITICAL : No data received from host
New alert more than 5 minutes! See details below: 
CRITICAL
for 3m 15s
Check if we still can connect to ftp.sword.dbschenker.com using ftp.
on
b2biprdxsr7.sl3.comp.db.de
CRITICAL : No data received from host
Request Successful!09-09 18:14:46
New alert more than 5 minutes! See details below: 
CRITICAL
for 3m 3s
Icinga Cluster-Zone Status: bladeprdxsr1.sl3.comp.db.de
on
b2biprddep1.sl3.comp.db.de
Zone 'bladeprdxsr1.sl3.comp.db.de' is not connected. Log lag: 3 minutes and 55 seconds
New alert more than 5 minutes! See details below: 
CRITICAL
for 3m 37s
Icinga Cluster Status
on
b2biprddep1.sl3.comp.db.de
Icinga 2 Cluster Problem: 1 endpoints are not connected.
Request Successful!09-09 18:18:08
New alert more than 5 minutes! See details below: 
CRITICAL
for 6m 25s
Icinga Cluster-Zone Status: bladeprdxsr1.sl3.comp.db.de
on
b2biprddep1.sl3.comp.db.de
Zone 'bladeprdxsr1.sl3.comp.db.de' is not connected. Log lag: 6 minutes and 55 seconds
New alert more than 5 minutes! See details below: 
CRITICAL
for 6m 59s
Icinga Cluster Status
on
b2biprddep1.sl3.comp.db.de
Icinga 2 Cluster Problem: 1 endpoints are not connected.
Request Successful!09-09 18:21:30
Request Successful!09-09 18:24:32
Request Successful!09-09 18:27:33
Request Successful!09-09 18:30:35
Request Successful!09-09 18:33:37
Request Successful!09-09 18:36:38
Request Successful!09-09 18:39:40
Request Successful!09-09 18:42:41
Request Successful!09-09 18:45:43
Request Successful!09-09 18:48:44
Request Successful!09-09 18:51:46
Request Successful!09-09 18:54:47
Request Successful!09-09 18:57:49
Request Successful!09-09 19:00:51
Request Successful!09-09 19:03:53
Request Successful!09-09 19:06:54
Request Successful!09-09 19:09:56
Request Successful!09-09 19:12:57
Request Successful!09-09 19:15:59
Request Successful!09-09 19:19:00
Request Successful!09-09 19:22:02
Request Successful!09-09 19:25:03
Request Successful!09-09 19:28:05
Request Successful!09-09 19:31:07
Request Successful!09-09 19:34:08
Request Successful!09-09 19:37:10
Request Successful!09-09 19:40:11
Request Successful!09-09 19:43:13
Request Successful!09-09 19:46:14
Request Successful!09-09 19:49:16
Request Successful!09-09 19:52:17
Request Successful!09-09 19:55:19
Request Successful!09-09 19:58:21
Request Successful!09-09 20:01:22
Request Successful!09-09 20:04:24
Request Successful!09-09 20:07:25
Request Successful!09-09 20:10:26
Request Successful!09-09 20:13:28
Request Successful!09-09 20:16:29
Request Successful!09-09 20:19:31
Request Successful!09-09 20:22:33
Request Successful!09-09 20:25:34
Request Successful!09-09 20:28:36
Request Successful!09-09 20:31:37
Request Successful!09-09 20:34:39
Request Successful!09-09 20:37:40
Request Successful!09-09 20:40:42
Request Successful!09-09 20:43:43
Request Successful!09-09 20:46:45
Request Successful!09-09 20:49:46
Request Successful!09-09 20:52:48
Request Successful!09-09 20:55:49
Request Successful!09-09 20:58:51
Request Successful!09-09 21:01:52
Request Successful!09-09 21:04:54
Request Successful!09-09 21:07:55
Request Successful!09-09 21:10:57
Request Successful!09-09 21:13:58
Request Successful!09-09 21:16:59
Request Successful!09-09 21:20:01
Request Successful!09-09 21:23:02
Request Successful!09-09 21:26:03
Request Successful!09-09 21:29:05
Request Successful!09-09 21:32:06
Request Successful!09-09 21:35:08
Request Successful!09-09 21:38:10
Request Successful!09-09 21:41:11
Request Successful!09-09 21:44:13
Request Successful!09-09 21:47:14
Request Successful!09-09 21:50:16
Request Successful!09-09 21:53:17
Request Successful!09-09 21:56:19
Request Successful!09-09 21:59:20
Request Successful!09-09 22:02:23
Request Successful!09-09 22:05:24
Request Successful!09-09 22:08:26
Request Successful!09-09 22:11:27
Request Successful!09-09 22:14:29
Request Successful!09-09 22:17:30
Request Successful!09-09 22:20:32
Request Successful!09-09 22:23:34
Request Successful!09-09 22:26:35
Request Successful!09-09 22:29:37
Request Successful!09-09 22:32:38
Request Successful!09-09 22:35:40
Request Successful!09-09 22:38:41
Request Successful!09-09 22:41:43
Request Successful!09-09 22:44:44
Request Successful!09-09 22:47:46
Request Successful!09-09 22:50:47
Request Successful!09-09 22:53:49
Request Successful!09-09 22:56:50
Request Successful!09-09 22:59:52
Request Successful!09-09 23:02:53
Request Successful!09-09 23:05:55
Request Successful!09-09 23:08:56
New alert more than 5 minutes! See details below: 
CRITICAL
for 4m 44s
Check if we still can connect to ftp.sword.dbschenker.com host using ssh.
on
b2biprdxsr5.sl3.comp.db.de
CRITICAL : Server answer:
New alert more than 5 minutes! See details below: 
CRITICAL
for 4m 44s
Check if we still can connect to ftp.sword.dbschenker.com host using ssh.
on
b2biprdxsr7.sl3.comp.db.de
CRITICAL : Server answer:
Request Successful!09-09 23:12:18
Request Successful!09-09 23:15:19
Request Successful!09-09 23:18:21
Request Successful!09-09 23:21:23
Request Successful!09-09 23:24:24
