Request Successful!06-29 15:12:06
Request Successful!06-29 15:15:08
Request Successful!06-29 15:18:09
Request Successful!06-29 15:21:11
Request Successful!06-29 15:24:12
Request Successful!06-29 15:27:14
Request Successful!06-29 15:30:15
Request Successful!06-29 15:33:17
Request Successful!06-29 15:36:19
Request Successful!06-29 15:39:20
Request Successful!06-29 15:42:22
Request Successful!06-29 15:45:23
Request Successful!06-29 15:48:25
Request Successful!06-29 15:51:26
Request Successful!06-29 15:54:28
Request Successful!06-29 15:57:30
Request Successful!06-29 16:00:31
Request Successful!06-29 16:03:33
Request Successful!06-29 16:06:34
Request Successful!06-29 16:09:36
Request Successful!06-29 16:12:38
Request Successful!06-29 16:15:39
Request Successful!06-29 16:18:41
Request Successful!06-29 16:21:43
Request Successful!06-29 16:24:44
Request Successful!06-29 16:27:46
Request Successful!06-29 16:30:47
Request Successful!06-29 16:33:49
Request Successful!06-29 16:36:50
Request Successful!06-29 16:39:52
Request Successful!06-29 16:42:54
Request Successful!06-29 16:45:55
Request Successful!06-29 16:48:57
Request Successful!06-29 16:51:58
Request Successful!06-29 16:55:00
Request Successful!06-29 16:58:02
Request Successful!06-29 17:01:03
Request Successful!06-29 17:04:05
Request Successful!06-29 17:07:06
New alert more than 5 minutes! See details below: 
CRITICAL
for 3m 22s
Query DB611 for messages in QueuedProduction state
on
b2biprddb3.sl3.comp.db.de
CRIT : 1C : 30 messages (older than 30 minutes) in QueuedProduction state : CRITICAL threshold (25) exceeded!
Request Successful!06-29 17:10:21
New alert more than 5 minutes! See details below: 
CRITICAL
for 6m 36s
Query DB611 for messages in QueuedProduction state
on
b2biprddb3.sl3.comp.db.de
CRIT : 1C : 31 messages (older than 30 minutes) in QueuedProduction state : CRITICAL threshold (25) exceeded!
Request Successful!06-29 17:13:33
Request Successful!06-29 17:16:35
Request Successful!06-29 17:19:37
Request Successful!06-29 17:22:38
Request Successful!06-29 17:25:40
Request Successful!06-29 17:28:41
Request Successful!06-29 17:31:43
Request Successful!06-29 17:34:44
Request Successful!06-29 17:37:46
Request Successful!06-29 17:40:48
Request Successful!06-29 17:43:49
Request Successful!06-29 17:46:51
Request Successful!06-29 17:49:52
Request Successful!06-29 17:52:54
Request Successful!06-29 17:55:55
Request Successful!06-29 17:58:57
Request Successful!06-29 18:01:58
Request Successful!06-29 18:05:00
Request Successful!06-29 18:08:02
Request Successful!06-29 18:11:03
Request Successful!06-29 18:14:05
Request Successful!06-29 18:17:06
Request Successful!06-29 18:20:08
Request Successful!06-29 18:23:09
Request Successful!06-29 18:26:11
Request Successful!06-29 18:29:13
Request Successful!06-29 18:32:14
Request Successful!06-29 18:35:16
Request Successful!06-29 18:38:17
Request Successful!06-29 18:41:19
Request Successful!06-29 18:44:20
Request Successful!06-29 18:47:22
Request Successful!06-29 18:50:24
Request Successful!06-29 18:53:25
Request Successful!06-29 18:56:27
Request Successful!06-29 18:59:29
Request Successful!06-29 19:02:30
Request Successful!06-29 19:05:32
Request Successful!06-29 19:08:33
Request Successful!06-29 19:11:35
Request Successful!06-29 19:14:36
Request Successful!06-29 19:17:38
Request Successful!06-29 19:20:39
Request Successful!06-29 19:23:41
Request Successful!06-29 19:26:42
Request Successful!06-29 19:29:44
Request Successful!06-29 19:32:46
Request Successful!06-29 19:35:47
Request Successful!06-29 19:38:49
Request Successful!06-29 19:41:50
Request Successful!06-29 19:44:52
Request Successful!06-29 19:47:53
Request Successful!06-29 19:50:55
Request Successful!06-29 19:53:56
Request Successful!06-29 19:57:01
Request Successful!06-29 20:00:03
Request Successful!06-29 20:03:05
Request Successful!06-29 20:06:06
Request Successful!06-29 20:09:08
Request Successful!06-29 20:12:09
Request Successful!06-29 20:15:11
Request Successful!06-29 20:18:12
Request Successful!06-29 20:21:14
Request Successful!06-29 20:24:15
Request Successful!06-29 20:27:17
Request Successful!06-29 20:30:18
Request Successful!06-29 20:33:20
Request Successful!06-29 20:36:21
Request Successful!06-29 20:39:23
Request Successful!06-29 20:42:25
Request Successful!06-29 20:45:26
Request Successful!06-29 20:48:28
Request Successful!06-29 20:51:29
Request Successful!06-29 20:54:31
Request Successful!06-29 20:57:32
Request Successful!06-29 21:00:34
Request Successful!06-29 21:03:36
Request Successful!06-29 21:06:37
Request Successful!06-29 21:09:39
Request Successful!06-29 21:12:41
Request Successful!06-29 21:15:42
Request Successful!06-29 21:18:44
Request Successful!06-29 21:21:46
Request Successful!06-29 21:24:47
Request Successful!06-29 21:27:49
Request Successful!06-29 21:30:50
Request Successful!06-29 21:33:52
Request Successful!06-29 21:36:54
Request Successful!06-29 21:39:55
Request Successful!06-29 21:42:57
Request Successful!06-29 21:45:58
Request Successful!06-29 21:49:00
Request Successful!06-29 21:52:01
Request Successful!06-29 21:55:03
Request Successful!06-29 21:58:04
Request Successful!06-29 22:01:06
Request Successful!06-29 22:04:08
Request Successful!06-29 22:07:09
Request Successful!06-29 22:10:11
Request Successful!06-29 22:13:12
Request Successful!06-29 22:16:14
Request Successful!06-29 22:19:15
Request Successful!06-29 22:22:17
Request Successful!06-29 22:25:18
Request Successful!06-29 22:28:20
Request Successful!06-29 22:31:21
Request Successful!06-29 22:34:23
Request Successful!06-29 22:37:25
Request Successful!06-29 22:40:26
Request Successful!06-29 22:43:28
Request Successful!06-29 22:46:29
Request Successful!06-29 22:49:31
Request Successful!06-29 22:52:32
Request Successful!06-29 22:55:34
Request Successful!06-29 22:58:35
Request Successful!06-29 23:01:37
Request Successful!06-29 23:04:39
