Request Successful!12-24 16:58:19
Request Successful!12-24 17:01:21
Request Successful!12-24 17:04:22
Request Successful!12-24 17:07:24
Request Successful!12-24 17:10:25
Request Successful!12-24 17:13:27
Request Successful!12-24 17:16:29
Request Successful!12-24 17:19:30
Request Successful!12-24 17:22:32
Request Successful!12-24 17:25:33
Request Successful!12-24 17:28:35
Request Successful!12-24 17:31:36
Request Successful!12-24 17:34:38
Request Successful!12-24 17:37:39
Request Successful!12-24 17:40:41
Request Successful!12-24 17:43:43
Request Successful!12-24 17:46:44
Request Successful!12-24 17:49:46
Request Successful!12-24 17:52:48
Request Successful!12-24 17:55:49
Request Successful!12-24 17:58:51
Request Successful!12-24 18:01:53
Request Successful!12-24 18:04:54
Request Successful!12-24 18:07:56
Request Successful!12-24 18:10:57
Request Successful!12-24 18:13:59
Request Successful!12-24 18:17:00
Request Successful!12-24 18:20:01
Request Successful!12-24 18:23:03
Request Successful!12-24 18:26:04
Request Successful!12-24 18:29:05
Request Successful!12-24 18:32:07
Request Successful!12-24 18:35:08
Request Successful!12-24 18:38:10
Request Successful!12-24 18:41:11
Request Successful!12-24 18:44:12
Request Successful!12-24 18:47:14
Request Successful!12-24 18:50:15
Request Successful!12-24 18:53:16
Request Successful!12-24 18:56:18
Request Successful!12-24 18:59:19
Request Successful!12-24 19:02:21
Request Successful!12-24 19:05:22
Request Successful!12-24 19:08:24
Request Successful!12-24 19:11:25
Request Successful!12-24 19:14:27
Request Successful!12-24 19:17:28
Request Successful!12-24 19:20:30
Request Successful!12-24 19:23:31
Request Successful!12-24 19:26:33
Request Successful!12-24 19:29:35
Request Successful!12-24 19:32:36
Request Successful!12-24 19:35:38
Request Successful!12-24 19:38:40
Request Successful!12-24 19:41:41
Request Successful!12-24 19:44:43
Request Successful!12-24 19:47:44
Request Successful!12-24 19:50:46
Request Successful!12-24 19:53:48
Request Successful!12-24 19:56:50
Request Successful!12-24 19:59:52
Request Successful!12-24 20:02:53
Request Successful!12-24 20:05:55
Request Successful!12-24 20:08:57
Request Successful!12-24 20:11:59
Request Successful!12-24 20:15:00
Request Successful!12-24 20:18:02
Request Successful!12-24 20:21:04
Request Successful!12-24 20:24:06
Request Successful!12-24 20:27:08
Request Successful!12-24 20:30:09
Request Successful!12-24 20:33:11
Request Successful!12-24 20:36:13
Request Successful!12-24 20:39:15
Request Successful!12-24 20:42:16
Request Successful!12-24 20:45:18
Request Successful!12-24 20:48:20
Request Successful!12-24 20:51:22
Request Successful!12-24 20:54:23
Request Successful!12-24 20:57:25
Request Successful!12-24 21:00:27
Request Successful!12-24 21:03:29
Request Successful!12-24 21:06:30
Request Successful!12-24 21:09:32
Request Successful!12-24 21:12:34
Request Successful!12-24 21:15:35
Request Successful!12-24 21:18:37
Request Successful!12-24 21:21:39
Request Successful!12-24 21:24:40
Request Successful!12-24 21:27:42
Request Successful!12-24 21:30:44
Request Successful!12-24 21:33:45
Request Successful!12-24 21:36:47
New alert more than 5 minutes! See details below: 
CRITICAL
for 3m 43s
B2Bi queue health: "B2Bi Logger 6"
on
B2Bi Application Server - Stream 1B
CRITICAL - Queue "B2Bi Logger 6" ("logger_956"/"queue_13"):
Request Successful!12-24 21:39:59
New alert more than 5 minutes! See details below: 
CRITICAL
for 6m 56s
B2Bi queue health: "B2Bi Logger 6"
on
B2Bi Application Server - Stream 1B
CRITICAL - Queue "B2Bi Logger 6" ("logger_956"/"queue_13"):
Request Successful!12-24 21:43:12
Request Successful!12-24 21:46:14
Request Successful!12-24 21:49:15
Request Successful!12-24 21:52:17
Request Successful!12-24 21:55:19
New alert more than 5 minutes! See details below: 
CRITICAL
for 5m 34s
B2Bi queue health: "B2Bi CI HME - PROD_Framework_Parallel_001.101_Parallel_Out_20_InhouseEnveloper(Inhouse)_HM"
on
B2Bi Application Server - Stream 1A
CRITICAL - Queue "B2Bi CI HME - PROD_Framework_Parallel_001.101_Parallel_Out_20_InhouseEnveloper(Inhouse)_HM" ("hierchmessage_2367"/"queue_13"):
Request Successful!12-24 21:58:31
Request Successful!12-24 22:01:33
Request Successful!12-24 22:04:34
Request Successful!12-24 22:07:36
New alert more than 5 minutes! See details below: 
CRITICAL
for 3m 55s
B2Bi queue health: "B2Bi CI HME - PROD_Framework_Parallel_001.Z_Local_402_Serial_Out_20_InhouseEnveloper(Inhouse)_4_SAG_ETGOIT_HM"
on
B2Bi Application Server - Stream 1B
CRITICAL - Queue "B2Bi CI HME - PROD_Framework_Parallel_001.Z_Local_402_Serial_Out_20_InhouseEnveloper(Inhouse)_4_SAG_ETGOIT_HM" ("hierchmessage_11217"/"queue_13"):
Request Successful!12-24 22:10:48
Request Successful!12-24 22:13:49
Request Successful!12-24 22:16:51
Request Successful!12-24 22:19:52
Request Successful!12-24 22:22:54
Request Successful!12-24 22:25:55
Request Successful!12-24 22:28:57
Request Successful!12-24 22:31:58
Request Successful!12-24 22:35:00
Request Successful!12-24 22:38:01
Request Successful!12-24 22:41:02
Request Successful!12-24 22:44:04
Request Successful!12-24 22:47:05
Request Successful!12-24 22:50:07
Request Successful!12-24 22:53:08
Request Successful!12-24 22:56:09
Request Successful!12-24 22:59:11
Request Successful!12-24 23:02:12
Request Successful!12-24 23:05:14
Request Successful!12-24 23:08:15
Request Successful!12-24 23:11:17
Request Successful!12-24 23:14:18
Request Successful!12-24 23:17:19
Request Successful!12-24 23:20:21
Request Successful!12-24 23:23:22
