Request Successful!12-08 15:30:45
Request Successful!12-08 15:33:47
Request Successful!12-08 15:36:49
Request Successful!12-08 15:39:50
Request Successful!12-08 15:42:52
Request Successful!12-08 15:45:53
Request Successful!12-08 15:48:55
Request Successful!12-08 15:51:57
Request Successful!12-08 15:54:58
Request Successful!12-08 15:58:00
Request Successful!12-08 16:01:01
Request Successful!12-08 16:04:03
Request Successful!12-08 16:07:05
Request Successful!12-08 16:10:06
Request Successful!12-08 16:13:08
Request Successful!12-08 16:16:10
Request Successful!12-08 16:19:11
Request Successful!12-08 16:22:13
Request Successful!12-08 16:25:14
Request Successful!12-08 16:28:16
Request Successful!12-08 16:31:18
Request Successful!12-08 16:34:19
Request Successful!12-08 16:37:21
Request Successful!12-08 16:40:22
Request Successful!12-08 16:43:24
Request Successful!12-08 16:46:25
Request Successful!12-08 16:49:27
Request Successful!12-08 16:52:28
Request Successful!12-08 16:55:30
Request Successful!12-08 16:58:31
Request Successful!12-08 17:01:33
Request Successful!12-08 17:04:34
Request Successful!12-08 17:07:36
Request Successful!12-08 17:10:37
Request Successful!12-08 17:13:39
Request Successful!12-08 17:16:40
Request Successful!12-08 17:19:42
Request Successful!12-08 17:22:44
Request Successful!12-08 17:25:45
Request Successful!12-08 17:28:47
Request Successful!12-08 17:31:48
Request Successful!12-08 17:34:50
Request Successful!12-08 17:37:52
Request Successful!12-08 17:40:53
Request Successful!12-08 17:43:55
Request Successful!12-08 17:46:56
Request Successful!12-08 17:49:58
Request Successful!12-08 17:52:59
Request Successful!12-08 17:56:01
Request Successful!12-08 17:59:03
New alert more than 5 minutes! See details below: 
CRITICAL
for 5m 54s
Check size of directory "/app/sword/shared/axway/data/coreservices"
on
B2Bi Application Server - Stream 1B
CRITICAL - Critical: size of 64000.63 MB found in path "/app/sword/shared/axway/data/coreservices"
Request Successful!12-08 18:02:15
Request Successful!12-08 18:05:16
Request Successful!12-08 18:08:18
Request Successful!12-08 18:11:19
Request Successful!12-08 18:14:21
Request Successful!12-08 18:17:22
Request Successful!12-08 18:20:24
Request Successful!12-08 18:23:25
Request Successful!12-08 18:26:26
Request Successful!12-08 18:29:28
Request Successful!12-08 18:32:29
Request Successful!12-08 18:35:31
Request Successful!12-08 18:38:32
Request Successful!12-08 18:41:34
Request Successful!12-08 18:44:35
Request Successful!12-08 18:47:37
Request Successful!12-08 18:50:38
Request Successful!12-08 18:53:40
Request Successful!12-08 18:56:41
Request Successful!12-08 18:59:43
Request Successful!12-08 19:02:45
Request Successful!12-08 19:05:47
Request Successful!12-08 19:08:48
('Connection aborted.', ConnectionResetError(10054, '远程主机强迫关闭了一个现有的连接。', None, 10054, None))
Request Successful!12-08 19:15:19
Request Successful!12-08 19:18:21
Request Successful!12-08 19:21:22
Request Successful!12-08 19:24:24
Request Successful!12-08 19:27:25
Request Successful!12-08 19:30:27
Request Successful!12-08 19:33:29
Request Successful!12-08 19:36:30
Request Successful!12-08 19:39:32
Request Successful!12-08 19:42:33
Request Successful!12-08 19:45:35
Request Successful!12-08 19:48:37
Request Successful!12-08 19:51:38
Request Successful!12-08 19:54:40
Request Successful!12-08 19:57:41
Request Successful!12-08 20:00:43
Request Successful!12-08 20:03:44
Request Successful!12-08 20:06:46
Request Successful!12-08 20:09:47
Request Successful!12-08 20:12:49
New alert more than 5 minutes! See details below: 
CRITICAL
for 4m 27s
Check size of directory "/app/sword/shared/axway/data/coreservices"
on
B2Bi Application Server - Stream 1B
CRITICAL - Critical: size of 63500.63 MB found in path "/app/sword/shared/axway/data/coreservices"
Request Successful!12-08 20:16:01
Request Successful!12-08 20:19:02
Request Successful!12-08 20:22:04
Request Successful!12-08 20:25:05
Request Successful!12-08 20:28:07
Request Successful!12-08 20:31:08
Request Successful!12-08 20:34:10
Request Successful!12-08 20:37:11
Request Successful!12-08 20:40:13
Request Successful!12-08 20:43:14
Request Successful!12-08 20:46:16
Request Successful!12-08 20:49:17
Request Successful!12-08 20:52:19
Request Successful!12-08 20:55:20
Request Successful!12-08 20:58:22
Request Successful!12-08 21:01:23
Request Successful!12-08 21:04:25
Request Successful!12-08 21:07:26
Request Successful!12-08 21:10:27
Request Successful!12-08 21:13:29
Request Successful!12-08 21:16:30
Request Successful!12-08 21:19:32
Request Successful!12-08 21:22:33
Request Successful!12-08 21:25:34
Request Successful!12-08 21:28:37
Request Successful!12-08 21:31:39
Request Successful!12-08 21:34:40
Request Successful!12-08 21:37:42
Request Successful!12-08 21:40:43
Request Successful!12-08 21:43:44
Request Successful!12-08 21:46:46
Request Successful!12-08 21:49:47
Request Successful!12-08 21:52:49
Request Successful!12-08 21:55:50
Request Successful!12-08 21:58:51
Request Successful!12-08 22:01:53
Request Successful!12-08 22:04:54
Request Successful!12-08 22:07:56
Request Successful!12-08 22:10:58
Request Successful!12-08 22:13:59
Request Successful!12-08 22:17:01
Request Successful!12-08 22:20:03
Request Successful!12-08 22:23:04
Request Successful!12-08 22:26:06
Request Successful!12-08 22:29:07
New alert more than 5 minutes! See details below: 
CRITICAL
for 4m 47s
Check disk /
on
Communication Server 1 Production
/ 18.49 GiB (92.50%)
/ 18.49 GiB (92.50%)
DISK CRITICAL - free space: / 1536 MB (7.50% inode=95%);
Request Successful!12-08 22:32:19
Request Successful!12-08 22:35:21
Request Successful!12-08 22:38:22
Request Successful!12-08 22:41:24
Request Successful!12-08 22:44:26
Request Successful!12-08 22:47:27
Request Successful!12-08 22:50:29
Request Successful!12-08 22:53:30
Request Successful!12-08 22:56:32
Request Successful!12-08 22:59:34
Request Successful!12-08 23:02:35
Request Successful!12-08 23:05:36
Request Successful!12-08 23:08:38
Request Successful!12-08 23:11:39
Request Successful!12-08 23:14:40
Request Successful!12-08 23:17:42
Request Successful!12-08 23:20:43
Request Successful!12-08 23:23:44
