Request Successful!02-25 15:25:56
Request Successful!02-25 15:26:57
Request Successful!02-25 15:27:58
Request Successful!02-25 15:29:00
Request Successful!02-25 15:30:01
Request Successful!02-25 15:31:02
Request Successful!02-25 15:32:03
Request Successful!02-25 15:33:04
Request Successful!02-25 15:34:06
Request Successful!02-25 15:35:07
Request Successful!02-25 15:36:08
Request Successful!02-25 15:37:09
Request Successful!02-25 15:38:10
Request Successful!02-25 15:39:11
Request Successful!02-25 15:40:13
Request Successful!02-25 15:41:14
Request Successful!02-25 15:42:15
Request Successful!02-25 15:43:16
Request Successful!02-25 15:44:18
Request Successful!02-25 15:45:19
Request Successful!02-25 15:46:20
Request Successful!02-25 15:47:21
Request Successful!02-25 15:48:22
Request Successful!02-25 15:49:23
Request Successful!02-25 15:50:25
Request Successful!02-25 15:51:26
Request Successful!02-25 15:52:27
Request Successful!02-25 15:53:28
Request Successful!02-25 15:54:30
Request Successful!02-25 15:55:31
Request Successful!02-25 15:56:32
Request Successful!02-25 15:57:33
Request Successful!02-25 15:58:35
Request Successful!02-25 15:59:36
Request Successful!02-25 16:00:37
Request Successful!02-25 16:01:38
Request Successful!02-25 16:02:39
Request Successful!02-25 16:03:41
Request Successful!02-25 16:04:42
Request Successful!02-25 16:05:43
Request Successful!02-25 16:06:45
Request Successful!02-25 16:07:46
Request Successful!02-25 16:08:47
Request Successful!02-25 16:09:48
Request Successful!02-25 16:10:50
Request Successful!02-25 16:11:51
Request Successful!02-25 16:12:52
Request Successful!02-25 16:13:53
Request Successful!02-25 16:14:55
Request Successful!02-25 16:15:56
Request Successful!02-25 16:16:57
Request Successful!02-25 16:17:58
Request Successful!02-25 16:18:59
Request Successful!02-25 16:20:01
Request Successful!02-25 16:21:02
Request Successful!02-25 16:22:03
Request Successful!02-25 16:23:04
Request Successful!02-25 16:24:06
New alert more than 5 minutes! See details below: 
CRITICAL
for 1m 31s
Soft 1/2
B2Bi queue health: "B2Bi Logger 11"
on
B2Bi Application Server - Stream 3D (Multicluster)
CRITICAL - Queue "B2Bi Logger 11" ("logger_1030"/"queue_16"):
Request Successful!02-25 16:25:17
Request Successful!02-25 16:26:18
Request Successful!02-25 16:27:20
Request Successful!02-25 16:28:21
Request Successful!02-25 16:29:22
Request Successful!02-25 16:30:23
Request Successful!02-25 16:31:25
Request Successful!02-25 16:32:26
Request Successful!02-25 16:33:27
Request Successful!02-25 16:34:28
Request Successful!02-25 16:35:29
Request Successful!02-25 16:36:31
Request Successful!02-25 16:37:33
Request Successful!02-25 16:38:34
Request Successful!02-25 16:39:35
Request Successful!02-25 16:40:36
Request Successful!02-25 16:41:38
Request Successful!02-25 16:42:39
Request Successful!02-25 16:43:40
Request Successful!02-25 16:44:42
Request Successful!02-25 16:45:43
Request Successful!02-25 16:46:44
Request Successful!02-25 16:47:46
Request Successful!02-25 16:48:47
Request Successful!02-25 16:49:48
Request Successful!02-25 16:50:49
Request Successful!02-25 16:51:50
Request Successful!02-25 16:52:51
Request Successful!02-25 16:53:53
Request Successful!02-25 16:54:54
Request Successful!02-25 16:55:55
Request Successful!02-25 16:56:57
Request Successful!02-25 16:57:58
Request Successful!02-25 16:58:59
Request Successful!02-25 17:00:00
New alert more than 5 minutes! See details below: 
CRITICAL
for 1m 41s
Soft 1/2
B2Bi queue health: "B2Bi Logger 17"
on
B2Bi Application Server - Stream 3E (Multicluster)
CRITICAL - Queue "B2Bi Logger 17" ("logger_1042"/"queue_16"):
Request Successful!02-25 17:01:12
New alert more than 5 minutes! See details below: 
CRITICAL
for 2m 53s
B2Bi queue health: "B2Bi Logger 17"
on
B2Bi Application Server - Stream 3E (Multicluster)
CRITICAL - Queue "B2Bi Logger 17" ("logger_1042"/"queue_16"):
Request Successful!02-25 17:02:24
Request Successful!02-25 17:03:25
Request Successful!02-25 17:04:27
Request Successful!02-25 17:05:28
Request Successful!02-25 17:06:29
Request Successful!02-25 17:07:30
Request Successful!02-25 17:08:32
Request Successful!02-25 17:09:33
Request Successful!02-25 17:10:34
New alert more than 5 minutes! See details below: 
CRITICAL
for 1m 38s
Soft 1/2
B2Bi queue health: "B2Bi Logger 8"
on
B2Bi Application Server - Stream 1C
CRITICAL - Queue "B2Bi Logger 8" ("logger_1561"/"queue_13"):
New alert more than 5 minutes! See details below: 
CRITICAL
for 1m 38s
Soft 1/2
B2Bi queue health: "B2Bi Logger 11"
on
B2Bi Application Server - Stream 1C
CRITICAL - Queue "B2Bi Logger 11" ("logger_1567"/"queue_13"):
Request Successful!02-25 17:11:55
Request Successful!02-25 17:12:57
Request Successful!02-25 17:13:58
Request Successful!02-25 17:14:59
Request Successful!02-25 17:16:01
Request Successful!02-25 17:17:02
Request Successful!02-25 17:18:03
Request Successful!02-25 17:19:04
Request Successful!02-25 17:20:05
Request Successful!02-25 17:21:07
Request Successful!02-25 17:22:08
Request Successful!02-25 17:23:09
Request Successful!02-25 17:24:11
Request Successful!02-25 17:25:12
Request Successful!02-25 17:26:13
Request Successful!02-25 17:27:14
Request Successful!02-25 17:28:15
Request Successful!02-25 17:29:17
Request Successful!02-25 17:30:18
Request Successful!02-25 17:31:19
Request Successful!02-25 17:32:21
Request Successful!02-25 17:33:22
Request Successful!02-25 17:34:23
Request Successful!02-25 17:35:25
Request Successful!02-25 17:36:26
Request Successful!02-25 17:37:27
Request Successful!02-25 17:38:28
Request Successful!02-25 17:39:30
Request Successful!02-25 17:40:31
Request Successful!02-25 17:41:32
Request Successful!02-25 17:42:33
Request Successful!02-25 17:43:35
Request Successful!02-25 17:44:36
Request Successful!02-25 17:45:37
Request Successful!02-25 17:46:38
Request Successful!02-25 17:47:39
Request Successful!02-25 17:48:41
Request Successful!02-25 17:49:42
Request Successful!02-25 17:50:43
Request Successful!02-25 17:51:44
Request Successful!02-25 17:52:46
Request Successful!02-25 17:53:47
Request Successful!02-25 17:54:48
Request Successful!02-25 17:55:49
Request Successful!02-25 17:56:51
Request Successful!02-25 17:57:52
Request Successful!02-25 17:58:53
Request Successful!02-25 17:59:54
Request Successful!02-25 18:00:55
Request Successful!02-25 18:01:57
Request Successful!02-25 18:02:58
Request Successful!02-25 18:03:59
Request Successful!02-25 18:05:00
Request Successful!02-25 18:06:01
Request Successful!02-25 18:07:03
Request Successful!02-25 18:08:04
Request Successful!02-25 18:09:05
New alert more than 5 minutes! See details below: 
CRITICAL
for 1m 18s
Soft 1/2
B2Bi queue health: "B2Bi Logger 4"
on
B2Bi Application Server - Stream 1C
CRITICAL - Queue "B2Bi Logger 4" ("logger_952"/"queue_13"):
New alert more than 5 minutes! See details below: 
CRITICAL
for 1m 18s
Soft 1/2
B2Bi queue health: "B2Bi Logger 3"
on
B2Bi Application Server - Stream 1C
CRITICAL - Queue "B2Bi Logger 3" ("logger_950"/"queue_13"):
Request Successful!02-25 18:10:26
Request Successful!02-25 18:11:27
Request Successful!02-25 18:12:29
Request Successful!02-25 18:13:30
Request Successful!02-25 18:14:31
Request Successful!02-25 18:15:32
Request Successful!02-25 18:16:34
New alert more than 5 minutes! See details below: 
CRITICAL
for 1m 14s
Soft 1/2
B2Bi queue health: "B2Bi Logger 11"
on
B2Bi Application Server - Stream 1A
CRITICAL - Queue "B2Bi Logger 11" ("logger_1577"/"queue_13"):
Request Successful!02-25 18:17:45
Request Successful!02-25 18:18:46
Request Successful!02-25 18:19:48
Request Successful!02-25 18:20:49
Request Successful!02-25 18:21:50
Request Successful!02-25 18:22:51
Request Successful!02-25 18:23:53
Request Successful!02-25 18:24:54
Request Successful!02-25 18:25:55
Request Successful!02-25 18:26:57
Request Successful!02-25 18:27:58
New alert more than 5 minutes! See details below: 
CRITICAL
for 1m 33s
Soft 1/2
B2Bi queue health: "B2Bi Logger 10"
on
B2Bi Application Server - Stream 2A (Multicluster - VIP)
CRITICAL - Queue "B2Bi Logger 10" ("logger_1028"/"queue_16"):
Request Successful!02-25 18:29:09
Request Successful!02-25 18:30:11
Request Successful!02-25 18:31:12
Request Successful!02-25 18:32:13
Request Successful!02-25 18:33:14
Request Successful!02-25 18:34:15
Request Successful!02-25 18:35:17
Request Successful!02-25 18:36:18
Request Successful!02-25 18:37:19
Request Successful!02-25 18:38:20
Request Successful!02-25 18:39:21
Request Successful!02-25 18:40:23
Request Successful!02-25 18:41:24
Request Successful!02-25 18:42:25
Request Successful!02-25 18:43:26
Request Successful!02-25 18:44:27
Request Successful!02-25 18:45:29
Request Successful!02-25 18:46:30
Request Successful!02-25 18:47:31
Request Successful!02-25 18:48:32
Request Successful!02-25 18:49:33
Request Successful!02-25 18:50:35
Request Successful!02-25 18:51:36
Request Successful!02-25 18:52:37
Request Successful!02-25 18:53:38
Request Successful!02-25 18:54:39
Request Successful!02-25 18:55:41
Request Successful!02-25 18:56:42
Request Successful!02-25 18:57:43
Request Successful!02-25 18:58:45
Request Successful!02-25 18:59:46
Request Successful!02-25 19:00:47
Request Successful!02-25 19:01:49
Request Successful!02-25 19:02:50
Request Successful!02-25 19:03:51
Request Successful!02-25 19:04:53
Request Successful!02-25 19:05:54
Request Successful!02-25 19:06:55
Request Successful!02-25 19:07:57
New alert more than 5 minutes! See details below: 
CRITICAL
for 1m 42s
Soft 1/2
B2Bi queue health: "B2Bi Logger 11"
on
B2Bi Application Server - Stream 2B (Multicluster - VIP)
CRITICAL - Queue "B2Bi Logger 11" ("logger_1030"/"queue_16"):
Request Successful!02-25 19:09:08
Request Successful!02-25 19:10:10
Request Successful!02-25 19:11:11
Request Successful!02-25 19:12:12
Request Successful!02-25 19:13:14
Request Successful!02-25 19:14:15
Request Successful!02-25 19:15:16
Request Successful!02-25 19:16:17
Request Successful!02-25 19:17:19
Request Successful!02-25 19:18:20
Request Successful!02-25 19:19:21
Request Successful!02-25 19:20:23
Request Successful!02-25 19:21:24
Request Successful!02-25 19:22:25
Request Successful!02-25 19:23:26
Request Successful!02-25 19:24:28
New alert more than 5 minutes! See details below: 
CRITICAL
for 1m 50s
Soft 1/2
B2Bi queue health: "B2Bi Logger 10"
on
B2Bi Application Server - Stream 2B (Multicluster - VIP)
CRITICAL - Queue "B2Bi Logger 10" ("logger_1028"/"queue_16"):
Request Successful!02-25 19:25:39
Request Successful!02-25 19:26:40
Request Successful!02-25 19:27:42
Request Successful!02-25 19:28:43
Request Successful!02-25 19:29:44
Request Successful!02-25 19:30:45
Request Successful!02-25 19:31:46
Request Successful!02-25 19:32:48
Request Successful!02-25 19:33:49
Request Successful!02-25 19:34:51
Request Successful!02-25 19:35:52
Request Successful!02-25 19:36:53
Request Successful!02-25 19:37:55
Request Successful!02-25 19:38:56
Request Successful!02-25 19:39:57
Request Successful!02-25 19:40:58
Request Successful!02-25 19:41:59
Request Successful!02-25 19:43:01
New alert more than 5 minutes! See details below: 
CRITICAL
for 1m 21s
Soft 1/2
B2Bi queue health: "B2Bi Logger 18"
on
B2Bi Application Server - Stream 1B
CRITICAL - Queue "B2Bi Logger 18" ("logger_1529"/"queue_13"):
New alert more than 5 minutes! See details below: 
CRITICAL
for 1m 37s
Soft 1/2
B2Bi queue health: "B2Bi Logger 10"
on
B2Bi Application Server - Stream 2A (Multicluster - VIP)
CRITICAL - Queue "B2Bi Logger 10" ("logger_1028"/"queue_16"):
Request Successful!02-25 19:44:22
Request Successful!02-25 19:45:23
Request Successful!02-25 19:46:24
Request Successful!02-25 19:47:26
Request Successful!02-25 19:48:27
Request Successful!02-25 19:49:28
Request Successful!02-25 19:50:29
Request Successful!02-25 19:51:31
Request Successful!02-25 19:52:32
Request Successful!02-25 19:53:33
Request Successful!02-25 19:54:34
Request Successful!02-25 19:55:36
Request Successful!02-25 19:56:37
Request Successful!02-25 19:57:38
Request Successful!02-25 19:58:40
Request Successful!02-25 19:59:41
Request Successful!02-25 20:00:42
Request Successful!02-25 20:01:44
New alert more than 5 minutes! See details below: 
CRITICAL
for 1m 24s
Soft 1/2
B2Bi queue health: "B2Bi Logger 11"
on
B2Bi Application Server - Stream 1A
CRITICAL - Queue "B2Bi Logger 11" ("logger_1577"/"queue_13"):
Request Successful!02-25 20:02:55
Request Successful!02-25 20:03:56
Request Successful!02-25 20:04:58
Request Successful!02-25 20:05:59
Request Successful!02-25 20:07:00
Request Successful!02-25 20:08:01
Request Successful!02-25 20:09:02
Request Successful!02-25 20:10:04
Request Successful!02-25 20:11:05
Request Successful!02-25 20:12:06
Request Successful!02-25 20:13:07
Request Successful!02-25 20:14:08
Request Successful!02-25 20:15:10
Request Successful!02-25 20:16:11
Request Successful!02-25 20:17:12
Request Successful!02-25 20:18:13
Request Successful!02-25 20:19:14
Request Successful!02-25 20:20:16
Request Successful!02-25 20:21:17
Request Successful!02-25 20:22:18
New alert more than 5 minutes! See details below: 
CRITICAL
for 1m 31s
Soft 1/2
B2Bi queue health: "B2Bi Logger 9"
on
B2Bi Application Server - Stream 3E (Multicluster)
CRITICAL - Queue "B2Bi Logger 9" ("logger_1026"/"queue_16"):
Request Successful!02-25 20:23:29
Request Successful!02-25 20:24:31
Request Successful!02-25 20:25:32
Request Successful!02-25 20:26:33
Request Successful!02-25 20:27:34
Request Successful!02-25 20:28:36
Request Successful!02-25 20:29:37
Request Successful!02-25 20:30:38
Request Successful!02-25 20:31:40
Request Successful!02-25 20:32:41
Request Successful!02-25 20:33:42
Request Successful!02-25 20:34:43
Request Successful!02-25 20:35:45
Request Successful!02-25 20:36:46
Request Successful!02-25 20:37:48
Request Successful!02-25 20:38:49
Request Successful!02-25 20:39:50
Request Successful!02-25 20:40:51
Request Successful!02-25 20:41:52
Request Successful!02-25 20:42:54
Request Successful!02-25 20:43:55
Request Successful!02-25 20:44:56
Request Successful!02-25 20:45:58
Request Successful!02-25 20:46:59
Request Successful!02-25 20:48:00
Request Successful!02-25 20:49:01
Request Successful!02-25 20:50:03
Request Successful!02-25 20:51:04
Request Successful!02-25 20:52:06
Request Successful!02-25 20:53:07
Request Successful!02-25 20:54:08
Request Successful!02-25 20:55:09
Request Successful!02-25 20:56:11
Request Successful!02-25 20:57:12
Request Successful!02-25 20:58:13
Request Successful!02-25 20:59:14
Request Successful!02-25 21:00:15
Request Successful!02-25 21:01:17
Request Successful!02-25 21:02:18
Request Successful!02-25 21:03:19
Request Successful!02-25 21:04:21
Request Successful!02-25 21:05:22
Request Successful!02-25 21:06:23
Request Successful!02-25 21:07:24
Request Successful!02-25 21:08:26
Request Successful!02-25 21:09:27
Request Successful!02-25 21:10:28
Request Successful!02-25 21:11:29
Request Successful!02-25 21:12:31
Request Successful!02-25 21:13:32
Request Successful!02-25 21:14:33
Request Successful!02-25 21:15:34
Request Successful!02-25 21:16:36
Request Successful!02-25 21:17:37
Request Successful!02-25 21:18:38
Request Successful!02-25 21:19:39
Request Successful!02-25 21:20:40
Request Successful!02-25 21:21:42
Request Successful!02-25 21:22:43
Request Successful!02-25 21:23:44
Request Successful!02-25 21:24:45
Request Successful!02-25 21:25:47
New alert more than 5 minutes! See details below: 
CRITICAL
for 1m 27s
Soft 1/2
B2Bi queue health: "B2Bi Logger 12"
on
B2Bi Application Server - Stream 2A (Multicluster - VIP)
CRITICAL - Queue "B2Bi Logger 12" ("logger_1032"/"queue_16"):
Request Successful!02-25 21:26:59
Request Successful!02-25 21:28:00
Request Successful!02-25 21:29:01
Request Successful!02-25 21:30:02
Request Successful!02-25 21:31:04
Request Successful!02-25 21:32:05
New alert more than 5 minutes! See details below: 
CRITICAL
for 1m 47s
Soft 1/2
B2Bi queue health: "B2Bi Logger 11"
on
B2Bi Application Server - Stream 1A
CRITICAL - Queue "B2Bi Logger 11" ("logger_1577"/"queue_13"):
Request Successful!02-25 21:33:17
Request Successful!02-25 21:34:18
Request Successful!02-25 21:35:19
Request Successful!02-25 21:36:20
Request Successful!02-25 21:37:21
Request Successful!02-25 21:38:23
Request Successful!02-25 21:39:24
Request Successful!02-25 21:40:25
Request Successful!02-25 21:41:26
Request Successful!02-25 21:42:28
Request Successful!02-25 21:43:29
Request Successful!02-25 21:44:30
Request Successful!02-25 21:45:31
Request Successful!02-25 21:46:32
Request Successful!02-25 21:47:34
Request Successful!02-25 21:48:35
Request Successful!02-25 21:49:36
Request Successful!02-25 21:50:38
Request Successful!02-25 21:51:39
Request Successful!02-25 21:52:40
Request Successful!02-25 21:53:42
Request Successful!02-25 21:54:43
Request Successful!02-25 21:55:44
Request Successful!02-25 21:56:45
Request Successful!02-25 21:57:46
Request Successful!02-25 21:58:48
Request Successful!02-25 21:59:49
Request Successful!02-25 22:00:50
Request Successful!02-25 22:01:52
Request Successful!02-25 22:02:53
Request Successful!02-25 22:03:54
Request Successful!02-25 22:04:55
Request Successful!02-25 22:05:57
Request Successful!02-25 22:06:58
Request Successful!02-25 22:07:59
Request Successful!02-25 22:09:00
Request Successful!02-25 22:10:01
Request Successful!02-25 22:11:03
Request Successful!02-25 22:12:04
Request Successful!02-25 22:13:05
Request Successful!02-25 22:14:06
Request Successful!02-25 22:15:08
Request Successful!02-25 22:16:09
Request Successful!02-25 22:17:10
Request Successful!02-25 22:18:11
Request Successful!02-25 22:19:12
Request Successful!02-25 22:20:14
Request Successful!02-25 22:21:15
Request Successful!02-25 22:22:16
Request Successful!02-25 22:23:17
Request Successful!02-25 22:24:19
New alert more than 5 minutes! See details below: 
CRITICAL
for 1m 32s
Soft 1/2
B2Bi queue health: "B2Bi Logger 3"
on
B2Bi Application Server - Stream 1C
CRITICAL - Queue "B2Bi Logger 3" ("logger_950"/"queue_13"):
Request Successful!02-25 22:25:30
Request Successful!02-25 22:26:31
Request Successful!02-25 22:27:33
Request Successful!02-25 22:28:34
Request Successful!02-25 22:29:35
Request Successful!02-25 22:30:36
Request Successful!02-25 22:31:37
Request Successful!02-25 22:32:39
Request Successful!02-25 22:33:40
Request Successful!02-25 22:34:41
Request Successful!02-25 22:35:42
Request Successful!02-25 22:36:44
Request Successful!02-25 22:37:45
Request Successful!02-25 22:38:46
Request Successful!02-25 22:39:47
New alert more than 5 minutes! See details below: 
CRITICAL
for 1m 50s
Soft 1/2
B2Bi queue health: "B2Bi Logger 13"
on
B2Bi Application Server - Stream 1B
CRITICAL - Queue "B2Bi Logger 13" ("logger_1519"/"queue_13"):
Request Successful!02-25 22:40:59
Request Successful!02-25 22:42:00
Request Successful!02-25 22:43:01
Request Successful!02-25 22:44:02
Request Successful!02-25 22:45:03
Request Successful!02-25 22:46:05
Request Successful!02-25 22:47:06
New alert more than 5 minutes! See details below: 
CRITICAL
for 1m 48s
Soft 1/2
B2Bi queue health: "B2Bi Logger 11"
on
B2Bi Application Server - Stream 1A
CRITICAL - Queue "B2Bi Logger 11" ("logger_1577"/"queue_13"):
Request Successful!02-25 22:48:17
Request Successful!02-25 22:49:19
Request Successful!02-25 22:50:20
Request Successful!02-25 22:51:21
Request Successful!02-25 22:52:22
Request Successful!02-25 22:53:24
Request Successful!02-25 22:54:25
Request Successful!02-25 22:55:26
Request Successful!02-25 22:56:27
Request Successful!02-25 22:57:28
Request Successful!02-25 22:58:30
Request Successful!02-25 22:59:31
Request Successful!02-25 23:00:32
Request Successful!02-25 23:01:33
Request Successful!02-25 23:02:35
Request Successful!02-25 23:03:36
Request Successful!02-25 23:04:37
Request Successful!02-25 23:05:38
Request Successful!02-25 23:06:39
Request Successful!02-25 23:07:41
Request Successful!02-25 23:08:42
Request Successful!02-25 23:09:43
Request Successful!02-25 23:10:44
Request Successful!02-25 23:11:46
Request Successful!02-25 23:12:47
Request Successful!02-25 23:13:48
Request Successful!02-25 23:14:49
Request Successful!02-25 23:15:51
Request Successful!02-25 23:16:52
