Request Successful!03-22 17:19:06
Request Successful!03-22 17:20:07
Request Successful!03-22 17:21:09
Request Successful!03-22 17:22:11
Request Successful!03-22 17:23:13
Request Successful!03-22 17:24:14
Request Successful!03-22 17:25:16
Request Successful!03-22 17:26:18
Request Successful!03-22 17:27:20
Request Successful!03-22 17:28:22
Request Successful!03-22 17:29:23
Request Successful!03-22 17:30:25
Request Successful!03-22 18:01:39
Request Successful!03-22 18:02:40
Request Successful!03-22 18:03:42
Request Successful!03-22 18:04:44
Request Successful!03-22 18:05:45
Request Successful!03-22 18:06:47
Request Successful!03-22 18:07:48
Request Successful!03-22 18:08:50
Request Successful!03-22 18:09:52
Request Successful!03-22 18:10:53
Request Successful!03-22 18:11:55
Request Successful!03-22 18:12:57
Request Successful!03-22 18:13:58
Request Successful!03-22 18:15:00
Request Successful!03-22 18:16:02
Request Successful!03-22 18:17:03
Request Successful!03-22 18:18:05
Request Successful!03-22 18:19:07
Request Successful!03-22 18:20:09
Request Successful!03-22 18:21:10
Request Successful!03-22 18:22:12
Request Successful!03-22 18:23:14
Request Successful!03-22 18:24:15
Request Successful!03-22 18:25:17
Request Successful!03-22 18:26:19
Request Successful!03-22 18:27:20
Request Successful!03-22 18:28:22
New alert more than 5 minutes! See details below: 
CRITICAL
for 1m 2s
Soft 1/2
B2Bi queue health: "B2Bi Logger 18"
on
B2Bi Application Server - Stream 3A (Multicluster)
CRITICAL - Queue "B2Bi Logger 18" ("logger_1044"/"queue_16"):
Request Successful!03-22 18:29:34
Request Successful!03-22 18:30:35
Request Successful!03-22 18:31:37
Request Successful!03-22 18:32:39
Request Successful!03-22 18:33:40
Request Successful!03-22 18:34:42
Request Successful!03-22 18:35:44
Request Successful!03-22 18:36:46
Request Successful!03-22 18:37:48
Request Successful!03-22 18:38:49
Request Successful!03-22 18:39:51
New alert more than 5 minutes! See details below: 
CRITICAL
for 1m 26s
Soft 1/2
B2Bi queue health: "B2Bi Logger 14"
on
B2Bi Application Server - Stream 2B (Multicluster - VIP)
CRITICAL - Queue "B2Bi Logger 14" ("logger_1036"/"queue_16"):
Request Successful!03-22 18:41:02
Request Successful!03-22 18:42:04
Request Successful!03-22 18:43:06
Request Successful!03-22 18:44:08
Request Successful!03-22 18:45:10
Request Successful!03-22 18:46:12
Request Successful!03-22 18:47:14
Request Successful!03-22 18:48:15
Request Successful!03-22 18:49:17
Request Successful!03-22 18:50:19
Request Successful!03-22 18:51:20
Request Successful!03-22 18:52:22
Request Successful!03-22 18:53:24
Request Successful!03-22 18:54:25
Request Successful!03-22 18:55:27
Request Successful!03-22 18:56:28
Request Successful!03-22 18:57:30
Request Successful!03-22 18:58:32
Request Successful!03-22 18:59:34
Request Successful!03-22 19:00:35
Request Successful!03-22 19:01:37
Request Successful!03-22 19:02:39
Request Successful!03-22 19:03:40
Request Successful!03-22 19:04:44
Request Successful!03-22 19:05:46
Request Successful!03-22 19:06:48
Request Successful!03-22 19:07:50
Request Successful!03-22 19:08:52
Request Successful!03-22 19:09:53
Request Successful!03-22 19:10:55
Request Successful!03-22 19:11:57
Request Successful!03-22 19:12:59
Request Successful!03-22 19:14:00
Request Successful!03-22 19:15:02
Request Successful!03-22 19:16:04
Request Successful!03-22 19:17:06
Request Successful!03-22 19:18:08
New alert more than 5 minutes! See details below: 
CRITICAL
for 1m 57s
Soft 1/2
B2Bi queue health: "B2Bi CI HME - PROD_Framework_Parallel_001.SEND_SendMessageToB2BIRemote_1C_sequential_HM"
on
B2Bi Application Server - Stream 3A (Multicluster)
CRITICAL - Queue "B2Bi CI HME - PROD_Framework_Parallel_001.SEND_SendMessageToB2BIRemote_1C_sequential_HM" ("hierchmessage_10403"/"queue_16"):
Request Successful!03-22 19:19:20
Request Successful!03-22 19:20:22
Request Successful!03-22 19:21:24
Request Successful!03-22 19:22:26
Request Successful!03-22 19:23:27
Request Successful!03-22 19:24:29
Request Successful!03-22 19:25:31
Request Successful!03-22 19:26:33
Request Successful!03-22 19:27:35
Request Successful!03-22 19:28:37
Request Successful!03-22 19:29:39
Request Successful!03-22 19:30:40
Request Successful!03-22 19:31:42
Request Successful!03-22 19:32:43
Request Successful!03-22 19:33:45
Request Successful!03-22 19:34:47
Request Successful!03-22 19:35:49
Request Successful!03-22 19:36:50
Request Successful!03-22 19:37:52
Request Successful!03-22 19:38:54
Request Successful!03-22 19:39:56
Request Successful!03-22 19:40:57
Request Successful!03-22 19:41:59
Request Successful!03-22 19:43:01
Request Successful!03-22 19:44:03
Request Successful!03-22 19:45:05
Request Successful!03-22 19:46:07
Request Successful!03-22 19:47:09
Request Successful!03-22 19:48:11
Request Successful!03-22 19:49:12
Request Successful!03-22 19:50:14
Request Successful!03-22 19:51:16
Request Successful!03-22 19:52:18
Request Successful!03-22 19:53:19
Request Successful!03-22 19:54:21
Request Successful!03-22 19:55:22
Request Successful!03-22 19:56:24
Request Successful!03-22 19:57:25
Request Successful!03-22 19:58:26
Request Successful!03-22 19:59:28
Request Successful!03-22 20:00:29
Request Successful!03-22 20:01:31
Request Successful!03-22 20:02:32
Request Successful!03-22 20:03:34
Request Successful!03-22 20:04:35
Request Successful!03-22 20:05:37
Request Successful!03-22 20:06:38
Request Successful!03-22 20:07:39
Request Successful!03-22 20:08:41
Request Successful!03-22 20:09:42
Request Successful!03-22 20:10:44
Request Successful!03-22 20:11:45
Request Successful!03-22 20:12:47
Request Successful!03-22 20:13:48
Request Successful!03-22 20:14:49
Request Successful!03-22 20:15:51
Request Successful!03-22 20:16:52
Request Successful!03-22 20:17:54
New alert more than 5 minutes! See details below: 
CRITICAL
for 1m 34s
Soft 1/2
B2Bi queue health: "B2Bi CI HME - PROD_Framework_Parallel_001.401_SerialSTD_Dyn_10_ExecuteMasterDynMBC_HM"
on
B2Bi Application Server - Stream 1C
CRITICAL - Queue "B2Bi CI HME - PROD_Framework_Parallel_001.401_SerialSTD_Dyn_10_ExecuteMasterDynMBC_HM" ("hierchmessage_7335"/"queue_13"):
Request Successful!03-22 20:19:05
Request Successful!03-22 20:20:07
New alert more than 5 minutes! See details below: 
CRITICAL
for 1m 33s
Soft 1/2
B2Bi queue health: "B2Bi CI HME - PROD_Framework_Parallel_001.201_Serial_Dyn_10_ExecuteMasterDynMBC_HM"
on
B2Bi Application Server - Stream 1C
CRITICAL - Queue "B2Bi CI HME - PROD_Framework_Parallel_001.201_Serial_Dyn_10_ExecuteMasterDynMBC_HM" ("hierchmessage_7177"/"queue_13"):
Request Successful!03-22 20:21:18
Request Successful!03-22 20:22:19
Request Successful!03-22 20:23:21
Request Successful!03-22 20:24:22
Request Successful!03-22 20:25:24
Request Successful!03-22 20:26:25
Request Successful!03-22 20:27:27
New alert more than 5 minutes! See details below: 
CRITICAL
for 1m 55s
Soft 1/2
JMS Loop - Send test file to scintilla and expect it back.
on
B2Bi Application Server - Stream 1C
Timed out waiting for test file after 570 seconds.
Request Successful!03-22 20:28:38
Request Successful!03-22 20:29:39
Request Successful!03-22 20:30:41
Request Successful!03-22 20:31:42
Request Successful!03-22 20:32:44
Request Successful!03-22 20:33:45
Request Successful!03-22 20:34:47
Request Successful!03-22 20:35:48
Request Successful!03-22 20:36:50
Request Successful!03-22 20:37:51
Request Successful!03-22 20:38:52
Request Successful!03-22 20:39:54
Request Successful!03-22 20:40:55
Request Successful!03-22 20:41:57
Request Successful!03-22 20:42:58
Request Successful!03-22 20:44:00
Request Successful!03-22 20:45:01
Request Successful!03-22 20:46:03
New alert more than 5 minutes! See details below: 
CRITICAL
for 1m 24s
Soft 1/2
B2Bi queue health: "B2Bi Logger 13"
on
B2Bi Application Server - Stream 1A
CRITICAL - Queue "B2Bi Logger 13" ("logger_12480"/"queue_13"):
Request Successful!03-22 20:47:14
Request Successful!03-22 20:48:16
Request Successful!03-22 20:49:17
Request Successful!03-22 20:50:19
Request Successful!03-22 20:51:20
New alert more than 5 minutes! See details below: 
CRITICAL
for 1m 50s
Soft 1/2
JMS Loop - Send test file to scintilla and expect it back.
on
B2Bi Application Server - Stream 3A (Multicluster)
Timed out waiting for test file after 570 seconds.
Request Successful!03-22 20:52:32
Request Successful!03-22 20:53:33
Request Successful!03-22 20:54:35
Request Successful!03-22 20:55:37
Request Successful!03-22 20:56:39
Request Successful!03-22 20:57:41
Request Successful!03-22 20:58:43
Request Successful!03-22 20:59:45
Request Successful!03-22 21:00:47
Request Successful!03-22 21:01:49
Request Successful!03-22 21:02:51
Request Successful!03-22 21:03:52
Request Successful!03-22 21:04:54
Request Successful!03-22 21:05:55
Request Successful!03-22 21:06:57
Request Successful!03-22 21:07:59
Request Successful!03-22 21:09:01
Request Successful!03-22 21:10:03
Request Successful!03-22 21:11:05
Request Successful!03-22 21:12:07
Request Successful!03-22 21:13:09
Request Successful!03-22 21:14:10
Request Successful!03-22 21:15:12
Request Successful!03-22 21:16:14
Request Successful!03-22 21:17:16
Request Successful!03-22 21:18:18
New alert more than 5 minutes! See details below: 
CRITICAL
for 1m 56s
B2Bi queue health: "B2Bi CI HME - PROD_Framework_Parallel_001.Z_Local_402_Serial_Out_20_InhouseEnveloper(Inhouse)_4_SAG_ETGOIT_HM"
on
B2Bi Application Server - Stream 1B
CRITICAL - Queue "B2Bi CI HME - PROD_Framework_Parallel_001.Z_Local_402_Serial_Out_20_InhouseEnveloper(Inhouse)_4_SAG_ETGOIT_HM" ("hierchmessage_11217"/"queue_13"):
Request Successful!03-22 21:19:30
Request Successful!03-22 21:20:32
Request Successful!03-22 21:21:34
New alert more than 5 minutes! See details below: 
CRITICAL
for 1m 1s
Soft 1/2
B2Bi queue health: "B2Bi CI HME - PROD_Framework_Parallel_001.201_Serial_Dyn_10_ExecuteMasterDynMBC_HM"
on
B2Bi Application Server - Stream 1A
CRITICAL - Queue "B2Bi CI HME - PROD_Framework_Parallel_001.201_Serial_Dyn_10_ExecuteMasterDynMBC_HM" ("hierchmessage_2215"/"queue_13"):
Request Successful!03-22 21:22:44
Request Successful!03-22 21:23:46
Request Successful!03-22 21:24:48
Request Successful!03-22 21:25:50
Request Successful!03-22 21:26:52
HTTPSConnectionPool(host='b2biprddep1.sl3.comp.db.de', port=443): Max retries exceeded with url: /icingaweb2/monitoring/list/services?service_problem=1&sort=service_severity&dir=desc (Caused by SSLError(SSLEOFError(8, '[SSL: UNEXPECTED_EOF_WHILE_READING] EOF occurred in violation of protocol (_ssl.c:1006)')))
Request Successful!03-22 21:28:59
Request Successful!03-22 21:30:01
Request Successful!03-22 21:31:03
Request Successful!03-22 21:32:05
New alert more than 5 minutes! See details below: 
CRITICAL
for 1m 16s
Soft 1/2
B2Bi queue health: "B2Bi CI HME - PROD_Framework_Parallel_001.201_Serial_Out_80_FetchCom_HM"
on
B2Bi Application Server - Stream 1B
CRITICAL - Queue "B2Bi CI HME - PROD_Framework_Parallel_001.201_Serial_Out_80_FetchCom_HM" ("hierchmessage_7196"/"queue_13"):
Request Successful!03-22 21:33:16
Request Successful!03-22 21:34:18
('Connection aborted.', ConnectionResetError(10054, '远程主机强迫关闭了一个现有的连接。', None, 10054, None))
Request Successful!03-22 21:36:25
Request Successful!03-22 21:37:26
Request Successful!03-22 21:38:28
Request Successful!03-22 21:39:29
Request Successful!03-22 21:40:31
Request Successful!03-22 21:41:33
Request Successful!03-22 21:42:35
Request Successful!03-22 21:43:37
Request Successful!03-22 21:44:39
Request Successful!03-22 21:45:40
Request Successful!03-22 21:46:42
Request Successful!03-22 21:47:44
Request Successful!03-22 21:48:46
New alert more than 5 minutes! See details below: 
CRITICAL
for 1m 56s
Soft 1/2
B2Bi queue health: "B2Bi CI HME - PROD_Framework_Parallel_001.401_SerialSTD_Dyn_10_ExecuteMasterDynMBC_HM"
on
B2Bi Application Server - Stream 1C
CRITICAL - Queue "B2Bi CI HME - PROD_Framework_Parallel_001.401_SerialSTD_Dyn_10_ExecuteMasterDynMBC_HM" ("hierchmessage_7335"/"queue_13"):
Request Successful!03-22 21:49:57
Request Successful!03-22 21:50:59
Request Successful!03-22 21:52:01
Request Successful!03-22 21:53:03
Request Successful!03-22 21:54:05
Request Successful!03-22 21:55:07
Request Successful!03-22 21:56:09
Request Successful!03-22 21:57:11
Request Successful!03-22 21:58:13
Request Successful!03-22 21:59:14
Request Successful!03-22 22:00:16
Request Successful!03-22 22:01:18
Request Successful!03-22 22:02:20
Request Successful!03-22 22:03:22
Request Successful!03-22 22:04:24
New alert more than 5 minutes! See details below: 
CRITICAL
for 1m 40s
Soft 1/2
B2Bi queue health: "B2Bi Logger 16"
on
B2Bi Application Server - Stream 3C (Multicluster)
CRITICAL - Queue "B2Bi Logger 16" ("logger_1040"/"queue_16"):
Request Successful!03-22 22:05:35
Request Successful!03-22 22:06:37
New alert more than 5 minutes! See details below: 
CRITICAL
for 1m 7s
Soft 1/2
B2Bi queue health: "B2Bi Logger 2"
on
B2Bi Application Server - Stream 3A (Multicluster)
CRITICAL - Queue "B2Bi Logger 2" ("logger_1012"/"queue_16"):
Request Successful!03-22 22:07:48
Request Successful!03-22 22:08:50
Request Successful!03-22 22:09:51
Request Successful!03-22 22:10:53
Request Successful!03-22 22:11:55
Request Successful!03-22 22:12:57
Request Successful!03-22 22:13:59
New alert more than 5 minutes! See details below: 
CRITICAL
for 1m 39s
Check that ComSys pickup directory /app/sword/shared/comsys/Parallel3/pickups/comsys_parallel doesn't contain too many files.
on
Communication Server Production
CRITICAL : /app/sword/shared/comsys/Parallel3/pickups/comsys_parallel holds 2908 files. Critical limit 1000 exceeded.
Request Successful!03-22 22:15:10
New alert more than 5 minutes! See details below: 
CRITICAL
for 1m 40s
Soft 1/2
B2Bi queue health: "B2Bi Logger 11"
on
B2Bi Application Server - Stream 2A (Multicluster - VIP)
CRITICAL - Queue "B2Bi Logger 11" ("logger_1030"/"queue_16"):
New alert more than 5 minutes! See details below: 
CRITICAL
for 2m 50s
Check that ComSys pickup directory /app/sword/shared/comsys/Parallel3/pickups/comsys_parallel doesn't contain too many files.
on
Communication Server Production
CRITICAL : /app/sword/shared/comsys/Parallel3/pickups/comsys_parallel holds 2908 files. Critical limit 1000 exceeded.
Request Successful!03-22 22:16:30
Request Successful!03-22 22:17:32
Request Successful!03-22 22:18:34
Request Successful!03-22 22:19:36
Request Successful!03-22 22:20:37
Request Successful!03-22 22:21:39
New alert more than 5 minutes! See details below: 
CRITICAL
for 1m 7s
Soft 1/2
B2Bi queue health: "B2Bi CI HME - PROD_Framework_Parallel_001.201_Serial_Dyn_10_ExecuteMasterDynMBC_HM"
on
B2Bi Application Server - Stream 1A
CRITICAL - Queue "B2Bi CI HME - PROD_Framework_Parallel_001.201_Serial_Dyn_10_ExecuteMasterDynMBC_HM" ("hierchmessage_2215"/"queue_13"):
Request Successful!03-22 22:22:50
Request Successful!03-22 22:23:52
Request Successful!03-22 22:24:54
Request Successful!03-22 22:25:56
Request Successful!03-22 22:26:58
Request Successful!03-22 22:28:00
Request Successful!03-22 22:29:02
Request Successful!03-22 22:30:04
Request Successful!03-22 22:31:06
Request Successful!03-22 22:32:07
Request Successful!03-22 22:33:09
Request Successful!03-22 22:34:11
Request Successful!03-22 22:35:13
Request Successful!03-22 22:36:15
Request Successful!03-22 22:37:16
Request Successful!03-22 22:38:18
Request Successful!03-22 22:39:19
Request Successful!03-22 22:40:21
Request Successful!03-22 22:41:22
Request Successful!03-22 22:42:24
Request Successful!03-22 22:43:25
Request Successful!03-22 22:44:26
Request Successful!03-22 22:45:28
Request Successful!03-22 22:46:29
Request Successful!03-22 22:47:31
Request Successful!03-22 22:48:32
Request Successful!03-22 22:49:34
Request Successful!03-22 22:50:35
Request Successful!03-22 22:51:37
Request Successful!03-22 22:52:38
Request Successful!03-22 22:53:40
Request Successful!03-22 22:54:41
Request Successful!03-22 22:55:43
Request Successful!03-22 22:56:44
Request Successful!03-22 22:57:46
Request Successful!03-22 22:58:47
Request Successful!03-22 22:59:49
Request Successful!03-22 23:00:50
Request Successful!03-22 23:01:52
Request Successful!03-22 23:02:53
Request Successful!03-22 23:03:55
Request Successful!03-22 23:04:56
Request Successful!03-22 23:05:58
Request Successful!03-22 23:06:59
Request Successful!03-22 23:08:01
New alert more than 5 minutes! See details below: 
CRITICAL
for 1m 3s
Soft 1/2
B2Bi queue health: "B2Bi Logger 17"
on
B2Bi Application Server - Stream 2B (Multicluster - VIP)
CRITICAL - Queue "B2Bi Logger 17" ("logger_1042"/"queue_16"):
Request Successful!03-22 23:09:11
Request Successful!03-22 23:10:13
Request Successful!03-22 23:11:14
Request Successful!03-22 23:12:16
Request Successful!03-22 23:13:17
Request Successful!03-22 23:14:19
Request Successful!03-22 23:15:20
Request Successful!03-22 23:16:21
Request Successful!03-22 23:17:23
New alert more than 5 minutes! See details below: 
CRITICAL
for 1m 26s
Soft 1/2
B2Bi queue health: "B2Bi CI HME - PROD_Framework_Parallel_001.Z_Local_402_Serial_Out_20_InhouseEnveloper(Inhouse)_4_SAG_ETGOIT_HM"
on
B2Bi Application Server - Stream 1B
CRITICAL - Queue "B2Bi CI HME - PROD_Framework_Parallel_001.Z_Local_402_Serial_Out_20_InhouseEnveloper(Inhouse)_4_SAG_ETGOIT_HM" ("hierchmessage_11217"/"queue_13"):
Request Successful!03-22 23:18:35
New alert more than 5 minutes! See details below: 
CRITICAL
for 2m 38s
B2Bi queue health: "B2Bi CI HME - PROD_Framework_Parallel_001.Z_Local_402_Serial_Out_20_InhouseEnveloper(Inhouse)_4_SAG_ETGOIT_HM"
on
B2Bi Application Server - Stream 1B
CRITICAL - Queue "B2Bi CI HME - PROD_Framework_Parallel_001.Z_Local_402_Serial_Out_20_InhouseEnveloper(Inhouse)_4_SAG_ETGOIT_HM" ("hierchmessage_11217"/"queue_13"):
Request Successful!03-22 23:19:46
New alert more than 5 minutes! See details below: 
CRITICAL
for 1m 9s
Soft 1/2
B2Bi queue health: "B2Bi CI HME - PROD_Framework_Parallel_001.201_Serial_Dyn_10_ExecuteMasterDynMBC_HM"
on
B2Bi Application Server - Stream 1C
CRITICAL - Queue "B2Bi CI HME - PROD_Framework_Parallel_001.201_Serial_Dyn_10_ExecuteMasterDynMBC_HM" ("hierchmessage_7177"/"queue_13"):
Request Successful!03-22 23:20:57
Request Successful!03-22 23:21:59
Request Successful!03-22 23:23:00
Request Successful!03-22 23:24:02
Request Successful!03-22 23:25:03
Request Successful!03-22 23:26:05
Request Successful!03-22 23:27:06
Request Successful!03-22 23:28:08
Request Successful!03-22 23:29:09
Request Successful!03-22 23:30:11
Request Successful!03-22 23:31:12
Request Successful!03-22 23:32:14
Request Successful!03-22 23:33:15
Request Successful!03-22 23:34:16
Request Successful!03-22 23:35:18
Request Successful!03-22 23:36:20
Request Successful!03-22 23:37:21
Request Successful!03-22 23:38:23
Request Successful!03-22 23:39:25
Request Successful!03-22 23:40:26
Request Successful!03-22 23:41:28
Request Successful!03-22 23:42:30
Request Successful!03-22 23:43:31
Request Successful!03-22 23:44:33
Request Successful!03-22 23:45:34
Request Successful!03-22 23:46:36
Request Successful!03-22 23:47:37
New alert more than 5 minutes! See details below: 
CRITICAL
for 1m 13s
Soft 1/2
B2Bi queue health: "B2Bi Logger 18"
on
B2Bi Application Server - Stream 3E (Multicluster)
CRITICAL - Queue "B2Bi Logger 18" ("logger_1044"/"queue_16"):
