Request Successful!09-16 15:36:32
Request Successful!09-16 15:39:33
Request Successful!09-16 15:42:35
Request Successful!09-16 15:45:37
Request Successful!09-16 15:48:38
Request Successful!09-16 15:51:39
HTTPSConnectionPool(host='b2biprddep1.sl3.comp.db.de', port=443): Max retries exceeded with url: /icingaweb2/monitoring/list/services?service_problem=1&sort=service_severity&dir=desc (Caused by SSLError(SSLEOFError(8, '[SSL: UNEXPECTED_EOF_WHILE_READING] EOF occurred in violation of protocol (_ssl.c:1006)')))
Request Successful!09-16 15:57:47
Request Successful!09-16 16:00:48
Request Successful!09-16 16:03:49
Request Successful!09-16 16:06:51
Request Successful!09-16 16:09:52
Request Successful!09-16 16:12:53
Request Successful!09-16 16:15:55
Request Successful!09-16 16:18:56
Request Successful!09-16 16:21:57
Request Successful!09-16 16:24:59
Request Successful!09-16 16:28:00
Request Successful!09-16 16:31:01
Request Successful!09-16 16:34:03
Request Successful!09-16 16:37:04
Request Successful!09-16 16:40:06
Request Successful!09-16 16:43:07
Request Successful!09-16 16:46:09
Request Successful!09-16 16:49:10
Request Successful!09-16 16:52:12
Request Successful!09-16 16:55:13
Request Successful!09-16 16:58:14
Request Successful!09-16 17:01:15
Request Successful!09-16 17:04:17
Request Successful!09-16 17:07:18
Request Successful!09-16 17:10:19
Request Successful!09-16 17:13:21
Request Successful!09-16 17:16:22
Request Successful!09-16 17:19:23
Request Successful!09-16 17:22:25
Request Successful!09-16 17:25:26
Request Successful!09-16 17:28:28
Request Successful!09-16 17:31:29
Request Successful!09-16 17:34:30
Request Successful!09-16 17:37:31
Request Successful!09-16 17:40:33
Request Successful!09-16 17:43:34
Request Successful!09-16 17:46:36
Request Successful!09-16 17:49:37
Request Successful!09-16 17:52:38
Request Successful!09-16 17:55:39
Request Successful!09-16 17:58:41
Request Successful!09-16 18:01:42
Request Successful!09-16 18:04:44
Request Successful!09-16 18:07:45
Request Successful!09-16 18:10:47
Request Successful!09-16 18:13:48
Request Successful!09-16 18:16:49
Request Successful!09-16 18:19:51
Request Successful!09-16 18:22:53
Request Successful!09-16 18:25:54
New alert more than 5 minutes! See details below: 
CRITICAL
for 3m 34s
Icinga Cluster-Zone Status: b2biprdxsr1.sl3.comp.db.de
on
b2biprddep1.sl3.comp.db.de
Zone 'b2biprdxsr1.sl3.comp.db.de' is not connected. Log lag: 3 minutes and 37 seconds
New alert more than 5 minutes! See details below: 
CRITICAL
for 3m 46s
Icinga Cluster Status
on
b2biprddep1.sl3.comp.db.de
Icinga 2 Cluster Problem: 1 endpoints are not connected.
Request Successful!09-16 18:29:17
New alert more than 5 minutes! See details below: 
CRITICAL
for 6m 56s
Icinga Cluster-Zone Status: b2biprdxsr1.sl3.comp.db.de
on
b2biprddep1.sl3.comp.db.de
Zone 'b2biprdxsr1.sl3.comp.db.de' is not connected. Log lag: 6 minutes and 37 seconds
Request Successful!09-16 18:32:29
New alert more than 5 minutes! See details below: 
CRITICAL
for 3m 44s
B2Bi queue health: "B2Bi CI HME - PROD_Framework_Parallel_001.101_Parallel_Inb_10_FetchRef_HM"
on
B2Bi Application Server - Stream 3C (Multicluster)
CRITICAL - Queue "B2Bi CI HME - PROD_Framework_Parallel_001.101_Parallel_Inb_10_FetchRef_HM" ("hierchmessage_9799"/"queue_16"):
Request Successful!09-16 18:35:42
New alert more than 5 minutes! See details below: 
CRITICAL
for 6m 56s
B2Bi queue health: "B2Bi CI HME - PROD_Framework_Parallel_001.101_Parallel_Inb_10_FetchRef_HM"
on
B2Bi Application Server - Stream 3C (Multicluster)
CRITICAL - Queue "B2Bi CI HME - PROD_Framework_Parallel_001.101_Parallel_Inb_10_FetchRef_HM" ("hierchmessage_9799"/"queue_16"):
Request Successful!09-16 18:38:54
Request Successful!09-16 18:41:56
Request Successful!09-16 18:44:57
Request Successful!09-16 18:47:59
Request Successful!09-16 18:51:00
Request Successful!09-16 18:54:02
Request Successful!09-16 18:57:03
Request Successful!09-16 19:00:05
Request Successful!09-16 19:03:07
Request Successful!09-16 19:06:08
Request Successful!09-16 19:09:10
Request Successful!09-16 19:12:11
Request Successful!09-16 19:15:13
Request Successful!09-16 19:18:15
Request Successful!09-16 19:21:16
Request Successful!09-16 19:24:18
check if there is a ticket. One critical alert is existed since 18:22
check if there is a ticket. One critical alert is existed since 18:22
Request Successful!09-16 19:27:19
Request Successful!09-16 19:30:20
Request Successful!09-16 19:33:22
Request Successful!09-16 19:36:23
Request Successful!09-16 19:39:24
Request Successful!09-16 19:42:26
Request Successful!09-16 19:45:27
Request Successful!09-16 19:48:28
Request Successful!09-16 19:51:30
Request Successful!09-16 19:54:31
Request Successful!09-16 19:57:32
Request Successful!09-16 20:00:34
Request Successful!09-16 20:03:35
Request Successful!09-16 20:06:36
Request Successful!09-16 20:09:38
Request Successful!09-16 20:12:39
Request Successful!09-16 20:15:41
Request Successful!09-16 20:18:42
Request Successful!09-16 20:21:43
Request Successful!09-16 20:24:45
Request Successful!09-16 20:27:46
Request Successful!09-16 20:30:47
New alert more than 5 minutes! See details below: 
CRITICAL
for 3m 45s
B2Bi queue health: "B2Bi CI HME - PROD_Framework_Parallel_001.101_Parallel_Inb_10_FetchRef_HM"
on
B2Bi Application Server - Stream 3B (Multicluster)
CRITICAL - Queue "B2Bi CI HME - PROD_Framework_Parallel_001.101_Parallel_Inb_10_FetchRef_HM" ("hierchmessage_9799"/"queue_16"):
Request Successful!09-16 20:34:00
New alert more than 5 minutes! See details below: 
CRITICAL
for 6m 57s
B2Bi queue health: "B2Bi CI HME - PROD_Framework_Parallel_001.101_Parallel_Inb_10_FetchRef_HM"
on
B2Bi Application Server - Stream 3B (Multicluster)
CRITICAL - Queue "B2Bi CI HME - PROD_Framework_Parallel_001.101_Parallel_Inb_10_FetchRef_HM" ("hierchmessage_9799"/"queue_16"):
Request Successful!09-16 20:37:12
Request Successful!09-16 20:40:14
Request Successful!09-16 20:43:15
New alert more than 5 minutes! See details below: 
CRITICAL
for 4m 34s
Checking for files in JMSClient error directories under /app/sword/schenker/jmsclients
on
Communication Server 1 Production
CRIT : 1 JMSClients with issues! Found a total of 2 files in todays (2024/09/16) error subdirectories.
Request Successful!09-16 20:46:28
Request Successful!09-16 20:49:29
Request Successful!09-16 20:52:30
Request Successful!09-16 20:55:32
Request Successful!09-16 20:58:33
Request Successful!09-16 21:01:35
Request Successful!09-16 21:04:36
Request Successful!09-16 21:07:37
Request Successful!09-16 21:10:39
Request Successful!09-16 21:13:40
Request Successful!09-16 21:16:41
Request Successful!09-16 21:19:43
Request Successful!09-16 21:22:44
Request Successful!09-16 21:25:46
Request Successful!09-16 21:28:47
Request Successful!09-16 21:31:49
Request Successful!09-16 21:34:50
Request Successful!09-16 21:37:52
Request Successful!09-16 21:40:54
New alert more than 5 minutes! See details below: 
CRITICAL
for 5m 48s
B2Bi queue health: "B2Bi CI HME - PROD_Framework_Parallel_001.Z_Local_402_Serial_Out_20_InhouseEnveloper(Inhouse)_4_SAG_ETGOIT_HM"
on
B2Bi Application Server - Stream 1B
CRITICAL - Queue "B2Bi CI HME - PROD_Framework_Parallel_001.Z_Local_402_Serial_Out_20_InhouseEnveloper(Inhouse)_4_SAG_ETGOIT_HM" ("hierchmessage_11217"/"queue_13"):
Request Successful!09-16 21:44:06
Request Successful!09-16 21:47:08
Request Successful!09-16 21:50:10
New alert more than 5 minutes! See details below: 
CRITICAL
for 5m 5s
B2Bi queue health: "B2Bi CI HME - PROD_Framework_Parallel_001.Z_Local_402_CASE_DetermineTrunk_HM"
on
B2Bi Application Server - Stream 1B
CRITICAL - Queue "B2Bi CI HME - PROD_Framework_Parallel_001.Z_Local_402_CASE_DetermineTrunk_HM" ("hierchmessage_7542"/"queue_13"):
Request Successful!09-16 21:53:22
Request Successful!09-16 21:56:24
Request Successful!09-16 21:59:25
Request Successful!09-16 22:02:27
Request Successful!09-16 22:05:29
Request Successful!09-16 22:08:31
Request Successful!09-16 22:11:32
Request Successful!09-16 22:14:34
Request Successful!09-16 22:17:35
New alert more than 5 minutes! See details below: 
CRITICAL
for 4m 26s
B2Bi queue health: "B2Bi CI HME - PROD_Framework_Parallel_001.Z_Local_402_Serial_Out_20_InhouseEnveloper(Inhouse)_4_SAG_ETGOIT_HM"
on
B2Bi Application Server - Stream 1B
CRITICAL - Queue "B2Bi CI HME - PROD_Framework_Parallel_001.Z_Local_402_Serial_Out_20_InhouseEnveloper(Inhouse)_4_SAG_ETGOIT_HM" ("hierchmessage_11217"/"queue_13"):
Request Successful!09-16 22:20:47
Request Successful!09-16 22:23:48
Request Successful!09-16 22:26:50
Request Successful!09-16 22:29:51
Request Successful!09-16 22:32:53
Request Successful!09-16 22:35:54
Request Successful!09-16 22:38:56
Request Successful!09-16 22:41:58
Request Successful!09-16 22:44:59
Request Successful!09-16 22:48:01
Request Successful!09-16 22:51:02
Request Successful!09-16 22:54:03
Request Successful!09-16 22:57:05
Request Successful!09-16 23:00:06
Request Successful!09-16 23:03:08
Request Successful!09-16 23:06:09
Request Successful!09-16 23:09:10
Request Successful!09-16 23:12:12
Request Successful!09-16 23:15:13
Request Successful!09-16 23:18:15
New alert more than 5 minutes! See details below: 
CRITICAL
for 4m 2s
Check if we still can connect to ftp.sword.dbschenker.com host using ssh.
on
b2biprdxsr7.sl3.comp.db.de
CRITICAL : Server answer:
