Request Successful!07-29 15:35:55
Request Successful!07-29 15:38:56
Request Successful!07-29 15:41:58
Request Successful!07-29 15:44:59
Request Successful!07-29 15:48:01
Request Successful!07-29 15:51:02
Request Successful!07-29 15:54:04
Request Successful!07-29 15:57:05
Request Successful!07-29 16:00:07
Request Successful!07-29 16:03:09
Request Successful!07-29 16:06:10
Request Successful!07-29 16:09:12
Request Successful!07-29 16:12:13
Request Successful!07-29 16:15:15
Request Successful!07-29 16:18:16
Request Successful!07-29 16:21:18
Request Successful!07-29 16:24:19
Request Successful!07-29 16:27:21
Request Successful!07-29 16:30:22
Request Successful!07-29 16:33:24
Request Successful!07-29 16:36:25
Request Successful!07-29 16:39:27
Request Successful!07-29 16:42:28
Request Successful!07-29 16:45:30
Request Successful!07-29 16:48:31
Request Successful!07-29 16:51:33
Request Successful!07-29 16:54:34
Request Successful!07-29 16:57:36
Request Successful!07-29 17:00:37
Request Successful!07-29 17:03:39
Request Successful!07-29 17:06:41
Request Successful!07-29 17:09:42
Request Successful!07-29 17:12:44
Request Successful!07-29 17:15:45
Request Successful!07-29 17:18:47
Request Successful!07-29 17:21:48
Request Successful!07-29 17:24:50
New alert more than 5 minutes! See details below: 
CRITICAL
for 5m 16s
Checking number of eMails in EMAS POP3 accounts for address de.tm.ess.b2biprd1
on
B2Bi Application Server - Stream 1A
CRITICAL : Number of eMails in EMAS POP3 account de.tm.ess.b2biprd1@dbschenker.com : 512. Critical limit 500 exceeded.
Request Successful!07-29 17:28:01
Request Successful!07-29 17:31:03
Request Successful!07-29 17:34:04
Request Successful!07-29 17:37:06
Request Successful!07-29 17:40:07
Request Successful!07-29 17:43:09
Request Successful!07-29 17:46:10
Request Successful!07-29 17:49:12
Request Successful!07-29 17:52:13
Request Successful!07-29 17:55:15
Request Successful!07-29 17:58:16
Request Successful!07-29 18:01:18
Request Successful!07-29 18:04:19
Request Successful!07-29 18:07:21
Request Successful!07-29 18:10:22
Request Successful!07-29 18:13:24
Request Successful!07-29 18:16:25
Request Successful!07-29 18:19:27
Request Successful!07-29 18:22:29
Request Successful!07-29 18:25:30
Request Successful!07-29 18:28:32
Request Successful!07-29 18:31:33
Request Successful!07-29 18:34:35
Request Successful!07-29 18:37:36
Request Successful!07-29 18:40:38
Request Successful!07-29 18:43:40
Request Successful!07-29 18:46:41
Request Successful!07-29 18:49:43
Request Successful!07-29 18:52:44
Request Successful!07-29 18:55:46
Request Successful!07-29 18:58:47
Request Successful!07-29 19:01:49
Request Successful!07-29 19:04:51
Request Successful!07-29 19:07:53
Request Successful!07-29 19:10:54
Request Successful!07-29 19:13:56
Request Successful!07-29 19:16:57
Request Successful!07-29 19:19:59
Request Successful!07-29 19:23:01
Request Successful!07-29 19:26:02
Request Successful!07-29 19:29:04
Request Successful!07-29 19:32:05
Request Successful!07-29 19:35:07
Request Successful!07-29 19:38:08
Request Successful!07-29 19:41:10
Request Successful!07-29 19:44:11
Request Successful!07-29 19:47:13
Request Successful!07-29 19:50:14
Request Successful!07-29 19:53:16
Request Successful!07-29 19:56:17
Request Successful!07-29 19:59:18
Request Successful!07-29 20:02:20
Request Successful!07-29 20:05:21
Request Successful!07-29 20:08:22
Request Successful!07-29 20:11:24
Request Successful!07-29 20:14:25
Request Successful!07-29 20:17:26
Request Successful!07-29 20:20:28
Request Successful!07-29 20:23:29
Request Successful!07-29 20:26:30
Request Successful!07-29 20:29:32
Request Successful!07-29 20:32:33
Request Successful!07-29 20:35:34
Request Successful!07-29 20:38:36
Request Successful!07-29 20:41:37
Request Successful!07-29 20:44:38
Request Successful!07-29 20:47:39
Request Successful!07-29 20:50:41
Request Successful!07-29 20:53:42
Request Successful!07-29 20:56:43
Request Successful!07-29 20:59:45
Request Successful!07-29 21:02:46
Request Successful!07-29 21:05:47
Request Successful!07-29 21:08:49
Request Successful!07-29 21:11:50
Request Successful!07-29 21:14:52
Request Successful!07-29 21:17:53
Request Successful!07-29 21:20:54
Request Successful!07-29 21:23:56
Request Successful!07-29 21:26:57
Request Successful!07-29 21:29:58
Request Successful!07-29 21:33:00
Request Successful!07-29 21:36:01
Request Successful!07-29 21:39:03
Request Successful!07-29 21:42:05
Request Successful!07-29 21:45:06
Request Successful!07-29 21:48:07
Request Successful!07-29 21:51:09
Request Successful!07-29 21:54:10
Request Successful!07-29 21:57:11
Request Successful!07-29 22:00:13
Request Successful!07-29 22:03:14
Request Successful!07-29 22:06:15
Request Successful!07-29 22:09:17
New alert more than 5 minutes! See details below: 
CRITICAL
for 3m 58s
B2Bi queue health: "B2Bi CI HME - PROD_Framework_Parallel_001.101_Parallel_Inb_10_FetchRef_HM"
on
B2Bi Application Server - Stream 3F (Multicluster)
CRITICAL - Queue "B2Bi CI HME - PROD_Framework_Parallel_001.101_Parallel_Inb_10_FetchRef_HM" ("hierchmessage_9799"/"queue_16"):
Request Successful!07-29 22:12:29
Request Successful!07-29 22:15:30
Request Successful!07-29 22:18:31
Request Successful!07-29 22:21:33
Request Successful!07-29 22:24:34
Request Successful!07-29 22:27:35
Request Successful!07-29 22:30:37
Request Successful!07-29 22:33:38
Request Successful!07-29 22:36:39
Request Successful!07-29 22:39:41
Request Successful!07-29 22:42:42
Request Successful!07-29 22:45:43
Request Successful!07-29 22:48:44
Request Successful!07-29 22:51:46
Request Successful!07-29 22:54:47
Request Successful!07-29 22:57:48
Request Successful!07-29 23:00:49
Request Successful!07-29 23:03:51
