Request Successful!12-11 16:27:47
Request Successful!12-11 16:30:49
Request Successful!12-11 16:33:50
Request Successful!12-11 16:36:52
Request Successful!12-11 16:39:53
Request Successful!12-11 16:42:56
Request Successful!12-11 16:45:57
Request Successful!12-11 16:48:59
Request Successful!12-11 16:52:01
Request Successful!12-11 16:55:02
Request Successful!12-11 16:58:04
Request Successful!12-11 17:01:07
Request Successful!12-11 17:04:09
Request Successful!12-11 17:07:11
Request Successful!12-11 17:10:14
Request Successful!12-11 17:13:15
Request Successful!12-11 17:16:17
Request Successful!12-11 17:19:18
Request Successful!12-11 17:22:20
Request Successful!12-11 17:25:22
Request Successful!12-11 17:28:24
Request Successful!12-11 17:31:25
Request Successful!12-11 17:34:27
Request Successful!12-11 17:37:29
Request Successful!12-11 17:40:31
Request Successful!12-11 17:43:32
Request Successful!12-11 17:46:34
Request Successful!12-11 17:49:38
Request Successful!12-11 17:52:40
Request Successful!12-11 17:55:41
Request Successful!12-11 17:58:43
New alert more than 5 minutes! See details below: 
CRITICAL
for 5m 3s
Checking for files in JMSClient error directories under /app/sword/schenker/jmsclients
on
Communication Server 1 Production
CRIT : 1 JMSClients with issues! Found a total of 6 files in todays (2024/12/11) error subdirectories.
Request Successful!12-11 18:01:56
New alert more than 5 minutes! See details below: 
CRITICAL
for 5m 49s
Check size of directory "/app/sword/shared/axway/data/coreservices"
on
B2Bi Application Server - Stream 1B
CRITICAL - Critical: size of 67100.63 MB found in path "/app/sword/shared/axway/data/coreservices"
Request Successful!12-11 18:05:08
Request Successful!12-11 18:08:10
Request Successful!12-11 18:11:12
Request Successful!12-11 18:14:13
Request Successful!12-11 18:17:15
Request Successful!12-11 18:20:17
Request Successful!12-11 18:23:19
Request Successful!12-11 18:26:21
Request Successful!12-11 18:29:22
Request Successful!12-11 18:32:24
Request Successful!12-11 18:35:26
Request Successful!12-11 18:38:28
Request Successful!12-11 18:41:29
Request Successful!12-11 18:44:31
Request Successful!12-11 18:47:33
Request Successful!12-11 18:50:35
Request Successful!12-11 18:53:36
Request Successful!12-11 18:56:38
Request Successful!12-11 18:59:40
Request Successful!12-11 19:02:42
Request Successful!12-11 19:05:44
Request Successful!12-11 19:08:46
Request Successful!12-11 19:11:47
New alert more than 5 minutes! See details below: 
CRITICAL
for 4m 1s
Check size of directory "/app/sword/shared/axway/data/coreservices"
on
B2Bi Application Server - Stream 1B
CRITICAL - Critical: size of 62600.63 MB found in path "/app/sword/shared/axway/data/coreservices"
Request Successful!12-11 19:15:00
Request Successful!12-11 19:18:02
Request Successful!12-11 19:21:04
Request Successful!12-11 19:24:05
Request Successful!12-11 19:27:07
Request Successful!12-11 19:30:09
Request Successful!12-11 19:33:11
Request Successful!12-11 19:36:13
Request Successful!12-11 19:39:15
Request Successful!12-11 19:42:17
Request Successful!12-11 19:45:19
Request Successful!12-11 19:48:21
Request Successful!12-11 19:51:23
Request Successful!12-11 19:54:25
Request Successful!12-11 19:57:28
Request Successful!12-11 20:00:29
Request Successful!12-11 20:03:32
Request Successful!12-11 20:06:34
Request Successful!12-11 20:09:36
Request Successful!12-11 20:12:38
Request Successful!12-11 20:15:40
Request Successful!12-11 20:18:42
Request Successful!12-11 20:21:44
Request Successful!12-11 20:24:46
Request Successful!12-11 20:27:49
New alert more than 5 minutes! See details below: 
CRITICAL
for 4m 10s
Check size of directory "/app/sword/shared/axway/data/coreservices"
on
B2Bi Application Server - Stream 1B
CRITICAL - Critical: size of 60400.63 MB found in path "/app/sword/shared/axway/data/coreservices"
Request Successful!12-11 20:31:01
Request Successful!12-11 20:34:03
Request Successful!12-11 20:37:05
Request Successful!12-11 20:40:07
Request Successful!12-11 20:43:09
Request Successful!12-11 20:46:11
Request Successful!12-11 20:49:13
Request Successful!12-11 20:52:15
Request Successful!12-11 20:55:17
Request Successful!12-11 20:58:19
Request Successful!12-11 21:01:21
Request Successful!12-11 21:04:23
Request Successful!12-11 21:07:25
Request Successful!12-11 21:10:27
Request Successful!12-11 21:13:29
Request Successful!12-11 21:16:31
Request Successful!12-11 21:19:33
Request Successful!12-11 21:22:35
Request Successful!12-11 21:25:37
Request Successful!12-11 21:28:38
Request Successful!12-11 21:31:40
Request Successful!12-11 21:34:42
Request Successful!12-11 21:37:44
Request Successful!12-11 21:40:46
Request Successful!12-11 21:43:49
Request Successful!12-11 21:46:51
New alert more than 5 minutes! See details below: 
CRITICAL
for 5m 45s
Check size of directory "/app/sword/shared/axway/data/coreservices"
on
B2Bi Application Server - Stream 1B
CRITICAL - Critical: size of 61500.63 MB found in path "/app/sword/shared/axway/data/coreservices"
Request Successful!12-11 21:50:05
Request Successful!12-11 21:53:07
Request Successful!12-11 21:56:09
Request Successful!12-11 21:59:11
Request Successful!12-11 22:02:13
Request Successful!12-11 22:05:15
Request Successful!12-11 22:08:17
New alert more than 5 minutes! See details below: 
CRITICAL
for 3m 11s
B2Bi queue health: "B2Bi CI HME - PROD_Framework_Parallel_001.Z_Local_402_Serial_Out_20_InhouseEnveloper(Inhouse)_4_SAG_ETGOIT_HM"
on
B2Bi Application Server - Stream 1B
CRITICAL - Queue "B2Bi CI HME - PROD_Framework_Parallel_001.Z_Local_402_Serial_Out_20_InhouseEnveloper(Inhouse)_4_SAG_ETGOIT_HM" ("hierchmessage_11217"/"queue_13"):
HTTPSConnectionPool(host='b2biprddep1.sl3.comp.db.de', port=443): Max retries exceeded with url: /icingaweb2/monitoring/list/services?service_problem=1&sort=service_severity&dir=desc (Caused by SSLError(SSLEOFError(8, '[SSL: UNEXPECTED_EOF_WHILE_READING] EOF occurred in violation of protocol (_ssl.c:1006)')))
Request Successful!12-11 22:14:36
Request Successful!12-11 22:17:38
Request Successful!12-11 22:20:39
Request Successful!12-11 22:23:42
Request Successful!12-11 22:26:44
Request Successful!12-11 22:29:46
