Request Successful!11-04 16:24:11
Request Successful!11-04 16:27:13
Request Successful!11-04 16:30:14
Request Successful!11-04 16:33:16
Request Successful!11-04 16:36:18
Request Successful!11-04 16:39:20
Request Successful!11-04 16:42:21
Request Successful!11-04 16:45:23
Request Successful!11-04 16:48:26
Request Successful!11-04 16:51:28
Request Successful!11-04 16:54:29
Request Successful!11-04 16:57:31
Request Successful!11-04 17:00:32
Request Successful!11-04 17:03:34
Request Successful!11-04 17:06:36
Request Successful!11-04 17:09:37
Request Successful!11-04 17:12:39
Request Successful!11-04 17:15:41
Request Successful!11-04 17:18:43
Request Successful!11-04 17:21:45
Request Successful!11-04 17:24:47
Request Successful!11-04 17:27:49
Request Successful!11-04 17:30:53
Request Successful!11-04 17:33:56
Request Successful!11-04 17:36:59
Request Successful!11-04 17:40:00
Request Successful!11-04 17:43:02
Request Successful!11-04 17:46:04
Request Successful!11-04 17:49:06
Request Successful!11-04 17:52:08
Request Successful!11-04 17:55:09
Request Successful!11-04 17:58:11
Request Successful!11-04 18:01:13
Request Successful!11-04 18:04:15
Request Successful!11-04 18:07:17
Request Successful!11-04 18:10:19
Request Successful!11-04 18:13:20
Request Successful!11-04 18:16:22
Request Successful!11-04 18:19:24
Request Successful!11-04 18:22:26
Request Successful!11-04 18:25:28
Request Successful!11-04 18:28:29
Request Successful!11-04 18:31:31
Request Successful!11-04 18:34:33
Request Successful!11-04 18:37:34
Request Successful!11-04 18:40:36
Request Successful!11-04 18:43:38
Request Successful!11-04 18:46:39
Request Successful!11-04 18:49:41
Request Successful!11-04 18:52:43
Request Successful!11-04 18:55:45
Request Successful!11-04 18:58:47
Request Successful!11-04 19:01:48
Request Successful!11-04 19:04:50
Request Successful!11-04 19:07:51
Request Successful!11-04 19:10:53
Request Successful!11-04 19:13:55
Request Successful!11-04 19:16:56
Request Successful!11-04 19:19:58
Request Successful!11-04 19:23:00
Request Successful!11-04 19:26:01
Request Successful!11-04 19:29:03
Request Successful!11-04 19:32:05
Request Successful!11-04 19:35:06
Request Successful!11-04 19:38:08
Request Successful!11-04 19:41:09
Request Successful!11-04 19:44:11
New alert more than 5 minutes! See details below: 
CRITICAL
for 3m 34s
Checking for files in JMSClient error directories under /app/sword/schenker/jmsclients
on
Communication Server 1 Production
CRIT : 1 JMSClients with issues! Found a total of 2 files in todays (2024/11/04) error subdirectories.
Request Successful!11-04 19:47:24
New alert more than 5 minutes! See details below: 
CRITICAL
for 6m 46s
Checking for files in JMSClient error directories under /app/sword/schenker/jmsclients
on
Communication Server 1 Production
CRIT : 1 JMSClients with issues! Found a total of 2 files in todays (2024/11/04) error subdirectories.
Request Successful!11-04 19:50:36
Request Successful!11-04 19:53:38
Request Successful!11-04 19:56:40
Request Successful!11-04 19:59:41
Request Successful!11-04 20:02:46
Request Successful!11-04 20:05:48
Request Successful!11-04 20:08:50
Request Successful!11-04 20:11:52
Request Successful!11-04 20:14:53
Request Successful!11-04 20:17:55
Request Successful!11-04 20:20:57
Request Successful!11-04 20:23:58
Request Successful!11-04 20:27:00
Request Successful!11-04 20:30:02
Request Successful!11-04 20:33:04
Request Successful!11-04 20:36:06
Request Successful!11-04 20:39:07
Request Successful!11-04 20:42:09
Request Successful!11-04 20:45:11
Request Successful!11-04 20:48:12
Request Successful!11-04 20:51:14
Request Successful!11-04 20:54:18
Request Successful!11-04 20:57:20
Request Successful!11-04 21:00:22
Request Successful!11-04 21:03:23
Request Successful!11-04 21:06:25
Request Successful!11-04 21:09:27
Request Successful!11-04 21:12:28
Request Successful!11-04 21:15:30
Request Successful!11-04 21:18:32
Request Successful!11-04 21:21:33
Request Successful!11-04 21:24:35
Request Successful!11-04 21:27:36
Request Successful!11-04 21:30:38
Request Successful!11-04 21:33:39
Request Successful!11-04 21:36:41
Request Successful!11-04 21:39:42
Request Successful!11-04 21:42:44
Request Successful!11-04 21:45:46
Request Successful!11-04 21:48:47
Request Successful!11-04 21:51:49
Request Successful!11-04 21:54:51
Request Successful!11-04 21:57:52
Request Successful!11-04 22:00:54
Request Successful!11-04 22:03:56
Request Successful!11-04 22:06:57
Request Successful!11-04 22:09:59
Request Successful!11-04 22:13:01
Request Successful!11-04 22:16:03
Request Successful!11-04 22:19:05
Request Successful!11-04 22:22:07
Request Successful!11-04 22:25:08
Request Successful!11-04 22:28:10
Request Successful!11-04 22:31:12
Request Successful!11-04 22:34:14
Request Successful!11-04 22:37:16
Request Successful!11-04 22:40:17
Request Successful!11-04 22:43:19
Request Successful!11-04 22:46:21
Request Successful!11-04 22:49:23
Request Successful!11-04 22:52:25
Request Successful!11-04 22:55:27
Request Successful!11-04 22:58:28
Request Successful!11-04 23:01:30
Request Successful!11-04 23:04:32
Request Successful!11-04 23:07:34
Request Successful!11-04 23:10:36
Request Successful!11-04 23:13:38
Request Successful!11-04 23:16:39
Request Successful!11-04 23:19:41
Request Successful!11-04 23:22:43
