Request Successful!05-22 16:20:27
Request Successful!05-22 16:21:31
Request Successful!05-22 16:22:34
Request Successful!05-22 16:23:37
New alert more than 5 minutes! See details below: 
CRITICAL
for 3m 0s
B2Bi queue health: "B2Bi CI HME - PROD_Framework_Parallel_001.Z_Local_402_Serial_Out_20_InhouseEnveloper(Inhouse)_4_SAG_ETGOIT_HM"
on
B2Bi Application Server - Stream 1B
CRITICAL - Queue "B2Bi CI HME - PROD_Framework_Parallel_001.Z_Local_402_Serial_Out_20_InhouseEnveloper(Inhouse)_4_SAG_ETGOIT_HM" ("hierchmessage_11217"/"queue_13"):
Request Successful!05-22 16:24:51
New alert more than 5 minutes! See details below: 
CRITICAL
for 4m 14s
B2Bi queue health: "B2Bi CI HME - PROD_Framework_Parallel_001.Z_Local_402_Serial_Out_20_InhouseEnveloper(Inhouse)_4_SAG_ETGOIT_HM"
on
B2Bi Application Server - Stream 1B
CRITICAL - Queue "B2Bi CI HME - PROD_Framework_Parallel_001.Z_Local_402_Serial_Out_20_InhouseEnveloper(Inhouse)_4_SAG_ETGOIT_HM" ("hierchmessage_11217"/"queue_13"):
Request Successful!05-22 16:26:04
New alert more than 5 minutes! See details below: 
CRITICAL
for 5m 27s
B2Bi queue health: "B2Bi CI HME - PROD_Framework_Parallel_001.Z_Local_402_Serial_Out_20_InhouseEnveloper(Inhouse)_4_SAG_ETGOIT_HM"
on
B2Bi Application Server - Stream 1B
CRITICAL - Queue "B2Bi CI HME - PROD_Framework_Parallel_001.Z_Local_402_Serial_Out_20_InhouseEnveloper(Inhouse)_4_SAG_ETGOIT_HM" ("hierchmessage_11217"/"queue_13"):
Request Successful!05-22 16:27:17
New alert more than 5 minutes! See details below: 
CRITICAL
for 6m 40s
B2Bi queue health: "B2Bi CI HME - PROD_Framework_Parallel_001.Z_Local_402_Serial_Out_20_InhouseEnveloper(Inhouse)_4_SAG_ETGOIT_HM"
on
B2Bi Application Server - Stream 1B
CRITICAL - Queue "B2Bi CI HME - PROD_Framework_Parallel_001.Z_Local_402_Serial_Out_20_InhouseEnveloper(Inhouse)_4_SAG_ETGOIT_HM" ("hierchmessage_11217"/"queue_13"):
Request Successful!05-22 16:28:30
Request Successful!05-22 16:29:33
Request Successful!05-22 16:30:39
Request Successful!05-22 16:31:42
Request Successful!05-22 16:32:45
Request Successful!05-22 16:33:50
Request Successful!05-22 16:34:53
Request Successful!05-22 16:35:55
Request Successful!05-22 16:36:58
Request Successful!05-22 16:38:00
Request Successful!05-22 16:39:03
Request Successful!05-22 16:40:05
Request Successful!05-22 16:41:08
Request Successful!05-22 16:42:10
Request Successful!05-22 16:43:13
Request Successful!05-22 16:44:15
Request Successful!05-22 16:45:18
Request Successful!05-22 16:46:21
Request Successful!05-22 16:47:24
Request Successful!05-22 16:48:26
Request Successful!05-22 16:49:29
Request Successful!05-22 16:50:30
Request Successful!05-22 16:51:32
Request Successful!05-22 16:52:34
Request Successful!05-22 16:53:36
Request Successful!05-22 16:54:37
Request Successful!05-22 16:55:39
Request Successful!05-22 16:56:42
Request Successful!05-22 16:57:46
Request Successful!05-22 16:58:48
Request Successful!05-22 16:59:50
Request Successful!05-22 17:00:53
Request Successful!05-22 17:01:56
Request Successful!05-22 17:02:58
Request Successful!05-22 17:04:01
Request Successful!05-22 17:05:03
Request Successful!05-22 17:06:05
Request Successful!05-22 17:07:07
Request Successful!05-22 17:08:08
Request Successful!05-22 17:09:10
Request Successful!05-22 17:10:12
Request Successful!05-22 17:11:14
Request Successful!05-22 17:12:16
Request Successful!05-22 17:13:18
Request Successful!05-22 17:14:20
Request Successful!05-22 17:15:21
Request Successful!05-22 17:16:23
Request Successful!05-22 17:17:25
Request Successful!05-22 17:18:27
Request Successful!05-22 17:19:29
Request Successful!05-22 17:20:31
Request Successful!05-22 17:21:34
Request Successful!05-22 17:22:36
Request Successful!05-22 17:23:37
Request Successful!05-22 17:24:41
Request Successful!05-22 17:25:43
Request Successful!05-22 17:26:45
Request Successful!05-22 17:27:46
Request Successful!05-22 17:28:48
Request Successful!05-22 17:29:50
Request Successful!05-22 17:30:52
New alert more than 5 minutes! See details below: 
CRITICAL
for 3m 32s
Check size of queue "LQ.C2K.FROM.RIEGE on "QM.SWORD"
on
MQM Server Production
CRITICAL - Queue depth exceeding critical limit
Request Successful!05-22 17:32:04
New alert more than 5 minutes! See details below: 
CRITICAL
for 4m 45s
Check size of queue "LQ.C2K.FROM.RIEGE on "QM.SWORD"
on
MQM Server Production
CRITICAL - Queue depth exceeding critical limit
Request Successful!05-22 17:33:16
New alert more than 5 minutes! See details below: 
CRITICAL
for 5m 56s
Check size of queue "LQ.C2K.FROM.RIEGE on "QM.SWORD"
on
MQM Server Production
CRITICAL - Queue depth exceeding critical limit
Request Successful!05-22 17:34:29
Request Successful!05-22 17:35:31
Request Successful!05-22 17:36:32
Request Successful!05-22 17:37:34
Request Successful!05-22 17:38:36
Request Successful!05-22 17:39:39
Request Successful!05-22 17:40:41
Request Successful!05-22 17:41:43
Request Successful!05-22 17:42:45
Request Successful!05-22 17:43:46
Request Successful!05-22 17:44:48
Request Successful!05-22 17:45:50
Request Successful!05-22 17:46:52
Request Successful!05-22 17:47:54
Request Successful!05-22 17:48:56
Request Successful!05-22 17:49:58
Request Successful!05-22 17:51:00
Request Successful!05-22 17:52:01
Request Successful!05-22 17:53:03
Request Successful!05-22 17:54:05
Request Successful!05-22 17:55:07
Request Successful!05-22 17:56:09
Request Successful!05-22 17:57:11
Request Successful!05-22 17:58:13
Request Successful!05-22 17:59:14
Request Successful!05-22 18:00:16
Request Successful!05-22 18:01:18
Request Successful!05-22 18:02:20
Request Successful!05-22 18:03:22
Request Successful!05-22 18:04:24
Request Successful!05-22 18:05:25
Request Successful!05-22 18:06:27
Request Successful!05-22 18:07:29
Request Successful!05-22 18:08:31
Request Successful!05-22 18:09:33
Request Successful!05-22 18:10:35
Request Successful!05-22 18:11:36
Request Successful!05-22 18:12:38
Request Successful!05-22 18:13:40
Request Successful!05-22 18:14:42
Request Successful!05-22 18:15:44
Request Successful!05-22 18:16:46
Request Successful!05-22 18:17:47
Request Successful!05-22 18:18:49
Request Successful!05-22 18:19:51
Request Successful!05-22 18:20:53
Request Successful!05-22 18:21:55
Request Successful!05-22 18:22:56
Request Successful!05-22 18:23:58
Request Successful!05-22 18:25:00
Request Successful!05-22 18:26:01
Request Successful!05-22 18:27:03
Request Successful!05-22 18:28:05
Request Successful!05-22 18:29:07
Request Successful!05-22 18:30:09
Request Successful!05-22 18:31:11
Request Successful!05-22 18:32:13
Request Successful!05-22 18:33:14
Request Successful!05-22 18:34:16
Request Successful!05-22 18:35:18
Request Successful!05-22 18:36:20
Request Successful!05-22 18:37:22
Request Successful!05-22 18:38:24
Request Successful!05-22 18:39:25
Request Successful!05-22 18:40:27
Request Successful!05-22 18:41:29
Request Successful!05-22 18:42:31
Request Successful!05-22 18:43:33
Request Successful!05-22 18:44:35
Request Successful!05-22 18:45:36
Request Successful!05-22 18:46:38
Request Successful!05-22 18:47:40
Request Successful!05-22 18:48:42
Request Successful!05-22 18:49:44
Request Successful!05-22 18:50:46
Request Successful!05-22 18:51:48
Request Successful!05-22 18:52:50
Request Successful!05-22 18:53:52
Request Successful!05-22 18:54:54
Request Successful!05-22 18:55:55
Request Successful!05-22 18:56:57
Request Successful!05-22 18:57:59
Request Successful!05-22 18:59:01
Request Successful!05-22 19:00:03
Request Successful!05-22 19:01:05
Request Successful!05-22 19:02:07
Request Successful!05-22 19:03:09
Request Successful!05-22 19:04:11
Request Successful!05-22 19:05:13
Request Successful!05-22 19:06:15
Request Successful!05-22 19:07:17
Request Successful!05-22 19:08:19
Request Successful!05-22 19:09:21
Request Successful!05-22 19:10:22
Request Successful!05-22 19:11:24
Request Successful!05-22 19:12:26
Request Successful!05-22 19:13:28
Request Successful!05-22 19:14:30
Request Successful!05-22 19:15:32
Request Successful!05-22 19:16:33
Request Successful!05-22 19:17:35
Request Successful!05-22 19:18:37
Request Successful!05-22 19:19:39
Request Successful!05-22 19:20:41
Request Successful!05-22 19:21:43
Request Successful!05-22 19:22:45
Request Successful!05-22 19:23:47
Request Successful!05-22 19:24:48
Request Successful!05-22 19:25:50
Request Successful!05-22 19:26:52
Request Successful!05-22 19:27:54
Request Successful!05-22 19:28:56
Request Successful!05-22 19:29:58
Request Successful!05-22 19:31:00
Request Successful!05-22 19:32:02
New alert more than 5 minutes! See details below: 
CRITICAL
for 3m 42s
Check size of queue "LQ.C2K.FROM.RIEGE on "QM.SWORD"
on
MQM Server Production
CRITICAL - Queue depth exceeding critical limit
Request Successful!05-22 19:33:14
New alert more than 5 minutes! See details below: 
CRITICAL
for 4m 54s
Check size of queue "LQ.C2K.FROM.RIEGE on "QM.SWORD"
on
MQM Server Production
CRITICAL - Queue depth exceeding critical limit
Request Successful!05-22 19:34:27
New alert more than 5 minutes! See details below: 
CRITICAL
for 6m 7s
Check size of queue "LQ.C2K.FROM.RIEGE on "QM.SWORD"
on
MQM Server Production
CRITICAL - Queue depth exceeding critical limit
Request Successful!05-22 19:35:39
Request Successful!05-22 19:36:41
Request Successful!05-22 19:37:43
Request Successful!05-22 19:38:45
Request Successful!05-22 19:39:47
Request Successful!05-22 19:40:49
Request Successful!05-22 19:41:51
Request Successful!05-22 19:42:52
Request Successful!05-22 19:43:54
Request Successful!05-22 19:44:56
Request Successful!05-22 19:45:58
Request Successful!05-22 19:47:00
Request Successful!05-22 19:48:02
Request Successful!05-22 19:49:03
Request Successful!05-22 19:50:05
Request Successful!05-22 19:51:07
Request Successful!05-22 19:52:09
Request Successful!05-22 19:53:11
Request Successful!05-22 19:54:13
Request Successful!05-22 19:55:14
Request Successful!05-22 19:56:16
Request Successful!05-22 19:57:18
Request Successful!05-22 19:58:19
Request Successful!05-22 19:59:21
Request Successful!05-22 20:00:23
Request Successful!05-22 20:01:24
Request Successful!05-22 20:02:26
Request Successful!05-22 20:03:28
Request Successful!05-22 20:04:30
Request Successful!05-22 20:05:32
Request Successful!05-22 20:06:34
Request Successful!05-22 20:07:36
Request Successful!05-22 20:08:38
Request Successful!05-22 20:09:40
Request Successful!05-22 20:10:41
Request Successful!05-22 20:11:43
Request Successful!05-22 20:12:45
Request Successful!05-22 20:13:47
Request Successful!05-22 20:14:49
Request Successful!05-22 20:15:51
Request Successful!05-22 20:16:52
Request Successful!05-22 20:17:54
Request Successful!05-22 20:18:56
Request Successful!05-22 20:19:58
Request Successful!05-22 20:21:00
Request Successful!05-22 20:22:02
Request Successful!05-22 20:23:03
Request Successful!05-22 20:24:05
Request Successful!05-22 20:25:07
Request Successful!05-22 20:26:09
Request Successful!05-22 20:27:11
Request Successful!05-22 20:28:13
Request Successful!05-22 20:29:15
Request Successful!05-22 20:30:17
Request Successful!05-22 20:31:18
Request Successful!05-22 20:32:20
Request Successful!05-22 20:33:22
Request Successful!05-22 20:34:24
Request Successful!05-22 20:35:26
Request Successful!05-22 20:36:28
Request Successful!05-22 20:37:29
Request Successful!05-22 20:38:31
Request Successful!05-22 20:39:33
Request Successful!05-22 20:40:35
Request Successful!05-22 20:41:37
Request Successful!05-22 20:42:39
Request Successful!05-22 20:43:42
Request Successful!05-22 20:44:44
Request Successful!05-22 20:45:46
Request Successful!05-22 20:46:48
Request Successful!05-22 20:47:50
Request Successful!05-22 20:48:51
Request Successful!05-22 20:49:53
Request Successful!05-22 20:50:55
Request Successful!05-22 20:51:57
Request Successful!05-22 20:53:00
Request Successful!05-22 20:54:02
Request Successful!05-22 20:55:05
Request Successful!05-22 20:56:07
Request Successful!05-22 20:57:09
Request Successful!05-22 20:58:11
Request Successful!05-22 20:59:13
Request Successful!05-22 21:00:15
Request Successful!05-22 21:01:17
Request Successful!05-22 21:02:19
Request Successful!05-22 21:03:21
Request Successful!05-22 21:04:23
Request Successful!05-22 21:05:25
Request Successful!05-22 21:06:27
Request Successful!05-22 21:07:29
Request Successful!05-22 21:08:31
Request Successful!05-22 21:09:32
Request Successful!05-22 21:10:34
Request Successful!05-22 21:11:36
Request Successful!05-22 21:12:38
Request Successful!05-22 21:13:40
Request Successful!05-22 21:14:42
Request Successful!05-22 21:15:43
Request Successful!05-22 21:16:46
Request Successful!05-22 21:17:48
Request Successful!05-22 21:18:49
Request Successful!05-22 21:19:51
Request Successful!05-22 21:20:53
Request Successful!05-22 21:21:55
Request Successful!05-22 21:22:57
Request Successful!05-22 21:24:00
Request Successful!05-22 21:25:04
Request Successful!05-22 21:26:06
Request Successful!05-22 21:27:08
Request Successful!05-22 21:28:09
Request Successful!05-22 21:29:11
Request Successful!05-22 21:30:13
Request Successful!05-22 21:31:15
Request Successful!05-22 21:32:16
Request Successful!05-22 21:33:18
Request Successful!05-22 21:34:20
Request Successful!05-22 21:35:22
Request Successful!05-22 21:36:24
Request Successful!05-22 21:37:26
Request Successful!05-22 21:38:28
Request Successful!05-22 21:39:29
Request Successful!05-22 21:40:31
Request Successful!05-22 21:41:33
Request Successful!05-22 21:42:35
Request Successful!05-22 21:43:37
Request Successful!05-22 21:44:39
Request Successful!05-22 21:45:41
Request Successful!05-22 21:46:43
Request Successful!05-22 21:47:44
Request Successful!05-22 21:48:46
Request Successful!05-22 21:49:48
Request Successful!05-22 21:50:50
Request Successful!05-22 21:51:52
Request Successful!05-22 21:52:54
Request Successful!05-22 21:53:55
Request Successful!05-22 21:54:57
Request Successful!05-22 21:55:59
Request Successful!05-22 21:57:01
Request Successful!05-22 21:58:03
Request Successful!05-22 21:59:04
Request Successful!05-22 22:00:06
Request Successful!05-22 22:01:08
Request Successful!05-22 22:02:10
Request Successful!05-22 22:03:12
Request Successful!05-22 22:04:14
Request Successful!05-22 22:05:15
Request Successful!05-22 22:06:17
Request Successful!05-22 22:07:19
Request Successful!05-22 22:08:21
Request Successful!05-22 22:09:23
Request Successful!05-22 22:10:25
Request Successful!05-22 22:11:26
Request Successful!05-22 22:12:28
Request Successful!05-22 22:13:30
Request Successful!05-22 22:14:32
Request Successful!05-22 22:15:34
Request Successful!05-22 22:16:36
Request Successful!05-22 22:17:37
Request Successful!05-22 22:18:40
Request Successful!05-22 22:19:42
Request Successful!05-22 22:20:43
Request Successful!05-22 22:21:45
Request Successful!05-22 22:22:47
Request Successful!05-22 22:23:49
Request Successful!05-22 22:24:51
Request Successful!05-22 22:25:52
Request Successful!05-22 22:26:55
Request Successful!05-22 22:27:56
Request Successful!05-22 22:28:58
Request Successful!05-22 22:30:00
Request Successful!05-22 22:31:02
Request Successful!05-22 22:32:04
Request Successful!05-22 22:33:05
Request Successful!05-22 22:34:07
Request Successful!05-22 22:35:09
Request Successful!05-22 22:36:11
Request Successful!05-22 22:37:13
Request Successful!05-22 22:38:14
Request Successful!05-22 22:39:16
Request Successful!05-22 22:40:18
Request Successful!05-22 22:41:20
Request Successful!05-22 22:42:22
Request Successful!05-22 22:43:24
Request Successful!05-22 22:44:26
Request Successful!05-22 22:45:28
Request Successful!05-22 22:46:29
Request Successful!05-22 22:47:31
Request Successful!05-22 22:48:33
Request Successful!05-22 22:49:35
Request Successful!05-22 22:50:37
Request Successful!05-22 22:51:38
Request Successful!05-22 22:52:40
Request Successful!05-22 22:53:42
Request Successful!05-22 22:54:44
Request Successful!05-22 22:55:45
Request Successful!05-22 22:56:47
Request Successful!05-22 22:57:49
Request Successful!05-22 22:58:50
Request Successful!05-22 22:59:52
Request Successful!05-22 23:00:54
Request Successful!05-22 23:01:55
Request Successful!05-22 23:02:57
Request Successful!05-22 23:03:59
Request Successful!05-22 23:05:01
Request Successful!05-22 23:06:03
Request Successful!05-22 23:07:04
Request Successful!05-22 23:08:06
Request Successful!05-22 23:09:08
Request Successful!05-22 23:10:10
Request Successful!05-22 23:11:12
Request Successful!05-22 23:12:13
Request Successful!05-22 23:13:15
Request Successful!05-22 23:14:17
Request Successful!05-22 23:15:19
Request Successful!05-22 23:16:21
Request Successful!05-22 23:17:22
Request Successful!05-22 23:18:24
Request Successful!05-22 23:19:26
Request Successful!05-22 23:20:28
Request Successful!05-22 23:21:30
