Request Successful!08-19 15:21:33
Request Successful!08-19 15:24:34
Request Successful!08-19 15:27:35
Request Successful!08-19 15:30:37
Request Successful!08-19 15:33:39
Request Successful!08-19 15:36:40
Request Successful!08-19 15:39:41
Request Successful!08-19 15:42:43
Request Successful!08-19 15:45:44
Request Successful!08-19 15:48:45
Request Successful!08-19 15:51:47
Request Successful!08-19 15:54:48
Request Successful!08-19 15:57:49
Request Successful!08-19 16:00:51
Request Successful!08-19 16:03:52
Request Successful!08-19 16:06:53
Request Successful!08-19 16:09:54
Request Successful!08-19 16:12:56
Request Successful!08-19 16:15:57
Request Successful!08-19 16:18:59
Request Successful!08-19 16:22:00
Request Successful!08-19 16:25:02
Request Successful!08-19 16:28:03
Request Successful!08-19 16:31:04
New alert more than 5 minutes! See details below: 
CRITICAL
for 5m 26s
B2Bi queue health: "B2Bi CI HME - PROD_Framework_Parallel_001.Z_Local_402_Serial_Out_20_InhouseEnveloper(Inhouse)_4_SAG_ETGOIT_HM"
on
B2Bi Application Server - Stream 1B
CRITICAL - Queue "B2Bi CI HME - PROD_Framework_Parallel_001.Z_Local_402_Serial_Out_20_InhouseEnveloper(Inhouse)_4_SAG_ETGOIT_HM" ("hierchmessage_11217"/"queue_13"):
Request Successful!08-19 16:34:18
Request Successful!08-19 16:37:19
Request Successful!08-19 16:40:21
Request Successful!08-19 16:43:23
Request Successful!08-19 16:46:24
Request Successful!08-19 16:49:25
Request Successful!08-19 16:52:26
Request Successful!08-19 16:55:28
Request Successful!08-19 16:58:29
Request Successful!08-19 17:01:30
Request Successful!08-19 17:04:32
Request Successful!08-19 17:07:33
Request Successful!08-19 17:10:34
Request Successful!08-19 17:13:36
Request Successful!08-19 17:16:38
Request Successful!08-19 17:19:39
Request Successful!08-19 17:22:41
Request Successful!08-19 17:25:42
Request Successful!08-19 17:28:43
Request Successful!08-19 17:31:45
Request Successful!08-19 17:34:46
Request Successful!08-19 17:37:48
Request Successful!08-19 17:40:49
Request Successful!08-19 17:43:50
Request Successful!08-19 17:46:52
Request Successful!08-19 17:49:53
Request Successful!08-19 17:52:55
Request Successful!08-19 17:55:56
Request Successful!08-19 17:58:58
Request Successful!08-19 18:01:59
Request Successful!08-19 18:05:00
Request Successful!08-19 18:08:02
Request Successful!08-19 18:11:03
Request Successful!08-19 18:14:05
Request Successful!08-19 18:17:07
Request Successful!08-19 18:20:08
Request Successful!08-19 18:23:09
Request Successful!08-19 18:26:11
Request Successful!08-19 18:29:12
Request Successful!08-19 18:32:13
Request Successful!08-19 18:35:15
Request Successful!08-19 18:38:16
Request Successful!08-19 18:41:18
Request Successful!08-19 18:44:19
Request Successful!08-19 18:47:21
Request Successful!08-19 18:50:22
Request Successful!08-19 18:53:23
Request Successful!08-19 18:56:25
Request Successful!08-19 18:59:26
Request Successful!08-19 19:02:28
Request Successful!08-19 19:05:30
Request Successful!08-19 19:08:31
Request Successful!08-19 19:11:32
Request Successful!08-19 19:14:34
Request Successful!08-19 19:17:36
Request Successful!08-19 19:20:37
Request Successful!08-19 19:23:39
Request Successful!08-19 19:26:40
Request Successful!08-19 19:29:41
Request Successful!08-19 19:32:43
Request Successful!08-19 19:35:44
Request Successful!08-19 19:38:46
Request Successful!08-19 19:41:47
Request Successful!08-19 19:44:48
Request Successful!08-19 19:47:49
Request Successful!08-19 19:50:51
Request Successful!08-19 19:53:52
Request Successful!08-19 19:56:53
Request Successful!08-19 19:59:55
Request Successful!08-19 20:02:56
Request Successful!08-19 20:05:57
Request Successful!08-19 20:08:59
Request Successful!08-19 20:12:00
Request Successful!08-19 20:15:02
Request Successful!08-19 20:18:03
Request Successful!08-19 20:21:04
Request Successful!08-19 20:24:05
Request Successful!08-19 20:27:07
Request Successful!08-19 20:30:08
Request Successful!08-19 20:33:10
Request Successful!08-19 20:36:11
Request Successful!08-19 20:39:12
Request Successful!08-19 20:42:14
Request Successful!08-19 20:45:15
Request Successful!08-19 20:48:16
Request Successful!08-19 20:51:18
Request Successful!08-19 20:54:19
Request Successful!08-19 20:57:20
Request Successful!08-19 21:00:22
New alert more than 5 minutes! See details below: 
CRITICAL
for 4m 42s
B2Bi queue health: "B2Bi CI HME - PROD_Framework_Parallel_001.101_Parallel_Dyn_10_ExecuteMasterDynMBC_HM"
on
B2Bi Application Server - Stream 3D (Multicluster)
CRITICAL - Queue "B2Bi CI HME - PROD_Framework_Parallel_001.101_Parallel_Dyn_10_ExecuteMasterDynMBC_HM" ("hierchmessage_9931"/"queue_16"):
Request Successful!08-19 21:03:34
Request Successful!08-19 21:06:35
Request Successful!08-19 21:09:36
Request Successful!08-19 21:12:38
Request Successful!08-19 21:15:39
Request Successful!08-19 21:18:40
Request Successful!08-19 21:21:42
New alert more than 5 minutes! See details below: 
CRITICAL
for 5m 7s
Soft 1/2
JMS Loop - Send test file to scintilla and expect it back.
on
B2Bi Application Server - Stream 3B (Multicluster)
Timed out waiting for test file after 570 seconds.
Request Successful!08-19 21:24:53
Request Successful!08-19 21:27:55
Request Successful!08-19 21:30:56
Request Successful!08-19 21:33:58
Request Successful!08-19 21:36:59
Request Successful!08-19 21:40:00
Request Successful!08-19 21:43:02
Request Successful!08-19 21:46:03
Request Successful!08-19 21:49:04
Request Successful!08-19 21:52:06
Request Successful!08-19 21:55:07
Request Successful!08-19 21:58:08
Request Successful!08-19 22:01:10
Request Successful!08-19 22:04:11
Request Successful!08-19 22:07:12
Request Successful!08-19 22:10:14
Request Successful!08-19 22:13:15
Request Successful!08-19 22:16:16
Request Successful!08-19 22:19:18
Request Successful!08-19 22:22:19
Request Successful!08-19 22:25:20
Request Successful!08-19 22:28:22
Request Successful!08-19 22:31:23
New alert more than 5 minutes! See details below: 
CRITICAL
for 5m 45s
B2Bi queue health: "B2Bi CI HME - PROD_Framework_Parallel_001.101_Parallel_Inb_10_FetchRef_HM"
on
B2Bi Application Server - Stream 3D (Multicluster)
CRITICAL - Queue "B2Bi CI HME - PROD_Framework_Parallel_001.101_Parallel_Inb_10_FetchRef_HM" ("hierchmessage_9799"/"queue_16"):
Request Successful!08-19 22:34:35
Request Successful!08-19 22:37:37
Request Successful!08-19 22:40:38
Request Successful!08-19 22:43:39
Request Successful!08-19 22:46:41
Request Successful!08-19 22:49:42
Request Successful!08-19 22:52:43
Request Successful!08-19 22:55:45
Request Successful!08-19 22:58:46
Request Successful!08-19 23:01:47
Request Successful!08-19 23:04:49
Request Successful!08-19 23:07:50
Request Successful!08-19 23:10:51
Request Successful!08-19 23:13:53
Request Successful!08-19 23:16:54
Request Successful!08-19 23:19:55
Request Successful!08-19 23:22:57
