Request Successful!11-03 15:40:50
Request Successful!11-03 15:43:51
Request Successful!11-03 15:46:52
Request Successful!11-03 15:49:54
Request Successful!11-03 15:52:56
Request Successful!11-03 15:55:57
Request Successful!11-03 15:58:59
Request Successful!11-03 16:02:00
Request Successful!11-03 16:05:02
Request Successful!11-03 16:08:03
Request Successful!11-03 16:11:04
Request Successful!11-03 16:14:06
Request Successful!11-03 16:17:07
Request Successful!11-03 16:20:08
Request Successful!11-03 16:23:10
Request Successful!11-03 16:26:11
Request Successful!11-03 16:29:13
Request Successful!11-03 16:32:14
Request Successful!11-03 16:35:16
Request Successful!11-03 16:38:17
Request Successful!11-03 16:41:19
Request Successful!11-03 16:44:20
Request Successful!11-03 16:47:21
Request Successful!11-03 16:50:23
Request Successful!11-03 16:53:25
Request Successful!11-03 16:56:26
Request Successful!11-03 16:59:28
Request Successful!11-03 17:02:29
Request Successful!11-03 17:05:30
Request Successful!11-03 17:08:32
Request Successful!11-03 17:11:33
Request Successful!11-03 17:14:35
Request Successful!11-03 17:17:36
Request Successful!11-03 17:20:37
Request Successful!11-03 17:23:39
Request Successful!11-03 17:26:40
Request Successful!11-03 17:29:42
Request Successful!11-03 17:32:43
Request Successful!11-03 17:35:44
Request Successful!11-03 17:38:47
Request Successful!11-03 17:41:48
Request Successful!11-03 17:44:50
New alert more than 5 minutes! See details below: 
CRITICAL
for 4m 21s
B2Bi queue health: "B2Bi CI HME - PROD_Framework_Parallel_001.101_Parallel_Dyn_10_ExecuteMasterDynMBC_HM"
on
B2Bi Application Server - Stream 3E (Multicluster)
CRITICAL - Queue "B2Bi CI HME - PROD_Framework_Parallel_001.101_Parallel_Dyn_10_ExecuteMasterDynMBC_HM" ("hierchmessage_9931"/"queue_16"):
Request Successful!11-03 17:48:03
Request Successful!11-03 17:51:04
Request Successful!11-03 17:54:05
Request Successful!11-03 17:57:07
Request Successful!11-03 18:00:08
Request Successful!11-03 18:03:10
Request Successful!11-03 18:06:11
Request Successful!11-03 18:09:13
Request Successful!11-03 18:12:14
Request Successful!11-03 18:15:15
Request Successful!11-03 18:18:17
Request Successful!11-03 18:21:18
Request Successful!11-03 18:24:20
Request Successful!11-03 18:27:21
Request Successful!11-03 18:30:22
New alert more than 5 minutes! See details below: 
CRITICAL
for 3m 4s
B2Bi queue health: "B2Bi CI HME - PROD_Framework_Parallel_001.101_Parallel_Dyn_10_ExecuteMasterDynMBC_HM"
on
B2Bi Application Server - Stream 3E (Multicluster)
CRITICAL - Queue "B2Bi CI HME - PROD_Framework_Parallel_001.101_Parallel_Dyn_10_ExecuteMasterDynMBC_HM" ("hierchmessage_9931"/"queue_16"):
Request Successful!11-03 18:33:34
New alert more than 5 minutes! See details below: 
CRITICAL
for 6m 16s
B2Bi queue health: "B2Bi CI HME - PROD_Framework_Parallel_001.101_Parallel_Dyn_10_ExecuteMasterDynMBC_HM"
on
B2Bi Application Server - Stream 3E (Multicluster)
CRITICAL - Queue "B2Bi CI HME - PROD_Framework_Parallel_001.101_Parallel_Dyn_10_ExecuteMasterDynMBC_HM" ("hierchmessage_9931"/"queue_16"):
Request Successful!11-03 18:36:46
Request Successful!11-03 18:39:48
Request Successful!11-03 18:42:49
Request Successful!11-03 18:45:51
Request Successful!11-03 18:48:52
Request Successful!11-03 18:51:53
Request Successful!11-03 18:54:55
Request Successful!11-03 18:57:56
Request Successful!11-03 19:00:58
Request Successful!11-03 19:03:59
Request Successful!11-03 19:07:01
Request Successful!11-03 19:10:02
Request Successful!11-03 19:13:04
Request Successful!11-03 19:16:05
Request Successful!11-03 19:19:07
Request Successful!11-03 19:22:08
Request Successful!11-03 19:25:10
Request Successful!11-03 19:28:11
Request Successful!11-03 19:31:13
Request Successful!11-03 19:34:14
Request Successful!11-03 19:37:16
Request Successful!11-03 19:40:18
Request Successful!11-03 19:43:19
Request Successful!11-03 19:46:21
Request Successful!11-03 19:49:22
Request Successful!11-03 19:52:24
Request Successful!11-03 19:55:26
Request Successful!11-03 19:58:28
Request Successful!11-03 20:01:29
Request Successful!11-03 20:04:31
Request Successful!11-03 20:07:32
Request Successful!11-03 20:10:34
Request Successful!11-03 20:13:35
Request Successful!11-03 20:16:37
Request Successful!11-03 20:19:38
Request Successful!11-03 20:22:40
Request Successful!11-03 20:25:41
Request Successful!11-03 20:28:43
Request Successful!11-03 20:31:44
Request Successful!11-03 20:34:46
Request Successful!11-03 20:37:48
Request Successful!11-03 20:40:49
Request Successful!11-03 20:43:51
Request Successful!11-03 20:46:52
Request Successful!11-03 20:49:54
Request Successful!11-03 20:52:56
Request Successful!11-03 20:55:57
Request Successful!11-03 20:58:59
Request Successful!11-03 21:02:01
Request Successful!11-03 21:05:02
Request Successful!11-03 21:08:04
Request Successful!11-03 21:11:05
Request Successful!11-03 21:14:07
Request Successful!11-03 21:17:09
Request Successful!11-03 21:20:10
Request Successful!11-03 21:23:12
Request Successful!11-03 21:26:13
Request Successful!11-03 21:29:15
Request Successful!11-03 21:32:17
Request Successful!11-03 21:35:18
Request Successful!11-03 21:38:20
Request Successful!11-03 21:41:21
Request Successful!11-03 21:44:23
Request Successful!11-03 21:47:24
Request Successful!11-03 21:50:26
Request Successful!11-03 21:53:27
Request Successful!11-03 21:56:29
Request Successful!11-03 21:59:30
Request Successful!11-03 22:02:32
Request Successful!11-03 22:05:33
Request Successful!11-03 22:08:35
Request Successful!11-03 22:11:37
Request Successful!11-03 22:14:38
Request Successful!11-03 22:17:40
Request Successful!11-03 22:20:41
Request Successful!11-03 22:23:43
Request Successful!11-03 22:26:44
Request Successful!11-03 22:29:46
Request Successful!11-03 22:32:47
Request Successful!11-03 22:35:48
Request Successful!11-03 22:38:50
Request Successful!11-03 22:41:51
Request Successful!11-03 22:44:53
Request Successful!11-03 22:47:54
Request Successful!11-03 22:50:56
New alert more than 5 minutes! See details below: 
CRITICAL
for 4m 49s
Check disk /app/sword
on
Communication Server 1 Production
/app/sword 980.91 GiB (98.12%)
/app/sword 980.91 GiB (98.12%)
DISK CRITICAL - free space: /app/sword 19269 MB (1.88% inode=67%);
Request Successful!11-03 22:54:09
Request Successful!11-03 22:57:10
Request Successful!11-03 23:00:12
Request Successful!11-03 23:03:13
Request Successful!11-03 23:06:14
Request Successful!11-03 23:09:16
Request Successful!11-03 23:12:17
Request Successful!11-03 23:15:19
Request Successful!11-03 23:18:20
Request Successful!11-03 23:21:22
Request Successful!11-03 23:24:23
