Request Successful!05-28 15:51:42
Request Successful!05-28 15:52:44
Request Successful!05-28 15:53:46
Request Successful!05-28 15:54:48
Request Successful!05-28 15:55:50
Request Successful!05-28 15:57:01
Request Successful!05-28 15:58:03
Request Successful!05-28 15:59:05
Request Successful!05-28 16:00:07
Request Successful!05-28 16:01:09
Request Successful!05-28 16:02:12
Request Successful!05-28 16:03:14
Request Successful!05-28 16:04:16
Request Successful!05-28 16:05:17
Request Successful!05-28 16:06:19
Request Successful!05-28 16:07:21
Request Successful!05-28 16:08:23
Request Successful!05-28 16:09:24
Request Successful!05-28 16:10:27
Request Successful!05-28 16:11:29
Request Successful!05-28 16:12:30
Request Successful!05-28 16:13:32
Request Successful!05-28 16:14:34
Request Successful!05-28 16:15:35
Request Successful!05-28 16:16:37
Request Successful!05-28 16:17:39
Request Successful!05-28 16:18:42
Request Successful!05-28 16:19:44
Request Successful!05-28 16:20:45
Request Successful!05-28 16:21:47
Request Successful!05-28 16:22:49
Request Successful!05-28 16:23:50
Request Successful!05-28 16:24:52
Request Successful!05-28 16:25:54
Request Successful!05-28 16:26:56
Request Successful!05-28 16:27:57
Request Successful!05-28 16:28:59
Request Successful!05-28 16:30:01
Request Successful!05-28 16:31:02
Request Successful!05-28 16:32:04
Request Successful!05-28 16:33:06
Request Successful!05-28 16:34:11
Request Successful!05-28 16:35:13
Request Successful!05-28 16:36:16
Request Successful!05-28 16:37:18
Request Successful!05-28 16:38:21
Request Successful!05-28 16:39:24
Request Successful!05-28 16:40:26
Request Successful!05-28 16:41:29
Request Successful!05-28 16:42:32
Request Successful!05-28 16:43:35
Request Successful!05-28 16:44:38
Request Successful!05-28 16:45:40
Request Successful!05-28 16:46:46
Request Successful!05-28 16:47:49
Request Successful!05-28 16:48:51
Request Successful!05-28 16:49:52
Request Successful!05-28 16:50:54
Request Successful!05-28 16:51:56
Request Successful!05-28 16:52:58
Request Successful!05-28 16:54:00
Request Successful!05-28 16:55:02
Request Successful!05-28 16:56:05
Request Successful!05-28 16:57:08
Request Successful!05-28 16:58:10
Request Successful!05-28 16:59:13
Request Successful!05-28 17:00:16
Request Successful!05-28 17:01:18
Request Successful!05-28 17:02:20
Request Successful!05-28 17:03:22
Request Successful!05-28 17:04:24
Request Successful!05-28 17:05:26
Request Successful!05-28 17:06:28
Request Successful!05-28 17:07:30
Request Successful!05-28 17:08:32
Request Successful!05-28 17:09:34
Request Successful!05-28 17:10:36
Request Successful!05-28 17:11:37
Request Successful!05-28 17:12:41
Request Successful!05-28 17:13:43
Request Successful!05-28 17:14:45
Request Successful!05-28 17:15:47
Request Successful!05-28 17:16:49
Request Successful!05-28 17:17:50
Request Successful!05-28 17:18:52
Request Successful!05-28 17:19:54
Request Successful!05-28 17:20:56
Request Successful!05-28 17:21:58
Request Successful!05-28 17:23:00
Request Successful!05-28 17:24:02
Request Successful!05-28 17:25:03
Request Successful!05-28 17:26:05
Request Successful!05-28 17:27:07
Request Successful!05-28 17:28:09
Request Successful!05-28 17:29:11
Request Successful!05-28 17:30:13
Request Successful!05-28 17:31:16
Request Successful!05-28 17:32:18
Request Successful!05-28 17:33:20
Request Successful!05-28 17:34:22
Request Successful!05-28 17:35:24
Request Successful!05-28 17:36:26
Request Successful!05-28 17:37:28
Request Successful!05-28 17:38:30
Request Successful!05-28 17:39:32
Request Successful!05-28 17:40:35
Request Successful!05-28 17:41:37
Request Successful!05-28 17:42:39
Request Successful!05-28 17:43:41
Request Successful!05-28 17:44:43
Request Successful!05-28 17:45:45
Request Successful!05-28 17:46:47
Request Successful!05-28 17:47:49
Request Successful!05-28 17:48:51
Request Successful!05-28 17:49:53
Request Successful!05-28 17:50:55
Request Successful!05-28 17:51:57
Request Successful!05-28 17:52:59
Request Successful!05-28 17:54:01
Request Successful!05-28 17:55:02
Request Successful!05-28 17:56:04
Request Successful!05-28 17:57:06
Request Successful!05-28 17:58:08
Request Successful!05-28 17:59:10
Request Successful!05-28 18:00:12
Request Successful!05-28 18:01:13
Request Successful!05-28 18:02:15
Request Successful!05-28 18:03:17
Request Successful!05-28 18:04:19
Request Successful!05-28 18:05:20
Request Successful!05-28 18:06:22
Request Successful!05-28 18:07:24
Request Successful!05-28 18:08:25
Request Successful!05-28 18:09:27
Request Successful!05-28 18:10:29
Request Successful!05-28 18:10:39
Request Successful!05-28 18:11:41
Request Successful!05-28 18:12:43
Request Successful!05-28 18:13:45
Request Successful!05-28 18:14:46
Request Successful!05-28 18:15:48
Request Successful!05-28 18:16:50
Request Successful!05-28 18:17:51
Request Successful!05-28 18:18:53
Request Successful!05-28 18:19:55
Request Successful!05-28 18:20:56
Request Successful!05-28 18:21:58
Request Successful!05-28 18:23:00
Request Successful!05-28 18:24:01
Request Successful!05-28 18:25:03
Request Successful!05-28 18:26:05
Request Successful!05-28 18:27:06
Request Successful!05-28 18:28:08
Request Successful!05-28 18:29:13
Request Successful!05-28 18:30:15
Request Successful!05-28 18:31:17
Request Successful!05-28 18:32:19
Request Successful!05-28 18:33:21
Request Successful!05-28 18:34:22
Request Successful!05-28 18:35:24
Request Successful!05-28 18:36:26
Request Successful!05-28 18:37:28
Request Successful!05-28 18:38:29
Request Successful!05-28 18:39:31
Request Successful!05-28 18:40:33
Request Successful!05-28 18:41:35
Request Successful!05-28 18:42:36
Request Successful!05-28 18:43:38
Request Successful!05-28 18:44:40
Request Successful!05-28 18:45:41
Request Successful!05-28 18:46:43
Request Successful!05-28 18:47:45
Request Successful!05-28 18:48:47
Request Successful!05-28 18:49:48
Request Successful!05-28 18:50:50
Request Successful!05-28 18:51:52
Request Successful!05-28 18:52:53
Request Successful!05-28 18:53:55
Request Successful!05-28 18:54:57
Request Successful!05-28 18:55:58
Request Successful!05-28 18:57:00
Request Successful!05-28 18:58:02
Request Successful!05-28 18:59:04
Request Successful!05-28 19:00:06
Request Successful!05-28 19:01:08
Request Successful!05-28 19:02:10
Request Successful!05-28 19:03:11
Request Successful!05-28 19:04:13
Request Successful!05-28 19:05:15
Request Successful!05-28 19:06:17
Request Successful!05-28 19:07:18
Request Successful!05-28 19:08:20
Request Successful!05-28 19:09:22
Request Successful!05-28 19:10:23
Request Successful!05-28 19:11:25
Request Successful!05-28 19:12:27
Request Successful!05-28 19:13:29
Request Successful!05-28 19:14:30
Request Successful!05-28 19:15:32
Request Successful!05-28 19:16:34
Request Successful!05-28 19:17:36
Request Successful!05-28 19:18:38
Request Successful!05-28 19:19:39
Request Successful!05-28 19:20:41
Request Successful!05-28 19:21:43
Request Successful!05-28 19:22:44
Request Successful!05-28 19:23:46
Request Successful!05-28 19:24:48
Request Successful!05-28 19:25:49
Request Successful!05-28 19:26:51
Request Successful!05-28 19:27:53
Request Successful!05-28 19:28:55
Request Successful!05-28 19:29:56
Request Successful!05-28 19:30:58
Request Successful!05-28 19:32:00
Request Successful!05-28 19:33:01
Request Successful!05-28 19:34:03
Request Successful!05-28 19:35:05
Request Successful!05-28 19:36:06
Request Successful!05-28 19:37:08
Request Successful!05-28 19:38:10
Request Successful!05-28 19:39:11
Request Successful!05-28 19:40:13
Request Successful!05-28 19:41:16
Request Successful!05-28 19:42:17
Request Successful!05-28 19:43:19
Request Successful!05-28 19:44:21
Request Successful!05-28 19:45:23
Request Successful!05-28 19:46:25
Request Successful!05-28 19:47:26
Request Successful!05-28 19:48:28
Request Successful!05-28 19:49:30
Request Successful!05-28 19:50:31
Request Successful!05-28 19:51:33
Request Successful!05-28 19:52:35
Request Successful!05-28 19:53:37
Request Successful!05-28 19:54:38
Request Successful!05-28 19:55:40
Request Successful!05-28 19:56:42
Request Successful!05-28 19:57:44
Request Successful!05-28 19:58:45
Request Successful!05-28 19:59:47
Request Successful!05-28 20:00:49
Request Successful!05-28 20:01:50
Request Successful!05-28 20:02:52
Request Successful!05-28 20:03:54
Request Successful!05-28 20:04:56
Request Successful!05-28 20:05:57
Request Successful!05-28 20:06:59
Request Successful!05-28 20:08:01
Request Successful!05-28 20:09:03
Request Successful!05-28 20:10:04
Request Successful!05-28 20:11:06
Request Successful!05-28 20:12:08
Request Successful!05-28 20:13:09
Request Successful!05-28 20:14:11
Request Successful!05-28 20:15:13
Request Successful!05-28 20:16:14
Request Successful!05-28 20:17:16
Request Successful!05-28 20:18:18
Request Successful!05-28 20:19:19
Request Successful!05-28 20:20:21
Request Successful!05-28 20:21:23
Request Successful!05-28 20:22:25
Request Successful!05-28 20:23:27
Request Successful!05-28 20:24:29
Request Successful!05-28 20:25:30
Request Successful!05-28 20:26:32
Request Successful!05-28 20:27:34
Request Successful!05-28 20:28:36
Request Successful!05-28 20:29:37
Request Successful!05-28 20:30:39
Request Successful!05-28 20:31:41
Request Successful!05-28 20:32:43
Request Successful!05-28 20:33:45
Request Successful!05-28 20:34:47
Request Successful!05-28 20:35:49
Request Successful!05-28 20:36:50
Request Successful!05-28 20:37:52
Request Successful!05-28 20:38:54
Request Successful!05-28 20:39:55
Request Successful!05-28 20:40:57
Request Successful!05-28 20:41:59
Request Successful!05-28 20:43:00
Request Successful!05-28 20:44:02
Request Successful!05-28 20:45:04
Request Successful!05-28 20:46:05
Request Successful!05-28 20:47:07
Request Successful!05-28 20:48:09
Request Successful!05-28 20:49:10
Request Successful!05-28 20:50:12
Request Successful!05-28 20:51:14
Request Successful!05-28 20:52:15
Request Successful!05-28 20:53:17
Request Successful!05-28 20:54:19
Request Successful!05-28 20:55:21
Request Successful!05-28 20:56:22
Request Successful!05-28 20:57:24
Request Successful!05-28 20:58:26
Request Successful!05-28 20:59:27
Request Successful!05-28 21:00:29
Request Successful!05-28 21:01:30
Request Successful!05-28 21:02:32
Request Successful!05-28 21:03:34
Request Successful!05-28 21:04:36
Request Successful!05-28 21:05:37
Request Successful!05-28 21:06:39
Request Successful!05-28 21:07:41
Request Successful!05-28 21:08:43
Request Successful!05-28 21:09:44
Request Successful!05-28 21:10:46
Request Successful!05-28 21:11:48
Request Successful!05-28 21:12:49
Request Successful!05-28 21:13:51
Request Successful!05-28 21:14:53
Request Successful!05-28 21:15:54
Request Successful!05-28 21:16:56
Request Successful!05-28 21:17:58
Request Successful!05-28 21:19:00
Request Successful!05-28 21:20:01
Request Successful!05-28 21:21:03
Request Successful!05-28 21:22:05
Request Successful!05-28 21:23:06
Request Successful!05-28 21:24:08
Request Successful!05-28 21:25:10
Request Successful!05-28 21:26:11
Request Successful!05-28 21:27:13
Request Successful!05-28 21:28:15
Request Successful!05-28 21:29:17
Request Successful!05-28 21:30:19
Request Successful!05-28 21:31:21
Request Successful!05-28 21:32:23
Request Successful!05-28 21:33:25
Request Successful!05-28 21:34:27
Request Successful!05-28 21:35:29
Request Successful!05-28 21:36:30
Request Successful!05-28 21:37:32
Request Successful!05-28 21:38:33
Request Successful!05-28 21:39:35
Request Successful!05-28 21:40:37
Request Successful!05-28 21:41:39
Request Successful!05-28 21:42:41
Request Successful!05-28 21:43:43
Request Successful!05-28 21:44:45
Request Successful!05-28 21:45:47
Request Successful!05-28 21:46:49
Request Successful!05-28 21:47:51
Request Successful!05-28 21:48:53
Request Successful!05-28 21:49:55
Request Successful!05-28 21:50:57
Request Successful!05-28 21:51:59
Request Successful!05-28 21:53:01
Request Successful!05-28 21:54:03
Request Successful!05-28 21:55:05
Request Successful!05-28 21:56:07
Request Successful!05-28 21:57:09
Request Successful!05-28 21:58:11
Request Successful!05-28 21:59:12
Request Successful!05-28 22:00:14
Request Successful!05-28 22:01:16
Request Successful!05-28 22:02:17
Request Successful!05-28 22:03:19
Request Successful!05-28 22:04:21
Request Successful!05-28 22:05:23
Request Successful!05-28 22:06:25
Request Successful!05-28 22:07:26
Request Successful!05-28 22:08:28
Request Successful!05-28 22:09:30
Request Successful!05-28 22:10:31
Request Successful!05-28 22:11:33
Request Successful!05-28 22:12:35
Request Successful!05-28 22:13:37
Request Successful!05-28 22:14:38
Request Successful!05-28 22:15:40
Request Successful!05-28 22:16:42
Request Successful!05-28 22:17:43
Request Successful!05-28 22:18:46
Request Successful!05-28 22:19:47
Request Successful!05-28 22:20:49
New alert more than 5 minutes! See details below: 
CRITICAL
for 3m 56s
B2Bi queue health: "B2Bi CI HME - PROD_Framework_Parallel_001.Z_Local_402_Serial_Out_20_InhouseEnveloper(Inhouse)_4_SAG_ETGOIT_HM"
on
B2Bi Application Server - Stream 1B
CRITICAL - Queue "B2Bi CI HME - PROD_Framework_Parallel_001.Z_Local_402_Serial_Out_20_InhouseEnveloper(Inhouse)_4_SAG_ETGOIT_HM" ("hierchmessage_11217"/"queue_13"):
Request Successful!05-28 22:22:03
New alert more than 5 minutes! See details below: 
CRITICAL
for 5m 10s
B2Bi queue health: "B2Bi CI HME - PROD_Framework_Parallel_001.Z_Local_402_Serial_Out_20_InhouseEnveloper(Inhouse)_4_SAG_ETGOIT_HM"
on
B2Bi Application Server - Stream 1B
CRITICAL - Queue "B2Bi CI HME - PROD_Framework_Parallel_001.Z_Local_402_Serial_Out_20_InhouseEnveloper(Inhouse)_4_SAG_ETGOIT_HM" ("hierchmessage_11217"/"queue_13"):
Request Successful!05-28 22:23:15
New alert more than 5 minutes! See details below: 
CRITICAL
for 6m 22s
B2Bi queue health: "B2Bi CI HME - PROD_Framework_Parallel_001.Z_Local_402_Serial_Out_20_InhouseEnveloper(Inhouse)_4_SAG_ETGOIT_HM"
on
B2Bi Application Server - Stream 1B
CRITICAL - Queue "B2Bi CI HME - PROD_Framework_Parallel_001.Z_Local_402_Serial_Out_20_InhouseEnveloper(Inhouse)_4_SAG_ETGOIT_HM" ("hierchmessage_11217"/"queue_13"):
Request Successful!05-28 22:24:27
Request Successful!05-28 22:25:29
Request Successful!05-28 22:26:31
Request Successful!05-28 22:27:32
Request Successful!05-28 22:28:34
Request Successful!05-28 22:29:36
Request Successful!05-28 22:30:38
Request Successful!05-28 22:31:39
Request Successful!05-28 22:32:41
Request Successful!05-28 22:33:43
Request Successful!05-28 22:34:44
Request Successful!05-28 22:35:46
Request Successful!05-28 22:36:48
Request Successful!05-28 22:37:49
Request Successful!05-28 22:38:51
Request Successful!05-28 22:39:53
Request Successful!05-28 22:40:55
Request Successful!05-28 22:41:56
Request Successful!05-28 22:42:58
Request Successful!05-28 22:44:00
Request Successful!05-28 22:45:01
Request Successful!05-28 22:46:03
Request Successful!05-28 22:47:05
Request Successful!05-28 22:48:07
Request Successful!05-28 22:49:08
Request Successful!05-28 22:50:10
Request Successful!05-28 22:51:13
Request Successful!05-28 22:52:15
Request Successful!05-28 22:53:17
Request Successful!05-28 22:54:19
Request Successful!05-28 22:55:21
Request Successful!05-28 22:56:23
Request Successful!05-28 22:57:25
Request Successful!05-28 22:58:26
Request Successful!05-28 22:59:28
Request Successful!05-28 23:00:30
Request Successful!05-28 23:01:31
Request Successful!05-28 23:02:33
Request Successful!05-28 23:03:35
Request Successful!05-28 23:04:37
