Request Successful!08-25 15:35:18
Request Successful!08-25 15:38:19
Request Successful!08-25 15:41:21
Request Successful!08-25 15:44:22
Request Successful!08-25 15:47:23
Request Successful!08-25 15:50:24
Request Successful!08-25 15:53:26
Request Successful!08-25 15:56:27
Request Successful!08-25 15:59:28
Request Successful!08-25 16:02:30
Request Successful!08-25 16:05:31
Request Successful!08-25 16:08:32
Request Successful!08-25 16:11:34
Request Successful!08-25 16:14:35
Request Successful!08-25 16:17:36
Request Successful!08-25 16:20:38
Request Successful!08-25 16:23:39
Request Successful!08-25 16:26:40
Request Successful!08-25 16:29:42
Request Successful!08-25 16:32:43
Request Successful!08-25 16:35:44
Request Successful!08-25 16:38:46
Request Successful!08-25 16:41:47
Request Successful!08-25 16:44:48
Request Successful!08-25 16:47:50
Request Successful!08-25 16:50:51
Request Successful!08-25 16:53:53
Request Successful!08-25 16:56:54
Request Successful!08-25 16:59:55
Request Successful!08-25 17:02:57
Request Successful!08-25 17:05:58
Request Successful!08-25 17:08:59
Request Successful!08-25 17:12:01
Request Successful!08-25 17:15:02
Request Successful!08-25 17:18:03
Request Successful!08-25 17:21:05
Request Successful!08-25 17:24:06
Request Successful!08-25 17:27:07
Request Successful!08-25 17:30:09
Request Successful!08-25 17:33:10
Request Successful!08-25 17:36:11
Request Successful!08-25 17:39:13
Request Successful!08-25 17:42:14
Request Successful!08-25 17:45:15
Request Successful!08-25 17:48:17
Request Successful!08-25 17:51:18
Request Successful!08-25 17:54:19
Request Successful!08-25 17:57:21
Request Successful!08-25 18:00:22
Request Successful!08-25 18:03:23
Request Successful!08-25 18:06:24
Request Successful!08-25 18:09:26
Request Successful!08-25 18:12:27
Request Successful!08-25 18:15:28
Request Successful!08-25 18:18:30
Request Successful!08-25 18:21:31
Request Successful!08-25 18:24:32
Request Successful!08-25 18:27:34
Request Successful!08-25 18:30:35
Request Successful!08-25 18:33:36
Request Successful!08-25 18:36:38
Request Successful!08-25 18:39:39
Request Successful!08-25 18:42:40
Request Successful!08-25 18:45:42
Request Successful!08-25 18:48:43
Request Successful!08-25 18:51:44
Request Successful!08-25 18:54:46
Request Successful!08-25 18:57:47
Request Successful!08-25 19:00:48
Request Successful!08-25 19:03:50
Request Successful!08-25 19:06:51
Request Successful!08-25 19:09:52
Request Successful!08-25 19:12:54
Request Successful!08-25 19:15:55
Request Successful!08-25 19:18:56
Request Successful!08-25 19:21:57
Request Successful!08-25 19:24:59
Request Successful!08-25 19:28:00
Request Successful!08-25 19:31:01
Request Successful!08-25 19:34:03
Request Successful!08-25 19:37:04
New alert more than 5 minutes! See details below: 
CRITICAL
for 5m 40s
B2Bi queue health: "B2Bi CI HME - PROD_Framework_Parallel_001.Z_Local_402_Serial_Out_20_InhouseEnveloper(Inhouse)_4_SAG_ETGOIT_HM"
on
B2Bi Application Server - Stream 1B
CRITICAL - Queue "B2Bi CI HME - PROD_Framework_Parallel_001.Z_Local_402_Serial_Out_20_InhouseEnveloper(Inhouse)_4_SAG_ETGOIT_HM" ("hierchmessage_11217"/"queue_13"):
Request Successful!08-25 19:40:17
Request Successful!08-25 19:43:18
Request Successful!08-25 19:46:19
Request Successful!08-25 19:49:21
Request Successful!08-25 19:52:22
Request Successful!08-25 19:55:23
Request Successful!08-25 19:58:25
Request Successful!08-25 20:01:26
Request Successful!08-25 20:04:27
Request Successful!08-25 20:07:29
Request Successful!08-25 20:10:30
Request Successful!08-25 20:13:31
Request Successful!08-25 20:16:32
Request Successful!08-25 20:19:34
Request Successful!08-25 20:22:35
Request Successful!08-25 20:25:37
Request Successful!08-25 20:28:38
Request Successful!08-25 20:31:39
Request Successful!08-25 20:34:41
Request Successful!08-25 20:37:42
Request Successful!08-25 20:40:43
Request Successful!08-25 20:43:45
Request Successful!08-25 20:46:46
Request Successful!08-25 20:49:47
Request Successful!08-25 20:52:49
Request Successful!08-25 20:55:50
Request Successful!08-25 20:58:51
Request Successful!08-25 21:01:53
Request Successful!08-25 21:04:54
Request Successful!08-25 21:07:56
Request Successful!08-25 21:10:57
Request Successful!08-25 21:13:59
Request Successful!08-25 21:17:00
Request Successful!08-25 21:20:02
Request Successful!08-25 21:23:03
Request Successful!08-25 21:26:04
Request Successful!08-25 21:29:06
Request Successful!08-25 21:32:07
Request Successful!08-25 21:35:08
Request Successful!08-25 21:38:10
Request Successful!08-25 21:41:11
Request Successful!08-25 21:44:12
Request Successful!08-25 21:47:14
Request Successful!08-25 21:50:15
Request Successful!08-25 21:53:16
Request Successful!08-25 21:56:18
Request Successful!08-25 21:59:19
Request Successful!08-25 22:02:20
Request Successful!08-25 22:05:22
Request Successful!08-25 22:08:23
Request Successful!08-25 22:11:24
Request Successful!08-25 22:14:26
Request Successful!08-25 22:17:27
Request Successful!08-25 22:20:28
Request Successful!08-25 22:23:30
Request Successful!08-25 22:26:31
New alert more than 5 minutes! See details below: 
CRITICAL
for 5m 47s
B2Bi queue health: "B2Bi CI HME - PROD_Framework_Parallel_001.401_SerialSTD_Dyn_10_ExecuteMasterDynMBC_HM"
on
B2Bi Application Server - Stream 1C
CRITICAL - Queue "B2Bi CI HME - PROD_Framework_Parallel_001.401_SerialSTD_Dyn_10_ExecuteMasterDynMBC_HM" ("hierchmessage_7335"/"queue_13"):
Request Successful!08-25 22:29:43
Request Successful!08-25 22:32:45
Request Successful!08-25 22:35:46
Request Successful!08-25 22:38:47
Request Successful!08-25 22:41:49
Request Successful!08-25 22:44:50
New alert more than 5 minutes! See details below: 
CRITICAL
for 4m 26s
B2Bi queue health: "B2Bi CI HME - PROD_Framework_Parallel_001.101_Parallel_Inb_10_FetchRef_HM"
on
B2Bi Application Server - Stream 3F (Multicluster)
CRITICAL - Queue "B2Bi CI HME - PROD_Framework_Parallel_001.101_Parallel_Inb_10_FetchRef_HM" ("hierchmessage_9799"/"queue_16"):
Request Successful!08-25 22:48:02
Request Successful!08-25 22:51:04
Request Successful!08-25 22:54:05
Request Successful!08-25 22:57:06
Request Successful!08-25 23:00:08
Request Successful!08-25 23:03:09
Request Successful!08-25 23:06:11
Request Successful!08-25 23:09:12
Request Successful!08-25 23:12:13
Request Successful!08-25 23:15:15
Request Successful!08-25 23:18:16
Request Successful!08-25 23:21:18
