Request Successful!04-10 16:24:36
Request Successful!04-10 16:27:38
Request Successful!04-10 16:30:40
Request Successful!04-10 16:33:41
Request Successful!04-10 16:36:43
Request Successful!04-10 16:39:44
Request Successful!04-10 16:42:46
Request Successful!04-10 16:45:47
Request Successful!04-10 16:48:49
Request Successful!04-10 16:51:52
Request Successful!04-10 16:54:53
Request Successful!04-10 16:57:55
Request Successful!04-10 17:00:56
Request Successful!04-10 17:03:58
Request Successful!04-10 17:06:59
Request Successful!04-10 17:10:01
Request Successful!04-10 17:13:03
New alert more than 5 minutes! See details below: 
CRITICAL
for 4m 24s
Check if we still can connect to ftp.sword.dbschenker.com using ftp.
on
b2biprdxsr5.sl3.comp.db.de
CRITICAL : No data received from host
Request Successful!04-10 17:16:14
Request Successful!04-10 17:19:15
Request Successful!04-10 17:22:17
Request Successful!04-10 17:25:18
Request Successful!04-10 17:28:19
Request Successful!04-10 17:31:21
Request Successful!04-10 17:34:22
Request Successful!04-10 17:37:24
Request Successful!04-10 17:40:25
Request Successful!04-10 17:43:27
Request Successful!04-10 17:46:29
Request Successful!04-10 17:49:30
Request Successful!04-10 17:52:32
Request Successful!04-10 17:55:33
Request Successful!04-10 17:58:34
Request Successful!04-10 18:01:36
Request Successful!04-10 18:04:37
Request Successful!04-10 18:07:39
Request Successful!04-10 18:10:40
Request Successful!04-10 18:13:42
Request Successful!04-10 18:16:43
Request Successful!04-10 18:19:45
Request Successful!04-10 18:22:46
Request Successful!04-10 18:25:48
Request Successful!04-10 18:28:49
Request Successful!04-10 18:31:51
Request Successful!04-10 18:34:52
Request Successful!04-10 18:37:54
Request Successful!04-10 18:40:55
Request Successful!04-10 18:43:57
Request Successful!04-10 18:46:58
Request Successful!04-10 18:50:00
Request Successful!04-10 18:53:01
Request Successful!04-10 18:56:03
Request Successful!04-10 18:59:04
Request Successful!04-10 19:02:06
Request Successful!04-10 19:05:07
Request Successful!04-10 19:08:09
Request Successful!04-10 19:11:10
Request Successful!04-10 19:14:12
Request Successful!04-10 19:17:13
Request Successful!04-10 19:20:15
Request Successful!04-10 19:23:16
Request Successful!04-10 19:26:18
Request Successful!04-10 19:29:19
Request Successful!04-10 19:32:21
Request Successful!04-10 19:35:22
Request Successful!04-10 19:38:24
Request Successful!04-10 19:41:25
Request Successful!04-10 19:44:27
Request Successful!04-10 19:47:28
Request Successful!04-10 19:50:30
Request Successful!04-10 19:53:31
Request Successful!04-10 19:56:33
Request Successful!04-10 19:59:34
Request Successful!04-10 20:02:36
Request Successful!04-10 20:05:37
Request Successful!04-10 20:08:39
Request Successful!04-10 20:11:40
Request Successful!04-10 20:14:42
Request Successful!04-10 20:17:43
Request Successful!04-10 20:20:45
Request Successful!04-10 20:23:46
Request Successful!04-10 20:26:48
Request Successful!04-10 20:29:49
Request Successful!04-10 20:32:51
Request Successful!04-10 20:35:52
Request Successful!04-10 20:38:54
Request Successful!04-10 20:41:55
Request Successful!04-10 20:44:57
Request Successful!04-10 20:47:58
Request Successful!04-10 20:51:00
Request Successful!04-10 20:54:01
Request Successful!04-10 20:57:03
Request Successful!04-10 21:00:04
Request Successful!04-10 21:03:06
Request Successful!04-10 21:06:07
Request Successful!04-10 21:09:09
Request Successful!04-10 21:12:10
Request Successful!04-10 21:15:12
Request Successful!04-10 21:18:13
Request Successful!04-10 21:21:15
Request Successful!04-10 21:24:16
Request Successful!04-10 21:27:17
Request Successful!04-10 21:30:19
Request Successful!04-10 21:33:20
Request Successful!04-10 21:36:22
Request Successful!04-10 21:39:23
Request Successful!04-10 21:42:25
Request Successful!04-10 21:45:26
Request Successful!04-10 21:48:28
Request Successful!04-10 21:51:30
Request Successful!04-10 21:54:31
Request Successful!04-10 21:57:33
Request Successful!04-10 22:00:34
Request Successful!04-10 22:03:36
Request Successful!04-10 22:06:37
Request Successful!04-10 22:09:39
Request Successful!04-10 22:12:40
Request Successful!04-10 22:15:42
Request Successful!04-10 22:18:43
Request Successful!04-10 22:21:44
Request Successful!04-10 22:24:46
Request Successful!04-10 22:27:47
Request Successful!04-10 22:30:49
Request Successful!04-10 22:33:50
Request Successful!04-10 22:36:52
Request Successful!04-10 22:39:53
Request Successful!04-10 22:42:55
Request Successful!04-10 22:45:56
Request Successful!04-10 22:48:58
Request Successful!04-10 22:51:59
Request Successful!04-10 22:55:01
Request Successful!04-10 22:58:02
Request Successful!04-10 23:01:04
Request Successful!04-10 23:04:05
Request Successful!04-10 23:07:07
Request Successful!04-10 23:10:08
