Request Successful!11-07 16:56:25
Request Successful!11-07 16:59:27
Request Successful!11-07 17:02:28
New alert more than 5 minutes! See details below: 
CRITICAL
for 5m 46s
B2Bi queue health: "B2Bi CI HME - PROD_Framework_Parallel_001.Z_Local_402_Serial_Out_20_InhouseEnveloper(Inhouse)_4_SAG_ETGOIT_HM"
on
B2Bi Application Server - Stream 1B
CRITICAL - Queue "B2Bi CI HME - PROD_Framework_Parallel_001.Z_Local_402_Serial_Out_20_InhouseEnveloper(Inhouse)_4_SAG_ETGOIT_HM" ("hierchmessage_11217"/"queue_13"):
Request Successful!11-07 17:05:41
Request Successful!11-07 17:08:42
Request Successful!11-07 17:11:44
Request Successful!11-07 17:14:45
Request Successful!11-07 17:17:47
Request Successful!11-07 17:20:48
Request Successful!11-07 17:23:50
Request Successful!11-07 17:26:51
Request Successful!11-07 17:29:53
Request Successful!11-07 17:32:54
Request Successful!11-07 17:35:56
Request Successful!11-07 17:38:58
Request Successful!11-07 17:41:59
Request Successful!11-07 17:45:01
Request Successful!11-07 17:48:02
Request Successful!11-07 17:51:04
Request Successful!11-07 17:54:06
Request Successful!11-07 17:57:07
Request Successful!11-07 18:00:09
Request Successful!11-07 18:03:10
Request Successful!11-07 18:06:12
Request Successful!11-07 18:09:13
New alert more than 5 minutes! See details below: 
CRITICAL
for 3m 48s
B2Bi queue health: "B2Bi CI HME - PROD_Framework_Parallel_001.Z_Local_402_Serial_Out_20_InhouseEnveloper(Inhouse)_4_SAG_ETGOIT_HM"
on
B2Bi Application Server - Stream 1B
CRITICAL - Queue "B2Bi CI HME - PROD_Framework_Parallel_001.Z_Local_402_Serial_Out_20_InhouseEnveloper(Inhouse)_4_SAG_ETGOIT_HM" ("hierchmessage_11217"/"queue_13"):
Request Successful!11-07 18:12:25
New alert more than 5 minutes! See details below: 
CRITICAL
for 6m 59s
B2Bi queue health: "B2Bi CI HME - PROD_Framework_Parallel_001.Z_Local_402_Serial_Out_20_InhouseEnveloper(Inhouse)_4_SAG_ETGOIT_HM"
on
B2Bi Application Server - Stream 1B
CRITICAL - Queue "B2Bi CI HME - PROD_Framework_Parallel_001.Z_Local_402_Serial_Out_20_InhouseEnveloper(Inhouse)_4_SAG_ETGOIT_HM" ("hierchmessage_11217"/"queue_13"):
Request Successful!11-07 18:15:37
Request Successful!11-07 18:18:38
Request Successful!11-07 18:21:40
Request Successful!11-07 18:24:41
Request Successful!11-07 18:27:43
Request Successful!11-07 18:30:44
Request Successful!11-07 18:33:46
Request Successful!11-07 18:36:47
Request Successful!11-07 18:39:49
Request Successful!11-07 18:42:50
Request Successful!11-07 18:45:52
Request Successful!11-07 18:48:53
Request Successful!11-07 18:51:55
Request Successful!11-07 18:54:57
Request Successful!11-07 18:57:58
Request Successful!11-07 19:01:00
Request Successful!11-07 19:04:02
Request Successful!11-07 19:07:04
Request Successful!11-07 19:10:05
New alert more than 5 minutes! See details below: 
CRITICAL
for 3m 55s
B2Bi queue health: "B2Bi CI HME - PROD_Framework_Parallel_001.Z_Local_402_Serial_Out_20_InhouseEnveloper(Inhouse)_4_SAG_ETGOIT_HM"
on
B2Bi Application Server - Stream 1B
CRITICAL - Queue "B2Bi CI HME - PROD_Framework_Parallel_001.Z_Local_402_Serial_Out_20_InhouseEnveloper(Inhouse)_4_SAG_ETGOIT_HM" ("hierchmessage_11217"/"queue_13"):
Request Successful!11-07 19:13:17
Request Successful!11-07 19:16:19
Request Successful!11-07 19:19:20
Request Successful!11-07 19:22:22
Request Successful!11-07 19:25:23
Request Successful!11-07 19:28:25
Request Successful!11-07 19:31:26
Request Successful!11-07 19:34:28
Request Successful!11-07 19:37:29
Request Successful!11-07 19:40:31
Request Successful!11-07 19:43:32
Request Successful!11-07 19:46:34
Request Successful!11-07 19:49:35
Request Successful!11-07 19:52:36
Request Successful!11-07 19:55:38
Request Successful!11-07 19:58:39
Request Successful!11-07 20:01:41
Request Successful!11-07 20:04:42
Request Successful!11-07 20:07:44
Request Successful!11-07 20:10:45
Request Successful!11-07 20:13:47
Request Successful!11-07 20:16:48
Request Successful!11-07 20:19:50
Request Successful!11-07 20:22:51
Request Successful!11-07 20:25:53
New alert more than 5 minutes! See details below: 
CRITICAL
for 4m 16s
B2Bi queue health: "B2Bi CI HME - PROD_Framework_Parallel_001.Z_Local_402_Serial_Out_20_InhouseEnveloper(Inhouse)_4_SAG_ETGOIT_HM"
on
B2Bi Application Server - Stream 1B
CRITICAL - Queue "B2Bi CI HME - PROD_Framework_Parallel_001.Z_Local_402_Serial_Out_20_InhouseEnveloper(Inhouse)_4_SAG_ETGOIT_HM" ("hierchmessage_11217"/"queue_13"):
Request Successful!11-07 20:29:05
Request Successful!11-07 20:32:06
Request Successful!11-07 20:35:08
Request Successful!11-07 20:38:09
Request Successful!11-07 20:41:10
Request Successful!11-07 20:44:12
Request Successful!11-07 20:47:13
Request Successful!11-07 20:50:15
Request Successful!11-07 20:53:16
Request Successful!11-07 20:56:18
Request Successful!11-07 20:59:19
New alert more than 5 minutes! See details below: 
CRITICAL
for 4m 25s
B2Bi queue health: "B2Bi CI HME - PROD_Framework_Parallel_001.Z_Local_402_Serial_Out_20_InhouseEnveloper(Inhouse)_4_SAG_ETGOIT_HM"
on
B2Bi Application Server - Stream 1B
CRITICAL - Queue "B2Bi CI HME - PROD_Framework_Parallel_001.Z_Local_402_Serial_Out_20_InhouseEnveloper(Inhouse)_4_SAG_ETGOIT_HM" ("hierchmessage_11217"/"queue_13"):
Request Successful!11-07 21:02:31
Request Successful!11-07 21:05:32
Request Successful!11-07 21:08:34
Request Successful!11-07 21:11:35
Request Successful!11-07 21:14:36
Request Successful!11-07 21:17:38
Request Successful!11-07 21:20:40
Request Successful!11-07 21:23:41
Request Successful!11-07 21:26:43
Request Successful!11-07 21:29:44
Request Successful!11-07 21:32:46
Request Successful!11-07 21:35:47
Request Successful!11-07 21:38:49
Request Successful!11-07 21:41:50
Request Successful!11-07 21:44:52
Request Successful!11-07 21:47:53
Request Successful!11-07 21:50:54
Request Successful!11-07 21:53:56
Request Successful!11-07 21:56:57
Request Successful!11-07 21:59:59
Request Successful!11-07 22:03:00
Request Successful!11-07 22:06:02
Request Successful!11-07 22:09:03
Request Successful!11-07 22:12:05
Request Successful!11-07 22:15:06
Request Successful!11-07 22:18:08
Request Successful!11-07 22:21:09
Request Successful!11-07 22:24:11
Request Successful!11-07 22:27:12
Request Successful!11-07 22:30:14
Request Successful!11-07 22:33:15
New alert more than 5 minutes! See details below: 
CRITICAL
for 3m 15s
Check if there're unprocessed monitoring events piling up in mon_events_processing_sc2
on
b2biprddb1.sl3.comp.db.de
CRIT : 100139 entries in mon_events_processing_sc2. Critical threshold 100000 breached!
Request Successful!11-07 22:36:27
Request Successful!11-07 22:39:28
Request Successful!11-07 22:42:30
Request Successful!11-07 22:45:32
Request Successful!11-07 22:48:33
New alert more than 5 minutes! See details below: 
CRITICAL
for 4m 33s
Check if there're unprocessed monitoring events piling up in mon_events_processing_sc2
on
b2biprddb1.sl3.comp.db.de
CRIT : 148711 entries in mon_events_processing_sc2. Critical threshold 100000 breached!
Request Successful!11-07 22:51:45
Request Successful!11-07 22:54:46
Request Successful!11-07 22:57:47
New alert more than 5 minutes! See details below: 
CRITICAL
for 3m 47s
Check if there're unprocessed monitoring events piling up in mon_events_processing_sc2
on
b2biprddb1.sl3.comp.db.de
CRIT : 106135 entries in mon_events_processing_sc2. Critical threshold 100000 breached!
Request Successful!11-07 23:00:59
New alert more than 5 minutes! See details below: 
CRITICAL
for 6m 58s
Check if there're unprocessed monitoring events piling up in mon_events_processing_sc2
on
b2biprddb1.sl3.comp.db.de
CRIT : 126996 entries in mon_events_processing_sc2. Critical threshold 100000 breached!
Request Successful!11-07 23:04:10
Request Successful!11-07 23:07:12
