Request Successful!08-20 15:33:11
Request Successful!08-20 15:36:12
Request Successful!08-20 15:39:14
Request Successful!08-20 15:42:15
Request Successful!08-20 15:45:17
Request Successful!08-20 15:48:18
Request Successful!08-20 15:51:20
Request Successful!08-20 15:54:22
Request Successful!08-20 15:57:23
Request Successful!08-20 16:00:24
Request Successful!08-20 16:03:26
Request Successful!08-20 16:06:27
Request Successful!08-20 16:09:33
Request Successful!08-20 16:12:34
Request Successful!08-20 16:15:35
Request Successful!08-20 16:18:37
Request Successful!08-20 16:21:38
Request Successful!08-20 16:24:40
Request Successful!08-20 16:27:41
Request Successful!08-20 16:30:42
New alert more than 5 minutes! See details below: 
CRITICAL
for 3m 20s
Check size of queue "LQ.C2K.FROM.RIEGE on "QM.SWORD"
on
MQM Server Production
CRITICAL - Queue depth exceeding critical limit
Request Successful!08-20 16:33:54
New alert more than 5 minutes! See details below: 
CRITICAL
for 6m 31s
Check size of queue "LQ.C2K.FROM.RIEGE on "QM.SWORD"
on
MQM Server Production
CRITICAL - Queue depth exceeding critical limit
Request Successful!08-20 16:37:05
Request Successful!08-20 16:40:06
Request Successful!08-20 16:43:07
Request Successful!08-20 16:46:09
Request Successful!08-20 16:49:10
Request Successful!08-20 16:52:12
Request Successful!08-20 16:55:13
Request Successful!08-20 16:58:14
Request Successful!08-20 17:01:16
Request Successful!08-20 17:04:17
Request Successful!08-20 17:07:18
Request Successful!08-20 17:10:20
Request Successful!08-20 17:13:21
Request Successful!08-20 17:16:23
Request Successful!08-20 17:19:24
New alert more than 5 minutes! See details below: 
CRITICAL
for 3m 6s
B2Bi queue health: "B2Bi CI HME - PROD_Framework_Parallel_001.402_SerialSTD_Dyn_10_ExecuteMasterDynMBC_HM"
on
B2Bi Application Server - Stream 1B
CRITICAL - Queue "B2Bi CI HME - PROD_Framework_Parallel_001.402_SerialSTD_Dyn_10_ExecuteMasterDynMBC_HM" ("hierchmessage_7410"/"queue_13"):
New alert more than 5 minutes! See details below: 
CRITICAL
for 3m 6s
B2Bi queue health: "B2Bi CI HME - PROD_Framework_Parallel_001.Z_Local_402_Serial_Out_20_InhouseEnveloper(Inhouse)_HM"
on
B2Bi Application Server - Stream 1B
CRITICAL - Queue "B2Bi CI HME - PROD_Framework_Parallel_001.Z_Local_402_Serial_Out_20_InhouseEnveloper(Inhouse)_HM" ("hierchmessage_11205"/"queue_13"):
Request Successful!08-20 17:22:45
New alert more than 5 minutes! See details below: 
CRITICAL
for 6m 27s
B2Bi queue health: "B2Bi CI HME - PROD_Framework_Parallel_001.402_SerialSTD_Dyn_10_ExecuteMasterDynMBC_HM"
on
B2Bi Application Server - Stream 1B
CRITICAL - Queue "B2Bi CI HME - PROD_Framework_Parallel_001.402_SerialSTD_Dyn_10_ExecuteMasterDynMBC_HM" ("hierchmessage_7410"/"queue_13"):
New alert more than 5 minutes! See details below: 
CRITICAL
for 6m 27s
B2Bi queue health: "B2Bi CI HME - PROD_Framework_Parallel_001.Z_Local_402_Serial_Out_20_InhouseEnveloper(Inhouse)_HM"
on
B2Bi Application Server - Stream 1B
CRITICAL - Queue "B2Bi CI HME - PROD_Framework_Parallel_001.Z_Local_402_Serial_Out_20_InhouseEnveloper(Inhouse)_HM" ("hierchmessage_11205"/"queue_13"):
Request Successful!08-20 17:26:08
Request Successful!08-20 17:29:10
Request Successful!08-20 17:32:11
Request Successful!08-20 17:35:13
Request Successful!08-20 17:38:14
Request Successful!08-20 17:41:16
Request Successful!08-20 17:44:18
Request Successful!08-20 17:47:19
Request Successful!08-20 17:50:21
Request Successful!08-20 17:53:22
Request Successful!08-20 17:56:24
Request Successful!08-20 17:59:30
Request Successful!08-20 18:02:32
Request Successful!08-20 18:05:34
Request Successful!08-20 18:08:35
Request Successful!08-20 18:11:37
Request Successful!08-20 18:14:38
Request Successful!08-20 18:17:40
Request Successful!08-20 18:20:42
Request Successful!08-20 18:23:43
Request Successful!08-20 18:26:45
Request Successful!08-20 18:29:46
Request Successful!08-20 18:32:48
New alert more than 5 minutes! See details below: 
CRITICAL
for 4m 12s
B2Bi queue health: "B2Bi CI HME - PROD_Framework_Parallel_001.101_Parallel_Inb_10_FetchRef_HM"
on
B2Bi Application Server - Stream 3B (Multicluster)
CRITICAL - Queue "B2Bi CI HME - PROD_Framework_Parallel_001.101_Parallel_Inb_10_FetchRef_HM" ("hierchmessage_9799"/"queue_16"):
Request Successful!08-20 18:36:00
Request Successful!08-20 18:39:02
New alert more than 5 minutes! See details below: 
CRITICAL
for 4m 22s
B2Bi queue health: "B2Bi CI HME - PROD_Framework_Parallel_001.101_Parallel_Dyn_10_ExecuteMasterDynMBC_HM"
on
B2Bi Application Server - Stream 3A (Multicluster)
CRITICAL - Queue "B2Bi CI HME - PROD_Framework_Parallel_001.101_Parallel_Dyn_10_ExecuteMasterDynMBC_HM" ("hierchmessage_9931"/"queue_16"):
Request Successful!08-20 18:42:14
Request Successful!08-20 18:45:15
Request Successful!08-20 18:48:17
Request Successful!08-20 18:51:19
Request Successful!08-20 18:54:20
Request Successful!08-20 18:57:21
Request Successful!08-20 19:00:23
New alert more than 5 minutes! See details below: 
CRITICAL
for 4m 58s
B2Bi queue health: "B2Bi CI HME - PROD_Framework_Parallel_001.101_Parallel_Inb_10_FetchRef_HM"
on
B2Bi Application Server - Stream 3C (Multicluster)
CRITICAL - Queue "B2Bi CI HME - PROD_Framework_Parallel_001.101_Parallel_Inb_10_FetchRef_HM" ("hierchmessage_9799"/"queue_16"):
Request Successful!08-20 19:03:35
Request Successful!08-20 19:06:36
Request Successful!08-20 19:09:38
Request Successful!08-20 19:12:39
Request Successful!08-20 19:15:41
Request Successful!08-20 19:18:42
Request Successful!08-20 19:21:43
Request Successful!08-20 19:24:44
Request Successful!08-20 19:27:46
Request Successful!08-20 19:30:47
New alert more than 5 minutes! See details below: 
CRITICAL
for 5m 21s
B2Bi queue health: "B2Bi CI HME - PROD_Framework_Parallel_001.101_Parallel_Dyn_10_ExecuteMasterDynMBC_HM"
on
B2Bi Application Server - Stream 3C (Multicluster)
CRITICAL - Queue "B2Bi CI HME - PROD_Framework_Parallel_001.101_Parallel_Dyn_10_ExecuteMasterDynMBC_HM" ("hierchmessage_9931"/"queue_16"):
Request Successful!08-20 19:33:59
Request Successful!08-20 19:37:01
Request Successful!08-20 19:40:03
Request Successful!08-20 19:43:05
Request Successful!08-20 19:46:07
Request Successful!08-20 19:49:08
Request Successful!08-20 19:52:10
Request Successful!08-20 19:55:12
Request Successful!08-20 19:58:14
Request Successful!08-20 20:01:16
Request Successful!08-20 20:04:18
Request Successful!08-20 20:07:19
Request Successful!08-20 20:10:21
Request Successful!08-20 20:13:22
Request Successful!08-20 20:16:24
Request Successful!08-20 20:19:25
Request Successful!08-20 20:22:27
Request Successful!08-20 20:25:28
check if there is a ticket. One critical alert is existed since 19:25
Request Successful!08-20 20:28:30
check if there is a ticket. One critical alert is existed since 19:25
Request Successful!08-20 20:31:31
check if there is a ticket. One critical alert is existed since 19:25
Request Successful!08-20 20:34:33
check if there is a ticket. One critical alert is existed since 19:25
Request Successful!08-20 20:37:34
check if there is a ticket. One critical alert is existed since 19:25
Request Successful!08-20 20:40:36
check if there is a ticket. One critical alert is existed since 19:25
Request Successful!08-20 20:43:37
check if there is a ticket. One critical alert is existed since 19:25
Request Successful!08-20 20:46:39
check if there is a ticket. One critical alert is existed since 19:25
Request Successful!08-20 20:49:40
Request Successful!08-20 20:52:42
Request Successful!08-20 20:55:44
Request Successful!08-20 20:58:45
Request Successful!08-20 21:01:47
Request Successful!08-20 21:04:48
Request Successful!08-20 21:36:45
Request Successful!08-20 21:39:51
Request Successful!08-20 21:42:54
Request Successful!08-20 21:45:57
New alert more than 5 minutes! See details below: 
CRITICAL
for 5m 53s
B2Bi queue health: "B2Bi CI HME - PROD_Framework_Parallel_001.Z_Local_402_CASE_DetermineTrunk_HM"
on
B2Bi Application Server - Stream 1B
CRITICAL - Queue "B2Bi CI HME - PROD_Framework_Parallel_001.Z_Local_402_CASE_DetermineTrunk_HM" ("hierchmessage_7542"/"queue_13"):
Request Successful!08-20 21:49:10
Request Successful!08-20 21:52:12
Request Successful!08-20 21:55:15
Request Successful!08-20 21:58:18
New alert more than 5 minutes! See details below: 
CRITICAL
for 4m 24s
B2Bi queue health: "B2Bi CI HME - PROD_Framework_Parallel_001.Z_Local_402_Serial_Out_20_InhouseEnveloper(Inhouse)_4_SAG_ETGOIT_HM"
on
B2Bi Application Server - Stream 1B
CRITICAL - Queue "B2Bi CI HME - PROD_Framework_Parallel_001.Z_Local_402_Serial_Out_20_InhouseEnveloper(Inhouse)_4_SAG_ETGOIT_HM" ("hierchmessage_11217"/"queue_13"):
Request Successful!08-20 22:01:34
Request Successful!08-20 22:04:37
Request Successful!08-20 22:07:39
Request Successful!08-20 22:10:41
Request Successful!08-20 22:14:04
Request Successful!08-20 22:17:06
Request Successful!08-20 22:20:07
Request Successful!08-20 22:23:09
Request Successful!08-20 22:26:11
Request Successful!08-20 22:29:13
Request Successful!08-20 22:32:15
Request Successful!08-20 22:35:16
Request Successful!08-20 22:38:19
Request Successful!08-20 22:41:21
Request Successful!08-20 22:44:23
Request Successful!08-20 22:47:25
Request Successful!08-20 22:50:28
Request Successful!08-20 22:53:30
Request Successful!08-20 22:56:32
New alert more than 5 minutes! See details below: 
CRITICAL
for 4m 17s
B2Bi queue health: "B2Bi Logger 11"
on
B2Bi Application Server - Stream 2A (Multicluster - VIP)
CRITICAL - Queue "B2Bi Logger 11" ("logger_1030"/"queue_16"):
Request Successful!08-20 22:59:46
Request Successful!08-20 23:02:47
Request Successful!08-20 23:05:50
Request Successful!08-20 23:08:52
Request Successful!08-20 23:11:54
Request Successful!08-20 23:14:56
Request Successful!08-20 23:17:58
Request Successful!08-20 23:21:00
Request Successful!08-20 23:24:02
