Request Successful!02-06 17:07:20
Request Successful!02-06 17:08:21
Request Successful!02-06 17:09:22
Request Successful!02-06 17:10:24
Request Successful!02-06 17:11:26
New alert more than 5 minutes! See details below: 
CRITICAL
for 1m 3s
Soft 1/2
B2Bi queue health: "B2Bi CI HME - PROD_Framework_Parallel_001.Z_Local_402_Serial_Out_20_InhouseEnveloper(Inhouse)_4_SAG_ETGOIT_HM"
on
B2Bi Application Server - Stream 1B
CRITICAL - Queue "B2Bi CI HME - PROD_Framework_Parallel_001.Z_Local_402_Serial_Out_20_InhouseEnveloper(Inhouse)_4_SAG_ETGOIT_HM" ("hierchmessage_11217"/"queue_13"):
Request Successful!02-06 17:12:37
New alert more than 5 minutes! See details below: 
CRITICAL
for 2m 14s
B2Bi queue health: "B2Bi CI HME - PROD_Framework_Parallel_001.Z_Local_402_Serial_Out_20_InhouseEnveloper(Inhouse)_4_SAG_ETGOIT_HM"
on
B2Bi Application Server - Stream 1B
CRITICAL - Queue "B2Bi CI HME - PROD_Framework_Parallel_001.Z_Local_402_Serial_Out_20_InhouseEnveloper(Inhouse)_4_SAG_ETGOIT_HM" ("hierchmessage_11217"/"queue_13"):
Request Successful!02-06 17:13:49
Request Successful!02-06 17:14:50
Request Successful!02-06 17:15:52
Request Successful!02-06 17:16:54
Request Successful!02-06 17:17:55
Request Successful!02-06 17:18:57
Request Successful!02-06 17:19:59
Request Successful!02-06 17:21:00
Request Successful!02-06 17:22:02
Request Successful!02-06 17:23:03
Request Successful!02-06 17:24:05
Request Successful!02-06 17:25:06
Request Successful!02-06 17:26:08
Request Successful!02-06 17:27:10
New alert more than 5 minutes! See details below: 
CRITICAL
for 1m 0s
Soft 1/2
Check if we still can connect to ftp.sword.dbschenker.com host using ssh.
on
b2biprdxsr5.sl3.comp.db.de
CRITICAL : Server answer:
New alert more than 5 minutes! See details below: 
CRITICAL
for 1m 0s
Soft 1/2
Check if we still can connect to ftp.sword.dbschenker.com host using ssh.
on
b2biprdxsr7.sl3.comp.db.de
CRITICAL : Server answer:
Request Successful!02-06 17:28:30
Request Successful!02-06 17:29:32
Request Successful!02-06 17:30:34
Request Successful!02-06 17:31:35
Request Successful!02-06 17:32:37
Request Successful!02-06 17:33:38
Request Successful!02-06 17:34:40
Request Successful!02-06 17:35:42
Request Successful!02-06 17:36:43
Request Successful!02-06 17:37:45
Request Successful!02-06 17:38:46
Request Successful!02-06 17:39:48
Request Successful!02-06 17:40:50
Request Successful!02-06 17:41:51
Request Successful!02-06 17:42:53
Request Successful!02-06 17:43:55
Request Successful!02-06 17:44:56
Request Successful!02-06 17:45:58
Request Successful!02-06 17:47:00
Request Successful!02-06 17:48:01
Request Successful!02-06 17:49:03
Request Successful!02-06 17:50:04
Request Successful!02-06 17:51:06
Request Successful!02-06 17:52:08
Request Successful!02-06 17:53:09
Request Successful!02-06 17:54:11
Request Successful!02-06 17:55:12
Request Successful!02-06 17:56:14
Request Successful!02-06 17:57:15
Request Successful!02-06 17:58:17
Request Successful!02-06 17:59:18
Request Successful!02-06 18:00:20
Request Successful!02-06 18:01:21
Request Successful!02-06 18:02:23
Request Successful!02-06 18:03:25
Request Successful!02-06 18:04:26
Request Successful!02-06 18:05:28
Request Successful!02-06 18:06:29
Request Successful!02-06 18:07:31
Request Successful!02-06 18:08:33
Request Successful!02-06 18:09:34
Request Successful!02-06 18:10:36
Request Successful!02-06 18:11:37
New alert more than 5 minutes! See details below: 
CRITICAL
for 1m 0s
Soft 1/2
Custom meta load check. Will only trigger if all 3 thresholds are breached.
on
Communication Server Production
WARNING: All three warning thresholds breached! 1:38.06>34 5:33.56>26 15:28.43>20
Request Successful!02-06 18:12:49
Request Successful!02-06 18:13:50
Request Successful!02-06 18:14:52
Request Successful!02-06 18:15:53
Request Successful!02-06 18:16:55
Request Successful!02-06 18:17:56
Request Successful!02-06 18:18:58
Request Successful!02-06 18:20:00
Request Successful!02-06 18:21:01
Request Successful!02-06 18:22:03
Request Successful!02-06 18:23:04
Request Successful!02-06 18:24:06
Request Successful!02-06 18:25:08
Request Successful!02-06 18:26:09
Request Successful!02-06 18:27:11
Request Successful!02-06 18:28:13
Request Successful!02-06 18:29:15
Request Successful!02-06 18:30:16
Request Successful!02-06 18:31:18
Request Successful!02-06 18:32:19
Request Successful!02-06 18:33:21
Request Successful!02-06 18:34:23
Request Successful!02-06 18:35:25
Request Successful!02-06 18:36:26
Request Successful!02-06 18:37:28
Request Successful!02-06 18:38:30
Request Successful!02-06 18:39:31
Request Successful!02-06 18:40:33
Request Successful!02-06 18:41:34
Request Successful!02-06 18:42:36
Request Successful!02-06 18:43:38
Request Successful!02-06 18:44:39
Request Successful!02-06 18:45:41
Request Successful!02-06 18:46:42
Request Successful!02-06 18:47:44
Request Successful!02-06 18:48:45
Request Successful!02-06 18:49:47
Request Successful!02-06 18:50:49
Request Successful!02-06 18:51:50
Request Successful!02-06 18:52:52
Request Successful!02-06 18:53:54
Request Successful!02-06 18:54:55
New alert more than 5 minutes! See details below: 
CRITICAL
for 1m 55s
Soft 1/2
B2Bi queue health: "B2Bi CI HME - PROD_Framework_Parallel_001.301_SerialLarge_Dyn_20_ExecuteMasterDynMBC_HM"
on
B2Bi Application Server - Stream 1B
CRITICAL - Queue "B2Bi CI HME - PROD_Framework_Parallel_001.301_SerialLarge_Dyn_20_ExecuteMasterDynMBC_HM" ("hierchmessage_7282"/"queue_13"):
Request Successful!02-06 18:56:07
New alert more than 5 minutes! See details below: 
CRITICAL
for 1m 50s
Soft 1/2
B2Bi queue health: "B2Bi Logger 18"
on
B2Bi Application Server - Stream 3D (Multicluster)
CRITICAL - Queue "B2Bi Logger 18" ("logger_1044"/"queue_16"):
Request Successful!02-06 18:57:18
Request Successful!02-06 18:58:20
Request Successful!02-06 18:59:21
Request Successful!02-06 19:00:23
Request Successful!02-06 19:01:25
Request Successful!02-06 19:02:26
Request Successful!02-06 19:03:28
Request Successful!02-06 19:04:30
Request Successful!02-06 19:05:31
Request Successful!02-06 19:06:33
Request Successful!02-06 19:07:35
Request Successful!02-06 19:08:36
Request Successful!02-06 19:09:38
Request Successful!02-06 19:10:39
Request Successful!02-06 19:11:40
Request Successful!02-06 19:12:42
Request Successful!02-06 19:13:43
Request Successful!02-06 19:14:45
Request Successful!02-06 19:15:47
Request Successful!02-06 19:16:48
Request Successful!02-06 19:17:50
Request Successful!02-06 19:18:51
Request Successful!02-06 19:19:53
Request Successful!02-06 19:20:55
Request Successful!02-06 19:21:56
Request Successful!02-06 19:22:58
Request Successful!02-06 19:24:00
Request Successful!02-06 19:25:01
Request Successful!02-06 19:26:03
Request Successful!02-06 19:27:04
Request Successful!02-06 19:28:06
Request Successful!02-06 19:29:08
Request Successful!02-06 19:30:09
Request Successful!02-06 19:31:11
Request Successful!02-06 19:32:12
Request Successful!02-06 19:33:14
Request Successful!02-06 19:34:16
Request Successful!02-06 19:35:17
Request Successful!02-06 19:36:19
New alert more than 5 minutes! See details below: 
CRITICAL
for 1m 9s
Soft 1/2
B2Bi queue health: "B2Bi Logger 14"
on
B2Bi Application Server - Stream 3C (Multicluster)
CRITICAL - Queue "B2Bi Logger 14" ("logger_1036"/"queue_16"):
Request Successful!02-06 19:37:30
Request Successful!02-06 19:38:32
Request Successful!02-06 19:39:33
New alert more than 5 minutes! See details below: 
CRITICAL
for 1m 56s
Soft 1/2
B2Bi queue health: "B2Bi Logger 8"
on
B2Bi Application Server - Stream 1C
CRITICAL - Queue "B2Bi Logger 8" ("logger_1561"/"queue_13"):
Request Successful!02-06 19:40:45
Request Successful!02-06 19:41:46
Request Successful!02-06 19:42:48
Request Successful!02-06 19:43:50
Request Successful!02-06 19:44:51
Request Successful!02-06 19:45:53
Request Successful!02-06 19:46:54
Request Successful!02-06 19:47:56
Request Successful!02-06 19:48:58
Request Successful!02-06 19:49:59
Request Successful!02-06 19:51:01
Request Successful!02-06 19:52:02
Request Successful!02-06 19:53:04
Request Successful!02-06 19:54:05
Request Successful!02-06 19:55:07
Request Successful!02-06 19:56:09
Request Successful!02-06 19:57:10
Request Successful!02-06 19:58:12
Request Successful!02-06 19:59:13
Request Successful!02-06 20:00:15
Request Successful!02-06 20:01:17
Request Successful!02-06 20:02:18
Request Successful!02-06 20:03:20
Request Successful!02-06 20:04:21
Request Successful!02-06 20:05:23
Request Successful!02-06 20:06:25
Request Successful!02-06 20:07:26
New alert more than 5 minutes! See details below: 
CRITICAL
for 1m 9s
Soft 1/2
B2Bi queue health: "B2Bi Logger 6"
on
B2Bi Application Server - Stream 3C (Multicluster)
CRITICAL - Queue "B2Bi Logger 6" ("logger_1020"/"queue_16"):
Request Successful!02-06 20:08:38
Request Successful!02-06 20:09:39
Request Successful!02-06 20:10:41
Request Successful!02-06 20:11:42
Request Successful!02-06 20:12:43
Request Successful!02-06 20:13:44
Request Successful!02-06 20:14:45
Request Successful!02-06 20:15:46
Request Successful!02-06 20:16:48
Request Successful!02-06 20:17:50
Request Successful!02-06 20:18:51
Request Successful!02-06 20:19:53
Request Successful!02-06 20:20:54
Request Successful!02-06 20:21:56
Request Successful!02-06 20:22:58
Request Successful!02-06 20:23:59
New alert more than 5 minutes! See details below: 
CRITICAL
for 1m 22s
Soft 1/2
B2Bi queue health: "B2Bi Logger 11"
on
B2Bi Application Server - Stream 1C
CRITICAL - Queue "B2Bi Logger 11" ("logger_1567"/"queue_13"):
Request Successful!02-06 20:25:11
Request Successful!02-06 20:26:13
Request Successful!02-06 20:27:14
Request Successful!02-06 20:28:16
Request Successful!02-06 20:29:17
Request Successful!02-06 20:30:19
Request Successful!02-06 20:31:20
Request Successful!02-06 20:32:22
Request Successful!02-06 20:33:23
Request Successful!02-06 20:34:25
Request Successful!02-06 20:35:27
Request Successful!02-06 20:36:28
Request Successful!02-06 20:37:30
Request Successful!02-06 20:38:31
Request Successful!02-06 20:39:33
Request Successful!02-06 20:40:34
Request Successful!02-06 20:41:36
Request Successful!02-06 20:42:37
Request Successful!02-06 20:43:39
Request Successful!02-06 20:44:40
Request Successful!02-06 20:45:42
Request Successful!02-06 20:46:44
Request Successful!02-06 20:47:45
Request Successful!02-06 20:48:47
Request Successful!02-06 20:49:48
Request Successful!02-06 20:50:50
Request Successful!02-06 20:51:51
Request Successful!02-06 20:52:53
Request Successful!02-06 20:53:55
Request Successful!02-06 20:54:56
Request Successful!02-06 20:55:58
Request Successful!02-06 20:56:59
Request Successful!02-06 20:58:01
Request Successful!02-06 20:59:03
Request Successful!02-06 21:00:05
Request Successful!02-06 21:01:06
Request Successful!02-06 21:02:08
Request Successful!02-06 21:03:09
Request Successful!02-06 21:04:11
Request Successful!02-06 21:05:12
Request Successful!02-06 21:06:14
Request Successful!02-06 21:07:16
Request Successful!02-06 21:08:17
Request Successful!02-06 21:09:19
New alert more than 5 minutes! See details below: 
CRITICAL
for 1m 40s
Soft 1/2
B2Bi queue health: "B2Bi Logger 17"
on
B2Bi Application Server - Stream 1C
CRITICAL - Queue "B2Bi Logger 17" ("logger_1579"/"queue_13"):
Request Successful!02-06 21:10:30
Request Successful!02-06 21:11:32
Request Successful!02-06 21:12:33
Request Successful!02-06 21:13:35
Request Successful!02-06 21:14:36
Request Successful!02-06 21:15:38
Request Successful!02-06 21:16:39
Request Successful!02-06 21:17:41
Request Successful!02-06 21:18:43
Request Successful!02-06 21:19:44
Request Successful!02-06 21:20:46
Request Successful!02-06 21:21:48
Request Successful!02-06 21:22:49
Request Successful!02-06 21:23:51
Request Successful!02-06 21:24:52
Request Successful!02-06 21:25:54
Request Successful!02-06 21:26:56
Request Successful!02-06 21:27:57
Request Successful!02-06 21:28:59
Request Successful!02-06 21:30:00
Request Successful!02-06 21:31:02
Request Successful!02-06 21:32:04
Request Successful!02-06 21:33:05
Request Successful!02-06 21:34:07
Request Successful!02-06 21:35:08
Request Successful!02-06 21:36:10
Request Successful!02-06 21:37:11
Request Successful!02-06 21:38:13
Request Successful!02-06 21:39:14
Request Successful!02-06 21:40:16
Request Successful!02-06 21:41:17
Request Successful!02-06 21:42:19
Request Successful!02-06 21:43:20
Request Successful!02-06 21:44:22
Request Successful!02-06 21:45:23
Request Successful!02-06 21:46:25
Request Successful!02-06 21:47:27
Request Successful!02-06 21:48:28
Request Successful!02-06 21:49:30
Request Successful!02-06 21:50:31
Request Successful!02-06 21:51:33
Request Successful!02-06 21:52:35
New alert more than 5 minutes! See details below: 
CRITICAL
for 1m 27s
Soft 1/2
B2Bi queue health: "B2Bi Logger 18"
on
B2Bi Application Server - Stream 1A
CRITICAL - Queue "B2Bi Logger 18" ("logger_12490"/"queue_13"):
Request Successful!02-06 21:53:47
Request Successful!02-06 21:54:48
Request Successful!02-06 21:55:50
Request Successful!02-06 21:56:51
Request Successful!02-06 21:57:53
Request Successful!02-06 21:58:55
Request Successful!02-06 21:59:56
Request Successful!02-06 22:00:58
Request Successful!02-06 22:01:59
Request Successful!02-06 22:03:01
Request Successful!02-06 22:04:03
Request Successful!02-06 22:05:04
Request Successful!02-06 22:06:06
New alert more than 5 minutes! See details below: 
CRITICAL
for 1m 58s
Soft 1/2
B2Bi queue health: "B2Bi Logger 9"
on
B2Bi Application Server - Stream 3C (Multicluster)
CRITICAL - Queue "B2Bi Logger 9" ("logger_1026"/"queue_16"):
Request Successful!02-06 22:07:18
Request Successful!02-06 22:08:19
Request Successful!02-06 22:09:21
Request Successful!02-06 22:10:22
Request Successful!02-06 22:11:24
Request Successful!02-06 22:12:25
Request Successful!02-06 22:13:26
Request Successful!02-06 22:14:27
Request Successful!02-06 22:15:29
Request Successful!02-06 22:16:30
Request Successful!02-06 22:17:32
Request Successful!02-06 22:18:33
Request Successful!02-06 22:19:35
Request Successful!02-06 22:20:36
Request Successful!02-06 22:21:38
Request Successful!02-06 22:22:40
Request Successful!02-06 22:23:41
Request Successful!02-06 22:24:43
Request Successful!02-06 22:25:44
Request Successful!02-06 22:26:46
Request Successful!02-06 22:27:48
Request Successful!02-06 22:28:49
Request Successful!02-06 22:29:51
Request Successful!02-06 22:30:52
Request Successful!02-06 22:31:54
Request Successful!02-06 22:32:55
Request Successful!02-06 22:33:57
Request Successful!02-06 22:34:58
Request Successful!02-06 22:36:00
Request Successful!02-06 22:37:01
Request Successful!02-06 22:38:03
Request Successful!02-06 22:39:04
Request Successful!02-06 22:40:06
Request Successful!02-06 22:41:08
Request Successful!02-06 22:42:10
Request Successful!02-06 22:43:11
Request Successful!02-06 22:44:12
Request Successful!02-06 22:45:13
Request Successful!02-06 22:46:15
Request Successful!02-06 22:47:16
Request Successful!02-06 22:48:17
Request Successful!02-06 22:49:19
Request Successful!02-06 22:50:20
Request Successful!02-06 22:51:22
Request Successful!02-06 22:52:23
Request Successful!02-06 22:53:24
Request Successful!02-06 22:54:26
New alert more than 5 minutes! See details below: 
CRITICAL
for 1m 43s
Soft 1/2
B2Bi queue health: "B2Bi Logger 11"
on
B2Bi Application Server - Stream 1C
CRITICAL - Queue "B2Bi Logger 11" ("logger_1567"/"queue_13"):
Request Successful!02-06 22:55:37
Request Successful!02-06 22:56:39
Request Successful!02-06 22:57:40
Request Successful!02-06 22:58:41
Request Successful!02-06 22:59:43
New alert more than 5 minutes! See details below: 
CRITICAL
for 1m 55s
Soft 1/2
JMS Loop - Send test file to scintilla and expect it back.
on
B2Bi Application Server - Stream 1C
Timed out waiting for test file after 570 seconds.
Request Successful!02-06 23:00:54
Request Successful!02-06 23:01:56
Request Successful!02-06 23:02:57
Request Successful!02-06 23:03:59
New alert more than 5 minutes! See details below: 
CRITICAL
for 1m 13s
Soft 1/2
B2Bi queue health: "B2Bi Logger 17"
on
B2Bi Application Server - Stream 2A (Multicluster - VIP)
CRITICAL - Queue "B2Bi Logger 17" ("logger_1042"/"queue_16"):
Request Successful!02-06 23:05:09
Request Successful!02-06 23:06:11
Request Successful!02-06 23:07:12
Request Successful!02-06 23:08:13
Request Successful!02-06 23:09:15
New alert more than 5 minutes! See details below: 
CRITICAL
for 1m 36s
Soft 1/2
B2Bi queue health: "B2Bi Logger 13"
on
B2Bi Application Server - Stream 3C (Multicluster)
CRITICAL - Queue "B2Bi Logger 13" ("logger_1034"/"queue_16"):
New alert more than 5 minutes! See details below: 
CRITICAL
for 1m 37s
Soft 1/2
B2Bi queue health: "B2Bi Logger 4"
on
B2Bi Application Server - Stream 3C (Multicluster)
CRITICAL - Queue "B2Bi Logger 4" ("logger_1016"/"queue_16"):
Request Successful!02-06 23:10:36
Request Successful!02-06 23:11:39
Request Successful!02-06 23:12:41
Request Successful!02-06 23:13:42
Request Successful!02-06 23:14:43
Request Successful!02-06 23:15:45
Request Successful!02-06 23:16:46
Request Successful!02-06 23:17:48
Request Successful!02-06 23:18:49
Request Successful!02-06 23:19:50
Request Successful!02-06 23:20:52
Request Successful!02-06 23:21:53
Request Successful!02-06 23:22:55
Request Successful!02-06 23:23:56
Request Successful!02-06 23:24:58
