Request Successful!06-13 15:59:06
Request Successful!06-13 16:02:09
Request Successful!06-13 16:05:11
Request Successful!06-13 16:08:19
Request Successful!06-13 16:11:21
Request Successful!06-13 16:14:23
Request Successful!06-13 16:17:25
Request Successful!06-13 16:20:27
Request Successful!06-13 16:23:32
Request Successful!06-13 16:26:35
Request Successful!06-13 16:29:38
Request Successful!06-13 16:32:41
Request Successful!06-13 16:35:43
New alert more than 5 minutes! See details below: 
CRITICAL
for 3m 42s
B2Bi queue health: "B2Bi CI HME - PROD_Framework_Parallel_001.Z_Local_402_Serial_Out_20_InhouseEnveloper(Inhouse)_4_SAG_ETGOIT_HM"
on
B2Bi Application Server - Stream 1B
CRITICAL - Queue "B2Bi CI HME - PROD_Framework_Parallel_001.Z_Local_402_Serial_Out_20_InhouseEnveloper(Inhouse)_4_SAG_ETGOIT_HM" ("hierchmessage_11217"/"queue_13"):
Request Successful!06-13 16:38:57
New alert more than 5 minutes! See details below: 
CRITICAL
for 6m 55s
B2Bi queue health: "B2Bi CI HME - PROD_Framework_Parallel_001.Z_Local_402_Serial_Out_20_InhouseEnveloper(Inhouse)_4_SAG_ETGOIT_HM"
on
B2Bi Application Server - Stream 1B
CRITICAL - Queue "B2Bi CI HME - PROD_Framework_Parallel_001.Z_Local_402_Serial_Out_20_InhouseEnveloper(Inhouse)_4_SAG_ETGOIT_HM" ("hierchmessage_11217"/"queue_13"):
Request Successful!06-13 16:42:10
Request Successful!06-13 16:45:14
Request Successful!06-13 16:48:17
Request Successful!06-13 16:51:19
Request Successful!06-13 16:54:22
Request Successful!06-13 16:57:25
Request Successful!06-13 17:00:28
Request Successful!06-13 17:03:30
Request Successful!06-13 17:06:33
Request Successful!06-13 17:09:35
Request Successful!06-13 17:12:41
Request Successful!06-13 17:15:44
Request Successful!06-13 17:18:47
Request Successful!06-13 17:21:50
Request Successful!06-13 17:24:57
Request Successful!06-13 17:28:02
Request Successful!06-13 17:31:05
Request Successful!06-13 17:34:08
Request Successful!06-13 17:37:11
Request Successful!06-13 17:40:14
Request Successful!06-13 17:43:16
Request Successful!06-13 17:46:19
Request Successful!06-13 17:49:27
Request Successful!06-13 17:52:29
Request Successful!06-13 17:55:30
Request Successful!06-13 17:58:32
Request Successful!06-13 18:01:34
Request Successful!06-13 18:04:36
Request Successful!06-13 18:07:38
Request Successful!06-13 18:10:40
Request Successful!06-13 18:13:42
Request Successful!06-13 18:16:44
Request Successful!06-13 18:19:45
Request Successful!06-13 18:22:47
Request Successful!06-13 18:25:49
Request Successful!06-13 18:28:51
Request Successful!06-13 18:31:53
Request Successful!06-13 18:34:55
Request Successful!06-13 18:37:57
Request Successful!06-13 18:40:59
Request Successful!06-13 18:44:01
Request Successful!06-13 18:47:03
Request Successful!06-13 18:50:05
Request Successful!06-13 18:53:07
Request Successful!06-13 18:56:09
Request Successful!06-13 18:59:11
Request Successful!06-13 19:02:13
Request Successful!06-13 19:05:14
Request Successful!06-13 19:08:16
Request Successful!06-13 19:11:18
Request Successful!06-13 19:14:20
Request Successful!06-13 19:17:21
Request Successful!06-13 19:20:23
Request Successful!06-13 19:23:25
Request Successful!06-13 19:26:27
Request Successful!06-13 19:29:29
Request Successful!06-13 19:32:30
Request Successful!06-13 19:35:32
Request Successful!06-13 19:38:34
Request Successful!06-13 19:41:36
Request Successful!06-13 19:44:37
Request Successful!06-13 19:47:39
Request Successful!06-13 19:50:41
Request Successful!06-13 19:53:43
Request Successful!06-13 19:56:45
Request Successful!06-13 19:59:47
Request Successful!06-13 20:02:49
Request Successful!06-13 20:05:51
Request Successful!06-13 20:08:53
Request Successful!06-13 20:11:55
Request Successful!06-13 20:14:57
Request Successful!06-13 20:17:59
Request Successful!06-13 20:21:01
Request Successful!06-13 20:24:03
Request Successful!06-13 20:27:04
Request Successful!06-13 20:30:06
Request Successful!06-13 20:33:09
Request Successful!06-13 20:36:10
Request Successful!06-13 20:39:12
Request Successful!06-13 20:42:14
Request Successful!06-13 20:45:16
Request Successful!06-13 20:48:18
Request Successful!06-13 20:51:20
Request Successful!06-13 20:54:22
Request Successful!06-13 20:57:24
Request Successful!06-13 21:00:26
Request Successful!06-13 21:03:27
Request Successful!06-13 21:06:29
Request Successful!06-13 21:09:32
Request Successful!06-13 21:12:35
Request Successful!06-13 21:15:37
Request Successful!06-13 21:18:39
Request Successful!06-13 21:21:40
Request Successful!06-13 21:24:42
Request Successful!06-13 21:27:44
Request Successful!06-13 21:30:46
New alert more than 5 minutes! See details below: 
CRITICAL
for 4m 7s
B2Bi queue health: "B2Bi CI HME - PROD_Framework_Parallel_001.Z_Local_402_Serial_Out_20_InhouseEnveloper(Inhouse)_4_SAG_ETGOIT_HM"
on
B2Bi Application Server - Stream 1B
CRITICAL - Queue "B2Bi CI HME - PROD_Framework_Parallel_001.Z_Local_402_Serial_Out_20_InhouseEnveloper(Inhouse)_4_SAG_ETGOIT_HM" ("hierchmessage_11217"/"queue_13"):
Request Successful!06-13 21:33:59
Request Successful!06-13 21:37:00
Request Successful!06-13 21:40:02
Request Successful!06-13 21:43:04
Request Successful!06-13 21:46:06
Request Successful!06-13 21:49:08
Request Successful!06-13 21:52:10
Request Successful!06-13 21:55:11
Request Successful!06-13 21:58:13
Request Successful!06-13 22:01:15
Request Successful!06-13 22:04:17
Request Successful!06-13 22:07:19
Request Successful!06-13 22:10:21
Request Successful!06-13 22:13:22
Request Successful!06-13 22:16:24
Request Successful!06-13 22:19:26
Request Successful!06-13 22:22:28
Request Successful!06-13 22:25:29
Request Successful!06-13 22:28:31
Request Successful!06-13 22:31:33
Request Successful!06-13 22:34:35
Request Successful!06-13 22:37:36
Request Successful!06-13 22:40:38
Request Successful!06-13 22:43:40
Request Successful!06-13 22:46:42
Request Successful!06-13 22:49:43
Request Successful!06-13 22:52:45
Request Successful!06-13 22:55:47
Request Successful!06-13 22:58:49
Request Successful!06-13 23:01:52
Request Successful!06-13 23:04:54
