Request Successful!02-26 16:07:39
Request Successful!02-26 16:08:40
Request Successful!02-26 16:09:41
New alert more than 5 minutes! See details below: 
CRITICAL
for 1m 38s
Soft 1/2
B2Bi queue health: "B2Bi Logger 18"
on
B2Bi Application Server - Stream 2B (Multicluster - VIP)
CRITICAL - Queue "B2Bi Logger 18" ("logger_1044"/"queue_16"):
Request Successful!02-26 16:10:53
New alert more than 5 minutes! See details below: 
CRITICAL
for 1m 46s
Soft 1/2
B2Bi queue health: "B2Bi CI HME - PROD_Framework_Parallel_001.201_Serial_Inb_10_FetchRef_HM"
on
B2Bi Application Server - Stream 1C
CRITICAL - Queue "B2Bi CI HME - PROD_Framework_Parallel_001.201_Serial_Inb_10_FetchRef_HM" ("hierchmessage_7135"/"queue_13"):
Request Successful!02-26 16:12:05
New alert more than 5 minutes! See details below: 
CRITICAL
for 1m 6s
Check if we still can connect to ftp.sword.dbschenker.com host using ssh.
on
b2biprdxsr7.sl3.comp.db.de
CRITICAL : Server answer:
Request Successful!02-26 16:13:16
Request Successful!02-26 16:14:18
Request Successful!02-26 16:15:19
Request Successful!02-26 16:16:20
Request Successful!02-26 16:17:22
Request Successful!02-26 16:18:23
Request Successful!02-26 16:19:24
Request Successful!02-26 16:20:25
Request Successful!02-26 16:21:27
Request Successful!02-26 16:22:28
Request Successful!02-26 16:23:29
Request Successful!02-26 16:24:31
Request Successful!02-26 16:25:32
Request Successful!02-26 16:26:33
Request Successful!02-26 16:27:34
Request Successful!02-26 16:28:36
Request Successful!02-26 16:29:37
Request Successful!02-26 16:30:38
Request Successful!02-26 16:31:39
Request Successful!02-26 16:32:41
Request Successful!02-26 16:33:42
Request Successful!02-26 16:34:43
Request Successful!02-26 16:35:44
Request Successful!02-26 16:36:46
Request Successful!02-26 16:37:47
Request Successful!02-26 17:06:23
Request Successful!02-26 17:07:24
Request Successful!02-26 17:08:26
Request Successful!02-26 17:09:27
Request Successful!02-26 17:10:28
Request Successful!02-26 17:11:30
Request Successful!02-26 17:12:31
Request Successful!02-26 17:13:32
Request Successful!02-26 17:14:33
Request Successful!02-26 17:15:35
Request Successful!02-26 17:16:36
Request Successful!02-26 17:17:37
Request Successful!02-26 17:18:38
Request Successful!02-26 17:19:40
Request Successful!02-26 17:20:41
New alert more than 5 minutes! See details below: 
CRITICAL
for 1m 15s
Soft 1/2
B2Bi queue health: "B2Bi CI HME - PROD_Framework_Parallel_001.401_SerialSTD_20_ComDetect_HM"
on
B2Bi Application Server - Stream 1C
CRITICAL - Queue "B2Bi CI HME - PROD_Framework_Parallel_001.401_SerialSTD_20_ComDetect_HM" ("hierchmessage_7345"/"queue_13"):
Request Successful!02-26 17:21:52
Request Successful!02-26 17:22:54
Request Successful!02-26 17:23:55
Request Successful!02-26 17:24:56
Request Successful!02-26 17:25:57
Request Successful!02-26 17:26:58
Request Successful!02-26 17:28:00
Request Successful!02-26 17:29:01
Request Successful!02-26 17:30:02
Request Successful!02-26 17:31:03
Request Successful!02-26 17:32:05
Request Successful!02-26 17:33:06
Request Successful!02-26 17:34:07
Request Successful!02-26 17:35:09
Request Successful!02-26 17:36:10
Request Successful!02-26 17:37:11
Request Successful!02-26 17:38:12
Request Successful!02-26 17:39:14
Request Successful!02-26 17:40:15
Request Successful!02-26 17:41:16
Request Successful!02-26 17:42:18
Request Successful!02-26 17:43:19
Request Successful!02-26 17:44:20
Request Successful!02-26 17:45:21
Request Successful!02-26 17:46:23
Request Successful!02-26 17:47:24
Request Successful!02-26 17:48:25
Request Successful!02-26 17:49:26
Request Successful!02-26 17:50:28
Request Successful!02-26 17:51:29
Request Successful!02-26 17:52:30
Request Successful!02-26 17:53:32
Request Successful!02-26 17:54:33
New alert more than 5 minutes! See details below: 
CRITICAL
for 1m 2s
Soft 1/2
B2Bi queue health: "B2Bi Logger 18"
on
B2Bi Application Server - Stream 2B (Multicluster - VIP)
CRITICAL - Queue "B2Bi Logger 18" ("logger_1044"/"queue_16"):
Request Successful!02-26 17:55:44
Request Successful!02-26 17:56:45
Request Successful!02-26 17:57:46
Request Successful!02-26 17:58:48
Request Successful!02-26 17:59:49
Request Successful!02-26 18:00:50
Request Successful!02-26 18:01:52
Request Successful!02-26 18:02:53
Request Successful!02-26 18:03:54
Request Successful!02-26 18:04:56
Request Successful!02-26 18:05:57
Request Successful!02-26 18:06:58
Request Successful!02-26 18:07:59
Request Successful!02-26 18:09:00
Request Successful!02-26 18:10:02
Request Successful!02-26 18:11:03
Request Successful!02-26 18:12:04
Request Successful!02-26 18:13:05
Request Successful!02-26 18:14:06
Request Successful!02-26 18:15:08
Request Successful!02-26 18:16:09
Request Successful!02-26 18:17:11
Request Successful!02-26 18:18:12
Request Successful!02-26 18:19:13
Request Successful!02-26 18:20:15
Request Successful!02-26 18:21:16
New alert more than 5 minutes! See details below: 
CRITICAL
for 1m 45s
Soft 1/2
B2Bi queue health: "B2Bi CI HME - PROD_Framework_Parallel_001.201_Serial_Dyn_10_ExecuteMasterDynMBC_HM"
on
B2Bi Application Server - Stream 1A
CRITICAL - Queue "B2Bi CI HME - PROD_Framework_Parallel_001.201_Serial_Dyn_10_ExecuteMasterDynMBC_HM" ("hierchmessage_2215"/"queue_13"):
Request Successful!02-26 18:22:27
Request Successful!02-26 18:23:28
Request Successful!02-26 18:24:30
Request Successful!02-26 18:25:31
Request Successful!02-26 18:26:32
Request Successful!02-26 18:27:33
Request Successful!02-26 18:28:35
Request Successful!02-26 18:29:36
Request Successful!02-26 18:30:37
Request Successful!02-26 18:31:38
Request Successful!02-26 18:32:40
Request Successful!02-26 18:33:41
New alert more than 5 minutes! See details below: 
CRITICAL
for 1m 12s
Soft 1/2
B2Bi queue health: "B2Bi CI HME - PROD_Framework_Parallel_001.101_Parallel_Inb_A00_SetBDIDafterInbound_HM"
on
B2Bi Application Server - Stream 2B (Multicluster - VIP)
CRITICAL - Queue "B2Bi CI HME - PROD_Framework_Parallel_001.101_Parallel_Inb_A00_SetBDIDafterInbound_HM" ("hierchmessage_2622"/"queue_16"):
Request Successful!02-26 18:34:52
Request Successful!02-26 18:35:53
Request Successful!02-26 18:36:55
Request Successful!02-26 18:37:57
Request Successful!02-26 18:38:58
Request Successful!02-26 18:39:59
Request Successful!02-26 18:41:00
Request Successful!02-26 18:42:01
Request Successful!02-26 18:43:03
Request Successful!02-26 18:44:05
Request Successful!02-26 18:45:06
Request Successful!02-26 18:46:07
Request Successful!02-26 18:47:09
Request Successful!02-26 18:48:10
Request Successful!02-26 18:49:12
Request Successful!02-26 18:50:13
Request Successful!02-26 18:51:14
Request Successful!02-26 18:52:16
Request Successful!02-26 18:53:17
Request Successful!02-26 18:54:18
Request Successful!02-26 18:55:19
Request Successful!02-26 18:56:20
Request Successful!02-26 18:57:22
Request Successful!02-26 18:58:23
Request Successful!02-26 18:59:24
Request Successful!02-26 19:00:25
Request Successful!02-26 19:01:27
Request Successful!02-26 19:02:28
Request Successful!02-26 19:03:29
Request Successful!02-26 19:04:31
Request Successful!02-26 19:05:32
Request Successful!02-26 19:06:33
Request Successful!02-26 19:07:34
Request Successful!02-26 19:08:36
Request Successful!02-26 19:09:37
Request Successful!02-26 19:10:38
Request Successful!02-26 19:11:40
Request Successful!02-26 19:12:41
Request Successful!02-26 19:13:42
Request Successful!02-26 19:14:44
Request Successful!02-26 19:15:45
Request Successful!02-26 19:16:46
Request Successful!02-26 19:17:48
Request Successful!02-26 19:18:49
Request Successful!02-26 19:19:50
Request Successful!02-26 19:20:52
New alert more than 5 minutes! See details below: 
CRITICAL
for 1m 13s
Soft 1/2
B2Bi queue health: "B2Bi CI HME - PROD_Framework_Parallel_001.SEND_SendMessageToB2BIRemote_1B_sequential_HM"
on
B2Bi Application Server - Stream 1A
CRITICAL - Queue "B2Bi CI HME - PROD_Framework_Parallel_001.SEND_SendMessageToB2BIRemote_1B_sequential_HM" ("hierchmessage_17212"/"queue_13"):
Request Successful!02-26 19:22:03
Request Successful!02-26 19:23:04
Request Successful!02-26 19:24:05
New alert more than 5 minutes! See details below: 
CRITICAL
for 1m 50s
Soft 1/2
B2Bi queue health: "B2Bi Logger 9"
on
B2Bi Application Server - Stream 1C
CRITICAL - Queue "B2Bi Logger 9" ("logger_1563"/"queue_13"):
Request Successful!02-26 19:25:16
Request Successful!02-26 19:26:18
Request Successful!02-26 19:27:19
Request Successful!02-26 19:28:20
Request Successful!02-26 19:29:21
Request Successful!02-26 19:30:23
Request Successful!02-26 19:31:24
Request Successful!02-26 19:32:25
Request Successful!02-26 19:33:26
Request Successful!02-26 19:34:28
New alert more than 5 minutes! See details below: 
CRITICAL
for 1m 35s
Soft 1/2
B2Bi queue health: "B2Bi CI HME - PROD_Framework_Parallel_001.005_InboundCaseB2Bi_Remote_HM"
on
B2Bi Application Server - Stream 3B (Multicluster)
CRITICAL - Queue "B2Bi CI HME - PROD_Framework_Parallel_001.005_InboundCaseB2Bi_Remote_HM" ("hierchmessage_10309"/"queue_16"):
Request Successful!02-26 19:35:39
Request Successful!02-26 19:36:40
Request Successful!02-26 19:37:41
Request Successful!02-26 19:38:43
New alert more than 5 minutes! See details below: 
CRITICAL
for 1m 5s
Soft 1/2
B2Bi queue health: "B2Bi CI HME - PROD_Framework_Parallel_001.Z_Local_402_SendMessageToB2BIRemote1C_seq_HM"
on
B2Bi Application Server - Stream 1A
CRITICAL - Queue "B2Bi CI HME - PROD_Framework_Parallel_001.Z_Local_402_SendMessageToB2BIRemote1C_seq_HM" ("hierchmessage_13429"/"queue_13"):
Request Successful!02-26 19:39:54
Request Successful!02-26 19:40:55
Request Successful!02-26 19:41:56
Request Successful!02-26 19:42:57
Request Successful!02-26 19:43:59
Request Successful!02-26 19:45:00
Request Successful!02-26 19:46:01
Request Successful!02-26 19:47:03
Request Successful!02-26 19:48:04
Request Successful!02-26 19:49:05
Request Successful!02-26 19:50:07
Request Successful!02-26 19:51:08
Request Successful!02-26 19:52:09
Request Successful!02-26 19:53:10
Request Successful!02-26 19:54:12
Request Successful!02-26 19:55:13
Request Successful!02-26 19:56:14
Request Successful!02-26 19:57:15
Request Successful!02-26 19:58:17
Request Successful!02-26 19:59:18
Request Successful!02-26 20:00:19
Request Successful!02-26 20:01:20
Request Successful!02-26 20:02:21
Request Successful!02-26 20:03:23
Request Successful!02-26 20:04:24
Request Successful!02-26 20:05:25
Request Successful!02-26 20:06:26
Request Successful!02-26 20:07:28
Request Successful!02-26 20:08:29
Request Successful!02-26 20:09:30
Request Successful!02-26 20:10:31
Request Successful!02-26 20:11:33
Request Successful!02-26 20:12:34
Request Successful!02-26 20:13:35
Request Successful!02-26 20:14:36
Request Successful!02-26 20:15:38
Request Successful!02-26 20:16:39
Request Successful!02-26 20:17:40
Request Successful!02-26 20:18:41
Request Successful!02-26 20:19:43
Request Successful!02-26 20:20:44
Request Successful!02-26 20:21:45
Request Successful!02-26 20:22:47
Request Successful!02-26 20:23:48
Request Successful!02-26 20:24:49
Request Successful!02-26 20:25:51
Request Successful!02-26 20:26:52
Request Successful!02-26 20:27:53
New alert more than 5 minutes! See details below: 
CRITICAL
for 1m 23s
Soft 1/2
B2Bi queue health: "B2Bi Logger 16"
on
B2Bi Application Server - Stream 3B (Multicluster)
CRITICAL - Queue "B2Bi Logger 16" ("logger_1040"/"queue_16"):
Request Successful!02-26 20:29:05
Request Successful!02-26 20:30:06
Request Successful!02-26 20:31:08
Request Successful!02-26 20:32:09
Request Successful!02-26 20:33:10
Request Successful!02-26 20:34:12
Request Successful!02-26 20:35:13
Request Successful!02-26 20:36:14
Request Successful!02-26 20:37:15
Request Successful!02-26 20:38:17
Request Successful!02-26 20:39:18
Request Successful!02-26 20:40:19
Request Successful!02-26 20:41:20
Request Successful!02-26 20:42:21
Request Successful!02-26 20:43:23
Request Successful!02-26 20:44:24
Request Successful!02-26 20:45:25
Request Successful!02-26 20:46:26
Request Successful!02-26 20:47:28
Request Successful!02-26 20:48:29
Request Successful!02-26 20:49:30
Request Successful!02-26 20:50:31
Request Successful!02-26 20:51:32
Request Successful!02-26 20:52:34
Request Successful!02-26 20:53:35
Request Successful!02-26 20:54:36
Request Successful!02-26 20:55:37
Request Successful!02-26 20:56:39
Request Successful!02-26 20:57:40
Request Successful!02-26 20:58:41
Request Successful!02-26 20:59:42
Request Successful!02-26 21:00:44
Request Successful!02-26 21:01:45
Request Successful!02-26 21:02:46
New alert more than 5 minutes! See details below: 
CRITICAL
for 1m 51s
Soft 1/2
B2Bi queue health: "B2Bi Logger 16"
on
B2Bi Application Server - Stream 3A (Multicluster)
CRITICAL - Queue "B2Bi Logger 16" ("logger_1040"/"queue_16"):
Request Successful!02-26 21:03:57
Request Successful!02-26 21:04:59
Request Successful!02-26 21:06:00
Request Successful!02-26 21:07:02
Request Successful!02-26 21:08:03
Request Successful!02-26 21:09:04
Request Successful!02-26 21:10:06
Request Successful!02-26 21:11:07
Request Successful!02-26 21:12:08
Request Successful!02-26 21:13:10
Request Successful!02-26 21:14:11
Request Successful!02-26 21:15:12
Request Successful!02-26 21:16:13
Request Successful!02-26 21:17:15
Request Successful!02-26 21:18:16
Request Successful!02-26 21:19:17
Request Successful!02-26 21:20:19
Request Successful!02-26 21:21:20
Request Successful!02-26 21:22:21
Request Successful!02-26 21:23:22
Request Successful!02-26 21:24:24
Request Successful!02-26 21:25:25
New alert more than 5 minutes! See details below: 
CRITICAL
for 1m 20s
Soft 1/2
B2Bi queue health: "B2Bi Logger 14"
on
B2Bi Application Server - Stream 1C
CRITICAL - Queue "B2Bi Logger 14" ("logger_1573"/"queue_13"):
Request Successful!02-26 21:26:36
Request Successful!02-26 21:27:37
Request Successful!02-26 21:28:38
Request Successful!02-26 21:29:40
Request Successful!02-26 21:30:41
Request Successful!02-26 21:31:42
Request Successful!02-26 21:32:43
Request Successful!02-26 21:33:45
Request Successful!02-26 21:34:46
Request Successful!02-26 21:35:47
Request Successful!02-26 21:36:48
Request Successful!02-26 21:37:50
Request Successful!02-26 21:38:51
Request Successful!02-26 21:39:52
Request Successful!02-26 21:40:53
Request Successful!02-26 21:41:55
Request Successful!02-26 21:42:56
Request Successful!02-26 21:43:57
Request Successful!02-26 21:44:58
Request Successful!02-26 21:45:59
Request Successful!02-26 21:47:01
Request Successful!02-26 21:48:02
Request Successful!02-26 21:49:03
Request Successful!02-26 21:50:04
Request Successful!02-26 21:51:06
Request Successful!02-26 21:52:07
Request Successful!02-26 21:53:08
Request Successful!02-26 21:54:10
Request Successful!02-26 21:55:11
Request Successful!02-26 21:56:12
Request Successful!02-26 21:57:14
Request Successful!02-26 21:58:15
Request Successful!02-26 21:59:16
Request Successful!02-26 22:00:18
Request Successful!02-26 22:01:19
Request Successful!02-26 22:02:20
Request Successful!02-26 22:03:21
Request Successful!02-26 22:04:22
Request Successful!02-26 22:05:24
Request Successful!02-26 22:06:25
Request Successful!02-26 22:07:26
Request Successful!02-26 22:08:28
Request Successful!02-26 22:09:29
Request Successful!02-26 22:10:30
Request Successful!02-26 22:11:31
Request Successful!02-26 22:12:33
Request Successful!02-26 22:13:34
Request Successful!02-26 22:14:35
Request Successful!02-26 22:15:37
Request Successful!02-26 22:16:38
Request Successful!02-26 22:17:39
Request Successful!02-26 22:18:41
Request Successful!02-26 22:19:42
Request Successful!02-26 22:20:43
Request Successful!02-26 22:21:45
Request Successful!02-26 22:22:46
New alert more than 5 minutes! See details below: 
CRITICAL
for 1m 33s
B2Bi queue health: "B2Bi CI HME - PROD_Framework_Parallel_001.Z_Local_402_Serial_Out_20_InhouseEnveloper(Inhouse)_4_SAG_ETGOIT_HM"
on
B2Bi Application Server - Stream 1B
CRITICAL - Queue "B2Bi CI HME - PROD_Framework_Parallel_001.Z_Local_402_Serial_Out_20_InhouseEnveloper(Inhouse)_4_SAG_ETGOIT_HM" ("hierchmessage_11217"/"queue_13"):
Request Successful!02-26 22:23:57
New alert more than 5 minutes! See details below: 
CRITICAL
for 2m 44s
B2Bi queue health: "B2Bi CI HME - PROD_Framework_Parallel_001.Z_Local_402_Serial_Out_20_InhouseEnveloper(Inhouse)_4_SAG_ETGOIT_HM"
on
B2Bi Application Server - Stream 1B
CRITICAL - Queue "B2Bi CI HME - PROD_Framework_Parallel_001.Z_Local_402_Serial_Out_20_InhouseEnveloper(Inhouse)_4_SAG_ETGOIT_HM" ("hierchmessage_11217"/"queue_13"):
Request Successful!02-26 22:25:09
Request Successful!02-26 22:26:10
Request Successful!02-26 22:27:12
Request Successful!02-26 22:28:13
Request Successful!02-26 22:29:14
Request Successful!02-26 22:30:16
Request Successful!02-26 22:31:17
Request Successful!02-26 22:32:18
Request Successful!02-26 22:33:20
Request Successful!02-26 22:34:21
Request Successful!02-26 22:35:23
Request Successful!02-26 22:36:24
Request Successful!02-26 22:37:26
Request Successful!02-26 22:38:27
Request Successful!02-26 22:39:28
Request Successful!02-26 22:40:30
Request Successful!02-26 22:41:31
Request Successful!02-26 22:42:32
Request Successful!02-26 22:43:33
Request Successful!02-26 22:44:35
Request Successful!02-26 22:45:36
Request Successful!02-26 22:46:37
Request Successful!02-26 22:47:39
Request Successful!02-26 22:48:40
Request Successful!02-26 22:49:41
Request Successful!02-26 22:50:42
Request Successful!02-26 22:51:44
Request Successful!02-26 22:52:45
Request Successful!02-26 22:53:46
New alert more than 5 minutes! See details below: 
CRITICAL
for 1m 25s
Soft 1/2
B2Bi queue health: "B2Bi Logger 18"
on
B2Bi Application Server - Stream 3A (Multicluster)
CRITICAL - Queue "B2Bi Logger 18" ("logger_1044"/"queue_16"):
Request Successful!02-26 22:54:58
Request Successful!02-26 22:55:59
Request Successful!02-26 22:57:01
Request Successful!02-26 22:58:02
Request Successful!02-26 22:59:03
Request Successful!02-26 23:00:05
Request Successful!02-26 23:01:06
Request Successful!02-26 23:02:08
New alert more than 5 minutes! See details below: 
CRITICAL
for 1m 14s
Soft 1/2
B2Bi queue health: "B2Bi Logger 16"
on
B2Bi Application Server - Stream 3A (Multicluster)
CRITICAL - Queue "B2Bi Logger 16" ("logger_1040"/"queue_16"):
Request Successful!02-26 23:03:19
Request Successful!02-26 23:04:20
Request Successful!02-26 23:05:23
Request Successful!02-26 23:06:26
Request Successful!02-26 23:07:27
Request Successful!02-26 23:08:28
Request Successful!02-26 23:09:30
Request Successful!02-26 23:10:31
New alert more than 5 minutes! See details below: 
CRITICAL
for 1m 34s
Soft 1/2
B2Bi queue health: "B2Bi Logger 13"
on
B2Bi Application Server - Stream 1A
CRITICAL - Queue "B2Bi Logger 13" ("logger_12480"/"queue_13"):
Request Successful!02-26 23:11:42
Request Successful!02-26 23:12:43
Request Successful!02-26 23:13:44
Request Successful!02-26 23:14:46
Request Successful!02-26 23:15:47
Request Successful!02-26 23:16:48
Request Successful!02-26 23:17:49
Request Successful!02-26 23:18:50
Request Successful!02-26 23:19:52
Request Successful!02-26 23:20:53
Request Successful!02-26 23:21:54
