Request Successful!01-10 16:11:41
New alert more than 5 minutes! See details below: 
CRITICAL
for 6m 13s
B2Bi queue health: "B2Bi CI HME - PROD_Framework_Parallel_001.Z_Local_402_Serial_Out_20_InhouseEnveloper(Inhouse)_4_SAG_ETGOIT_HM"
on
B2Bi Application Server - Stream 1B
CRITICAL - Queue "B2Bi CI HME - PROD_Framework_Parallel_001.Z_Local_402_Serial_Out_20_InhouseEnveloper(Inhouse)_4_SAG_ETGOIT_HM" ("hierchmessage_11217"/"queue_13"):
Request Successful!01-10 16:14:53
Request Successful!01-10 16:17:55
Request Successful!01-10 16:20:56
Request Successful!01-10 16:23:58
Request Successful!01-10 16:26:59
Request Successful!01-10 16:30:01
Request Successful!01-10 16:33:02
Request Successful!01-10 16:36:04
Request Successful!01-10 16:39:48
Request Successful!01-10 16:42:49
Request Successful!01-10 16:45:51
Request Successful!01-10 16:48:52
Request Successful!01-10 16:51:54
Request Successful!01-10 16:54:55
Request Successful!01-10 16:57:57
Request Successful!01-10 17:00:58
Request Successful!01-10 17:03:59
Request Successful!01-10 17:07:01
Request Successful!01-10 17:10:02
Request Successful!01-10 17:13:04
Request Successful!01-10 17:16:05
Request Successful!01-10 17:19:06
Request Successful!01-10 17:22:08
New alert more than 5 minutes! See details below: 
CRITICAL
for 3m 42s
B2Bi queue health: "B2Bi CI HME - PROD_Framework_Parallel_001.Z_Local_402_Serial_Out_20_InhouseEnveloper(Inhouse)_4_SAG_ETGOIT_HM"
on
B2Bi Application Server - Stream 1B
CRITICAL - Queue "B2Bi CI HME - PROD_Framework_Parallel_001.Z_Local_402_Serial_Out_20_InhouseEnveloper(Inhouse)_4_SAG_ETGOIT_HM" ("hierchmessage_11217"/"queue_13"):
Request Successful!01-10 17:25:20
New alert more than 5 minutes! See details below: 
CRITICAL
for 6m 54s
B2Bi queue health: "B2Bi CI HME - PROD_Framework_Parallel_001.Z_Local_402_Serial_Out_20_InhouseEnveloper(Inhouse)_4_SAG_ETGOIT_HM"
on
B2Bi Application Server - Stream 1B
CRITICAL - Queue "B2Bi CI HME - PROD_Framework_Parallel_001.Z_Local_402_Serial_Out_20_InhouseEnveloper(Inhouse)_4_SAG_ETGOIT_HM" ("hierchmessage_11217"/"queue_13"):
Request Successful!01-10 17:28:32
Request Successful!01-10 17:31:33
Request Successful!01-10 17:34:35
Request Successful!01-10 17:37:36
Request Successful!01-10 17:40:38
Request Successful!01-10 17:43:40
Request Successful!01-10 17:46:42
Request Successful!01-10 17:49:43
Request Successful!01-10 17:52:45
Request Successful!01-10 17:55:47
Request Successful!01-10 17:58:48
Request Successful!01-10 18:01:50
Request Successful!01-10 18:04:52
Request Successful!01-10 18:07:53
Request Successful!01-10 18:10:54
Request Successful!01-10 18:13:56
Request Successful!01-10 18:16:58
Request Successful!01-10 18:20:00
Request Successful!01-10 18:23:02
Request Successful!01-10 18:26:03
Request Successful!01-10 18:29:05
Request Successful!01-10 18:32:07
Request Successful!01-10 18:35:09
Request Successful!01-10 18:38:10
Request Successful!01-10 18:41:12
Request Successful!01-10 18:44:14
Request Successful!01-10 18:47:15
Request Successful!01-10 18:50:17
Request Successful!01-10 18:53:19
Request Successful!01-10 18:56:20
Request Successful!01-10 18:59:22
Request Successful!01-10 19:02:24
Request Successful!01-10 19:05:26
Request Successful!01-10 19:08:28
Request Successful!01-10 19:11:29
Request Successful!01-10 19:14:31
Request Successful!01-10 19:17:33
Request Successful!01-10 19:20:34
Request Successful!01-10 19:23:36
Request Successful!01-10 19:26:38
Request Successful!01-10 19:29:40
Request Successful!01-10 19:32:41
Request Successful!01-10 19:35:43
Request Successful!01-10 19:38:45
Request Successful!01-10 19:41:46
Request Successful!01-10 19:44:48
Request Successful!01-10 19:47:50
Request Successful!01-10 19:50:51
Request Successful!01-10 19:53:53
Request Successful!01-10 19:56:55
Request Successful!01-10 19:59:56
Request Successful!01-10 20:02:58
Request Successful!01-10 20:06:00
Request Successful!01-10 20:09:03
Request Successful!01-10 20:12:05
Request Successful!01-10 20:15:07
Request Successful!01-10 20:18:09
Request Successful!01-10 20:21:11
Request Successful!01-10 20:24:12
Request Successful!01-10 20:27:14
Request Successful!01-10 20:30:16
Request Successful!01-10 20:33:18
Request Successful!01-10 20:36:19
Request Successful!01-10 20:39:21
Request Successful!01-10 20:42:22
Request Successful!01-10 20:45:24
Request Successful!01-10 20:48:26
Request Successful!01-10 20:51:27
Request Successful!01-10 20:54:29
Request Successful!01-10 20:57:31
Request Successful!01-10 21:00:33
Request Successful!01-10 21:03:35
Request Successful!01-10 21:06:37
Request Successful!01-10 21:09:39
Request Successful!01-10 21:12:41
Request Successful!01-10 21:15:43
Request Successful!01-10 21:18:44
Request Successful!01-10 21:21:46
Request Successful!01-10 21:24:48
Request Successful!01-10 21:27:50
Request Successful!01-10 21:30:52
Request Successful!01-10 21:33:54
Request Successful!01-10 21:36:56
Request Successful!01-10 21:39:57
Request Successful!01-10 21:42:59
Request Successful!01-10 21:46:01
Request Successful!01-10 21:49:03
Request Successful!01-10 21:52:05
Request Successful!01-10 21:55:07
Request Successful!01-10 21:58:09
Request Successful!01-10 22:01:11
Request Successful!01-10 22:04:13
Request Successful!01-10 22:07:15
Request Successful!01-10 22:10:17
Request Successful!01-10 22:13:19
Request Successful!01-10 22:16:21
Request Successful!01-10 22:19:23
Request Successful!01-10 22:22:25
Request Successful!01-10 22:25:27
Request Successful!01-10 22:28:28
Request Successful!01-10 22:31:30
Request Successful!01-10 22:34:32
Request Successful!01-10 22:37:34
Request Successful!01-10 22:40:36
Request Successful!01-10 22:43:37
Request Successful!01-10 22:46:39
Request Successful!01-10 22:49:41
Request Successful!01-10 22:52:42
Request Successful!01-10 22:55:44
Request Successful!01-10 22:58:46
Request Successful!01-10 23:01:47
Request Successful!01-10 23:04:49
HTTPSConnectionPool(host='b2biprddep1.sl3.comp.db.de', port=443): Max retries exceeded with url: /icingaweb2/monitoring/list/services?service_problem=1&sort=service_severity&dir=desc (Caused by SSLError(SSLEOFError(8, '[SSL: UNEXPECTED_EOF_WHILE_READING] EOF occurred in violation of protocol (_ssl.c:1006)')))
Request Successful!01-10 23:10:57
Request Successful!01-10 23:13:58
Request Successful!01-10 23:17:00
Request Successful!01-10 23:20:02
Request Successful!01-10 23:23:03
Request Successful!01-10 23:26:05
Request Successful!01-10 23:29:07
Request Successful!01-10 23:32:08
Request Successful!01-10 23:35:10
Request Successful!01-10 23:38:12
Request Successful!01-10 23:41:13
Request Successful!01-10 23:44:15
