Request Successful!05-30 16:33:51
Request Successful!05-30 16:34:55
Request Successful!05-30 16:35:58
Request Successful!05-30 16:37:00
Request Successful!05-30 16:38:02
Request Successful!05-30 16:39:04
Request Successful!05-30 16:40:07
Request Successful!05-30 16:41:10
Request Successful!05-30 16:42:12
Request Successful!05-30 16:43:14
Request Successful!05-30 16:44:18
Request Successful!05-30 16:45:21
Request Successful!05-30 16:46:23
Request Successful!05-30 16:47:26
Request Successful!05-30 16:48:29
Request Successful!05-30 16:49:32
Request Successful!05-30 16:50:34
Request Successful!05-30 16:51:39
Request Successful!05-30 16:52:41
Request Successful!05-30 16:53:43
Request Successful!05-30 16:54:45
Request Successful!05-30 16:55:48
Request Successful!05-30 16:56:51
Request Successful!05-30 16:57:53
Request Successful!05-30 16:58:56
Request Successful!05-30 17:00:00
Request Successful!05-30 17:01:03
Request Successful!05-30 17:02:06
Request Successful!05-30 17:03:08
Request Successful!05-30 17:04:11
Request Successful!05-30 17:05:14
Request Successful!05-30 17:06:16
Request Successful!05-30 17:07:19
Request Successful!05-30 17:08:21
Request Successful!05-30 17:09:38
Request Successful!05-30 17:10:43
Request Successful!05-30 17:11:47
Request Successful!05-30 17:12:51
Request Successful!05-30 17:13:58
Request Successful!05-30 17:15:04
Request Successful!05-30 17:16:11
Request Successful!05-30 17:17:19
Request Successful!05-30 17:18:28
Request Successful!05-30 17:19:34
Request Successful!05-30 17:20:42
Request Successful!05-30 17:21:51
Request Successful!05-30 17:22:55
Request Successful!05-30 17:24:10
Request Successful!05-30 17:25:19
Request Successful!05-30 17:26:23
Request Successful!05-30 17:27:30
Request Successful!05-30 17:28:39
Request Successful!05-30 17:29:42
Request Successful!05-30 17:30:44
Request Successful!05-30 17:31:45
Request Successful!05-30 17:32:47
Request Successful!05-30 17:33:49
Request Successful!05-30 17:34:50
Request Successful!05-30 17:35:52
Request Successful!05-30 17:36:54
Request Successful!05-30 17:37:55
Request Successful!05-30 17:38:57
Request Successful!05-30 17:39:59
Request Successful!05-30 17:41:01
Request Successful!05-30 17:42:02
Request Successful!05-30 17:43:04
Request Successful!05-30 17:44:08
Request Successful!05-30 17:45:09
Request Successful!05-30 17:46:11
Request Successful!05-30 17:47:13
Request Successful!05-30 17:48:14
Request Successful!05-30 17:49:16
Request Successful!05-30 17:50:17
Request Successful!05-30 17:51:19
Request Successful!05-30 17:52:21
Request Successful!05-30 17:53:23
Request Successful!05-30 17:54:24
Request Successful!05-30 17:55:26
Request Successful!05-30 17:56:28
Request Successful!05-30 17:57:29
Request Successful!05-30 17:58:31
Request Successful!05-30 17:59:33
Request Successful!05-30 18:00:35
Request Successful!05-30 18:01:36
Request Successful!05-30 18:02:39
Request Successful!05-30 18:03:41
Request Successful!05-30 18:04:43
Request Successful!05-30 18:05:45
Request Successful!05-30 18:06:47
Request Successful!05-30 18:07:48
Request Successful!05-30 18:08:50
Request Successful!05-30 18:09:52
Request Successful!05-30 18:10:53
Request Successful!05-30 18:11:55
Request Successful!05-30 18:12:57
Request Successful!05-30 18:13:58
Request Successful!05-30 18:15:00
Request Successful!05-30 18:16:02
Request Successful!05-30 18:17:04
Request Successful!05-30 18:18:06
Request Successful!05-30 18:19:07
Request Successful!05-30 18:20:09
Request Successful!05-30 18:21:10
Request Successful!05-30 18:22:12
Request Successful!05-30 18:23:14
Request Successful!05-30 18:24:15
Request Successful!05-30 18:25:17
Request Successful!05-30 18:26:19
Request Successful!05-30 18:27:21
Request Successful!05-30 18:28:23
Request Successful!05-30 18:29:24
Request Successful!05-30 18:30:26
Request Successful!05-30 18:31:27
Request Successful!05-30 18:32:29
Request Successful!05-30 18:33:31
Request Successful!05-30 18:34:32
Request Successful!05-30 18:35:34
Request Successful!05-30 18:36:36
Request Successful!05-30 18:37:37
Request Successful!05-30 18:38:39
Request Successful!05-30 18:39:40
Request Successful!05-30 18:40:42
Request Successful!05-30 18:41:44
Request Successful!05-30 18:42:46
Request Successful!05-30 18:43:47
Request Successful!05-30 18:44:49
Request Successful!05-30 18:45:51
Request Successful!05-30 18:46:52
Request Successful!05-30 18:47:54
Request Successful!05-30 18:48:56
Request Successful!05-30 18:49:57
Request Successful!05-30 18:50:59
Request Successful!05-30 18:52:01
Request Successful!05-30 18:53:02
Request Successful!05-30 18:54:04
Request Successful!05-30 18:55:06
Request Successful!05-30 18:56:07
Request Successful!05-30 18:57:09
Request Successful!05-30 18:58:10
Request Successful!05-30 18:59:12
Request Successful!05-30 19:00:14
Request Successful!05-30 19:01:16
Request Successful!05-30 19:02:18
Request Successful!05-30 19:03:19
Request Successful!05-30 19:04:21
Request Successful!05-30 19:05:23
Request Successful!05-30 19:06:24
Request Successful!05-30 19:07:26
Request Successful!05-30 19:08:27
Request Successful!05-30 19:09:29
Request Successful!05-30 19:10:31
Request Successful!05-30 19:11:32
Request Successful!05-30 19:12:34
Request Successful!05-30 19:13:35
Request Successful!05-30 19:14:37
Request Successful!05-30 19:15:39
Request Successful!05-30 19:16:40
Request Successful!05-30 19:17:42
Request Successful!05-30 19:18:43
Request Successful!05-30 19:19:45
Request Successful!05-30 19:20:47
Request Successful!05-30 19:21:48
Request Successful!05-30 19:22:50
Request Successful!05-30 19:23:52
Request Successful!05-30 19:24:53
Request Successful!05-30 19:25:55
Request Successful!05-30 19:26:56
Request Successful!05-30 19:27:58
Request Successful!05-30 19:29:00
Request Successful!05-30 19:30:01
Request Successful!05-30 19:31:04
Request Successful!05-30 19:32:07
Request Successful!05-30 19:33:08
Request Successful!05-30 19:34:10
Request Successful!05-30 19:35:12
Request Successful!05-30 19:36:14
Request Successful!05-30 19:37:16
Request Successful!05-30 19:38:17
Request Successful!05-30 19:39:19
Request Successful!05-30 19:40:21
Request Successful!05-30 19:41:22
Request Successful!05-30 19:42:24
Request Successful!05-30 19:43:26
Request Successful!05-30 19:44:27
Request Successful!05-30 19:45:29
Request Successful!05-30 19:46:30
Request Successful!05-30 19:47:32
Request Successful!05-30 19:48:34
Request Successful!05-30 19:49:35
Request Successful!05-30 19:50:37
Request Successful!05-30 19:51:39
Request Successful!05-30 19:52:40
Request Successful!05-30 19:53:42
Request Successful!05-30 19:54:43
Request Successful!05-30 19:55:45
Request Successful!05-30 19:56:47
Request Successful!05-30 19:57:48
Request Successful!05-30 19:58:50
Request Successful!05-30 19:59:52
Request Successful!05-30 20:00:53
Request Successful!05-30 20:01:55
Request Successful!05-30 20:02:57
Request Successful!05-30 20:04:00
Request Successful!05-30 20:05:02
Request Successful!05-30 20:06:05
Request Successful!05-30 20:07:07
Request Successful!05-30 20:08:10
Request Successful!05-30 20:09:12
Request Successful!05-30 20:10:14
Request Successful!05-30 20:11:15
Request Successful!05-30 20:12:17
Request Successful!05-30 20:13:18
Request Successful!05-30 20:14:20
Request Successful!05-30 20:15:22
Request Successful!05-30 20:16:23
New alert more than 5 minutes! See details below: 
CRITICAL
for 4m 0s
B2Bi queue health: "B2Bi Logger 13"
on
B2Bi Application Server - Stream 2B (Multicluster - VIP)
CRITICAL - Queue "B2Bi Logger 13" ("logger_1034"/"queue_16"):
Request Successful!05-30 20:17:36
New alert more than 5 minutes! See details below: 
CRITICAL
for 5m 12s
B2Bi queue health: "B2Bi Logger 13"
on
B2Bi Application Server - Stream 2B (Multicluster - VIP)
CRITICAL - Queue "B2Bi Logger 13" ("logger_1034"/"queue_16"):
Request Successful!05-30 20:18:48
New alert more than 5 minutes! See details below: 
CRITICAL
for 6m 24s
B2Bi queue health: "B2Bi Logger 13"
on
B2Bi Application Server - Stream 2B (Multicluster - VIP)
CRITICAL - Queue "B2Bi Logger 13" ("logger_1034"/"queue_16"):
Request Successful!05-30 20:20:00
Request Successful!05-30 20:21:02
Request Successful!05-30 20:22:03
Request Successful!05-30 20:23:05
Request Successful!05-30 20:24:07
Request Successful!05-30 20:25:09
Request Successful!05-30 20:26:11
Request Successful!05-30 20:27:13
Request Successful!05-30 20:28:15
Request Successful!05-30 20:29:16
Request Successful!05-30 20:30:18
Request Successful!05-30 20:31:20
Request Successful!05-30 20:32:21
Request Successful!05-30 20:33:23
Request Successful!05-30 20:34:24
Request Successful!05-30 20:35:26
Request Successful!05-30 20:36:28
Request Successful!05-30 20:37:29
Request Successful!05-30 20:38:31
Request Successful!05-30 20:39:32
Request Successful!05-30 20:40:34
Request Successful!05-30 20:41:36
Request Successful!05-30 20:42:37
Request Successful!05-30 20:43:39
Request Successful!05-30 20:44:40
Request Successful!05-30 20:45:42
Request Successful!05-30 20:46:44
Request Successful!05-30 20:47:45
Request Successful!05-30 20:48:47
Request Successful!05-30 20:49:49
Request Successful!05-30 20:50:50
Request Successful!05-30 20:51:52
Request Successful!05-30 20:52:54
Request Successful!05-30 20:53:55
Request Successful!05-30 20:54:57
Request Successful!05-30 20:55:58
Request Successful!05-30 20:57:00
Request Successful!05-30 20:58:02
Request Successful!05-30 20:59:03
Request Successful!05-30 21:00:05
Request Successful!05-30 21:01:07
Request Successful!05-30 21:02:09
Request Successful!05-30 21:03:11
Request Successful!05-30 21:04:12
Request Successful!05-30 21:05:14
Request Successful!05-30 21:06:16
Request Successful!05-30 21:07:17
Request Successful!05-30 21:08:20
Request Successful!05-30 21:09:22
Request Successful!05-30 21:10:24
Request Successful!05-30 21:11:26
Request Successful!05-30 21:12:28
Request Successful!05-30 21:13:30
Request Successful!05-30 21:14:32
Request Successful!05-30 21:15:34
Request Successful!05-30 21:16:35
Request Successful!05-30 21:17:37
Request Successful!05-30 21:18:39
Request Successful!05-30 21:19:41
Request Successful!05-30 21:20:43
Request Successful!05-30 21:21:45
Request Successful!05-30 21:22:46
Request Successful!05-30 21:23:48
Request Successful!05-30 21:24:50
Request Successful!05-30 21:25:52
Request Successful!05-30 21:26:54
Request Successful!05-30 21:27:56
Request Successful!05-30 21:28:58
Request Successful!05-30 21:30:00
Request Successful!05-30 21:31:01
Request Successful!05-30 21:32:03
Request Successful!05-30 21:33:05
Request Successful!05-30 21:34:07
Request Successful!05-30 21:35:09
Request Successful!05-30 21:36:11
Request Successful!05-30 21:37:13
Request Successful!05-30 21:38:14
Request Successful!05-30 21:39:16
Request Successful!05-30 21:40:18
Request Successful!05-30 21:41:20
Request Successful!05-30 21:42:21
Request Successful!05-30 21:43:23
Request Successful!05-30 21:44:25
Request Successful!05-30 21:45:27
Request Successful!05-30 21:46:29
Request Successful!05-30 21:47:31
Request Successful!05-30 21:48:32
Request Successful!05-30 21:49:34
Request Successful!05-30 21:50:36
Request Successful!05-30 21:51:38
Request Successful!05-30 21:52:39
Request Successful!05-30 21:53:41
Request Successful!05-30 21:54:43
Request Successful!05-30 21:55:45
Request Successful!05-30 21:56:47
Request Successful!05-30 21:57:48
Request Successful!05-30 21:58:50
Request Successful!05-30 21:59:52
Request Successful!05-30 22:00:53
Request Successful!05-30 22:01:55
Request Successful!05-30 22:02:56
Request Successful!05-30 22:03:58
Request Successful!05-30 22:05:00
Request Successful!05-30 22:06:01
Request Successful!05-30 22:07:03
Request Successful!05-30 22:08:04
Request Successful!05-30 22:09:06
Request Successful!05-30 22:10:08
Request Successful!05-30 22:11:09
Request Successful!05-30 22:12:11
Request Successful!05-30 22:13:13
Request Successful!05-30 22:14:14
Request Successful!05-30 22:15:16
Request Successful!05-30 22:16:17
Request Successful!05-30 22:17:19
Request Successful!05-30 22:18:21
Request Successful!05-30 22:19:23
Request Successful!05-30 22:20:24
Request Successful!05-30 22:21:26
Request Successful!05-30 22:22:28
HTTPSConnectionPool(host='b2biprddep1.sl3.comp.db.de', port=443): Max retries exceeded with url: /icingaweb2/monitoring/list/services?service_problem=1&sort=service_severity&dir=desc (Caused by SSLError(SSLEOFError(8, '[SSL: UNEXPECTED_EOF_WHILE_READING] EOF occurred in violation of protocol (_ssl.c:1006)')))
Request Successful!05-30 22:24:35
Request Successful!05-30 22:25:37
Request Successful!05-30 22:26:38
Request Successful!05-30 22:27:40
Request Successful!05-30 22:28:42
Request Successful!05-30 22:29:43
Request Successful!05-30 22:30:45
Request Successful!05-30 22:31:46
Request Successful!05-30 22:32:48
Request Successful!05-30 22:33:50
Request Successful!05-30 22:34:51
Request Successful!05-30 22:35:53
Request Successful!05-30 22:36:55
Request Successful!05-30 22:37:56
Request Successful!05-30 22:38:58
Request Successful!05-30 22:39:59
Request Successful!05-30 22:41:01
Request Successful!05-30 22:42:03
Request Successful!05-30 22:43:04
Request Successful!05-30 22:44:06
Request Successful!05-30 22:45:08
Request Successful!05-30 22:46:09
Request Successful!05-30 22:47:11
Request Successful!05-30 22:48:13
Request Successful!05-30 22:49:14
Request Successful!05-30 22:50:16
Request Successful!05-30 22:51:17
Request Successful!05-30 22:52:19
Request Successful!05-30 22:53:21
Request Successful!05-30 22:54:22
Request Successful!05-30 22:55:24
Request Successful!05-30 22:56:26
Request Successful!05-30 22:57:27
Request Successful!05-30 22:58:29
Request Successful!05-30 22:59:30
Request Successful!05-30 23:00:32
Request Successful!05-30 23:01:34
Request Successful!05-30 23:02:36
Request Successful!05-30 23:03:38
Request Successful!05-30 23:04:39
Request Successful!05-30 23:05:41
Request Successful!05-30 23:06:42
Request Successful!05-30 23:07:44
Request Successful!05-30 23:08:46
Request Successful!05-30 23:09:47
Request Successful!05-30 23:10:49
Request Successful!05-30 23:11:51
Request Successful!05-30 23:12:53
Request Successful!05-30 23:13:54
New alert more than 5 minutes! See details below: 
CRITICAL
for 3m 37s
JMS Clients Connected
on
Communication Server 1 Production
CRITICAL - Following JMS clients are with errors:
Request Successful!05-30 23:15:07
New alert more than 5 minutes! See details below: 
CRITICAL
for 4m 50s
JMS Clients Connected
on
Communication Server 1 Production
CRITICAL - Following JMS clients are with errors:
Request Successful!05-30 23:16:20
New alert more than 5 minutes! See details below: 
CRITICAL
for 6m 3s
JMS Clients Connected
on
Communication Server 1 Production
CRITICAL - Following JMS clients are with errors:
Request Successful!05-30 23:17:32
Request Successful!05-30 23:18:34
Request Successful!05-30 23:19:35
Request Successful!05-30 23:20:37
Request Successful!05-30 23:21:39
Request Successful!05-30 23:22:40
Request Successful!05-30 23:23:42
Request Successful!05-30 23:24:43
Request Successful!05-30 23:25:45
Request Successful!05-30 23:26:47
Request Successful!05-30 23:27:49
Request Successful!05-30 23:28:50
Request Successful!05-30 23:29:52
HTTPSConnectionPool(host='b2biprddep1.sl3.comp.db.de', port=443): Max retries exceeded with url: /icingaweb2/monitoring/list/services?service_problem=1&sort=service_severity&dir=desc (Caused by SSLError(SSLEOFError(8, '[SSL: UNEXPECTED_EOF_WHILE_READING] EOF occurred in violation of protocol (_ssl.c:1006)')))
