Request Successful!08-14 16:08:17
Request Successful!08-14 16:11:18
Request Successful!08-14 16:14:20
Request Successful!08-14 16:17:21
Request Successful!08-14 16:20:23
Request Successful!08-14 16:23:25
Request Successful!08-14 16:26:26
Request Successful!08-14 16:29:28
Request Successful!08-14 16:32:30
Request Successful!08-14 16:35:32
Request Successful!08-14 16:38:33
Request Successful!08-14 16:41:34
Request Successful!08-14 16:44:36
Request Successful!08-14 16:47:38
Request Successful!08-14 16:50:40
Request Successful!08-14 16:53:41
Request Successful!08-14 16:56:43
Request Successful!08-14 16:59:44
Request Successful!08-14 17:02:46
Request Successful!08-14 17:05:47
Request Successful!08-14 17:08:49
Request Successful!08-14 17:11:50
Request Successful!08-14 17:14:52
Request Successful!08-14 17:17:53
Request Successful!08-14 17:20:55
Request Successful!08-14 17:23:57
Request Successful!08-14 17:26:58
Request Successful!08-14 17:30:00
Request Successful!08-14 17:33:01
Request Successful!08-14 17:36:03
Request Successful!08-14 17:39:05
Request Successful!08-14 17:42:06
Request Successful!08-14 17:45:08
Request Successful!08-14 17:48:10
Request Successful!08-14 17:51:11
Request Successful!08-14 17:54:13
Request Successful!08-14 17:57:15
Request Successful!08-14 18:00:16
Request Successful!08-14 18:03:18
Request Successful!08-14 18:06:19
Request Successful!08-14 18:09:21
Request Successful!08-14 18:12:22
Request Successful!08-14 18:15:24
Request Successful!08-14 18:18:25
Request Successful!08-14 18:21:27
Request Successful!08-14 18:24:29
Request Successful!08-14 18:27:30
Request Successful!08-14 18:30:32
Request Successful!08-14 18:33:33
Request Successful!08-14 18:36:35
Request Successful!08-14 18:39:36
Request Successful!08-14 18:42:38
Request Successful!08-14 18:45:39
Request Successful!08-14 18:48:41
Request Successful!08-14 18:51:42
Request Successful!08-14 18:54:44
Request Successful!08-14 18:57:45
Request Successful!08-14 19:00:47
Request Successful!08-14 19:03:49
Request Successful!08-14 19:06:50
Request Successful!08-14 19:09:52
Request Successful!08-14 19:12:53
Request Successful!08-14 19:15:55
Request Successful!08-14 19:18:56
Request Successful!08-14 19:21:58
Request Successful!08-14 19:25:00
Request Successful!08-14 19:28:01
Request Successful!08-14 19:31:03
Request Successful!08-14 19:34:04
Request Successful!08-14 19:37:06
Request Successful!08-14 19:40:07
Request Successful!08-14 19:43:09
Request Successful!08-14 19:46:11
Request Successful!08-14 19:49:12
Request Successful!08-14 19:52:14
Request Successful!08-14 19:55:15
Request Successful!08-14 19:58:17
Request Successful!08-14 20:01:19
Request Successful!08-14 20:04:20
Request Successful!08-14 20:07:22
Request Successful!08-14 20:10:23
Request Successful!08-14 20:13:25
Request Successful!08-14 20:16:26
Request Successful!08-14 20:19:28
New alert more than 5 minutes! See details below: 
CRITICAL
for 3m 33s
Check size of queue "XQ.Schenker_US on "QM.SWORD"
on
MQM Server Production
CRITICAL - Queue depth exceeding critical limit
Request Successful!08-14 20:22:41
Request Successful!08-14 20:25:43
Request Successful!08-14 20:28:44
Request Successful!08-14 20:31:46
Request Successful!08-14 20:34:48
Request Successful!08-14 20:37:49
Request Successful!08-14 20:40:51
Request Successful!08-14 20:43:52
Request Successful!08-14 20:46:54
Request Successful!08-14 20:49:55
Request Successful!08-14 20:52:57
Request Successful!08-14 20:55:59
Request Successful!08-14 20:59:00
Request Successful!08-14 21:02:02
Request Successful!08-14 21:05:03
Request Successful!08-14 21:08:05
Request Successful!08-14 21:11:07
Request Successful!08-14 21:14:08
Request Successful!08-14 21:17:10
Request Successful!08-14 21:20:11
Request Successful!08-14 21:23:13
New alert more than 5 minutes! See details below: 
CRITICAL
for 3m 50s
Check size of queue "XQ.Schenker_US on "QM.SWORD"
on
MQM Server Production
CRITICAL - Queue depth exceeding critical limit
Request Successful!08-14 21:26:25
Request Successful!08-14 21:29:27
Request Successful!08-14 21:32:28
Request Successful!08-14 21:35:30
Request Successful!08-14 21:38:31
Request Successful!08-14 21:41:33
Request Successful!08-14 21:44:35
Request Successful!08-14 21:47:36
Request Successful!08-14 21:50:38
Request Successful!08-14 21:53:40
Request Successful!08-14 21:56:42
Request Successful!08-14 21:59:43
Request Successful!08-14 22:02:45
Request Successful!08-14 22:05:47
Request Successful!08-14 22:08:48
Request Successful!08-14 22:11:50
Request Successful!08-14 22:14:51
Request Successful!08-14 22:17:53
New alert more than 5 minutes! See details below: 
CRITICAL
for 5m 29s
B2Bi queue health: "B2Bi CI HME - PROD_Framework_Parallel_001.101_Parallel_Dyn_10_ExecuteMasterDynMBC_HM"
on
B2Bi Application Server - Stream 3C (Multicluster)
CRITICAL - Queue "B2Bi CI HME - PROD_Framework_Parallel_001.101_Parallel_Dyn_10_ExecuteMasterDynMBC_HM" ("hierchmessage_9931"/"queue_16"):
Request Successful!08-14 22:21:05
Request Successful!08-14 22:24:07
Request Successful!08-14 22:27:08
Request Successful!08-14 22:30:09
Request Successful!08-14 22:33:11
Request Successful!08-14 22:36:12
Request Successful!08-14 22:39:14
HTTPSConnectionPool(host='b2biprddep1.sl3.comp.db.de', port=443): Max retries exceeded with url: /icingaweb2/monitoring/list/services?service_problem=1&sort=service_severity&dir=desc (Caused by SSLError(SSLEOFError(8, '[SSL: UNEXPECTED_EOF_WHILE_READING] EOF occurred in violation of protocol (_ssl.c:1006)')))
Request Successful!08-14 22:45:51
Request Successful!08-14 22:48:53
Request Successful!08-14 22:51:54
Request Successful!08-14 22:54:56
Request Successful!08-14 22:57:57
Request Successful!08-14 23:00:59
Request Successful!08-14 23:04:00
Request Successful!08-14 23:07:02
Request Successful!08-14 23:10:03
Request Successful!08-14 23:13:05
Request Successful!08-14 23:16:06
Request Successful!08-14 23:19:07
Request Successful!08-14 23:22:09
