Request Successful!12-22 16:02:44
Request Successful!12-22 16:05:45
Request Successful!12-22 16:08:47
Request Successful!12-22 16:11:48
Request Successful!12-22 16:14:50
Request Successful!12-22 16:17:51
Request Successful!12-22 16:20:52
Request Successful!12-22 16:23:54
Request Successful!12-22 16:26:55
Request Successful!12-22 16:29:56
Request Successful!12-22 16:32:58
Request Successful!12-22 16:35:59
Request Successful!12-22 16:39:00
Request Successful!12-22 16:42:02
Request Successful!12-22 16:45:03
Request Successful!12-22 16:48:05
Request Successful!12-22 16:51:06
Request Successful!12-22 16:54:07
Request Successful!12-22 16:57:09
Request Successful!12-22 17:00:11
Request Successful!12-22 17:03:12
Request Successful!12-22 17:06:13
Request Successful!12-22 17:09:15
Request Successful!12-22 17:12:16
Request Successful!12-22 17:15:18
Request Successful!12-22 17:18:19
Request Successful!12-22 17:21:20
Request Successful!12-22 17:24:22
Request Successful!12-22 17:27:23
Request Successful!12-22 17:30:25
Request Successful!12-22 17:33:26
Request Successful!12-22 17:36:28
Request Successful!12-22 17:39:29
Request Successful!12-22 17:42:30
Request Successful!12-22 17:45:32
Request Successful!12-22 17:48:33
Request Successful!12-22 17:51:35
Request Successful!12-22 17:54:36
Request Successful!12-22 17:57:37
Request Successful!12-22 18:00:39
Request Successful!12-22 18:03:40
Request Successful!12-22 18:06:41
Request Successful!12-22 18:09:43
Request Successful!12-22 18:12:44
Request Successful!12-22 18:15:45
Request Successful!12-22 18:18:47
Request Successful!12-22 18:21:48
Request Successful!12-22 18:24:50
Request Successful!12-22 18:27:51
Request Successful!12-22 18:30:52
Request Successful!12-22 18:33:54
Request Successful!12-22 18:36:55
Request Successful!12-22 18:39:57
Request Successful!12-22 18:42:58
Request Successful!12-22 18:46:00
Request Successful!12-22 18:49:01
Request Successful!12-22 18:52:03
Request Successful!12-22 18:55:04
Request Successful!12-22 18:58:05
Request Successful!12-22 19:01:07
Request Successful!12-22 19:04:08
Request Successful!12-22 19:07:10
Request Successful!12-22 19:10:11
Request Successful!12-22 19:13:13
Request Successful!12-22 19:16:14
Request Successful!12-22 19:19:16
Request Successful!12-22 19:22:17
Request Successful!12-22 19:25:19
Request Successful!12-22 19:28:20
Request Successful!12-22 19:31:22
Request Successful!12-22 19:34:23
Request Successful!12-22 19:37:25
Request Successful!12-22 19:40:26
Request Successful!12-22 19:43:28
Request Successful!12-22 19:46:30
Request Successful!12-22 19:49:31
Request Successful!12-22 19:52:33
Request Successful!12-22 19:55:35
Request Successful!12-22 19:58:36
Request Successful!12-22 20:01:38
Request Successful!12-22 20:04:40
Request Successful!12-22 20:07:41
Request Successful!12-22 20:10:43
Request Successful!12-22 20:13:44
Request Successful!12-22 20:16:46
Request Successful!12-22 20:19:48
Request Successful!12-22 20:22:49
Request Successful!12-22 20:25:51
Request Successful!12-22 20:28:52
Request Successful!12-22 20:31:54
Request Successful!12-22 20:34:55
Request Successful!12-22 20:37:57
Request Successful!12-22 20:40:58
Request Successful!12-22 20:44:00
Request Successful!12-22 20:47:02
Request Successful!12-22 20:50:03
Request Successful!12-22 20:53:05
Request Successful!12-22 20:56:07
Request Successful!12-22 20:59:09
Request Successful!12-22 21:02:10
New alert more than 5 minutes! See details below: 
CRITICAL
for 3m 1s
B2Bi queue health: "B2Bi CI HME - PROD_Framework_Parallel_001.SEND_SendMessageToB2BIRemote_1B_sequential_HM"
on
B2Bi Application Server - Stream 1A
CRITICAL - Queue "B2Bi CI HME - PROD_Framework_Parallel_001.SEND_SendMessageToB2BIRemote_1B_sequential_HM" ("hierchmessage_17212"/"queue_13"):
Request Successful!12-22 21:05:22
New alert more than 5 minutes! See details below: 
CRITICAL
for 6m 12s
B2Bi queue health: "B2Bi CI HME - PROD_Framework_Parallel_001.SEND_SendMessageToB2BIRemote_1B_sequential_HM"
on
B2Bi Application Server - Stream 1A
CRITICAL - Queue "B2Bi CI HME - PROD_Framework_Parallel_001.SEND_SendMessageToB2BIRemote_1B_sequential_HM" ("hierchmessage_17212"/"queue_13"):
Request Successful!12-22 21:08:33
Request Successful!12-22 21:11:35
Request Successful!12-22 21:14:36
Request Successful!12-22 21:17:38
Request Successful!12-22 21:20:40
Request Successful!12-22 21:23:41
Request Successful!12-22 21:26:43
Request Successful!12-22 21:29:44
Request Successful!12-22 21:32:46
Request Successful!12-22 21:35:47
Request Successful!12-22 21:38:49
Request Successful!12-22 21:41:50
Request Successful!12-22 21:44:52
Request Successful!12-22 21:47:53
Request Successful!12-22 21:50:55
Request Successful!12-22 21:53:56
Request Successful!12-22 21:56:58
Request Successful!12-22 21:59:59
check if there is a ticket. One critical alert is existed since 12:59
Request Successful!12-22 22:03:01
check if there is a ticket. One critical alert is existed since 12:59
Request Successful!12-22 22:06:03
check if there is a ticket. One critical alert is existed since 12:59
Request Successful!12-22 22:09:04
check if there is a ticket. One critical alert is existed since 12:59
Request Successful!12-22 22:12:06
check if there is a ticket. One critical alert is existed since 12:59
Request Successful!12-22 22:15:07
check if there is a ticket. One critical alert is existed since 12:59
Request Successful!12-22 22:18:09
check if there is a ticket. One critical alert is existed since 12:59
Request Successful!12-22 22:21:10
check if there is a ticket. One critical alert is existed since 12:59
Request Successful!12-22 22:24:12
check if there is a ticket. One critical alert is existed since 12:59
Request Successful!12-22 22:27:13
check if there is a ticket. One critical alert is existed since 12:59
Request Successful!12-22 22:30:14
check if there is a ticket. One critical alert is existed since 12:59
Request Successful!12-22 22:33:16
check if there is a ticket. One critical alert is existed since 12:59
Request Successful!12-22 22:36:17
check if there is a ticket. One critical alert is existed since 12:59
Request Successful!12-22 22:39:18
check if there is a ticket. One critical alert is existed since 12:59
Request Successful!12-22 22:42:20
check if there is a ticket. One critical alert is existed since 12:59
Request Successful!12-22 22:45:21
check if there is a ticket. One critical alert is existed since 12:59
Request Successful!12-22 22:48:23
check if there is a ticket. One critical alert is existed since 12:59
Request Successful!12-22 22:51:24
Request Successful!12-22 22:54:25
Request Successful!12-22 22:57:27
Request Successful!12-22 23:00:28
Request Successful!12-22 23:03:30
Request Successful!12-22 23:06:31
Request Successful!12-22 23:09:33
Request Successful!12-22 23:12:34
Request Successful!12-22 23:15:35
Request Successful!12-22 23:18:37
Request Successful!12-22 23:21:38
Request Successful!12-22 23:24:39
