Request Successful!05-24 15:54:56
Request Successful!05-24 15:55:58
Request Successful!05-24 15:57:00
Request Successful!05-24 15:58:01
Request Successful!05-24 15:59:04
New alert more than 5 minutes! See details below: 
CRITICAL
for 3m 57s
Check if we still can connect to ftp.sword.dbschenker.com host using ssh.
on
b2biprdxsr5.sl3.comp.db.de
CRITICAL : Server answer:
Request Successful!05-24 16:00:16
Request Successful!05-24 16:01:19
Request Successful!05-24 16:02:22
Request Successful!05-24 16:03:23
Request Successful!05-24 16:04:25
Request Successful!05-24 16:05:28
Request Successful!05-24 16:06:30
Request Successful!05-24 16:07:32
Request Successful!05-24 16:08:34
Request Successful!05-24 16:09:36
Request Successful!05-24 16:10:38
Request Successful!05-24 16:11:40
Request Successful!05-24 16:12:42
Request Successful!05-24 16:13:44
Request Successful!05-24 16:14:46
Request Successful!05-24 16:15:47
Request Successful!05-24 16:16:49
Request Successful!05-24 16:17:51
Request Successful!05-24 16:18:52
Request Successful!05-24 16:19:54
Request Successful!05-24 16:20:56
Request Successful!05-24 16:21:58
Request Successful!05-24 16:23:00
Request Successful!05-24 16:24:01
Request Successful!05-24 16:25:03
Request Successful!05-24 16:26:06
Request Successful!05-24 16:27:08
Request Successful!05-24 16:28:09
Request Successful!05-24 16:29:11
Request Successful!05-24 16:30:13
Request Successful!05-24 16:31:14
Request Successful!05-24 16:32:16
Request Successful!05-24 16:33:18
New alert more than 5 minutes! See details below: 
CRITICAL
for 3m 54s
Check if we still can connect to ftp.sword.dbschenker.com using ftp.
on
b2biprdxsr7.sl3.comp.db.de
CRITICAL : No data received from host
Request Successful!05-24 16:35:01
Request Successful!05-24 16:36:02
Request Successful!05-24 16:37:04
Request Successful!05-24 16:38:06
Request Successful!05-24 16:39:08
Request Successful!05-24 16:40:10
Request Successful!05-24 16:41:12
Request Successful!05-24 16:42:14
Request Successful!05-24 16:43:17
Request Successful!05-24 16:44:21
Request Successful!05-24 16:45:25
Request Successful!05-24 16:46:27
Request Successful!05-24 16:47:30
Request Successful!05-24 16:48:32
Request Successful!05-24 16:49:34
Request Successful!05-24 16:50:36
Request Successful!05-24 16:51:38
Request Successful!05-24 16:52:41
Request Successful!05-24 16:53:43
Request Successful!05-24 16:54:45
Request Successful!05-24 16:55:48
Request Successful!05-24 16:56:50
Request Successful!05-24 16:57:52
Request Successful!05-24 16:58:55
Request Successful!05-24 16:59:57
Request Successful!05-24 17:00:59
Request Successful!05-24 17:02:01
Request Successful!05-24 17:03:02
Request Successful!05-24 17:04:04
Request Successful!05-24 17:05:06
Request Successful!05-24 17:06:11
Request Successful!05-24 17:07:12
Request Successful!05-24 17:08:14
Request Successful!05-24 17:09:16
Request Successful!05-24 17:10:18
Request Successful!05-24 17:11:20
Request Successful!05-24 17:12:22
Request Successful!05-24 17:13:24
Request Successful!05-24 17:14:26
Request Successful!05-24 17:15:28
Request Successful!05-24 17:16:30
Request Successful!05-24 17:17:32
Request Successful!05-24 17:18:34
Request Successful!05-24 17:19:37
Request Successful!05-24 17:20:40
Request Successful!05-24 17:21:42
Request Successful!05-24 17:22:45
Request Successful!05-24 17:23:48
Request Successful!05-24 17:24:50
Request Successful!05-24 17:25:53
Request Successful!05-24 17:26:56
Request Successful!05-24 17:27:58
Request Successful!05-24 17:29:01
Request Successful!05-24 17:30:04
Request Successful!05-24 17:31:07
Request Successful!05-24 17:32:09
Request Successful!05-24 17:33:12
Request Successful!05-24 17:34:15
Request Successful!05-24 17:35:18
Request Successful!05-24 17:36:20
Request Successful!05-24 17:37:22
Request Successful!05-24 17:38:24
Request Successful!05-24 17:39:26
Request Successful!05-24 17:40:28
Request Successful!05-24 17:41:30
Request Successful!05-24 17:42:32
Request Successful!05-24 17:43:34
Request Successful!05-24 17:44:36
Request Successful!05-24 17:45:37
Request Successful!05-24 17:46:39
Request Successful!05-24 17:47:41
Request Successful!05-24 17:48:42
Request Successful!05-24 17:49:44
Request Successful!05-24 17:50:46
Request Successful!05-24 17:51:48
Request Successful!05-24 17:52:50
Request Successful!05-24 17:53:52
Request Successful!05-24 17:54:54
Request Successful!05-24 17:55:56
Request Successful!05-24 17:56:58
Request Successful!05-24 17:58:00
Request Successful!05-24 17:59:02
Request Successful!05-24 18:00:04
Request Successful!05-24 18:01:05
Request Successful!05-24 18:02:07
Request Successful!05-24 18:03:09
Request Successful!05-24 18:04:11
Request Successful!05-24 18:05:12
Request Successful!05-24 18:06:14
Request Successful!05-24 18:07:16
Request Successful!05-24 18:08:18
Request Successful!05-24 18:09:20
Request Successful!05-24 18:10:21
Request Successful!05-24 18:11:23
Request Successful!05-24 18:12:25
Request Successful!05-24 18:13:27
Request Successful!05-24 18:14:28
Request Successful!05-24 18:15:30
Request Successful!05-24 18:16:32
Request Successful!05-24 18:17:34
Request Successful!05-24 18:18:35
Request Successful!05-24 18:19:37
Request Successful!05-24 18:20:39
Request Successful!05-24 18:21:41
Request Successful!05-24 18:22:43
Request Successful!05-24 18:23:45
Request Successful!05-24 18:24:46
Request Successful!05-24 18:25:48
Request Successful!05-24 18:26:50
Request Successful!05-24 18:27:52
Request Successful!05-24 18:28:53
Request Successful!05-24 18:29:55
Request Successful!05-24 18:30:57
Request Successful!05-24 18:31:58
Request Successful!05-24 18:33:00
Request Successful!05-24 18:34:02
Request Successful!05-24 18:35:04
Request Successful!05-24 18:36:05
Request Successful!05-24 18:37:07
Request Successful!05-24 18:38:09
Request Successful!05-24 18:39:11
Request Successful!05-24 18:40:12
Request Successful!05-24 18:41:14
Request Successful!05-24 18:42:16
Request Successful!05-24 18:43:18
Request Successful!05-24 18:44:19
Request Successful!05-24 18:45:21
Request Successful!05-24 18:46:23
Request Successful!05-24 18:47:24
Request Successful!05-24 18:48:26
Request Successful!05-24 18:49:28
Request Successful!05-24 18:50:30
Request Successful!05-24 18:51:31
Request Successful!05-24 18:52:33
Request Successful!05-24 18:53:35
Request Successful!05-24 18:54:39
Request Successful!05-24 18:55:40
Request Successful!05-24 18:56:42
Request Successful!05-24 18:57:44
Request Successful!05-24 18:58:46
Request Successful!05-24 18:59:48
Request Successful!05-24 19:00:50
Request Successful!05-24 19:01:52
Request Successful!05-24 19:02:54
Request Successful!05-24 19:03:55
Request Successful!05-24 19:04:58
Request Successful!05-24 19:05:59
Request Successful!05-24 19:07:01
Request Successful!05-24 19:08:03
Request Successful!05-24 19:09:05
Request Successful!05-24 19:10:06
Request Successful!05-24 19:11:08
Request Successful!05-24 19:12:10
Request Successful!05-24 19:13:12
Request Successful!05-24 19:14:13
Request Successful!05-24 19:15:16
Request Successful!05-24 19:16:17
Request Successful!05-24 19:17:19
Request Successful!05-24 19:18:21
Request Successful!05-24 19:19:23
Request Successful!05-24 19:20:24
Request Successful!05-24 19:21:26
Request Successful!05-24 19:22:28
Request Successful!05-24 19:23:29
Request Successful!05-24 19:24:31
Request Successful!05-24 19:25:33
Request Successful!05-24 19:26:34
Request Successful!05-24 19:27:36
Request Successful!05-24 19:28:38
Request Successful!05-24 19:29:39
Request Successful!05-24 19:30:41
Request Successful!05-24 19:31:43
Request Successful!05-24 19:32:44
Request Successful!05-24 19:33:46
Request Successful!05-24 19:34:48
Request Successful!05-24 19:35:49
Request Successful!05-24 19:36:51
Request Successful!05-24 19:37:53
Request Successful!05-24 19:38:54
Request Successful!05-24 19:39:56
Request Successful!05-24 19:40:58
Request Successful!05-24 19:42:00
Request Successful!05-24 19:43:01
Request Successful!05-24 19:44:03
Request Successful!05-24 19:45:05
Request Successful!05-24 19:46:07
Request Successful!05-24 19:47:08
Request Successful!05-24 19:48:10
Request Successful!05-24 19:49:12
Request Successful!05-24 19:50:14
Request Successful!05-24 19:51:16
Request Successful!05-24 19:52:18
Request Successful!05-24 19:53:20
Request Successful!05-24 19:54:22
Request Successful!05-24 19:55:24
Request Successful!05-24 19:56:26
Request Successful!05-24 19:57:28
Request Successful!05-24 19:58:29
Request Successful!05-24 19:59:31
Request Successful!05-24 20:00:33
Request Successful!05-24 20:01:35
Request Successful!05-24 20:02:37
Request Successful!05-24 20:03:39
Request Successful!05-24 20:04:41
Request Successful!05-24 20:05:43
Request Successful!05-24 20:06:45
Request Successful!05-24 20:07:47
Request Successful!05-24 20:08:48
New alert more than 5 minutes! See details below: 
CRITICAL
for 3m 28s
Checking for files in JMSClient error directories under /app/sword/schenker/jmsclients
on
Communication Server 1 Production
CRIT : 1 JMSClients with issues! Found a total of 2 files in todays (2024/05/24) error subdirectories.
Request Successful!05-24 20:10:02
New alert more than 5 minutes! See details below: 
CRITICAL
for 4m 41s
Checking for files in JMSClient error directories under /app/sword/schenker/jmsclients
on
Communication Server 1 Production
CRIT : 1 JMSClients with issues! Found a total of 2 files in todays (2024/05/24) error subdirectories.
Request Successful!05-24 20:11:14
New alert more than 5 minutes! See details below: 
CRITICAL
for 5m 54s
Checking for files in JMSClient error directories under /app/sword/schenker/jmsclients
on
Communication Server 1 Production
CRIT : 1 JMSClients with issues! Found a total of 2 files in todays (2024/05/24) error subdirectories.
Request Successful!05-24 20:12:27
Request Successful!05-24 20:13:29
Request Successful!05-24 20:14:31
Request Successful!05-24 20:15:33
Request Successful!05-24 20:16:35
Request Successful!05-24 20:17:37
Request Successful!05-24 20:18:39
Request Successful!05-24 20:19:42
Request Successful!05-24 20:20:44
Request Successful!05-24 20:21:45
Request Successful!05-24 20:22:48
Request Successful!05-24 20:23:50
Request Successful!05-24 20:24:52
Request Successful!05-24 20:25:54
Request Successful!05-24 20:26:56
Request Successful!05-24 20:27:58
Request Successful!05-24 20:29:00
Request Successful!05-24 20:30:02
Request Successful!05-24 20:31:04
Request Successful!05-24 20:32:06
Request Successful!05-24 20:33:07
Request Successful!05-24 20:34:09
Request Successful!05-24 20:35:11
Request Successful!05-24 20:36:13
Request Successful!05-24 20:37:15
Request Successful!05-24 20:38:17
Request Successful!05-24 20:39:19
Request Successful!05-24 20:40:21
Request Successful!05-24 20:41:22
Request Successful!05-24 20:42:24
Request Successful!05-24 20:43:26
Request Successful!05-24 20:44:28
Request Successful!05-24 20:45:30
Request Successful!05-24 20:46:32
Request Successful!05-24 20:47:34
Request Successful!05-24 20:48:36
Request Successful!05-24 20:49:38
Request Successful!05-24 20:50:40
Request Successful!05-24 20:51:42
Request Successful!05-24 20:52:44
Request Successful!05-24 20:53:46
Request Successful!05-24 20:54:47
Request Successful!05-24 20:55:49
Request Successful!05-24 20:56:51
Request Successful!05-24 20:57:53
Request Successful!05-24 20:58:55
Request Successful!05-24 20:59:57
Request Successful!05-24 21:00:59
Request Successful!05-24 21:02:01
Request Successful!05-24 21:03:03
Request Successful!05-24 21:04:05
Request Successful!05-24 21:05:07
Request Successful!05-24 21:06:09
Request Successful!05-24 21:07:11
Request Successful!05-24 21:08:13
Request Successful!05-24 21:09:15
Request Successful!05-24 21:10:17
Request Successful!05-24 21:11:19
Request Successful!05-24 21:12:21
Request Successful!05-24 21:13:23
Request Successful!05-24 21:14:25
Request Successful!05-24 21:15:27
Request Successful!05-24 21:16:29
Request Successful!05-24 21:17:31
Request Successful!05-24 21:18:34
Request Successful!05-24 21:19:36
Request Successful!05-24 21:20:38
Request Successful!05-24 21:21:40
Request Successful!05-24 21:22:42
Request Successful!05-24 21:23:45
Request Successful!05-24 21:24:48
Request Successful!05-24 21:25:50
Request Successful!05-24 21:26:52
Request Successful!05-24 21:27:55
Request Successful!05-24 21:28:56
Request Successful!05-24 21:29:59
Request Successful!05-24 21:31:00
Request Successful!05-24 21:32:02
Request Successful!05-24 21:33:04
Request Successful!05-24 21:34:06
Request Successful!05-24 21:35:09
Request Successful!05-24 21:36:10
Request Successful!05-24 21:37:12
Request Successful!05-24 21:38:14
Request Successful!05-24 21:39:17
Request Successful!05-24 21:40:19
Request Successful!05-24 21:41:21
Request Successful!05-24 21:42:23
Request Successful!05-24 21:43:25
Request Successful!05-24 21:44:27
Request Successful!05-24 21:45:29
Request Successful!05-24 21:46:31
Request Successful!05-24 21:47:33
Request Successful!05-24 21:48:34
Request Successful!05-24 21:49:36
Request Successful!05-24 21:50:38
Request Successful!05-24 21:51:40
Request Successful!05-24 21:52:43
Request Successful!05-24 21:53:45
Request Successful!05-24 21:54:47
Request Successful!05-24 21:55:48
Request Successful!05-24 21:56:50
Request Successful!05-24 21:57:52
Request Successful!05-24 21:58:54
Request Successful!05-24 21:59:56
Request Successful!05-24 22:00:58
Request Successful!05-24 22:01:59
Request Successful!05-24 22:03:02
Request Successful!05-24 22:04:04
Request Successful!05-24 22:05:06
Request Successful!05-24 22:06:08
Request Successful!05-24 22:07:09
Request Successful!05-24 22:08:11
Request Successful!05-24 22:09:13
Request Successful!05-24 22:10:15
Request Successful!05-24 22:11:17
Request Successful!05-24 22:12:19
Request Successful!05-24 22:13:20
Request Successful!05-24 22:14:22
Request Successful!05-24 22:15:24
Request Successful!05-24 22:16:26
Request Successful!05-24 22:17:28
Request Successful!05-24 22:18:30
Request Successful!05-24 22:19:32
Request Successful!05-24 22:20:34
Request Successful!05-24 22:21:36
Request Successful!05-24 22:22:37
Request Successful!05-24 22:23:39
Request Successful!05-24 22:24:41
Request Successful!05-24 22:25:43
Request Successful!05-24 22:26:44
Request Successful!05-24 22:27:46
Request Successful!05-24 22:28:48
Request Successful!05-24 22:29:50
Request Successful!05-24 22:30:52
Request Successful!05-24 22:31:53
Request Successful!05-24 22:32:55
Request Successful!05-24 22:33:57
Request Successful!05-24 22:34:59
Request Successful!05-24 22:36:01
Request Successful!05-24 22:37:03
Request Successful!05-24 22:38:05
Request Successful!05-24 22:39:06
Request Successful!05-24 22:40:08
Request Successful!05-24 22:41:10
Request Successful!05-24 22:42:12
Request Successful!05-24 22:43:13
Request Successful!05-24 22:44:15
Request Successful!05-24 22:45:17
Request Successful!05-24 22:46:18
Request Successful!05-24 22:47:20
Request Successful!05-24 22:48:22
Request Successful!05-24 22:49:23
Request Successful!05-24 22:50:25
Request Successful!05-24 22:51:27
Request Successful!05-24 22:52:29
Request Successful!05-24 22:53:31
Request Successful!05-24 22:54:33
Request Successful!05-24 22:55:34
Request Successful!05-24 22:56:36
Request Successful!05-24 22:57:38
Request Successful!05-24 22:58:39
Request Successful!05-24 22:59:41
Request Successful!05-24 23:00:43
Request Successful!05-24 23:01:44
Request Successful!05-24 23:02:46
Request Successful!05-24 23:03:47
Request Successful!05-24 23:04:49
Request Successful!05-24 23:05:51
Request Successful!05-24 23:06:52
Request Successful!05-24 23:07:54
Request Successful!05-24 23:08:56
Request Successful!05-24 23:09:57
Request Successful!05-24 23:10:59
Request Successful!05-24 23:12:01
Request Successful!05-24 23:13:02
Request Successful!05-24 23:14:04
New alert more than 5 minutes! See details below: 
CRITICAL
for 3m 14s
B2Bi queue health: "B2Bi CI HME - PROD_Framework_Parallel_001.Z_Local_402_Serial_Out_20_InhouseEnveloper(Inhouse)_4_SAG_ETGOIT_HM"
on
B2Bi Application Server - Stream 1B
CRITICAL - Queue "B2Bi CI HME - PROD_Framework_Parallel_001.Z_Local_402_Serial_Out_20_InhouseEnveloper(Inhouse)_4_SAG_ETGOIT_HM" ("hierchmessage_11217"/"queue_13"):
Request Successful!05-24 23:15:17
New alert more than 5 minutes! See details below: 
CRITICAL
for 4m 27s
B2Bi queue health: "B2Bi CI HME - PROD_Framework_Parallel_001.Z_Local_402_Serial_Out_20_InhouseEnveloper(Inhouse)_4_SAG_ETGOIT_HM"
on
B2Bi Application Server - Stream 1B
CRITICAL - Queue "B2Bi CI HME - PROD_Framework_Parallel_001.Z_Local_402_Serial_Out_20_InhouseEnveloper(Inhouse)_4_SAG_ETGOIT_HM" ("hierchmessage_11217"/"queue_13"):
Request Successful!05-24 23:16:30
New alert more than 5 minutes! See details below: 
CRITICAL
for 5m 40s
B2Bi queue health: "B2Bi CI HME - PROD_Framework_Parallel_001.Z_Local_402_Serial_Out_20_InhouseEnveloper(Inhouse)_4_SAG_ETGOIT_HM"
on
B2Bi Application Server - Stream 1B
CRITICAL - Queue "B2Bi CI HME - PROD_Framework_Parallel_001.Z_Local_402_Serial_Out_20_InhouseEnveloper(Inhouse)_4_SAG_ETGOIT_HM" ("hierchmessage_11217"/"queue_13"):
Request Successful!05-24 23:17:42
New alert more than 5 minutes! See details below: 
CRITICAL
for 6m 52s
B2Bi queue health: "B2Bi CI HME - PROD_Framework_Parallel_001.Z_Local_402_Serial_Out_20_InhouseEnveloper(Inhouse)_4_SAG_ETGOIT_HM"
on
B2Bi Application Server - Stream 1B
CRITICAL - Queue "B2Bi CI HME - PROD_Framework_Parallel_001.Z_Local_402_Serial_Out_20_InhouseEnveloper(Inhouse)_4_SAG_ETGOIT_HM" ("hierchmessage_11217"/"queue_13"):
Request Successful!05-24 23:18:55
Request Successful!05-24 23:19:56
Request Successful!05-24 23:20:58
Request Successful!05-24 23:22:00
Request Successful!05-24 23:23:01
Request Successful!05-24 23:24:03
Request Successful!05-24 23:25:05
Request Successful!05-24 23:26:07
Request Successful!05-24 23:27:09
Request Successful!05-24 23:28:10
Request Successful!05-24 23:29:12
Request Successful!05-24 23:30:14
Request Successful!05-24 23:31:16
Request Successful!05-24 23:32:18
Request Successful!05-24 23:33:19
