Request Successful!03-31 15:34:55
Request Successful!03-31 15:35:57
Request Successful!03-31 15:36:58
Request Successful!03-31 15:38:00
Request Successful!03-31 15:39:01
Request Successful!03-31 15:40:03
Request Successful!03-31 15:41:04
Request Successful!03-31 15:42:06
Request Successful!03-31 15:43:08
Request Successful!03-31 15:44:09
Request Successful!03-31 15:45:11
Request Successful!03-31 15:46:12
Request Successful!03-31 15:47:14
Request Successful!03-31 15:48:16
New alert more than 5 minutes! See details below: 
CRITICAL
for 1m 58s
Soft 1/2
B2Bi queue health: "B2Bi CI HME - PROD_Framework_Parallel_001.401_SerialSTD_Dyn_10_ExecuteMasterDynMBC_HM"
on
B2Bi Application Server - Stream 1C
CRITICAL - Queue "B2Bi CI HME - PROD_Framework_Parallel_001.401_SerialSTD_Dyn_10_ExecuteMasterDynMBC_HM" ("hierchmessage_7335"/"queue_13"):
Request Successful!03-31 15:49:28
Request Successful!03-31 15:50:30
Request Successful!03-31 15:51:31
Request Successful!03-31 15:52:33
Request Successful!03-31 15:53:35
Request Successful!03-31 15:54:36
Request Successful!03-31 15:55:38
Request Successful!03-31 15:56:39
Request Successful!03-31 15:57:41
Request Successful!03-31 15:58:43
Request Successful!03-31 15:59:44
Request Successful!03-31 16:00:46
Request Successful!03-31 16:01:48
Request Successful!03-31 16:02:50
Request Successful!03-31 16:03:51
Request Successful!03-31 16:04:53
Request Successful!03-31 16:05:55
Request Successful!03-31 16:06:56
Request Successful!03-31 16:07:58
Request Successful!03-31 16:09:00
Request Successful!03-31 16:10:01
Request Successful!03-31 16:11:03
Request Successful!03-31 16:12:05
Request Successful!03-31 16:13:07
Request Successful!03-31 16:14:08
Request Successful!03-31 16:15:10
Request Successful!03-31 16:16:12
Request Successful!03-31 16:17:13
Request Successful!03-31 16:18:15
Request Successful!03-31 16:19:17
Request Successful!03-31 16:20:19
Request Successful!03-31 16:21:21
Request Successful!03-31 16:22:22
Request Successful!03-31 16:23:24
Request Successful!03-31 16:24:26
Request Successful!03-31 16:25:27
Request Successful!03-31 16:26:29
Request Successful!03-31 16:27:31
Request Successful!03-31 16:28:33
Request Successful!03-31 16:29:34
Request Successful!03-31 16:30:36
Request Successful!03-31 16:31:38
Request Successful!03-31 16:32:39
Request Successful!03-31 16:33:41
Request Successful!03-31 16:34:43
Request Successful!03-31 16:35:44
Request Successful!03-31 16:36:46
Request Successful!03-31 16:37:48
Request Successful!03-31 16:38:49
Request Successful!03-31 16:39:51
Request Successful!03-31 16:40:53
Request Successful!03-31 16:41:55
Request Successful!03-31 16:42:56
Request Successful!03-31 16:43:58
Request Successful!03-31 16:45:00
Request Successful!03-31 16:46:01
Request Successful!03-31 16:47:03
Request Successful!03-31 16:48:05
Request Successful!03-31 16:49:06
Request Successful!03-31 16:50:08
Request Successful!03-31 16:51:10
Request Successful!03-31 16:52:11
Request Successful!03-31 16:53:13
Request Successful!03-31 16:54:15
Request Successful!03-31 16:55:17
Request Successful!03-31 16:56:18
Request Successful!03-31 16:57:20
New alert more than 5 minutes! See details below: 
CRITICAL
for 1m 40s
Soft 1/2
B2Bi queue health: "B2Bi Logger 14"
on
B2Bi Application Server - Stream 1B
CRITICAL - Queue "B2Bi Logger 14" ("logger_1521"/"queue_13"):
Request Successful!03-31 16:58:32
Request Successful!03-31 16:59:33
Request Successful!03-31 17:00:35
Request Successful!03-31 17:01:37
Request Successful!03-31 17:02:38
Request Successful!03-31 17:03:40
Request Successful!03-31 17:04:42
Request Successful!03-31 17:05:43
Request Successful!03-31 17:06:45
Request Successful!03-31 17:07:47
Request Successful!03-31 17:08:49
Request Successful!03-31 17:09:50
Request Successful!03-31 17:10:52
Request Successful!03-31 17:11:54
Request Successful!03-31 17:12:55
Request Successful!03-31 17:13:56
Request Successful!03-31 17:14:58
Request Successful!03-31 17:16:00
Request Successful!03-31 17:17:01
Request Successful!03-31 17:18:03
New alert more than 5 minutes! See details below: 
CRITICAL
for 1m 13s
Soft 1/2
B2Bi queue health: "B2Bi CI HME - PROD_Framework_Parallel_001.401_SerialSTD_Dyn_10_ExecuteMasterDynMBC_HM"
on
B2Bi Application Server - Stream 1C
CRITICAL - Queue "B2Bi CI HME - PROD_Framework_Parallel_001.401_SerialSTD_Dyn_10_ExecuteMasterDynMBC_HM" ("hierchmessage_7335"/"queue_13"):
Request Successful!03-31 17:19:15
Request Successful!03-31 17:20:17
Request Successful!03-31 17:21:18
Request Successful!03-31 17:22:20
Request Successful!03-31 17:23:22
Request Successful!03-31 17:24:24
Request Successful!03-31 17:25:25
Request Successful!03-31 17:26:27
Request Successful!03-31 17:27:29
Request Successful!03-31 17:28:30
Request Successful!03-31 17:29:32
Request Successful!03-31 17:30:34
Request Successful!03-31 17:31:35
Request Successful!03-31 17:32:37
Request Successful!03-31 17:33:39
Request Successful!03-31 17:34:40
Request Successful!03-31 17:35:42
Request Successful!03-31 17:36:44
Request Successful!03-31 17:37:45
Request Successful!03-31 17:38:47
Request Successful!03-31 17:39:49
Request Successful!03-31 17:40:50
Request Successful!03-31 17:41:52
Request Successful!03-31 17:42:54
Request Successful!03-31 17:43:55
Request Successful!03-31 17:44:57
Request Successful!03-31 17:45:59
Request Successful!03-31 17:47:00
Request Successful!03-31 17:48:02
Request Successful!03-31 17:49:04
Request Successful!03-31 17:50:05
Request Successful!03-31 17:51:07
Request Successful!03-31 17:52:09
Request Successful!03-31 17:53:10
Request Successful!03-31 17:54:12
Request Successful!03-31 17:55:14
Request Successful!03-31 17:56:16
Request Successful!03-31 17:57:17
Request Successful!03-31 17:58:19
Request Successful!03-31 17:59:21
Request Successful!03-31 18:00:22
Request Successful!03-31 18:01:24
Request Successful!03-31 18:02:26
Request Successful!03-31 18:03:27
Request Successful!03-31 18:04:29
Request Successful!03-31 18:05:31
Request Successful!03-31 18:06:32
Request Successful!03-31 18:07:34
Request Successful!03-31 18:08:36
Request Successful!03-31 18:09:37
Request Successful!03-31 18:10:39
Request Successful!03-31 18:11:41
Request Successful!03-31 18:12:42
Request Successful!03-31 18:13:44
Request Successful!03-31 18:14:46
Request Successful!03-31 18:15:48
Request Successful!03-31 18:16:49
Request Successful!03-31 18:17:51
Request Successful!03-31 18:18:53
Request Successful!03-31 18:19:54
Request Successful!03-31 18:20:56
Request Successful!03-31 18:21:58
Request Successful!03-31 18:22:59
Request Successful!03-31 18:24:01
Request Successful!03-31 18:25:03
Request Successful!03-31 18:26:04
Request Successful!03-31 18:27:06
Request Successful!03-31 18:28:08
Request Successful!03-31 18:29:09
Request Successful!03-31 18:30:11
Request Successful!03-31 18:31:13
Request Successful!03-31 18:32:14
New alert more than 5 minutes! See details below: 
CRITICAL
for 1m 17s
Soft 1/2
B2Bi queue health: "B2Bi Logger 10"
on
B2Bi Application Server - Stream 1B
CRITICAL - Queue "B2Bi Logger 10" ("logger_1513"/"queue_13"):
Request Successful!03-31 18:33:26
Request Successful!03-31 18:34:28
Request Successful!03-31 18:35:29
Request Successful!03-31 18:36:31
Request Successful!03-31 18:37:33
Request Successful!03-31 18:38:34
Request Successful!03-31 18:39:36
Request Successful!03-31 18:40:38
Request Successful!03-31 18:41:39
Request Successful!03-31 18:42:41
Request Successful!03-31 18:43:42
Request Successful!03-31 18:44:44
Request Successful!03-31 18:45:46
Request Successful!03-31 18:46:48
Request Successful!03-31 18:47:49
Request Successful!03-31 18:48:51
Request Successful!03-31 18:49:53
Request Successful!03-31 18:50:54
Request Successful!03-31 18:51:56
Request Successful!03-31 18:52:58
Request Successful!03-31 18:54:00
Request Successful!03-31 18:55:01
Request Successful!03-31 18:56:03
Request Successful!03-31 18:57:05
New alert more than 5 minutes! See details below: 
CRITICAL
for 1m 26s
Soft 1/2
B2Bi queue health: "B2Bi Logger 14"
on
B2Bi Application Server - Stream 1B
CRITICAL - Queue "B2Bi Logger 14" ("logger_1521"/"queue_13"):
Request Successful!03-31 18:58:16
Request Successful!03-31 18:59:18
Request Successful!03-31 19:00:20
New alert more than 5 minutes! See details below: 
CRITICAL
for 1m 26s
Soft 1/2
B2Bi queue health: "B2Bi CI HME - PROD_Framework_Parallel_001.Z_Local_202_Serial_Inb_05_ReNum_HM"
on
B2Bi Application Server - Stream 1A
CRITICAL - Queue "B2Bi CI HME - PROD_Framework_Parallel_001.Z_Local_202_Serial_Inb_05_ReNum_HM" ("hierchmessage_12933"/"queue_13"):
Request Successful!03-31 19:01:32
Request Successful!03-31 19:02:33
Request Successful!03-31 19:03:35
Request Successful!03-31 19:04:37
Request Successful!03-31 19:05:39
Request Successful!03-31 19:06:40
Request Successful!03-31 19:07:42
Request Successful!03-31 19:08:44
Request Successful!03-31 19:09:45
Request Successful!03-31 19:10:47
Request Successful!03-31 19:11:49
Request Successful!03-31 19:12:50
Request Successful!03-31 19:13:52
Request Successful!03-31 19:14:54
Request Successful!03-31 19:15:55
Request Successful!03-31 19:16:57
Request Successful!03-31 19:17:59
Request Successful!03-31 19:19:00
Request Successful!03-31 19:20:02
Request Successful!03-31 19:21:04
Request Successful!03-31 19:22:05
Request Successful!03-31 19:23:07
Request Successful!03-31 19:24:09
Request Successful!03-31 19:25:10
Request Successful!03-31 19:26:12
Request Successful!03-31 19:27:14
Request Successful!03-31 19:28:15
Request Successful!03-31 19:29:17
Request Successful!03-31 19:30:19
Request Successful!03-31 19:31:20
Request Successful!03-31 19:32:22
Request Successful!03-31 19:33:23
Request Successful!03-31 19:34:25
Request Successful!03-31 19:35:27
Request Successful!03-31 19:36:28
Request Successful!03-31 19:37:30
Request Successful!03-31 19:38:32
Request Successful!03-31 19:39:33
Request Successful!03-31 19:40:35
New alert more than 5 minutes! See details below: 
CRITICAL
for 1m 41s
Soft 1/2
B2Bi queue health: "B2Bi Logger 3"
on
B2Bi Application Server - Stream 2A (Multicluster - VIP)
CRITICAL - Queue "B2Bi Logger 3" ("logger_1014"/"queue_16"):
Request Successful!03-31 19:41:47
Request Successful!03-31 19:42:48
Request Successful!03-31 19:43:50
Request Successful!03-31 19:44:52
Request Successful!03-31 19:45:53
Request Successful!03-31 19:46:55
Request Successful!03-31 19:47:57
Request Successful!03-31 19:48:58
Request Successful!03-31 19:50:00
Request Successful!03-31 19:51:02
Request Successful!03-31 19:52:03
Request Successful!03-31 19:53:05
Request Successful!03-31 19:54:07
Request Successful!03-31 19:55:08
Request Successful!03-31 19:56:10
Request Successful!03-31 19:57:12
Request Successful!03-31 19:58:13
Request Successful!03-31 19:59:15
Request Successful!03-31 20:00:17
Request Successful!03-31 20:01:18
Request Successful!03-31 20:02:20
Request Successful!03-31 20:03:22
Request Successful!03-31 20:04:24
Request Successful!03-31 20:05:25
Request Successful!03-31 20:06:27
Request Successful!03-31 20:07:29
Request Successful!03-31 20:08:30
Request Successful!03-31 20:09:32
Request Successful!03-31 20:10:34
Request Successful!03-31 20:11:35
Request Successful!03-31 20:12:37
Request Successful!03-31 20:13:38
Request Successful!03-31 20:14:40
Request Successful!03-31 20:15:42
Request Successful!03-31 20:16:44
Request Successful!03-31 20:17:45
Request Successful!03-31 20:18:47
Request Successful!03-31 20:19:49
Request Successful!03-31 20:20:50
Request Successful!03-31 20:21:52
Request Successful!03-31 20:22:53
Request Successful!03-31 20:23:55
Request Successful!03-31 20:24:57
Request Successful!03-31 20:25:59
Request Successful!03-31 20:27:00
Request Successful!03-31 20:28:02
Request Successful!03-31 20:29:03
Request Successful!03-31 20:30:05
Request Successful!03-31 20:31:07
Request Successful!03-31 20:32:09
Request Successful!03-31 20:33:10
Request Successful!03-31 20:34:12
Request Successful!03-31 20:35:14
Request Successful!03-31 20:36:15
Request Successful!03-31 20:37:17
Request Successful!03-31 20:38:19
Request Successful!03-31 20:39:20
Request Successful!03-31 20:40:22
Request Successful!03-31 20:41:23
Request Successful!03-31 20:42:25
Request Successful!03-31 20:43:27
Request Successful!03-31 20:44:29
Request Successful!03-31 20:45:30
Request Successful!03-31 20:46:32
New alert more than 5 minutes! See details below: 
CRITICAL
for 1m 55s
Soft 1/2
B2Bi queue health: "B2Bi Logger 9"
on
B2Bi Application Server - Stream 1A
CRITICAL - Queue "B2Bi Logger 9" ("logger_962"/"queue_13"):
Request Successful!03-31 20:47:44
Request Successful!03-31 20:48:46
Request Successful!03-31 20:49:47
Request Successful!03-31 20:50:49
Request Successful!03-31 20:51:51
Request Successful!03-31 20:52:52
Request Successful!03-31 20:53:54
Request Successful!03-31 20:54:56
Request Successful!03-31 20:55:58
Request Successful!03-31 20:56:59
Request Successful!03-31 20:58:01
Request Successful!03-31 20:59:03
Request Successful!03-31 21:00:05
Request Successful!03-31 21:01:07
Request Successful!03-31 21:02:08
Request Successful!03-31 21:03:10
Request Successful!03-31 21:04:12
Request Successful!03-31 21:05:13
Request Successful!03-31 21:06:15
Request Successful!03-31 21:07:17
Request Successful!03-31 21:08:18
Request Successful!03-31 21:09:20
Request Successful!03-31 21:10:22
Request Successful!03-31 21:11:24
Request Successful!03-31 21:12:25
Request Successful!03-31 21:13:27
Request Successful!03-31 21:14:29
Request Successful!03-31 21:15:30
Request Successful!03-31 21:16:32
Request Successful!03-31 21:17:34
Request Successful!03-31 21:18:35
Request Successful!03-31 21:19:37
Request Successful!03-31 21:20:39
Request Successful!03-31 21:21:40
New alert more than 5 minutes! See details below: 
CRITICAL
for 1m 14s
Soft 1/2
B2Bi queue health: "B2Bi CI HME - PROD_Framework_Parallel_001.Z_Local_402_Serial_Out_20_InhouseEnveloper(Inhouse)_4_SAG_ETGOIT_HM"
on
B2Bi Application Server - Stream 1B
CRITICAL - Queue "B2Bi CI HME - PROD_Framework_Parallel_001.Z_Local_402_Serial_Out_20_InhouseEnveloper(Inhouse)_4_SAG_ETGOIT_HM" ("hierchmessage_11217"/"queue_13"):
Request Successful!03-31 21:22:52
New alert more than 5 minutes! See details below: 
CRITICAL
for 2m 26s
B2Bi queue health: "B2Bi CI HME - PROD_Framework_Parallel_001.Z_Local_402_Serial_Out_20_InhouseEnveloper(Inhouse)_4_SAG_ETGOIT_HM"
on
B2Bi Application Server - Stream 1B
CRITICAL - Queue "B2Bi CI HME - PROD_Framework_Parallel_001.Z_Local_402_Serial_Out_20_InhouseEnveloper(Inhouse)_4_SAG_ETGOIT_HM" ("hierchmessage_11217"/"queue_13"):
Request Successful!03-31 21:24:04
Request Successful!03-31 21:25:05
Request Successful!03-31 21:26:07
Request Successful!03-31 21:27:09
Request Successful!03-31 21:28:10
Request Successful!03-31 21:29:12
Request Successful!03-31 21:30:14
Request Successful!03-31 21:31:15
Request Successful!03-31 21:32:17
Request Successful!03-31 21:33:19
Request Successful!03-31 21:34:20
Request Successful!03-31 21:35:22
Request Successful!03-31 21:36:24
Request Successful!03-31 21:37:25
Request Successful!03-31 21:38:27
Request Successful!03-31 21:39:29
Request Successful!03-31 21:40:30
Request Successful!03-31 21:41:32
Request Successful!03-31 21:42:33
Request Successful!03-31 21:43:35
Request Successful!03-31 21:44:36
Request Successful!03-31 21:45:38
Request Successful!03-31 21:46:40
New alert more than 5 minutes! See details below: 
CRITICAL
for 1m 5s
Soft 1/2
B2Bi queue health: "B2Bi Logger 7"
on
B2Bi Application Server - Stream 1C
CRITICAL - Queue "B2Bi Logger 7" ("logger_1559"/"queue_13"):
Request Successful!03-31 21:47:51
Request Successful!03-31 21:48:53
Request Successful!03-31 21:49:54
Request Successful!03-31 21:50:56
Request Successful!03-31 21:51:58
Request Successful!03-31 21:52:59
Request Successful!03-31 21:54:01
Request Successful!03-31 21:55:03
Request Successful!03-31 21:56:04
Request Successful!03-31 21:57:06
Request Successful!03-31 21:58:08
Request Successful!03-31 21:59:10
Request Successful!03-31 22:00:11
Request Successful!03-31 22:01:13
Request Successful!03-31 22:02:15
Request Successful!03-31 22:03:16
Request Successful!03-31 22:04:18
Request Successful!03-31 22:05:20
Request Successful!03-31 22:06:21
Request Successful!03-31 22:07:23
Request Successful!03-31 22:08:25
Request Successful!03-31 22:09:26
New alert more than 5 minutes! See details below: 
CRITICAL
for 1m 3s
Soft 1/2
B2Bi queue health: "B2Bi Logger 14"
on
B2Bi Application Server - Stream 1A
CRITICAL - Queue "B2Bi Logger 14" ("logger_12482"/"queue_13"):
Request Successful!03-31 22:10:38
Request Successful!03-31 22:11:39
Request Successful!03-31 22:12:41
Request Successful!03-31 22:13:43
Request Successful!03-31 22:14:44
Request Successful!03-31 22:15:46
Request Successful!03-31 22:16:48
Request Successful!03-31 22:17:49
Request Successful!03-31 22:18:51
Request Successful!03-31 22:19:52
Request Successful!03-31 22:20:54
Request Successful!03-31 22:21:56
Request Successful!03-31 22:22:57
Request Successful!03-31 22:23:59
Request Successful!03-31 22:25:01
Request Successful!03-31 22:26:02
Request Successful!03-31 22:27:04
Request Successful!03-31 22:28:06
Request Successful!03-31 22:29:08
Request Successful!03-31 22:30:09
Request Successful!03-31 22:31:11
Request Successful!03-31 22:32:13
Request Successful!03-31 22:33:15
Request Successful!03-31 22:34:16
Request Successful!03-31 22:35:18
Request Successful!03-31 22:36:20
Request Successful!03-31 22:37:21
Request Successful!03-31 22:38:23
Request Successful!03-31 22:39:25
Request Successful!03-31 22:40:26
Request Successful!03-31 22:41:28
Request Successful!03-31 22:42:30
Request Successful!03-31 22:43:31
Request Successful!03-31 22:44:33
New alert more than 5 minutes! See details below: 
CRITICAL
for 1m 45s
Soft 1/2
B2Bi queue health: "B2Bi CI HME - PROD_Framework_Parallel_001.101_Parallel_Inb_10_FetchRef_HM"
on
B2Bi Application Server - Stream 3E (Multicluster)
CRITICAL - Queue "B2Bi CI HME - PROD_Framework_Parallel_001.101_Parallel_Inb_10_FetchRef_HM" ("hierchmessage_9799"/"queue_16"):
Request Successful!03-31 22:45:45
New alert more than 5 minutes! See details below: 
CRITICAL
for 1m 7s
Soft 1/2
B2Bi queue health: "B2Bi Logger 9"
on
B2Bi Application Server - Stream 1A
CRITICAL - Queue "B2Bi Logger 9" ("logger_962"/"queue_13"):
New alert more than 5 minutes! See details below: 
CRITICAL
for 2m 57s
B2Bi queue health: "B2Bi CI HME - PROD_Framework_Parallel_001.101_Parallel_Inb_10_FetchRef_HM"
on
B2Bi Application Server - Stream 3E (Multicluster)
CRITICAL - Queue "B2Bi CI HME - PROD_Framework_Parallel_001.101_Parallel_Inb_10_FetchRef_HM" ("hierchmessage_9799"/"queue_16"):
Request Successful!03-31 22:47:06
Request Successful!03-31 22:48:08
Request Successful!03-31 22:49:10
Request Successful!03-31 22:50:11
Request Successful!03-31 22:51:13
Request Successful!03-31 22:52:15
Request Successful!03-31 22:53:16
Request Successful!03-31 22:54:18
Request Successful!03-31 22:55:20
Request Successful!03-31 22:56:21
Request Successful!03-31 22:57:23
Request Successful!03-31 22:58:24
Request Successful!03-31 22:59:26
Request Successful!03-31 23:00:28
Request Successful!03-31 23:01:29
Request Successful!03-31 23:02:31
New alert more than 5 minutes! See details below: 
CRITICAL
for 1m 55s
Soft 1/2
B2Bi queue health: "B2Bi Logger 9"
on
B2Bi Application Server - Stream 1C
CRITICAL - Queue "B2Bi Logger 9" ("logger_1563"/"queue_13"):
Request Successful!03-31 23:03:43
Request Successful!03-31 23:04:45
Request Successful!03-31 23:05:47
Request Successful!03-31 23:06:49
New alert more than 5 minutes! See details below: 
CRITICAL
for 1m 51s
Soft 1/2
B2Bi queue health: "B2Bi Logger 2"
on
B2Bi Application Server - Stream 1C
CRITICAL - Queue "B2Bi Logger 2" ("logger_948"/"queue_13"):
Request Successful!03-31 23:08:00
Request Successful!03-31 23:09:02
Request Successful!03-31 23:10:03
Request Successful!03-31 23:11:05
Request Successful!03-31 23:12:07
Request Successful!03-31 23:13:08
Request Successful!03-31 23:14:10
Request Successful!03-31 23:15:12
Request Successful!03-31 23:16:14
Request Successful!03-31 23:17:15
Request Successful!03-31 23:18:17
Request Successful!03-31 23:19:19
Request Successful!03-31 23:20:20
Request Successful!03-31 23:21:22
Request Successful!03-31 23:22:24
New alert more than 5 minutes! See details below: 
CRITICAL
for 1m 41s
Soft 1/2
B2Bi queue health: "B2Bi Logger 13"
on
B2Bi Application Server - Stream 3E (Multicluster)
CRITICAL - Queue "B2Bi Logger 13" ("logger_1034"/"queue_16"):
Request Successful!03-31 23:23:35
Request Successful!03-31 23:24:37
New alert more than 5 minutes! See details below: 
CRITICAL
for 1m 38s
Soft 1/2
B2Bi queue health: "B2Bi Logger 17"
on
B2Bi Application Server - Stream 1B
CRITICAL - Queue "B2Bi Logger 17" ("logger_1527"/"queue_13"):
Request Successful!03-31 23:25:49
