Request Successful!11-23 15:40:19
New alert more than 5 minutes! See details below: 
CRITICAL
for 6m 26s
B2Bi queue health: "B2Bi CI HME - PROD_Framework_Parallel_001.Z_Local_402_Serial_Out_20_InhouseEnveloper(Inhouse)_4_SAG_ETGOIT_HM"
on
B2Bi Application Server - Stream 1B
CRITICAL - Queue "B2Bi CI HME - PROD_Framework_Parallel_001.Z_Local_402_Serial_Out_20_InhouseEnveloper(Inhouse)_4_SAG_ETGOIT_HM" ("hierchmessage_11217"/"queue_13"):
Request Successful!11-23 15:43:32
Request Successful!11-23 15:46:34
Request Successful!11-23 15:49:36
Request Successful!11-23 15:52:38
Request Successful!11-23 15:55:40
Request Successful!11-23 15:58:41
Request Successful!11-23 16:01:43
Request Successful!11-23 16:04:45
Request Successful!11-23 16:07:47
Request Successful!11-23 16:10:49
New alert more than 5 minutes! See details below: 
CRITICAL
for 5m 35s
B2Bi queue health: "B2Bi CI HME - PROD_Framework_Parallel_001.Z_Local_402_Serial_Out_20_InhouseEnveloper(Inhouse)_4_SAG_ETGOIT_HM"
on
B2Bi Application Server - Stream 1B
CRITICAL - Queue "B2Bi CI HME - PROD_Framework_Parallel_001.Z_Local_402_Serial_Out_20_InhouseEnveloper(Inhouse)_4_SAG_ETGOIT_HM" ("hierchmessage_11217"/"queue_13"):
Request Successful!11-23 16:14:02
Request Successful!11-23 16:17:04
Request Successful!11-23 16:20:06
Request Successful!11-23 16:23:08
Request Successful!11-23 16:26:11
Request Successful!11-23 16:29:13
Request Successful!11-23 16:32:15
Request Successful!11-23 16:35:17
Request Successful!11-23 16:38:19
Request Successful!11-23 16:41:21
Request Successful!11-23 16:44:23
HTTPSConnectionPool(host='b2biprddep1.sl3.comp.db.de', port=443): Max retries exceeded with url: /icingaweb2/monitoring/list/services?service_problem=1&sort=service_severity&dir=desc (Caused by SSLError(SSLEOFError(8, '[SSL: UNEXPECTED_EOF_WHILE_READING] EOF occurred in violation of protocol (_ssl.c:1006)')))
Request Successful!11-23 16:51:00
Request Successful!11-23 16:54:02
Request Successful!11-23 16:57:04
Request Successful!11-23 17:00:06
Request Successful!11-23 17:03:08
Request Successful!11-23 17:06:10
Request Successful!11-23 17:09:12
Request Successful!11-23 17:12:14
Request Successful!11-23 17:15:15
Request Successful!11-23 17:18:17
New alert more than 5 minutes! See details below: 
CRITICAL
for 4m 25s
B2Bi queue health: "B2Bi CI HME - PROD_Framework_Parallel_001.Z_Local_402_Serial_Out_20_InhouseEnveloper(Inhouse)_4_SAG_ETGOIT_HM"
on
B2Bi Application Server - Stream 1B
CRITICAL - Queue "B2Bi CI HME - PROD_Framework_Parallel_001.Z_Local_402_Serial_Out_20_InhouseEnveloper(Inhouse)_4_SAG_ETGOIT_HM" ("hierchmessage_11217"/"queue_13"):
Request Successful!11-23 17:21:30
Request Successful!11-23 17:24:32
Request Successful!11-23 17:27:34
Request Successful!11-23 17:30:36
Request Successful!11-23 17:33:38
Request Successful!11-23 17:36:40
Request Successful!11-23 17:39:42
Request Successful!11-23 17:42:44
Request Successful!11-23 17:45:46
Request Successful!11-23 17:48:48
Request Successful!11-23 17:51:50
Request Successful!11-23 17:54:52
Request Successful!11-23 17:57:54
Request Successful!11-23 18:00:56
Request Successful!11-23 18:03:57
New alert more than 5 minutes! See details below: 
CRITICAL
for 6m 0s
B2Bi queue health: "B2Bi CI HME - PROD_Framework_Parallel_001.Z_Local_402_Serial_Out_20_InhouseEnveloper(Inhouse)_4_SAG_ETGOIT_HM"
on
B2Bi Application Server - Stream 1B
CRITICAL - Queue "B2Bi CI HME - PROD_Framework_Parallel_001.Z_Local_402_Serial_Out_20_InhouseEnveloper(Inhouse)_4_SAG_ETGOIT_HM" ("hierchmessage_11217"/"queue_13"):
Request Successful!11-23 18:07:09
Request Successful!11-23 18:10:11
Request Successful!11-23 18:13:13
New alert more than 5 minutes! See details below: 
CRITICAL
for 5m 2s
Disk
on
Communication Server Production
DISK CRITICAL - free space: / 1472 MiB (7.19% inode=95%); /mnt/efs 8796092634255 MiB (99.99% inode=-); /app/sword 179866 MiB (17.56% inode=94%); /app/sword/shared/mounts/nfsserver 483595 MiB (78.73% inode=99%);
Request Successful!11-23 18:16:24
Request Successful!11-23 18:19:26
Request Successful!11-23 18:22:28
Request Successful!11-23 18:25:30
Request Successful!11-23 18:28:32
Request Successful!11-23 18:31:34
Request Successful!11-23 18:34:36
New alert more than 5 minutes! See details below: 
CRITICAL
for 5m 17s
B2Bi queue health: "B2Bi CI HME - PROD_Framework_Parallel_001.Z_Local_402_Serial_Out_20_InhouseEnveloper(Inhouse)_4_SAG_ETGOIT_HM"
on
B2Bi Application Server - Stream 1B
CRITICAL - Queue "B2Bi CI HME - PROD_Framework_Parallel_001.Z_Local_402_Serial_Out_20_InhouseEnveloper(Inhouse)_4_SAG_ETGOIT_HM" ("hierchmessage_11217"/"queue_13"):
Request Successful!11-23 18:37:48
Request Successful!11-23 18:40:50
Request Successful!11-23 18:43:52
Request Successful!11-23 18:46:54
Request Successful!11-23 18:49:56
Request Successful!11-23 18:52:58
Request Successful!11-23 18:56:00
Request Successful!11-23 18:59:02
Request Successful!11-23 19:02:04
Request Successful!11-23 19:05:06
Request Successful!11-23 19:08:08
Request Successful!11-23 19:11:10
Request Successful!11-23 19:14:12
Request Successful!11-23 19:17:14
New alert more than 5 minutes! See details below: 
CRITICAL
for 3m 48s
B2Bi queue health: "B2Bi CI HME - PROD_Framework_Parallel_001.Z_Local_402_Serial_Out_20_InhouseEnveloper(Inhouse)_4_SAG_ETGOIT_HM"
on
B2Bi Application Server - Stream 1B
CRITICAL - Queue "B2Bi CI HME - PROD_Framework_Parallel_001.Z_Local_402_Serial_Out_20_InhouseEnveloper(Inhouse)_4_SAG_ETGOIT_HM" ("hierchmessage_11217"/"queue_13"):
Request Successful!11-23 19:20:26
Request Successful!11-23 19:23:28
Request Successful!11-23 19:26:29
Request Successful!11-23 19:29:31
Request Successful!11-23 19:32:33
Request Successful!11-23 19:35:35
Request Successful!11-23 19:38:37
Request Successful!11-23 19:41:39
Request Successful!11-23 19:44:41
Request Successful!11-23 19:47:42
Request Successful!11-23 19:50:44
New alert more than 5 minutes! See details below: 
CRITICAL
for 5m 57s
B2Bi queue health: "B2Bi CI HME - PROD_Framework_Parallel_001.Z_Local_402_Serial_Out_20_InhouseEnveloper(Inhouse)_4_SAG_ETGOIT_HM"
on
B2Bi Application Server - Stream 1B
CRITICAL - Queue "B2Bi CI HME - PROD_Framework_Parallel_001.Z_Local_402_Serial_Out_20_InhouseEnveloper(Inhouse)_4_SAG_ETGOIT_HM" ("hierchmessage_11217"/"queue_13"):
Request Successful!11-23 19:53:57
New alert more than 5 minutes! See details below: 
CRITICAL
for 3m 15s
Check if there're unprocessed monitoring events piling up in mon_events_processing_sc2
on
b2biprddb1.sl3.comp.db.de
CRIT : 129007 entries in mon_events_processing_sc2. Critical threshold 100000 breached!
Request Successful!11-23 19:57:09
Request Successful!11-23 20:00:11
Request Successful!11-23 20:03:13
Request Successful!11-23 20:06:14
Request Successful!11-23 20:09:16
Request Successful!11-23 20:12:18
Request Successful!11-23 20:15:19
Request Successful!11-23 20:18:21
New alert more than 5 minutes! See details below: 
CRITICAL
for 4m 10s
B2Bi queue health: "B2Bi CI HME - PROD_Framework_Parallel_001.Z_Local_402_Serial_Out_20_InhouseEnveloper(Inhouse)_4_SAG_ETGOIT_HM"
on
B2Bi Application Server - Stream 1B
CRITICAL - Queue "B2Bi CI HME - PROD_Framework_Parallel_001.Z_Local_402_Serial_Out_20_InhouseEnveloper(Inhouse)_4_SAG_ETGOIT_HM" ("hierchmessage_11217"/"queue_13"):
Request Successful!11-23 20:21:33
Request Successful!11-23 20:24:35
Request Successful!11-23 20:27:37
Request Successful!11-23 20:30:39
Request Successful!11-23 20:33:41
Request Successful!11-23 20:36:43
Request Successful!11-23 20:39:44
Request Successful!11-23 20:42:46
Request Successful!11-23 20:45:48
Request Successful!11-23 20:48:50
New alert more than 5 minutes! See details below: 
CRITICAL
for 4m 38s
B2Bi queue health: "B2Bi CI HME - PROD_Framework_Parallel_001.Z_Local_402_Serial_Out_20_InhouseEnveloper(Inhouse)_4_SAG_ETGOIT_HM"
on
B2Bi Application Server - Stream 1B
CRITICAL - Queue "B2Bi CI HME - PROD_Framework_Parallel_001.Z_Local_402_Serial_Out_20_InhouseEnveloper(Inhouse)_4_SAG_ETGOIT_HM" ("hierchmessage_11217"/"queue_13"):
Request Successful!11-23 20:52:02
Request Successful!11-23 20:55:04
Request Successful!11-23 20:58:06
Request Successful!11-23 21:01:08
Request Successful!11-23 21:04:10
Request Successful!11-23 21:07:12
New alert more than 5 minutes! See details below: 
CRITICAL
for 3m 21s
B2Bi queue health: "B2Bi CI HME - PROD_Framework_Parallel_001.101_Parallel_Inb_10_FetchRef_HM"
on
B2Bi Application Server - Stream 3D (Multicluster)
CRITICAL - Queue "B2Bi CI HME - PROD_Framework_Parallel_001.101_Parallel_Inb_10_FetchRef_HM" ("hierchmessage_9799"/"queue_16"):
Request Successful!11-23 21:10:24
New alert more than 5 minutes! See details below: 
CRITICAL
for 6m 33s
B2Bi queue health: "B2Bi CI HME - PROD_Framework_Parallel_001.101_Parallel_Inb_10_FetchRef_HM"
on
B2Bi Application Server - Stream 3D (Multicluster)
CRITICAL - Queue "B2Bi CI HME - PROD_Framework_Parallel_001.101_Parallel_Inb_10_FetchRef_HM" ("hierchmessage_9799"/"queue_16"):
Request Successful!11-23 21:13:36
Request Successful!11-23 21:16:38
Request Successful!11-23 21:19:40
Request Successful!11-23 21:22:42
New alert more than 5 minutes! See details below: 
CRITICAL
for 3m 50s
B2Bi queue health: "B2Bi CI HME - PROD_Framework_Parallel_001.Z_Local_402_Serial_Out_20_InhouseEnveloper(Inhouse)_4_SAG_ETGOIT_HM"
on
B2Bi Application Server - Stream 1B
CRITICAL - Queue "B2Bi CI HME - PROD_Framework_Parallel_001.Z_Local_402_Serial_Out_20_InhouseEnveloper(Inhouse)_4_SAG_ETGOIT_HM" ("hierchmessage_11217"/"queue_13"):
Request Successful!11-23 21:25:54
Request Successful!11-23 21:28:56
Request Successful!11-23 21:31:58
Request Successful!11-23 21:35:00
Request Successful!11-23 21:38:01
Request Successful!11-23 21:41:03
Request Successful!11-23 21:44:05
Request Successful!11-23 21:47:07
Request Successful!11-23 21:50:09
Request Successful!11-23 21:53:11
Request Successful!11-23 21:56:13
Request Successful!11-23 21:59:14
Request Successful!11-23 22:02:16
Request Successful!11-23 22:05:18
check if there is a ticket. One critical alert is existed since 21:03
Request Successful!11-23 22:08:20
check if there is a ticket. One critical alert is existed since 21:03
Request Successful!11-23 22:11:26
check if there is a ticket. One critical alert is existed since 21:03
Request Successful!11-23 22:14:28
check if there is a ticket. One critical alert is existed since 21:03
Request Successful!11-23 22:17:30
check if there is a ticket. One critical alert is existed since 21:03
Request Successful!11-23 22:20:31
check if there is a ticket. One critical alert is existed since 21:03
Request Successful!11-23 22:23:33
check if there is a ticket. One critical alert is existed since 21:03
Request Successful!11-23 22:26:35
check if there is a ticket. One critical alert is existed since 21:03
Request Successful!11-23 22:29:37
check if there is a ticket. One critical alert is existed since 21:03
Request Successful!11-23 22:32:39
check if there is a ticket. One critical alert is existed since 21:03
Request Successful!11-23 22:35:41
New alert more than 5 minutes! See details below: 
CRITICAL
for 3m 3s
Check if there're unprocessed monitoring events piling up in mon_events_processing_sc2
on
b2biprddb1.sl3.comp.db.de
CRIT : 101604 entries in mon_events_processing_sc2. Critical threshold 100000 breached!
check if there is a ticket. One critical alert is existed since 21:03
Request Successful!11-23 22:38:52
check if there is a ticket. One critical alert is existed since 21:03
Request Successful!11-23 22:41:54
check if there is a ticket. One critical alert is existed since 21:03
Request Successful!11-23 22:44:56
check if there is a ticket. One critical alert is existed since 21:03
Request Successful!11-23 22:47:58
check if there is a ticket. One critical alert is existed since 21:03
Request Successful!11-23 22:51:00
New alert more than 5 minutes! See details below: 
CRITICAL
for 3m 22s
Check if there're unprocessed monitoring events piling up in mon_events_processing_sc2
on
b2biprddb1.sl3.comp.db.de
CRIT : 159093 entries in mon_events_processing_sc2. Critical threshold 100000 breached!
Request Successful!11-23 22:54:12
New alert more than 5 minutes! See details below: 
CRITICAL
for 6m 34s
Check if there're unprocessed monitoring events piling up in mon_events_processing_sc2
on
b2biprddb1.sl3.comp.db.de
CRIT : 151495 entries in mon_events_processing_sc2. Critical threshold 100000 breached!
Request Successful!11-23 22:57:23
Request Successful!11-23 23:00:25
Request Successful!11-23 23:03:27
Request Successful!11-23 23:06:29
Request Successful!11-23 23:09:31
Request Successful!11-23 23:12:33
Request Successful!11-23 23:15:35
Request Successful!11-23 23:18:37
Request Successful!11-23 23:21:38
New alert more than 5 minutes! See details below: 
CRITICAL
for 3m 3s
Check if there're unprocessed monitoring events piling up in mon_events_processing_sc2
on
b2biprddb1.sl3.comp.db.de
CRIT : 100611 entries in mon_events_processing_sc2. Critical threshold 100000 breached!
Request Successful!11-23 23:24:49
Request Successful!11-23 23:27:51
Request Successful!11-23 23:30:53
Request Successful!11-23 23:33:55
