Request Successful!01-30 15:35:14
check if there is a ticket. One critical alert is existed since 04:31
Request Successful!01-30 15:39:14
check if there is a ticket. One critical alert is existed since 04:31
Request Successful!01-30 15:42:15
check if there is a ticket. One critical alert is existed since 04:31
Request Successful!01-30 15:45:16
check if there is a ticket. One critical alert is existed since 04:31
Request Successful!01-30 15:48:18
check if there is a ticket. One critical alert is existed since 04:31
Request Successful!01-30 15:51:19
Request Successful!01-30 15:54:21
Request Successful!01-30 15:57:22
Request Successful!01-30 16:00:23
Request Successful!01-30 16:03:25
Request Successful!01-30 16:06:26
Request Successful!01-30 16:09:28
Request Successful!01-30 16:12:29
Request Successful!01-30 16:15:31
Request Successful!01-30 16:18:32
Request Successful!01-30 16:21:33
Request Successful!01-30 16:24:35
Request Successful!01-30 19:13:38
Request Successful!01-30 19:16:39
HTTPSConnectionPool(host='b2biprddep1.sl3.comp.db.de', port=443): Max retries exceeded with url: /icingaweb2/monitoring/list/services?service_problem=1&sort=service_severity&dir=desc (Caused by NameResolutionError("<urllib3.connection.HTTPSConnection object at 0x000001D71E4A4350>: Failed to resolve 'b2biprddep1.sl3.comp.db.de' ([Errno 11001] getaddrinfo failed)"))
Request Successful!01-30 19:31:50
Request Successful!01-30 19:34:52
Request Successful!01-30 19:37:54
Request Successful!01-30 19:40:56
Request Successful!01-30 19:43:57
Request Successful!01-30 19:46:59
Request Successful!01-30 19:50:01
Request Successful!01-30 19:53:02
Request Successful!01-30 19:56:04
Request Successful!01-30 19:59:06
Request Successful!01-30 20:02:08
Request Successful!01-30 20:05:10
Request Successful!01-30 20:08:12
Request Successful!01-30 20:11:14
Request Successful!01-30 20:14:16
Request Successful!01-30 20:17:18
Request Successful!01-30 20:20:19
Request Successful!01-30 20:23:21
Request Successful!01-30 20:26:23
New alert more than 5 minutes! See details below: 
CRITICAL
for 5m 43s
JMS Clients Connected Shield
on
Communication Server 1 Production
CRITICAL - Following JMS clients are with errors:
Request Successful!01-30 20:29:36
Request Successful!01-30 20:32:37
Request Successful!01-30 20:35:39
Request Successful!01-30 20:38:41
Request Successful!01-30 20:41:43
Request Successful!01-30 20:44:44
Request Successful!01-30 20:47:46
Request Successful!01-30 20:50:48
Request Successful!01-30 20:53:50
Request Successful!01-30 20:56:52
Request Successful!01-30 20:59:53
Request Successful!01-30 21:02:55
Request Successful!01-30 21:05:57
Request Successful!01-30 21:08:58
Request Successful!01-30 21:12:00
Request Successful!01-30 21:15:01
Request Successful!01-30 21:18:03
Request Successful!01-30 21:21:05
Request Successful!01-30 21:24:07
Request Successful!01-30 21:27:08
Request Successful!01-30 21:30:10
Request Successful!01-30 21:33:13
Request Successful!01-30 21:36:15
Request Successful!01-30 21:39:24
Request Successful!01-30 21:42:26
Request Successful!01-30 21:45:28
Request Successful!01-30 21:48:31
Request Successful!01-30 21:51:33
Request Successful!01-30 21:54:35
Request Successful!01-30 21:57:37
Request Successful!01-30 22:00:38
Request Successful!01-30 22:03:40
Request Successful!01-30 22:06:42
Request Successful!01-30 22:09:43
Request Successful!01-30 22:12:45
Request Successful!01-30 22:15:46
Request Successful!01-30 22:18:48
Request Successful!01-30 22:21:50
Request Successful!01-30 22:24:52
Request Successful!01-30 22:27:53
Request Successful!01-30 22:30:55
Request Successful!01-30 22:33:57
Request Successful!01-30 22:36:59
Request Successful!01-30 22:40:00
Request Successful!01-30 22:43:02
Request Successful!01-30 22:46:04
Request Successful!01-30 22:49:05
Request Successful!01-30 22:52:09
Request Successful!01-30 22:55:10
Request Successful!01-30 22:58:12
Request Successful!01-30 23:01:14
Request Successful!01-30 23:04:15
Request Successful!01-30 23:07:17
Request Successful!01-30 23:10:19
Request Successful!01-30 23:13:20
Request Successful!01-30 23:16:30
Request Successful!01-30 23:19:31
Request Successful!01-30 23:22:33
