Request Successful!08-26 15:45:57
Request Successful!08-26 15:48:59
Request Successful!08-26 15:52:00
Request Successful!08-26 15:55:01
Request Successful!08-26 15:58:03
Request Successful!08-26 16:01:04
Request Successful!08-26 16:04:06
Request Successful!08-26 16:07:08
Request Successful!08-26 16:10:09
Request Successful!08-26 16:13:10
Request Successful!08-26 16:16:12
Request Successful!08-26 16:19:13
Request Successful!08-26 16:22:15
Request Successful!08-26 16:25:16
Request Successful!08-26 16:28:17
Request Successful!08-26 16:31:19
Request Successful!08-26 16:34:20
Request Successful!08-26 16:37:22
New alert more than 5 minutes! See details below: 
CRITICAL
for 3m 1s
Check if we still can connect to ftp.sword.dbschenker.com using ftp.
on
b2biprdxsr1.sl3.comp.db.de
CRITICAL : No data received from host
Request Successful!08-26 16:40:34
Request Successful!08-26 16:43:35
Request Successful!08-26 16:46:37
Request Successful!08-26 16:49:38
Request Successful!08-26 16:52:40
Request Successful!08-26 16:55:42
Request Successful!08-26 16:58:43
Request Successful!08-26 17:01:44
Request Successful!08-26 17:04:46
Request Successful!08-26 17:07:47
Request Successful!08-26 17:10:49
Request Successful!08-26 17:13:50
Request Successful!08-26 17:16:52
Request Successful!08-26 17:19:53
Request Successful!08-26 17:22:55
Request Successful!08-26 17:25:56
Request Successful!08-26 17:28:58
New alert more than 5 minutes! See details below: 
CRITICAL
for 4m 24s
Check that B2Bi pickup directory /app/sword/schenker/comsys/direct/parallel got no overaged entries.
on
B2Bi Application Server - Stream 3D (Multicluster)
CRITICAL : /app/sword/schenker/comsys/direct/parallel holds at least one file with age of 1047s. Critical limit 1000s exceeded.
Request Successful!08-26 17:32:10
Request Successful!08-26 17:35:11
Request Successful!08-26 17:38:12
Request Successful!08-26 17:41:14
Request Successful!08-26 17:44:15
Request Successful!08-26 17:47:17
Request Successful!08-26 17:50:19
Request Successful!08-26 17:53:20
Request Successful!08-26 17:56:21
Request Successful!08-26 17:59:23
Request Successful!08-26 18:02:24
Request Successful!08-26 18:05:25
Request Successful!08-26 18:08:27
Request Successful!08-26 18:11:28
Request Successful!08-26 18:14:29
Request Successful!08-26 18:17:31
Request Successful!08-26 18:20:32
Request Successful!08-26 18:23:33
Request Successful!08-26 18:26:35
Request Successful!08-26 18:29:36
Request Successful!08-26 18:32:38
Request Successful!08-26 18:35:39
Request Successful!08-26 18:38:40
Request Successful!08-26 18:41:42
Request Successful!08-26 18:44:43
Request Successful!08-26 18:47:45
Request Successful!08-26 18:50:46
Request Successful!08-26 18:53:47
Request Successful!08-26 18:56:49
Request Successful!08-26 18:59:50
Request Successful!08-26 19:02:51
Request Successful!08-26 19:05:53
Request Successful!08-26 19:08:54
Request Successful!08-26 19:11:55
Request Successful!08-26 19:14:57
Request Successful!08-26 19:17:58
Request Successful!08-26 19:20:59
Request Successful!08-26 19:24:01
Request Successful!08-26 19:27:02
Request Successful!08-26 19:30:04
Request Successful!08-26 19:33:05
Request Successful!08-26 19:36:06
Request Successful!08-26 19:39:08
Request Successful!08-26 19:42:09
Request Successful!08-26 19:45:11
Request Successful!08-26 19:48:12
Request Successful!08-26 19:51:13
Request Successful!08-26 19:54:14
Request Successful!08-26 19:57:16
Request Successful!08-26 20:00:17
Request Successful!08-26 20:03:19
Request Successful!08-26 20:06:20
Request Successful!08-26 20:09:22
Request Successful!08-26 20:12:23
Request Successful!08-26 20:15:25
Request Successful!08-26 20:18:26
Request Successful!08-26 20:21:27
Request Successful!08-26 20:24:29
Request Successful!08-26 20:27:30
Request Successful!08-26 20:30:31
Request Successful!08-26 20:33:33
Request Successful!08-26 20:36:34
Request Successful!08-26 20:39:36
Request Successful!08-26 20:42:37
Request Successful!08-26 20:45:38
Request Successful!08-26 20:48:40
Request Successful!08-26 20:51:41
Request Successful!08-26 20:54:43
New alert more than 5 minutes! See details below: 
CRITICAL
for 3m 57s
B2Bi queue health: "B2Bi CI HME - PROD_Framework_Parallel_001.401_SerialSTD_Dyn_10_ExecuteMasterDynMBC_HM"
on
B2Bi Application Server - Stream 1C
CRITICAL - Queue "B2Bi CI HME - PROD_Framework_Parallel_001.401_SerialSTD_Dyn_10_ExecuteMasterDynMBC_HM" ("hierchmessage_7335"/"queue_13"):
Request Successful!08-26 20:57:55
Request Successful!08-26 21:00:57
Request Successful!08-26 21:03:58
Request Successful!08-26 21:07:00
Request Successful!08-26 21:10:01
Request Successful!08-26 21:13:03
Request Successful!08-26 21:16:04
Request Successful!08-26 21:19:06
Request Successful!08-26 21:22:07
Request Successful!08-26 21:25:09
Request Successful!08-26 21:28:10
Request Successful!08-26 21:31:12
Request Successful!08-26 21:34:13
Request Successful!08-26 21:37:14
Request Successful!08-26 21:40:16
Request Successful!08-26 21:43:17
Request Successful!08-26 21:46:18
Request Successful!08-26 21:49:20
Request Successful!08-26 21:52:21
Request Successful!08-26 21:55:22
Request Successful!08-26 21:58:24
Request Successful!08-26 22:01:25
Request Successful!08-26 22:04:27
Request Successful!08-26 22:07:28
Request Successful!08-26 22:10:29
Request Successful!08-26 22:13:31
Request Successful!08-26 22:16:32
Request Successful!08-26 22:19:33
Request Successful!08-26 22:22:35
Request Successful!08-26 22:25:36
Request Successful!08-26 22:28:38
Request Successful!08-26 22:31:39
Request Successful!08-26 22:34:40
Request Successful!08-26 22:37:42
Request Successful!08-26 22:40:43
Request Successful!08-26 22:43:44
Request Successful!08-26 22:46:46
Request Successful!08-26 22:49:47
Request Successful!08-26 22:52:49
New alert more than 5 minutes! See details below: 
CRITICAL
for 3m 23s
B2Bi queue health: "B2Bi Logger 17"
on
B2Bi Application Server - Stream 1B
CRITICAL - Queue "B2Bi Logger 17" ("logger_1527"/"queue_13"):
Request Successful!08-26 22:56:01
New alert more than 5 minutes! See details below: 
CRITICAL
for 3m 48s
B2Bi queue health: "B2Bi CI HME - PROD_Framework_Parallel_001.Z_Local_402_Serial_Out_20_InhouseEnveloper(Inhouse)_4_SAG_ETGOIT_HM"
on
B2Bi Application Server - Stream 1B
CRITICAL - Queue "B2Bi CI HME - PROD_Framework_Parallel_001.Z_Local_402_Serial_Out_20_InhouseEnveloper(Inhouse)_4_SAG_ETGOIT_HM" ("hierchmessage_11217"/"queue_13"):
New alert more than 5 minutes! See details below: 
CRITICAL
for 6m 36s
B2Bi queue health: "B2Bi Logger 17"
on
B2Bi Application Server - Stream 1B
CRITICAL - Queue "B2Bi Logger 17" ("logger_1527"/"queue_13"):
Request Successful!08-26 22:59:23
Request Successful!08-26 23:02:25
Request Successful!08-26 23:05:26
Request Successful!08-26 23:08:28
Request Successful!08-26 23:11:29
Request Successful!08-26 23:14:31
Request Successful!08-26 23:17:32
Request Successful!08-26 23:20:34
Request Successful!08-26 23:23:35
