Request Successful!01-04 15:49:04
Request Successful!01-04 15:52:06
Request Successful!01-04 15:55:07
Request Successful!01-04 15:58:09
Request Successful!01-04 16:01:10
Request Successful!01-04 16:04:12
Request Successful!01-04 16:07:13
Request Successful!01-04 16:10:15
Request Successful!01-04 16:13:16
New alert more than 5 minutes! See details below: 
CRITICAL
for 3m 23s
B2Bi queue health: "B2Bi CI HME - PROD_Framework_Parallel_001.Z_Local_402_Serial_Out_20_InhouseEnveloper(Inhouse)_4_SAG_ETGOIT_HM"
on
B2Bi Application Server - Stream 1B
CRITICAL - Queue "B2Bi CI HME - PROD_Framework_Parallel_001.Z_Local_402_Serial_Out_20_InhouseEnveloper(Inhouse)_4_SAG_ETGOIT_HM" ("hierchmessage_11217"/"queue_13"):
Request Successful!01-04 16:16:28
Request Successful!01-04 16:19:30
Request Successful!01-04 16:22:32
Request Successful!01-04 16:25:33
Request Successful!01-04 16:28:35
Request Successful!01-04 16:31:37
Request Successful!01-04 16:34:39
Request Successful!01-04 16:37:40
Request Successful!01-04 16:40:42
Request Successful!01-04 16:43:43
Request Successful!01-04 16:46:45
Request Successful!01-04 16:49:47
Request Successful!01-04 16:52:49
Request Successful!01-04 16:55:50
Request Successful!01-04 16:58:52
Request Successful!01-04 17:01:54
Request Successful!01-04 17:04:56
Request Successful!01-04 17:07:57
Request Successful!01-04 17:10:59
Request Successful!01-04 17:14:01
Request Successful!01-04 17:17:02
Request Successful!01-04 17:20:04
Request Successful!01-04 17:23:06
Request Successful!01-04 17:26:07
Request Successful!01-04 17:29:09
Request Successful!01-04 17:32:11
Request Successful!01-04 17:35:14
Request Successful!01-04 17:38:16
Request Successful!01-04 17:41:17
Request Successful!01-04 17:44:19
Request Successful!01-04 17:47:21
Request Successful!01-04 17:50:22
Request Successful!01-04 17:53:24
New alert more than 5 minutes! See details below: 
CRITICAL
for 5m 31s
B2Bi queue health: "B2Bi CI HME - PROD_Framework_Parallel_001.Z_Local_402_Serial_Out_20_InhouseEnveloper(Inhouse)_4_SAG_ETGOIT_HM"
on
B2Bi Application Server - Stream 1B
CRITICAL - Queue "B2Bi CI HME - PROD_Framework_Parallel_001.Z_Local_402_Serial_Out_20_InhouseEnveloper(Inhouse)_4_SAG_ETGOIT_HM" ("hierchmessage_11217"/"queue_13"):
Request Successful!01-04 17:56:36
Request Successful!01-04 17:59:38
Request Successful!01-04 18:02:39
Request Successful!01-04 18:05:41
Request Successful!01-04 18:08:42
Request Successful!01-04 18:11:44
New alert more than 5 minutes! See details below: 
CRITICAL
for 3m 19s
B2Bi queue health: "B2Bi CI HME - PROD_Framework_Parallel_001.Z_Local_402_Serial_Out_20_InhouseEnveloper(Inhouse)_4_SAG_ETGOIT_HM"
on
B2Bi Application Server - Stream 1B
CRITICAL - Queue "B2Bi CI HME - PROD_Framework_Parallel_001.Z_Local_402_Serial_Out_20_InhouseEnveloper(Inhouse)_4_SAG_ETGOIT_HM" ("hierchmessage_11217"/"queue_13"):
Request Successful!01-04 18:14:56
Request Successful!01-04 18:17:58
Request Successful!01-04 18:20:59
Request Successful!01-04 18:24:01
Request Successful!01-04 18:27:03
Request Successful!01-04 18:30:05
Request Successful!01-04 18:33:06
Request Successful!01-04 18:36:08
Request Successful!01-04 18:39:10
Request Successful!01-04 18:42:12
Request Successful!01-04 18:45:13
Request Successful!01-04 18:48:15
Request Successful!01-04 18:51:17
Request Successful!01-04 18:54:19
Request Successful!01-04 18:57:20
Request Successful!01-04 19:00:22
Request Successful!01-04 19:03:23
Request Successful!01-04 19:06:25
Request Successful!01-04 19:09:26
Request Successful!01-04 19:12:28
Request Successful!01-04 19:15:30
Request Successful!01-04 19:18:31
Request Successful!01-04 19:21:33
Request Successful!01-04 19:24:35
Request Successful!01-04 19:27:36
Request Successful!01-04 19:30:38
Request Successful!01-04 19:33:40
Request Successful!01-04 19:36:41
Request Successful!01-04 19:39:43
Request Successful!01-04 19:42:45
Request Successful!01-04 19:45:46
Request Successful!01-04 19:48:48
Request Successful!01-04 19:51:50
Request Successful!01-04 19:54:51
Request Successful!01-04 19:57:53
Request Successful!01-04 20:00:55
Request Successful!01-04 20:03:56
Request Successful!01-04 20:06:58
Request Successful!01-04 20:10:00
Request Successful!01-04 20:13:01
Request Successful!01-04 20:16:03
Request Successful!01-04 20:19:05
Request Successful!01-04 20:22:06
Request Successful!01-04 20:25:08
Request Successful!01-04 20:28:10
Request Successful!01-04 20:31:11
Request Successful!01-04 20:34:13
Request Successful!01-04 20:37:14
Request Successful!01-04 20:40:16
Request Successful!01-04 20:43:18
Request Successful!01-04 20:46:20
Request Successful!01-04 20:49:21
Request Successful!01-04 20:52:23
Request Successful!01-04 20:55:25
Request Successful!01-04 20:58:26
HTTPSConnectionPool(host='b2biprddep1.sl3.comp.db.de', port=443): Max retries exceeded with url: /icingaweb2/monitoring/list/services?service_problem=1&sort=service_severity&dir=desc (Caused by SSLError(SSLEOFError(8, '[SSL: UNEXPECTED_EOF_WHILE_READING] EOF occurred in violation of protocol (_ssl.c:1006)')))
Request Successful!01-04 21:04:34
Request Successful!01-04 21:07:35
Request Successful!01-04 21:10:37
Request Successful!01-04 21:13:39
Request Successful!01-04 21:16:40
New alert more than 5 minutes! See details below: 
CRITICAL
for 3m 57s
B2Bi queue health: "B2Bi CI HME - PROD_Framework_Parallel_001.Z_Local_402_Serial_Out_20_InhouseEnveloper(Inhouse)_4_SAG_ETGOIT_HM"
on
B2Bi Application Server - Stream 1B
CRITICAL - Queue "B2Bi CI HME - PROD_Framework_Parallel_001.Z_Local_402_Serial_Out_20_InhouseEnveloper(Inhouse)_4_SAG_ETGOIT_HM" ("hierchmessage_11217"/"queue_13"):
Request Successful!01-04 21:19:53
Request Successful!01-04 21:22:54
Request Successful!01-04 21:25:56
Request Successful!01-04 21:28:58
Request Successful!01-04 21:32:00
Request Successful!01-04 21:35:01
Request Successful!01-04 21:38:03
Request Successful!01-04 21:41:05
Request Successful!01-04 21:44:06
Request Successful!01-04 21:47:08
Request Successful!01-04 21:50:10
Request Successful!01-04 21:53:11
Request Successful!01-04 21:56:13
Request Successful!01-04 21:59:15
Request Successful!01-04 22:02:16
Request Successful!01-04 22:05:17
Request Successful!01-04 22:08:19
Request Successful!01-04 22:11:21
Request Successful!01-04 22:14:23
New alert more than 5 minutes! See details below: 
CRITICAL
for 3m 23s
B2Bi queue health: "B2Bi CI HME - PROD_Framework_Parallel_001.Z_Local_402_Serial_Out_20_InhouseEnveloper(Inhouse)_4_SAG_ETGOIT_HM"
on
B2Bi Application Server - Stream 1B
CRITICAL - Queue "B2Bi CI HME - PROD_Framework_Parallel_001.Z_Local_402_Serial_Out_20_InhouseEnveloper(Inhouse)_4_SAG_ETGOIT_HM" ("hierchmessage_11217"/"queue_13"):
Request Successful!01-04 22:17:35
Request Successful!01-04 22:20:37
Request Successful!01-04 22:23:38
Request Successful!01-04 22:26:40
Request Successful!01-04 22:29:42
Request Successful!01-04 22:32:43
Request Successful!01-04 22:35:45
Request Successful!01-04 22:38:47
Request Successful!01-04 22:41:48
Request Successful!01-04 22:44:50
Request Successful!01-04 22:47:52
Request Successful!01-04 22:50:54
Request Successful!01-04 22:53:55
Request Successful!01-04 22:56:57
Request Successful!01-04 22:59:59
Request Successful!01-04 23:03:00
Request Successful!01-04 23:06:02
Request Successful!01-04 23:09:04
