Request Successful!12-05 15:46:46
Request Successful!12-05 15:49:47
Request Successful!12-05 15:52:49
Request Successful!12-05 15:55:51
Request Successful!12-05 15:58:53
Request Successful!12-05 16:01:55
Request Successful!12-05 16:04:56
Request Successful!12-05 16:07:58
Request Successful!12-05 16:11:00
Request Successful!12-05 16:14:01
Request Successful!12-05 16:17:03
Request Successful!12-05 16:20:05
Request Successful!12-05 16:23:07
Request Successful!12-05 16:26:08
Request Successful!12-05 16:29:11
Request Successful!12-05 16:32:13
Request Successful!12-05 16:35:15
Request Successful!12-05 16:38:17
Request Successful!12-05 16:41:19
Request Successful!12-05 16:44:20
Request Successful!12-05 16:47:22
Request Successful!12-05 16:50:24
Request Successful!12-05 16:53:27
Request Successful!12-05 16:56:29
Request Successful!12-05 16:59:31
Request Successful!12-05 17:02:33
Request Successful!12-05 17:05:34
Request Successful!12-05 17:08:37
Request Successful!12-05 17:11:38
Request Successful!12-05 17:14:42
Request Successful!12-05 17:17:44
Request Successful!12-05 17:20:45
Request Successful!12-05 17:23:48
Request Successful!12-05 17:26:51
Request Successful!12-05 17:29:52
Request Successful!12-05 17:32:54
Request Successful!12-05 17:35:56
Request Successful!12-05 17:38:57
Request Successful!12-05 17:41:59
Request Successful!12-05 17:45:01
Request Successful!12-05 17:48:03
Request Successful!12-05 17:51:05
Request Successful!12-05 17:54:06
Request Successful!12-05 17:57:08
New alert more than 5 minutes! See details below: 
CRITICAL
for 4m 53s
Check size of directory "/app/sword/shared/axway/data/coreservices"
on
B2Bi Application Server - Stream 1B
CRITICAL - Critical: size of 64800.63 MB found in path "/app/sword/shared/axway/data/coreservices"
Request Successful!12-05 18:00:21
Request Successful!12-05 18:03:23
Request Successful!12-05 18:06:25
Request Successful!12-05 18:09:27
Request Successful!12-05 18:12:28
Request Successful!12-05 18:15:30
Request Successful!12-05 18:18:32
Request Successful!12-05 18:21:34
Request Successful!12-05 18:24:36
Request Successful!12-05 18:27:37
Request Successful!12-05 18:30:39
Request Successful!12-05 18:33:41
Request Successful!12-05 18:36:44
Request Successful!12-05 18:39:45
Request Successful!12-05 18:42:47
New alert more than 5 minutes! See details below: 
CRITICAL
for 4m 51s
B2Bi queue health: "B2Bi CI HME - PROD_Framework_Parallel_001.101_Parallel_Inb_10_FetchRef_HM"
on
B2Bi Application Server - Stream 3F (Multicluster)
CRITICAL - Queue "B2Bi CI HME - PROD_Framework_Parallel_001.101_Parallel_Inb_10_FetchRef_HM" ("hierchmessage_9799"/"queue_16"):
Request Successful!12-05 18:46:00
Request Successful!12-05 18:49:02
Request Successful!12-05 18:52:04
Request Successful!12-05 18:55:06
Request Successful!12-05 18:58:08
Request Successful!12-05 19:01:10
Request Successful!12-05 19:04:12
Request Successful!12-05 19:07:14
Request Successful!12-05 19:10:16
Request Successful!12-05 19:13:18
Request Successful!12-05 19:16:20
Request Successful!12-05 19:19:22
Request Successful!12-05 19:22:24
Request Successful!12-05 19:25:26
Request Successful!12-05 19:28:28
Request Successful!12-05 19:31:31
Request Successful!12-05 19:34:33
Request Successful!12-05 19:37:36
Request Successful!12-05 19:40:38
Request Successful!12-05 19:43:40
Request Successful!12-05 19:46:43
Request Successful!12-05 19:49:45
Request Successful!12-05 19:52:47
Request Successful!12-05 19:55:49
Request Successful!12-05 19:58:51
Request Successful!12-05 20:01:53
New alert more than 5 minutes! See details below: 
CRITICAL
for 4m 21s
Check that ElasticSearch Indexer logfile got recent 'success' entries.
on
b2biprdweb1.sl3.comp.db.de
CRITICAL : grepping /app/sword/schenker/ESIndexer/logs/esindexer.log.0 for BG_ADD and Success didn't provide any results!
Request Successful!12-05 20:05:05
Request Successful!12-05 20:08:07
Request Successful!12-05 20:11:09
Request Successful!12-05 20:14:11
Request Successful!12-05 20:17:14
Request Successful!12-05 20:20:16
New alert more than 5 minutes! See details below: 
CRITICAL
for 4m 34s
Check size of directory "/app/sword/shared/axway/data/coreservices"
on
B2Bi Application Server - Stream 1B
CRITICAL - Critical: size of 60012.43 MB found in path "/app/sword/shared/axway/data/coreservices"
Request Successful!12-05 20:23:28
Request Successful!12-05 20:26:30
Request Successful!12-05 20:29:33
Request Successful!12-05 20:32:34
Request Successful!12-05 20:35:36
Request Successful!12-05 20:38:38
Request Successful!12-05 20:41:40
Request Successful!12-05 20:44:42
Request Successful!12-05 20:47:44
Request Successful!12-05 20:50:46
Request Successful!12-05 20:53:48
Request Successful!12-05 20:56:51
Request Successful!12-05 20:59:53
Request Successful!12-05 21:02:55
Request Successful!12-05 21:05:57
Request Successful!12-05 21:08:58
Request Successful!12-05 21:12:00
Request Successful!12-05 21:15:02
Request Successful!12-05 21:18:04
Request Successful!12-05 21:21:06
Request Successful!12-05 21:24:08
Request Successful!12-05 21:27:10
Request Successful!12-05 21:30:14
Request Successful!12-05 21:33:16
New alert more than 5 minutes! See details below: 
CRITICAL
for 3m 40s
Check size of directory "/app/sword/shared/axway/data/coreservices"
on
B2Bi Application Server - Stream 1B
CRITICAL - Critical: size of 71500.67 MB found in path "/app/sword/shared/axway/data/coreservices"
Request Successful!12-05 21:36:29
New alert more than 5 minutes! See details below: 
CRITICAL
for 6m 53s
Check size of directory "/app/sword/shared/axway/data/coreservices"
on
B2Bi Application Server - Stream 1B
CRITICAL - Critical: size of 71500.67 MB found in path "/app/sword/shared/axway/data/coreservices"
Request Successful!12-05 21:39:42
Request Successful!12-05 21:42:44
Request Successful!12-05 21:45:46
Request Successful!12-05 21:48:48
Request Successful!12-05 21:51:51
Request Successful!12-05 21:54:53
Request Successful!12-05 21:57:56
Request Successful!12-05 22:00:58
Request Successful!12-05 22:04:00
Request Successful!12-05 22:07:02
New alert more than 5 minutes! See details below: 
CRITICAL
for 5m 54s
Check size of directory "/app/sword/shared/axway/data/coreservices"
on
B2Bi Application Server - Stream 1B
CRITICAL - Critical: size of 71300.63 MB found in path "/app/sword/shared/axway/data/coreservices"
Request Successful!12-05 22:10:15
Request Successful!12-05 22:13:17
Request Successful!12-05 22:16:19
Request Successful!12-05 22:19:21
Request Successful!12-05 22:22:23
Request Successful!12-05 22:25:25
Request Successful!12-05 22:28:27
Request Successful!12-05 22:31:29
Request Successful!12-05 22:34:30
Request Successful!12-05 22:37:32
Request Successful!12-05 22:40:34
Request Successful!12-05 22:43:35
Request Successful!12-05 22:46:37
Request Successful!12-05 22:49:39
Request Successful!12-05 22:52:40
Request Successful!12-05 22:55:42
Request Successful!12-05 22:58:44
New alert more than 5 minutes! See details below: 
CRITICAL
for 3m 28s
Check size of directory "/app/sword/shared/axway/data/coreservices"
on
B2Bi Application Server - Stream 1B
CRITICAL - Critical: size of 70800.67 MB found in path "/app/sword/shared/axway/data/coreservices"
Request Successful!12-05 23:01:55
New alert more than 5 minutes! See details below: 
CRITICAL
for 6m 39s
Check size of directory "/app/sword/shared/axway/data/coreservices"
on
B2Bi Application Server - Stream 1B
CRITICAL - Critical: size of 70800.67 MB found in path "/app/sword/shared/axway/data/coreservices"
Request Successful!12-05 23:05:07
Request Successful!12-05 23:08:08
Request Successful!12-05 23:11:10
Request Successful!12-05 23:14:11
Request Successful!12-05 23:17:13
Request Successful!12-05 23:20:14
Request Successful!12-05 23:23:16
