Request Successful!01-18 17:17:55
Request Successful!01-18 17:20:56
Request Successful!01-18 17:23:57
Request Successful!01-18 17:26:59
Request Successful!01-18 17:30:01
Request Successful!01-18 17:33:02
Request Successful!01-18 17:36:04
Request Successful!01-18 17:39:06
Request Successful!01-18 17:42:07
Request Successful!01-18 17:45:09
Request Successful!01-18 17:48:11
Request Successful!01-18 17:51:12
Request Successful!01-18 17:54:14
Request Successful!01-18 17:57:15
Request Successful!01-18 18:00:17
Request Successful!01-18 18:03:19
New alert more than 5 minutes! See details below: 
CRITICAL
for 3m 0s
B2Bi queue health: "B2Bi CI HME - PROD_Framework_Parallel_001.Z_Local_402_Serial_Out_20_InhouseEnveloper(Inhouse)_4_SAG_ETGOIT_HM"
on
B2Bi Application Server - Stream 1B
CRITICAL - Queue "B2Bi CI HME - PROD_Framework_Parallel_001.Z_Local_402_Serial_Out_20_InhouseEnveloper(Inhouse)_4_SAG_ETGOIT_HM" ("hierchmessage_11217"/"queue_13"):
Request Successful!01-18 18:06:31
New alert more than 5 minutes! See details below: 
CRITICAL
for 6m 12s
B2Bi queue health: "B2Bi CI HME - PROD_Framework_Parallel_001.Z_Local_402_Serial_Out_20_InhouseEnveloper(Inhouse)_4_SAG_ETGOIT_HM"
on
B2Bi Application Server - Stream 1B
CRITICAL - Queue "B2Bi CI HME - PROD_Framework_Parallel_001.Z_Local_402_Serial_Out_20_InhouseEnveloper(Inhouse)_4_SAG_ETGOIT_HM" ("hierchmessage_11217"/"queue_13"):
Request Successful!01-18 18:09:42
Request Successful!01-18 18:12:44
Request Successful!01-18 18:15:45
Request Successful!01-18 18:18:46
Request Successful!01-18 18:21:48
Request Successful!01-18 18:24:50
Request Successful!01-18 18:27:51
Request Successful!01-18 18:30:53
Request Successful!01-18 18:33:54
Request Successful!01-18 18:36:56
Request Successful!01-18 18:39:57
Request Successful!01-18 18:42:59
Request Successful!01-18 18:46:00
Request Successful!01-18 18:49:02
Request Successful!01-18 18:52:04
Request Successful!01-18 18:55:05
Request Successful!01-18 18:58:06
Request Successful!01-18 19:01:08
Request Successful!01-18 19:04:09
Request Successful!01-18 19:07:11
Request Successful!01-18 19:10:12
Request Successful!01-18 19:13:14
Request Successful!01-18 19:16:15
Request Successful!01-18 19:19:17
Request Successful!01-18 19:22:18
Request Successful!01-18 19:25:20
Request Successful!01-18 19:28:21
Request Successful!01-18 19:31:23
Request Successful!01-18 19:34:24
Request Successful!01-18 19:37:26
Request Successful!01-18 19:40:28
Request Successful!01-18 19:43:29
New alert more than 5 minutes! See details below: 
CRITICAL
for 3m 7s
B2Bi queue health: "B2Bi CI HME - PROD_Framework_Parallel_001.Z_Local_402_Serial_Out_20_InhouseEnveloper(Inhouse)_4_SAG_ETGOIT_HM"
on
B2Bi Application Server - Stream 1B
CRITICAL - Queue "B2Bi CI HME - PROD_Framework_Parallel_001.Z_Local_402_Serial_Out_20_InhouseEnveloper(Inhouse)_4_SAG_ETGOIT_HM" ("hierchmessage_11217"/"queue_13"):
Request Successful!01-18 19:46:40
New alert more than 5 minutes! See details below: 
CRITICAL
for 6m 18s
B2Bi queue health: "B2Bi CI HME - PROD_Framework_Parallel_001.Z_Local_402_Serial_Out_20_InhouseEnveloper(Inhouse)_4_SAG_ETGOIT_HM"
on
B2Bi Application Server - Stream 1B
CRITICAL - Queue "B2Bi CI HME - PROD_Framework_Parallel_001.Z_Local_402_Serial_Out_20_InhouseEnveloper(Inhouse)_4_SAG_ETGOIT_HM" ("hierchmessage_11217"/"queue_13"):
Request Successful!01-18 19:49:52
Request Successful!01-18 19:52:53
Request Successful!01-18 19:55:55
Request Successful!01-18 19:58:57
Request Successful!01-18 20:01:59
Request Successful!01-18 20:05:00
Request Successful!01-18 20:08:02
Request Successful!01-18 20:11:03
Request Successful!01-18 20:14:05
Request Successful!01-18 20:17:07
Request Successful!01-18 20:20:09
Request Successful!01-18 20:23:10
Request Successful!01-18 20:26:12
Request Successful!01-18 20:29:14
Request Successful!01-18 20:32:15
Request Successful!01-18 20:35:17
Request Successful!01-18 20:38:19
Request Successful!01-18 20:41:21
Request Successful!01-18 20:44:22
Request Successful!01-18 20:47:24
Request Successful!01-18 20:50:25
Request Successful!01-18 20:53:27
Request Successful!01-18 20:56:28
Request Successful!01-18 20:59:30
Request Successful!01-18 21:02:32
Request Successful!01-18 21:05:33
Request Successful!01-18 21:08:35
Request Successful!01-18 21:11:37
Request Successful!01-18 21:14:38
Request Successful!01-18 21:17:40
Request Successful!01-18 21:20:42
Request Successful!01-18 21:23:43
Request Successful!01-18 21:26:45
Request Successful!01-18 21:29:47
Request Successful!01-18 21:32:48
Request Successful!01-18 21:35:50
Request Successful!01-18 21:38:52
New alert more than 5 minutes! See details below: 
CRITICAL
for 5m 19s
B2Bi queue health: "B2Bi CI HME - PROD_Framework_Parallel_001.Z_Local_402_Serial_Out_20_InhouseEnveloper(Inhouse)_4_SAG_ETGOIT_HM"
on
B2Bi Application Server - Stream 1B
CRITICAL - Queue "B2Bi CI HME - PROD_Framework_Parallel_001.Z_Local_402_Serial_Out_20_InhouseEnveloper(Inhouse)_4_SAG_ETGOIT_HM" ("hierchmessage_11217"/"queue_13"):
Request Successful!01-18 21:42:04
Request Successful!01-18 21:45:05
Request Successful!01-18 21:48:08
Request Successful!01-18 21:51:10
Request Successful!01-18 21:54:12
Request Successful!01-18 21:57:14
Request Successful!01-18 22:00:15
Request Successful!01-18 22:03:17
Request Successful!01-18 22:06:18
Request Successful!01-18 22:09:20
Request Successful!01-18 22:12:22
Request Successful!01-18 22:15:23
Request Successful!01-18 22:18:25
Request Successful!01-18 22:21:27
Request Successful!01-18 22:24:28
Request Successful!01-18 22:27:30
Request Successful!01-18 22:30:32
Request Successful!01-18 22:33:33
Request Successful!01-18 22:36:35
Request Successful!01-18 22:39:37
Request Successful!01-18 22:42:38
Request Successful!01-18 22:45:40
Request Successful!01-18 22:48:42
Request Successful!01-18 22:51:43
Request Successful!01-18 22:54:45
Request Successful!01-18 22:57:47
Request Successful!01-18 23:00:48
Request Successful!01-18 23:03:50
Request Successful!01-18 23:06:52
Request Successful!01-18 23:09:53
Request Successful!01-18 23:12:55
Request Successful!01-18 23:15:57
Request Successful!01-18 23:19:01
Request Successful!01-18 23:22:03
Request Successful!01-18 23:25:04
Request Successful!01-18 23:28:06
Request Successful!01-18 23:31:08
Request Successful!01-18 23:34:09
Request Successful!01-18 23:37:11
Request Successful!01-18 23:40:12
Request Successful!01-18 23:43:14
Request Successful!01-18 23:46:16
