Request Successful!01-28 19:17:36
Request Successful!01-28 19:18:38
Request Successful!01-28 19:19:39
New alert more than 5 minutes! See details below: 
CRITICAL
for 1m 14s
Soft 1/2
B2Bi queue health: "B2Bi Logger 14"
on
B2Bi Application Server - Stream 3C (Multicluster)
CRITICAL - Queue "B2Bi Logger 14" ("logger_1036"/"queue_16"):
Request Successful!01-28 19:20:51
Request Successful!01-28 19:21:53
Request Successful!01-28 19:22:54
Request Successful!01-28 19:23:55
Request Successful!01-28 19:24:57
Request Successful!01-28 19:25:58
Request Successful!01-28 19:26:59
Request Successful!01-28 19:28:00
Request Successful!01-28 19:29:02
Request Successful!01-28 19:30:03
Request Successful!01-28 19:31:05
Request Successful!01-28 19:32:06
New alert more than 5 minutes! See details below: 
CRITICAL
for 1m 33s
Soft 1/2
B2Bi queue health: "B2Bi Logger 19"
on
B2Bi Application Server - Stream 1A
CRITICAL - Queue "B2Bi Logger 19" ("logger_12913"/"queue_13"):
Request Successful!01-28 19:33:17
Request Successful!01-28 19:34:19
Request Successful!01-28 19:35:20
Request Successful!01-28 19:36:25
Request Successful!01-28 19:37:30
Request Successful!01-28 19:38:31
Request Successful!01-28 19:39:32
Request Successful!01-28 19:40:34
Request Successful!01-28 19:41:35
Request Successful!01-28 19:42:36
Request Successful!01-28 19:43:38
Request Successful!01-28 19:44:39
Request Successful!01-28 19:45:40
Request Successful!01-28 19:46:42
Request Successful!01-28 19:47:43
Request Successful!01-28 19:48:44
Request Successful!01-28 19:49:46
Request Successful!01-28 19:50:47
Request Successful!01-28 19:51:48
Request Successful!01-28 19:52:49
Request Successful!01-28 19:53:51
Request Successful!01-28 19:54:52
Request Successful!01-28 19:55:53
Request Successful!01-28 19:56:55
Request Successful!01-28 19:57:56
Request Successful!01-28 19:58:57
Request Successful!01-28 19:59:59
Request Successful!01-28 20:01:00
Request Successful!01-28 20:02:01
Request Successful!01-28 20:03:03
Request Successful!01-28 20:04:04
Request Successful!01-28 20:05:05
Request Successful!01-28 20:06:08
Request Successful!01-28 20:07:09
New alert more than 5 minutes! See details below: 
CRITICAL
for 1m 49s
Soft 1/2
B2Bi queue health: "B2Bi CI HME - PROD_Framework_Parallel_001.201_Serial_Dyn_10_ExecuteMasterDynMBC_HM"
on
B2Bi Application Server - Stream 1A
CRITICAL - Queue "B2Bi CI HME - PROD_Framework_Parallel_001.201_Serial_Dyn_10_ExecuteMasterDynMBC_HM" ("hierchmessage_2215"/"queue_13"):
Request Successful!01-28 20:08:21
Request Successful!01-28 20:09:22
Request Successful!01-28 20:10:23
Request Successful!01-28 20:11:25
Request Successful!01-28 20:12:26
Request Successful!01-28 20:13:27
Request Successful!01-28 20:14:28
Request Successful!01-28 20:15:30
Request Successful!01-28 20:16:31
Request Successful!01-28 20:17:32
Request Successful!01-28 20:18:34
Request Successful!01-28 20:19:35
Request Successful!01-28 20:20:36
Request Successful!01-28 20:21:38
Request Successful!01-28 20:22:39
Request Successful!01-28 20:23:40
Request Successful!01-28 20:24:42
Request Successful!01-28 20:25:43
Request Successful!01-28 20:26:44
Request Successful!01-28 20:27:46
Request Successful!01-28 20:28:47
Request Successful!01-28 20:29:48
Request Successful!01-28 20:30:50
Request Successful!01-28 20:31:51
Request Successful!01-28 20:32:52
Request Successful!01-28 20:33:54
Request Successful!01-28 20:34:55
Request Successful!01-28 20:35:56
Request Successful!01-28 20:36:58
Request Successful!01-28 20:37:59
Request Successful!01-28 20:39:00
Request Successful!01-28 20:40:02
Request Successful!01-28 20:41:03
Request Successful!01-28 20:42:04
Request Successful!01-28 20:43:06
Request Successful!01-28 20:44:07
Request Successful!01-28 20:45:08
Request Successful!01-28 20:46:10
Request Successful!01-28 20:47:11
Request Successful!01-28 20:48:12
Request Successful!01-28 20:49:13
Request Successful!01-28 20:50:15
Request Successful!01-28 20:51:16
Request Successful!01-28 20:52:17
Request Successful!01-28 20:53:19
Request Successful!01-28 20:54:20
Request Successful!01-28 20:55:22
Request Successful!01-28 20:56:23
New alert more than 5 minutes! See details below: 
CRITICAL
for 1m 46s
Soft 1/2
B2Bi queue health: "B2Bi Logger 16"
on
B2Bi Application Server - Stream 2A (Multicluster - VIP)
CRITICAL - Queue "B2Bi Logger 16" ("logger_1040"/"queue_16"):
Request Successful!01-28 20:57:35
Request Successful!01-28 20:58:36
Request Successful!01-28 20:59:37
Request Successful!01-28 21:00:39
Request Successful!01-28 21:01:40
Request Successful!01-28 21:02:41
Request Successful!01-28 21:03:43
Request Successful!01-28 21:04:44
Request Successful!01-28 21:05:46
Request Successful!01-28 21:06:47
Request Successful!01-28 21:07:48
Request Successful!01-28 21:08:50
Request Successful!01-28 21:09:51
Request Successful!01-28 21:10:53
Request Successful!01-28 21:11:54
Request Successful!01-28 21:12:56
Request Successful!01-28 21:13:57
Request Successful!01-28 21:14:58
Request Successful!01-28 21:16:00
Request Successful!01-28 21:17:01
Request Successful!01-28 21:18:02
Request Successful!01-28 21:19:04
Request Successful!01-28 21:20:05
Request Successful!01-28 21:21:06
Request Successful!01-28 21:22:08
Request Successful!01-28 21:23:10
Request Successful!01-28 21:24:12
Request Successful!01-28 21:25:14
Request Successful!01-28 21:26:15
Request Successful!01-28 21:27:17
Request Successful!01-28 21:28:18
Request Successful!01-28 21:29:19
Request Successful!01-28 21:30:21
Request Successful!01-28 21:31:22
Request Successful!01-28 21:32:23
Request Successful!01-28 21:33:25
Request Successful!01-28 21:34:26
Request Successful!01-28 21:35:27
Request Successful!01-28 21:36:29
Request Successful!01-28 21:37:30
Request Successful!01-28 21:38:31
Request Successful!01-28 21:39:33
Request Successful!01-28 21:40:34
Request Successful!01-28 21:41:36
Request Successful!01-28 21:42:37
Request Successful!01-28 21:43:38
Request Successful!01-28 21:44:40
Request Successful!01-28 21:45:41
New alert more than 5 minutes! See details below: 
CRITICAL
for 1m 31s
Soft 1/2
B2Bi queue health: "B2Bi Logger 10"
on
B2Bi Application Server - Stream 3C (Multicluster)
CRITICAL - Queue "B2Bi Logger 10" ("logger_1028"/"queue_16"):
Request Successful!01-28 21:46:53
Request Successful!01-28 21:47:54
Request Successful!01-28 21:48:55
Request Successful!01-28 21:49:57
Request Successful!01-28 21:50:58
Request Successful!01-28 21:52:00
Request Successful!01-28 21:53:01
Request Successful!01-28 21:54:02
Request Successful!01-28 21:55:03
Request Successful!01-28 21:56:05
Request Successful!01-28 21:57:06
Request Successful!01-28 21:58:08
Request Successful!01-28 21:59:09
Request Successful!01-28 22:00:10
Request Successful!01-28 22:01:12
Request Successful!01-28 22:02:13
Request Successful!01-28 22:03:14
Request Successful!01-28 22:04:16
Request Successful!01-28 22:05:17
New alert more than 5 minutes! See details below: 
CRITICAL
for 1m 29s
Soft 1/2
B2Bi queue health: "B2Bi Logger 10"
on
B2Bi Application Server - Stream 2A (Multicluster - VIP)
CRITICAL - Queue "B2Bi Logger 10" ("logger_1028"/"queue_16"):
Request Successful!01-28 22:06:29
Request Successful!01-28 22:07:30
Request Successful!01-28 22:08:31
Request Successful!01-28 22:09:33
Request Successful!01-28 22:10:34
Request Successful!01-28 22:11:35
Request Successful!01-28 22:12:36
Request Successful!01-28 22:13:38
Request Successful!01-28 22:14:39
Request Successful!01-28 22:15:41
Request Successful!01-28 22:16:42
Request Successful!01-28 22:17:43
Request Successful!01-28 22:18:45
Request Successful!01-28 22:19:46
Request Successful!01-28 22:20:47
Request Successful!01-28 22:21:49
Request Successful!01-28 22:22:50
Request Successful!01-28 22:23:52
Request Successful!01-28 22:24:53
Request Successful!01-28 22:25:54
Request Successful!01-28 22:26:55
Request Successful!01-28 22:27:57
Request Successful!01-28 22:28:58
Request Successful!01-28 22:29:59
Request Successful!01-28 22:31:01
Request Successful!01-28 22:32:02
Request Successful!01-28 22:33:04
Request Successful!01-28 22:34:05
Request Successful!01-28 22:35:06
Request Successful!01-28 22:36:07
Request Successful!01-28 22:37:09
Request Successful!01-28 22:38:10
Request Successful!01-28 22:39:12
Request Successful!01-28 22:40:13
Request Successful!01-28 22:41:14
Request Successful!01-28 22:42:16
Request Successful!01-28 22:43:17
Request Successful!01-28 22:44:18
Request Successful!01-28 22:45:20
Request Successful!01-28 22:46:21
Request Successful!01-28 22:47:22
Request Successful!01-28 22:48:24
Request Successful!01-28 22:49:25
Request Successful!01-28 22:50:26
Request Successful!01-28 22:51:28
Request Successful!01-28 22:52:29
Request Successful!01-28 22:53:30
Request Successful!01-28 22:54:32
Request Successful!01-28 22:55:33
Request Successful!01-28 22:56:34
Request Successful!01-28 22:57:36
Request Successful!01-28 22:58:37
Request Successful!01-28 22:59:38
Request Successful!01-28 23:00:40
Request Successful!01-28 23:01:41
Request Successful!01-28 23:02:42
Request Successful!01-28 23:03:44
Request Successful!01-28 23:04:45
Request Successful!01-28 23:05:46
Request Successful!01-28 23:06:48
Request Successful!01-28 23:07:49
Request Successful!01-28 23:08:50
Request Successful!01-28 23:09:52
Request Successful!01-28 23:10:53
Request Successful!01-28 23:11:54
Request Successful!01-28 23:12:56
Request Successful!01-28 23:13:57
Request Successful!01-28 23:14:58
Request Successful!01-28 23:16:00
Request Successful!01-28 23:17:01
Request Successful!01-28 23:18:02
Request Successful!01-28 23:19:04
Request Successful!01-28 23:20:05
Request Successful!01-28 23:21:06
Request Successful!01-28 23:22:07
Request Successful!01-28 23:23:09
Request Successful!01-28 23:24:10
Request Successful!01-28 23:25:11
Request Successful!01-28 23:26:13
Request Successful!01-28 23:27:14
