Request Successful!04-27 15:42:19
Request Successful!04-27 15:43:21
Request Successful!04-27 15:44:23
Request Successful!04-27 15:45:24
Request Successful!04-27 15:46:26
Request Successful!04-27 15:47:28
Request Successful!04-27 15:48:29
Request Successful!04-27 15:49:31
Request Successful!04-27 15:50:33
Request Successful!04-27 15:51:34
Request Successful!04-27 15:52:36
Request Successful!04-27 15:53:37
Request Successful!04-27 15:54:39
Request Successful!04-27 15:55:41
Request Successful!04-27 15:56:42
Request Successful!04-27 15:57:44
Request Successful!04-27 15:58:45
Request Successful!04-27 15:59:47
Request Successful!04-27 16:00:49
Request Successful!04-27 16:01:50
Request Successful!04-27 16:02:52
Request Successful!04-27 16:03:53
Request Successful!04-27 16:04:55
Request Successful!04-27 16:05:57
Request Successful!04-27 16:06:58
Request Successful!04-27 16:08:00
Request Successful!04-27 16:09:01
Request Successful!04-27 16:10:03
Request Successful!04-27 16:11:05
Request Successful!04-27 16:12:06
Request Successful!04-27 16:13:08
Request Successful!04-27 16:14:09
HTTPSConnectionPool(host='b2biprddep1.sl3.comp.db.de', port=443): Max retries exceeded with url: /icingaweb2/monitoring/list/services?service_problem=1&sort=service_severity&dir=desc (Caused by SSLError(SSLEOFError(8, '[SSL: UNEXPECTED_EOF_WHILE_READING] EOF occurred in violation of protocol (_ssl.c:1006)')))
Request Successful!04-27 16:16:47
Request Successful!04-27 16:17:49
Request Successful!04-27 16:18:50
Request Successful!04-27 16:19:52
Request Successful!04-27 16:20:54
Request Successful!04-27 16:21:55
Request Successful!04-27 16:22:57
Request Successful!04-27 16:23:59
Request Successful!04-27 16:25:00
Request Successful!04-27 16:26:02
Request Successful!04-27 16:27:03
Request Successful!04-27 16:28:05
Request Successful!04-27 16:29:07
Request Successful!04-27 16:30:08
Request Successful!04-27 16:31:10
Request Successful!04-27 16:32:12
Request Successful!04-27 16:33:13
Request Successful!04-27 16:34:15
Request Successful!04-27 16:35:17
Request Successful!04-27 16:36:18
Request Successful!04-27 16:37:20
Request Successful!04-27 16:38:21
Request Successful!04-27 16:39:23
Request Successful!04-27 16:40:25
Request Successful!04-27 16:41:26
Request Successful!04-27 16:42:28
Request Successful!04-27 16:43:30
Request Successful!04-27 16:44:31
Request Successful!04-27 16:45:33
Request Successful!04-27 16:46:35
Request Successful!04-27 16:47:36
Request Successful!04-27 16:48:38
Request Successful!04-27 16:49:39
Request Successful!04-27 16:50:41
Request Successful!04-27 16:51:43
Request Successful!04-27 16:52:44
Request Successful!04-27 16:53:46
Request Successful!04-27 16:54:48
Request Successful!04-27 16:55:49
Request Successful!04-27 16:56:51
Request Successful!04-27 16:57:52
Request Successful!04-27 16:58:54
Request Successful!04-27 16:59:56
Request Successful!04-27 17:00:57
Request Successful!04-27 17:01:59
Request Successful!04-27 17:03:01
Request Successful!04-27 17:04:02
Request Successful!04-27 17:05:04
Request Successful!04-27 17:06:06
Request Successful!04-27 17:07:07
Request Successful!04-27 17:08:09
Request Successful!04-27 17:09:10
Request Successful!04-27 17:10:12
Request Successful!04-27 17:11:14
Request Successful!04-27 17:12:16
Request Successful!04-27 17:13:17
Request Successful!04-27 17:14:19
Request Successful!04-27 17:15:21
Request Successful!04-27 17:16:22
Request Successful!04-27 17:17:24
Request Successful!04-27 17:18:26
Request Successful!04-27 17:19:27
Request Successful!04-27 17:20:29
Request Successful!04-27 17:21:31
Request Successful!04-27 17:22:33
Request Successful!04-27 17:23:34
Request Successful!04-27 17:24:36
Request Successful!04-27 17:25:37
Request Successful!04-27 17:26:39
Request Successful!04-27 17:27:41
Request Successful!04-27 17:28:42
Request Successful!04-27 17:29:44
Request Successful!04-27 17:30:46
Request Successful!04-27 17:31:48
Request Successful!04-27 17:32:49
Request Successful!04-27 17:33:51
Request Successful!04-27 17:34:53
Request Successful!04-27 17:35:54
Request Successful!04-27 17:36:56
Request Successful!04-27 17:37:58
Request Successful!04-27 17:38:59
Request Successful!04-27 17:40:01
Request Successful!04-27 17:41:02
Request Successful!04-27 17:42:04
Request Successful!04-27 17:43:06
Request Successful!04-27 17:44:07
Request Successful!04-27 17:45:09
Request Successful!04-27 17:46:11
Request Successful!04-27 17:47:12
Request Successful!04-27 17:48:14
Request Successful!04-27 17:49:16
Request Successful!04-27 17:50:17
Request Successful!04-27 17:51:19
Request Successful!04-27 17:52:21
Request Successful!04-27 17:53:22
Request Successful!04-27 17:54:24
Request Successful!04-27 17:55:26
Request Successful!04-27 17:56:28
Request Successful!04-27 17:57:29
Request Successful!04-27 17:58:31
Request Successful!04-27 17:59:33
Request Successful!04-27 18:00:35
Request Successful!04-27 18:01:36
Request Successful!04-27 18:02:38
Request Successful!04-27 18:03:39
Request Successful!04-27 18:04:41
Request Successful!04-27 18:05:43
Request Successful!04-27 18:06:44
Request Successful!04-27 18:07:46
Request Successful!04-27 18:08:48
Request Successful!04-27 18:09:49
Request Successful!04-27 18:10:51
Request Successful!04-27 18:11:53
Request Successful!04-27 18:12:54
Request Successful!04-27 18:13:56
Request Successful!04-27 18:14:58
Request Successful!04-27 18:15:59
Request Successful!04-27 18:17:01
Request Successful!04-27 18:18:03
Request Successful!04-27 18:19:04
Request Successful!04-27 18:20:06
Request Successful!04-27 18:21:08
Request Successful!04-27 18:22:09
Request Successful!04-27 18:23:11
Request Successful!04-27 18:24:12
Request Successful!04-27 18:25:14
Request Successful!04-27 18:26:16
Request Successful!04-27 18:27:17
Request Successful!04-27 18:28:19
Request Successful!04-27 18:29:21
Request Successful!04-27 18:30:22
Request Successful!04-27 18:31:24
Request Successful!04-27 18:32:25
Request Successful!04-27 18:33:27
Request Successful!04-27 18:34:29
Request Successful!04-27 18:35:31
Request Successful!04-27 18:36:32
Request Successful!04-27 18:37:34
Request Successful!04-27 18:38:36
Request Successful!04-27 18:39:37
Request Successful!04-27 18:40:39
Request Successful!04-27 18:41:41
Request Successful!04-27 18:42:43
Request Successful!04-27 18:43:44
Request Successful!04-27 18:44:46
Request Successful!04-27 18:45:48
Request Successful!04-27 18:46:50
Request Successful!04-27 18:47:52
Request Successful!04-27 18:48:54
Request Successful!04-27 18:49:55
Request Successful!04-27 18:50:57
Request Successful!04-27 18:51:59
Request Successful!04-27 18:53:01
Request Successful!04-27 18:54:03
Request Successful!04-27 18:55:05
Request Successful!04-27 18:56:07
Request Successful!04-27 18:57:08
Request Successful!04-27 18:58:10
Request Successful!04-27 18:59:12
Request Successful!04-27 19:00:15
Request Successful!04-27 19:01:16
Request Successful!04-27 19:02:18
Request Successful!04-27 19:03:20
Request Successful!04-27 19:04:22
Request Successful!04-27 19:05:24
Request Successful!04-27 19:06:26
Request Successful!04-27 19:07:27
Request Successful!04-27 19:08:29
Request Successful!04-27 19:09:31
Request Successful!04-27 19:10:33
Request Successful!04-27 19:11:35
Request Successful!04-27 19:12:37
HTTPSConnectionPool(host='b2biprddep1.sl3.comp.db.de', port=443): Max retries exceeded with url: /icingaweb2/monitoring/list/services?service_problem=1&sort=service_severity&dir=desc (Caused by SSLError(SSLEOFError(8, '[SSL: UNEXPECTED_EOF_WHILE_READING] EOF occurred in violation of protocol (_ssl.c:1006)')))
HTTPSConnectionPool(host='b2biprddep1.sl3.comp.db.de', port=443): Max retries exceeded with url: /icingaweb2/monitoring/list/services?service_problem=1&sort=service_severity&dir=desc (Caused by SSLError(SSLEOFError(8, '[SSL: UNEXPECTED_EOF_WHILE_READING] EOF occurred in violation of protocol (_ssl.c:1006)')))
Request Successful!04-27 19:16:06
Request Successful!04-27 19:17:08
Request Successful!04-27 19:18:10
Request Successful!04-27 19:19:12
Request Successful!04-27 19:20:14
Request Successful!04-27 19:21:15
Request Successful!04-27 19:22:17
Request Successful!04-27 19:23:19
Request Successful!04-27 19:24:21
Request Successful!04-27 19:25:23
Request Successful!04-27 19:26:25
Request Successful!04-27 19:27:27
Request Successful!04-27 19:28:29
Request Successful!04-27 19:29:31
Request Successful!04-27 19:30:33
Request Successful!04-27 19:31:35
Request Successful!04-27 19:32:37
Request Successful!04-27 19:33:39
Request Successful!04-27 19:34:41
Request Successful!04-27 19:35:43
Request Successful!04-27 19:36:45
Request Successful!04-27 19:37:47
Request Successful!04-27 19:38:49
Request Successful!04-27 19:39:51
Request Successful!04-27 19:40:53
Request Successful!04-27 19:41:55
Request Successful!04-27 19:42:57
Request Successful!04-27 19:43:59
Request Successful!04-27 19:45:01
Request Successful!04-27 19:46:03
Request Successful!04-27 19:47:05
Request Successful!04-27 19:48:06
Request Successful!04-27 19:49:08
Request Successful!04-27 19:50:10
Request Successful!04-27 19:51:12
Request Successful!04-27 19:52:14
Request Successful!04-27 19:53:16
Request Successful!04-27 19:54:19
Request Successful!04-27 19:55:21
Request Successful!04-27 19:56:23
New alert more than 5 minutes! See details below: 
CRITICAL
for 3m 15s
Check size of queue "LQ.CUST3C on "QM.SWORD"
on
MQM Server Production
CRITICAL - Queue depth exceeding critical limit
Request Successful!04-27 19:57:36
New alert more than 5 minutes! See details below: 
CRITICAL
for 4m 28s
Check size of queue "LQ.CUST3C on "QM.SWORD"
on
MQM Server Production
CRITICAL - Queue depth exceeding critical limit
Request Successful!04-27 19:58:48
New alert more than 5 minutes! See details below: 
CRITICAL
for 5m 40s
Check size of queue "LQ.CUST3C on "QM.SWORD"
on
MQM Server Production
CRITICAL - Queue depth exceeding critical limit
Request Successful!04-27 20:00:00
New alert more than 5 minutes! See details below: 
CRITICAL
for 6m 52s
Check size of queue "LQ.CUST3C on "QM.SWORD"
on
MQM Server Production
CRITICAL - Queue depth exceeding critical limit
Request Successful!04-27 20:01:13
Request Successful!04-27 20:02:15
Request Successful!04-27 20:03:17
Request Successful!04-27 20:04:18
Request Successful!04-27 20:05:20
Request Successful!04-27 20:06:22
Request Successful!04-27 20:07:24
Request Successful!04-27 20:08:26
Request Successful!04-27 20:09:28
Request Successful!04-27 20:10:29
Request Successful!04-27 20:11:32
Request Successful!04-27 20:12:33
Request Successful!04-27 20:13:35
Request Successful!04-27 20:14:37
Request Successful!04-27 20:15:39
Request Successful!04-27 20:16:41
Request Successful!04-27 20:17:43
Request Successful!04-27 20:18:44
Request Successful!04-27 20:19:46
Request Successful!04-27 20:20:48
Request Successful!04-27 20:21:50
Request Successful!04-27 20:22:52
Request Successful!04-27 20:23:53
Request Successful!04-27 20:24:55
Request Successful!04-27 20:25:57
Request Successful!04-27 20:26:59
Request Successful!04-27 20:28:00
Request Successful!04-27 20:29:02
Request Successful!04-27 20:30:04
Request Successful!04-27 20:31:06
Request Successful!04-27 20:32:08
Request Successful!04-27 20:33:09
Request Successful!04-27 20:34:11
Request Successful!04-27 20:35:13
Request Successful!04-27 20:36:15
Request Successful!04-27 20:37:17
Request Successful!04-27 20:38:18
Request Successful!04-27 20:39:20
Request Successful!04-27 20:40:22
Request Successful!04-27 20:41:24
Request Successful!04-27 20:42:25
Request Successful!04-27 20:43:27
Request Successful!04-27 20:44:29
Request Successful!04-27 20:45:31
Request Successful!04-27 20:46:32
Request Successful!04-27 20:47:34
Request Successful!04-27 20:48:36
Request Successful!04-27 20:49:38
Request Successful!04-27 20:50:39
Request Successful!04-27 20:51:41
Request Successful!04-27 20:52:43
Request Successful!04-27 20:53:46
Request Successful!04-27 20:54:48
Request Successful!04-27 20:55:49
Request Successful!04-27 20:56:51
Request Successful!04-27 20:57:53
Request Successful!04-27 20:58:55
Request Successful!04-27 20:59:57
Request Successful!04-27 21:00:59
Request Successful!04-27 21:02:01
Request Successful!04-27 21:03:03
Request Successful!04-27 21:04:04
Request Successful!04-27 21:05:06
Request Successful!04-27 21:06:09
Request Successful!04-27 21:07:10
Request Successful!04-27 21:08:13
Request Successful!04-27 21:09:15
Request Successful!04-27 21:10:17
Request Successful!04-27 21:11:18
Request Successful!04-27 21:12:20
Request Successful!04-27 21:13:22
Request Successful!04-27 21:14:24
Request Successful!04-27 21:15:26
Request Successful!04-27 21:16:28
Request Successful!04-27 21:17:29
Request Successful!04-27 21:18:32
Request Successful!04-27 21:19:34
Request Successful!04-27 21:20:36
Request Successful!04-27 21:21:52
Request Successful!04-27 21:22:59
Request Successful!04-27 21:24:01
Request Successful!04-27 21:25:03
Request Successful!04-27 21:26:05
Request Successful!04-27 21:27:07
Request Successful!04-27 21:28:09
Request Successful!04-27 21:29:11
Request Successful!04-27 21:30:13
Request Successful!04-27 21:31:15
Request Successful!04-27 21:32:17
Request Successful!04-27 21:33:19
Request Successful!04-27 21:34:21
Request Successful!04-27 21:35:23
Request Successful!04-27 21:36:25
Request Successful!04-27 21:37:27
Request Successful!04-27 21:38:28
Request Successful!04-27 21:39:30
Request Successful!04-27 21:40:32
Request Successful!04-27 21:41:34
Request Successful!04-27 21:42:36
Request Successful!04-27 21:43:38
Request Successful!04-27 21:44:40
Request Successful!04-27 21:45:41
Request Successful!04-27 21:46:43
Request Successful!04-27 21:47:45
Request Successful!04-27 21:48:47
Request Successful!04-27 21:49:49
Request Successful!04-27 21:50:51
Request Successful!04-27 21:51:53
Request Successful!04-27 21:52:55
Request Successful!04-27 21:53:57
Request Successful!04-27 21:54:59
Request Successful!04-27 21:56:01
Request Successful!04-27 21:57:03
Request Successful!04-27 21:58:06
Request Successful!04-27 21:59:08
Request Successful!04-27 22:00:10
Request Successful!04-27 22:01:12
Request Successful!04-27 22:02:14
Request Successful!04-27 22:03:16
Request Successful!04-27 22:04:18
Request Successful!04-27 22:05:20
Request Successful!04-27 22:06:22
Request Successful!04-27 22:07:23
Request Successful!04-27 22:08:25
Request Successful!04-27 22:09:27
Request Successful!04-27 22:10:29
Request Successful!04-27 22:11:31
Request Successful!04-27 22:12:33
Request Successful!04-27 22:13:34
HTTPSConnectionPool(host='b2biprddep1.sl3.comp.db.de', port=443): Max retries exceeded with url: /icingaweb2/monitoring/list/services?service_problem=1&sort=service_severity&dir=desc (Caused by SSLError(SSLEOFError(8, '[SSL: UNEXPECTED_EOF_WHILE_READING] EOF occurred in violation of protocol (_ssl.c:1006)')))
HTTPSConnectionPool(host='b2biprddep1.sl3.comp.db.de', port=443): Max retries exceeded with url: /icingaweb2/monitoring/list/services?service_problem=1&sort=service_severity&dir=desc (Caused by SSLError(SSLEOFError(8, '[SSL: UNEXPECTED_EOF_WHILE_READING] EOF occurred in violation of protocol (_ssl.c:1006)')))
HTTPSConnectionPool(host='b2biprddep1.sl3.comp.db.de', port=443): Max retries exceeded with url: /icingaweb2/monitoring/list/services?service_problem=1&sort=service_severity&dir=desc (Caused by SSLError(SSLEOFError(8, '[SSL: UNEXPECTED_EOF_WHILE_READING] EOF occurred in violation of protocol (_ssl.c:1006)')))
Request Successful!04-27 22:19:25
Request Successful!04-27 22:20:27
Request Successful!04-27 22:21:29
Request Successful!04-27 22:22:30
Request Successful!04-27 22:23:32
Request Successful!04-27 22:24:34
Request Successful!04-27 22:25:36
Request Successful!04-27 22:26:38
Request Successful!04-27 22:27:40
Request Successful!04-27 22:28:42
Request Successful!04-27 22:29:44
Request Successful!04-27 22:30:46
Request Successful!04-27 22:31:47
Request Successful!04-27 22:32:49
Request Successful!04-27 22:33:51
Request Successful!04-27 22:34:53
Request Successful!04-27 22:35:55
Request Successful!04-27 22:36:57
Request Successful!04-27 22:37:59
Request Successful!04-27 22:39:01
Request Successful!04-27 22:40:03
Request Successful!04-27 22:41:05
Request Successful!04-27 22:42:06
Request Successful!04-27 22:43:08
Request Successful!04-27 22:44:10
Request Successful!04-27 22:45:12
Request Successful!04-27 22:46:14
Request Successful!04-27 22:47:15
Request Successful!04-27 22:48:17
Request Successful!04-27 22:49:19
Request Successful!04-27 22:50:21
Request Successful!04-27 22:51:23
Request Successful!04-27 22:52:25
Request Successful!04-27 22:53:26
Request Successful!04-27 22:54:28
Request Successful!04-27 22:55:30
Request Successful!04-27 22:56:32
Request Successful!04-27 22:57:34
Request Successful!04-27 22:58:36
Request Successful!04-27 22:59:38
Request Successful!04-27 23:00:40
Request Successful!04-27 23:01:42
Request Successful!04-27 23:02:44
Request Successful!04-27 23:03:45
Request Successful!04-27 23:04:47
Request Successful!04-27 23:05:49
Request Successful!04-27 23:06:51
Request Successful!04-27 23:07:53
Request Successful!04-27 23:08:55
Request Successful!04-27 23:09:57
Request Successful!04-27 23:10:58
Request Successful!04-27 23:12:00
Request Successful!04-27 23:13:02
Request Successful!04-27 23:14:04
Request Successful!04-27 23:15:06
Request Successful!04-27 23:16:08
Request Successful!04-27 23:17:10
Request Successful!04-27 23:18:13
Request Successful!04-27 23:19:15
Request Successful!04-27 23:20:17
Request Successful!04-27 23:21:19
Request Successful!04-27 23:22:21
Request Successful!04-27 23:23:23
Request Successful!04-27 23:24:25
Request Successful!04-27 23:25:26
Request Successful!04-27 23:26:29
Request Successful!04-27 23:27:30
Request Successful!04-27 23:28:32
Request Successful!04-27 23:29:34
Request Successful!04-27 23:30:36
Request Successful!04-27 23:31:38
