Request Successful!10-25 15:39:23
Request Successful!10-25 15:42:25
Request Successful!10-25 15:45:27
Request Successful!10-25 15:48:28
Request Successful!10-25 15:51:30
Request Successful!10-25 15:54:32
Request Successful!10-25 15:57:34
Request Successful!10-25 16:00:36
Request Successful!10-25 16:03:38
Request Successful!10-25 16:06:40
Request Successful!10-25 16:09:41
Request Successful!10-25 16:12:43
Request Successful!10-25 16:15:45
Request Successful!10-25 16:18:46
Request Successful!10-25 16:21:48
Request Successful!10-25 16:24:50
Request Successful!10-25 16:27:51
Request Successful!10-25 16:30:53
Request Successful!10-25 16:33:54
Request Successful!10-25 16:36:56
Request Successful!10-25 16:39:59
Request Successful!10-25 16:43:00
Request Successful!10-25 16:46:02
Request Successful!10-25 16:49:04
New alert more than 5 minutes! See details below: 
CRITICAL
for 3m 19s
B2Bi queue health: "B2Bi CI HME - PROD_Framework_Parallel_001.Z_Local_402_Serial_Out_20_InhouseEnveloper(Inhouse)_4_SAG_ETGOIT_HM"
on
B2Bi Application Server - Stream 1B
CRITICAL - Queue "B2Bi CI HME - PROD_Framework_Parallel_001.Z_Local_402_Serial_Out_20_InhouseEnveloper(Inhouse)_4_SAG_ETGOIT_HM" ("hierchmessage_11217"/"queue_13"):
Request Successful!10-25 16:52:16
New alert more than 5 minutes! See details below: 
CRITICAL
for 6m 31s
B2Bi queue health: "B2Bi CI HME - PROD_Framework_Parallel_001.Z_Local_402_Serial_Out_20_InhouseEnveloper(Inhouse)_4_SAG_ETGOIT_HM"
on
B2Bi Application Server - Stream 1B
CRITICAL - Queue "B2Bi CI HME - PROD_Framework_Parallel_001.Z_Local_402_Serial_Out_20_InhouseEnveloper(Inhouse)_4_SAG_ETGOIT_HM" ("hierchmessage_11217"/"queue_13"):
Request Successful!10-25 16:55:28
Request Successful!10-25 16:58:30
Request Successful!10-25 17:01:32
Request Successful!10-25 17:04:33
Request Successful!10-25 17:07:35
Request Successful!10-25 17:10:37
Request Successful!10-25 17:13:38
Request Successful!10-25 17:16:40
Request Successful!10-25 17:19:42
Request Successful!10-25 17:22:43
Request Successful!10-25 17:25:45
Request Successful!10-25 17:28:47
Request Successful!10-25 17:31:48
Request Successful!10-25 17:34:50
Request Successful!10-25 17:37:51
Request Successful!10-25 17:40:54
Request Successful!10-25 17:43:56
Request Successful!10-25 17:46:57
Request Successful!10-25 17:49:59
Request Successful!10-25 17:53:00
Request Successful!10-25 17:56:01
Request Successful!10-25 17:59:03
Request Successful!10-25 18:02:05
Request Successful!10-25 18:05:07
Request Successful!10-25 18:08:09
Request Successful!10-25 18:11:10
Request Successful!10-25 18:14:12
Request Successful!10-25 18:17:13
Request Successful!10-25 18:20:15
Request Successful!10-25 18:23:16
Request Successful!10-25 18:26:18
Request Successful!10-25 18:29:19
Request Successful!10-25 18:32:21
Request Successful!10-25 18:35:22
Request Successful!10-25 18:55:04
New alert more than 5 minutes! See details below: 
CRITICAL
for 5m 19s
B2Bi queue health: "B2Bi CI HME - PROD_Framework_Parallel_001.101_Parallel_Dyn_10_ExecuteMasterDynMBC_HM"
on
B2Bi Application Server - Stream 3E (Multicluster)
CRITICAL - Queue "B2Bi CI HME - PROD_Framework_Parallel_001.101_Parallel_Dyn_10_ExecuteMasterDynMBC_HM" ("hierchmessage_9931"/"queue_16"):
Request Successful!10-25 18:58:40
Request Successful!10-25 19:01:42
Request Successful!10-25 19:04:44
Request Successful!10-25 19:07:46
Request Successful!10-25 19:10:48
Request Successful!10-25 19:13:50
Request Successful!10-25 19:16:52
Request Successful!10-25 19:19:54
Request Successful!10-25 19:22:56
Request Successful!10-25 19:25:58
Request Successful!10-25 19:29:00
Request Successful!10-25 19:44:35
Request Successful!10-25 19:47:38
Request Successful!10-25 19:50:40
check if there is a ticket. One critical alert is existed since 18:49
Request Successful!10-25 19:53:41
check if there is a ticket. One critical alert is existed since 18:49
Request Successful!10-25 19:56:42
check if there is a ticket. One critical alert is existed since 18:49
Request Successful!10-25 19:59:44
check if there is a ticket. One critical alert is existed since 18:49
Request Successful!10-25 20:02:45
check if there is a ticket. One critical alert is existed since 18:49
Request Successful!10-25 20:05:47
check if there is a ticket. One critical alert is existed since 18:49
Request Successful!10-25 20:08:48
check if there is a ticket. One critical alert is existed since 18:49
Request Successful!10-25 20:11:50
check if there is a ticket. One critical alert is existed since 18:49
Request Successful!10-25 20:14:51
check if there is a ticket. One critical alert is existed since 18:49
Request Successful!10-25 20:17:53
check if there is a ticket. One critical alert is existed since 18:49
Request Successful!10-25 20:20:54
check if there is a ticket. One critical alert is existed since 18:49
Request Successful!10-25 20:23:56
check if there is a ticket. One critical alert is existed since 18:49
Request Successful!10-25 20:26:57
check if there is a ticket. One critical alert is existed since 18:49
Request Successful!10-25 20:29:59
check if there is a ticket. One critical alert is existed since 18:49
Request Successful!10-25 20:33:01
check if there is a ticket. One critical alert is existed since 18:49
Request Successful!10-25 20:36:02
check if there is a ticket. One critical alert is existed since 18:49
Request Successful!10-25 20:39:04
check if there is a ticket. One critical alert is existed since 18:49
Request Successful!10-25 20:42:05
check if there is a ticket. One critical alert is existed since 18:49
Request Successful!10-25 20:45:07
check if there is a ticket. One critical alert is existed since 18:49
Request Successful!10-25 20:48:08
check if there is a ticket. One critical alert is existed since 18:49
Request Successful!10-25 20:51:10
check if there is a ticket. One critical alert is existed since 18:49
Request Successful!10-25 20:54:11
check if there is a ticket. One critical alert is existed since 18:49
Request Successful!10-25 20:57:13
Request Successful!10-25 21:00:14
Request Successful!10-25 21:03:16
Request Successful!10-25 21:06:18
Request Successful!10-25 21:09:19
Request Successful!10-25 21:12:21
Request Successful!10-25 21:15:22
Request Successful!10-25 21:18:24
Request Successful!10-25 21:21:25
Request Successful!10-25 21:24:27
Request Successful!10-25 21:27:28
Request Successful!10-25 21:30:31
Request Successful!10-25 21:33:32
Request Successful!10-25 21:36:34
Request Successful!10-25 21:39:35
Request Successful!10-25 21:42:37
Request Successful!10-25 21:45:38
Request Successful!10-25 21:48:40
Request Successful!10-25 21:51:41
Request Successful!10-25 21:54:43
Request Successful!10-25 21:57:44
Request Successful!10-25 22:00:46
Request Successful!10-25 22:03:47
Request Successful!10-25 22:06:49
Request Successful!10-25 22:09:50
Request Successful!10-25 22:12:52
Request Successful!10-25 22:15:53
Request Successful!10-25 22:18:55
Request Successful!10-25 22:21:56
Request Successful!10-25 22:24:58
Request Successful!10-25 22:27:59
Request Successful!10-25 22:31:00
Request Successful!10-25 22:34:02
Request Successful!10-25 22:37:03
Request Successful!10-25 22:40:05
Request Successful!10-25 22:43:06
Request Successful!10-25 22:46:07
Request Successful!10-25 22:49:09
Request Successful!10-25 22:52:10
Request Successful!10-25 22:55:11
Request Successful!10-25 22:58:13
Request Successful!10-25 23:01:14
Request Successful!10-25 23:04:16
Request Successful!10-25 23:07:18
Request Successful!10-25 23:10:20
