Request Successful!06-28 15:31:17
Request Successful!06-28 15:34:19
Request Successful!06-28 15:37:22
Request Successful!06-28 15:40:24
Request Successful!06-28 15:43:27
Request Successful!06-28 15:46:31
Request Successful!06-28 15:49:33
Request Successful!06-28 15:52:35
Request Successful!06-28 15:55:37
Request Successful!06-28 15:58:38
Request Successful!06-28 16:01:40
Request Successful!06-28 16:04:43
Request Successful!06-28 16:07:48
Request Successful!06-28 16:10:50
Request Successful!06-28 16:13:53
Request Successful!06-28 16:16:57
Request Successful!06-28 16:20:13
Request Successful!06-28 16:23:16
Request Successful!06-28 16:26:18
Request Successful!06-28 16:29:21
Request Successful!06-28 16:32:25
Request Successful!06-28 16:35:27
Request Successful!06-28 16:38:29
Request Successful!06-28 16:41:34
Request Successful!06-28 16:44:38
Request Successful!06-28 16:47:40
Request Successful!06-28 16:50:46
Request Successful!06-28 16:53:49
Request Successful!06-28 16:56:51
Request Successful!06-28 16:59:53
Request Successful!06-28 17:02:55
Request Successful!06-28 17:05:57
Request Successful!06-28 17:08:59
Request Successful!06-28 17:12:01
Request Successful!06-28 17:15:04
Request Successful!06-28 17:18:06
Request Successful!06-28 17:21:08
Request Successful!06-28 17:24:10
Request Successful!06-28 17:27:12
Request Successful!06-28 17:30:15
Request Successful!06-28 17:33:17
Request Successful!06-28 17:36:19
Request Successful!06-28 17:39:22
Request Successful!06-28 17:42:26
Request Successful!06-28 17:45:29
Request Successful!06-28 17:48:31
Request Successful!06-28 17:51:33
Request Successful!06-28 17:54:35
Request Successful!06-28 17:57:38
Request Successful!06-28 18:00:40
Request Successful!06-28 18:03:42
Request Successful!06-28 18:06:43
Request Successful!06-28 18:09:45
Request Successful!06-28 18:12:46
Request Successful!06-28 18:15:48
Request Successful!06-28 18:18:50
Request Successful!06-28 18:21:52
Request Successful!06-28 18:24:53
Request Successful!06-28 18:27:55
Request Successful!06-28 18:30:56
Request Successful!06-28 18:33:58
Request Successful!06-28 18:36:59
Request Successful!06-28 18:40:01
Request Successful!06-28 18:43:03
Request Successful!06-28 18:46:04
Request Successful!06-28 18:49:06
Request Successful!06-28 18:52:07
Request Successful!06-28 18:55:09
Request Successful!06-28 18:58:11
Request Successful!06-28 19:01:12
Request Successful!06-28 19:04:14
Request Successful!06-28 19:07:16
Request Successful!06-28 19:10:17
Request Successful!06-28 19:13:19
Request Successful!06-28 19:16:21
Request Successful!06-28 19:19:22
Request Successful!06-28 19:22:24
Request Successful!06-28 19:25:26
Request Successful!06-28 19:28:27
Request Successful!06-28 19:31:29
Request Successful!06-28 19:34:30
Request Successful!06-28 19:37:32
Request Successful!06-28 19:40:34
Request Successful!06-28 19:43:35
Request Successful!06-28 19:46:37
Request Successful!06-28 19:49:39
Request Successful!06-28 19:52:40
Request Successful!06-28 19:55:42
Request Successful!06-28 19:58:43
Request Successful!06-28 20:01:45
Request Successful!06-28 20:04:47
Request Successful!06-28 20:07:48
Request Successful!06-28 20:10:50
Request Successful!06-28 20:13:51
Request Successful!06-28 20:16:53
Request Successful!06-28 20:19:54
Request Successful!06-28 20:22:56
Request Successful!06-28 20:26:00
Request Successful!06-28 20:29:01
Request Successful!06-28 20:32:03
Request Successful!06-28 20:35:04
Request Successful!06-28 20:38:06
Request Successful!06-28 20:41:07
Request Successful!06-28 20:44:09
Request Successful!06-28 20:47:11
Request Successful!06-28 20:50:12
Request Successful!06-28 20:53:14
Request Successful!06-28 20:56:15
Request Successful!06-28 20:59:17
Request Successful!06-28 21:02:19
Request Successful!06-28 21:05:20
Request Successful!06-28 21:08:22
Request Successful!06-28 21:11:23
Request Successful!06-28 21:14:25
Request Successful!06-28 21:17:27
Request Successful!06-28 21:20:28
Request Successful!06-28 21:23:30
Request Successful!06-28 21:26:31
Request Successful!06-28 21:29:33
Request Successful!06-28 21:32:34
Request Successful!06-28 21:35:36
Request Successful!06-28 21:38:37
Request Successful!06-28 21:41:39
Request Successful!06-28 21:44:41
Request Successful!06-28 21:47:42
Request Successful!06-28 21:50:44
Request Successful!06-28 21:53:46
Request Successful!06-28 21:56:47
Request Successful!06-28 21:59:49
Request Successful!06-28 22:02:50
Request Successful!06-28 22:05:52
Request Successful!06-28 22:08:53
Request Successful!06-28 22:11:55
Request Successful!06-28 22:14:56
Request Successful!06-28 22:17:58
Request Successful!06-28 22:21:00
Request Successful!06-28 22:24:01
Request Successful!06-28 22:27:03
Request Successful!06-28 22:30:05
Request Successful!06-28 22:33:06
Request Successful!06-28 22:36:08
New alert more than 5 minutes! See details below: 
CRITICAL
for 4m 31s
Check size of queue "LQ.C2K.FROM.RIEGE on "QM.SWORD"
on
MQM Server Production
CRITICAL - Queue depth exceeding critical limit
Request Successful!06-28 22:39:19
Request Successful!06-28 22:42:21
Request Successful!06-28 22:45:22
Request Successful!06-28 22:48:24
Request Successful!06-28 22:51:25
Request Successful!06-28 22:54:27
Request Successful!06-28 22:57:28
Request Successful!06-28 23:00:30
Request Successful!06-28 23:03:31
