Request Successful!03-19 18:43:58
Request Successful!03-19 18:45:00
Request Successful!03-19 18:46:01
Request Successful!03-19 18:47:03
New alert more than 5 minutes! See details below: 
CRITICAL
for 1m 8s
Soft 1/2
B2Bi queue health: "B2Bi Logger 18"
on
B2Bi Application Server - Stream 1A
CRITICAL - Queue "B2Bi Logger 18" ("logger_12490"/"queue_13"):
Request Successful!03-19 18:48:14
New alert more than 5 minutes! See details below: 
CRITICAL
for 1m 56s
Soft 1/2
B2Bi queue health: "B2Bi CI HME - PROD_Framework_Parallel_001.401_SerialSTD_Dyn_10_ExecuteMasterDynMBC_HM"
on
B2Bi Application Server - Stream 1C
CRITICAL - Queue "B2Bi CI HME - PROD_Framework_Parallel_001.401_SerialSTD_Dyn_10_ExecuteMasterDynMBC_HM" ("hierchmessage_7335"/"queue_13"):
Request Successful!03-19 18:49:25
Request Successful!03-19 18:50:27
Request Successful!03-19 18:51:28
Request Successful!03-19 18:52:30
Request Successful!03-19 18:53:31
Request Successful!03-19 18:54:32
Request Successful!03-19 18:55:33
Request Successful!03-19 18:56:35
Request Successful!03-19 18:57:36
Request Successful!03-19 18:58:37
Request Successful!03-19 18:59:39
Request Successful!03-19 19:00:40
Request Successful!03-19 19:01:42
Request Successful!03-19 19:02:43
Request Successful!03-19 19:03:44
Request Successful!03-19 19:04:46
Request Successful!03-19 19:05:47
Request Successful!03-19 19:06:48
Request Successful!03-19 19:07:49
Request Successful!03-19 19:08:51
Request Successful!03-19 19:09:52
Request Successful!03-19 19:10:54
Request Successful!03-19 19:11:55
Request Successful!03-19 19:12:56
Request Successful!03-19 19:13:58
Request Successful!03-19 19:14:59
Request Successful!03-19 19:16:00
Request Successful!03-19 19:17:02
Request Successful!03-19 19:18:03
Request Successful!03-19 19:19:05
Request Successful!03-19 19:20:07
Request Successful!03-19 19:21:08
Request Successful!03-19 19:22:10
New alert more than 5 minutes! See details below: 
CRITICAL
for 1m 38s
Soft 1/2
B2Bi queue health: "B2Bi CI HME - PROD_Framework_Parallel_001.201_Serial_Dyn_10_ExecuteMasterDynMBC_HM"
on
B2Bi Application Server - Stream 1A
CRITICAL - Queue "B2Bi CI HME - PROD_Framework_Parallel_001.201_Serial_Dyn_10_ExecuteMasterDynMBC_HM" ("hierchmessage_2215"/"queue_13"):
Request Successful!03-19 19:23:22
Request Successful!03-19 19:24:23
Request Successful!03-19 19:25:25
Request Successful!03-19 19:26:27
Request Successful!03-19 19:27:28
Request Successful!03-19 19:28:30
Request Successful!03-19 19:29:32
Request Successful!03-19 19:30:34
Request Successful!03-19 19:31:35
Request Successful!03-19 19:32:37
Request Successful!03-19 19:33:39
Request Successful!03-19 19:34:40
Request Successful!03-19 19:35:42
Request Successful!03-19 19:36:44
Request Successful!03-19 19:37:45
Request Successful!03-19 19:38:47
Request Successful!03-19 19:39:49
Request Successful!03-19 19:40:50
Request Successful!03-19 19:41:52
Request Successful!03-19 19:42:54
Request Successful!03-19 19:43:55
Request Successful!03-19 19:44:57
Request Successful!03-19 19:45:59
Request Successful!03-19 19:47:00
Request Successful!03-19 19:48:02
Request Successful!03-19 19:49:04
Request Successful!03-19 19:50:05
Request Successful!03-19 19:51:06
Request Successful!03-19 19:52:08
Request Successful!03-19 19:53:09
Request Successful!03-19 19:54:11
Request Successful!03-19 19:55:12
Request Successful!03-19 19:56:14
Request Successful!03-19 19:57:15
Request Successful!03-19 19:58:17
Request Successful!03-19 19:59:18
Request Successful!03-19 20:00:20
Request Successful!03-19 20:01:21
Request Successful!03-19 20:02:22
Request Successful!03-19 20:03:24
Request Successful!03-19 20:04:26
Request Successful!03-19 20:05:28
Request Successful!03-19 20:06:29
Request Successful!03-19 20:07:31
Request Successful!03-19 20:08:33
Request Successful!03-19 20:09:34
Request Successful!03-19 20:10:36
Request Successful!03-19 20:11:38
Request Successful!03-19 20:12:39
Request Successful!03-19 20:13:41
Request Successful!03-19 20:14:43
Request Successful!03-19 20:15:44
Request Successful!03-19 20:16:46
Request Successful!03-19 20:17:48
Request Successful!03-19 20:18:49
Request Successful!03-19 20:19:51
Request Successful!03-19 20:20:53
Request Successful!03-19 20:21:54
Request Successful!03-19 20:22:56
Request Successful!03-19 20:23:58
New alert more than 5 minutes! See details below: 
CRITICAL
for 1m 13s
Soft 1/2
B2Bi queue health: "B2Bi Logger 12"
on
B2Bi Application Server - Stream 2A (Multicluster - VIP)
CRITICAL - Queue "B2Bi Logger 12" ("logger_1032"/"queue_16"):
Request Successful!03-19 20:25:10
Request Successful!03-19 20:26:11
Request Successful!03-19 20:27:13
Request Successful!03-19 20:28:15
Request Successful!03-19 20:29:16
Request Successful!03-19 20:30:18
Request Successful!03-19 20:31:20
Request Successful!03-19 20:32:21
Request Successful!03-19 20:33:23
Request Successful!03-19 20:34:24
Request Successful!03-19 20:35:26
Request Successful!03-19 20:36:28
Request Successful!03-19 20:37:29
Request Successful!03-19 20:38:31
Request Successful!03-19 20:39:32
Request Successful!03-19 20:40:34
Request Successful!03-19 20:41:36
Request Successful!03-19 20:42:37
Request Successful!03-19 20:43:39
Request Successful!03-19 20:44:40
Request Successful!03-19 20:45:41
Request Successful!03-19 20:46:43
Request Successful!03-19 20:47:44
Request Successful!03-19 20:48:46
Request Successful!03-19 20:49:47
Request Successful!03-19 20:50:49
Request Successful!03-19 20:51:50
Request Successful!03-19 20:52:51
Request Successful!03-19 20:53:53
Request Successful!03-19 20:54:54
Request Successful!03-19 20:55:56
Request Successful!03-19 20:56:57
Request Successful!03-19 20:57:59
Request Successful!03-19 20:59:00
Request Successful!03-19 21:00:02
Request Successful!03-19 21:01:03
Request Successful!03-19 21:02:05
Request Successful!03-19 21:03:06
Request Successful!03-19 21:04:08
Request Successful!03-19 21:05:09
Request Successful!03-19 21:06:11
Request Successful!03-19 21:07:12
Request Successful!03-19 21:08:14
Request Successful!03-19 21:09:16
Request Successful!03-19 21:10:17
Request Successful!03-19 21:11:19
Request Successful!03-19 21:12:21
Request Successful!03-19 21:13:22
Request Successful!03-19 21:14:24
Request Successful!03-19 21:15:26
Request Successful!03-19 21:16:28
Request Successful!03-19 21:17:30
Request Successful!03-19 21:18:31
Request Successful!03-19 21:19:33
Request Successful!03-19 21:20:35
Request Successful!03-19 21:21:36
New alert more than 5 minutes! See details below: 
CRITICAL
for 1m 2s
Soft 1/2
B2Bi queue health: "B2Bi CI HME - PROD_Framework_Parallel_001.201_Serial_Dyn_10_ExecuteMasterDynMBC_HM"
on
B2Bi Application Server - Stream 1A
CRITICAL - Queue "B2Bi CI HME - PROD_Framework_Parallel_001.201_Serial_Dyn_10_ExecuteMasterDynMBC_HM" ("hierchmessage_2215"/"queue_13"):
Request Successful!03-19 21:22:47
Request Successful!03-19 21:23:48
Request Successful!03-19 21:24:50
Request Successful!03-19 21:25:51
Request Successful!03-19 21:26:52
Request Successful!03-19 21:27:54
Request Successful!03-19 21:28:55
Request Successful!03-19 21:29:57
New alert more than 5 minutes! See details below: 
CRITICAL
for 1m 3s
Soft 1/2
B2Bi queue health: "B2Bi CI HME - PROD_FrameworkEMAIL.005_EMAIL_20_ComDetect_HM"
on
B2Bi Application Server - Stream 1A
CRITICAL - Queue "B2Bi CI HME - PROD_FrameworkEMAIL.005_EMAIL_20_ComDetect_HM" ("hierchmessage_1880"/"queue_13"):
Request Successful!03-19 21:31:08
Request Successful!03-19 21:32:09
Request Successful!03-19 21:33:10
Request Successful!03-19 21:34:12
Request Successful!03-19 21:35:13
Request Successful!03-19 21:36:15
Request Successful!03-19 21:37:16
Request Successful!03-19 21:38:18
Request Successful!03-19 21:39:19
Request Successful!03-19 21:40:21
Request Successful!03-19 21:41:22
Request Successful!03-19 21:42:24
Request Successful!03-19 21:43:25
Request Successful!03-19 21:44:26
Request Successful!03-19 21:45:28
Request Successful!03-19 21:46:29
Request Successful!03-19 21:47:31
Request Successful!03-19 21:48:32
Request Successful!03-19 21:49:33
Request Successful!03-19 21:50:35
Request Successful!03-19 21:51:36
Request Successful!03-19 21:52:38
New alert more than 5 minutes! See details below: 
CRITICAL
for 1m 50s
Soft 1/2
B2Bi queue health: "B2Bi CI HME - PROD_Framework_Parallel_001.201_Serial_Dyn_10_ExecuteMasterDynMBC_HM"
on
B2Bi Application Server - Stream 1A
CRITICAL - Queue "B2Bi CI HME - PROD_Framework_Parallel_001.201_Serial_Dyn_10_ExecuteMasterDynMBC_HM" ("hierchmessage_2215"/"queue_13"):
Request Successful!03-19 21:53:49
Request Successful!03-19 21:54:51
Request Successful!03-19 21:55:52
Request Successful!03-19 21:56:54
Request Successful!03-19 21:57:55
Request Successful!03-19 21:58:57
Request Successful!03-19 21:59:58
Request Successful!03-19 22:00:59
New alert more than 5 minutes! See details below: 
CRITICAL
for 1m 9s
Soft 1/2
B2Bi queue health: "B2Bi Logger 17"
on
B2Bi Application Server - Stream 3D (Multicluster)
CRITICAL - Queue "B2Bi Logger 17" ("logger_1042"/"queue_16"):
Request Successful!03-19 22:02:10
Request Successful!03-19 22:03:11
Request Successful!03-19 22:04:13
Request Successful!03-19 22:05:14
Request Successful!03-19 22:06:16
Request Successful!03-19 22:07:17
Request Successful!03-19 22:08:18
Request Successful!03-19 22:09:20
Request Successful!03-19 22:10:21
Request Successful!03-19 22:11:23
Request Successful!03-19 22:12:24
Request Successful!03-19 22:13:26
Request Successful!03-19 22:14:27
Request Successful!03-19 22:15:28
Request Successful!03-19 22:16:30
Request Successful!03-19 22:17:31
Request Successful!03-19 22:18:33
Request Successful!03-19 22:19:34
Request Successful!03-19 22:20:35
Request Successful!03-19 22:21:37
Request Successful!03-19 22:22:38
Request Successful!03-19 22:23:40
Request Successful!03-19 22:24:41
Request Successful!03-19 22:25:43
Request Successful!03-19 22:26:44
Request Successful!03-19 22:27:45
Request Successful!03-19 22:28:47
Request Successful!03-19 22:29:48
Request Successful!03-19 22:30:50
Request Successful!03-19 22:31:51
Request Successful!03-19 22:32:52
Request Successful!03-19 22:33:54
Request Successful!03-19 22:34:55
Request Successful!03-19 22:35:57
Request Successful!03-19 22:36:58
Request Successful!03-19 22:38:00
Request Successful!03-19 22:39:01
Request Successful!03-19 22:40:02
Request Successful!03-19 22:41:04
Request Successful!03-19 22:42:05
Request Successful!03-19 22:43:07
Request Successful!03-19 22:44:08
Request Successful!03-19 22:45:09
Request Successful!03-19 22:46:11
Request Successful!03-19 22:47:12
Request Successful!03-19 22:48:13
Request Successful!03-19 22:49:15
Request Successful!03-19 22:50:16
Request Successful!03-19 22:51:17
Request Successful!03-19 22:52:18
Request Successful!03-19 22:53:20
Request Successful!03-19 22:54:21
Request Successful!03-19 22:55:23
Request Successful!03-19 22:56:24
Request Successful!03-19 22:57:25
Request Successful!03-19 22:58:26
Request Successful!03-19 22:59:28
Request Successful!03-19 23:00:29
Request Successful!03-19 23:01:30
Request Successful!03-19 23:02:32
Request Successful!03-19 23:03:33
Request Successful!03-19 23:04:34
Request Successful!03-19 23:05:35
Request Successful!03-19 23:06:37
Request Successful!03-19 23:07:38
Request Successful!03-19 23:08:39
Request Successful!03-19 23:09:41
Request Successful!03-19 23:10:42
Request Successful!03-19 23:11:43
Request Successful!03-19 23:12:44
Request Successful!03-19 23:13:46
Request Successful!03-19 23:14:47
Request Successful!03-19 23:15:49
Request Successful!03-19 23:16:50
Request Successful!03-19 23:17:51
Request Successful!03-19 23:18:53
Request Successful!03-19 23:19:54
Request Successful!03-19 23:20:55
Request Successful!03-19 23:21:56
Request Successful!03-19 23:22:58
Request Successful!03-19 23:23:59
Request Successful!03-19 23:25:00
Request Successful!03-19 23:26:02
Request Successful!03-19 23:27:03
Request Successful!03-19 23:28:04
Request Successful!03-19 23:29:05
