Request Successful!10-29 15:42:38
Request Successful!10-29 15:45:39
Request Successful!10-29 15:48:41
Request Successful!10-29 15:51:42
Request Successful!10-29 15:54:44
Request Successful!10-29 15:57:45
New alert more than 5 minutes! See details below: 
CRITICAL
for 5m 46s
Check size of queue "LQ.SDAG.CE on "QM.SWORD"
on
MQM Server Production
CRITICAL - Queue depth exceeding critical limit
Request Successful!10-29 16:00:57
Request Successful!10-29 16:03:59
Request Successful!10-29 16:07:00
Request Successful!10-29 16:10:02
Request Successful!10-29 16:13:03
Request Successful!10-29 16:16:05
Request Successful!10-29 16:19:06
Request Successful!10-29 16:22:08
Request Successful!10-29 16:25:09
Request Successful!10-29 16:28:11
Request Successful!10-29 16:31:13
Request Successful!10-29 16:34:14
Request Successful!10-29 16:37:16
Request Successful!10-29 16:40:17
Request Successful!10-29 16:43:19
Request Successful!10-29 16:46:20
Request Successful!10-29 16:49:22
Request Successful!10-29 16:52:23
Request Successful!10-29 16:55:25
Request Successful!10-29 16:58:26
Request Successful!10-29 17:01:28
Request Successful!10-29 17:04:29
Request Successful!10-29 17:07:31
Request Successful!10-29 17:10:32
Request Successful!10-29 17:13:34
Request Successful!10-29 17:16:35
Request Successful!10-29 17:19:37
Request Successful!10-29 17:22:38
Request Successful!10-29 17:25:40
Request Successful!10-29 17:28:41
Request Successful!10-29 17:31:43
Request Successful!10-29 17:34:44
Request Successful!10-29 17:37:46
Request Successful!10-29 17:40:47
Request Successful!10-29 17:43:49
Request Successful!10-29 17:46:50
Request Successful!10-29 17:49:52
Request Successful!10-29 17:52:53
Request Successful!10-29 17:55:55
Request Successful!10-29 17:58:57
Request Successful!10-29 18:01:58
Request Successful!10-29 18:05:00
Request Successful!10-29 18:08:01
Request Successful!10-29 18:11:03
Request Successful!10-29 18:14:04
Request Successful!10-29 18:17:06
Request Successful!10-29 18:20:07
Request Successful!10-29 18:23:09
Request Successful!10-29 18:26:10
Request Successful!10-29 18:29:12
Request Successful!10-29 18:32:13
Request Successful!10-29 18:35:15
Request Successful!10-29 18:38:16
Request Successful!10-29 18:41:18
Request Successful!10-29 18:44:19
Request Successful!10-29 18:47:21
Request Successful!10-29 18:50:22
Request Successful!10-29 18:53:24
Request Successful!10-29 18:56:25
Request Successful!10-29 18:59:27
Request Successful!10-29 19:02:29
Request Successful!10-29 19:05:30
Request Successful!10-29 19:08:32
New alert more than 5 minutes! See details below: 
CRITICAL
for 3m 52s
Check size of queue "LQ.CUST1C on "QM.SWORD"
on
MQM Server Production
CRITICAL - Queue depth exceeding critical limit
Request Successful!10-29 19:11:44
Request Successful!10-29 19:14:45
Request Successful!10-29 19:17:47
Request Successful!10-29 19:20:48
Request Successful!10-29 19:23:50
Request Successful!10-29 19:26:51
Request Successful!10-29 19:29:53
Request Successful!10-29 19:32:54
Request Successful!10-29 19:35:56
Request Successful!10-29 19:38:57
Request Successful!10-29 19:41:59
Request Successful!10-29 19:45:00
Request Successful!10-29 19:48:02
Request Successful!10-29 19:51:04
Request Successful!10-29 19:54:05
Request Successful!10-29 19:57:07
Request Successful!10-29 20:00:08
Request Successful!10-29 20:03:10
Request Successful!10-29 20:06:11
Request Successful!10-29 20:09:13
Request Successful!10-29 20:12:14
Request Successful!10-29 20:15:16
Request Successful!10-29 20:18:19
Request Successful!10-29 20:21:20
Request Successful!10-29 20:24:22
Request Successful!10-29 20:27:23
Request Successful!10-29 20:30:25
Request Successful!10-29 20:33:27
Request Successful!10-29 20:36:28
Request Successful!10-29 20:39:30
Request Successful!10-29 20:42:32
Request Successful!10-29 20:45:34
Request Successful!10-29 20:48:35
Request Successful!10-29 20:51:37
Request Successful!10-29 20:54:38
Request Successful!10-29 20:57:40
Request Successful!10-29 21:00:41
Request Successful!10-29 21:03:43
Request Successful!10-29 21:06:45
Request Successful!10-29 21:09:46
Request Successful!10-29 21:12:48
Request Successful!10-29 21:15:50
Request Successful!10-29 21:18:51
Request Successful!10-29 21:21:53
Request Successful!10-29 21:24:54
Request Successful!10-29 21:27:56
Request Successful!10-29 21:30:57
Request Successful!10-29 21:33:59
Request Successful!10-29 21:37:00
Request Successful!10-29 21:40:02
Request Successful!10-29 21:43:03
Request Successful!10-29 21:46:05
Request Successful!10-29 21:49:07
Request Successful!10-29 21:52:08
Request Successful!10-29 21:55:10
Request Successful!10-29 21:58:11
Request Successful!10-29 22:01:13
Request Successful!10-29 22:04:14
Request Successful!10-29 22:07:16
Request Successful!10-29 22:10:17
Request Successful!10-29 22:13:19
Request Successful!10-29 22:16:20
Request Successful!10-29 22:19:22
Request Successful!10-29 22:22:23
Request Successful!10-29 22:25:25
Request Successful!10-29 22:28:26
Request Successful!10-29 22:31:28
Request Successful!10-29 22:34:29
Request Successful!10-29 22:37:31
Request Successful!10-29 22:40:32
Request Successful!10-29 22:43:34
Request Successful!10-29 22:46:35
Request Successful!10-29 22:49:37
Request Successful!10-29 22:52:38
Request Successful!10-29 22:55:40
Request Successful!10-29 22:58:41
Request Successful!10-29 23:01:43
Request Successful!10-29 23:04:44
Request Successful!10-29 23:07:46
Request Successful!10-29 23:10:47
