Request Successful!12-05 17:03:11
Request Successful!12-05 17:06:13
Request Successful!12-05 17:09:14
Request Successful!12-05 17:12:16
Request Successful!12-05 17:15:18
Request Successful!12-05 17:18:20
Request Successful!12-05 17:21:22
Request Successful!12-05 17:24:24
Request Successful!12-05 17:27:26
Request Successful!12-05 17:30:28
Request Successful!12-05 17:33:30
Request Successful!12-05 17:36:32
Request Successful!12-05 17:39:33
Request Successful!12-05 17:42:35
Request Successful!12-05 17:45:37
Request Successful!12-05 17:48:39
Request Successful!12-05 17:51:41
Request Successful!12-05 17:54:43
New alert more than 5 minutes! See details below: 
CRITICAL
for 3m 33s
Check if there're unprocessed monitoring events piling up in mon_events_processing_sc2
on
b2biprddb1.sl3.comp.db.de
CRIT : 146000 entries in mon_events_processing_sc2. Critical threshold 100000 breached!
Request Successful!12-05 17:57:55
New alert more than 5 minutes! See details below: 
CRITICAL
for 6m 45s
Check if there're unprocessed monitoring events piling up in mon_events_processing_sc2
on
b2biprddb1.sl3.comp.db.de
CRIT : 207533 entries in mon_events_processing_sc2. Critical threshold 100000 breached!
Request Successful!12-05 18:01:07
Request Successful!12-05 18:04:08
Request Successful!12-05 18:07:10
Request Successful!12-05 18:10:12
Request Successful!12-05 18:13:13
Request Successful!12-05 18:16:15
Request Successful!12-05 18:19:17
Request Successful!12-05 18:22:19
Request Successful!12-05 18:25:20
Request Successful!12-05 18:28:22
New alert more than 5 minutes! See details below: 
CRITICAL
for 5m 41s
Check size of queue "LQ.CUST3C on "QM.SWORD"
on
MQM Server Production
CRITICAL - Queue depth exceeding critical limit
Request Successful!12-05 18:31:34
New alert more than 5 minutes! See details below: 
CRITICAL
for 5m 45s
B2Bi queue health: "B2Bi CI HME - PROD_Framework_Parallel_001.Z_Local_402_Serial_Out_20_InhouseEnveloper(Inhouse)_4_SAG_ETGOIT_HM"
on
B2Bi Application Server - Stream 1B
CRITICAL - Queue "B2Bi CI HME - PROD_Framework_Parallel_001.Z_Local_402_Serial_Out_20_InhouseEnveloper(Inhouse)_4_SAG_ETGOIT_HM" ("hierchmessage_11217"/"queue_13"):
Request Successful!12-05 18:34:45
Request Successful!12-05 18:37:48
Request Successful!12-05 18:40:49
Request Successful!12-05 18:43:51
Request Successful!12-05 18:46:53
Request Successful!12-05 18:49:54
Request Successful!12-05 18:52:56
Request Successful!12-05 18:55:58
Request Successful!12-05 18:59:00
Request Successful!12-05 19:02:01
Request Successful!12-05 19:05:03
Request Successful!12-05 19:08:04
Request Successful!12-05 19:11:06
Request Successful!12-05 19:14:08
Request Successful!12-05 19:17:09
Request Successful!12-05 19:20:11
Request Successful!12-05 19:23:13
Request Successful!12-05 19:26:14
Request Successful!12-05 19:29:16
Request Successful!12-05 19:32:18
Request Successful!12-05 19:35:20
Request Successful!12-05 19:38:21
Request Successful!12-05 19:41:23
Request Successful!12-05 19:44:25
Request Successful!12-05 19:47:27
Request Successful!12-05 19:50:28
Request Successful!12-05 19:53:30
Request Successful!12-05 19:56:32
Request Successful!12-05 19:59:33
New alert more than 5 minutes! See details below: 
CRITICAL
for 3m 19s
Check if there're unprocessed monitoring events piling up in mon_events_processing_sc2
on
b2biprddb1.sl3.comp.db.de
CRIT : 166331 entries in mon_events_processing_sc2. Critical threshold 100000 breached!
Request Successful!12-05 20:02:45
New alert more than 5 minutes! See details below: 
CRITICAL
for 3m 48s
B2Bi queue health: "B2Bi CI HME - PROD_Framework_Parallel_001.Z_Local_402_Serial_Out_20_InhouseEnveloper(Inhouse)_4_SAG_ETGOIT_HM"
on
B2Bi Application Server - Stream 1B
CRITICAL - Queue "B2Bi CI HME - PROD_Framework_Parallel_001.Z_Local_402_Serial_Out_20_InhouseEnveloper(Inhouse)_4_SAG_ETGOIT_HM" ("hierchmessage_11217"/"queue_13"):
New alert more than 5 minutes! See details below: 
CRITICAL
for 6m 30s
Check if there're unprocessed monitoring events piling up in mon_events_processing_sc2
on
b2biprddb1.sl3.comp.db.de
CRIT : 213056 entries in mon_events_processing_sc2. Critical threshold 100000 breached!
Request Successful!12-05 20:06:05
Request Successful!12-05 20:09:07
Request Successful!12-05 20:12:08
Request Successful!12-05 20:15:10
Request Successful!12-05 20:18:12
Request Successful!12-05 20:21:14
Request Successful!12-05 20:24:15
Request Successful!12-05 20:27:17
Request Successful!12-05 20:30:19
Request Successful!12-05 20:33:20
Request Successful!12-05 20:36:22
Request Successful!12-05 20:39:24
Request Successful!12-05 20:42:26
Request Successful!12-05 20:45:27
Request Successful!12-05 21:40:42
Request Successful!12-05 21:43:44
Request Successful!12-05 21:46:46
Request Successful!12-05 21:49:47
Request Successful!12-05 21:52:49
Request Successful!12-05 21:55:51
Request Successful!12-05 21:58:53
Request Successful!12-05 22:01:55
Request Successful!12-05 22:04:57
Request Successful!12-05 22:07:59
New alert more than 5 minutes! See details below: 
CRITICAL
for 4m 43s
B2Bi queue health: "B2Bi CI HME - PROD_Framework_Parallel_001.Z_Local_402_Serial_Out_20_InhouseEnveloper(Inhouse)_4_SAG_ETGOIT_HM"
on
B2Bi Application Server - Stream 1B
CRITICAL - Queue "B2Bi CI HME - PROD_Framework_Parallel_001.Z_Local_402_Serial_Out_20_InhouseEnveloper(Inhouse)_4_SAG_ETGOIT_HM" ("hierchmessage_11217"/"queue_13"):
Request Successful!12-05 22:11:11
Request Successful!12-05 22:14:13
Request Successful!12-05 22:17:15
Request Successful!12-05 22:20:17
Request Successful!12-05 22:23:19
Request Successful!12-05 22:26:21
Request Successful!12-05 22:29:22
Request Successful!12-05 22:32:24
New alert more than 5 minutes! See details below: 
CRITICAL
for 3m 49s
B2Bi queue health: "B2Bi CI HME - PROD_Framework_Parallel_001.Z_Local_402_Serial_Out_20_InhouseEnveloper(Inhouse)_4_SAG_ETGOIT_HM"
on
B2Bi Application Server - Stream 1B
CRITICAL - Queue "B2Bi CI HME - PROD_Framework_Parallel_001.Z_Local_402_Serial_Out_20_InhouseEnveloper(Inhouse)_4_SAG_ETGOIT_HM" ("hierchmessage_11217"/"queue_13"):
Request Successful!12-05 22:35:36
Request Successful!12-05 22:38:38
Request Successful!12-05 22:41:40
Request Successful!12-05 22:44:42
Request Successful!12-05 22:47:44
Request Successful!12-05 22:50:46
Request Successful!12-05 22:53:47
Request Successful!12-05 22:56:49
Request Successful!12-05 22:59:51
Request Successful!12-05 23:02:53
