Request Successful!11-19 15:42:38
Request Successful!11-19 15:45:39
Request Successful!11-19 15:48:41
Request Successful!11-19 15:51:42
Request Successful!11-19 15:54:44
Request Successful!11-19 15:57:45
Request Successful!11-19 16:00:47
Request Successful!11-19 16:03:49
Request Successful!11-19 16:06:51
Request Successful!11-19 16:09:53
Request Successful!11-19 16:12:56
Request Successful!11-19 16:15:57
Request Successful!11-19 16:18:59
Request Successful!11-19 16:22:01
Request Successful!11-19 16:25:03
Request Successful!11-19 16:28:05
Request Successful!11-19 16:31:07
New alert more than 5 minutes! See details below: 
CRITICAL
for 5m 28s
B2Bi queue health: "B2Bi CI HME - PROD_Framework_Parallel_001.Z_Local_402_CASE_DetermineBranch_HM"
on
B2Bi Application Server - Stream 1B
CRITICAL - Queue "B2Bi CI HME - PROD_Framework_Parallel_001.Z_Local_402_CASE_DetermineBranch_HM" ("hierchmessage_7550"/"queue_13"):
Request Successful!11-19 16:34:20
Request Successful!11-19 16:37:22
Request Successful!11-19 16:40:23
Request Successful!11-19 16:43:25
Request Successful!11-19 16:46:27
Request Successful!11-19 16:49:28
Request Successful!11-19 16:52:30
Request Successful!11-19 16:55:31
Request Successful!11-19 16:58:33
Request Successful!11-19 17:01:35
Request Successful!11-19 17:04:36
Request Successful!11-19 17:07:38
Request Successful!11-19 17:10:39
Request Successful!11-19 17:13:41
Request Successful!11-19 17:16:43
Request Successful!11-19 17:19:45
Request Successful!11-19 17:22:46
Request Successful!11-19 17:25:48
Request Successful!11-19 17:28:50
Request Successful!11-19 17:31:51
Request Successful!11-19 17:34:53
Request Successful!11-19 17:37:54
Request Successful!11-19 17:40:56
Request Successful!11-19 17:43:57
Request Successful!11-19 17:46:59
Request Successful!11-19 17:50:01
Request Successful!11-19 17:53:02
Request Successful!11-19 17:56:04
Request Successful!11-19 17:59:06
Request Successful!11-19 18:02:08
Request Successful!11-19 18:05:10
Request Successful!11-19 18:08:11
Request Successful!11-19 18:11:13
Request Successful!11-19 18:14:15
Request Successful!11-19 18:17:17
Request Successful!11-19 18:20:18
Request Successful!11-19 18:23:20
Request Successful!11-19 18:26:22
Request Successful!11-19 18:29:23
Request Successful!11-19 18:32:25
New alert more than 5 minutes! See details below: 
CRITICAL
for 4m 29s
B2Bi queue health: "B2Bi CI HME - PROD_Framework_Parallel_001.101_Parallel_Inb_10_FetchRef_HM"
on
B2Bi Application Server - Stream 3E (Multicluster)
CRITICAL - Queue "B2Bi CI HME - PROD_Framework_Parallel_001.101_Parallel_Inb_10_FetchRef_HM" ("hierchmessage_9799"/"queue_16"):
Request Successful!11-19 18:35:38
Request Successful!11-19 18:38:39
Request Successful!11-19 18:41:41
Request Successful!11-19 18:44:43
Request Successful!11-19 18:47:45
Request Successful!11-19 18:50:46
Request Successful!11-19 18:53:48
Request Successful!11-19 18:56:50
Request Successful!11-19 18:59:51
Request Successful!11-19 19:02:54
21 unhandled critical alerts
Request Successful!11-19 19:06:07
Request Successful!11-19 19:09:08
Request Successful!11-19 19:09:42
Request Successful!11-19 19:12:43
Request Successful!11-19 19:15:45
Request Successful!11-19 19:18:47
Request Successful!11-19 19:21:49
Request Successful!11-19 19:24:51
Request Successful!11-19 19:27:52
Request Successful!11-19 19:30:54
Request Successful!11-19 19:33:56
Request Successful!11-19 19:36:58
Request Successful!11-19 19:39:59
Request Successful!11-19 19:43:01
Request Successful!11-19 19:46:03
Request Successful!11-19 19:49:05
Request Successful!11-19 19:52:07
Request Successful!11-19 19:55:09
Request Successful!11-19 19:58:10
Request Successful!11-19 20:01:12
Request Successful!11-19 20:04:14
Request Successful!11-19 20:07:16
Request Successful!11-19 20:10:18
Request Successful!11-19 20:13:20
Request Successful!11-19 20:16:21
Request Successful!11-19 20:19:23
Request Successful!11-19 20:22:25
Request Successful!11-19 20:25:27
Request Successful!11-19 20:28:29
Request Successful!11-19 20:31:31
New alert more than 5 minutes! See details below: 
CRITICAL
for 3m 11s
B2Bi queue health: "B2Bi CI HME - PROD_Framework_Parallel_001.101_Parallel_Inb_10_FetchRef_HM"
on
B2Bi Application Server - Stream 3E (Multicluster)
CRITICAL - Queue "B2Bi CI HME - PROD_Framework_Parallel_001.101_Parallel_Inb_10_FetchRef_HM" ("hierchmessage_9799"/"queue_16"):
Request Successful!11-19 20:34:44
New alert more than 5 minutes! See details below: 
CRITICAL
for 6m 24s
B2Bi queue health: "B2Bi CI HME - PROD_Framework_Parallel_001.101_Parallel_Inb_10_FetchRef_HM"
on
B2Bi Application Server - Stream 3E (Multicluster)
CRITICAL - Queue "B2Bi CI HME - PROD_Framework_Parallel_001.101_Parallel_Inb_10_FetchRef_HM" ("hierchmessage_9799"/"queue_16"):
Request Successful!11-19 20:37:57
Request Successful!11-19 20:40:58
Request Successful!11-19 20:44:00
Request Successful!11-19 20:47:02
Request Successful!11-19 20:50:04
Request Successful!11-19 20:53:05
Request Successful!11-19 20:56:07
Request Successful!11-19 20:59:09
Request Successful!11-19 21:02:11
Request Successful!11-19 21:05:13
Request Successful!11-19 21:08:15
Request Successful!11-19 21:11:17
Request Successful!11-19 21:14:19
Request Successful!11-19 21:17:21
Request Successful!11-19 21:20:23
Request Successful!11-19 21:23:25
Request Successful!11-19 21:26:27
Request Successful!11-19 21:29:29
Request Successful!11-19 21:32:30
Request Successful!11-19 21:35:32
Request Successful!11-19 21:38:34
Request Successful!11-19 21:41:36
Request Successful!11-19 21:44:38
Request Successful!11-19 21:47:40
Request Successful!11-19 21:50:42
Request Successful!11-19 21:53:44
Request Successful!11-19 21:56:46
Request Successful!11-19 21:59:48
Request Successful!11-19 22:02:50
Request Successful!11-19 22:05:52
Request Successful!11-19 22:08:54
Request Successful!11-19 22:11:56
Request Successful!11-19 22:14:58
Request Successful!11-19 22:18:00
Request Successful!11-19 22:21:01
Request Successful!11-19 22:24:03
Request Successful!11-19 22:27:05
Request Successful!11-19 22:30:07
Request Successful!11-19 22:33:09
Request Successful!11-19 22:36:11
Request Successful!11-19 22:39:12
Request Successful!11-19 22:42:14
Request Successful!11-19 22:45:16
Request Successful!11-19 22:48:17
Request Successful!11-19 22:51:19
Request Successful!11-19 22:54:21
Request Successful!11-19 22:57:22
Request Successful!11-19 23:00:24
Request Successful!11-19 23:03:25
Request Successful!11-19 23:06:27
Request Successful!11-19 23:09:29
Request Successful!11-19 23:12:30
Request Successful!11-19 23:15:32
Request Successful!11-19 23:18:34
Request Successful!11-19 23:21:35
