Request Successful!05-08 16:22:43
Request Successful!05-08 16:23:46
Request Successful!05-08 16:24:49
Request Successful!05-08 16:25:52
Request Successful!05-08 16:26:54
Request Successful!05-08 16:27:57
Request Successful!05-08 16:29:01
Request Successful!05-08 16:30:04
Request Successful!05-08 16:31:11
Request Successful!05-08 16:32:14
Request Successful!05-08 16:33:17
Request Successful!05-08 16:34:20
Request Successful!05-08 16:35:23
Request Successful!05-08 16:36:26
Request Successful!05-08 16:37:29
Request Successful!05-08 16:38:32
Request Successful!05-08 16:39:35
Request Successful!05-08 16:40:38
Request Successful!05-08 16:41:42
Request Successful!05-08 16:42:46
Request Successful!05-08 16:43:49
Request Successful!05-08 16:44:52
Request Successful!05-08 16:45:55
Request Successful!05-08 16:46:58
Request Successful!05-08 16:48:00
Request Successful!05-08 16:49:03
Request Successful!05-08 16:50:06
Request Successful!05-08 16:51:09
Request Successful!05-08 16:52:12
Request Successful!05-08 16:53:15
Request Successful!05-08 16:54:18
Request Successful!05-08 16:55:22
Request Successful!05-08 16:56:24
Request Successful!05-08 16:57:27
Request Successful!05-08 16:58:30
Request Successful!05-08 16:59:33
Request Successful!05-08 17:00:36
Request Successful!05-08 17:01:39
Request Successful!05-08 17:02:41
Request Successful!05-08 17:03:44
Request Successful!05-08 17:04:47
Request Successful!05-08 17:05:49
Request Successful!05-08 17:06:52
Request Successful!05-08 17:07:54
Request Successful!05-08 17:08:56
Request Successful!05-08 17:09:59
Request Successful!05-08 17:11:01
Request Successful!05-08 17:12:03
Request Successful!05-08 17:13:05
Request Successful!05-08 17:14:08
Request Successful!05-08 17:15:10
Request Successful!05-08 17:16:13
Request Successful!05-08 17:17:15
Request Successful!05-08 17:18:17
Request Successful!05-08 17:19:20
Request Successful!05-08 17:20:22
Request Successful!05-08 17:21:25
Request Successful!05-08 17:22:27
Request Successful!05-08 17:23:29
Request Successful!05-08 17:24:31
Request Successful!05-08 17:25:34
Request Successful!05-08 17:26:36
Request Successful!05-08 17:27:38
Request Successful!05-08 17:28:41
Request Successful!05-08 17:29:43
Request Successful!05-08 17:30:45
Request Successful!05-08 17:31:48
Request Successful!05-08 17:32:50
Request Successful!05-08 17:33:52
Request Successful!05-08 17:34:55
Request Successful!05-08 17:35:57
Request Successful!05-08 17:36:59
Request Successful!05-08 17:38:01
Request Successful!05-08 17:39:04
Request Successful!05-08 17:40:06
Request Successful!05-08 17:41:08
Request Successful!05-08 17:42:10
Request Successful!05-08 17:43:13
Request Successful!05-08 17:44:15
Request Successful!05-08 17:45:17
Request Successful!05-08 17:46:19
Request Successful!05-08 17:47:22
Request Successful!05-08 17:48:24
Request Successful!05-08 17:49:26
Request Successful!05-08 17:50:29
Request Successful!05-08 17:51:31
Request Successful!05-08 17:52:33
Request Successful!05-08 17:53:36
Request Successful!05-08 17:54:38
Request Successful!05-08 17:55:41
Request Successful!05-08 17:56:44
Request Successful!05-08 17:57:46
Request Successful!05-08 17:58:49
Request Successful!05-08 17:59:52
Request Successful!05-08 18:00:54
Request Successful!05-08 18:01:56
Request Successful!05-08 18:02:58
Request Successful!05-08 18:04:01
Request Successful!05-08 18:05:03
Request Successful!05-08 18:06:05
Request Successful!05-08 18:07:07
Request Successful!05-08 18:08:10
Request Successful!05-08 18:09:12
Request Successful!05-08 18:10:14
Request Successful!05-08 18:11:16
Request Successful!05-08 18:12:19
Request Successful!05-08 18:13:21
Request Successful!05-08 18:14:23
Request Successful!05-08 18:15:25
Request Successful!05-08 18:16:27
Request Successful!05-08 18:17:30
Request Successful!05-08 18:18:32
Request Successful!05-08 18:19:34
Request Successful!05-08 18:20:37
Request Successful!05-08 18:21:39
Request Successful!05-08 18:22:41
Request Successful!05-08 18:23:44
Request Successful!05-08 18:24:46
Request Successful!05-08 18:25:48
Request Successful!05-08 18:26:51
Request Successful!05-08 18:27:53
Request Successful!05-08 18:28:55
Request Successful!05-08 18:29:57
Request Successful!05-08 18:31:00
Request Successful!05-08 18:32:02
Request Successful!05-08 18:33:04
Request Successful!05-08 18:34:06
Request Successful!05-08 18:35:09
Request Successful!05-08 18:36:11
Request Successful!05-08 18:37:13
Request Successful!05-08 18:38:16
Request Successful!05-08 18:39:18
Request Successful!05-08 18:40:20
Request Successful!05-08 18:41:22
Request Successful!05-08 18:42:25
Request Successful!05-08 18:43:27
Request Successful!05-08 18:44:29
Request Successful!05-08 18:45:31
Request Successful!05-08 18:46:33
Request Successful!05-08 18:47:36
Request Successful!05-08 18:48:38
Request Successful!05-08 18:49:40
Request Successful!05-08 18:50:43
Request Successful!05-08 18:51:45
Request Successful!05-08 18:52:47
Request Successful!05-08 18:53:49
Request Successful!05-08 18:54:51
Request Successful!05-08 18:55:54
Request Successful!05-08 18:56:56
Request Successful!05-08 18:57:58
Request Successful!05-08 18:59:00
Request Successful!05-08 19:00:03
Request Successful!05-08 19:01:05
Request Successful!05-08 19:02:08
Request Successful!05-08 19:03:10
Request Successful!05-08 19:04:12
Request Successful!05-08 19:05:15
Request Successful!05-08 19:06:17
Request Successful!05-08 19:07:19
Request Successful!05-08 19:08:21
Request Successful!05-08 19:09:23
Request Successful!05-08 19:10:26
Request Successful!05-08 19:11:28
Request Successful!05-08 19:12:30
Request Successful!05-08 19:13:33
Request Successful!05-08 19:14:35
Request Successful!05-08 19:15:37
Request Successful!05-08 19:16:40
Request Successful!05-08 19:17:42
Request Successful!05-08 19:18:44
Request Successful!05-08 19:19:47
Request Successful!05-08 19:20:49
Request Successful!05-08 19:21:51
Request Successful!05-08 19:22:54
Request Successful!05-08 19:23:56
Request Successful!05-08 19:24:59
Request Successful!05-08 19:26:01
Request Successful!05-08 19:27:03
Request Successful!05-08 19:28:05
Request Successful!05-08 19:29:08
Request Successful!05-08 19:30:10
Request Successful!05-08 19:31:13
Request Successful!05-08 19:32:15
Request Successful!05-08 19:33:17
Request Successful!05-08 19:34:20
Request Successful!05-08 19:35:22
Request Successful!05-08 19:36:24
Request Successful!05-08 19:37:27
Request Successful!05-08 19:38:29
Request Successful!05-08 19:39:31
Request Successful!05-08 19:40:34
Request Successful!05-08 19:41:36
Request Successful!05-08 19:42:38
Request Successful!05-08 19:43:40
Request Successful!05-08 19:44:43
Request Successful!05-08 19:45:45
Request Successful!05-08 19:46:47
Request Successful!05-08 19:47:50
Request Successful!05-08 19:48:52
Request Successful!05-08 19:49:54
Request Successful!05-08 19:50:56
Request Successful!05-08 19:51:59
Request Successful!05-08 19:53:01
Request Successful!05-08 19:54:03
Request Successful!05-08 19:55:06
Request Successful!05-08 19:56:08
Request Successful!05-08 19:57:10
Request Successful!05-08 19:58:13
Request Successful!05-08 19:59:15
Request Successful!05-08 20:00:18
Request Successful!05-08 20:01:20
Request Successful!05-08 20:02:22
Request Successful!05-08 20:03:24
Request Successful!05-08 20:04:27
Request Successful!05-08 20:05:29
Request Successful!05-08 20:06:31
Request Successful!05-08 20:07:34
Request Successful!05-08 20:08:36
Request Successful!05-08 20:09:38
Request Successful!05-08 20:10:40
Request Successful!05-08 20:11:42
Request Successful!05-08 20:12:45
Request Successful!05-08 20:13:47
Request Successful!05-08 20:14:49
Request Successful!05-08 20:15:52
Request Successful!05-08 20:16:54
Request Successful!05-08 20:17:56
Request Successful!05-08 20:18:59
Request Successful!05-08 20:20:01
Request Successful!05-08 20:21:03
Request Successful!05-08 20:22:05
Request Successful!05-08 20:23:08
Request Successful!05-08 20:24:10
Request Successful!05-08 20:25:12
Request Successful!05-08 20:26:14
Request Successful!05-08 20:27:17
Request Successful!05-08 20:28:19
Request Successful!05-08 20:29:21
Request Successful!05-08 20:30:24
Request Successful!05-08 20:31:26
Request Successful!05-08 20:32:28
Request Successful!05-08 20:33:31
Request Successful!05-08 20:34:33
Request Successful!05-08 20:35:35
Request Successful!05-08 20:36:38
Request Successful!05-08 20:37:40
Request Successful!05-08 20:38:42
Request Successful!05-08 20:39:44
Request Successful!05-08 20:40:47
Request Successful!05-08 20:41:49
Request Successful!05-08 20:42:51
Request Successful!05-08 20:43:54
Request Successful!05-08 20:44:56
Request Successful!05-08 20:45:58
Request Successful!05-08 20:47:01
Request Successful!05-08 20:48:03
Request Successful!05-08 20:49:05
Request Successful!05-08 20:50:08
Request Successful!05-08 20:51:10
Request Successful!05-08 20:52:12
Request Successful!05-08 20:53:14
Request Successful!05-08 20:54:17
Request Successful!05-08 20:55:19
Request Successful!05-08 20:56:21
Request Successful!05-08 20:57:24
Request Successful!05-08 20:58:26
Request Successful!05-08 20:59:28
Request Successful!05-08 21:00:30
Request Successful!05-08 21:01:33
Request Successful!05-08 21:02:35
Request Successful!05-08 21:03:38
Request Successful!05-08 21:04:40
Request Successful!05-08 21:05:42
Request Successful!05-08 21:06:44
Request Successful!05-08 21:15:37
Request Successful!05-08 21:16:40
Request Successful!05-08 21:17:36
Request Successful!05-08 21:18:39
Request Successful!05-08 21:19:41
Request Successful!05-08 21:20:44
Request Successful!05-08 21:21:48
Request Successful!05-08 21:22:50
Request Successful!05-08 21:23:53
Request Successful!05-08 21:24:57
Request Successful!05-08 21:26:00
Request Successful!05-08 21:27:03
Request Successful!05-08 21:28:06
Request Successful!05-08 21:29:09
Request Successful!05-08 21:36:37
Request Successful!05-08 21:37:39
Request Successful!05-08 21:38:43
Request Successful!05-08 21:39:46
Request Successful!05-08 21:40:49
Request Successful!05-08 21:41:52
Request Successful!05-08 21:42:55
Request Successful!05-08 21:43:57
Request Successful!05-08 21:49:43
Request Successful!05-08 21:50:45
Request Successful!05-08 21:51:47
Request Successful!05-08 21:52:50
Request Successful!05-08 21:53:52
Request Successful!05-08 21:54:54
Request Successful!05-08 21:55:57
Request Successful!05-08 21:57:00
Request Successful!05-08 21:58:03
Request Successful!05-08 21:59:05
Request Successful!05-08 22:00:08
Request Successful!05-08 22:01:10
Request Successful!05-08 22:02:12
Request Successful!05-08 22:03:15
Request Successful!05-08 22:04:17
Request Successful!05-08 22:05:19
Request Successful!05-08 22:06:22
Request Successful!05-08 22:07:24
Request Successful!05-08 22:08:27
Request Successful!05-08 22:09:29
Request Successful!05-08 22:10:32
Request Successful!05-08 22:11:34
Request Successful!05-08 22:12:37
Request Successful!05-08 22:13:39
Request Successful!05-08 22:14:42
Request Successful!05-08 22:15:45
Request Successful!05-08 22:16:47
Request Successful!05-08 22:17:50
Request Successful!05-08 22:18:53
Request Successful!05-08 22:19:55
Request Successful!05-08 22:20:58
Request Successful!05-08 22:22:01
Request Successful!05-08 22:23:03
Request Successful!05-08 22:24:06
Request Successful!05-08 22:25:09
Request Successful!05-08 22:26:11
Request Successful!05-08 22:27:14
Request Successful!05-08 22:28:16
Request Successful!05-08 22:29:19
Request Successful!05-08 22:30:21
Request Successful!05-08 22:31:24
Request Successful!05-08 22:32:26
Request Successful!05-08 22:33:29
HTTPSConnectionPool(host='b2biprddep1.sl3.comp.db.de', port=443): Max retries exceeded with url: /icingaweb2/monitoring/list/services?service_problem=1&sort=service_severity&dir=desc (Caused by NameResolutionError("<urllib3.connection.HTTPSConnection object at 0x0000026509BFD850>: Failed to resolve 'b2biprddep1.sl3.comp.db.de' ([Errno 11001] getaddrinfo failed)"))
Request Successful!05-08 22:51:13
Request Successful!05-08 22:52:16
Request Successful!05-08 22:53:18
Request Successful!05-08 22:54:21
Request Successful!05-08 22:55:24
Request Successful!05-08 22:56:27
Request Successful!05-08 22:57:30
Request Successful!05-08 22:58:33
Request Successful!05-08 22:59:36
Request Successful!05-08 23:00:39
Request Successful!05-08 23:01:42
Request Successful!05-08 23:02:44
Request Successful!05-08 23:03:47
Request Successful!05-08 23:04:51
Request Successful!05-08 23:05:53
Request Successful!05-08 23:06:56
Request Successful!05-08 23:07:58
Request Successful!05-08 23:09:01
Request Successful!05-08 23:10:04
Request Successful!05-08 23:11:06
Request Successful!05-08 23:12:09
Request Successful!05-08 23:13:11
Request Successful!05-08 23:14:14
Request Successful!05-08 23:15:16
Request Successful!05-08 23:16:19
Request Successful!05-08 23:17:21
Request Successful!05-08 23:18:24
Request Successful!05-08 23:19:26
Request Successful!05-08 23:20:29
Request Successful!05-08 23:21:31
Request Successful!05-08 23:22:34
Request Successful!05-08 23:23:37
Request Successful!05-08 23:24:39
Request Successful!05-08 23:25:42
Request Successful!05-08 23:26:45
Request Successful!05-08 23:27:47
Request Successful!05-08 23:28:51
Request Successful!05-08 23:29:53
Request Successful!05-08 23:30:56
Request Successful!05-08 23:31:59
Request Successful!05-08 23:33:02
Request Successful!05-08 23:34:04
Request Successful!05-08 23:35:06
Request Successful!05-08 23:36:09
Request Successful!05-08 23:37:11
Request Successful!05-08 23:38:14
Request Successful!05-08 23:39:16
Request Successful!05-08 23:40:18
Request Successful!05-08 23:41:20
Request Successful!05-08 23:42:22
Request Successful!05-08 23:43:24
Request Successful!05-08 23:44:26
Request Successful!05-08 23:45:29
Request Successful!05-08 23:46:31
Request Successful!05-08 23:47:34
Request Successful!05-08 23:48:36
Request Successful!05-08 23:49:38
Request Successful!05-08 23:50:41
Request Successful!05-08 23:51:43
Request Successful!05-08 23:52:45
Request Successful!05-08 23:53:48
Request Successful!05-08 23:54:50
Request Successful!05-08 23:55:52
Request Successful!05-08 23:56:55
Request Successful!05-08 23:57:57
Request Successful!05-08 23:58:59
Request Successful!05-09 00:00:02
Request Successful!05-09 00:01:04
Request Successful!05-09 00:02:07
Request Successful!05-09 00:03:09
Request Successful!05-09 00:04:11
Request Successful!05-09 00:05:14
Request Successful!05-09 00:06:16
Request Successful!05-09 00:07:18
Request Successful!05-09 00:08:21
Request Successful!05-09 00:09:23
Request Successful!05-09 00:10:25
Request Successful!05-09 00:11:28
Request Successful!05-09 00:12:30
Request Successful!05-09 00:13:32
Request Successful!05-09 00:14:35
Request Successful!05-09 00:15:37
Request Successful!05-09 00:16:39
Request Successful!05-09 00:17:42
Request Successful!05-09 00:18:44
Request Successful!05-09 00:19:46
Request Successful!05-09 00:20:49
Request Successful!05-09 00:21:51
Request Successful!05-09 00:22:54
Request Successful!05-09 00:23:56
Request Successful!05-09 00:24:58
Request Successful!05-09 00:26:01
Request Successful!05-09 00:27:03
Request Successful!05-09 00:28:05
Request Successful!05-09 00:29:08
Request Successful!05-09 00:30:10
Request Successful!05-09 00:31:12
Request Successful!05-09 00:32:15
Request Successful!05-09 00:33:17
Request Successful!05-09 00:34:18
Request Successful!05-09 00:35:20
Request Successful!05-09 00:36:22
Request Successful!05-09 00:37:24
Request Successful!05-09 00:38:25
Request Successful!05-09 00:39:27
Request Successful!05-09 00:40:29
Request Successful!05-09 00:41:31
Request Successful!05-09 00:42:32
Request Successful!05-09 00:43:34
Request Successful!05-09 00:44:36
Request Successful!05-09 00:45:37
Request Successful!05-09 00:46:39
Request Successful!05-09 00:47:41
Request Successful!05-09 00:48:42
Request Successful!05-09 00:49:44
Request Successful!05-09 00:50:46
Request Successful!05-09 00:51:48
Request Successful!05-09 00:52:49
Request Successful!05-09 00:53:51
Request Successful!05-09 00:54:53
Request Successful!05-09 00:55:54
Request Successful!05-09 00:56:56
Request Successful!05-09 00:57:58
Request Successful!05-09 00:58:59
Request Successful!05-09 01:00:01
Request Successful!05-09 01:01:03
Request Successful!05-09 01:02:04
Request Successful!05-09 01:03:06
Request Successful!05-09 01:04:08
Request Successful!05-09 01:05:10
Request Successful!05-09 01:06:12
Request Successful!05-09 01:07:13
Request Successful!05-09 01:08:15
Request Successful!05-09 01:09:17
Request Successful!05-09 01:10:18
Request Successful!05-09 01:11:20
Request Successful!05-09 01:12:22
Request Successful!05-09 01:13:24
Request Successful!05-09 01:14:25
Request Successful!05-09 01:15:27
Request Successful!05-09 01:16:28
Request Successful!05-09 01:17:30
Request Successful!05-09 01:18:32
Request Successful!05-09 01:19:34
Request Successful!05-09 01:20:36
New alert more than 5 minutes! See details below: 
CRITICAL
for 3m 6s
TCP open port: 7383
on
B2Bi XSR Server 3 - Stream 3 (Multicluster)
connect to address b2bimcpxsr3.sl3.comp.db.de and port 7383: Connection refused
New alert more than 5 minutes! See details below: 
CRITICAL
for 3m 21s
TCP open port: 6619
on
B2Bi XSR Server 3 - Stream 3 (Multicluster)
connect to address b2bimcpxsr3.sl3.comp.db.de and port 6619: Connection refused
New alert more than 5 minutes! See details below: 
CRITICAL
for 3m 36s
TCP open port: 6382
on
B2Bi XSR Server 3 - Stream 3 (Multicluster)
connect to address b2bimcpxsr3.sl3.comp.db.de and port 6382: Connection refused
Request Successful!05-09 01:22:11
11 unhandled critical alerts
Request Successful!05-09 01:23:18
Request Successful!05-09 01:24:20
11 unhandled critical alerts
Request Successful!05-09 01:25:28
12 unhandled critical alerts
Request Successful!05-09 01:26:36
12 unhandled critical alerts
Request Successful!05-09 01:27:43
13 unhandled critical alerts
Request Successful!05-09 01:28:51
10 unhandled critical alerts
Request Successful!05-09 01:29:59
10 unhandled critical alerts
Request Successful!05-09 01:31:06
10 unhandled critical alerts
Request Successful!05-09 01:32:14
10 unhandled critical alerts
Request Successful!05-09 01:33:21
10 unhandled critical alerts
Request Successful!05-09 01:34:29
10 unhandled critical alerts
Request Successful!05-09 01:35:36
10 unhandled critical alerts
Request Successful!05-09 01:36:44
10 unhandled critical alerts
Request Successful!05-09 01:37:51
Request Successful!05-09 01:38:53
Request Successful!05-09 01:39:55
Request Successful!05-09 01:40:57
Request Successful!05-09 01:41:59
Request Successful!05-09 01:43:01
Request Successful!05-09 01:44:03
Request Successful!05-09 01:45:04
Request Successful!05-09 01:46:06
Request Successful!05-09 01:47:08
Request Successful!05-09 01:48:10
Request Successful!05-09 01:49:12
Request Successful!05-09 01:50:14
Request Successful!05-09 01:51:16
Request Successful!05-09 01:52:18
Request Successful!05-09 01:53:20
Request Successful!05-09 01:54:21
Request Successful!05-09 01:55:23
Request Successful!05-09 01:56:25
Request Successful!05-09 01:57:27
Request Successful!05-09 01:58:29
Request Successful!05-09 01:59:31
Request Successful!05-09 02:00:33
Request Successful!05-09 02:01:35
Request Successful!05-09 02:02:37
Request Successful!05-09 02:03:39
Request Successful!05-09 02:04:41
Request Successful!05-09 02:05:43
Request Successful!05-09 02:06:45
Request Successful!05-09 02:07:47
Request Successful!05-09 02:08:49
Request Successful!05-09 02:09:51
Request Successful!05-09 02:10:52
Request Successful!05-09 02:11:54
Request Successful!05-09 02:12:56
Request Successful!05-09 02:13:58
Request Successful!05-09 02:15:00
Request Successful!05-09 02:16:02
Request Successful!05-09 02:17:04
Request Successful!05-09 02:18:06
Request Successful!05-09 02:19:08
Request Successful!05-09 02:20:10
Request Successful!05-09 02:21:12
Request Successful!05-09 02:22:14
Request Successful!05-09 02:23:16
Request Successful!05-09 02:24:18
Request Successful!05-09 02:25:20
Request Successful!05-09 02:26:22
Request Successful!05-09 02:27:24
Request Successful!05-09 02:28:26
Request Successful!05-09 02:29:28
Request Successful!05-09 02:30:30
Request Successful!05-09 02:31:32
Request Successful!05-09 02:32:34
Request Successful!05-09 02:33:36
Request Successful!05-09 02:34:38
Request Successful!05-09 02:35:40
Request Successful!05-09 02:36:42
Request Successful!05-09 02:37:44
Request Successful!05-09 02:38:46
Request Successful!05-09 02:39:47
Request Successful!05-09 02:40:49
Request Successful!05-09 02:41:51
Request Successful!05-09 02:42:53
Request Successful!05-09 02:43:55
Request Successful!05-09 02:44:57
Request Successful!05-09 02:45:59
Request Successful!05-09 02:47:01
Request Successful!05-09 02:48:03
Request Successful!05-09 02:49:05
Request Successful!05-09 02:50:07
Request Successful!05-09 02:51:09
Request Successful!05-09 02:52:10
Request Successful!05-09 02:53:12
Request Successful!05-09 02:54:14
Request Successful!05-09 02:55:16
Request Successful!05-09 02:56:18
Request Successful!05-09 02:57:20
Request Successful!05-09 02:58:22
Request Successful!05-09 02:59:23
New alert more than 5 minutes! See details below: 
CRITICAL
for 3m 20s
B2Bi queue health: "B2Bi CI HME - PROD_Framework_Parallel_001.101_Parallel_Dyn_10_ExecuteMasterDynMBC_HM"
on
B2Bi Application Server - Stream 3C (Multicluster)
CRITICAL - Queue "B2Bi CI HME - PROD_Framework_Parallel_001.101_Parallel_Dyn_10_ExecuteMasterDynMBC_HM" ("hierchmessage_9931"/"queue_16"):
Request Successful!05-09 03:00:35
New alert more than 5 minutes! See details below: 
CRITICAL
for 4m 32s
B2Bi queue health: "B2Bi CI HME - PROD_Framework_Parallel_001.101_Parallel_Dyn_10_ExecuteMasterDynMBC_HM"
on
B2Bi Application Server - Stream 3C (Multicluster)
CRITICAL - Queue "B2Bi CI HME - PROD_Framework_Parallel_001.101_Parallel_Dyn_10_ExecuteMasterDynMBC_HM" ("hierchmessage_9931"/"queue_16"):
Request Successful!05-09 03:01:47
New alert more than 5 minutes! See details below: 
CRITICAL
for 5m 44s
B2Bi queue health: "B2Bi CI HME - PROD_Framework_Parallel_001.101_Parallel_Dyn_10_ExecuteMasterDynMBC_HM"
on
B2Bi Application Server - Stream 3C (Multicluster)
CRITICAL - Queue "B2Bi CI HME - PROD_Framework_Parallel_001.101_Parallel_Dyn_10_ExecuteMasterDynMBC_HM" ("hierchmessage_9931"/"queue_16"):
Request Successful!05-09 03:03:00
New alert more than 5 minutes! See details below: 
CRITICAL
for 6m 56s
B2Bi queue health: "B2Bi CI HME - PROD_Framework_Parallel_001.101_Parallel_Dyn_10_ExecuteMasterDynMBC_HM"
on
B2Bi Application Server - Stream 3C (Multicluster)
CRITICAL - Queue "B2Bi CI HME - PROD_Framework_Parallel_001.101_Parallel_Dyn_10_ExecuteMasterDynMBC_HM" ("hierchmessage_9931"/"queue_16"):
Request Successful!05-09 03:04:12
Request Successful!05-09 03:05:14
Request Successful!05-09 03:06:15
Request Successful!05-09 03:07:17
Request Successful!05-09 03:08:19
Request Successful!05-09 03:09:21
Request Successful!05-09 03:10:23
Request Successful!05-09 03:11:25
Request Successful!05-09 03:12:27
Request Successful!05-09 03:13:29
Request Successful!05-09 03:14:31
Request Successful!05-09 03:15:33
Request Successful!05-09 03:16:35
Request Successful!05-09 03:17:36
Request Successful!05-09 03:18:38
Request Successful!05-09 03:19:41
Request Successful!05-09 03:20:43
Request Successful!05-09 03:21:45
Request Successful!05-09 03:22:47
Request Successful!05-09 03:23:49
Request Successful!05-09 03:24:50
Request Successful!05-09 03:25:52
Request Successful!05-09 03:26:54
Request Successful!05-09 03:27:56
Request Successful!05-09 03:28:58
Request Successful!05-09 03:30:00
Request Successful!05-09 03:31:02
Request Successful!05-09 03:32:04
Request Successful!05-09 03:33:06
Request Successful!05-09 03:34:08
Request Successful!05-09 03:35:10
Request Successful!05-09 03:36:12
Request Successful!05-09 03:37:14
Request Successful!05-09 03:38:16
Request Successful!05-09 03:39:18
Request Successful!05-09 03:40:20
Request Successful!05-09 03:41:22
Request Successful!05-09 03:42:24
Request Successful!05-09 03:43:25
Request Successful!05-09 03:44:27
Request Successful!05-09 03:45:29
Request Successful!05-09 03:46:31
Request Successful!05-09 03:47:33
Request Successful!05-09 03:48:35
Request Successful!05-09 03:49:37
Request Successful!05-09 03:50:39
Request Successful!05-09 03:51:41
Request Successful!05-09 03:52:43
Request Successful!05-09 03:53:45
Request Successful!05-09 03:54:47
Request Successful!05-09 03:55:49
Request Successful!05-09 03:56:50
Request Successful!05-09 03:57:52
Request Successful!05-09 03:58:54
Request Successful!05-09 03:59:56
Request Successful!05-09 04:00:58
Request Successful!05-09 04:02:00
Request Successful!05-09 04:03:02
Request Successful!05-09 04:04:04
Request Successful!05-09 04:05:06
Request Successful!05-09 04:06:08
Request Successful!05-09 04:07:10
Request Successful!05-09 04:08:11
Request Successful!05-09 04:09:13
Request Successful!05-09 04:10:15
New alert more than 5 minutes! See details below: 
CRITICAL
for 3m 27s
Check size of queue "SCO.IN.P.0002.CC3 on "QM.TANGO"
on
MQM Server Production
CRITICAL - Queue depth exceeding critical limit
Request Successful!05-09 04:11:27
New alert more than 5 minutes! See details below: 
CRITICAL
for 4m 39s
Check size of queue "SCO.IN.P.0002.CC3 on "QM.TANGO"
on
MQM Server Production
CRITICAL - Queue depth exceeding critical limit
Request Successful!05-09 04:12:40
New alert more than 5 minutes! See details below: 
CRITICAL
for 5m 52s
Check size of queue "SCO.IN.P.0002.CC3 on "QM.TANGO"
on
MQM Server Production
CRITICAL - Queue depth exceeding critical limit
Request Successful!05-09 04:13:52
Request Successful!05-09 04:14:54
Request Successful!05-09 04:15:56
Request Successful!05-09 04:16:58
Request Successful!05-09 04:18:00
Request Successful!05-09 04:19:02
Request Successful!05-09 04:20:04
Request Successful!05-09 04:21:05
Request Successful!05-09 04:22:07
Request Successful!05-09 04:23:09
Request Successful!05-09 04:24:11
Request Successful!05-09 04:25:13
Request Successful!05-09 04:26:15
Request Successful!05-09 04:27:17
Request Successful!05-09 04:28:19
Request Successful!05-09 04:29:21
Request Successful!05-09 04:30:23
Request Successful!05-09 04:31:24
Request Successful!05-09 04:32:26
Request Successful!05-09 04:33:28
Request Successful!05-09 04:34:30
Request Successful!05-09 04:35:32
Request Successful!05-09 04:36:34
Request Successful!05-09 04:37:36
Request Successful!05-09 04:38:38
Request Successful!05-09 04:39:39
Request Successful!05-09 04:40:41
Request Successful!05-09 04:41:43
Request Successful!05-09 04:42:45
Request Successful!05-09 04:43:47
Request Successful!05-09 04:44:49
Request Successful!05-09 04:45:51
Request Successful!05-09 04:46:53
Request Successful!05-09 04:47:55
Request Successful!05-09 04:48:57
Request Successful!05-09 04:49:59
Request Successful!05-09 04:51:00
Request Successful!05-09 04:52:02
Request Successful!05-09 04:53:04
Request Successful!05-09 04:54:06
Request Successful!05-09 04:55:08
Request Successful!05-09 04:56:10
Request Successful!05-09 04:57:12
Request Successful!05-09 04:58:14
Request Successful!05-09 04:59:16
Request Successful!05-09 05:00:18
Request Successful!05-09 05:01:20
Request Successful!05-09 05:02:21
Request Successful!05-09 05:03:23
Request Successful!05-09 05:04:25
Request Successful!05-09 05:05:27
Request Successful!05-09 05:07:23
Request Successful!05-09 05:08:25
Request Successful!05-09 05:09:26
Request Successful!05-09 05:10:28
Request Successful!05-09 05:11:30
Request Successful!05-09 05:12:31
Request Successful!05-09 05:13:33
Request Successful!05-09 05:14:34
Request Successful!05-09 05:15:36
Request Successful!05-09 05:16:38
Request Successful!05-09 05:17:40
Request Successful!05-09 05:18:42
Request Successful!05-09 05:19:43
Request Successful!05-09 05:20:45
Request Successful!05-09 05:21:47
Request Successful!05-09 05:22:49
Request Successful!05-09 05:23:50
Request Successful!05-09 05:24:52
Request Successful!05-09 05:25:53
Request Successful!05-09 05:26:55
Request Successful!05-09 05:27:56
Request Successful!05-09 05:28:58
Request Successful!05-09 05:30:00
Request Successful!05-09 05:31:01
Request Successful!05-09 05:32:03
Request Successful!05-09 05:33:04
Request Successful!05-09 05:34:06
Request Successful!05-09 05:35:08
Request Successful!05-09 05:36:09
Request Successful!05-09 05:37:11
Request Successful!05-09 05:38:12
Request Successful!05-09 05:39:14
Request Successful!05-09 05:40:15
Request Successful!05-09 05:41:17
Request Successful!05-09 05:42:19
Request Successful!05-09 05:43:20
Request Successful!05-09 05:44:22
Request Successful!05-09 05:45:23
Request Successful!05-09 05:46:25
Request Successful!05-09 05:47:26
Request Successful!05-09 05:48:28
Request Successful!05-09 05:49:30
Request Successful!05-09 05:50:31
Request Successful!05-09 05:51:33
Request Successful!05-09 05:52:34
Request Successful!05-09 05:53:36
Request Successful!05-09 05:54:37
Request Successful!05-09 05:55:39
Request Successful!05-09 05:56:41
Request Successful!05-09 05:57:42
Request Successful!05-09 05:58:44
Request Successful!05-09 05:59:45
Request Successful!05-09 06:00:47
Request Successful!05-09 06:01:48
Request Successful!05-09 06:02:50
Request Successful!05-09 06:03:52
Request Successful!05-09 06:04:53
Request Successful!05-09 06:05:55
Request Successful!05-09 06:06:57
Request Successful!05-09 06:07:58
Request Successful!05-09 06:09:00
Request Successful!05-09 06:10:01
Request Successful!05-09 06:11:03
Request Successful!05-09 06:12:04
Request Successful!05-09 06:13:06
Request Successful!05-09 06:14:07
Request Successful!05-09 06:15:09
Request Successful!05-09 06:16:10
Request Successful!05-09 06:17:12
Request Successful!05-09 06:18:14
Request Successful!05-09 06:19:15
Request Successful!05-09 06:20:17
Request Successful!05-09 06:21:18
Request Successful!05-09 06:22:20
Request Successful!05-09 06:23:21
Request Successful!05-09 06:24:23
Request Successful!05-09 06:25:24
Request Successful!05-09 06:26:26
Request Successful!05-09 06:27:28
Request Successful!05-09 06:28:30
Request Successful!05-09 06:29:32
Request Successful!05-09 06:30:33
Request Successful!05-09 06:31:35
Request Successful!05-09 06:32:36
Request Successful!05-09 06:33:38
Request Successful!05-09 06:34:39
Request Successful!05-09 06:35:41
New alert more than 5 minutes! See details below: 
CRITICAL
for 3m 28s
Check that ComSys pickup directory /app/sword/shared/mounts/nfsserver/Parallel1A/pickups/customer_parallel doesn't contain too many files.
on
Communication Server 1 Production
CRITICAL : /app/sword/shared/mounts/nfsserver/Parallel1A/pickups/customer_parallel holds 3313 files. Critical limit 1000 exceeded.
Request Successful!05-09 06:36:53
New alert more than 5 minutes! See details below: 
CRITICAL
for 4m 40s
Check that ComSys pickup directory /app/sword/shared/mounts/nfsserver/Parallel1A/pickups/customer_parallel doesn't contain too many files.
on
Communication Server 1 Production
CRITICAL : /app/sword/shared/mounts/nfsserver/Parallel1A/pickups/customer_parallel holds 3313 files. Critical limit 1000 exceeded.
Request Successful!05-09 06:38:04
New alert more than 5 minutes! See details below: 
CRITICAL
for 5m 51s
Check that ComSys pickup directory /app/sword/shared/mounts/nfsserver/Parallel1A/pickups/customer_parallel doesn't contain too many files.
on
Communication Server 1 Production
CRITICAL : /app/sword/shared/mounts/nfsserver/Parallel1A/pickups/customer_parallel holds 3313 files. Critical limit 1000 exceeded.
Request Successful!05-09 06:39:15
Request Successful!05-09 06:40:17
Request Successful!05-09 06:41:18
Request Successful!05-09 06:42:20
Request Successful!05-09 06:43:21
Request Successful!05-09 06:44:23
Request Successful!05-09 06:45:24
Request Successful!05-09 06:46:26
Request Successful!05-09 06:47:28
Request Successful!05-09 06:48:30
Request Successful!05-09 06:49:31
Request Successful!05-09 06:50:33
Request Successful!05-09 06:51:34
Request Successful!05-09 06:52:36
Request Successful!05-09 06:53:37
Request Successful!05-09 06:54:39
Request Successful!05-09 06:55:41
Request Successful!05-09 06:56:42
Request Successful!05-09 06:57:44
Request Successful!05-09 06:58:46
Request Successful!05-09 06:59:48
Request Successful!05-09 07:00:50
Request Successful!05-09 07:01:53
Request Successful!05-09 07:02:55
New alert more than 5 minutes! See details below: 
CRITICAL
for 3m 7s
Check that ComSys pickup directory /app/sword/shared/mounts/nfsserver/Parallel1A/pickups/customer_parallel got no overaged entries.
on
Communication Server 1 Production
CRITICAL : /app/sword/shared/mounts/nfsserver/Parallel1A/pickups/customer_parallel holds at least one file with age of 2787s. Critical limit 1800s exceeded.
Request Successful!05-09 07:04:07
New alert more than 5 minutes! See details below: 
CRITICAL
for 4m 19s
Check that ComSys pickup directory /app/sword/shared/mounts/nfsserver/Parallel1A/pickups/customer_parallel got no overaged entries.
on
Communication Server 1 Production
CRITICAL : /app/sword/shared/mounts/nfsserver/Parallel1A/pickups/customer_parallel holds at least one file with age of 2787s. Critical limit 1800s exceeded.
Request Successful!05-09 07:05:20
New alert more than 5 minutes! See details below: 
CRITICAL
for 5m 31s
Check that ComSys pickup directory /app/sword/shared/mounts/nfsserver/Parallel1A/pickups/customer_parallel got no overaged entries.
on
Communication Server 1 Production
CRITICAL : /app/sword/shared/mounts/nfsserver/Parallel1A/pickups/customer_parallel holds at least one file with age of 2787s. Critical limit 1800s exceeded.
Request Successful!05-09 07:06:32
New alert more than 5 minutes! See details below: 
CRITICAL
for 6m 44s
Check that ComSys pickup directory /app/sword/shared/mounts/nfsserver/Parallel1A/pickups/customer_parallel got no overaged entries.
on
Communication Server 1 Production
CRITICAL : /app/sword/shared/mounts/nfsserver/Parallel1A/pickups/customer_parallel holds at least one file with age of 2787s. Critical limit 1800s exceeded.
Request Successful!05-09 07:07:44
Request Successful!05-09 07:08:47
Request Successful!05-09 07:09:49
Request Successful!05-09 07:10:51
Request Successful!05-09 07:11:53
Request Successful!05-09 07:12:55
Request Successful!05-09 07:13:58
Request Successful!05-09 07:15:00
Request Successful!05-09 07:16:02
Request Successful!05-09 07:17:04
Request Successful!05-09 07:18:07
Request Successful!05-09 07:19:09
Request Successful!05-09 07:20:11
Request Successful!05-09 07:21:13
Request Successful!05-09 07:22:15
Request Successful!05-09 07:23:18
Request Successful!05-09 07:24:20
Request Successful!05-09 07:25:22
Request Successful!05-09 07:26:24
Request Successful!05-09 07:27:27
Request Successful!05-09 07:28:29
Request Successful!05-09 07:29:31
Request Successful!05-09 07:30:33
Request Successful!05-09 07:31:35
Request Successful!05-09 07:32:38
Request Successful!05-09 07:33:40
Request Successful!05-09 07:34:42
Request Successful!05-09 07:35:44
Request Successful!05-09 07:36:47
Request Successful!05-09 07:37:49
Request Successful!05-09 07:38:51
Request Successful!05-09 07:39:53
Request Successful!05-09 07:40:55
Request Successful!05-09 07:41:58
Request Successful!05-09 07:43:00
Request Successful!05-09 07:44:02
Request Successful!05-09 07:45:04
Request Successful!05-09 07:46:06
Request Successful!05-09 07:47:09
Request Successful!05-09 07:48:11
Request Successful!05-09 07:49:13
Request Successful!05-09 07:50:15
Request Successful!05-09 07:51:17
Request Successful!05-09 07:52:19
Request Successful!05-09 07:53:22
Request Successful!05-09 07:54:24
Request Successful!05-09 07:55:26
Request Successful!05-09 07:56:29
Request Successful!05-09 07:57:31
Request Successful!05-09 07:58:34
Request Successful!05-09 07:59:36
Request Successful!05-09 08:00:38
Request Successful!05-09 08:01:40
Request Successful!05-09 08:02:42
Request Successful!05-09 08:03:45
Request Successful!05-09 08:04:47
Request Successful!05-09 08:05:49
Request Successful!05-09 08:06:52
Request Successful!05-09 08:07:54
Request Successful!05-09 08:08:56
Request Successful!05-09 08:09:58
Request Successful!05-09 08:11:01
Request Successful!05-09 08:12:03
Request Successful!05-09 08:13:05
Request Successful!05-09 08:14:07
Request Successful!05-09 08:15:10
Request Successful!05-09 08:16:12
Request Successful!05-09 08:17:14
Request Successful!05-09 08:18:16
Request Successful!05-09 08:19:19
Request Successful!05-09 08:20:21
Request Successful!05-09 08:21:23
Request Successful!05-09 08:22:25
Request Successful!05-09 08:23:28
Request Successful!05-09 08:24:30
Request Successful!05-09 08:25:32
Request Successful!05-09 08:26:34
Request Successful!05-09 08:27:37
Request Successful!05-09 08:28:39
Request Successful!05-09 08:29:41
Request Successful!05-09 08:30:44
Request Successful!05-09 08:31:46
Request Successful!05-09 08:32:48
Request Successful!05-09 08:33:50
Request Successful!05-09 08:34:53
Request Successful!05-09 08:35:55
Request Successful!05-09 08:36:57
Request Successful!05-09 08:37:59
Request Successful!05-09 08:39:00
Request Successful!05-09 08:40:02
New alert more than 5 minutes! See details below: 
CRITICAL
for 3m 0s
B2Bi queue health: "B2Bi CI HME - PROD_Framework_Parallel_001.101_Parallel_Inb_10_FetchRef_HM"
on
B2Bi Application Server - Stream 3D (Multicluster)
CRITICAL - Queue "B2Bi CI HME - PROD_Framework_Parallel_001.101_Parallel_Inb_10_FetchRef_HM" ("hierchmessage_9799"/"queue_16"):
Request Successful!05-09 08:41:13
New alert more than 5 minutes! See details below: 
CRITICAL
for 4m 12s
B2Bi queue health: "B2Bi CI HME - PROD_Framework_Parallel_001.101_Parallel_Inb_10_FetchRef_HM"
on
B2Bi Application Server - Stream 3D (Multicluster)
CRITICAL - Queue "B2Bi CI HME - PROD_Framework_Parallel_001.101_Parallel_Inb_10_FetchRef_HM" ("hierchmessage_9799"/"queue_16"):
Request Successful!05-09 08:42:26
New alert more than 5 minutes! See details below: 
CRITICAL
for 5m 23s
B2Bi queue health: "B2Bi CI HME - PROD_Framework_Parallel_001.101_Parallel_Inb_10_FetchRef_HM"
on
B2Bi Application Server - Stream 3D (Multicluster)
CRITICAL - Queue "B2Bi CI HME - PROD_Framework_Parallel_001.101_Parallel_Inb_10_FetchRef_HM" ("hierchmessage_9799"/"queue_16"):
Request Successful!05-09 08:43:38
New alert more than 5 minutes! See details below: 
CRITICAL
for 6m 36s
B2Bi queue health: "B2Bi CI HME - PROD_Framework_Parallel_001.101_Parallel_Inb_10_FetchRef_HM"
on
B2Bi Application Server - Stream 3D (Multicluster)
CRITICAL - Queue "B2Bi CI HME - PROD_Framework_Parallel_001.101_Parallel_Inb_10_FetchRef_HM" ("hierchmessage_9799"/"queue_16"):
