Request Successful!09-04 15:33:42
Request Successful!09-04 15:36:44
Request Successful!09-04 15:39:45
Request Successful!09-04 15:42:47
Request Successful!09-04 15:45:48
Request Successful!09-04 15:48:50
Request Successful!09-04 15:51:52
Request Successful!09-04 15:54:53
Request Successful!09-04 15:57:55
Request Successful!09-04 16:00:57
Request Successful!09-04 16:03:59
Request Successful!09-04 16:07:00
Request Successful!09-04 16:10:02
Request Successful!09-04 16:13:04
Request Successful!09-04 16:16:05
Request Successful!09-04 16:19:07
Request Successful!09-04 16:22:09
Request Successful!09-04 16:25:10
Request Successful!09-04 16:28:12
Request Successful!09-04 16:31:14
Request Successful!09-04 16:34:15
Request Successful!09-04 16:37:17
Request Successful!09-04 16:40:18
Request Successful!09-04 16:43:20
Request Successful!09-04 16:46:22
Request Successful!09-04 16:49:23
Request Successful!09-04 16:52:25
Request Successful!09-04 16:55:26
Request Successful!09-04 16:58:28
Request Successful!09-04 17:01:30
Request Successful!09-04 17:04:32
Request Successful!09-04 17:07:33
Request Successful!09-04 17:10:35
Request Successful!09-04 17:13:36
Request Successful!09-04 17:16:38
Request Successful!09-04 17:19:39
Request Successful!09-04 17:22:41
Request Successful!09-04 17:25:42
Request Successful!09-04 17:28:44
Request Successful!09-04 17:31:45
Request Successful!09-04 17:34:47
Request Successful!09-04 17:37:48
Request Successful!09-04 17:40:50
Request Successful!09-04 17:43:52
Request Successful!09-04 17:46:53
Request Successful!09-04 17:49:55
Request Successful!09-04 17:52:56
Request Successful!09-04 17:55:58
Request Successful!09-04 17:59:00
Request Successful!09-04 18:02:01
Request Successful!09-04 18:05:03
Request Successful!09-04 18:08:04
Request Successful!09-04 18:11:06
Request Successful!09-04 18:14:07
Request Successful!09-04 18:17:09
Request Successful!09-04 18:20:10
Request Successful!09-04 18:23:12
Request Successful!09-04 18:26:13
Request Successful!09-04 18:29:14
Request Successful!09-04 18:32:16
Request Successful!09-04 18:35:17
Request Successful!09-04 18:38:19
Request Successful!09-04 18:41:20
Request Successful!09-04 18:44:22
Request Successful!09-04 18:47:23
Request Successful!09-04 18:50:25
Request Successful!09-04 18:53:26
Request Successful!09-04 18:56:28
New alert more than 5 minutes! See details below: 
CRITICAL
for 3m 22s
Checks if all B2Bi programs from startertasks.map are up
on
B2Bi Application Server - Stream 3E (Multicluster)
1 B2Bi prog(s) not running :  HierchMsgTask_13017_13016_1/HME Z00 TR_TrackMessageResult !
Request Successful!09-04 18:59:40
Request Successful!09-04 19:02:42
Request Successful!09-04 19:05:43
Request Successful!09-04 19:08:45
Request Successful!09-04 19:11:46
Request Successful!09-04 19:14:48
Request Successful!09-04 19:17:49
Request Successful!09-04 19:20:51
Request Successful!09-04 19:23:53
Request Successful!09-04 19:26:54
Request Successful!09-04 19:29:56
Request Successful!09-04 19:32:57
Request Successful!09-04 19:35:59
Request Successful!09-04 19:39:00
Request Successful!09-04 19:42:02
Request Successful!09-04 19:45:03
Request Successful!09-04 19:48:05
Request Successful!09-04 19:51:07
Request Successful!09-04 19:54:08
Request Successful!09-04 19:57:10
Request Successful!09-04 20:00:11
Request Successful!09-04 20:03:13
Request Successful!09-04 20:06:14
Request Successful!09-04 20:09:16
Request Successful!09-04 20:12:17
Request Successful!09-04 20:15:19
Request Successful!09-04 20:18:20
Request Successful!09-04 20:21:22
Request Successful!09-04 20:24:23
Request Successful!09-04 20:27:25
Request Successful!09-04 20:30:26
Request Successful!09-04 20:33:28
Request Successful!09-04 20:36:29
New alert more than 5 minutes! See details below: 
CRITICAL
for 5m 29s
B2Bi queue health: "B2Bi CI HME - PROD_FrameworkSystem.001_FromDisk_special_inbound_HM"
on
B2Bi Application Server - Stream 3B (Multicluster)
CRITICAL - Queue "B2Bi CI HME - PROD_FrameworkSystem.001_FromDisk_special_inbound_HM" ("hierchmessage_9610"/"queue_16"):
Request Successful!09-04 20:39:42
New alert more than 5 minutes! See details below: 
CRITICAL
for 3m 9s
Check that B2Bi pickup directory /app/sword/schenker/data/resend_inbound doesn't contain too many files.
on
B2Bi Application Server - Stream 3B (Multicluster)
CRITICAL : /app/sword/schenker/data/resend_inbound holds 1621 files. Critical limit 1000 exceeded.
Request Successful!09-04 20:42:54
Request Successful!09-04 20:45:55
Request Successful!09-04 20:48:57
Request Successful!09-04 20:51:58
Request Successful!09-04 20:55:00
New alert more than 5 minutes! See details below: 
CRITICAL
for 5m 26s
Checking for files in JMSClient error directories under /app/sword/schenker/jmsclients
on
Communication Server 1 Production
CRIT : 1 JMSClients with issues! Found a total of 2 files in todays (2024/09/04) error subdirectories.
Request Successful!09-04 20:58:12
Request Successful!09-04 21:01:13
Request Successful!09-04 21:04:15
Request Successful!09-04 21:07:16
Request Successful!09-04 22:31:25
Request Successful!09-04 22:34:27
Request Successful!09-04 22:37:28
Request Successful!09-04 22:40:29
New alert more than 5 minutes! See details below: 
CRITICAL
for 4m 11s
Checking for files in JMSClient error directories under /app/sword/schenker/jmsclients
on
Communication Server 1 Production
CRIT : 1 JMSClients with issues! Found a total of 2 files in todays (2024/09/04) error subdirectories.
Request Successful!09-04 22:43:41
New alert more than 5 minutes! See details below: 
CRITICAL
for 3m 53s
Check that B2Bi pickup directory /app/sword/schenker/data/resend_inbound doesn't contain too many files.
on
B2Bi Application Server - Stream 3B (Multicluster)
CRITICAL : /app/sword/schenker/data/resend_inbound holds 2459 files. Critical limit 1000 exceeded.
Request Successful!09-04 22:46:53
Request Successful!09-04 22:49:54
Request Successful!09-04 22:52:56
Request Successful!09-04 22:55:57
Request Successful!09-04 22:58:58
Request Successful!09-04 23:01:59
Request Successful!09-04 23:05:01
Request Successful!09-04 23:08:03
Request Successful!09-04 23:11:04
Request Successful!09-04 23:14:05
Request Successful!09-04 23:17:07
Request Successful!09-04 23:20:08
Request Successful!09-04 23:23:09
