Request Successful!09-18 15:49:39
Request Successful!09-18 15:52:41
Request Successful!09-18 15:55:43
Request Successful!09-18 15:58:47
Request Successful!09-18 16:01:48
Request Successful!09-18 16:04:50
Request Successful!09-18 16:07:51
Request Successful!09-18 16:10:53
Request Successful!09-18 16:13:54
Request Successful!09-18 16:16:55
Request Successful!09-18 16:19:57
Request Successful!09-18 16:22:58
Request Successful!09-18 16:25:59
Request Successful!09-18 16:29:01
Request Successful!09-18 16:32:02
Request Successful!09-18 16:35:04
Request Successful!09-18 16:38:05
Request Successful!09-18 16:41:07
Request Successful!09-18 16:44:08
Request Successful!09-18 16:47:09
Request Successful!09-18 16:50:11
Request Successful!09-18 16:53:12
Request Successful!09-18 16:56:14
Request Successful!09-18 16:59:15
Request Successful!09-18 17:02:16
Request Successful!09-18 17:05:18
Request Successful!09-18 17:08:19
Request Successful!09-18 17:11:21
Request Successful!09-18 17:14:22
Request Successful!09-18 17:17:23
Request Successful!09-18 17:20:25
Request Successful!09-18 17:23:26
Request Successful!09-18 17:26:28
Request Successful!09-18 17:29:29
Request Successful!09-18 17:32:33
Request Successful!09-18 17:35:34
Request Successful!09-18 17:38:36
Request Successful!09-18 17:41:37
Request Successful!09-18 17:44:39
Request Successful!09-18 17:47:40
Request Successful!09-18 17:50:42
Request Successful!09-18 17:53:44
Request Successful!09-18 17:56:45
Request Successful!09-18 17:59:47
Request Successful!09-18 18:02:49
Request Successful!09-18 18:05:50
Request Successful!09-18 18:08:52
Request Successful!09-18 18:11:53
Request Successful!09-18 18:14:54
Request Successful!09-18 18:17:56
Request Successful!09-18 18:20:57
Request Successful!09-18 18:23:59
Request Successful!09-18 18:27:00
Request Successful!09-18 18:30:02
Request Successful!09-18 18:33:03
Request Successful!09-18 18:36:04
Request Successful!09-18 18:39:06
Request Successful!09-18 18:42:07
Request Successful!09-18 18:45:09
Request Successful!09-18 18:48:10
Request Successful!09-18 18:51:11
Request Successful!09-18 18:54:13
Request Successful!09-18 18:57:14
New alert more than 5 minutes! See details below: 
CRITICAL
for 3m 6s
Icinga Cluster Status
on
b2biprddep1.sl3.comp.db.de
Icinga 2 Cluster Problem: 1 endpoints are not connected.
Request Successful!09-18 19:00:28
Request Successful!09-18 19:03:29
Request Successful!09-18 19:06:31
Request Successful!09-18 19:09:32
Request Successful!09-18 19:12:34
Request Successful!09-18 19:15:35
Request Successful!09-18 19:18:37
Request Successful!09-18 19:21:38
Request Successful!09-18 19:24:40
Request Successful!09-18 19:27:41
Request Successful!09-18 19:30:43
Request Successful!09-18 19:33:44
Request Successful!09-18 19:36:46
Request Successful!09-18 19:39:47
Request Successful!09-18 19:42:49
Request Successful!09-18 19:45:50
Request Successful!09-18 19:48:52
Request Successful!09-18 19:51:53
Request Successful!09-18 19:54:55
Request Successful!09-18 19:57:56
Request Successful!09-18 20:00:58
Request Successful!09-18 20:03:59
Request Successful!09-18 20:07:01
Request Successful!09-18 20:10:02
Request Successful!09-18 20:13:04
New alert more than 5 minutes! See details below: 
CRITICAL
for 4m 7s
Ping via IPv4: bladeprdprx1.sl3.comp.db.de
on
b2biprddep1.sl3.comp.db.de
pl 100% (100.00%)
pl 100% (100.00%)
PING CRITICAL - Packet loss = 100%
Request Successful!09-18 20:16:17
Request Successful!09-18 20:19:19
Request Successful!09-18 20:22:20
Request Successful!09-18 20:25:22
Request Successful!09-18 20:28:24
Request Successful!09-18 20:31:25
Request Successful!09-18 20:34:27
Request Successful!09-18 20:37:28
Request Successful!09-18 20:40:30
Request Successful!09-18 20:43:31
Request Successful!09-18 20:46:33
Request Successful!09-18 20:49:34
Request Successful!09-18 20:52:36
Request Successful!09-18 20:55:37
Request Successful!09-18 20:58:39
Request Successful!09-18 21:01:41
Request Successful!09-18 21:04:42
Request Successful!09-18 21:07:44
Request Successful!09-18 21:10:45
Request Successful!09-18 21:13:47
Request Successful!09-18 21:16:49
Request Successful!09-18 21:19:50
Request Successful!09-18 21:22:52
Request Successful!09-18 21:25:54
Request Successful!09-18 21:28:55
Request Successful!09-18 21:31:57
New alert more than 5 minutes! See details below: 
CRITICAL
for 3m 36s
B2Bi queue health: "B2Bi CI HME - PROD_Framework_Parallel_001.Z_Local_402_CASE_DetermineTrunk_HM"
on
B2Bi Application Server - Stream 1B
CRITICAL - Queue "B2Bi CI HME - PROD_Framework_Parallel_001.Z_Local_402_CASE_DetermineTrunk_HM" ("hierchmessage_7542"/"queue_13"):
Request Successful!09-18 21:35:09
New alert more than 5 minutes! See details below: 
CRITICAL
for 6m 48s
B2Bi queue health: "B2Bi CI HME - PROD_Framework_Parallel_001.Z_Local_402_CASE_DetermineTrunk_HM"
on
B2Bi Application Server - Stream 1B
CRITICAL - Queue "B2Bi CI HME - PROD_Framework_Parallel_001.Z_Local_402_CASE_DetermineTrunk_HM" ("hierchmessage_7542"/"queue_13"):
Request Successful!09-18 21:38:22
Request Successful!09-18 21:41:23
New alert more than 5 minutes! See details below: 
CRITICAL
for 5m 20s
B2Bi queue health: "B2Bi CI HME - PROD_Framework_Parallel_001.Z_Local_402_Serial_Out_20_InhouseEnveloper(Inhouse)_4_SAG_ETGOIT_HM"
on
B2Bi Application Server - Stream 1B
CRITICAL - Queue "B2Bi CI HME - PROD_Framework_Parallel_001.Z_Local_402_Serial_Out_20_InhouseEnveloper(Inhouse)_4_SAG_ETGOIT_HM" ("hierchmessage_11217"/"queue_13"):
Request Successful!09-18 21:44:34
Request Successful!09-18 21:47:36
Request Successful!09-18 21:50:37
Request Successful!09-18 21:53:38
Request Successful!09-18 21:56:40
Request Successful!09-18 21:59:41
Request Successful!09-18 22:02:43
Request Successful!09-18 22:05:45
Request Successful!09-18 22:08:46
Request Successful!09-18 22:11:48
Request Successful!09-18 22:14:49
Request Successful!09-18 22:17:51
Request Successful!09-18 22:20:52
Request Successful!09-18 22:23:54
Request Successful!09-18 22:26:55
Request Successful!09-18 22:29:57
Request Successful!09-18 22:32:58
Request Successful!09-18 22:36:00
Request Successful!09-18 22:39:01
Request Successful!09-18 22:42:03
Request Successful!09-18 22:45:04
Request Successful!09-18 22:48:06
Request Successful!09-18 22:51:07
Request Successful!09-18 22:54:09
Request Successful!09-18 22:57:10
Request Successful!09-18 23:00:12
Request Successful!09-18 23:03:14
Request Successful!09-18 23:06:15
Request Successful!09-18 23:09:17
Request Successful!09-18 23:12:18
Request Successful!09-18 23:15:20
Request Successful!09-18 23:18:21
Request Successful!09-18 23:21:23
Request Successful!09-18 23:24:25
