Request Successful!07-06 16:16:22
Request Successful!07-06 16:19:24
Request Successful!07-06 16:22:25
Request Successful!07-06 16:25:27
Request Successful!07-06 16:28:29
Request Successful!07-06 16:31:30
Request Successful!07-06 16:34:32
Request Successful!07-06 16:37:34
Request Successful!07-06 16:40:35
Request Successful!07-06 16:43:37
Request Successful!07-06 16:46:38
Request Successful!07-06 16:49:40
Request Successful!07-06 16:52:42
Request Successful!07-06 16:55:43
Request Successful!07-06 16:58:45
Request Successful!07-06 17:01:47
Request Successful!07-06 17:04:48
Request Successful!07-06 17:07:50
Request Successful!07-06 17:10:52
Request Successful!07-06 17:13:53
Request Successful!07-06 17:16:55
Request Successful!07-06 17:19:57
Request Successful!07-06 17:22:58
Request Successful!07-06 17:26:00
Request Successful!07-06 17:29:01
Request Successful!07-06 17:32:03
Request Successful!07-06 17:35:05
Request Successful!07-06 17:38:06
Request Successful!07-06 17:41:08
Request Successful!07-06 17:44:09
Request Successful!07-06 17:47:11
Request Successful!07-06 17:50:13
Request Successful!07-06 17:53:14
Request Successful!07-06 17:56:16
Request Successful!07-06 17:59:17
Request Successful!07-06 18:02:19
Request Successful!07-06 18:05:20
Request Successful!07-06 18:08:22
Request Successful!07-06 18:11:24
Request Successful!07-06 18:14:25
Request Successful!07-06 18:17:27
Request Successful!07-06 18:20:28
Request Successful!07-06 18:23:30
Request Successful!07-06 18:26:32
Request Successful!07-06 18:29:33
Request Successful!07-06 18:32:35
Request Successful!07-06 18:35:57
Request Successful!07-06 18:38:59
Request Successful!07-06 18:42:00
Request Successful!07-06 18:45:02
Request Successful!07-06 18:48:03
Request Successful!07-06 18:51:05
Request Successful!07-06 18:54:07
Request Successful!07-06 18:57:08
Request Successful!07-06 19:00:10
Request Successful!07-06 19:03:12
Request Successful!07-06 19:06:13
Request Successful!07-06 19:09:15
Request Successful!07-06 19:12:17
Request Successful!07-06 19:15:18
Request Successful!07-06 19:18:20
Request Successful!07-06 19:21:21
Request Successful!07-06 19:24:23
Request Successful!07-06 19:27:25
Request Successful!07-06 19:30:26
Request Successful!07-06 19:33:28
Request Successful!07-06 19:36:29
Request Successful!07-06 19:39:31
Request Successful!07-06 19:42:33
Request Successful!07-06 19:45:34
Request Successful!07-06 19:48:36
Request Successful!07-06 19:51:38
Request Successful!07-06 19:54:39
Request Successful!07-06 19:57:41
Request Successful!07-06 20:00:42
Request Successful!07-06 20:03:44
Request Successful!07-06 20:06:46
Request Successful!07-06 20:09:48
Request Successful!07-06 20:12:50
Request Successful!07-06 20:15:51
Request Successful!07-06 20:18:53
Request Successful!07-06 20:21:54
Request Successful!07-06 20:24:56
Request Successful!07-06 20:27:58
Request Successful!07-06 20:30:59
Request Successful!07-06 20:34:01
Request Successful!07-06 20:37:02
Request Successful!07-06 20:40:04
Request Successful!07-06 20:43:06
Request Successful!07-06 20:46:07
Request Successful!07-06 20:49:09
Request Successful!07-06 20:52:11
Request Successful!07-06 20:55:12
Request Successful!07-06 20:58:14
Request Successful!07-06 21:01:15
Request Successful!07-06 21:04:17
Request Successful!07-06 21:07:19
Request Successful!07-06 21:10:20
Request Successful!07-06 21:13:22
Request Successful!07-06 21:16:24
New alert more than 5 minutes! See details below: 
CRITICAL
for 3m 24s
Checking for files in JMSClient error directories under /app/sword/schenker/jmsclients
on
Communication Server 1 Production
CRIT : 1 JMSClients with issues! Found a total of 2 files in todays (2024/07/06) error subdirectories.
Request Successful!07-06 21:19:37
New alert more than 5 minutes! See details below: 
CRITICAL
for 6m 37s
Checking for files in JMSClient error directories under /app/sword/schenker/jmsclients
on
Communication Server 1 Production
CRIT : 1 JMSClients with issues! Found a total of 2 files in todays (2024/07/06) error subdirectories.
Request Successful!07-06 21:22:49
Request Successful!07-06 21:25:51
Request Successful!07-06 21:28:53
Request Successful!07-06 21:31:54
Request Successful!07-06 21:34:56
Request Successful!07-06 21:37:58
Request Successful!07-06 21:40:59
Request Successful!07-06 21:44:01
Request Successful!07-06 21:47:02
Request Successful!07-06 21:50:04
Request Successful!07-06 21:53:05
Request Successful!07-06 21:56:07
Request Successful!07-06 21:59:09
Request Successful!07-06 22:02:10
Request Successful!07-06 22:05:12
Request Successful!07-06 22:08:14
Request Successful!07-06 22:11:15
Request Successful!07-06 22:14:17
Request Successful!07-06 22:17:18
Request Successful!07-06 22:20:20
Request Successful!07-06 22:23:22
Request Successful!07-06 22:26:23
Request Successful!07-06 22:29:25
Request Successful!07-06 22:32:27
Request Successful!07-06 22:35:28
Request Successful!07-06 22:38:30
Request Successful!07-06 22:41:31
Request Successful!07-06 22:44:33
Request Successful!07-06 22:47:34
Request Successful!07-06 22:50:36
Request Successful!07-06 22:53:38
Request Successful!07-06 22:56:39
Request Successful!07-06 22:59:41
Request Successful!07-06 23:02:42
