Request Successful!08-15 15:42:05
Request Successful!08-15 15:45:06
Request Successful!08-15 15:48:08
Request Successful!08-15 15:51:09
Request Successful!08-15 15:54:11
Request Successful!08-15 15:57:13
Request Successful!08-15 16:00:14
Request Successful!08-15 16:03:16
Request Successful!08-15 16:06:17
Request Successful!08-15 16:09:19
Request Successful!08-15 16:12:20
Request Successful!08-15 16:15:22
Request Successful!08-15 16:18:23
Request Successful!08-15 16:21:25
Request Successful!08-15 16:24:27
Request Successful!08-15 16:27:29
Request Successful!08-15 16:30:30
Request Successful!08-15 16:33:32
Request Successful!08-15 16:36:34
Request Successful!08-15 16:39:36
Request Successful!08-15 16:42:37
Request Successful!08-15 16:45:39
Request Successful!08-15 16:48:40
Request Successful!08-15 16:51:42
Request Successful!08-15 16:54:44
Request Successful!08-15 16:57:45
Request Successful!08-15 17:00:47
Request Successful!08-15 17:03:48
Request Successful!08-15 17:06:50
Request Successful!08-15 17:09:52
Request Successful!08-15 17:12:54
Request Successful!08-15 17:15:55
Request Successful!08-15 17:18:57
Request Successful!08-15 17:21:59
Request Successful!08-15 17:25:00
Request Successful!08-15 17:28:02
Request Successful!08-15 17:31:04
Request Successful!08-15 17:34:05
Request Successful!08-15 17:37:07
Request Successful!08-15 17:40:08
Request Successful!08-15 17:43:10
Request Successful!08-15 17:46:11
Request Successful!08-15 17:49:13
Request Successful!08-15 17:52:14
Request Successful!08-15 17:55:16
Request Successful!08-15 17:58:17
Request Successful!08-15 18:01:19
Request Successful!08-15 18:04:20
Request Successful!08-15 18:07:22
Request Successful!08-15 18:10:23
Request Successful!08-15 18:13:25
Request Successful!08-15 18:16:26
Request Successful!08-15 18:19:28
Request Successful!08-15 18:22:29
Request Successful!08-15 18:25:30
Request Successful!08-15 18:28:32
Request Successful!08-15 18:31:33
Request Successful!08-15 18:34:35
Request Successful!08-15 18:37:36
Request Successful!08-15 18:40:37
Request Successful!08-15 18:43:39
Request Successful!08-15 18:46:40
Request Successful!08-15 18:49:42
Request Successful!08-15 18:52:43
Request Successful!08-15 18:55:45
Request Successful!08-15 18:58:46
Request Successful!08-15 19:01:47
Request Successful!08-15 19:04:49
Request Successful!08-15 19:07:52
Request Successful!08-15 19:10:54
Request Successful!08-15 19:13:55
Request Successful!08-15 19:16:57
Request Successful!08-15 19:19:58
Request Successful!08-15 19:22:59
Request Successful!08-15 19:26:01
Request Successful!08-15 19:29:03
Request Successful!08-15 19:32:04
Request Successful!08-15 19:35:06
Request Successful!08-15 19:38:08
Request Successful!08-15 19:41:10
Request Successful!08-15 19:44:11
Request Successful!08-15 19:47:13
Request Successful!08-15 19:50:14
Request Successful!08-15 19:53:16
Request Successful!08-15 19:56:18
New alert more than 5 minutes! See details below: 
CRITICAL
for 5m 51s
B2Bi queue health: "B2Bi CI HME - PROD_Framework_Parallel_001.Z_Local_402_Serial_Out_20_InhouseEnveloper(Inhouse)_4_SAG_ETGOIT_HM"
on
B2Bi Application Server - Stream 1B
CRITICAL - Queue "B2Bi CI HME - PROD_Framework_Parallel_001.Z_Local_402_Serial_Out_20_InhouseEnveloper(Inhouse)_4_SAG_ETGOIT_HM" ("hierchmessage_11217"/"queue_13"):
Request Successful!08-15 19:59:30
Request Successful!08-15 20:02:32
Request Successful!08-15 20:05:34
Request Successful!08-15 20:08:35
Request Successful!08-15 20:11:37
Request Successful!08-15 20:14:38
Request Successful!08-15 20:17:40
Request Successful!08-15 20:20:42
Request Successful!08-15 20:23:43
Request Successful!08-15 20:26:45
Request Successful!08-15 20:29:46
Request Successful!08-15 20:32:48
Request Successful!08-15 20:35:49
Request Successful!08-15 20:38:51
Request Successful!08-15 20:41:52
Request Successful!08-15 20:44:54
Request Successful!08-15 20:47:55
Request Successful!08-15 20:50:57
Request Successful!08-15 20:53:58
Request Successful!08-15 20:56:59
Request Successful!08-15 21:00:01
Request Successful!08-15 21:03:02
Request Successful!08-15 21:06:04
Request Successful!08-15 21:09:05
Request Successful!08-15 21:12:06
Request Successful!08-15 21:15:08
Request Successful!08-15 21:18:09
Request Successful!08-15 21:21:11
Request Successful!08-15 21:24:12
Request Successful!08-15 21:27:13
Request Successful!08-15 21:30:15
Request Successful!08-15 21:33:16
Request Successful!08-15 21:36:17
Request Successful!08-15 21:39:20
Request Successful!08-15 21:42:22
Request Successful!08-15 21:45:23
Request Successful!08-15 21:48:24
Request Successful!08-15 21:51:26
Request Successful!08-15 21:54:27
Request Successful!08-15 21:57:29
Request Successful!08-15 22:00:30
Request Successful!08-15 22:03:31
Request Successful!08-15 22:06:33
Request Successful!08-15 22:09:34
Request Successful!08-15 22:12:36
Request Successful!08-15 22:15:37
Request Successful!08-15 22:18:39
Request Successful!08-15 22:21:40
Request Successful!08-15 22:24:41
Request Successful!08-15 22:27:43
Request Successful!08-15 22:30:44
Request Successful!08-15 22:33:46
Request Successful!08-15 22:36:47
Request Successful!08-15 22:39:49
Request Successful!08-15 22:42:50
Request Successful!08-15 22:45:52
Request Successful!08-15 22:48:53
Request Successful!08-15 22:51:54
Request Successful!08-15 22:54:56
Request Successful!08-15 22:57:57
Request Successful!08-15 23:00:58
Request Successful!08-15 23:04:00
Request Successful!08-15 23:07:01
Request Successful!08-15 23:10:02
Request Successful!08-15 23:13:04
Request Successful!08-15 23:16:05
Request Successful!08-15 23:19:07
Request Successful!08-15 23:22:08
