Request Successful!12-26 16:11:25
Request Successful!12-26 16:14:26
Request Successful!12-26 16:17:28
Request Successful!12-26 16:20:29
Request Successful!12-26 16:23:31
Request Successful!12-26 16:26:32
Request Successful!12-26 16:29:34
Request Successful!12-26 16:32:36
Request Successful!12-26 16:35:37
Request Successful!12-26 16:38:39
Request Successful!12-26 16:41:40
Request Successful!12-26 16:44:42
Request Successful!12-26 16:47:43
Request Successful!12-26 16:50:46
Request Successful!12-26 16:53:48
Request Successful!12-26 16:56:49
Request Successful!12-26 16:59:51
Request Successful!12-26 17:02:52
Request Successful!12-26 17:05:54
Request Successful!12-26 17:08:56
Request Successful!12-26 17:11:57
Request Successful!12-26 17:14:58
Request Successful!12-26 17:18:00
Request Successful!12-26 17:21:02
Request Successful!12-26 17:24:03
New alert more than 5 minutes! See details below: 
CRITICAL
for 3m 57s
B2Bi queue health: "B2Bi CI HME - PROD_Framework_Parallel_001.Z_Local_402_Serial_Out_20_InhouseEnveloper(Inhouse)_4_SAG_ETGOIT_HM"
on
B2Bi Application Server - Stream 1B
CRITICAL - Queue "B2Bi CI HME - PROD_Framework_Parallel_001.Z_Local_402_Serial_Out_20_InhouseEnveloper(Inhouse)_4_SAG_ETGOIT_HM" ("hierchmessage_11217"/"queue_13"):
Request Successful!12-26 17:27:16
Request Successful!12-26 17:30:17
Request Successful!12-26 17:33:19
Request Successful!12-26 17:36:20
Request Successful!12-26 17:39:22
Request Successful!12-26 17:42:23
Request Successful!12-26 17:45:25
Request Successful!12-26 17:48:26
Request Successful!12-26 17:51:28
Request Successful!12-26 17:54:29
Request Successful!12-26 17:57:30
Request Successful!12-26 18:00:32
Request Successful!12-26 18:03:33
Request Successful!12-26 18:06:35
Request Successful!12-26 18:09:36
Request Successful!12-26 18:12:38
Request Successful!12-26 18:15:39
Request Successful!12-26 18:18:41
Request Successful!12-26 18:21:42
Request Successful!12-26 18:24:44
Request Successful!12-26 18:27:45
Request Successful!12-26 18:30:47
Request Successful!12-26 18:33:49
Request Successful!12-26 18:36:50
Request Successful!12-26 18:39:52
Request Successful!12-26 18:42:53
Request Successful!12-26 18:45:55
Request Successful!12-26 18:48:56
Request Successful!12-26 18:51:58
Request Successful!12-26 18:54:59
Request Successful!12-26 18:58:01
Request Successful!12-26 19:01:02
Request Successful!12-26 19:04:04
Request Successful!12-26 19:07:05
Request Successful!12-26 19:10:07
Request Successful!12-26 19:13:08
Request Successful!12-26 19:16:10
Request Successful!12-26 19:19:11
Request Successful!12-26 19:22:12
Request Successful!12-26 19:25:14
Request Successful!12-26 19:28:15
Request Successful!12-26 19:31:17
Request Successful!12-26 19:34:18
Request Successful!12-26 19:37:20
Request Successful!12-26 19:40:21
Request Successful!12-26 19:43:22
Request Successful!12-26 19:46:24
Request Successful!12-26 19:49:26
Request Successful!12-26 19:52:27
Request Successful!12-26 19:55:29
Request Successful!12-26 19:58:30
Request Successful!12-26 20:01:32
Request Successful!12-26 20:04:33
Request Successful!12-26 20:07:35
Request Successful!12-26 20:10:36
Request Successful!12-26 20:13:37
Request Successful!12-26 20:16:39
Request Successful!12-26 20:19:40
Request Successful!12-26 20:22:42
Request Successful!12-26 20:25:43
Request Successful!12-26 20:28:45
Request Successful!12-26 20:31:46
Request Successful!12-26 20:34:48
Request Successful!12-26 20:37:49
Request Successful!12-26 20:40:51
Request Successful!12-26 20:43:52
Request Successful!12-26 20:46:53
Request Successful!12-26 20:49:55
Request Successful!12-26 20:52:56
Request Successful!12-26 20:55:58
Request Successful!12-26 20:58:59
Request Successful!12-26 21:02:01
Request Successful!12-26 21:05:02
Request Successful!12-26 21:08:04
Request Successful!12-26 21:11:06
Request Successful!12-26 21:14:07
Request Successful!12-26 21:17:09
Request Successful!12-26 21:20:10
Request Successful!12-26 21:23:12
Request Successful!12-26 21:26:13
Request Successful!12-26 21:29:14
Request Successful!12-26 21:32:16
Request Successful!12-26 21:35:17
Request Successful!12-26 21:38:19
Request Successful!12-26 21:41:20
Request Successful!12-26 21:44:22
Request Successful!12-26 21:47:23
Request Successful!12-26 21:50:25
Request Successful!12-26 21:53:26
Request Successful!12-26 21:56:28
Request Successful!12-26 21:59:29
Request Successful!12-26 22:02:31
Request Successful!12-26 22:05:32
Request Successful!12-26 22:08:34
Request Successful!12-26 22:11:35
Request Successful!12-26 22:14:36
Request Successful!12-26 22:17:38
Request Successful!12-26 22:20:39
Request Successful!12-26 22:23:41
Request Successful!12-26 22:26:43
Request Successful!12-26 22:29:45
Request Successful!12-26 22:32:46
Request Successful!12-26 22:35:48
Request Successful!12-26 22:38:50
Request Successful!12-26 22:41:52
Request Successful!12-26 22:44:53
Request Successful!12-26 22:47:55
Request Successful!12-26 22:50:57
Request Successful!12-26 22:53:59
Request Successful!12-26 22:57:03
Request Successful!12-26 23:00:05
Request Successful!12-26 23:03:07
Request Successful!12-26 23:06:09
Request Successful!12-26 23:09:10
Request Successful!12-26 23:12:12
Request Successful!12-26 23:15:14
Request Successful!12-26 23:18:16
Request Successful!12-26 23:21:18
Request Successful!12-26 23:24:20
Request Successful!12-26 23:27:22
Request Successful!12-26 23:30:23
Request Successful!12-26 23:33:25
Request Successful!12-26 23:36:27
Request Successful!12-26 23:39:29
Request Successful!12-26 23:42:31
Request Successful!12-26 23:45:33
Request Successful!12-26 23:48:34
Request Successful!12-26 23:51:36
Request Successful!12-26 23:54:38
Request Successful!12-26 23:57:40
Request Successful!12-27 00:00:42
Request Successful!12-27 00:03:44
Request Successful!12-27 00:06:45
Request Successful!12-27 00:09:47
Request Successful!12-27 00:12:48
Request Successful!12-27 00:15:50
Request Successful!12-27 00:18:52
Request Successful!12-27 00:21:53
Request Successful!12-27 00:24:55
Request Successful!12-27 00:27:56
Request Successful!12-27 00:30:58
Request Successful!12-27 00:33:59
Request Successful!12-27 00:37:01
Request Successful!12-27 00:40:03
Request Successful!12-27 00:43:04
Request Successful!12-27 00:46:06
Request Successful!12-27 00:49:08
Request Successful!12-27 00:52:09
Request Successful!12-27 00:55:11
Request Successful!12-27 00:58:13
Request Successful!12-27 01:01:15
Request Successful!12-27 01:04:16
Request Successful!12-27 01:07:18
Request Successful!12-27 01:10:20
Request Successful!12-27 01:13:22
Request Successful!12-27 01:16:24
Request Successful!12-27 01:19:26
Request Successful!12-27 01:22:28
Request Successful!12-27 01:25:30
Request Successful!12-27 01:28:32
Request Successful!12-27 01:31:33
Request Successful!12-27 01:34:35
Request Successful!12-27 01:37:37
Request Successful!12-27 01:40:39
Request Successful!12-27 01:43:41
Request Successful!12-27 01:46:43
Request Successful!12-27 01:49:45
Request Successful!12-27 01:52:47
Request Successful!12-27 01:55:48
Request Successful!12-27 01:58:50
Request Successful!12-27 02:01:51
Request Successful!12-27 02:04:53
Request Successful!12-27 02:07:55
Request Successful!12-27 02:10:56
Request Successful!12-27 02:13:58
Request Successful!12-27 02:17:00
Request Successful!12-27 02:20:02
Request Successful!12-27 02:23:03
Request Successful!12-27 02:26:05
Request Successful!12-27 02:29:07
Request Successful!12-27 02:32:08
Request Successful!12-27 02:35:10
Request Successful!12-27 02:38:12
Request Successful!12-27 02:41:13
New alert more than 5 minutes! See details below: 
CRITICAL
for 5m 22s
B2Bi queue health: "B2Bi CI HME - PROD_Framework_Parallel_001.Z_Local_402_Serial_Out_20_InhouseEnveloper(Inhouse)_4_SAG_ETGOIT_HM"
on
B2Bi Application Server - Stream 1B
CRITICAL - Queue "B2Bi CI HME - PROD_Framework_Parallel_001.Z_Local_402_Serial_Out_20_InhouseEnveloper(Inhouse)_4_SAG_ETGOIT_HM" ("hierchmessage_11217"/"queue_13"):
