Request Successful!01-22 15:15:32
New alert more than 5 minutes! See details below: 
CRITICAL
for 4m 2s
B2Bi queue health: "B2Bi CI HME - PROD_Framework_Parallel_001.101_Parallel_Inb_10_FetchRef_HM"
on
B2Bi Application Server - Stream 3D (Multicluster)
CRITICAL - Queue "B2Bi CI HME - PROD_Framework_Parallel_001.101_Parallel_Inb_10_FetchRef_HM" ("hierchmessage_9799"/"queue_16"):
Request Successful!01-22 15:16:44
New alert more than 5 minutes! See details below: 
CRITICAL
for 5m 14s
B2Bi queue health: "B2Bi CI HME - PROD_Framework_Parallel_001.101_Parallel_Inb_10_FetchRef_HM"
on
B2Bi Application Server - Stream 3D (Multicluster)
CRITICAL - Queue "B2Bi CI HME - PROD_Framework_Parallel_001.101_Parallel_Inb_10_FetchRef_HM" ("hierchmessage_9799"/"queue_16"):
Request Successful!01-22 15:17:42
Request Successful!01-22 15:18:44
Request Successful!01-22 15:19:45
Request Successful!01-22 15:20:47
Request Successful!01-22 15:21:48
Request Successful!01-22 15:22:49
Request Successful!01-22 15:23:51
Request Successful!01-22 15:24:52
Request Successful!01-22 15:25:54
Request Successful!01-22 15:26:55
Request Successful!01-22 15:27:57
New alert more than 5 minutes! See details below: 
CRITICAL
for 1m 26s
Soft 1/2
B2Bi queue health: "B2Bi Logger 18"
on
B2Bi Application Server - Stream 3D (Multicluster)
CRITICAL - Queue "B2Bi Logger 18" ("logger_1044"/"queue_16"):
Request Successful!01-22 15:29:09
Request Successful!01-22 15:30:11
Request Successful!01-22 15:31:13
Request Successful!01-22 15:32:17
Request Successful!01-22 15:33:18
Request Successful!01-22 15:34:20
Request Successful!01-22 15:35:22
Request Successful!01-22 15:36:24
Request Successful!01-22 15:37:25
New alert more than 5 minutes! See details below: 
CRITICAL
for 1m 35s
Soft 1/2
B2Bi queue health: "B2Bi CI HME - PROD_Framework_Parallel_001.201_Serial_Dyn_10_ExecuteMasterDynMBC_HM"
on
B2Bi Application Server - Stream 1A
CRITICAL - Queue "B2Bi CI HME - PROD_Framework_Parallel_001.201_Serial_Dyn_10_ExecuteMasterDynMBC_HM" ("hierchmessage_2215"/"queue_13"):
Request Successful!01-22 15:38:36
Request Successful!01-22 15:39:38
Request Successful!01-22 15:40:40
Request Successful!01-22 15:41:41
Request Successful!01-22 15:42:43
Request Successful!01-22 15:43:44
Request Successful!01-22 15:44:46
Request Successful!01-22 15:45:47
Request Successful!01-22 15:46:48
Request Successful!01-22 15:47:50
Request Successful!01-22 15:48:51
Request Successful!01-22 15:49:53
Request Successful!01-22 15:50:55
Request Successful!01-22 15:51:56
Request Successful!01-22 15:52:58
Request Successful!01-22 15:54:00
Request Successful!01-22 15:55:01
