Request Successful!01-25 18:05:50
Request Successful!01-25 18:06:51
Request Successful!01-25 18:07:53
Request Successful!01-25 18:08:54
Request Successful!01-25 18:09:55
Request Successful!01-25 18:10:57
Request Successful!01-25 18:11:58
Request Successful!01-25 18:13:00
Request Successful!01-25 18:14:01
Request Successful!01-25 18:15:02
Request Successful!01-25 18:16:04
Request Successful!01-25 18:17:05
Request Successful!01-25 18:18:06
Request Successful!01-25 18:19:08
Request Successful!01-25 18:20:09
Request Successful!01-25 18:21:10
Request Successful!01-25 18:22:12
Request Successful!01-25 18:23:13
Request Successful!01-25 18:24:14
Request Successful!01-25 18:25:16
Request Successful!01-25 18:26:17
Request Successful!01-25 18:27:18
Request Successful!01-25 18:28:20
Request Successful!01-25 18:29:21
Request Successful!01-25 18:30:22
Request Successful!01-25 18:31:24
Request Successful!01-25 18:32:25
Request Successful!01-25 18:33:26
Request Successful!01-25 18:34:28
Request Successful!01-25 18:35:29
Request Successful!01-25 18:36:31
Request Successful!01-25 18:37:32
Request Successful!01-25 18:38:33
Request Successful!01-25 18:39:35
Request Successful!01-25 18:40:36
Request Successful!01-25 18:41:37
Request Successful!01-25 18:42:39
Request Successful!01-25 18:43:40
Request Successful!01-25 18:44:41
Request Successful!01-25 18:45:43
Request Successful!01-25 18:46:44
Request Successful!01-25 18:47:45
Request Successful!01-25 18:48:47
Request Successful!01-25 18:49:48
HTTPSConnectionPool(host='b2biprddep1.sl3.comp.db.de', port=443): Max retries exceeded with url: /icingaweb2/monitoring/list/services?service_problem=1&sort=service_severity&dir=desc (Caused by SSLError(SSLEOFError(8, '[SSL: UNEXPECTED_EOF_WHILE_READING] EOF occurred in violation of protocol (_ssl.c:1006)')))
Request Successful!01-25 18:51:56
Request Successful!01-25 18:52:57
Request Successful!01-25 18:53:58
Request Successful!01-25 18:55:00
Request Successful!01-25 18:56:01
Request Successful!01-25 18:57:02
Request Successful!01-25 18:58:04
Request Successful!01-25 18:59:05
Request Successful!01-25 19:00:07
Request Successful!01-25 19:01:08
Request Successful!01-25 19:02:09
Request Successful!01-25 19:03:11
Request Successful!01-25 19:04:12
Request Successful!01-25 19:05:14
Request Successful!01-25 19:06:15
Request Successful!01-25 19:07:16
Request Successful!01-25 19:08:18
Request Successful!01-25 19:09:20
Request Successful!01-25 19:10:21
Request Successful!01-25 19:11:23
Request Successful!01-25 19:12:24
Request Successful!01-25 19:13:25
Request Successful!01-25 19:14:27
Request Successful!01-25 19:15:28
Request Successful!01-25 19:16:30
Request Successful!01-25 19:17:31
Request Successful!01-25 19:18:32
Request Successful!01-25 19:19:34
Request Successful!01-25 19:20:35
Request Successful!01-25 19:21:36
Request Successful!01-25 19:22:38
Request Successful!01-25 19:23:39
Request Successful!01-25 19:24:40
Request Successful!01-25 19:25:42
Request Successful!01-25 19:26:43
Request Successful!01-25 19:27:44
Request Successful!01-25 19:28:46
Request Successful!01-25 19:29:47
Request Successful!01-25 19:30:49
Request Successful!01-25 19:31:50
Request Successful!01-25 19:32:52
Request Successful!01-25 19:33:54
Request Successful!01-25 19:34:55
Request Successful!01-25 19:35:57
Request Successful!01-25 19:36:58
Request Successful!01-25 19:37:59
Request Successful!01-25 19:39:01
Request Successful!01-25 19:40:02
Request Successful!01-25 19:41:03
Request Successful!01-25 19:42:05
Request Successful!01-25 20:33:42
Request Successful!01-25 20:34:43
Request Successful!01-25 20:35:45
Request Successful!01-25 20:36:46
Request Successful!01-25 20:37:48
Request Successful!01-25 20:38:49
Request Successful!01-25 20:39:50
Request Successful!01-25 20:40:52
Request Successful!01-25 20:41:53
Request Successful!01-25 20:42:55
Request Successful!01-25 20:43:56
Request Successful!01-25 20:44:57
Request Successful!01-25 20:45:59
Request Successful!01-25 20:47:00
Request Successful!01-25 20:48:01
Request Successful!01-25 20:49:03
Request Successful!01-25 20:50:04
Request Successful!01-25 20:51:06
Request Successful!01-25 20:52:07
Request Successful!01-25 20:53:08
Request Successful!01-25 20:54:10
Request Successful!01-25 20:55:11
Request Successful!01-25 20:56:12
Request Successful!01-25 20:57:14
Request Successful!01-25 20:58:15
Request Successful!01-25 20:59:17
Request Successful!01-25 21:00:19
Request Successful!01-25 21:01:21
Request Successful!01-25 21:02:22
Request Successful!01-25 21:03:23
Request Successful!01-25 21:04:25
Request Successful!01-25 21:05:26
Request Successful!01-25 21:06:28
Request Successful!01-25 21:07:29
Request Successful!01-25 21:08:31
Request Successful!01-25 21:09:32
Request Successful!01-25 21:10:33
Request Successful!01-25 21:11:35
Request Successful!01-25 21:12:36
Request Successful!01-25 21:13:37
Request Successful!01-25 21:14:39
Request Successful!01-25 21:15:40
Request Successful!01-25 21:16:42
Request Successful!01-25 21:17:43
Request Successful!01-25 21:18:45
Request Successful!01-25 21:19:47
Request Successful!01-25 21:20:48
Request Successful!01-25 21:21:49
Request Successful!01-25 21:22:51
Request Successful!01-25 21:23:52
Request Successful!01-25 21:24:54
Request Successful!01-25 21:25:55
Request Successful!01-25 21:26:56
Request Successful!01-25 21:27:58
Request Successful!01-25 21:28:59
Request Successful!01-25 21:30:00
Request Successful!01-25 21:31:02
Request Successful!01-25 21:32:03
Request Successful!01-25 21:33:05
Request Successful!01-25 21:34:06
Request Successful!01-25 21:35:07
Request Successful!01-25 21:36:09
Request Successful!01-25 21:37:10
New alert more than 5 minutes! See details below: 
CRITICAL
for 1m 47s
Soft 1/2
B2Bi queue health: "B2Bi CI HME - PROD_Framework_Parallel_001.201_Serial_Dyn_10_ExecuteMasterDynMBC_HM"
on
B2Bi Application Server - Stream 1A
CRITICAL - Queue "B2Bi CI HME - PROD_Framework_Parallel_001.201_Serial_Dyn_10_ExecuteMasterDynMBC_HM" ("hierchmessage_2215"/"queue_13"):
Request Successful!01-25 21:38:23
Request Successful!01-25 21:39:24
Request Successful!01-25 21:40:26
Request Successful!01-25 21:41:27
Request Successful!01-25 21:42:28
Request Successful!01-25 21:43:30
Request Successful!01-25 21:44:31
Request Successful!01-25 21:45:32
Request Successful!01-25 21:46:34
Request Successful!01-25 21:47:35
Request Successful!01-25 21:48:37
Request Successful!01-25 21:49:38
Request Successful!01-25 21:50:40
Request Successful!01-25 21:51:42
Request Successful!01-25 21:52:43
Request Successful!01-25 21:53:45
Request Successful!01-25 21:54:46
Request Successful!01-25 21:55:48
Request Successful!01-25 21:56:49
Request Successful!01-25 21:57:51
Request Successful!01-25 21:58:52
Request Successful!01-25 21:59:54
Request Successful!01-25 22:00:55
Request Successful!01-25 22:01:57
New alert more than 5 minutes! See details below: 
CRITICAL
for 1m 1s
Soft 1/2
B2Bi queue health: "B2Bi CI HME - PROD_Framework_Parallel_001.Z_Local_202_Serial_Dyn_10_ExecuteMasterDynMBC_HM"
on
B2Bi Application Server - Stream 1C
CRITICAL - Queue "B2Bi CI HME - PROD_Framework_Parallel_001.Z_Local_202_Serial_Dyn_10_ExecuteMasterDynMBC_HM" ("hierchmessage_7365"/"queue_13"):
Request Successful!01-25 22:03:08
Request Successful!01-25 22:04:10
Request Successful!01-25 22:05:11
Request Successful!01-25 22:06:13
Request Successful!01-25 22:07:14
Request Successful!01-25 22:08:16
Request Successful!01-25 22:09:17
Request Successful!01-25 22:10:19
Request Successful!01-25 22:11:21
Request Successful!01-25 22:12:22
Request Successful!01-25 22:13:24
Request Successful!01-25 22:14:25
Request Successful!01-25 22:15:27
Request Successful!01-25 22:16:28
Request Successful!01-25 22:17:30
Request Successful!01-25 22:18:31
Request Successful!01-25 22:19:33
Request Successful!01-25 22:20:34
Request Successful!01-25 22:21:35
Request Successful!01-25 22:22:37
Request Successful!01-25 22:23:39
Request Successful!01-25 22:24:40
Request Successful!01-25 22:25:41
Request Successful!01-25 22:26:43
New alert more than 5 minutes! See details below: 
CRITICAL
for 1m 36s
Soft 1/2
B2Bi queue health: "B2Bi Logger 14"
on
B2Bi Application Server - Stream 2A (Multicluster - VIP)
CRITICAL - Queue "B2Bi Logger 14" ("logger_1036"/"queue_16"):
Request Successful!01-25 22:27:54
Request Successful!01-25 22:28:56
Request Successful!01-25 22:29:57
Request Successful!01-25 22:30:59
Request Successful!01-25 22:32:00
Request Successful!01-25 22:33:01
Request Successful!01-25 22:34:03
Request Successful!01-25 22:35:04
Request Successful!01-25 22:36:06
Request Successful!01-25 22:37:07
Request Successful!01-25 22:38:08
Request Successful!01-25 22:39:10
Request Successful!01-25 22:40:12
New alert more than 5 minutes! See details below: 
CRITICAL
for 1m 36s
Soft 1/2
B2Bi queue health: "B2Bi CI HME - PROD_Framework_Parallel_001.101_Parallel_Dyn_10_ExecuteMasterDynMBC_HM"
on
B2Bi Application Server - Stream 3A (Multicluster)
CRITICAL - Queue "B2Bi CI HME - PROD_Framework_Parallel_001.101_Parallel_Dyn_10_ExecuteMasterDynMBC_HM" ("hierchmessage_9931"/"queue_16"):
Request Successful!01-25 22:41:23
Request Successful!01-25 22:42:24
Request Successful!01-25 22:43:26
Request Successful!01-25 22:44:27
Request Successful!01-25 22:45:29
Request Successful!01-25 22:46:30
Request Successful!01-25 22:47:32
Request Successful!01-25 22:48:33
Request Successful!01-25 22:49:35
Request Successful!01-25 22:50:36
Request Successful!01-25 22:51:38
Request Successful!01-25 22:52:39
Request Successful!01-25 22:53:40
Request Successful!01-25 22:54:42
Request Successful!01-25 22:55:43
Request Successful!01-25 22:56:45
Request Successful!01-25 22:57:46
Request Successful!01-25 22:58:48
Request Successful!01-25 22:59:49
Request Successful!01-25 23:00:51
Request Successful!01-25 23:01:53
Request Successful!01-25 23:02:54
Request Successful!01-25 23:03:56
Request Successful!01-25 23:04:57
Request Successful!01-25 23:05:59
