('Connection aborted.', ConnectionResetError(10054, '远程主机强迫关闭了一个现有的连接。', None, 10054, None))
Request Successful!03-07 16:37:40
Request Successful!03-07 16:38:42
Request Successful!03-07 16:39:43
Request Successful!03-07 16:40:44
Request Successful!03-07 16:41:46
Request Successful!03-07 16:42:47
Request Successful!03-07 16:43:49
Request Successful!03-07 16:44:50
Request Successful!03-07 16:45:52
Request Successful!03-07 16:46:55
Request Successful!03-07 16:47:57
Request Successful!03-07 16:48:59
Request Successful!03-07 16:50:00
Request Successful!03-07 16:51:02
Request Successful!03-07 16:52:03
Request Successful!03-07 16:53:04
Request Successful!03-07 16:54:06
Request Successful!03-07 16:55:07
Request Successful!03-07 16:56:09
Request Successful!03-07 16:57:10
Request Successful!03-07 16:58:12
Request Successful!03-07 16:59:13
Request Successful!03-07 17:00:15
New alert more than 5 minutes! See details below: 
CRITICAL
for 1m 59s
B2Bi queue health: "B2Bi CI HME - PROD_Framework_Parallel_001.Z_Local_402_Serial_Out_20_InhouseEnveloper(Inhouse)_4_SAG_ETGOIT_HM"
on
B2Bi Application Server - Stream 1B
CRITICAL - Queue "B2Bi CI HME - PROD_Framework_Parallel_001.Z_Local_402_Serial_Out_20_InhouseEnveloper(Inhouse)_4_SAG_ETGOIT_HM" ("hierchmessage_11217"/"queue_13"):
Request Successful!03-07 17:01:27
Request Successful!03-07 17:02:28
Request Successful!03-07 17:03:30
Request Successful!03-07 17:04:31
Request Successful!03-07 17:05:33
Request Successful!03-07 17:06:34
Request Successful!03-07 17:07:36
Request Successful!03-07 17:08:37
Request Successful!03-07 17:09:39
Request Successful!03-07 17:10:41
Request Successful!03-07 17:11:42
Request Successful!03-07 17:12:44
Request Successful!03-07 17:13:45
Request Successful!03-07 17:14:46
Request Successful!03-07 17:15:49
Request Successful!03-07 17:16:52
Request Successful!03-07 17:17:53
Request Successful!03-07 17:18:55
Request Successful!03-07 17:19:57
Request Successful!03-07 17:20:58
Request Successful!03-07 17:22:00
Request Successful!03-07 17:23:01
Request Successful!03-07 17:24:02
Request Successful!03-07 17:25:04
Request Successful!03-07 17:26:06
Request Successful!03-07 17:27:07
Request Successful!03-07 17:28:09
Request Successful!03-07 17:29:10
Request Successful!03-07 17:30:11
Request Successful!03-07 17:31:13
Request Successful!03-07 17:32:15
Request Successful!03-07 17:33:16
Request Successful!03-07 17:34:18
Request Successful!03-07 17:35:19
Request Successful!03-07 17:36:21
Request Successful!03-07 17:37:22
Request Successful!03-07 17:38:24
Request Successful!03-07 17:39:25
Request Successful!03-07 17:40:27
Request Successful!03-07 17:41:28
Request Successful!03-07 17:42:30
Request Successful!03-07 17:43:31
Request Successful!03-07 17:44:33
Request Successful!03-07 17:45:34
Request Successful!03-07 17:46:36
Request Successful!03-07 17:47:37
Request Successful!03-07 17:48:39
Request Successful!03-07 17:49:41
Request Successful!03-07 17:50:43
Request Successful!03-07 17:51:44
Request Successful!03-07 17:52:46
Request Successful!03-07 17:53:47
Request Successful!03-07 17:54:49
Request Successful!03-07 17:55:50
Request Successful!03-07 17:56:52
Request Successful!03-07 17:57:53
Request Successful!03-07 17:58:55
Request Successful!03-07 17:59:56
Request Successful!03-07 18:00:58
Request Successful!03-07 18:02:00
Request Successful!03-07 18:03:01
Request Successful!03-07 18:04:03
Request Successful!03-07 18:05:04
Request Successful!03-07 18:06:06
Request Successful!03-07 18:07:08
Request Successful!03-07 18:08:09
Request Successful!03-07 18:09:10
Request Successful!03-07 18:10:12
Request Successful!03-07 18:11:13
Request Successful!03-07 18:12:15
Request Successful!03-07 18:13:16
Request Successful!03-07 18:14:18
Request Successful!03-07 18:15:19
New alert more than 5 minutes! See details below: 
CRITICAL
for 1m 55s
Soft 1/2
B2Bi queue health: "B2Bi Logger 16"
on
B2Bi Application Server - Stream 1C
CRITICAL - Queue "B2Bi Logger 16" ("logger_1577"/"queue_13"):
Request Successful!03-07 18:16:31
Request Successful!03-07 18:17:32
Request Successful!03-07 18:18:33
Request Successful!03-07 18:19:35
Request Successful!03-07 18:20:36
Request Successful!03-07 18:21:38
Request Successful!03-07 18:22:39
Request Successful!03-07 18:23:41
Request Successful!03-07 18:24:42
Request Successful!03-07 18:25:44
Request Successful!03-07 18:26:45
Request Successful!03-07 18:27:47
Request Successful!03-07 18:28:48
New alert more than 5 minutes! See details below: 
CRITICAL
for 1m 18s
Soft 1/2
B2Bi queue health: "B2Bi Logger 16"
on
B2Bi Application Server - Stream 1A
CRITICAL - Queue "B2Bi Logger 16" ("logger_12486"/"queue_13"):
Request Successful!03-07 18:29:59
Request Successful!03-07 18:31:00
Request Successful!03-07 18:32:02
Request Successful!03-07 18:33:03
Request Successful!03-07 18:34:04
Request Successful!03-07 18:35:06
Request Successful!03-07 18:36:07
Request Successful!03-07 18:37:11
Request Successful!03-07 18:38:18
Request Successful!03-07 18:39:19
Request Successful!03-07 18:40:20
Request Successful!03-07 18:41:22
Request Successful!03-07 18:42:23
Request Successful!03-07 18:43:25
Request Successful!03-07 18:44:26
Request Successful!03-07 18:45:28
Request Successful!03-07 18:46:38
Request Successful!03-07 18:47:39
Request Successful!03-07 18:48:41
Request Successful!03-07 18:49:42
Request Successful!03-07 18:50:44
Request Successful!03-07 18:51:45
Request Successful!03-07 18:52:47
Request Successful!03-07 18:53:48
Request Successful!03-07 18:54:49
Request Successful!03-07 18:55:51
Request Successful!03-07 18:56:52
Request Successful!03-07 18:57:53
Request Successful!03-07 18:58:54
Request Successful!03-07 18:59:56
Request Successful!03-07 19:00:57
Request Successful!03-07 19:01:58
Request Successful!03-07 19:02:59
Request Successful!03-07 19:04:01
Request Successful!03-07 19:05:02
New alert more than 5 minutes! See details below: 
CRITICAL
for 1m 37s
Soft 1/2
B2Bi queue health: "B2Bi CI HME - PROD_Framework_Parallel_001.101_Parallel_Out_20_SetEnveloperAttributes(ANSI)_HM"
on
B2Bi Application Server - Stream 2A (Multicluster - VIP)
CRITICAL - Queue "B2Bi CI HME - PROD_Framework_Parallel_001.101_Parallel_Out_20_SetEnveloperAttributes(ANSI)_HM" ("hierchmessage_2652"/"queue_16"):
Request Successful!03-07 19:06:13
Request Successful!03-07 19:07:14
Request Successful!03-07 19:08:16
Request Successful!03-07 19:09:17
Request Successful!03-07 19:10:18
Request Successful!03-07 19:11:19
Request Successful!03-07 19:12:21
Request Successful!03-07 19:13:22
Request Successful!03-07 19:14:23
Request Successful!03-07 19:15:24
Request Successful!03-07 19:16:26
Request Successful!03-07 19:17:27
Request Successful!03-07 19:18:28
Request Successful!03-07 19:19:29
Request Successful!03-07 19:20:30
New alert more than 5 minutes! See details below: 
CRITICAL
for 1m 31s
Soft 1/2
B2Bi queue health: "B2Bi Logger 14"
on
B2Bi Application Server - Stream 2A (Multicluster - VIP)
CRITICAL - Queue "B2Bi Logger 14" ("logger_1036"/"queue_16"):
Request Successful!03-07 19:21:41
New alert more than 5 minutes! See details below: 
CRITICAL
for 1m 3s
Soft 1/2
B2Bi queue health: "B2Bi Logger 16"
on
B2Bi Application Server - Stream 3A (Multicluster)
CRITICAL - Queue "B2Bi Logger 16" ("logger_1040"/"queue_16"):
Request Successful!03-07 19:22:52
Request Successful!03-07 19:23:53
New alert more than 5 minutes! See details below: 
CRITICAL
for 1m 1s
Soft 1/2
Checks if all B2Bi programs from startertasks.map are up. BLADE version.
on
bladeprdapp1.sl3.comp.db.de
238 B2Bi prog(s) not running!
Request Successful!03-07 19:25:03
Request Successful!03-07 19:26:04
Request Successful!03-07 19:27:06
Request Successful!03-07 19:28:07
Request Successful!03-07 19:29:08
Request Successful!03-07 19:30:10
Request Successful!03-07 19:31:11
Request Successful!03-07 19:32:12
Request Successful!03-07 19:33:14
Request Successful!03-07 19:34:15
Request Successful!03-07 19:35:16
Request Successful!03-07 19:36:17
Request Successful!03-07 19:37:19
Request Successful!03-07 19:38:20
Request Successful!03-07 19:39:21
Request Successful!03-07 19:40:22
Request Successful!03-07 19:41:24
Request Successful!03-07 19:42:25
Request Successful!03-07 19:43:26
Request Successful!03-07 19:44:28
Request Successful!03-07 19:45:29
Request Successful!03-07 19:46:30
Request Successful!03-07 19:47:32
Request Successful!03-07 19:48:33
Request Successful!03-07 19:49:34
Request Successful!03-07 19:50:35
Request Successful!03-07 19:51:37
Request Successful!03-07 19:52:38
Request Successful!03-07 19:53:39
Request Successful!03-07 19:54:40
Request Successful!03-07 19:55:42
Request Successful!03-07 19:56:43
Request Successful!03-07 19:57:44
Request Successful!03-07 19:58:45
Request Successful!03-07 19:59:47
Request Successful!03-07 20:00:48
Request Successful!03-07 20:01:49
Request Successful!03-07 20:02:50
Request Successful!03-07 20:03:52
Request Successful!03-07 20:04:53
Request Successful!03-07 20:05:54
Request Successful!03-07 20:06:56
Request Successful!03-07 20:07:57
Request Successful!03-07 20:08:58
Request Successful!03-07 20:09:59
Request Successful!03-07 20:11:01
Request Successful!03-07 20:12:02
Request Successful!03-07 20:13:03
Request Successful!03-07 20:14:04
Request Successful!03-07 20:15:06
Request Successful!03-07 20:16:07
Request Successful!03-07 20:17:08
New alert more than 5 minutes! See details below: 
CRITICAL
for 1m 21s
Soft 1/2
B2Bi queue health: "B2Bi Logger 11"
on
B2Bi Application Server - Stream 1C
CRITICAL - Queue "B2Bi Logger 11" ("logger_1567"/"queue_13"):
Request Successful!03-07 20:18:19
Request Successful!03-07 20:19:20
Request Successful!03-07 20:20:21
Request Successful!03-07 20:21:22
Request Successful!03-07 20:22:24
Request Successful!03-07 20:23:25
Request Successful!03-07 20:24:26
Request Successful!03-07 20:25:27
Request Successful!03-07 20:26:29
Request Successful!03-07 20:27:30
Request Successful!03-07 20:28:31
Request Successful!03-07 20:29:32
Request Successful!03-07 20:30:34
Request Successful!03-07 20:31:35
Request Successful!03-07 20:32:36
Request Successful!03-07 20:33:37
Request Successful!03-07 20:34:39
Request Successful!03-07 20:35:40
('Connection aborted.', ConnectionResetError(10054, '远程主机强迫关闭了一个现有的连接。', None, 10054, None))
Request Successful!03-07 20:37:46
Request Successful!03-07 20:38:48
Request Successful!03-07 20:39:49
Request Successful!03-07 20:40:50
Request Successful!03-07 20:41:51
Request Successful!03-07 20:42:53
Request Successful!03-07 20:43:54
Request Successful!03-07 20:44:55
Request Successful!03-07 20:45:57
Request Successful!03-07 20:46:58
Request Successful!03-07 20:47:59
Request Successful!03-07 20:49:00
Request Successful!03-07 20:50:02
Request Successful!03-07 20:51:03
Request Successful!03-07 20:52:04
Request Successful!03-07 20:53:05
Request Successful!03-07 20:54:07
Request Successful!03-07 20:55:08
Request Successful!03-07 20:56:09
Request Successful!03-07 20:57:11
Request Successful!03-07 20:58:12
Request Successful!03-07 20:59:14
Request Successful!03-07 21:00:15
Request Successful!03-07 21:01:16
Request Successful!03-07 21:02:17
Request Successful!03-07 21:03:19
Request Successful!03-07 21:04:20
Request Successful!03-07 21:05:21
Request Successful!03-07 21:06:22
Request Successful!03-07 21:07:24
Request Successful!03-07 21:08:25
Request Successful!03-07 21:09:26
Request Successful!03-07 21:10:27
Request Successful!03-07 21:11:28
Request Successful!03-07 21:12:30
Request Successful!03-07 21:13:31
Request Successful!03-07 21:14:32
Request Successful!03-07 21:15:33
Request Successful!03-07 21:16:35
Request Successful!03-07 21:17:36
New alert more than 5 minutes! See details below: 
CRITICAL
for 1m 48s
Soft 1/2
B2Bi queue health: "B2Bi Logger 11"
on
B2Bi Application Server - Stream 1C
CRITICAL - Queue "B2Bi Logger 11" ("logger_1567"/"queue_13"):
Request Successful!03-07 21:18:46
Request Successful!03-07 21:19:48
Request Successful!03-07 21:20:49
Request Successful!03-07 21:21:50
Request Successful!03-07 21:22:52
Request Successful!03-07 21:23:53
Request Successful!03-07 21:24:54
Request Successful!03-07 21:25:55
Request Successful!03-07 21:26:56
Request Successful!03-07 21:27:58
Request Successful!03-07 21:28:59
Request Successful!03-07 21:30:00
Request Successful!03-07 21:31:02
Request Successful!03-07 21:32:03
Request Successful!03-07 21:33:04
Request Successful!03-07 21:34:05
Request Successful!03-07 21:35:07
Request Successful!03-07 21:36:08
Request Successful!03-07 21:37:09
Request Successful!03-07 21:38:10
Request Successful!03-07 21:39:12
Request Successful!03-07 21:40:13
Request Successful!03-07 21:41:14
Request Successful!03-07 21:42:15
Request Successful!03-07 21:43:16
Request Successful!03-07 21:44:18
Request Successful!03-07 21:45:19
Request Successful!03-07 21:46:20
Request Successful!03-07 21:47:21
New alert more than 5 minutes! See details below: 
CRITICAL
for 1m 33s
Soft 1/2
B2Bi queue health: "B2Bi Logger 19"
on
B2Bi Application Server - Stream 1A
CRITICAL - Queue "B2Bi Logger 19" ("logger_12913"/"queue_13"):
Request Successful!03-07 21:48:32
Request Successful!03-07 21:49:33
Request Successful!03-07 21:50:34
Request Successful!03-07 21:51:37
Request Successful!03-07 21:52:38
Request Successful!03-07 21:53:40
Request Successful!03-07 21:54:41
Request Successful!03-07 21:55:43
Request Successful!03-07 21:56:44
Request Successful!03-07 21:57:46
Request Successful!03-07 21:58:47
Request Successful!03-07 21:59:48
Request Successful!03-07 22:00:50
Request Successful!03-07 22:01:51
New alert more than 5 minutes! See details below: 
CRITICAL
for 1m 0s
Soft 1/2
B2Bi queue health: "B2Bi Logger 13"
on
B2Bi Application Server - Stream 1A
CRITICAL - Queue "B2Bi Logger 13" ("logger_12480"/"queue_13"):
Request Successful!03-07 22:03:02
Request Successful!03-07 22:04:03
Request Successful!03-07 22:05:05
Request Successful!03-07 22:06:06
Request Successful!03-07 22:07:08
Request Successful!03-07 22:08:09
Request Successful!03-07 22:09:10
Request Successful!03-07 22:10:12
Request Successful!03-07 22:11:13
Request Successful!03-07 22:12:14
Request Successful!03-07 22:13:16
Request Successful!03-07 22:14:17
Request Successful!03-07 22:15:19
Request Successful!03-07 22:16:20
Request Successful!03-07 22:17:22
New alert more than 5 minutes! See details below: 
CRITICAL
for 1m 34s
Soft 1/2
B2Bi queue health: "B2Bi Logger 11"
on
B2Bi Application Server - Stream 1C
CRITICAL - Queue "B2Bi Logger 11" ("logger_1567"/"queue_13"):
Request Successful!03-07 22:18:33
Request Successful!03-07 22:19:34
Request Successful!03-07 22:20:36
Request Successful!03-07 22:21:37
Request Successful!03-07 22:22:39
Request Successful!03-07 22:23:40
Request Successful!03-07 22:24:42
Request Successful!03-07 22:25:43
Request Successful!03-07 22:26:45
Request Successful!03-07 22:27:46
Request Successful!03-07 22:28:48
Request Successful!03-07 22:29:49
Request Successful!03-07 22:30:51
Request Successful!03-07 22:31:52
Request Successful!03-07 22:32:53
Request Successful!03-07 22:33:55
Request Successful!03-07 22:34:56
Request Successful!03-07 22:35:58
Request Successful!03-07 22:36:59
Request Successful!03-07 22:38:01
Request Successful!03-07 22:39:02
Request Successful!03-07 22:40:04
Request Successful!03-07 22:41:06
Request Successful!03-07 22:42:07
Request Successful!03-07 22:43:09
New alert more than 5 minutes! See details below: 
CRITICAL
for 1m 22s
Check size of queue "LQ.C2K.TO.RIEGE on "QM.SWORD"
on
MQM Server Production
CRITICAL - Queue depth exceeding critical limit
Request Successful!03-07 22:44:20
New alert more than 5 minutes! See details below: 
CRITICAL
for 2m 33s
Check size of queue "LQ.C2K.TO.RIEGE on "QM.SWORD"
on
MQM Server Production
CRITICAL - Queue depth exceeding critical limit
Request Successful!03-07 22:45:31
Request Successful!03-07 22:46:33
Request Successful!03-07 22:47:34
Request Successful!03-07 22:48:35
New alert more than 5 minutes! See details below: 
CRITICAL
for 1m 6s
Soft 1/2
B2Bi queue health: "B2Bi CI HME - PROD_Framework_Parallel_001.SEND_SendMessageToB2BIRemote_1C_sequential_HM"
on
B2Bi Application Server - Stream 3C (Multicluster)
CRITICAL - Queue "B2Bi CI HME - PROD_Framework_Parallel_001.SEND_SendMessageToB2BIRemote_1C_sequential_HM" ("hierchmessage_10403"/"queue_16"):
Request Successful!03-07 22:49:46
Request Successful!03-07 22:50:47
Request Successful!03-07 22:51:49
Request Successful!03-07 22:52:50
Request Successful!03-07 22:53:52
Request Successful!03-07 22:54:53
Request Successful!03-07 22:55:55
Request Successful!03-07 22:56:56
Request Successful!03-07 22:57:58
Request Successful!03-07 22:58:59
Request Successful!03-07 23:00:01
Request Successful!03-07 23:01:02
Request Successful!03-07 23:02:04
New alert more than 5 minutes! See details below: 
CRITICAL
for 1m 15s
Soft 1/2
B2Bi queue health: "B2Bi Logger 13"
on
B2Bi Application Server - Stream 1A
CRITICAL - Queue "B2Bi Logger 13" ("logger_12480"/"queue_13"):
New alert more than 5 minutes! See details below: 
CRITICAL
for 1m 15s
Soft 1/2
B2Bi queue health: "B2Bi Logger 11"
on
B2Bi Application Server - Stream 1C
CRITICAL - Queue "B2Bi Logger 11" ("logger_1567"/"queue_13"):
Request Successful!03-07 23:03:24
New alert more than 5 minutes! See details below: 
CRITICAL
for 1m 48s
Soft 1/2
B2Bi queue health: "B2Bi CI HME - PROD_Framework_Parallel_001.Z_Local_402_Serial_Out_20_InhouseEnveloper(Inhouse)_4_SAG_ETGOIT_HM"
on
B2Bi Application Server - Stream 1B
CRITICAL - Queue "B2Bi CI HME - PROD_Framework_Parallel_001.Z_Local_402_Serial_Out_20_InhouseEnveloper(Inhouse)_4_SAG_ETGOIT_HM" ("hierchmessage_11217"/"queue_13"):
Request Successful!03-07 23:04:34
Request Successful!03-07 23:05:35
Request Successful!03-07 23:06:37
Request Successful!03-07 23:07:38
Request Successful!03-07 23:08:39
Request Successful!03-07 23:09:40
Request Successful!03-07 23:10:42
Request Successful!03-07 23:11:43
Request Successful!03-07 23:12:44
Request Successful!03-07 23:13:46
Request Successful!03-07 23:14:47
Request Successful!03-07 23:15:48
Request Successful!03-07 23:16:49
Request Successful!03-07 23:17:51
Request Successful!03-07 23:18:52
Request Successful!03-07 23:19:53
Request Successful!03-07 23:20:55
Request Successful!03-07 23:21:56
Request Successful!03-07 23:22:57
Request Successful!03-07 23:23:58
Request Successful!03-07 23:25:00
Request Successful!03-07 23:26:01
Request Successful!03-07 23:27:02
Request Successful!03-07 23:28:03
Request Successful!03-07 23:29:05
Request Successful!03-07 23:30:06
