Request Successful!01-03 17:13:03
Request Successful!01-03 17:16:04
Request Successful!01-03 17:19:06
Request Successful!01-03 17:22:08
Request Successful!01-03 17:25:09
Request Successful!01-03 17:28:11
Request Successful!01-03 17:31:12
Request Successful!01-03 17:34:14
Request Successful!01-03 17:37:15
Request Successful!01-03 17:40:17
Request Successful!01-03 17:43:18
Request Successful!01-03 17:46:20
Request Successful!01-03 17:49:21
check if there is a ticket. One critical alert is existed since 16:47
Request Successful!01-03 17:52:23
check if there is a ticket. One critical alert is existed since 16:47
Request Successful!01-03 17:55:24
check if there is a ticket. One critical alert is existed since 16:47
Request Successful!01-03 17:58:26
check if there is a ticket. One critical alert is existed since 16:47
Request Successful!01-03 18:01:27
check if there is a ticket. One critical alert is existed since 16:47
Request Successful!01-03 18:04:29
Request Successful!01-03 18:07:31
Request Successful!01-03 18:10:32
Request Successful!01-03 18:13:33
Request Successful!01-03 18:16:35
Request Successful!01-03 18:19:36
Request Successful!01-03 18:22:38
Request Successful!01-03 18:25:39
Request Successful!01-03 18:28:41
Request Successful!01-03 18:31:42
Request Successful!01-03 18:34:44
Request Successful!01-03 18:37:46
Request Successful!01-03 18:40:47
Request Successful!01-03 18:43:49
Request Successful!01-03 18:46:51
Request Successful!01-03 18:49:52
Request Successful!01-03 18:52:55
Request Successful!01-03 18:55:56
Request Successful!01-03 18:58:58
Request Successful!01-03 19:02:00
Request Successful!01-03 19:05:01
Request Successful!01-03 19:08:04
Request Successful!01-03 19:11:06
Request Successful!01-03 19:14:07
Request Successful!01-03 19:17:09
Request Successful!01-03 19:20:11
Request Successful!01-03 19:23:13
Request Successful!01-03 19:26:15
Request Successful!01-03 19:29:16
Request Successful!01-03 19:32:18
Request Successful!01-03 19:35:20
Request Successful!01-03 19:38:22
Request Successful!01-03 19:41:24
Request Successful!01-03 19:44:26
Request Successful!01-03 19:47:28
Request Successful!01-03 19:50:30
Request Successful!01-03 19:53:32
Request Successful!01-03 19:56:37
Request Successful!01-03 19:59:39
Request Successful!01-03 20:02:48
Request Successful!01-03 20:05:50
Request Successful!01-03 20:08:52
Request Successful!01-03 20:11:54
Request Successful!01-03 20:14:56
Request Successful!01-03 20:17:58
Request Successful!01-03 20:21:00
Request Successful!01-03 20:24:03
Request Successful!01-03 20:27:05
Request Successful!01-03 20:30:07
Request Successful!01-03 20:33:10
Request Successful!01-03 20:36:11
Request Successful!01-03 20:39:13
Request Successful!01-03 20:42:15
Request Successful!01-03 20:45:17
Request Successful!01-03 20:48:18
Request Successful!01-03 20:51:20
Request Successful!01-03 20:54:22
Request Successful!01-03 20:57:24
Request Successful!01-03 21:00:26
Request Successful!01-03 21:03:28
Request Successful!01-03 21:06:30
Request Successful!01-03 21:09:32
Request Successful!01-03 21:12:34
Request Successful!01-03 21:15:36
Request Successful!01-03 21:18:38
Request Successful!01-03 21:21:40
Request Successful!01-03 21:24:41
Request Successful!01-03 21:27:43
Request Successful!01-03 21:30:45
Request Successful!01-03 21:33:47
Request Successful!01-03 21:36:50
Request Successful!01-03 21:39:51
Request Successful!01-03 21:42:53
Request Successful!01-03 21:45:55
Request Successful!01-03 21:48:57
Request Successful!01-03 21:51:59
Request Successful!01-03 21:55:00
New alert more than 5 minutes! See details below: 
CRITICAL
for 5m 16s
B2Bi queue health: "B2Bi CI HME - PROD_Framework_Parallel_001.101_Parallel_Out_20_InhouseEnveloper(Inhouse)_HM"
on
B2Bi Application Server - Stream 1A
CRITICAL - Queue "B2Bi CI HME - PROD_Framework_Parallel_001.101_Parallel_Out_20_InhouseEnveloper(Inhouse)_HM" ("hierchmessage_2367"/"queue_13"):
Request Successful!01-03 21:58:14
Request Successful!01-03 22:01:16
Request Successful!01-03 22:04:17
Request Successful!01-03 22:07:19
Request Successful!01-03 22:10:21
New alert more than 5 minutes! See details below: 
CRITICAL
for 5m 46s
B2Bi queue health: "B2Bi CI HME - PROD_Framework_Parallel_001.Z_Local_402_CASE_DetermineTrunk_HM"
on
B2Bi Application Server - Stream 1B
CRITICAL - Queue "B2Bi CI HME - PROD_Framework_Parallel_001.Z_Local_402_CASE_DetermineTrunk_HM" ("hierchmessage_7542"/"queue_13"):
Request Successful!01-03 22:13:33
Request Successful!01-03 22:16:37
Request Successful!01-03 22:19:38
Request Successful!01-03 22:22:40
Request Successful!01-03 22:25:42
Request Successful!01-03 22:28:43
Request Successful!01-03 22:31:45
Request Successful!01-03 22:34:46
Request Successful!01-03 22:37:48
Request Successful!01-03 22:40:49
Request Successful!01-03 22:43:52
Request Successful!01-03 22:46:53
Request Successful!01-03 22:49:55
Request Successful!01-03 22:52:56
Request Successful!01-03 22:55:58
Request Successful!01-03 22:58:59
Request Successful!01-03 23:02:01
Request Successful!01-03 23:05:03
Request Successful!01-03 23:08:04
Request Successful!01-03 23:11:06
