Request Successful!11-15 16:45:28
Request Successful!11-15 16:48:30
Request Successful!11-15 16:51:33
Request Successful!11-15 16:54:34
Request Successful!11-15 16:57:36
New alert more than 5 minutes! See details below: 
CRITICAL
for 5m 51s
B2Bi queue health: "B2Bi CI HME - PROD_Framework_Parallel_001.Z_Local_402_Serial_Out_20_InhouseEnveloper(Inhouse)_4_SAG_ETGOIT_HM"
on
B2Bi Application Server - Stream 1B
CRITICAL - Queue "B2Bi CI HME - PROD_Framework_Parallel_001.Z_Local_402_Serial_Out_20_InhouseEnveloper(Inhouse)_4_SAG_ETGOIT_HM" ("hierchmessage_11217"/"queue_13"):
Request Successful!11-15 17:00:50
Request Successful!11-15 17:03:52
Request Successful!11-15 17:06:54
Request Successful!11-15 17:09:56
Request Successful!11-15 17:12:58
Request Successful!11-15 17:16:00
Request Successful!11-15 17:19:02
Request Successful!11-15 17:22:05
Request Successful!11-15 17:25:07
Request Successful!11-15 17:28:09
Request Successful!11-15 17:31:11
Request Successful!11-15 17:34:13
Request Successful!11-15 17:37:15
Request Successful!11-15 17:40:17
Request Successful!11-15 17:43:19
Request Successful!11-15 17:46:21
Request Successful!11-15 17:49:23
Request Successful!11-15 17:52:25
Request Successful!11-15 17:55:28
Request Successful!11-15 17:58:29
Request Successful!11-15 18:01:31
Request Successful!11-15 18:04:33
Request Successful!11-15 18:07:35
Request Successful!11-15 18:10:37
New alert more than 5 minutes! See details below: 
CRITICAL
for 3m 25s
B2Bi queue health: "B2Bi CI HME - PROD_Framework_Parallel_001.Z_Local_402_Serial_Out_20_InhouseEnveloper(Inhouse)_4_SAG_ETGOIT_HM"
on
B2Bi Application Server - Stream 1B
CRITICAL - Queue "B2Bi CI HME - PROD_Framework_Parallel_001.Z_Local_402_Serial_Out_20_InhouseEnveloper(Inhouse)_4_SAG_ETGOIT_HM" ("hierchmessage_11217"/"queue_13"):
Request Successful!11-15 18:13:50
New alert more than 5 minutes! See details below: 
CRITICAL
for 6m 38s
B2Bi queue health: "B2Bi CI HME - PROD_Framework_Parallel_001.Z_Local_402_Serial_Out_20_InhouseEnveloper(Inhouse)_4_SAG_ETGOIT_HM"
on
B2Bi Application Server - Stream 1B
CRITICAL - Queue "B2Bi CI HME - PROD_Framework_Parallel_001.Z_Local_402_Serial_Out_20_InhouseEnveloper(Inhouse)_4_SAG_ETGOIT_HM" ("hierchmessage_11217"/"queue_13"):
Request Successful!11-15 18:17:02
Request Successful!11-15 18:20:03
Request Successful!11-15 18:23:05
Request Successful!11-15 18:26:07
Request Successful!11-15 18:29:09
Request Successful!11-15 18:32:12
Request Successful!11-15 18:35:14
Request Successful!11-15 18:38:16
Request Successful!11-15 18:41:17
Request Successful!11-15 18:44:19
Request Successful!11-15 18:47:21
Request Successful!11-15 18:50:22
Request Successful!11-15 18:53:24
New alert more than 5 minutes! See details below: 
CRITICAL
for 4m 57s
B2Bi queue health: "B2Bi CI HME - PROD_Framework_Parallel_001.Z_Local_402_Serial_Out_20_InhouseEnveloper(Inhouse)_4_SAG_ETGOIT_HM"
on
B2Bi Application Server - Stream 1B
CRITICAL - Queue "B2Bi CI HME - PROD_Framework_Parallel_001.Z_Local_402_Serial_Out_20_InhouseEnveloper(Inhouse)_4_SAG_ETGOIT_HM" ("hierchmessage_11217"/"queue_13"):
Request Successful!11-15 18:56:37
Request Successful!11-15 18:59:38
Request Successful!11-15 19:02:40
Request Successful!11-15 19:05:42
Request Successful!11-15 19:08:44
Request Successful!11-15 19:11:46
Request Successful!11-15 19:14:47
Request Successful!11-15 19:17:49
Request Successful!11-15 19:20:51
Request Successful!11-15 19:23:53
Request Successful!11-15 19:26:54
Request Successful!11-15 19:29:57
Request Successful!11-15 19:32:58
Request Successful!11-15 19:36:00
Request Successful!11-15 19:39:02
Request Successful!11-15 19:42:03
Request Successful!11-15 19:45:06
Request Successful!11-15 19:48:07
Request Successful!11-15 19:51:09
Request Successful!11-15 19:54:11
Request Successful!11-15 19:57:14
Request Successful!11-15 20:00:16
Request Successful!11-15 20:03:18
New alert more than 5 minutes! See details below: 
CRITICAL
for 3m 29s
B2Bi queue health: "B2Bi CI HME - PROD_Framework_Parallel_001.Z_Local_402_Serial_Out_20_InhouseEnveloper(Inhouse)_4_SAG_ETGOIT_HM"
on
B2Bi Application Server - Stream 1B
CRITICAL - Queue "B2Bi CI HME - PROD_Framework_Parallel_001.Z_Local_402_Serial_Out_20_InhouseEnveloper(Inhouse)_4_SAG_ETGOIT_HM" ("hierchmessage_11217"/"queue_13"):
Request Successful!11-15 20:06:30
New alert more than 5 minutes! See details below: 
CRITICAL
for 6m 41s
B2Bi queue health: "B2Bi CI HME - PROD_Framework_Parallel_001.Z_Local_402_Serial_Out_20_InhouseEnveloper(Inhouse)_4_SAG_ETGOIT_HM"
on
B2Bi Application Server - Stream 1B
CRITICAL - Queue "B2Bi CI HME - PROD_Framework_Parallel_001.Z_Local_402_Serial_Out_20_InhouseEnveloper(Inhouse)_4_SAG_ETGOIT_HM" ("hierchmessage_11217"/"queue_13"):
Request Successful!11-15 20:09:43
Request Successful!11-15 20:12:44
Request Successful!11-15 20:15:46
Request Successful!11-15 20:18:49
Request Successful!11-15 20:21:50
Request Successful!11-15 20:24:52
Request Successful!11-15 20:27:54
Request Successful!11-15 20:30:56
Request Successful!11-15 20:33:58
Request Successful!11-15 20:36:59
Request Successful!11-15 20:40:01
Request Successful!11-15 20:43:03
Request Successful!11-15 20:46:05
Request Successful!11-15 20:49:08
Request Successful!11-15 20:52:10
Request Successful!11-15 20:55:11
Request Successful!11-15 20:58:13
Request Successful!11-15 21:01:15
Request Successful!11-15 21:04:18
Request Successful!11-15 21:07:20
Request Successful!11-15 21:10:22
Request Successful!11-15 21:13:24
Request Successful!11-15 21:16:26
Request Successful!11-15 21:19:27
Request Successful!11-15 21:22:29
Request Successful!11-15 21:25:31
Request Successful!11-15 21:28:34
Request Successful!11-15 21:31:35
Request Successful!11-15 21:34:37
Request Successful!11-15 21:37:39
Request Successful!11-15 21:40:41
Request Successful!11-15 21:43:43
Request Successful!11-15 21:46:44
New alert more than 5 minutes! See details below: 
CRITICAL
for 5m 32s
B2Bi queue health: "B2Bi CI HME - PROD_Framework_Parallel_001.101_Parallel_Inb_10_FetchRef_HM"
on
B2Bi Application Server - Stream 3B (Multicluster)
CRITICAL - Queue "B2Bi CI HME - PROD_Framework_Parallel_001.101_Parallel_Inb_10_FetchRef_HM" ("hierchmessage_9799"/"queue_16"):
Request Successful!11-15 21:49:57
Request Successful!11-15 21:52:59
Request Successful!11-15 21:56:00
Request Successful!11-15 21:59:02
Request Successful!11-15 22:02:04
Request Successful!11-15 22:05:05
Request Successful!11-15 22:08:07
Request Successful!11-15 22:11:09
Request Successful!11-15 22:14:11
Request Successful!11-15 22:17:13
Request Successful!11-15 22:20:14
Request Successful!11-15 22:23:16
Request Successful!11-15 22:26:18
Request Successful!11-15 22:29:20
Request Successful!11-15 22:32:22
Request Successful!11-15 22:35:24
Request Successful!11-15 22:38:26
Request Successful!11-15 22:41:27
check if there is a ticket. One critical alert is existed since 21:41
Request Successful!11-15 22:44:29
check if there is a ticket. One critical alert is existed since 21:41
Request Successful!11-15 22:47:31
check if there is a ticket. One critical alert is existed since 21:41
Request Successful!11-15 22:50:33
check if there is a ticket. One critical alert is existed since 21:41
Request Successful!11-15 22:53:34
check if there is a ticket. One critical alert is existed since 21:41
Request Successful!11-15 22:56:36
check if there is a ticket. One critical alert is existed since 21:41
Request Successful!11-15 22:59:37
