Request Successful!08-10 15:29:38
Request Successful!08-10 15:32:39
Request Successful!08-10 15:35:41
Request Successful!08-10 15:38:42
Request Successful!08-10 15:41:43
Request Successful!08-10 15:44:45
Request Successful!08-10 15:47:46
Request Successful!08-10 15:50:47
Request Successful!08-10 15:53:49
Request Successful!08-10 15:56:50
Request Successful!08-10 15:59:51
Request Successful!08-10 16:02:53
Request Successful!08-10 16:05:54
Request Successful!08-10 16:08:55
Request Successful!08-10 16:11:57
Request Successful!08-10 16:14:58
Request Successful!08-10 16:18:00
Request Successful!08-10 16:21:01
Request Successful!08-10 16:24:02
Request Successful!08-10 16:27:04
Request Successful!08-10 16:30:05
Request Successful!08-10 16:33:07
Request Successful!08-10 16:36:08
Request Successful!08-10 16:39:09
Request Successful!08-10 16:42:11
Request Successful!08-10 16:45:12
Request Successful!08-10 16:48:13
Request Successful!08-10 16:51:15
Request Successful!08-10 16:54:16
Request Successful!08-10 16:57:17
Request Successful!08-10 17:00:19
Request Successful!08-10 17:03:20
Request Successful!08-10 17:06:21
Request Successful!08-10 17:09:23
Request Successful!08-10 17:12:24
Request Successful!08-10 17:15:26
Request Successful!08-10 17:18:27
Request Successful!08-10 17:21:28
Request Successful!08-10 17:24:30
Request Successful!08-10 17:27:31
Request Successful!08-10 17:30:33
Request Successful!08-10 17:33:34
Request Successful!08-10 17:36:35
Request Successful!08-10 17:39:37
Request Successful!08-10 17:42:38
Request Successful!08-10 17:45:40
Request Successful!08-10 17:48:41
Request Successful!08-10 17:51:43
Request Successful!08-10 17:54:44
Request Successful!08-10 17:57:46
Request Successful!08-10 18:00:47
Request Successful!08-10 18:03:48
Request Successful!08-10 18:06:50
Request Successful!08-10 18:09:51
Request Successful!08-10 18:12:53
Request Successful!08-10 18:15:54
Request Successful!08-10 18:18:55
Request Successful!08-10 18:21:57
Request Successful!08-10 18:24:58
Request Successful!08-10 18:28:00
Request Successful!08-10 18:31:01
Request Successful!08-10 18:34:02
Request Successful!08-10 18:37:04
Request Successful!08-10 18:40:05
Request Successful!08-10 18:43:06
Request Successful!08-10 18:46:08
Request Successful!08-10 18:49:09
Request Successful!08-10 18:52:11
Request Successful!08-10 18:55:12
Request Successful!08-10 18:58:13
Request Successful!08-10 19:01:15
Request Successful!08-10 19:04:16
Request Successful!08-10 19:07:18
Request Successful!08-10 19:10:19
Request Successful!08-10 19:13:21
Request Successful!08-10 19:16:22
Request Successful!08-10 19:19:24
Request Successful!08-10 19:22:25
Request Successful!08-10 19:25:27
Request Successful!08-10 19:28:28
Request Successful!08-10 19:31:30
Request Successful!08-10 19:34:32
Request Successful!08-10 19:37:33
Request Successful!08-10 19:40:35
Request Successful!08-10 19:43:36
Request Successful!08-10 19:46:38
Request Successful!08-10 19:49:39
Request Successful!08-10 19:52:41
Request Successful!08-10 19:55:43
Request Successful!08-10 19:58:44
Request Successful!08-10 20:01:46
Request Successful!08-10 20:04:47
Request Successful!08-10 20:07:49
Request Successful!08-10 20:10:50
Request Successful!08-10 20:13:52
Request Successful!08-10 20:16:53
Request Successful!08-10 20:19:55
Request Successful!08-10 20:22:56
Request Successful!08-10 20:25:58
Request Successful!08-10 20:29:00
Request Successful!08-10 20:32:01
Request Successful!08-10 20:35:03
Request Successful!08-10 20:38:04
Request Successful!08-10 20:41:06
Request Successful!08-10 20:44:07
Request Successful!08-10 20:47:09
Request Successful!08-10 20:50:10
Request Successful!08-10 20:53:12
Request Successful!08-10 20:56:14
Request Successful!08-10 20:59:15
Request Successful!08-10 21:02:17
Request Successful!08-10 21:05:19
Request Successful!08-10 21:08:20
Request Successful!08-10 21:11:22
Request Successful!08-10 21:14:23
Request Successful!08-10 21:17:25
Request Successful!08-10 21:20:26
Request Successful!08-10 21:23:28
Request Successful!08-10 21:26:30
Request Successful!08-10 21:29:31
Request Successful!08-10 21:32:33
Request Successful!08-10 21:35:34
Request Successful!08-10 21:38:36
Request Successful!08-10 21:41:37
Request Successful!08-10 21:44:39
Request Successful!08-10 21:47:41
Request Successful!08-10 21:50:42
Request Successful!08-10 21:53:44
Request Successful!08-10 21:56:45
Request Successful!08-10 21:59:47
Request Successful!08-10 22:02:49
Request Successful!08-10 22:05:50
Request Successful!08-10 22:08:52
Request Successful!08-10 22:11:54
Request Successful!08-10 22:14:55
Request Successful!08-10 22:17:57
Request Successful!08-10 22:20:58
Request Successful!08-10 22:24:00
Request Successful!08-10 22:27:02
Request Successful!08-10 22:30:03
Request Successful!08-10 22:33:07
Request Successful!08-10 22:36:08
Request Successful!08-10 22:39:10
Request Successful!08-10 22:42:11
Request Successful!08-10 22:45:13
Request Successful!08-10 22:48:15
New alert more than 5 minutes! See details below: 
CRITICAL
for 4m 36s
B2Bi queue health: "B2Bi CI HME - PROD_Framework_Parallel_001.Z_Local_202_Serial_Dyn_10_ExecuteMasterDynMBC_HM"
on
B2Bi Application Server - Stream 1C
CRITICAL - Queue "B2Bi CI HME - PROD_Framework_Parallel_001.Z_Local_202_Serial_Dyn_10_ExecuteMasterDynMBC_HM" ("hierchmessage_7365"/"queue_13"):
Request Successful!08-10 22:51:27
Request Successful!08-10 22:54:29
Request Successful!08-10 22:57:30
Request Successful!08-10 23:00:32
Request Successful!08-10 23:03:33
Request Successful!08-10 23:06:35
New alert more than 5 minutes! See details below: 
CRITICAL
for 3m 22s
B2Bi queue health: "B2Bi Logger 16"
on
B2Bi Application Server - Stream 2B (Multicluster - VIP)
CRITICAL - Queue "B2Bi Logger 16" ("logger_1040"/"queue_16"):
Request Successful!08-10 23:09:47
New alert more than 5 minutes! See details below: 
CRITICAL
for 6m 34s
B2Bi queue health: "B2Bi Logger 16"
on
B2Bi Application Server - Stream 2B (Multicluster - VIP)
CRITICAL - Queue "B2Bi Logger 16" ("logger_1040"/"queue_16"):
Request Successful!08-10 23:12:59
