Request Successful!09-25 15:34:02
Request Successful!09-25 15:37:03
Request Successful!09-25 15:40:04
Request Successful!09-25 15:43:06
Request Successful!09-25 15:46:07
Request Successful!09-25 15:49:08
Request Successful!09-25 15:52:09
Request Successful!09-25 15:55:11
Request Successful!09-25 15:58:12
Request Successful!09-25 16:01:14
Request Successful!09-25 16:04:16
Request Successful!09-25 16:07:17
Request Successful!09-25 16:10:19
Request Successful!09-25 16:13:20
Request Successful!09-25 16:16:22
Request Successful!09-25 16:19:24
Request Successful!09-25 16:22:25
Request Successful!09-25 16:25:27
Request Successful!09-25 16:28:29
Request Successful!09-25 16:31:30
Request Successful!09-25 16:34:31
Request Successful!09-25 16:37:33
Request Successful!09-25 16:40:35
Request Successful!09-25 16:43:37
Request Successful!09-25 16:46:39
Request Successful!09-25 16:49:40
Request Successful!09-25 16:52:42
Request Successful!09-25 16:55:43
Request Successful!09-25 16:58:45
Request Successful!09-25 17:01:46
Request Successful!09-25 17:04:49
Request Successful!09-25 17:07:51
Request Successful!09-25 17:10:52
Request Successful!09-25 17:13:54
Request Successful!09-25 17:16:55
Request Successful!09-25 17:19:57
Request Successful!09-25 17:22:58
Request Successful!09-25 17:26:00
Request Successful!09-25 17:29:01
Request Successful!09-25 17:32:03
Request Successful!09-25 17:35:05
New alert more than 5 minutes! See details below: 
CRITICAL
for 4m 21s
B2Bi queue health: "B2Bi CI HME - PROD_Framework_Parallel_001.Z_Local_402_Serial_Out_20_InhouseEnveloper(Inhouse)_4_SAG_ETGOIT_HM"
on
B2Bi Application Server - Stream 1B
CRITICAL - Queue "B2Bi CI HME - PROD_Framework_Parallel_001.Z_Local_402_Serial_Out_20_InhouseEnveloper(Inhouse)_4_SAG_ETGOIT_HM" ("hierchmessage_11217"/"queue_13"):
Request Successful!09-25 17:38:17
Request Successful!09-25 17:41:19
Request Successful!09-25 17:44:20
Request Successful!09-25 17:47:22
Request Successful!09-25 17:50:23
Request Successful!09-25 17:53:25
Request Successful!09-25 17:56:26
Request Successful!09-25 17:59:28
Request Successful!09-25 18:02:30
HTTPSConnectionPool(host='b2biprddep1.sl3.comp.db.de', port=443): Max retries exceeded with url: /icingaweb2/monitoring/list/services?service_problem=1&sort=service_severity&dir=desc (Caused by NameResolutionError("<urllib3.connection.HTTPSConnection object at 0x0000017873897790>: Failed to resolve 'b2biprddep1.sl3.comp.db.de' ([Errno 11001] getaddrinfo failed)"))
Request Successful!09-25 18:22:13
New alert more than 5 minutes! See details below: 
CRITICAL
for 5m 50s
B2Bi queue health: "B2Bi CI HME - PROD_Framework_Parallel_001.SEND_SendMessageToB2BIRemote_1B_sequential_HM"
on
B2Bi Application Server - Stream 1A
CRITICAL - Queue "B2Bi CI HME - PROD_Framework_Parallel_001.SEND_SendMessageToB2BIRemote_1B_sequential_HM" ("hierchmessage_17212"/"queue_13"):
Request Successful!09-25 18:25:27
Request Successful!09-25 18:28:29
Request Successful!09-25 18:31:31
Request Successful!09-25 18:34:33
Request Successful!09-25 18:37:35
Request Successful!09-25 18:40:37
Request Successful!09-25 18:43:39
Request Successful!09-25 18:46:41
Request Successful!09-25 18:49:43
HTTPSConnectionPool(host='b2biprddep1.sl3.comp.db.de', port=443): Max retries exceeded with url: /icingaweb2/monitoring/list/services?service_problem=1&sort=service_severity&dir=desc (Caused by NameResolutionError("<urllib3.connection.HTTPSConnection object at 0x0000017873ACB610>: Failed to resolve 'b2biprddep1.sl3.comp.db.de' ([Errno 11001] getaddrinfo failed)"))
Request Successful!09-25 19:10:17
Request Successful!09-25 19:13:19
Request Successful!09-25 19:16:20
Request Successful!09-25 19:19:22
Request Successful!09-25 19:22:23
Request Successful!09-25 19:25:25
Request Successful!09-25 19:28:26
Request Successful!09-25 19:31:28
Request Successful!09-25 19:34:29
Request Successful!09-25 19:37:31
Request Successful!09-25 19:40:32
Request Successful!09-25 19:43:34
Request Successful!09-25 19:46:35
Request Successful!09-25 19:49:37
Request Successful!09-25 19:52:38
Request Successful!09-25 19:55:40
Request Successful!09-25 19:58:41
Request Successful!09-25 20:01:43
Request Successful!09-25 20:04:44
Request Successful!09-25 20:07:46
Request Successful!09-25 20:10:48
Request Successful!09-25 20:13:49
Request Successful!09-25 20:16:50
Request Successful!09-25 20:19:52
Request Successful!09-25 20:22:54
Request Successful!09-25 20:25:55
Request Successful!09-25 20:28:57
Request Successful!09-25 20:31:58
Request Successful!09-25 20:35:00
Request Successful!09-25 20:38:02
Request Successful!09-25 20:41:04
Request Successful!09-25 20:44:05
Request Successful!09-25 20:47:07
Request Successful!09-25 20:50:09
Request Successful!09-25 20:53:10
Request Successful!09-25 20:56:12
Request Successful!09-25 20:59:13
Request Successful!09-25 21:02:15
New alert more than 5 minutes! See details below: 
CRITICAL
for 4m 5s
Check if we still can connect to ftp.sword.dbschenker.com using ftp.
on
b2biprdxsr5.sl3.comp.db.de
CRITICAL : No data received from host
New alert more than 5 minutes! See details below: 
CRITICAL
for 4m 5s
Check if we still can connect to ftp.sword.dbschenker.com using ftp.
on
b2biprdxsr7.sl3.comp.db.de
CRITICAL : No data received from host
Request Successful!09-25 21:05:37
Request Successful!09-25 21:08:38
Request Successful!09-25 21:11:40
Request Successful!09-25 21:14:41
Request Successful!09-25 21:17:43
Request Successful!09-25 21:20:45
New alert more than 5 minutes! See details below: 
CRITICAL
for 5m 45s
Check if we still can connect to ftp.sword.dbschenker.com using ftp.
on
b2biprdxsr1.sl3.comp.db.de
CRITICAL : No data received from host
Request Successful!09-25 21:23:57
Request Successful!09-25 21:26:58
Request Successful!09-25 21:30:00
Request Successful!09-25 21:33:01
Request Successful!09-25 21:36:03
Request Successful!09-25 21:39:04
Request Successful!09-25 21:42:06
Request Successful!09-25 21:45:07
Request Successful!09-25 21:48:09
Request Successful!09-25 21:51:10
Request Successful!09-25 21:54:12
Request Successful!09-25 21:57:13
Request Successful!09-25 22:00:15
New alert more than 5 minutes! See details below: 
CRITICAL
for 3m 34s
B2Bi queue health: "B2Bi CI HME - PROD_Framework_Parallel_001.Z_Local_402_Serial_Out_20_InhouseEnveloper(Inhouse)_4_SAG_ETGOIT_HM"
on
B2Bi Application Server - Stream 1B
CRITICAL - Queue "B2Bi CI HME - PROD_Framework_Parallel_001.Z_Local_402_Serial_Out_20_InhouseEnveloper(Inhouse)_4_SAG_ETGOIT_HM" ("hierchmessage_11217"/"queue_13"):
Request Successful!09-25 22:03:27
New alert more than 5 minutes! See details below: 
CRITICAL
for 6m 47s
B2Bi queue health: "B2Bi CI HME - PROD_Framework_Parallel_001.Z_Local_402_Serial_Out_20_InhouseEnveloper(Inhouse)_4_SAG_ETGOIT_HM"
on
B2Bi Application Server - Stream 1B
CRITICAL - Queue "B2Bi CI HME - PROD_Framework_Parallel_001.Z_Local_402_Serial_Out_20_InhouseEnveloper(Inhouse)_4_SAG_ETGOIT_HM" ("hierchmessage_11217"/"queue_13"):
Request Successful!09-25 22:06:38
Request Successful!09-25 22:09:40
Request Successful!09-25 22:12:41
Request Successful!09-25 22:15:43
Request Successful!09-25 22:18:45
Request Successful!09-25 22:21:46
Request Successful!09-25 22:24:47
Request Successful!09-25 22:27:49
Request Successful!09-25 22:30:50
Request Successful!09-25 22:33:52
Request Successful!09-25 22:36:53
Request Successful!09-25 22:39:55
Request Successful!09-25 22:42:56
Request Successful!09-25 22:45:58
Request Successful!09-25 22:48:59
Request Successful!09-25 22:52:01
Request Successful!09-25 22:55:02
Request Successful!09-25 22:58:04
Request Successful!09-25 23:01:05
Request Successful!09-25 23:04:07
Request Successful!09-25 23:07:08
Request Successful!09-25 23:10:10
Request Successful!09-25 23:13:11
Request Successful!09-25 23:16:13
Request Successful!09-25 23:19:15
Request Successful!09-25 23:22:16
