Request Successful!02-14 15:37:10
Request Successful!02-14 15:40:12
New alert more than 5 minutes! See details below: 
CRITICAL
for 3m 3s
Checking for files in JMSClient error directories under /app/sword/schenker/jmsclients
on
Communication Server 1 Production
CRIT : 1 JMSClients with issues! Found a total of 4 files in todays (2025/02/14) error subdirectories.
Request Successful!02-14 15:43:24
New alert more than 5 minutes! See details below: 
CRITICAL
for 6m 15s
Checking for files in JMSClient error directories under /app/sword/schenker/jmsclients
on
Communication Server 1 Production
CRIT : 1 JMSClients with issues! Found a total of 4 files in todays (2025/02/14) error subdirectories.
Request Successful!02-14 15:46:39
Request Successful!02-14 15:49:41
Request Successful!02-14 15:52:43
Request Successful!02-14 15:55:44
Request Successful!02-14 15:58:46
Request Successful!02-14 16:01:48
Request Successful!02-14 16:04:49
Request Successful!02-14 16:07:51
Request Successful!02-14 16:10:53
Request Successful!02-14 16:13:55
Request Successful!02-14 16:16:56
Request Successful!02-14 16:19:58
Request Successful!02-14 16:22:59
Request Successful!02-14 16:26:01
Request Successful!02-14 16:29:03
Request Successful!02-14 16:32:05
Request Successful!02-14 16:35:06
Request Successful!02-14 16:38:08
Request Successful!02-14 16:41:10
Request Successful!02-14 16:44:12
Request Successful!02-14 16:47:14
New alert more than 5 minutes! See details below: 
CRITICAL
for 3m 9s
Check if we still can connect to ftp.sword.dbschenker.com host using ssh.
on
b2biprdxsr5.sl3.comp.db.de
CRITICAL : Server answer:
Request Successful!02-14 16:50:25
Request Successful!02-14 16:53:27
Request Successful!02-14 16:56:29
Request Successful!02-14 16:59:30
Request Successful!02-14 17:02:32
Request Successful!02-14 17:05:35
Request Successful!02-14 17:08:42
Request Successful!02-14 17:11:44
Request Successful!02-14 17:14:46
Request Successful!02-14 17:17:47
Request Successful!02-14 17:20:49
Request Successful!02-14 17:23:51
Request Successful!02-14 17:26:53
Request Successful!02-14 17:29:54
Request Successful!02-14 17:32:56
Request Successful!02-14 17:35:58
Request Successful!02-14 17:39:00
Request Successful!02-14 17:42:02
Request Successful!02-14 17:45:04
Request Successful!02-14 17:48:06
Request Successful!02-14 17:51:08
Request Successful!02-14 17:54:09
New alert more than 5 minutes! See details below: 
CRITICAL
for 3m 22s
B2Bi queue health: "B2Bi CI HME - PROD_Framework_Parallel_001.Z_Local_402_SerialSTD_20_ComDetect_SAG_ETGOIT_HM"
on
B2Bi Application Server - Stream 1B
CRITICAL - Queue "B2Bi CI HME - PROD_Framework_Parallel_001.Z_Local_402_SerialSTD_20_ComDetect_SAG_ETGOIT_HM" ("hierchmessage_7544"/"queue_13"):
Request Successful!02-14 17:57:22
Request Successful!02-14 18:00:24
New alert more than 5 minutes! See details below: 
CRITICAL
for 5m 50s
B2Bi queue health: "B2Bi CI HME - PROD_Framework_Parallel_001.Z_Local_402_CASE_DetermineTrunk_HM"
on
B2Bi Application Server - Stream 1B
CRITICAL - Queue "B2Bi CI HME - PROD_Framework_Parallel_001.Z_Local_402_CASE_DetermineTrunk_HM" ("hierchmessage_7542"/"queue_13"):
Request Successful!02-14 18:03:37
Request Successful!02-14 18:06:40
Request Successful!02-14 18:09:42
Request Successful!02-14 18:12:44
Request Successful!02-14 18:15:46
Request Successful!02-14 18:18:49
Request Successful!02-14 18:21:51
Request Successful!02-14 18:24:53
Request Successful!02-14 18:27:55
Request Successful!02-14 18:30:56
Request Successful!02-14 18:33:58
New alert more than 5 minutes! See details below: 
CRITICAL
for 5m 0s
B2Bi queue health: "B2Bi CI HME - PROD_Framework_Parallel_001.Z_Local_402_15_Out_CASE_DeliveryType"
on
B2Bi Application Server - Stream 1B
CRITICAL - Queue "B2Bi CI HME - PROD_Framework_Parallel_001.Z_Local_402_15_Out_CASE_DeliveryType" ("hierchmessage_7512"/"queue_13"):
Request Successful!02-14 18:37:11
Request Successful!02-14 18:40:13
Request Successful!02-14 18:43:15
New alert more than 5 minutes! See details below: 
CRITICAL
for 3m 40s
B2Bi queue health: "B2Bi Logger 9"
on
B2Bi Application Server - Stream 1B
CRITICAL - Queue "B2Bi Logger 9" ("logger_1511"/"queue_13"):
Request Successful!02-14 18:46:27
Request Successful!02-14 18:49:29
Request Successful!02-14 18:53:05
Request Successful!02-14 18:56:07
Request Successful!02-14 18:59:09
Request Successful!02-14 19:02:11
Request Successful!02-14 19:05:13
Request Successful!02-14 19:08:14
Request Successful!02-14 19:11:16
Request Successful!02-14 19:14:18
Request Successful!02-14 19:17:20
Request Successful!02-14 19:20:22
Request Successful!02-14 19:23:23
Request Successful!02-14 19:26:25
Request Successful!02-14 19:29:27
Request Successful!02-14 19:32:29
Request Successful!02-14 19:35:31
Request Successful!02-14 19:38:33
Request Successful!02-14 19:41:35
Request Successful!02-14 19:44:37
Request Successful!02-14 19:47:39
Request Successful!02-14 19:50:41
Request Successful!02-14 19:53:43
New alert more than 5 minutes! See details below: 
CRITICAL
for 3m 8s
Querying tomcat manager about status of application TouchPoints and evaluate response.
on
b2biprdweb1.sl3.comp.db.de
CRIT : Application "TouchPoints" not found at all!
Request Successful!02-14 19:56:55
New alert more than 5 minutes! See details below: 
CRITICAL
for 6m 20s
Querying tomcat manager about status of application TouchPoints and evaluate response.
on
b2biprdweb1.sl3.comp.db.de
CRIT : Application "TouchPoints" not found at all!
Request Successful!02-14 20:00:08
Request Successful!02-14 20:03:10
Request Successful!02-14 20:06:12
Request Successful!02-14 20:09:14
Request Successful!02-14 20:12:17
Request Successful!02-14 20:15:18
Request Successful!02-14 20:18:21
Request Successful!02-14 20:21:23
Request Successful!02-14 20:24:25
Request Successful!02-14 20:27:27
Request Successful!02-14 20:30:29
Request Successful!02-14 20:33:31
Request Successful!02-14 20:36:34
Request Successful!02-14 20:39:36
Request Successful!02-14 20:42:39
New alert more than 5 minutes! See details below: 
CRITICAL
for 5m 37s
B2Bi queue health: "B2Bi CI HME - PROD_Framework_Parallel_001.Z_Local_402_Serial_Out_20_InhouseEnveloper(Inhouse)_2_SAG_ETGOIT_HM"
on
B2Bi Application Server - Stream 1B
CRITICAL - Queue "B2Bi CI HME - PROD_Framework_Parallel_001.Z_Local_402_Serial_Out_20_InhouseEnveloper(Inhouse)_2_SAG_ETGOIT_HM" ("hierchmessage_11211"/"queue_13"):
Request Successful!02-14 20:45:51
Request Successful!02-14 20:48:53
Request Successful!02-14 20:51:56
Request Successful!02-14 20:54:57
Request Successful!02-14 20:58:00
Request Successful!02-14 21:01:02
Request Successful!02-14 21:04:04
Request Successful!02-14 21:07:06
Request Successful!02-14 21:10:18
Request Successful!02-14 21:13:20
Request Successful!02-14 21:16:33
Request Successful!02-14 21:19:35
Request Successful!02-14 21:22:37
Request Successful!02-14 21:25:39
Request Successful!02-14 21:28:40
Request Successful!02-14 21:31:42
New alert more than 5 minutes! See details below: 
CRITICAL
for 3m 59s
B2Bi queue health: "B2Bi CI HME - PROD_Framework_Parallel_001.101_Parallel_Dyn_10_ExecuteMasterDynMBC_HM"
on
B2Bi Application Server - Stream 3F (Multicluster)
CRITICAL - Queue "B2Bi CI HME - PROD_Framework_Parallel_001.101_Parallel_Dyn_10_ExecuteMasterDynMBC_HM" ("hierchmessage_9931"/"queue_16"):
Request Successful!02-14 21:34:54
Request Successful!02-14 21:37:56
Request Successful!02-14 21:40:58
New alert more than 5 minutes! See details below: 
CRITICAL
for 3m 24s
Checking JMS-Client Backlogs.
on
Communication Server 1 Production
CRITICAL : At least one value exceed CRIT thresholds.
Request Successful!02-14 21:44:11
New alert more than 5 minutes! See details below: 
CRITICAL
for 6m 37s
Checking JMS-Client Backlogs.
on
Communication Server 1 Production
CRITICAL : At least one value exceed CRIT thresholds.
Request Successful!02-14 21:47:24
Request Successful!02-14 21:50:26
Request Successful!02-14 21:53:27
Request Successful!02-14 21:56:29
Request Successful!02-14 21:59:31
Request Successful!02-14 22:02:34
Request Successful!02-14 22:05:36
Request Successful!02-14 22:08:38
Request Successful!02-14 22:11:40
Request Successful!02-14 22:14:42
Request Successful!02-14 22:17:43
Request Successful!02-14 22:20:45
Request Successful!02-14 22:23:47
Request Successful!02-14 22:26:48
Request Successful!02-14 22:29:50
Request Successful!02-14 22:32:52
Request Successful!02-14 22:35:54
New alert more than 5 minutes! See details below: 
CRITICAL
for 3m 43s
Check size of queue "LQ.C2K.FROM.RIEGE on "QM.SWORD"
on
MQM Server Production
CRITICAL - Queue depth exceeding critical limit
Request Successful!02-14 22:39:06
New alert more than 5 minutes! See details below: 
CRITICAL
for 6m 55s
Check size of queue "LQ.C2K.FROM.RIEGE on "QM.SWORD"
on
MQM Server Production
CRITICAL - Queue depth exceeding critical limit
Request Successful!02-14 22:42:19
Request Successful!02-14 22:45:21
Request Successful!02-14 22:48:23
Request Successful!02-14 22:51:24
Request Successful!02-14 22:54:26
Request Successful!02-14 22:57:27
Request Successful!02-14 23:00:29
Request Successful!02-14 23:03:30
Request Successful!02-14 23:06:32
New alert more than 5 minutes! See details below: 
CRITICAL
for 3m 7s
Checking JMS-Client Backlogs.
on
Communication Server 1 Production
CRITICAL : At least one value exceed CRIT thresholds.
