Request Successful!02-15 15:53:00
check if there is a ticket. One critical alert is existed since 13:03
Request Successful!02-15 15:54:01
check if there is a ticket. One critical alert is existed since 13:03
Request Successful!02-15 15:55:03
check if there is a ticket. One critical alert is existed since 13:03
Request Successful!02-15 15:56:04
check if there is a ticket. One critical alert is existed since 13:03
Request Successful!02-15 15:57:05
check if there is a ticket. One critical alert is existed since 13:03
Request Successful!02-15 15:58:06
check if there is a ticket. One critical alert is existed since 13:03
Request Successful!02-15 15:59:08
check if there is a ticket. One critical alert is existed since 13:03
Request Successful!02-15 16:00:09
check if there is a ticket. One critical alert is existed since 13:03
Request Successful!02-15 16:01:10
check if there is a ticket. One critical alert is existed since 13:03
Request Successful!02-15 16:02:12
check if there is a ticket. One critical alert is existed since 13:03
Request Successful!02-15 16:03:13
check if there is a ticket. One critical alert is existed since 13:03
Request Successful!02-15 16:04:14
check if there is a ticket. One critical alert is existed since 13:03
Request Successful!02-15 16:05:15
check if there is a ticket. One critical alert is existed since 13:03
Request Successful!02-15 16:06:17
check if there is a ticket. One critical alert is existed since 13:03
Request Successful!02-15 16:07:18
check if there is a ticket. One critical alert is existed since 13:03
Request Successful!02-15 16:08:19
check if there is a ticket. One critical alert is existed since 13:03
Request Successful!02-15 16:09:21
check if there is a ticket. One critical alert is existed since 13:03
Request Successful!02-15 16:10:22
check if there is a ticket. One critical alert is existed since 13:03
Request Successful!02-15 16:11:23
check if there is a ticket. One critical alert is existed since 13:03
Request Successful!02-15 16:12:25
check if there is a ticket. One critical alert is existed since 13:03
Request Successful!02-15 16:13:26
check if there is a ticket. One critical alert is existed since 13:03
Request Successful!02-15 16:14:27
check if there is a ticket. One critical alert is existed since 13:03
Request Successful!02-15 16:15:29
check if there is a ticket. One critical alert is existed since 13:03
Request Successful!02-15 16:16:30
check if there is a ticket. One critical alert is existed since 13:03
Request Successful!02-15 16:17:31
check if there is a ticket. One critical alert is existed since 13:03
Request Successful!02-15 16:18:33
check if there is a ticket. One critical alert is existed since 13:03
Request Successful!02-15 16:19:34
check if there is a ticket. One critical alert is existed since 13:03
Request Successful!02-15 16:20:35
check if there is a ticket. One critical alert is existed since 13:03
Request Successful!02-15 16:21:37
check if there is a ticket. One critical alert is existed since 13:03
Request Successful!02-15 16:22:38
check if there is a ticket. One critical alert is existed since 13:03
Request Successful!02-15 16:23:39
check if there is a ticket. One critical alert is existed since 13:03
Request Successful!02-15 16:24:41
check if there is a ticket. One critical alert is existed since 13:03
Request Successful!02-15 16:25:42
check if there is a ticket. One critical alert is existed since 13:03
Request Successful!02-15 16:26:43
check if there is a ticket. One critical alert is existed since 13:03
Request Successful!02-15 16:27:45
check if there is a ticket. One critical alert is existed since 13:03
Request Successful!02-15 16:28:46
check if there is a ticket. One critical alert is existed since 13:03
Request Successful!02-15 16:29:48
check if there is a ticket. One critical alert is existed since 13:03
Request Successful!02-15 16:30:49
check if there is a ticket. One critical alert is existed since 13:03
Request Successful!02-15 16:31:50
check if there is a ticket. One critical alert is existed since 13:03
Request Successful!02-15 16:32:52
check if there is a ticket. One critical alert is existed since 13:03
Request Successful!02-15 16:33:53
check if there is a ticket. One critical alert is existed since 13:03
Request Successful!02-15 16:34:55
check if there is a ticket. One critical alert is existed since 13:03
Request Successful!02-15 16:35:56
check if there is a ticket. One critical alert is existed since 13:03
Request Successful!02-15 16:36:57
New alert more than 5 minutes! See details below: 
CRITICAL
for 1m 18s
Soft 1/2
B2Bi queue health: "B2Bi Logger 17"
on
B2Bi Application Server - Stream 3A (Multicluster)
CRITICAL - Queue "B2Bi Logger 17" ("logger_1042"/"queue_16"):
check if there is a ticket. One critical alert is existed since 13:03
Request Successful!02-15 16:38:09
check if there is a ticket. One critical alert is existed since 13:03
Request Successful!02-15 16:39:10
check if there is a ticket. One critical alert is existed since 13:03
Request Successful!02-15 16:40:12
check if there is a ticket. One critical alert is existed since 13:03
Request Successful!02-15 16:41:13
check if there is a ticket. One critical alert is existed since 13:03
Request Successful!02-15 16:42:15
check if there is a ticket. One critical alert is existed since 13:03
Request Successful!02-15 16:43:17
check if there is a ticket. One critical alert is existed since 13:03
Request Successful!02-15 16:44:19
check if there is a ticket. One critical alert is existed since 13:03
Request Successful!02-15 16:45:20
check if there is a ticket. One critical alert is existed since 13:03
Request Successful!02-15 16:46:22
check if there is a ticket. One critical alert is existed since 13:03
Request Successful!02-15 16:47:23
check if there is a ticket. One critical alert is existed since 13:03
Request Successful!02-15 16:48:25
check if there is a ticket. One critical alert is existed since 13:03
Request Successful!02-15 16:49:27
check if there is a ticket. One critical alert is existed since 13:03
Request Successful!02-15 16:50:28
check if there is a ticket. One critical alert is existed since 13:03
Request Successful!02-15 16:51:30
check if there is a ticket. One critical alert is existed since 13:03
Request Successful!02-15 16:52:31
check if there is a ticket. One critical alert is existed since 13:03
Request Successful!02-15 16:53:33
check if there is a ticket. One critical alert is existed since 13:03
Request Successful!02-15 16:54:34
check if there is a ticket. One critical alert is existed since 13:03
Request Successful!02-15 16:55:36
check if there is a ticket. One critical alert is existed since 13:03
Request Successful!02-15 16:56:38
check if there is a ticket. One critical alert is existed since 13:03
Request Successful!02-15 16:57:39
check if there is a ticket. One critical alert is existed since 13:03
Request Successful!02-15 16:58:41
check if there is a ticket. One critical alert is existed since 13:03
Request Successful!02-15 16:59:42
check if there is a ticket. One critical alert is existed since 13:03
Request Successful!02-15 17:00:44
check if there is a ticket. One critical alert is existed since 13:03
Request Successful!02-15 17:01:45
check if there is a ticket. One critical alert is existed since 13:03
Request Successful!02-15 17:02:47
check if there is a ticket. One critical alert is existed since 13:03
Request Successful!02-15 17:03:49
check if there is a ticket. One critical alert is existed since 13:03
Request Successful!02-15 17:04:50
check if there is a ticket. One critical alert is existed since 13:03
Request Successful!02-15 17:05:52
check if there is a ticket. One critical alert is existed since 13:03
Request Successful!02-15 17:06:53
Request Successful!02-15 23:22:47
