Request Successful!07-01 15:09:45
Request Successful!07-01 15:12:50
Request Successful!07-01 15:15:55
Request Successful!07-01 15:18:58
Request Successful!07-01 15:22:00
Request Successful!07-01 15:25:03
Request Successful!07-01 15:28:08
Request Successful!07-01 15:31:09
Request Successful!07-01 15:34:12
Request Successful!07-01 15:37:14
Request Successful!07-01 15:40:17
Request Successful!07-01 15:43:20
Request Successful!07-01 15:46:22
Request Successful!07-01 15:49:34
Request Successful!07-01 15:52:36
Request Successful!07-01 15:55:44
Request Successful!07-01 15:58:49
Request Successful!07-01 16:01:52
Request Successful!07-01 16:04:54
Request Successful!07-01 16:07:56
Request Successful!07-01 16:10:58
Request Successful!07-01 16:14:00
Request Successful!07-01 16:17:03
Request Successful!07-01 16:20:07
Request Successful!07-01 16:23:09
Request Successful!07-01 16:26:11
Request Successful!07-01 16:29:13
Request Successful!07-01 16:32:16
Request Successful!07-01 16:35:18
Request Successful!07-01 16:38:21
Request Successful!07-01 16:41:24
Request Successful!07-01 16:44:26
Request Successful!07-01 16:47:27
Request Successful!07-01 16:50:30
Request Successful!07-01 16:53:32
Request Successful!07-01 16:56:40
Request Successful!07-01 16:59:42
Request Successful!07-01 17:02:44
Request Successful!07-01 17:05:46
Request Successful!07-01 17:08:48
Request Successful!07-01 17:11:50
Request Successful!07-01 17:14:52
Request Successful!07-01 17:17:54
Request Successful!07-01 17:20:55
Request Successful!07-01 17:23:57
Request Successful!07-01 17:26:59
Request Successful!07-01 17:30:02
Request Successful!07-01 17:33:03
Request Successful!07-01 17:36:06
Request Successful!07-01 17:39:08
Request Successful!07-01 17:42:10
Request Successful!07-01 17:45:12
Request Successful!07-01 17:48:14
Request Successful!07-01 17:51:15
Request Successful!07-01 17:54:17
Request Successful!07-01 17:57:19
Request Successful!07-01 18:00:20
Request Successful!07-01 18:03:22
Request Successful!07-01 18:06:24
Request Successful!07-01 18:09:25
Request Successful!07-01 18:12:27
Request Successful!07-01 18:15:28
Request Successful!07-01 18:18:30
Request Successful!07-01 18:21:32
Request Successful!07-01 18:24:33
Request Successful!07-01 18:27:37
Request Successful!07-01 18:30:39
Request Successful!07-01 18:33:40
Request Successful!07-01 18:36:43
Request Successful!07-01 18:39:44
Request Successful!07-01 18:42:46
Request Successful!07-01 18:45:47
Request Successful!07-01 18:48:49
Request Successful!07-01 18:51:50
Request Successful!07-01 18:54:52
Request Successful!07-01 18:57:54
Request Successful!07-01 19:00:55
Request Successful!07-01 19:03:57
Request Successful!07-01 19:06:58
Request Successful!07-01 19:10:00
Request Successful!07-01 19:13:02
Request Successful!07-01 19:16:03
Request Successful!07-01 19:19:05
Request Successful!07-01 19:22:07
Request Successful!07-01 19:25:08
Request Successful!07-01 19:28:10
Request Successful!07-01 19:31:11
Request Successful!07-01 19:34:13
Request Successful!07-01 19:37:15
Request Successful!07-01 19:40:16
Request Successful!07-01 19:43:18
Request Successful!07-01 19:46:20
Request Successful!07-01 19:49:21
Request Successful!07-01 19:52:23
Request Successful!07-01 19:55:25
Request Successful!07-01 19:58:26
Request Successful!07-01 20:01:28
Request Successful!07-01 20:04:29
Request Successful!07-01 20:07:31
Request Successful!07-01 20:10:33
Request Successful!07-01 20:13:35
Request Successful!07-01 20:16:37
Request Successful!07-01 20:19:38
Request Successful!07-01 20:22:40
Request Successful!07-01 20:25:42
Request Successful!07-01 20:28:43
Request Successful!07-01 20:31:45
Request Successful!07-01 20:34:47
Request Successful!07-01 20:37:48
Request Successful!07-01 20:40:50
Request Successful!07-01 20:43:51
Request Successful!07-01 20:46:53
New alert more than 5 minutes! See details below: 
CRITICAL
for 5m 48s
Disk
on
svn-sword.dc.signintra.com
DISK CRITICAL - free space: / 83 MiB (0.81% inode=66%); /app/blade 75745 MiB (37.00% inode=100%); /svn 8796092717358 MiB (99.99% inode=-);
Request Successful!07-01 20:50:06
New alert more than 5 minutes! See details below: 
CRITICAL
for 3m 1s
Disk
on
bladeprdxsr2.sl3.comp.db.de
DISK CRITICAL - free space: / 1019 MiB (9.96% inode=96%); /app/blade 20007 MiB (97.73% inode=100%);
Request Successful!07-01 20:53:17
New alert more than 5 minutes! See details below: 
CRITICAL
for 6m 13s
Disk
on
bladeprdxsr2.sl3.comp.db.de
DISK CRITICAL - free space: / 1021 MiB (9.99% inode=96%); /app/blade 20007 MiB (97.73% inode=100%);
Request Successful!07-01 20:56:29
Request Successful!07-01 20:59:31
Request Successful!07-01 21:02:33
Request Successful!07-01 21:05:35
Request Successful!07-01 21:08:37
Request Successful!07-01 21:11:38
Request Successful!07-01 21:14:40
Request Successful!07-01 21:17:42
Request Successful!07-01 21:20:43
Request Successful!07-01 21:23:45
Request Successful!07-01 21:26:46
Request Successful!07-01 21:29:48
Request Successful!07-01 21:32:50
Request Successful!07-01 21:35:52
Request Successful!07-01 21:38:53
Request Successful!07-01 21:41:55
Request Successful!07-01 21:44:57
Request Successful!07-01 21:47:58
Request Successful!07-01 21:51:00
Request Successful!07-01 21:54:02
Request Successful!07-01 21:57:03
Request Successful!07-01 22:00:05
Request Successful!07-01 22:03:08
Request Successful!07-01 22:06:09
Request Successful!07-01 22:09:11
Request Successful!07-01 22:12:13
Request Successful!07-01 22:15:14
Request Successful!07-01 22:18:16
Request Successful!07-01 22:21:18
Request Successful!07-01 22:24:20
Request Successful!07-01 22:27:21
Request Successful!07-01 22:30:23
New alert more than 5 minutes! See details below: 
CRITICAL
for 4m 18s
B2Bi queue health: "B2Bi CI HME - PROD_Framework_Parallel_001.Z_Local_402_Serial_Out_20_InhouseEnveloper(Inhouse)_4_SAG_ETGOIT_HM"
on
B2Bi Application Server - Stream 1B
CRITICAL - Queue "B2Bi CI HME - PROD_Framework_Parallel_001.Z_Local_402_Serial_Out_20_InhouseEnveloper(Inhouse)_4_SAG_ETGOIT_HM" ("hierchmessage_11217"/"queue_13"):
Request Successful!07-01 22:33:35
Request Successful!07-01 22:36:37
Request Successful!07-01 22:39:38
Request Successful!07-01 22:42:40
Request Successful!07-01 22:45:41
Request Successful!07-01 22:48:43
Request Successful!07-01 22:51:45
Request Successful!07-01 22:54:46
Request Successful!07-01 22:57:48
Request Successful!07-01 23:00:49
Request Successful!07-01 23:03:51
