Request Successful!09-06 19:06:32
Request Successful!09-06 19:09:34
Request Successful!09-06 19:12:35
Request Successful!09-06 19:15:36
Request Successful!09-06 19:18:38
Request Successful!09-06 19:21:39
Request Successful!09-06 19:24:41
Request Successful!09-06 19:27:42
Request Successful!09-06 19:30:43
Request Successful!09-06 19:33:45
Request Successful!09-06 19:36:46
Request Successful!09-06 19:39:48
Request Successful!09-06 19:42:49
Request Successful!09-06 19:45:51
Request Successful!09-06 19:48:52
New alert more than 5 minutes! See details below: 
CRITICAL
for 4m 39s
Check if there're unprocessed monitoring events piling up in mon_events_processing_sc4
on
b2biprddb1.sl3.comp.db.de
CRIT : 104631 entries in mon_events_processing_sc4. Critical threshold 100000 breached!
Request Successful!09-06 19:52:05
Request Successful!09-06 19:55:06
New alert more than 5 minutes! See details below: 
CRITICAL
for 3m 58s
B2Bi queue health: "B2Bi CI HME - PROD_Framework_Parallel_001.Z_Local_402_Serial_Out_20_InhouseEnveloper(Inhouse)_4_SAG_ETGOIT_HM"
on
B2Bi Application Server - Stream 1B
CRITICAL - Queue "B2Bi CI HME - PROD_Framework_Parallel_001.Z_Local_402_Serial_Out_20_InhouseEnveloper(Inhouse)_4_SAG_ETGOIT_HM" ("hierchmessage_11217"/"queue_13"):
Request Successful!09-06 19:58:19
New alert more than 5 minutes! See details below: 
CRITICAL
for 3m 20s
B2Bi queue health: "B2Bi CI HME - PROD_Framework_Parallel_001.Z_Local_402_CASE_DetermineTrunk_HM"
on
B2Bi Application Server - Stream 1B
CRITICAL - Queue "B2Bi CI HME - PROD_Framework_Parallel_001.Z_Local_402_CASE_DetermineTrunk_HM" ("hierchmessage_7542"/"queue_13"):
Request Successful!09-06 20:01:31
New alert more than 5 minutes! See details below: 
CRITICAL
for 6m 32s
B2Bi queue health: "B2Bi CI HME - PROD_Framework_Parallel_001.Z_Local_402_CASE_DetermineTrunk_HM"
on
B2Bi Application Server - Stream 1B
CRITICAL - Queue "B2Bi CI HME - PROD_Framework_Parallel_001.Z_Local_402_CASE_DetermineTrunk_HM" ("hierchmessage_7542"/"queue_13"):
Request Successful!09-06 20:04:43
Request Successful!09-06 20:07:44
Request Successful!09-06 20:10:46
Request Successful!09-06 20:13:47
Request Successful!09-06 20:16:49
Request Successful!09-06 20:19:50
Request Successful!09-06 20:22:52
Request Successful!09-06 20:25:53
Request Successful!09-06 20:28:54
New alert more than 5 minutes! See details below: 
CRITICAL
for 3m 41s
Checks if all B2Bi programs from startertasks.map are up
on
B2Bi Application Server - Stream 3E (Multicluster)
1 B2Bi prog(s) not running :  HierchMsgTask_13017_13016_1/HME Z00 TR_TrackMessageResult !
Request Successful!09-06 20:32:06
Request Successful!09-06 20:35:07
Request Successful!09-06 20:38:09
Request Successful!09-06 20:41:10
Request Successful!09-06 20:44:11
Request Successful!09-06 20:47:13
Request Successful!09-06 20:50:14
Request Successful!09-06 20:53:15
Request Successful!09-06 20:56:17
Request Successful!09-06 20:59:18
Request Successful!09-06 21:02:19
Request Successful!09-06 21:05:21
Request Successful!09-06 21:08:22
Request Successful!09-06 21:11:24
Request Successful!09-06 21:14:25
Request Successful!09-06 21:17:27
Request Successful!09-06 21:20:28
Request Successful!09-06 21:23:30
Request Successful!09-06 21:26:31
Request Successful!09-06 21:29:33
Request Successful!09-06 21:32:34
Request Successful!09-06 21:35:36
Request Successful!09-06 21:38:37
Request Successful!09-06 21:41:39
Request Successful!09-06 21:44:40
Request Successful!09-06 21:47:41
Request Successful!09-06 21:50:43
Request Successful!09-06 21:53:44
New alert more than 5 minutes! See details below: 
CRITICAL
for 5m 3s
Checking for files in JMSClient error directories under /app/sword/schenker/jmsclients
on
Communication Server 1 Production
CRIT : 1 JMSClients with issues! Found a total of 2 files in todays (2024/09/06) error subdirectories.
Request Successful!09-06 21:56:56
Request Successful!09-06 21:59:58
Request Successful!09-06 22:02:59
Request Successful!09-06 22:06:01
Request Successful!09-06 22:09:02
New alert more than 5 minutes! See details below: 
CRITICAL
for 3m 16s
Checking for files in JMSClient error directories under /app/sword/schenker/jmsclients
on
Communication Server 1 Production
CRIT : 1 JMSClients with issues! Found a total of 2 files in todays (2024/09/06) error subdirectories.
Request Successful!09-06 22:12:14
Request Successful!09-06 22:15:15
Request Successful!09-06 22:18:16
Request Successful!09-06 22:21:18
Request Successful!09-06 22:24:19
Request Successful!09-06 22:27:20
New alert more than 5 minutes! See details below: 
CRITICAL
for 5m 30s
Checking for files in JMSClient error directories under /app/sword/schenker/jmsclients
on
Communication Server 1 Production
CRIT : 1 JMSClients with issues! Found a total of 2 files in todays (2024/09/06) error subdirectories.
Request Successful!09-06 22:30:32
Request Successful!09-06 22:33:34
Request Successful!09-06 22:36:35
Request Successful!09-06 22:39:36
Request Successful!09-06 22:42:38
Request Successful!09-06 22:45:39
Request Successful!09-06 22:48:41
Request Successful!09-06 22:51:42
Request Successful!09-06 22:54:43
Request Successful!09-06 22:57:45
Request Successful!09-06 23:00:46
Request Successful!09-06 23:03:47
Request Successful!09-06 23:06:49
Request Successful!09-06 23:09:50
Request Successful!09-06 23:12:51
Request Successful!09-06 23:15:53
Request Successful!09-06 23:18:54
Request Successful!09-06 23:21:55
Request Successful!09-06 23:24:56
