Request Successful!05-10 15:30:35
Request Successful!05-10 15:31:37
Request Successful!05-10 15:32:39
Request Successful!05-10 15:33:41
Request Successful!05-10 15:34:44
Request Successful!05-10 15:35:45
Request Successful!05-10 15:36:47
Request Successful!05-10 15:37:48
Request Successful!05-10 15:38:50
Request Successful!05-10 15:39:52
Request Successful!05-10 15:40:53
Request Successful!05-10 15:41:55
Request Successful!05-10 15:42:56
Request Successful!05-10 15:43:58
Request Successful!05-10 15:44:59
Request Successful!05-10 15:46:01
Request Successful!05-10 15:47:02
Request Successful!05-10 15:48:04
Request Successful!05-10 15:49:06
Request Successful!05-10 15:50:08
Request Successful!05-10 15:51:10
Request Successful!05-10 15:52:12
Request Successful!05-10 15:53:14
Request Successful!05-10 15:54:16
Request Successful!05-10 15:55:17
Request Successful!05-10 15:56:19
Request Successful!05-10 15:57:21
Request Successful!05-10 15:58:23
Request Successful!05-10 15:59:25
Request Successful!05-10 16:00:27
Request Successful!05-10 16:01:29
Request Successful!05-10 16:02:31
Request Successful!05-10 16:03:33
Request Successful!05-10 16:04:35
Request Successful!05-10 16:05:37
Request Successful!05-10 16:06:38
Request Successful!05-10 16:07:40
Request Successful!05-10 16:08:41
Request Successful!05-10 16:09:43
Request Successful!05-10 16:10:44
Request Successful!05-10 16:11:46
Request Successful!05-10 16:12:49
Request Successful!05-10 16:13:51
Request Successful!05-10 16:14:53
Request Successful!05-10 16:15:55
Request Successful!05-10 16:16:58
Request Successful!05-10 16:18:00
Request Successful!05-10 16:19:02
Request Successful!05-10 16:20:04
Request Successful!05-10 16:21:06
Request Successful!05-10 16:22:07
Request Successful!05-10 16:23:09
Request Successful!05-10 16:24:11
Request Successful!05-10 16:25:13
Request Successful!05-10 16:26:15
Request Successful!05-10 16:27:17
Request Successful!05-10 16:28:18
Request Successful!05-10 16:29:20
Request Successful!05-10 16:30:21
Request Successful!05-10 16:31:23
Request Successful!05-10 16:32:26
Request Successful!05-10 16:33:27
Request Successful!05-10 16:34:29
Request Successful!05-10 16:35:31
Request Successful!05-10 16:36:33
Request Successful!05-10 16:37:34
Request Successful!05-10 16:38:36
Request Successful!05-10 16:39:37
Request Successful!05-10 16:40:39
Request Successful!05-10 16:41:40
Request Successful!05-10 16:42:42
Request Successful!05-10 16:43:44
Request Successful!05-10 16:44:45
Request Successful!05-10 16:45:47
Request Successful!05-10 16:46:48
Request Successful!05-10 16:47:50
Request Successful!05-10 16:48:51
Request Successful!05-10 16:49:53
Request Successful!05-10 16:50:54
Request Successful!05-10 16:51:56
Request Successful!05-10 16:52:58
Request Successful!05-10 16:54:00
Request Successful!05-10 16:55:01
Request Successful!05-10 16:56:03
Request Successful!05-10 16:57:04
Request Successful!05-10 16:58:06
Request Successful!05-10 16:59:08
Request Successful!05-10 17:00:09
Request Successful!05-10 17:01:11
Request Successful!05-10 17:02:12
Request Successful!05-10 17:03:14
Request Successful!05-10 17:04:16
Request Successful!05-10 17:05:17
Request Successful!05-10 17:06:19
Request Successful!05-10 17:07:20
Request Successful!05-10 17:08:22
Request Successful!05-10 17:09:24
Request Successful!05-10 17:10:25
Request Successful!05-10 17:11:27
Request Successful!05-10 17:12:29
Request Successful!05-10 17:13:31
Request Successful!05-10 17:14:32
Request Successful!05-10 17:15:34
Request Successful!05-10 17:16:36
Request Successful!05-10 17:17:37
Request Successful!05-10 17:18:40
Request Successful!05-10 17:19:42
Request Successful!05-10 17:20:43
Request Successful!05-10 17:21:45
Request Successful!05-10 17:22:47
Request Successful!05-10 17:23:49
Request Successful!05-10 17:24:50
Request Successful!05-10 17:25:52
Request Successful!05-10 17:26:54
Request Successful!05-10 17:27:56
Request Successful!05-10 17:28:58
Request Successful!05-10 17:29:59
Request Successful!05-10 17:31:01
Request Successful!05-10 17:32:03
Request Successful!05-10 17:33:04
Request Successful!05-10 17:34:06
Request Successful!05-10 17:35:08
Request Successful!05-10 17:36:10
Request Successful!05-10 17:37:12
Request Successful!05-10 17:38:13
Request Successful!05-10 17:39:15
Request Successful!05-10 17:40:17
Request Successful!05-10 17:41:19
Request Successful!05-10 17:42:20
Request Successful!05-10 17:43:22
Request Successful!05-10 17:44:24
Request Successful!05-10 17:45:26
Request Successful!05-10 17:46:27
Request Successful!05-10 17:47:30
Request Successful!05-10 17:48:32
Request Successful!05-10 17:49:34
Request Successful!05-10 17:50:36
Request Successful!05-10 17:51:39
Request Successful!05-10 17:52:41
Request Successful!05-10 17:53:43
Request Successful!05-10 17:54:45
Request Successful!05-10 17:55:47
Request Successful!05-10 17:56:49
Request Successful!05-10 17:57:52
Request Successful!05-10 17:58:54
Request Successful!05-10 17:59:55
Request Successful!05-10 18:00:57
Request Successful!05-10 18:01:58
Request Successful!05-10 18:03:00
Request Successful!05-10 18:04:01
Request Successful!05-10 18:05:03
Request Successful!05-10 18:06:04
Request Successful!05-10 18:07:06
Request Successful!05-10 18:08:08
Request Successful!05-10 18:09:09
Request Successful!05-10 18:10:11
Request Successful!05-10 18:11:12
Request Successful!05-10 18:12:14
Request Successful!05-10 18:13:15
Request Successful!05-10 18:14:17
Request Successful!05-10 18:15:18
Request Successful!05-10 18:16:20
Request Successful!05-10 18:17:21
Request Successful!05-10 18:18:23
Request Successful!05-10 18:19:24
Request Successful!05-10 18:20:26
Request Successful!05-10 18:21:28
Request Successful!05-10 18:22:29
Request Successful!05-10 18:23:31
Request Successful!05-10 18:24:32
Request Successful!05-10 18:25:34
Request Successful!05-10 18:26:35
Request Successful!05-10 18:27:37
Request Successful!05-10 18:28:39
Request Successful!05-10 18:29:40
Request Successful!05-10 18:30:42
Request Successful!05-10 18:31:43
Request Successful!05-10 18:32:45
Request Successful!05-10 18:33:46
Request Successful!05-10 18:34:48
Request Successful!05-10 18:35:49
Request Successful!05-10 18:36:51
Request Successful!05-10 18:37:52
Request Successful!05-10 18:38:54
Request Successful!05-10 18:39:55
Request Successful!05-10 18:40:57
Request Successful!05-10 18:41:58
Request Successful!05-10 18:43:00
Request Successful!05-10 18:44:01
Request Successful!05-10 18:45:03
Request Successful!05-10 18:46:05
Request Successful!05-10 18:47:06
Request Successful!05-10 18:48:08
Request Successful!05-10 18:49:09
Request Successful!05-10 18:50:11
Request Successful!05-10 18:51:12
Request Successful!05-10 18:52:14
Request Successful!05-10 18:53:15
Request Successful!05-10 18:54:17
Request Successful!05-10 18:55:18
Request Successful!05-10 18:56:20
Request Successful!05-10 18:57:21
Request Successful!05-10 18:58:23
Request Successful!05-10 18:59:24
Request Successful!05-10 19:00:26
Request Successful!05-10 19:01:28
Request Successful!05-10 19:02:29
Request Successful!05-10 19:03:31
Request Successful!05-10 19:04:33
Request Successful!05-10 19:05:34
Request Successful!05-10 19:06:36
Request Successful!05-10 19:07:37
Request Successful!05-10 19:08:39
Request Successful!05-10 19:09:41
Request Successful!05-10 19:10:42
Request Successful!05-10 19:11:44
Request Successful!05-10 19:12:46
Request Successful!05-10 19:13:47
Request Successful!05-10 19:14:49
Request Successful!05-10 19:15:50
Request Successful!05-10 19:16:52
Request Successful!05-10 19:17:53
Request Successful!05-10 19:18:55
Request Successful!05-10 19:19:57
Request Successful!05-10 19:20:58
Request Successful!05-10 19:22:00
Request Successful!05-10 19:23:01
Request Successful!05-10 19:24:03
Request Successful!05-10 19:25:05
New alert more than 5 minutes! See details below: 
CRITICAL
for 3m 25s
Check if we still can reach out to the world.
on
OFTP #2 Server Production
CRIT : All connection attempts to outside world failed!
Request Successful!05-10 19:26:17
New alert more than 5 minutes! See details below: 
CRITICAL
for 4m 38s
Check if we still can reach out to the world.
on
OFTP #2 Server Production
CRIT : All connection attempts to outside world failed!
Request Successful!05-10 19:27:29
Request Successful!05-10 19:28:30
Request Successful!05-10 19:29:32
Request Successful!05-10 19:30:33
Request Successful!05-10 19:31:35
Request Successful!05-10 19:32:37
Request Successful!05-10 19:33:38
Request Successful!05-10 19:34:40
Request Successful!05-10 19:35:41
Request Successful!05-10 19:36:43
Request Successful!05-10 19:37:44
Request Successful!05-10 19:38:46
Request Successful!05-10 19:39:48
Request Successful!05-10 19:40:49
Request Successful!05-10 19:41:51
Request Successful!05-10 19:42:52
Request Successful!05-10 19:43:54
Request Successful!05-10 19:44:55
Request Successful!05-10 19:45:57
Request Successful!05-10 19:46:58
Request Successful!05-10 19:48:00
Request Successful!05-10 19:49:01
Request Successful!05-10 19:50:03
Request Successful!05-10 19:51:05
Request Successful!05-10 19:52:06
Request Successful!05-10 19:53:08
Request Successful!05-10 19:54:09
Request Successful!05-10 19:55:11
Request Successful!05-10 19:56:12
Request Successful!05-10 19:57:14
Request Successful!05-10 19:58:15
Request Successful!05-10 19:59:17
Request Successful!05-10 20:00:19
Request Successful!05-10 20:01:20
Request Successful!05-10 20:02:22
Request Successful!05-10 20:03:23
Request Successful!05-10 20:04:25
Request Successful!05-10 20:05:26
Request Successful!05-10 20:06:28
Request Successful!05-10 20:07:30
Request Successful!05-10 20:08:31
Request Successful!05-10 20:09:33
Request Successful!05-10 20:10:34
Request Successful!05-10 20:11:36
Request Successful!05-10 20:12:37
Request Successful!05-10 20:13:39
Request Successful!05-10 20:14:41
Request Successful!05-10 20:15:42
Request Successful!05-10 20:16:44
Request Successful!05-10 20:17:45
Request Successful!05-10 20:18:47
Request Successful!05-10 20:19:48
Request Successful!05-10 20:20:50
Request Successful!05-10 20:21:51
Request Successful!05-10 20:22:53
Request Successful!05-10 20:23:55
Request Successful!05-10 20:24:56
Request Successful!05-10 20:25:58
Request Successful!05-10 20:26:59
Request Successful!05-10 20:28:01
Request Successful!05-10 20:29:02
Request Successful!05-10 20:30:04
Request Successful!05-10 20:31:05
Request Successful!05-10 20:32:07
Request Successful!05-10 20:33:08
Request Successful!05-10 20:34:10
Request Successful!05-10 20:35:11
Request Successful!05-10 20:36:13
Request Successful!05-10 20:37:17
Request Successful!05-10 20:38:20
Request Successful!05-10 20:39:21
Request Successful!05-10 20:40:23
Request Successful!05-10 20:41:24
Request Successful!05-10 20:42:26
Request Successful!05-10 20:43:28
Request Successful!05-10 20:44:29
Request Successful!05-10 20:45:31
Request Successful!05-10 20:46:32
Request Successful!05-10 20:47:34
Request Successful!05-10 20:48:36
Request Successful!05-10 20:49:37
Request Successful!05-10 20:50:39
Request Successful!05-10 20:51:40
Request Successful!05-10 20:52:42
Request Successful!05-10 20:53:43
Request Successful!05-10 20:54:45
Request Successful!05-10 20:55:46
Request Successful!05-10 20:56:48
Request Successful!05-10 20:57:49
Request Successful!05-10 20:58:51
Request Successful!05-10 20:59:53
Request Successful!05-10 21:00:54
Request Successful!05-10 21:01:56
Request Successful!05-10 21:02:57
Request Successful!05-10 21:03:59
Request Successful!05-10 21:05:01
Request Successful!05-10 21:06:02
Request Successful!05-10 21:07:04
Request Successful!05-10 21:08:05
Request Successful!05-10 21:09:07
Request Successful!05-10 21:10:08
Request Successful!05-10 21:11:10
Request Successful!05-10 21:12:11
Request Successful!05-10 21:13:13
Request Successful!05-10 21:14:15
Request Successful!05-10 21:15:16
Request Successful!05-10 21:16:18
Request Successful!05-10 21:17:19
Request Successful!05-10 21:18:21
Request Successful!05-10 21:19:22
Request Successful!05-10 21:20:24
Request Successful!05-10 21:21:26
Request Successful!05-10 21:22:27
Request Successful!05-10 21:23:29
Request Successful!05-10 21:24:31
Request Successful!05-10 21:25:33
Request Successful!05-10 21:26:35
Request Successful!05-10 21:27:36
Request Successful!05-10 21:28:38
Request Successful!05-10 21:29:39
Request Successful!05-10 21:30:41
Request Successful!05-10 21:31:43
Request Successful!05-10 21:32:44
Request Successful!05-10 21:33:46
Request Successful!05-10 21:34:47
Request Successful!05-10 21:35:49
Request Successful!05-10 21:36:50
Request Successful!05-10 21:37:52
Request Successful!05-10 21:38:53
Request Successful!05-10 21:39:55
Request Successful!05-10 21:40:56
Request Successful!05-10 21:41:58
Request Successful!05-10 21:42:59
Request Successful!05-10 21:44:01
Request Successful!05-10 21:45:02
Request Successful!05-10 21:46:04
Request Successful!05-10 21:47:06
Request Successful!05-10 21:48:07
Request Successful!05-10 21:49:09
Request Successful!05-10 21:50:10
Request Successful!05-10 21:51:12
Request Successful!05-10 21:52:14
Request Successful!05-10 21:53:15
Request Successful!05-10 21:54:17
Request Successful!05-10 21:55:18
Request Successful!05-10 21:56:20
Request Successful!05-10 21:57:22
Request Successful!05-10 21:58:24
Request Successful!05-10 21:59:26
Request Successful!05-10 22:00:28
Request Successful!05-10 22:01:30
Request Successful!05-10 22:02:32
Request Successful!05-10 22:03:35
Request Successful!05-10 22:04:37
Request Successful!05-10 22:05:39
Request Successful!05-10 22:06:41
Request Successful!05-10 22:07:43
Request Successful!05-10 22:08:45
Request Successful!05-10 22:09:47
Request Successful!05-10 22:10:50
Request Successful!05-10 22:11:52
Request Successful!05-10 22:12:54
Request Successful!05-10 22:13:56
Request Successful!05-10 22:14:58
Request Successful!05-10 22:16:00
Request Successful!05-10 22:17:01
Request Successful!05-10 22:18:03
Request Successful!05-10 22:19:05
Request Successful!05-10 22:20:06
Request Successful!05-10 22:21:08
Request Successful!05-10 22:22:09
Request Successful!05-10 22:23:11
Request Successful!05-10 22:24:12
Request Successful!05-10 22:25:14
Request Successful!05-10 22:26:15
Request Successful!05-10 22:27:17
Request Successful!05-10 22:28:19
Request Successful!05-10 22:29:21
Request Successful!05-10 22:30:22
Request Successful!05-10 22:31:24
Request Successful!05-10 22:32:25
Request Successful!05-10 22:33:28
Request Successful!05-10 22:34:30
Request Successful!05-10 22:35:31
Request Successful!05-10 22:36:33
Request Successful!05-10 22:37:34
Request Successful!05-10 22:38:36
Request Successful!05-10 22:39:37
Request Successful!05-10 22:40:39
Request Successful!05-10 22:41:40
Request Successful!05-10 22:42:42
Request Successful!05-10 22:43:44
Request Successful!05-10 22:44:45
Request Successful!05-10 22:45:47
Request Successful!05-10 22:46:48
Request Successful!05-10 22:47:50
Request Successful!05-10 22:48:51
Request Successful!05-10 22:49:53
Request Successful!05-10 22:50:54
Request Successful!05-10 22:51:56
Request Successful!05-10 22:52:58
Request Successful!05-10 22:53:59
Request Successful!05-10 22:55:01
Request Successful!05-10 22:56:02
Request Successful!05-10 22:57:04
Request Successful!05-10 22:58:06
Request Successful!05-10 22:59:07
Request Successful!05-10 23:00:09
Request Successful!05-10 23:01:10
Request Successful!05-10 23:02:12
Request Successful!05-10 23:03:14
Request Successful!05-10 23:04:16
Request Successful!05-10 23:05:17
Request Successful!05-10 23:06:19
Request Successful!05-10 23:07:20
Request Successful!05-10 23:08:22
Request Successful!05-10 23:09:24
Request Successful!05-10 23:10:25
Request Successful!05-10 23:11:27
Request Successful!05-10 23:12:28
Request Successful!05-10 23:13:30
Request Successful!05-10 23:14:31
Request Successful!05-10 23:15:33
Request Successful!05-10 23:16:35
Request Successful!05-10 23:17:36
Request Successful!05-10 23:18:38
Request Successful!05-10 23:19:39
Request Successful!05-10 23:20:41
Request Successful!05-10 23:21:42
Request Successful!05-10 23:22:44
Request Successful!05-10 23:23:45
Request Successful!05-10 23:24:47
Request Successful!05-10 23:25:48
Request Successful!05-10 23:26:50
Request Successful!05-10 23:27:52
Request Successful!05-10 23:28:53
Request Successful!05-10 23:29:55
Request Successful!05-10 23:30:57
Request Successful!05-10 23:31:58
Request Successful!05-10 23:33:00
Request Successful!05-10 23:34:02
Request Successful!05-10 23:35:03
Request Successful!05-10 23:36:05
Request Successful!05-10 23:37:07
Request Successful!05-10 23:38:08
Request Successful!05-10 23:39:10
Request Successful!05-10 23:40:11
Request Successful!05-10 23:41:13
Request Successful!05-10 23:42:14
Request Successful!05-10 23:43:16
Request Successful!05-10 23:44:17
Request Successful!05-10 23:45:19
Request Successful!05-10 23:46:21
