Request Successful!08-28 16:44:10
Request Successful!08-28 16:47:11
Request Successful!08-28 16:50:13
Request Successful!08-28 16:53:15
Request Successful!08-28 16:56:16
Request Successful!08-28 16:59:18
Request Successful!08-28 17:02:19
Request Successful!08-28 17:05:21
Request Successful!08-28 17:08:22
Request Successful!08-28 17:11:24
Request Successful!08-28 17:14:25
Request Successful!08-28 17:17:27
Request Successful!08-28 17:20:31
Request Successful!08-28 17:23:33
Request Successful!08-28 17:26:34
Request Successful!08-28 17:29:36
Request Successful!08-28 17:32:39
Request Successful!08-28 17:35:40
Request Successful!08-28 17:38:42
Request Successful!08-28 17:41:43
Request Successful!08-28 17:44:45
Request Successful!08-28 17:47:46
Request Successful!08-28 17:50:47
Request Successful!08-28 17:53:49
Request Successful!08-28 17:56:50
Request Successful!08-28 17:59:51
Request Successful!08-28 18:02:53
Request Successful!08-28 18:05:55
Request Successful!08-28 18:08:56
Request Successful!08-28 18:12:00
Request Successful!08-28 18:15:02
Request Successful!08-28 18:18:04
Request Successful!08-28 18:21:05
Request Successful!08-28 18:24:07
Request Successful!08-28 18:27:09
Request Successful!08-28 18:30:11
Request Successful!08-28 18:33:12
Request Successful!08-28 18:36:13
Request Successful!08-28 18:39:15
Request Successful!08-28 18:42:16
Request Successful!08-28 18:45:18
Request Successful!08-28 18:48:19
Request Successful!08-28 18:51:20
Request Successful!08-28 18:54:22
New alert more than 5 minutes! See details below: 
CRITICAL
for 3m 36s
B2Bi queue health: "B2Bi CI HME - PROD_Framework_Parallel_001.401_SerialSTD_Dyn_10_ExecuteMasterDynMBC_HM"
on
B2Bi Application Server - Stream 1C
CRITICAL - Queue "B2Bi CI HME - PROD_Framework_Parallel_001.401_SerialSTD_Dyn_10_ExecuteMasterDynMBC_HM" ("hierchmessage_7335"/"queue_13"):
Request Successful!08-28 18:57:35
New alert more than 5 minutes! See details below: 
CRITICAL
for 6m 49s
B2Bi queue health: "B2Bi CI HME - PROD_Framework_Parallel_001.401_SerialSTD_Dyn_10_ExecuteMasterDynMBC_HM"
on
B2Bi Application Server - Stream 1C
CRITICAL - Queue "B2Bi CI HME - PROD_Framework_Parallel_001.401_SerialSTD_Dyn_10_ExecuteMasterDynMBC_HM" ("hierchmessage_7335"/"queue_13"):
Request Successful!08-28 19:00:46
Request Successful!08-28 19:03:47
Request Successful!08-28 19:06:49
Request Successful!08-28 19:09:50
Request Successful!08-28 19:12:51
Request Successful!08-28 19:15:53
Request Successful!08-28 19:18:54
Request Successful!08-28 19:21:56
Request Successful!08-28 19:24:57
Request Successful!08-28 19:27:58
Request Successful!08-28 19:30:59
Request Successful!08-28 19:34:01
Request Successful!08-28 19:37:02
Request Successful!08-28 19:40:03
Request Successful!08-28 19:43:05
Request Successful!08-28 19:46:06
Request Successful!08-28 19:49:07
Request Successful!08-28 19:52:09
Request Successful!08-28 19:55:10
Request Successful!08-28 19:58:12
Request Successful!08-28 20:01:13
Request Successful!08-28 20:04:14
Request Successful!08-28 20:07:16
Request Successful!08-28 20:10:18
New alert more than 5 minutes! See details below: 
CRITICAL
for 3m 1s
B2Bi queue health: "B2Bi CI HME - PROD_Framework_Parallel_001.Z_Local_402_Serial_Out_20_InhouseEnveloper(Inhouse)_4_SAG_ETGOIT_HM"
on
B2Bi Application Server - Stream 1B
CRITICAL - Queue "B2Bi CI HME - PROD_Framework_Parallel_001.Z_Local_402_Serial_Out_20_InhouseEnveloper(Inhouse)_4_SAG_ETGOIT_HM" ("hierchmessage_11217"/"queue_13"):
Request Successful!08-28 20:13:29
New alert more than 5 minutes! See details below: 
CRITICAL
for 6m 13s
B2Bi queue health: "B2Bi CI HME - PROD_Framework_Parallel_001.Z_Local_402_Serial_Out_20_InhouseEnveloper(Inhouse)_4_SAG_ETGOIT_HM"
on
B2Bi Application Server - Stream 1B
CRITICAL - Queue "B2Bi CI HME - PROD_Framework_Parallel_001.Z_Local_402_Serial_Out_20_InhouseEnveloper(Inhouse)_4_SAG_ETGOIT_HM" ("hierchmessage_11217"/"queue_13"):
Request Successful!08-28 20:16:42
New alert more than 5 minutes! See details below: 
CRITICAL
for 4m 40s
B2Bi queue health: "B2Bi CI HME - PROD_Framework_Parallel_001.Z_Local_402_CASE_DetermineTrunk_HM"
on
B2Bi Application Server - Stream 1B
CRITICAL - Queue "B2Bi CI HME - PROD_Framework_Parallel_001.Z_Local_402_CASE_DetermineTrunk_HM" ("hierchmessage_7542"/"queue_13"):
Request Successful!08-28 20:19:54
Request Successful!08-28 20:22:55
Request Successful!08-28 20:25:57
Request Successful!08-28 20:28:58
Request Successful!08-28 20:32:00
Request Successful!08-28 20:35:01
Request Successful!08-28 20:38:03
Request Successful!08-28 20:41:04
Request Successful!08-28 20:44:05
New alert more than 5 minutes! See details below: 
CRITICAL
for 5m 40s
B2Bi queue health: "B2Bi CI HME - PROD_Framework_Parallel_001.101_Parallel_Inb_10_FetchRef_HM"
on
B2Bi Application Server - Stream 3F (Multicluster)
CRITICAL - Queue "B2Bi CI HME - PROD_Framework_Parallel_001.101_Parallel_Inb_10_FetchRef_HM" ("hierchmessage_9799"/"queue_16"):
Request Successful!08-28 20:47:17
Request Successful!08-28 20:50:18
Request Successful!08-28 20:53:20
Request Successful!08-28 20:56:22
Request Successful!08-28 20:59:23
Request Successful!08-28 21:02:25
Request Successful!08-28 21:05:26
Request Successful!08-28 21:08:28
Request Successful!08-28 21:11:29
Request Successful!08-28 21:14:30
Request Successful!08-28 21:17:32
Request Successful!08-28 21:20:33
Request Successful!08-28 21:23:35
Request Successful!08-28 21:26:36
Request Successful!08-28 21:29:37
Request Successful!08-28 21:32:39
Request Successful!08-28 21:35:40
Request Successful!08-28 21:38:41
Request Successful!08-28 21:41:43
Request Successful!08-28 21:44:44
Request Successful!08-28 21:47:45
Request Successful!08-28 21:50:47
Request Successful!08-28 21:53:48
Request Successful!08-28 21:56:49
Request Successful!08-28 21:59:51
Request Successful!08-28 22:02:52
Request Successful!08-28 22:05:53
Request Successful!08-28 22:08:55
Request Successful!08-28 22:11:56
Request Successful!08-28 22:14:57
Request Successful!08-28 22:17:59
Request Successful!08-28 22:21:00
Request Successful!08-28 22:24:04
Request Successful!08-28 22:27:05
Request Successful!08-28 22:30:06
Request Successful!08-28 22:33:08
Request Successful!08-28 22:36:09
Request Successful!08-28 22:39:10
Request Successful!08-28 22:42:12
Request Successful!08-28 22:45:13
Request Successful!08-28 22:48:14
Request Successful!08-28 22:51:16
Request Successful!08-28 22:54:17
Request Successful!08-28 22:57:18
Request Successful!08-28 23:00:19
Request Successful!08-28 23:03:21
Request Successful!08-28 23:06:22
Request Successful!08-28 23:09:23
Request Successful!08-28 23:12:25
Request Successful!08-28 23:15:26
Request Successful!08-28 23:18:27
Request Successful!08-28 23:21:29
Request Successful!08-28 23:24:30
