Request Successful!06-12 17:50:57
Request Successful!06-12 17:54:01
Request Successful!06-12 17:57:04
Request Successful!06-12 18:00:07
Request Successful!06-12 18:03:10
Request Successful!06-12 18:06:14
Request Successful!06-12 18:09:18
Request Successful!06-12 18:12:21
Request Successful!06-12 18:15:24
Request Successful!06-12 18:18:29
Request Successful!06-12 18:21:33
Request Successful!06-12 18:24:38
Request Successful!06-12 18:27:44
Request Successful!06-12 18:30:48
Request Successful!06-12 18:33:59
Request Successful!06-12 18:37:09
Request Successful!06-12 18:40:16
Request Successful!06-12 18:43:27
Request Successful!06-12 18:46:32
Request Successful!06-12 18:49:37
Request Successful!06-12 18:52:42
Request Successful!06-12 18:55:47
Request Successful!06-12 18:58:52
Request Successful!06-12 19:01:57
Request Successful!06-12 19:05:02
Request Successful!06-12 19:08:06
Request Successful!06-12 19:11:11
Request Successful!06-12 19:14:16
Request Successful!06-12 19:17:20
Request Successful!06-12 19:20:25
Request Successful!06-12 19:23:30
Request Successful!06-12 19:26:35
Request Successful!06-12 19:29:41
Request Successful!06-12 19:32:46
Request Successful!06-12 19:35:51
Request Successful!06-12 19:38:56
Request Successful!06-12 19:42:01
Request Successful!06-12 19:45:07
Request Successful!06-12 19:48:15
New alert more than 5 minutes! See details below: 
CRITICAL
for 5m 11s
Checking for files in JMSClient error directories under /app/sword/schenker/jmsclients
on
Communication Server 1 Production
CRIT : 1 JMSClients with issues! Found a total of 2 files in todays (2024/06/12) error subdirectories.
Request Successful!06-12 19:51:36
Request Successful!06-12 19:54:49
Request Successful!06-12 19:57:55
Request Successful!06-12 20:01:14
Request Successful!06-12 20:04:24
Request Successful!06-12 20:07:30
Request Successful!06-12 20:10:35
Request Successful!06-12 20:13:40
Request Successful!06-12 20:16:45
Request Successful!06-12 20:19:50
Request Successful!06-12 20:22:55
Request Successful!06-12 20:26:00
Request Successful!06-12 20:29:06
Request Successful!06-12 20:32:12
Request Successful!06-12 20:35:18
Request Successful!06-12 20:38:22
Request Successful!06-12 20:41:27
Request Successful!06-12 20:44:31
Request Successful!06-12 20:47:37
Request Successful!06-12 20:50:41
Request Successful!06-12 20:53:48
Request Successful!06-12 20:56:54
Request Successful!06-12 21:00:00
Request Successful!06-12 21:03:05
Request Successful!06-12 21:06:19
Request Successful!06-12 21:09:26
Request Successful!06-12 21:12:31
Request Successful!06-12 21:15:36
Request Successful!06-12 21:18:41
Request Successful!06-12 21:21:45
Request Successful!06-12 21:24:49
Request Successful!06-12 21:27:54
Request Successful!06-12 21:30:58
Request Successful!06-12 21:34:02
Request Successful!06-12 21:37:08
Request Successful!06-12 21:40:12
Request Successful!06-12 21:43:17
Request Successful!06-12 21:46:21
Request Successful!06-12 21:49:25
Request Successful!06-12 21:52:29
Request Successful!06-12 21:55:37
Request Successful!06-12 21:58:41
Request Successful!06-12 22:01:46
Request Successful!06-12 22:04:52
Request Successful!06-12 22:07:56
Request Successful!06-12 22:11:01
Request Successful!06-12 22:14:06
Request Successful!06-12 22:17:11
Request Successful!06-12 22:20:15
Request Successful!06-12 22:23:20
Request Successful!06-12 22:26:27
Request Successful!06-12 22:29:32
Request Successful!06-12 22:32:37
Request Successful!06-12 22:35:42
Request Successful!06-12 22:38:49
Request Successful!06-12 22:41:55
Request Successful!06-12 22:45:01
Request Successful!06-12 22:48:08
Request Successful!06-12 22:51:14
Request Successful!06-12 22:54:20
Request Successful!06-12 22:57:26
Request Successful!06-12 23:00:35
Request Successful!06-12 23:03:40
Request Successful!06-12 23:06:46
Request Successful!06-12 23:09:53
Request Successful!06-12 23:13:00
Request Successful!06-12 23:16:08
Request Successful!06-12 23:19:15
Request Successful!06-12 23:22:21
Request Successful!06-12 23:25:26
Request Successful!06-12 23:28:31
Request Successful!06-12 23:31:36
Request Successful!06-12 23:34:43
Request Successful!06-12 23:37:49
Request Successful!06-12 23:40:54
Request Successful!06-12 23:44:01
Request Successful!06-12 23:47:06
Request Successful!06-12 23:50:11
Request Successful!06-12 23:53:16
Request Successful!06-12 23:56:22
Request Successful!06-12 23:59:27
Request Successful!06-13 00:02:33
Request Successful!06-13 00:05:38
Request Successful!06-13 00:08:43
Request Successful!06-13 00:11:48
Request Successful!06-13 00:14:54
Request Successful!06-13 00:17:59
Request Successful!06-13 00:21:04
Request Successful!06-13 00:24:10
Request Successful!06-13 00:27:15
Request Successful!06-13 00:30:21
Request Successful!06-13 00:33:25
Request Successful!06-13 00:36:31
Request Successful!06-13 00:39:34
Request Successful!06-13 00:42:38
Request Successful!06-13 00:45:41
Request Successful!06-13 00:48:45
Request Successful!06-13 00:51:48
Request Successful!06-13 00:54:52
Request Successful!06-13 00:57:55
Request Successful!06-13 01:00:59
Request Successful!06-13 01:04:03
Request Successful!06-13 01:07:06
Request Successful!06-13 01:10:10
Request Successful!06-13 01:13:13
Request Successful!06-13 01:16:16
Request Successful!06-13 01:19:20
New alert more than 5 minutes! See details below: 
CRITICAL
for 4m 17s
TCP open port: 7383
on
B2Bi XSR Server 3 - Stream 3 (Multicluster)
connect to address b2bimcpxsr3.sl3.comp.db.de and port 7383: Connection refused
New alert more than 5 minutes! See details below: 
CRITICAL
for 4m 20s
TCP open port: 6619
on
B2Bi XSR Server 3 - Stream 3 (Multicluster)
connect to address b2bimcpxsr3.sl3.comp.db.de and port 6619: Connection refused
Request Successful!06-13 01:22:45
Request Successful!06-13 01:25:49
Request Successful!06-13 01:28:53
Request Successful!06-13 01:31:56
Request Successful!06-13 01:35:00
Request Successful!06-13 01:38:03
New alert more than 5 minutes! See details below: 
CRITICAL
for 4m 44s
B2Bi queue health: "B2Bi TA FTP IB Task"
on
B2Bi Application Server - Stream 1C
CRITICAL - Queue "B2Bi TA FTP IB Task" ("transadapt_967__receive_960"/"queue_13"):
Request Successful!06-13 01:41:17
Request Successful!06-13 01:44:22
Request Successful!06-13 01:47:25
Request Successful!06-13 01:50:28
25 unhandled critical alerts
Request Successful!06-13 01:53:42
25 unhandled critical alerts
Request Successful!06-13 01:56:57
25 unhandled critical alerts
Request Successful!06-13 02:00:11
25 unhandled critical alerts
Request Successful!06-13 02:03:26
25 unhandled critical alerts
Request Successful!06-13 02:06:41
25 unhandled critical alerts
Request Successful!06-13 02:09:55
25 unhandled critical alerts
Request Successful!06-13 02:13:09
15 unhandled critical alerts
Request Successful!06-13 02:16:24
New alert more than 5 minutes! See details below: 
CRITICAL
for 5m 40s
Send test eMail to xibprd4.sword@dbschenker.com and expect it back.
on
B2Bi Application Server - Stream 1C
Timed out waiting for test file after 1500 seconds.
Request Successful!06-13 02:19:37
New alert more than 5 minutes! See details below: 
CRITICAL
for 5m 5s
Check that ComSys pickup directory /app/sword/shared/mounts/nfsserver/Parallel1C/pickups/comsys_std_itt got no overaged entries.
on
Communication Server 1 Production
CRITICAL : /app/sword/shared/mounts/nfsserver/Parallel1C/pickups/comsys_std_itt holds at least one file with age of 1792s. Critical limit 1000s exceeded.
New alert more than 5 minutes! See details below: 
CRITICAL
for 5m 6s
Check that ComSys pickup directory /app/sword/shared/mounts/nfsserver/Parallel1C/pickups/comsys_std_awb got no overaged entries.
on
Communication Server 1 Production
CRITICAL : /app/sword/shared/mounts/nfsserver/Parallel1C/pickups/comsys_std_awb holds at least one file with age of 1686s. Critical limit 1000s exceeded.
New alert more than 5 minutes! See details below: 
CRITICAL
for 5m 6s
Check that ComSys pickup directory /app/sword/shared/mounts/nfsserver/Parallel1C/pickups/comsys_serial got no overaged entries.
on
Communication Server 1 Production
CRITICAL : /app/sword/shared/mounts/nfsserver/Parallel1C/pickups/comsys_serial holds at least one file with age of 1764s. Critical limit 1000s exceeded.
New alert more than 5 minutes! See details below: 
CRITICAL
for 5m 45s
B2Bi queue health: "B2Bi TA FTP IB Task"
on
B2Bi Application Server - Stream 1C
CRITICAL - Queue "B2Bi TA FTP IB Task" ("transadapt_967__receive_960"/"queue_13"):
Request Successful!06-13 02:23:19
Request Successful!06-13 02:26:23
Request Successful!06-13 02:29:26
Request Successful!06-13 02:32:30
Request Successful!06-13 02:35:34
Request Successful!06-13 02:38:38
Request Successful!06-13 02:41:42
Request Successful!06-13 02:44:45
Request Successful!06-13 02:47:48
25 unhandled critical alerts
Request Successful!06-13 02:51:02
New alert more than 5 minutes! See details below: 
CRITICAL
for 4m 26s
Process B2Bi PE HME INHOUSE MD Enveloper Task
on
B2Bi Application Server - Stream 1C
PROCS CRITICAL: 0 processes with command name 'procengine', args 'B2Bi PE HME INHOUSE MD Enveloper Task', UID = 900 (b2bi)
New alert more than 5 minutes! See details below: 
CRITICAL
for 4m 28s
Checks if all B2Bi programs from starter.map are up
on
B2Bi Application Server - Stream 1C
1350 B2Bi prog(s) not running!
New alert more than 5 minutes! See details below: 
CRITICAL
for 4m 44s
Checks if all B2Bi programs from startertasks.map are up
on
B2Bi Application Server - Stream 1C
1295 B2Bi prog(s) not running!
Request Successful!06-13 02:54:36
Request Successful!06-13 02:57:40
New alert more than 5 minutes! See details below: 
CRITICAL
for 5m 33s
Checking JMS-Client Backlogs.
on
Communication Server 1 Production
CRITICAL : At least one value exceed CRIT thresholds.
Request Successful!06-13 03:00:54
Request Successful!06-13 03:03:57
Request Successful!06-13 03:07:01
Request Successful!06-13 03:10:05
Request Successful!06-13 03:13:08
Request Successful!06-13 03:16:12
Request Successful!06-13 03:19:15
Request Successful!06-13 03:22:18
Request Successful!06-13 03:25:22
Request Successful!06-13 03:28:29
Request Successful!06-13 03:31:32
Request Successful!06-13 03:34:36
Request Successful!06-13 03:37:39
Request Successful!06-13 03:40:43
Request Successful!06-13 03:43:46
Request Successful!06-13 03:46:49
Request Successful!06-13 03:49:53
Request Successful!06-13 03:52:57
Request Successful!06-13 03:56:00
Request Successful!06-13 03:59:04
Request Successful!06-13 04:02:07
Request Successful!06-13 04:05:11
Request Successful!06-13 04:08:14
Request Successful!06-13 04:11:17
Request Successful!06-13 04:14:21
Request Successful!06-13 04:17:24
Request Successful!06-13 04:20:28
Request Successful!06-13 04:23:31
Request Successful!06-13 04:26:35
Request Successful!06-13 04:29:38
Request Successful!06-13 04:32:41
Request Successful!06-13 04:35:44
Request Successful!06-13 04:38:48
Request Successful!06-13 04:41:51
Request Successful!06-13 04:44:55
Request Successful!06-13 04:47:58
Request Successful!06-13 04:51:02
Request Successful!06-13 04:54:05
Request Successful!06-13 04:57:09
Request Successful!06-13 05:00:12
Request Successful!06-13 05:03:15
Request Successful!06-13 05:06:19
Request Successful!06-13 05:09:22
Request Successful!06-13 05:12:26
Request Successful!06-13 05:15:29
Request Successful!06-13 05:18:33
Request Successful!06-13 05:21:36
Request Successful!06-13 05:24:40
Request Successful!06-13 05:27:43
Request Successful!06-13 05:30:46
Request Successful!06-13 05:33:50
Request Successful!06-13 05:36:53
Request Successful!06-13 05:39:57
Request Successful!06-13 05:43:01
Request Successful!06-13 05:46:04
Request Successful!06-13 05:49:08
Request Successful!06-13 05:52:11
Request Successful!06-13 05:55:15
Request Successful!06-13 05:58:18
Request Successful!06-13 06:01:21
Request Successful!06-13 06:04:25
Request Successful!06-13 06:07:28
Request Successful!06-13 06:10:32
Request Successful!06-13 06:13:37
Request Successful!06-13 06:16:41
Request Successful!06-13 06:19:45
Request Successful!06-13 06:22:48
Request Successful!06-13 06:25:52
Request Successful!06-13 06:28:55
Request Successful!06-13 06:31:59
Request Successful!06-13 06:35:02
Request Successful!06-13 06:38:06
Request Successful!06-13 06:41:13
Request Successful!06-13 06:44:16
Request Successful!06-13 06:47:20
Request Successful!06-13 06:50:23
Request Successful!06-13 06:53:27
Request Successful!06-13 06:56:30
Request Successful!06-13 06:59:34
Request Successful!06-13 07:02:37
Request Successful!06-13 07:05:41
Request Successful!06-13 07:08:45
Request Successful!06-13 07:11:48
Request Successful!06-13 07:14:52
Request Successful!06-13 07:17:55
Request Successful!06-13 07:20:58
Request Successful!06-13 07:24:02
Request Successful!06-13 07:27:05
Request Successful!06-13 07:30:09
Request Successful!06-13 07:33:12
Request Successful!06-13 07:36:16
Request Successful!06-13 07:39:19
Request Successful!06-13 07:42:23
Request Successful!06-13 07:45:26
Request Successful!06-13 07:48:30
Request Successful!06-13 07:51:33
Request Successful!06-13 07:54:37
Request Successful!06-13 07:57:40
Request Successful!06-13 08:00:44
Request Successful!06-13 08:03:47
Request Successful!06-13 08:06:50
Request Successful!06-13 08:09:54
Request Successful!06-13 08:12:57
Request Successful!06-13 08:16:01
Request Successful!06-13 08:19:05
Request Successful!06-13 08:22:08
Request Successful!06-13 08:25:11
Request Successful!06-13 08:28:15
Request Successful!06-13 08:31:19
Request Successful!06-13 08:34:23
Request Successful!06-13 08:37:27
Request Successful!06-13 08:40:30
New alert more than 5 minutes! See details below: 
CRITICAL
for 3m 26s
B2Bi queue health: "B2Bi CI HME - PROD_Framework_Parallel_001.101_Parallel_Inb_10_FetchRef_HM"
on
B2Bi Application Server - Stream 3A (Multicluster)
CRITICAL - Queue "B2Bi CI HME - PROD_Framework_Parallel_001.101_Parallel_Inb_10_FetchRef_HM" ("hierchmessage_9799"/"queue_16"):
Request Successful!06-13 08:43:44
New alert more than 5 minutes! See details below: 
CRITICAL
for 6m 40s
B2Bi queue health: "B2Bi CI HME - PROD_Framework_Parallel_001.101_Parallel_Inb_10_FetchRef_HM"
on
B2Bi Application Server - Stream 3A (Multicluster)
CRITICAL - Queue "B2Bi CI HME - PROD_Framework_Parallel_001.101_Parallel_Inb_10_FetchRef_HM" ("hierchmessage_9799"/"queue_16"):
Request Successful!06-13 08:46:57
Request Successful!06-13 08:50:01
Request Successful!06-13 08:53:04
Request Successful!06-13 08:56:08
Request Successful!06-13 08:59:12
Request Successful!06-13 09:02:16
Request Successful!06-13 09:05:19
Request Successful!06-13 09:08:23
Request Successful!06-13 09:11:26
Request Successful!06-13 09:14:29
Request Successful!06-13 09:17:33
Request Successful!06-13 09:20:37
Request Successful!06-13 09:23:41
Request Successful!06-13 09:26:45
Request Successful!06-13 09:29:51
Request Successful!06-13 09:32:59
Request Successful!06-13 09:36:03
Request Successful!06-13 09:39:07
Request Successful!06-13 09:42:11
Request Successful!06-13 09:45:14
Request Successful!06-13 09:48:18
Request Successful!06-13 09:51:21
Request Successful!06-13 09:54:25
Request Successful!06-13 09:57:28
Request Successful!06-13 10:00:32
Request Successful!06-13 10:03:35
Request Successful!06-13 10:06:39
Request Successful!06-13 10:09:42
Request Successful!06-13 10:12:46
Request Successful!06-13 10:15:49
Request Successful!06-13 10:18:53
Request Successful!06-13 10:21:57
Request Successful!06-13 10:25:01
Request Successful!06-13 10:28:05
New alert more than 5 minutes! See details below: 
CRITICAL
for 3m 23s
B2Bi queue health: "B2Bi CI HME - PROD_Framework_Parallel_001.Z_Local_402_Serial_Out_20_InhouseEnveloper(Inhouse)_4_SAG_ETGOIT_HM"
on
B2Bi Application Server - Stream 1B
CRITICAL - Queue "B2Bi CI HME - PROD_Framework_Parallel_001.Z_Local_402_Serial_Out_20_InhouseEnveloper(Inhouse)_4_SAG_ETGOIT_HM" ("hierchmessage_11217"/"queue_13"):
Request Successful!06-13 10:31:19
New alert more than 5 minutes! See details below: 
CRITICAL
for 6m 37s
B2Bi queue health: "B2Bi CI HME - PROD_Framework_Parallel_001.Z_Local_402_Serial_Out_20_InhouseEnveloper(Inhouse)_4_SAG_ETGOIT_HM"
on
B2Bi Application Server - Stream 1B
CRITICAL - Queue "B2Bi CI HME - PROD_Framework_Parallel_001.Z_Local_402_Serial_Out_20_InhouseEnveloper(Inhouse)_4_SAG_ETGOIT_HM" ("hierchmessage_11217"/"queue_13"):
Request Successful!06-13 10:34:33
Request Successful!06-13 10:37:37
Request Successful!06-13 10:40:40
Request Successful!06-13 10:43:44
Request Successful!06-13 10:46:47
Request Successful!06-13 10:49:52
Request Successful!06-13 10:52:55
Request Successful!06-13 10:55:59
Request Successful!06-13 10:59:03
Request Successful!06-13 11:02:13
Request Successful!06-13 11:05:17
Request Successful!06-13 11:08:20
Request Successful!06-13 11:11:24
Request Successful!06-13 11:14:28
Request Successful!06-13 11:17:31
Request Successful!06-13 11:20:34
Request Successful!06-13 11:23:38
Request Successful!06-13 11:26:41
Request Successful!06-13 11:29:45
Request Successful!06-13 11:32:49
