Request Successful!03-27 16:35:15
Request Successful!03-27 16:36:16
Request Successful!03-27 16:37:18
New alert more than 5 minutes! See details below: 
CRITICAL
for 1m 45s
Soft 1/2
B2Bi queue health: "B2Bi CI HME - PROD_Framework_Parallel_001.SEND_SendMessageToB2BIRemote_1B_sequential_HM"
on
B2Bi Application Server - Stream 1A
CRITICAL - Queue "B2Bi CI HME - PROD_Framework_Parallel_001.SEND_SendMessageToB2BIRemote_1B_sequential_HM" ("hierchmessage_17212"/"queue_13"):
New alert more than 5 minutes! See details below: 
CRITICAL
for 1m 46s
Soft 1/2
B2Bi queue health: "B2Bi CI HME - PROD_Framework_Parallel_001.101_Parallel_Out_20_InhouseEnveloper(Inhouse)_HM"
on
B2Bi Application Server - Stream 1A
CRITICAL - Queue "B2Bi CI HME - PROD_Framework_Parallel_001.101_Parallel_Out_20_InhouseEnveloper(Inhouse)_HM" ("hierchmessage_2367"/"queue_13"):
('Connection aborted.', ConnectionResetError(10054, '远程主机强迫关闭了一个现有的连接。', None, 10054, None))
Request Successful!03-27 16:39:46
Request Successful!03-27 16:40:47
Request Successful!03-27 16:41:49
Request Successful!03-27 16:42:50
Request Successful!03-27 16:43:52
Request Successful!03-27 16:44:53
New alert more than 5 minutes! See details below: 
CRITICAL
for 1m 28s
Soft 1/2
B2Bi queue health: "B2Bi CI HME - PROD_Framework_Parallel_001.101_Parallel_Dyn_10_ExecuteMasterDynMBC_HM"
on
B2Bi Application Server - Stream 3E (Multicluster)
CRITICAL - Queue "B2Bi CI HME - PROD_Framework_Parallel_001.101_Parallel_Dyn_10_ExecuteMasterDynMBC_HM" ("hierchmessage_9931"/"queue_16"):
Request Successful!03-27 16:46:06
Request Successful!03-27 16:47:08
Request Successful!03-27 16:48:10
Request Successful!03-27 16:49:11
Request Successful!03-27 16:50:13
Request Successful!03-27 16:51:15
Request Successful!03-27 16:52:17
New alert more than 5 minutes! See details below: 
CRITICAL
for 1m 45s
Soft 1/2
B2Bi queue health: "B2Bi CI HME - PROD_Framework_Parallel_001.201_Serial_Dyn_10_ExecuteMasterDynMBC_HM"
on
B2Bi Application Server - Stream 1A
CRITICAL - Queue "B2Bi CI HME - PROD_Framework_Parallel_001.201_Serial_Dyn_10_ExecuteMasterDynMBC_HM" ("hierchmessage_2215"/"queue_13"):
Request Successful!03-27 16:53:29
Request Successful!03-27 16:54:31
Request Successful!03-27 16:55:33
Request Successful!03-27 16:56:35
Request Successful!03-27 16:57:37
Request Successful!03-27 16:58:39
Request Successful!03-27 16:59:41
Request Successful!03-27 17:00:43
Request Successful!03-27 17:01:44
Request Successful!03-27 17:02:46
Request Successful!03-27 17:03:48
Request Successful!03-27 17:04:50
New alert more than 5 minutes! See details below: 
CRITICAL
for 1m 12s
Soft 1/2
B2Bi queue health: "B2Bi CI HME - PROD_Framework_Parallel_001.201_Serial_Dyn_10_ExecuteMasterDynMBC_HM"
on
B2Bi Application Server - Stream 1C
CRITICAL - Queue "B2Bi CI HME - PROD_Framework_Parallel_001.201_Serial_Dyn_10_ExecuteMasterDynMBC_HM" ("hierchmessage_7177"/"queue_13"):
New alert more than 5 minutes! See details below: 
CRITICAL
for 1m 28s
Soft 1/2
Check that all Pixie table marked for export in EDIConf have been exported to filesystem.
on
B2Bi Application Server - Stream 3C (Multicluster)
CRIT : Found tables marked as exported in database that do not exist on the host! List of offenders : ERROR: ORA-12514: TNS:listener does not currently know of service requested in connect descriptor SP2-0306: Invalid option. Usage: CONN[ECT] [{logon
New alert more than 5 minutes! See details below: 
CRITICAL
for 1m 50s
Soft 1/2
B2Bi queue health: "B2Bi CI HME - PROD_Framework_Parallel_001.Z_Local_402_Serial_Out_20_InhouseEnveloper(Inhouse)_4_SAG_ETGOIT_HM"
on
B2Bi Application Server - Stream 1B
CRITICAL - Queue "B2Bi CI HME - PROD_Framework_Parallel_001.Z_Local_402_Serial_Out_20_InhouseEnveloper(Inhouse)_4_SAG_ETGOIT_HM" ("hierchmessage_11217"/"queue_13"):
Request Successful!03-27 17:06:21
New alert more than 5 minutes! See details below: 
CRITICAL
for 1m 24s
Soft 1/2
B2Bi queue health: "B2Bi Logger 15"
on
B2Bi Application Server - Stream 1C
CRITICAL - Queue "B2Bi Logger 15" ("logger_1575"/"queue_13"):
Request Successful!03-27 17:07:33
Request Successful!03-27 17:08:35
Request Successful!03-27 17:09:39
Request Successful!03-27 17:10:41
Request Successful!03-27 17:11:42
Request Successful!03-27 17:12:44
Request Successful!03-27 17:13:45
Request Successful!03-27 17:14:47
Request Successful!03-27 17:15:49
Request Successful!03-27 17:16:51
Request Successful!03-27 17:17:53
Request Successful!03-27 17:18:55
Request Successful!03-27 17:19:57
Request Successful!03-27 17:20:59
Request Successful!03-27 17:22:01
Request Successful!03-27 17:23:03
Request Successful!03-27 17:24:05
Request Successful!03-27 17:25:07
Request Successful!03-27 17:26:09
Request Successful!03-27 17:27:11
Request Successful!03-27 17:28:13
Request Successful!03-27 17:29:15
Request Successful!03-27 17:30:17
Request Successful!03-27 17:31:19
Request Successful!03-27 17:32:21
Request Successful!03-27 17:33:23
New alert more than 5 minutes! See details below: 
CRITICAL
for 1m 8s
B2Bi queue health: "B2Bi CI HME - PROD_Framework_Parallel_001.Z_Local_402_Serial_Out_20_InhouseEnveloper(Inhouse)_4_SAG_ETGOIT_HM"
on
B2Bi Application Server - Stream 1B
CRITICAL - Queue "B2Bi CI HME - PROD_Framework_Parallel_001.Z_Local_402_Serial_Out_20_InhouseEnveloper(Inhouse)_4_SAG_ETGOIT_HM" ("hierchmessage_11217"/"queue_13"):
Request Successful!03-27 17:34:35
New alert more than 5 minutes! See details below: 
CRITICAL
for 2m 20s
B2Bi queue health: "B2Bi CI HME - PROD_Framework_Parallel_001.Z_Local_402_Serial_Out_20_InhouseEnveloper(Inhouse)_4_SAG_ETGOIT_HM"
on
B2Bi Application Server - Stream 1B
CRITICAL - Queue "B2Bi CI HME - PROD_Framework_Parallel_001.Z_Local_402_Serial_Out_20_InhouseEnveloper(Inhouse)_4_SAG_ETGOIT_HM" ("hierchmessage_11217"/"queue_13"):
Request Successful!03-27 17:35:47
Request Successful!03-27 17:36:49
Request Successful!03-27 17:37:51
Request Successful!03-27 17:38:53
Request Successful!03-27 17:39:54
Request Successful!03-27 17:40:56
Request Successful!03-27 17:41:58
Request Successful!03-27 17:43:00
Request Successful!03-27 17:44:02
Request Successful!03-27 17:45:04
Request Successful!03-27 17:46:06
Request Successful!03-27 17:47:08
Request Successful!03-27 17:48:10
Request Successful!03-27 17:49:12
Request Successful!03-27 17:50:14
Request Successful!03-27 17:51:16
Request Successful!03-27 17:52:18
Request Successful!03-27 17:53:20
Request Successful!03-27 17:54:22
Request Successful!03-27 17:55:24
New alert more than 5 minutes! See details below: 
CRITICAL
for 1m 30s
Soft 1/2
B2Bi queue health: "B2Bi Logger 16"
on
B2Bi Application Server - Stream 3A (Multicluster)
CRITICAL - Queue "B2Bi Logger 16" ("logger_1040"/"queue_16"):
Request Successful!03-27 17:56:35
Request Successful!03-27 17:57:36
Request Successful!03-27 17:58:38
Request Successful!03-27 17:59:40
Request Successful!03-27 18:00:42
Request Successful!03-27 18:01:44
Request Successful!03-27 18:02:46
Request Successful!03-27 18:03:48
Request Successful!03-27 18:04:50
Request Successful!03-27 18:05:52
Request Successful!03-27 18:06:54
Request Successful!03-27 18:07:55
Request Successful!03-27 18:08:57
Request Successful!03-27 18:09:59
Request Successful!03-27 18:11:01
Request Successful!03-27 18:12:03
New alert more than 5 minutes! See details below: 
CRITICAL
for 1m 34s
Soft 1/2
JMS Loop - Send test file to scintilla and expect it back.
on
B2Bi Application Server - Stream 3A (Multicluster)
Timed out waiting for test file after 570 seconds.
Request Successful!03-27 18:13:14
New alert more than 5 minutes! See details below: 
CRITICAL
for 2m 45s
Soft 1/2
JMS Loop - Send test file to scintilla and expect it back.
on
B2Bi Application Server - Stream 3A (Multicluster)
Timed out waiting for test file after 570 seconds.
Request Successful!03-27 18:14:26
Request Successful!03-27 18:15:28
Request Successful!03-27 18:16:30
Request Successful!03-27 18:17:31
Request Successful!03-27 18:18:33
Request Successful!03-27 18:19:35
Request Successful!03-27 18:20:37
Request Successful!03-27 18:21:39
Request Successful!03-27 18:22:41
Request Successful!03-27 18:23:43
Request Successful!03-27 18:24:45
Request Successful!03-27 18:25:46
Request Successful!03-27 18:26:48
Request Successful!03-27 18:27:50
Request Successful!03-27 18:28:52
Request Successful!03-27 18:29:54
Request Successful!03-27 18:30:56
Request Successful!03-27 18:31:58
Request Successful!03-27 18:33:00
Request Successful!03-27 18:34:02
Request Successful!03-27 18:35:04
Request Successful!03-27 18:36:06
Request Successful!03-27 18:37:08
Request Successful!03-27 18:38:10
Request Successful!03-27 18:39:12
Request Successful!03-27 18:40:14
Request Successful!03-27 18:41:16
Request Successful!03-27 18:42:17
Request Successful!03-27 18:43:19
Request Successful!03-27 18:44:21
Request Successful!03-27 18:45:23
Request Successful!03-27 18:46:25
Request Successful!03-27 18:47:27
Request Successful!03-27 18:48:30
Request Successful!03-27 18:49:32
Request Successful!03-27 18:50:33
Request Successful!03-27 18:51:36
New alert more than 5 minutes! See details below: 
CRITICAL
for 1m 3s
Soft 1/2
B2Bi queue health: "B2Bi CI HME - PROD_Framework_Parallel_001.201_Serial_Dyn_10_ExecuteMasterDynMBC_HM"
on
B2Bi Application Server - Stream 1A
CRITICAL - Queue "B2Bi CI HME - PROD_Framework_Parallel_001.201_Serial_Dyn_10_ExecuteMasterDynMBC_HM" ("hierchmessage_2215"/"queue_13"):
Request Successful!03-27 18:52:48
Request Successful!03-27 18:53:50
Request Successful!03-27 18:54:52
Request Successful!03-27 18:55:54
Request Successful!03-27 18:56:56
Request Successful!03-27 18:57:57
Request Successful!03-27 18:58:59
Request Successful!03-27 19:00:01
Request Successful!03-27 19:01:03
Request Successful!03-27 19:02:05
Request Successful!03-27 19:03:07
Request Successful!03-27 19:04:09
Request Successful!03-27 19:05:11
Request Successful!03-27 19:06:13
Request Successful!03-27 19:07:15
Request Successful!03-27 19:08:17
Request Successful!03-27 19:09:19
Request Successful!03-27 19:10:21
Request Successful!03-27 19:11:22
Request Successful!03-27 19:12:23
Request Successful!03-27 19:13:25
Request Successful!03-27 19:14:26
Request Successful!03-27 19:15:28
Request Successful!03-27 19:16:29
Request Successful!03-27 19:17:31
Request Successful!03-27 19:18:33
New alert more than 5 minutes! See details below: 
CRITICAL
for 1m 37s
Soft 1/2
B2Bi queue health: "B2Bi CI HME - PROD_Framework_Parallel_001.401_SerialSTD_Dyn_10_ExecuteMasterDynMBC_HM"
on
B2Bi Application Server - Stream 1C
CRITICAL - Queue "B2Bi CI HME - PROD_Framework_Parallel_001.401_SerialSTD_Dyn_10_ExecuteMasterDynMBC_HM" ("hierchmessage_7335"/"queue_13"):
Request Successful!03-27 19:19:45
Request Successful!03-27 19:20:47
Request Successful!03-27 19:21:49
Request Successful!03-27 19:22:51
Request Successful!03-27 19:23:53
Request Successful!03-27 19:24:55
Request Successful!03-27 19:25:57
Request Successful!03-27 19:27:00
Request Successful!03-27 19:28:01
Request Successful!03-27 19:29:03
Request Successful!03-27 19:30:06
Request Successful!03-27 19:31:08
Request Successful!03-27 19:32:10
Request Successful!03-27 19:33:12
Request Successful!03-27 19:34:14
Request Successful!03-27 19:35:16
Request Successful!03-27 19:36:19
Request Successful!03-27 19:37:21
Request Successful!03-27 19:38:23
Request Successful!03-27 19:39:27
Request Successful!03-27 19:40:30
Request Successful!03-27 19:41:31
Request Successful!03-27 19:42:32
Request Successful!03-27 19:43:35
Request Successful!03-27 19:44:37
Request Successful!03-27 19:45:39
Request Successful!03-27 19:46:41
Request Successful!03-27 19:47:43
Request Successful!03-27 19:48:45
Request Successful!03-27 19:49:47
Request Successful!03-27 19:50:49
Request Successful!03-27 19:51:52
New alert more than 5 minutes! See details below: 
CRITICAL
for 1m 17s
Soft 1/2
B2Bi queue health: "B2Bi CI HME - PROD_Framework_Parallel_001.201_Serial_Dyn_10_ExecuteMasterDynMBC_HM"
on
B2Bi Application Server - Stream 1A
CRITICAL - Queue "B2Bi CI HME - PROD_Framework_Parallel_001.201_Serial_Dyn_10_ExecuteMasterDynMBC_HM" ("hierchmessage_2215"/"queue_13"):
Request Successful!03-27 19:53:04
Request Successful!03-27 19:54:06
Request Successful!03-27 19:55:08
Request Successful!03-27 19:56:10
Request Successful!03-27 19:57:12
Request Successful!03-27 19:58:14
Request Successful!03-27 19:59:17
Request Successful!03-27 20:00:19
Request Successful!03-27 20:01:21
Request Successful!03-27 20:02:23
Request Successful!03-27 20:03:25
Request Successful!03-27 20:04:27
Request Successful!03-27 20:05:30
New alert more than 5 minutes! See details below: 
CRITICAL
for 1m 54s
Soft 1/2
B2Bi queue health: "B2Bi CI HME - PROD_Framework_Parallel_001.201_Serial_Dyn_10_ExecuteMasterDynMBC_HM"
on
B2Bi Application Server - Stream 1C
CRITICAL - Queue "B2Bi CI HME - PROD_Framework_Parallel_001.201_Serial_Dyn_10_ExecuteMasterDynMBC_HM" ("hierchmessage_7177"/"queue_13"):
Request Successful!03-27 20:06:42
Request Successful!03-27 20:07:44
Request Successful!03-27 20:08:46
Request Successful!03-27 20:09:48
Request Successful!03-27 20:10:50
Request Successful!03-27 20:11:52
Request Successful!03-27 20:12:54
Request Successful!03-27 20:13:56
Request Successful!03-27 20:14:59
Request Successful!03-27 20:16:01
Request Successful!03-27 20:17:03
Request Successful!03-27 20:18:05
Request Successful!03-27 20:19:07
Request Successful!03-27 20:20:09
Request Successful!03-27 20:21:11
Request Successful!03-27 20:22:14
Request Successful!03-27 20:23:16
Request Successful!03-27 20:24:18
Request Successful!03-27 20:25:20
Request Successful!03-27 20:26:22
Request Successful!03-27 20:27:24
Request Successful!03-27 20:28:27
Request Successful!03-27 20:29:29
Request Successful!03-27 20:30:30
Request Successful!03-27 20:31:32
Request Successful!03-27 20:32:33
Request Successful!03-27 20:33:35
Request Successful!03-27 20:34:36
Request Successful!03-27 20:35:38
Request Successful!03-27 20:36:39
Request Successful!03-27 20:37:40
Request Successful!03-27 20:38:42
Request Successful!03-27 20:39:44
Request Successful!03-27 20:40:45
Request Successful!03-27 20:41:47
Request Successful!03-27 20:42:48
Request Successful!03-27 20:43:50
Request Successful!03-27 20:44:51
Request Successful!03-27 20:45:53
New alert more than 5 minutes! See details below: 
CRITICAL
for 1m 20s
Soft 1/2
B2Bi queue health: "B2Bi Logger 14"
on
B2Bi Application Server - Stream 1C
CRITICAL - Queue "B2Bi Logger 14" ("logger_1573"/"queue_13"):
Request Successful!03-27 20:47:04
Request Successful!03-27 20:48:05
Request Successful!03-27 20:49:06
Request Successful!03-27 20:50:08
Request Successful!03-27 20:51:10
Request Successful!03-27 20:52:11
New alert more than 5 minutes! See details below: 
CRITICAL
for 1m 40s
Soft 1/2
B2Bi queue health: "B2Bi CI HME - PROD_Framework_Parallel_001.201_Serial_Dyn_10_ExecuteMasterDynMBC_HM"
on
B2Bi Application Server - Stream 1A
CRITICAL - Queue "B2Bi CI HME - PROD_Framework_Parallel_001.201_Serial_Dyn_10_ExecuteMasterDynMBC_HM" ("hierchmessage_2215"/"queue_13"):
Request Successful!03-27 20:53:22
Request Successful!03-27 20:54:23
Request Successful!03-27 20:55:25
Request Successful!03-27 20:56:27
Request Successful!03-27 20:57:28
Request Successful!03-27 20:58:30
Request Successful!03-27 20:59:31
Request Successful!03-27 21:00:33
Request Successful!03-27 21:01:34
New alert more than 5 minutes! See details below: 
CRITICAL
for 1m 0s
Soft 1/2
B2Bi queue health: "B2Bi Logger 9"
on
B2Bi Application Server - Stream 1C
CRITICAL - Queue "B2Bi Logger 9" ("logger_1563"/"queue_13"):
Request Successful!03-27 21:02:45
Request Successful!03-27 21:03:47
Request Successful!03-27 21:04:48
Request Successful!03-27 21:05:50
Request Successful!03-27 21:06:51
Request Successful!03-27 21:07:53
('Connection aborted.', ConnectionResetError(10054, '远程主机强迫关闭了一个现有的连接。', None, 10054, None))
('Connection aborted.', ConnectionResetError(10054, '远程主机强迫关闭了一个现有的连接。', None, 10054, None))
Request Successful!03-27 21:11:05
Request Successful!03-27 21:12:07
Request Successful!03-27 21:13:08
Request Successful!03-27 21:14:10
Request Successful!03-27 21:15:11
Request Successful!03-27 21:16:13
Request Successful!03-27 21:17:14
Request Successful!03-27 21:18:16
Request Successful!03-27 21:19:17
Request Successful!03-27 21:20:19
Request Successful!03-27 21:21:20
New alert more than 5 minutes! See details below: 
CRITICAL
for 1m 21s
Soft 1/2
B2Bi queue health: "B2Bi CI HME - PROD_Framework_Parallel_001.301_SerialLarge_Out_70_PostProcessDynMBC_HM"
on
B2Bi Application Server - Stream 1C
CRITICAL - Queue "B2Bi CI HME - PROD_Framework_Parallel_001.301_SerialLarge_Out_70_PostProcessDynMBC_HM" ("hierchmessage_7243"/"queue_13"):
Request Successful!03-27 21:22:32
Request Successful!03-27 21:23:34
Request Successful!03-27 21:24:35
Request Successful!03-27 21:25:37
Request Successful!03-27 21:26:38
Request Successful!03-27 21:27:40
Request Successful!03-27 21:28:41
Request Successful!03-27 21:29:43
Request Successful!03-27 21:30:44
Request Successful!03-27 21:31:46
Request Successful!03-27 21:32:47
Request Successful!03-27 21:33:49
Request Successful!03-27 21:34:50
Request Successful!03-27 21:35:52
Request Successful!03-27 21:36:53
New alert more than 5 minutes! See details below: 
CRITICAL
for 1m 22s
Soft 1/2
B2Bi queue health: "B2Bi CI HME - PROD_Framework_Parallel_001.SEND_SendMessageToB2BIRemote_1B_sequential_HM"
on
B2Bi Application Server - Stream 1A
CRITICAL - Queue "B2Bi CI HME - PROD_Framework_Parallel_001.SEND_SendMessageToB2BIRemote_1B_sequential_HM" ("hierchmessage_17212"/"queue_13"):
Request Successful!03-27 21:38:05
Request Successful!03-27 21:39:06
Request Successful!03-27 21:40:08
Request Successful!03-27 21:41:09
Request Successful!03-27 21:42:11
Request Successful!03-27 21:43:12
Request Successful!03-27 21:44:14
Request Successful!03-27 21:45:15
Request Successful!03-27 21:46:17
Request Successful!03-27 21:47:18
Request Successful!03-27 21:48:20
Request Successful!03-27 21:49:21
Request Successful!03-27 21:50:22
Request Successful!03-27 21:51:24
Request Successful!03-27 21:52:26
Request Successful!03-27 21:53:27
Request Successful!03-27 21:54:29
Request Successful!03-27 21:55:30
Request Successful!03-27 21:56:32
Request Successful!03-27 21:57:33
Request Successful!03-27 21:58:35
Request Successful!03-27 21:59:36
Request Successful!03-27 22:00:37
Request Successful!03-27 22:01:39
Request Successful!03-27 22:02:41
Request Successful!03-27 22:03:42
Request Successful!03-27 22:04:44
Request Successful!03-27 22:05:45
Request Successful!03-27 22:06:46
Request Successful!03-27 22:07:48
Request Successful!03-27 22:08:49
Request Successful!03-27 22:09:51
Request Successful!03-27 22:10:52
Request Successful!03-27 22:11:54
Request Successful!03-27 22:12:55
Request Successful!03-27 22:13:57
Request Successful!03-27 22:14:59
Request Successful!03-27 22:16:00
Request Successful!03-27 22:17:01
Request Successful!03-27 22:18:03
Request Successful!03-27 22:19:04
Request Successful!03-27 22:20:06
Request Successful!03-27 22:21:07
Request Successful!03-27 22:22:09
Request Successful!03-27 22:23:10
Request Successful!03-27 22:24:12
Request Successful!03-27 22:25:13
Request Successful!03-27 22:26:15
Request Successful!03-27 22:27:16
Request Successful!03-27 22:28:18
Request Successful!03-27 22:29:20
Request Successful!03-27 22:30:21
Request Successful!03-27 22:31:23
Request Successful!03-27 22:32:24
Request Successful!03-27 22:33:25
Request Successful!03-27 22:34:27
Request Successful!03-27 22:35:28
Request Successful!03-27 22:36:30
Request Successful!03-27 22:37:31
Request Successful!03-27 22:38:33
Request Successful!03-27 22:39:35
Request Successful!03-27 22:40:37
Request Successful!03-27 22:41:39
Request Successful!03-27 22:42:41
Request Successful!03-27 22:43:42
Request Successful!03-27 22:44:44
Request Successful!03-27 22:45:46
Request Successful!03-27 22:46:48
Request Successful!03-27 22:47:50
New alert more than 5 minutes! See details below: 
CRITICAL
for 1m 31s
Soft 1/2
B2Bi queue health: "B2Bi CI HME - PROD_Framework_Parallel_001.401_SerialSTD_Dyn_10_ExecuteMasterDynMBC_HM"
on
B2Bi Application Server - Stream 1C
CRITICAL - Queue "B2Bi CI HME - PROD_Framework_Parallel_001.401_SerialSTD_Dyn_10_ExecuteMasterDynMBC_HM" ("hierchmessage_7335"/"queue_13"):
Request Successful!03-27 22:49:01
Request Successful!03-27 22:50:03
New alert more than 5 minutes! See details below: 
CRITICAL
for 1m 35s
B2Bi queue health: "B2Bi CI HME - PROD_Framework_Parallel_001.Z_Local_402_Serial_Out_20_InhouseEnveloper(Inhouse)_4_SAG_ETGOIT_HM"
on
B2Bi Application Server - Stream 1B
CRITICAL - Queue "B2Bi CI HME - PROD_Framework_Parallel_001.Z_Local_402_Serial_Out_20_InhouseEnveloper(Inhouse)_4_SAG_ETGOIT_HM" ("hierchmessage_11217"/"queue_13"):
Request Successful!03-27 22:51:14
Request Successful!03-27 22:52:16
Request Successful!03-27 22:53:17
Request Successful!03-27 22:54:19
Request Successful!03-27 22:55:20
Request Successful!03-27 22:56:22
Request Successful!03-27 22:57:23
Request Successful!03-27 22:58:25
Request Successful!03-27 22:59:26
Request Successful!03-27 23:00:28
Request Successful!03-27 23:01:29
Request Successful!03-27 23:02:31
Request Successful!03-27 23:03:32
Request Successful!03-27 23:04:34
Request Successful!03-27 23:05:35
Request Successful!03-27 23:06:37
Request Successful!03-27 23:07:38
('Connection aborted.', ConnectionResetError(10054, '远程主机强迫关闭了一个现有的连接。', None, 10054, None))
