Request Successful!08-08 16:00:36
Request Successful!08-08 16:03:37
Request Successful!08-08 16:06:39
Request Successful!08-08 16:09:41
New alert more than 5 minutes! See details below: 
CRITICAL
for 4m 46s
Disk
on
bladeprdapp1.sl3.comp.db.de
DISK CRITICAL - free space: / 995 MiB (9.73% inode=94%); /app/blade 146505 MiB (71.57% inode=100%);
Request Successful!08-08 16:12:53
Request Successful!08-08 16:15:55
Request Successful!08-08 16:18:57
Request Successful!08-08 16:21:58
New alert more than 5 minutes! See details below: 
CRITICAL
for 3m 22s
Check disk /
on
bladeprdapp1.sl3.comp.db.de
/ 9.11 GiB (91.21%)
/ 9.11 GiB (91.21%)
DISK CRITICAL - free space: / 899 MB (8.79% inode=94%);
Request Successful!08-08 16:25:10
New alert more than 5 minutes! See details below: 
CRITICAL
for 6m 34s
Check disk /
on
bladeprdapp1.sl3.comp.db.de
/ 9.11 GiB (91.21%)
/ 9.11 GiB (91.21%)
DISK CRITICAL - free space: / 899 MB (8.79% inode=94%);
Request Successful!08-08 16:28:23
Request Successful!08-08 16:31:25
Request Successful!08-08 16:34:26
Request Successful!08-08 16:37:28
Request Successful!08-08 16:40:30
Request Successful!08-08 16:43:32
Request Successful!08-08 16:46:34
Request Successful!08-08 16:49:35
Request Successful!08-08 16:52:37
Request Successful!08-08 16:55:39
Request Successful!08-08 16:58:40
Request Successful!08-08 17:01:42
Request Successful!08-08 17:04:44
Request Successful!08-08 17:07:46
Request Successful!08-08 17:10:47
Request Successful!08-08 17:13:49
Request Successful!08-08 17:16:51
Request Successful!08-08 17:19:53
Request Successful!08-08 17:22:55
Request Successful!08-08 17:25:57
Request Successful!08-08 17:28:58
Request Successful!08-08 17:32:00
Request Successful!08-08 17:35:02
Request Successful!08-08 17:38:03
Request Successful!08-08 17:41:05
Request Successful!08-08 17:44:07
Request Successful!08-08 17:47:09
New alert more than 5 minutes! See details below: 
CRITICAL
for 4m 15s
Check if we still can connect to ftp.sword.dbschenker.com using ftp.
on
b2biprdxsr5.sl3.comp.db.de
CRITICAL : No data received from host
Request Successful!08-08 17:50:20
Request Successful!08-08 17:53:22
Request Successful!08-08 17:56:23
Request Successful!08-08 17:59:26
Request Successful!08-08 18:02:28
Request Successful!08-08 18:05:29
Request Successful!08-08 18:08:31
New alert more than 5 minutes! See details below: 
CRITICAL
for 3m 59s
Check timestamp of cleandir log for recent run.
on
b2biprddb3.sl3.comp.db.de
FILE_AGE CRITICAL: /opt/sword/tools/cleandir/prot/cleandir.ptk is 87685 seconds old and 659 bytes
Request Successful!08-08 18:11:42
Request Successful!08-08 18:14:44
Request Successful!08-08 18:17:46
Request Successful!08-08 18:20:47
Request Successful!08-08 18:23:49
Request Successful!08-08 18:26:51
Request Successful!08-08 18:29:52
Request Successful!08-08 18:32:54
Request Successful!08-08 18:35:55
Request Successful!08-08 18:38:57
Request Successful!08-08 18:41:58
Request Successful!08-08 18:45:00
Request Successful!08-08 18:48:02
Request Successful!08-08 18:51:04
Request Successful!08-08 18:54:05
New alert more than 5 minutes! See details below: 
CRITICAL
for 4m 30s
Checking for files in JMSClient error directories under /app/sword/schenker/jmsclients
on
Communication Server 1 Production
CRIT : 1 JMSClients with issues! Found a total of 2 files in todays (2024/08/08) error subdirectories.
Request Successful!08-08 18:57:17
Request Successful!08-08 19:00:19
Request Successful!08-08 19:03:21
Request Successful!08-08 19:06:23
Request Successful!08-08 19:09:24
Request Successful!08-08 19:12:26
Request Successful!08-08 19:15:28
Request Successful!08-08 19:18:30
Request Successful!08-08 19:21:31
Request Successful!08-08 19:24:34
Request Successful!08-08 19:27:36
Request Successful!08-08 19:30:37
Request Successful!08-08 19:33:39
Request Successful!08-08 19:36:41
Request Successful!08-08 19:39:43
Request Successful!08-08 19:42:44
Request Successful!08-08 19:45:46
Request Successful!08-08 19:48:48
Request Successful!08-08 19:51:50
Request Successful!08-08 19:54:52
Request Successful!08-08 19:57:54
Request Successful!08-08 20:00:55
Request Successful!08-08 20:03:57
Request Successful!08-08 20:06:59
Request Successful!08-08 20:10:01
Request Successful!08-08 20:13:03
Request Successful!08-08 20:16:05
Request Successful!08-08 20:19:07
Request Successful!08-08 20:22:09
Request Successful!08-08 20:25:11
Request Successful!08-08 20:28:13
Request Successful!08-08 20:31:15
Request Successful!08-08 20:34:17
Request Successful!08-08 20:37:19
Request Successful!08-08 20:40:21
Request Successful!08-08 20:43:22
Request Successful!08-08 20:46:24
Request Successful!08-08 20:49:26
Request Successful!08-08 20:52:28
Request Successful!08-08 20:55:30
Request Successful!08-08 20:58:32
Request Successful!08-08 21:01:34
Request Successful!08-08 21:04:36
Request Successful!08-08 21:07:38
Request Successful!08-08 21:10:40
Request Successful!08-08 21:13:42
Request Successful!08-08 21:16:45
Request Successful!08-08 21:19:46
Request Successful!08-08 21:22:48
Request Successful!08-08 21:25:50
Request Successful!08-08 21:28:52
Request Successful!08-08 21:31:54
Request Successful!08-08 21:34:56
Request Successful!08-08 21:37:58
Request Successful!08-08 21:41:00
Request Successful!08-08 21:44:02
Request Successful!08-08 21:47:04
Request Successful!08-08 21:50:06
Request Successful!08-08 21:53:07
Request Successful!08-08 21:56:09
Request Successful!08-08 21:59:11
Request Successful!08-08 22:02:14
Request Successful!08-08 22:05:16
Request Successful!08-08 22:08:17
Request Successful!08-08 22:11:19
Request Successful!08-08 22:14:21
Request Successful!08-08 22:17:23
Request Successful!08-08 22:20:25
Request Successful!08-08 22:23:26
Request Successful!08-08 22:26:28
Request Successful!08-08 22:29:30
Request Successful!08-08 22:32:31
Request Successful!08-08 22:35:33
Request Successful!08-08 22:38:34
Request Successful!08-08 22:41:36
Request Successful!08-08 22:44:38
Request Successful!08-08 22:47:39
Request Successful!08-08 22:50:41
Request Successful!08-08 22:53:42
Request Successful!08-08 22:56:44
Request Successful!08-08 22:59:45
Request Successful!08-08 23:02:47
Request Successful!08-08 23:05:48
Request Successful!08-08 23:08:50
Request Successful!08-08 23:11:52
Request Successful!08-08 23:14:53
Request Successful!08-08 23:17:55
Request Successful!08-08 23:20:57
Request Successful!08-08 23:23:58
