Request Successful!02-10 17:38:22
Request Successful!02-10 17:41:24
Request Successful!02-10 17:44:25
Request Successful!02-10 17:47:27
Request Successful!02-10 17:50:28
Request Successful!02-10 17:53:30
Request Successful!02-10 17:56:31
New alert more than 5 minutes! See details below: 
CRITICAL
for 4m 42s
Check size of queue "LQ.C2K.FROM.RIEGE on "QM.SWORD"
on
MQM Server Production
CRITICAL - Queue depth exceeding critical limit
Request Successful!02-10 17:59:43
Request Successful!02-10 18:02:45
Request Successful!02-10 18:05:47
Request Successful!02-10 18:08:48
Request Successful!02-10 18:11:50
Request Successful!02-10 18:14:51
Request Successful!02-10 18:17:53
Request Successful!02-10 18:20:55
Request Successful!02-10 18:23:56
Request Successful!02-10 18:26:58
Request Successful!02-10 18:30:00
Request Successful!02-10 18:33:01
Request Successful!02-10 18:36:03
Request Successful!02-10 18:39:04
Request Successful!02-10 18:42:06
Request Successful!02-10 18:45:08
Request Successful!02-10 18:48:09
Request Successful!02-10 18:51:11
Request Successful!02-10 18:54:12
Request Successful!02-10 18:57:14
Request Successful!02-10 19:00:16
Request Successful!02-10 19:03:18
Request Successful!02-10 19:06:19
Request Successful!02-10 19:09:21
Request Successful!02-10 19:12:22
Request Successful!02-10 19:15:24
Request Successful!02-10 19:18:25
Request Successful!02-10 19:21:27
Request Successful!02-10 19:24:28
Request Successful!02-10 19:27:30
Request Successful!02-10 19:30:32
Request Successful!02-10 19:33:33
Request Successful!02-10 19:36:35
Request Successful!02-10 19:39:36
Request Successful!02-10 19:42:38
Request Successful!02-10 19:45:39
Request Successful!02-10 19:48:41
Request Successful!02-10 19:51:42
Request Successful!02-10 19:54:44
Request Successful!02-10 19:57:45
Request Successful!02-10 20:00:47
Request Successful!02-10 20:03:48
Request Successful!02-10 20:06:49
Request Successful!02-10 20:09:51
Request Successful!02-10 20:12:53
Request Successful!02-10 20:15:54
Request Successful!02-10 20:18:56
Request Successful!02-10 20:21:57
Request Successful!02-10 20:24:59
Request Successful!02-10 20:28:00
Request Successful!02-10 20:31:02
Request Successful!02-10 20:34:04
Request Successful!02-10 20:37:05
Request Successful!02-10 20:40:07
Request Successful!02-10 20:43:08
Request Successful!02-10 20:46:10
Request Successful!02-10 20:49:11
Request Successful!02-10 20:52:13
Request Successful!02-10 20:55:14
Request Successful!02-10 20:58:16
Request Successful!02-10 21:01:18
Request Successful!02-10 21:04:19
Request Successful!02-10 21:07:21
Request Successful!02-10 21:10:23
Request Successful!02-10 21:13:24
Request Successful!02-10 21:16:26
Request Successful!02-10 21:19:27
Request Successful!02-10 21:22:29
Request Successful!02-10 21:25:31
Request Successful!02-10 21:28:32
Request Successful!02-10 21:31:34
Request Successful!02-10 21:34:35
Request Successful!02-10 21:37:37
Request Successful!02-10 21:40:38
New alert more than 5 minutes! See details below: 
CRITICAL
for 3m 5s
Check size of queue "LQ.CUST1C on "QM.SWORD"
on
MQM Server Production
CRITICAL - Queue depth exceeding critical limit
Request Successful!02-10 21:43:50
New alert more than 5 minutes! See details below: 
CRITICAL
for 6m 17s
Check size of queue "LQ.CUST1C on "QM.SWORD"
on
MQM Server Production
CRITICAL - Queue depth exceeding critical limit
Request Successful!02-10 21:47:02
Request Successful!02-10 21:50:04
Request Successful!02-10 21:53:05
Request Successful!02-10 21:56:07
Request Successful!02-10 21:59:08
Request Successful!02-10 22:02:11
Request Successful!02-10 22:05:13
Request Successful!02-10 22:08:15
Request Successful!02-10 22:11:17
New alert more than 5 minutes! See details below: 
CRITICAL
for 5m 27s
B2Bi queue health: "B2Bi CI HME - PROD_Framework_Parallel_001.Z_Local_402_SerialSTD_20_ComDetect_SAG_ETGOIT_HM"
on
B2Bi Application Server - Stream 1B
CRITICAL - Queue "B2Bi CI HME - PROD_Framework_Parallel_001.Z_Local_402_SerialSTD_20_ComDetect_SAG_ETGOIT_HM" ("hierchmessage_7544"/"queue_13"):
Request Successful!02-10 22:14:29
Request Successful!02-10 22:17:31
Request Successful!02-10 22:20:33
Request Successful!02-10 22:23:35
Request Successful!02-10 22:26:36
New alert more than 5 minutes! See details below: 
CRITICAL
for 5m 26s
Check size of queue "LQ.C2K.FROM.RIEGE on "QM.SWORD"
on
MQM Server Production
CRITICAL - Queue depth exceeding critical limit
Request Successful!02-10 22:29:48
Request Successful!02-10 22:32:50
Request Successful!02-10 22:35:52
Request Successful!02-10 22:38:53
Request Successful!02-10 22:41:55
Request Successful!02-10 22:44:57
Request Successful!02-10 22:47:59
Request Successful!02-10 22:51:01
Request Successful!02-10 22:54:03
Request Successful!02-10 22:57:05
New alert more than 5 minutes! See details below: 
CRITICAL
for 5m 54s
Check size of queue "LQ.C2K.FROM.RIEGE on "QM.SWORD"
on
MQM Server Production
CRITICAL - Queue depth exceeding critical limit
Request Successful!02-10 23:00:17
Request Successful!02-10 23:03:19
Request Successful!02-10 23:06:20
Request Successful!02-10 23:09:22
Request Successful!02-10 23:12:23
