Request Successful!02-03 15:53:51
Request Successful!02-03 15:56:53
Request Successful!02-03 15:59:54
Request Successful!02-03 16:02:56
Request Successful!02-03 16:05:57
Request Successful!02-03 16:08:58
Request Successful!02-03 16:12:00
Request Successful!02-03 16:15:01
Request Successful!02-03 16:18:03
Request Successful!02-03 16:21:04
Request Successful!02-03 16:24:06
Request Successful!02-03 16:27:07
Request Successful!02-03 16:30:08
Request Successful!02-03 16:33:10
Request Successful!02-03 16:36:11
Request Successful!02-03 16:39:13
Request Successful!02-03 16:42:14
Request Successful!02-03 16:45:16
Request Successful!02-03 16:48:17
Request Successful!02-03 16:51:19
Request Successful!02-03 16:54:20
Request Successful!02-03 16:57:22
Request Successful!02-03 17:00:25
Request Successful!02-03 17:03:27
Request Successful!02-03 17:06:28
Request Successful!02-03 17:09:30
Request Successful!02-03 17:12:31
Request Successful!02-03 17:15:33
Request Successful!02-03 17:18:34
Request Successful!02-03 17:21:35
Request Successful!02-03 17:24:37
Request Successful!02-03 17:27:38
Request Successful!02-03 17:30:40
Request Successful!02-03 17:33:41
Request Successful!02-03 17:36:43
Request Successful!02-03 17:39:44
Request Successful!02-03 17:42:46
New alert more than 5 minutes! See details below: 
CRITICAL
for 5m 37s
Checking for files in JMSClient error directories under /app/sword/schenker/jmsclients
on
Communication Server 1 Production
CRIT : 1 JMSClients with issues! Found a total of 2 files in todays (2025/02/03) error subdirectories.
Request Successful!02-03 17:45:59
Request Successful!02-03 17:49:00
Request Successful!02-03 17:52:02
Request Successful!02-03 17:55:03
Request Successful!02-03 17:58:05
Request Successful!02-03 18:01:06
Request Successful!02-03 18:04:08
Request Successful!02-03 18:07:09
Request Successful!02-03 18:10:11
Request Successful!02-03 18:13:12
Request Successful!02-03 18:16:14
Request Successful!02-03 18:19:15
Request Successful!02-03 18:22:16
Request Successful!02-03 18:25:18
Request Successful!02-03 18:28:20
Request Successful!02-03 18:31:22
Request Successful!02-03 18:34:24
Request Successful!02-03 18:37:26
Request Successful!02-03 18:40:27
Request Successful!02-03 18:43:29
Request Successful!02-03 18:46:31
Request Successful!02-03 18:49:33
New alert more than 5 minutes! See details below: 
CRITICAL
for 4m 43s
Check size of queue "LQ.SDAG.IFTSTA on "QM.SWORD"
on
MQM Server Production
CRITICAL - Queue depth exceeding critical limit
Request Successful!02-03 18:52:45
Request Successful!02-03 18:55:47
Request Successful!02-03 18:58:49
Request Successful!02-03 19:01:51
Request Successful!02-03 19:04:52
Request Successful!02-03 19:07:54
Request Successful!02-03 19:10:56
Request Successful!02-03 19:13:57
Request Successful!02-03 19:16:59
Request Successful!02-03 19:20:01
Request Successful!02-03 19:23:03
Request Successful!02-03 19:26:04
Request Successful!02-03 19:29:06
Request Successful!02-03 19:32:07
Request Successful!02-03 19:35:09
Request Successful!02-03 19:38:11
Request Successful!02-03 19:41:12
Request Successful!02-03 19:44:14
Request Successful!02-03 19:47:16
Request Successful!02-03 19:50:18
Request Successful!02-03 19:53:19
Request Successful!02-03 19:56:21
Request Successful!02-03 19:59:23
Request Successful!02-03 20:02:25
Request Successful!02-03 20:05:27
Request Successful!02-03 20:08:29
Request Successful!02-03 20:11:30
Request Successful!02-03 20:14:32
Request Successful!02-03 20:17:33
Request Successful!02-03 20:20:35
Request Successful!02-03 20:23:36
Request Successful!02-03 20:26:38
Request Successful!02-03 20:29:40
Request Successful!02-03 20:32:41
New alert more than 5 minutes! See details below: 
CRITICAL
for 5m 19s
JMS Clients Connected
on
Communication Server 1 Production
CRITICAL - Following JMS clients are with errors:
Request Successful!02-03 20:35:54
Request Successful!02-03 20:38:56
Request Successful!02-03 20:41:58
Request Successful!02-03 20:44:59
Request Successful!02-03 20:48:01
Request Successful!02-03 20:51:02
Request Successful!02-03 20:54:04
Request Successful!02-03 20:57:07
Request Successful!02-03 21:00:09
Request Successful!02-03 21:03:11
Request Successful!02-03 21:06:13
New alert more than 5 minutes! See details below: 
CRITICAL
for 3m 12s
Soft 1/2
Check Queue Commit History script set for issues.
on
B2Bi Application Server - Stream 1C
CRIT : Number of current QCH process (109) too high! Please check. Aborting further QCH checks.
Request Successful!02-03 21:09:24
Request Successful!02-03 21:12:26
Request Successful!02-03 21:15:28
Request Successful!02-03 21:18:29
New alert more than 5 minutes! See details below: 
CRITICAL
for 3m 56s
B2Bi queue health: "B2Bi CI HME - PROD_Framework_Parallel_001.Z_Local_402_Serial_Out_40_DynamicEnveloping:INHOUSE_3_SAG_ETGOIT_HM"
on
B2Bi Application Server - Stream 1B
CRITICAL - Queue "B2Bi CI HME - PROD_Framework_Parallel_001.Z_Local_402_Serial_Out_40_DynamicEnveloping:INHOUSE_3_SAG_ETGOIT_HM" ("hierchmessage_11215"/"queue_13"):
Request Successful!02-03 21:21:42
Request Successful!02-03 21:24:43
Request Successful!02-03 21:27:45
Request Successful!02-03 21:30:46
Request Successful!02-03 21:33:48
Request Successful!02-03 21:36:50
Request Successful!02-03 21:39:51
Request Successful!02-03 21:42:53
Request Successful!02-03 21:45:55
Request Successful!02-03 21:48:56
Request Successful!02-03 21:51:58
Request Successful!02-03 21:54:59
Request Successful!02-03 21:58:01
Request Successful!02-03 22:01:03
Request Successful!02-03 22:04:04
Request Successful!02-03 22:07:06
Request Successful!02-03 22:10:07
Request Successful!02-03 22:13:09
Request Successful!02-03 22:16:10
Request Successful!02-03 22:19:12
Request Successful!02-03 22:22:13
Request Successful!02-03 22:25:15
Request Successful!02-03 22:28:16
Request Successful!02-03 22:31:18
Request Successful!02-03 22:34:19
Request Successful!02-03 22:37:21
Request Successful!02-03 22:40:22
Request Successful!02-03 22:43:24
Request Successful!02-03 22:46:25
Request Successful!02-03 22:49:26
Request Successful!02-03 22:52:28
Request Successful!02-03 22:55:29
Request Successful!02-03 22:58:31
Request Successful!02-03 23:01:33
Request Successful!02-03 23:04:34
Request Successful!02-03 23:07:36
New alert more than 5 minutes! See details below: 
CRITICAL
for 3m 40s
B2Bi queue health: "B2Bi CI HME - PROD_Framework_Parallel_001.Z_Local_402_Serial_Out_40_DynamicEnveloping:INHOUSE_3_SAG_ETGOIT_HM"
on
B2Bi Application Server - Stream 1B
CRITICAL - Queue "B2Bi CI HME - PROD_Framework_Parallel_001.Z_Local_402_Serial_Out_40_DynamicEnveloping:INHOUSE_3_SAG_ETGOIT_HM" ("hierchmessage_11215"/"queue_13"):
Request Successful!02-03 23:10:47
New alert more than 5 minutes! See details below: 
CRITICAL
for 6m 52s
B2Bi queue health: "B2Bi CI HME - PROD_Framework_Parallel_001.Z_Local_402_Serial_Out_40_DynamicEnveloping:INHOUSE_3_SAG_ETGOIT_HM"
on
B2Bi Application Server - Stream 1B
CRITICAL - Queue "B2Bi CI HME - PROD_Framework_Parallel_001.Z_Local_402_Serial_Out_40_DynamicEnveloping:INHOUSE_3_SAG_ETGOIT_HM" ("hierchmessage_11215"/"queue_13"):
Request Successful!02-03 23:13:59
Request Successful!02-03 23:17:01
Request Successful!02-03 23:20:02
Request Successful!02-03 23:23:04
