Request Successful!03-06 16:06:00
Request Successful!03-06 16:07:02
Request Successful!03-06 16:08:04
Request Successful!03-06 16:09:06
Request Successful!03-06 16:10:07
Request Successful!03-06 16:11:09
Request Successful!03-06 16:12:11
New alert more than 5 minutes! See details below: 
CRITICAL
for 1m 47s
Soft 1/2
B2Bi queue health: "B2Bi CI HME - PROD_Framework_Parallel_001.101_Parallel_Inb_A00_SetBDIDafterInbound_HM"
on
B2Bi Application Server - Stream 3C (Multicluster)
CRITICAL - Queue "B2Bi CI HME - PROD_Framework_Parallel_001.101_Parallel_Inb_A00_SetBDIDafterInbound_HM" ("hierchmessage_9955"/"queue_16"):
Request Successful!03-06 16:13:25
Request Successful!03-06 16:14:30
Request Successful!03-06 16:15:32
Request Successful!03-06 16:16:33
Request Successful!03-06 16:17:35
Request Successful!03-06 16:18:37
Request Successful!03-06 16:19:39
Request Successful!03-06 16:20:41
Request Successful!03-06 16:21:43
Request Successful!03-06 16:22:45
Request Successful!03-06 16:23:46
Request Successful!03-06 16:24:48
Request Successful!03-06 16:25:50
Request Successful!03-06 16:26:51
Request Successful!03-06 16:27:53
Request Successful!03-06 16:28:55
Request Successful!03-06 16:29:56
Request Successful!03-06 16:30:58
Request Successful!03-06 16:32:00
Request Successful!03-06 16:33:02
Request Successful!03-06 16:34:03
New alert more than 5 minutes! See details below: 
CRITICAL
for 1m 16s
Soft 1/2
B2Bi queue health: "B2Bi Logger 12"
on
B2Bi Application Server - Stream 3D (Multicluster)
CRITICAL - Queue "B2Bi Logger 12" ("logger_1032"/"queue_16"):
Request Successful!03-06 16:35:14
Request Successful!03-06 16:36:16
Request Successful!03-06 16:37:17
Request Successful!03-06 16:38:19
Request Successful!03-06 16:39:20
Request Successful!03-06 16:40:22
Request Successful!03-06 16:41:24
Request Successful!03-06 16:42:25
Request Successful!03-06 16:43:27
Request Successful!03-06 16:44:29
Request Successful!03-06 16:45:31
Request Successful!03-06 16:46:32
Request Successful!03-06 16:47:34
Request Successful!03-06 16:48:35
Request Successful!03-06 16:49:37
Request Successful!03-06 16:50:38
Request Successful!03-06 16:51:40
Request Successful!03-06 16:52:41
Request Successful!03-06 16:53:43
Request Successful!03-06 16:54:44
Request Successful!03-06 16:55:46
Request Successful!03-06 16:56:47
Request Successful!03-06 16:57:49
Request Successful!03-06 16:58:50
Request Successful!03-06 16:59:52
Request Successful!03-06 17:00:53
Request Successful!03-06 17:01:55
Request Successful!03-06 17:02:57
Request Successful!03-06 17:03:58
Request Successful!03-06 17:05:00
Request Successful!03-06 17:06:02
Request Successful!03-06 17:07:03
Request Successful!03-06 17:08:05
Request Successful!03-06 17:09:06
Request Successful!03-06 17:10:08
Request Successful!03-06 17:11:09
Request Successful!03-06 17:12:11
Request Successful!03-06 17:13:12
Request Successful!03-06 17:14:14
Request Successful!03-06 17:15:15
Request Successful!03-06 17:16:17
Request Successful!03-06 17:17:18
Request Successful!03-06 17:18:20
Request Successful!03-06 17:19:21
Request Successful!03-06 17:20:23
Request Successful!03-06 17:21:25
Request Successful!03-06 17:22:26
Request Successful!03-06 17:23:28
Request Successful!03-06 17:24:29
Request Successful!03-06 17:25:31
Request Successful!03-06 17:26:33
Request Successful!03-06 17:27:34
Request Successful!03-06 17:28:36
Request Successful!03-06 17:29:37
Request Successful!03-06 17:30:39
Request Successful!03-06 17:31:40
Request Successful!03-06 17:32:42
Request Successful!03-06 17:33:43
Request Successful!03-06 17:34:45
Request Successful!03-06 17:35:47
Request Successful!03-06 17:36:48
Request Successful!03-06 17:37:50
Request Successful!03-06 17:38:52
Request Successful!03-06 17:39:53
Request Successful!03-06 17:40:55
New alert more than 5 minutes! See details below: 
CRITICAL
for 1m 22s
Soft 1/2
B2Bi queue health: "B2Bi CI HME - PROD_Framework_Parallel_001.101_Parallel_Out_40_X12OUT_ANSIX12_HM"
on
B2Bi Application Server - Stream 2B (Multicluster - VIP)
CRITICAL - Queue "B2Bi CI HME - PROD_Framework_Parallel_001.101_Parallel_Out_40_X12OUT_ANSIX12_HM" ("hierchmessage_2634"/"queue_16"):
Request Successful!03-06 17:42:07
Request Successful!03-06 17:43:09
Request Successful!03-06 17:44:11
Request Successful!03-06 17:45:12
Request Successful!03-06 17:46:14
Request Successful!03-06 17:47:15
Request Successful!03-06 17:48:17
Request Successful!03-06 17:49:18
Request Successful!03-06 17:50:20
Request Successful!03-06 17:51:21
Request Successful!03-06 17:52:23
Request Successful!03-06 17:53:25
Request Successful!03-06 17:54:26
Request Successful!03-06 17:55:28
Request Successful!03-06 17:56:30
Request Successful!03-06 17:57:32
Request Successful!03-06 17:58:33
New alert more than 5 minutes! See details below: 
CRITICAL
for 1m 49s
B2Bi queue health: "B2Bi CI HME - PROD_Framework_Parallel_001.Z_Local_402_Serial_Out_20_InhouseEnveloper(Inhouse)_4_SAG_ETGOIT_HM"
on
B2Bi Application Server - Stream 1B
CRITICAL - Queue "B2Bi CI HME - PROD_Framework_Parallel_001.Z_Local_402_Serial_Out_20_InhouseEnveloper(Inhouse)_4_SAG_ETGOIT_HM" ("hierchmessage_11217"/"queue_13"):
Request Successful!03-06 17:59:45
Request Successful!03-06 18:00:47
Request Successful!03-06 18:01:48
Request Successful!03-06 18:02:50
Request Successful!03-06 18:03:52
Request Successful!03-06 18:04:53
Request Successful!03-06 18:05:55
Request Successful!03-06 18:06:57
Request Successful!03-06 18:07:58
Request Successful!03-06 18:09:00
Request Successful!03-06 18:10:02
Request Successful!03-06 18:11:04
Request Successful!03-06 18:12:05
Request Successful!03-06 18:13:07
Request Successful!03-06 18:14:08
New alert more than 5 minutes! See details below: 
CRITICAL
for 1m 9s
Soft 1/2
B2Bi queue health: "B2Bi Logger 14"
on
B2Bi Application Server - Stream 1C
CRITICAL - Queue "B2Bi Logger 14" ("logger_1573"/"queue_13"):
Request Successful!03-06 18:15:20
Request Successful!03-06 18:16:21
Request Successful!03-06 18:17:23
New alert more than 5 minutes! See details below: 
CRITICAL
for 1m 3s
Soft 1/2
Checks if all B2Bi programs from starter.map are up. BLADE versions.
on
bladeprdapp1.sl3.comp.db.de
295 B2Bi prog(s) not running!
Request Successful!03-06 18:18:34
New alert more than 5 minutes! See details below: 
CRITICAL
for 1m 34s
Soft 1/2
B2Bi queue health: "B2Bi Logger 13"
on
B2Bi Application Server - Stream 2B (Multicluster - VIP)
CRITICAL - Queue "B2Bi Logger 13" ("logger_1034"/"queue_16"):
Request Successful!03-06 18:19:46
Request Successful!03-06 18:20:48
Request Successful!03-06 18:21:49
Request Successful!03-06 18:22:51
Request Successful!03-06 18:23:52
Request Successful!03-06 18:24:54
Request Successful!03-06 18:25:56
Request Successful!03-06 18:26:57
Request Successful!03-06 18:27:59
Request Successful!03-06 18:29:00
Request Successful!03-06 18:30:02
Request Successful!03-06 18:31:03
Request Successful!03-06 18:32:05
Request Successful!03-06 18:33:06
Request Successful!03-06 18:34:08
Request Successful!03-06 18:35:09
Request Successful!03-06 18:36:10
Request Successful!03-06 18:37:12
Request Successful!03-06 18:38:13
Request Successful!03-06 18:39:15
Request Successful!03-06 18:40:16
Request Successful!03-06 18:41:18
Request Successful!03-06 18:42:19
Request Successful!03-06 18:43:21
Request Successful!03-06 18:44:22
Request Successful!03-06 18:45:24
Request Successful!03-06 18:46:25
Request Successful!03-06 18:47:27
Request Successful!03-06 18:48:28
Request Successful!03-06 18:49:30
Request Successful!03-06 18:50:31
Request Successful!03-06 18:51:33
Request Successful!03-06 18:52:35
Request Successful!03-06 18:53:36
Request Successful!03-06 18:54:38
Request Successful!03-06 18:55:39
Request Successful!03-06 18:56:41
Request Successful!03-06 18:57:42
Request Successful!03-06 18:58:44
Request Successful!03-06 18:59:45
Request Successful!03-06 19:00:47
Request Successful!03-06 19:01:48
Request Successful!03-06 19:02:50
Request Successful!03-06 19:03:51
Request Successful!03-06 19:04:53
Request Successful!03-06 19:05:54
Request Successful!03-06 19:06:56
Request Successful!03-06 19:07:57
Request Successful!03-06 19:08:59
Request Successful!03-06 19:10:00
Request Successful!03-06 19:11:02
Request Successful!03-06 19:12:03
Request Successful!03-06 19:13:05
Request Successful!03-06 19:14:06
Request Successful!03-06 19:15:08
Request Successful!03-06 19:16:09
Request Successful!03-06 19:17:11
Request Successful!03-06 19:18:12
Request Successful!03-06 19:19:14
Request Successful!03-06 19:20:16
Request Successful!03-06 19:21:17
Request Successful!03-06 19:22:19
Request Successful!03-06 19:23:21
Request Successful!03-06 19:24:22
Request Successful!03-06 19:25:24
Request Successful!03-06 19:26:25
Request Successful!03-06 19:27:26
Request Successful!03-06 19:28:28
Request Successful!03-06 19:29:30
New alert more than 5 minutes! See details below: 
CRITICAL
for 1m 14s
Soft 1/2
B2Bi queue health: "B2Bi CI HME - PROD_FrameworkEMAIL.005_EMAIL_20_ComDetect_HM"
on
B2Bi Application Server - Stream 1A
CRITICAL - Queue "B2Bi CI HME - PROD_FrameworkEMAIL.005_EMAIL_20_ComDetect_HM" ("hierchmessage_1880"/"queue_13"):
New alert more than 5 minutes! See details below: 
CRITICAL
for 1m 31s
Soft 1/2
B2Bi queue health: "B2Bi Logger 14"
on
B2Bi Application Server - Stream 1A
CRITICAL - Queue "B2Bi Logger 14" ("logger_12482"/"queue_13"):
Request Successful!03-06 19:30:51
Request Successful!03-06 19:31:53
Request Successful!03-06 19:32:55
Request Successful!03-06 19:33:56
Request Successful!03-06 19:34:58
Request Successful!03-06 19:36:01
Request Successful!03-06 19:37:03
Request Successful!03-06 19:38:04
Request Successful!03-06 19:39:06
Request Successful!03-06 19:40:07
Request Successful!03-06 19:41:09
Request Successful!03-06 19:42:11
Request Successful!03-06 19:43:12
Request Successful!03-06 19:44:14
Request Successful!03-06 19:45:16
Request Successful!03-06 19:46:18
New alert more than 5 minutes! See details below: 
CRITICAL
for 1m 20s
B2Bi queue health: "B2Bi CI HME - PROD_Framework_Parallel_001.Z_Local_402_Serial_Out_20_InhouseEnveloper(Inhouse)_4_SAG_ETGOIT_HM"
on
B2Bi Application Server - Stream 1B
CRITICAL - Queue "B2Bi CI HME - PROD_Framework_Parallel_001.Z_Local_402_Serial_Out_20_InhouseEnveloper(Inhouse)_4_SAG_ETGOIT_HM" ("hierchmessage_11217"/"queue_13"):
Request Successful!03-06 19:47:29
New alert more than 5 minutes! See details below: 
CRITICAL
for 2m 32s
B2Bi queue health: "B2Bi CI HME - PROD_Framework_Parallel_001.Z_Local_402_Serial_Out_20_InhouseEnveloper(Inhouse)_4_SAG_ETGOIT_HM"
on
B2Bi Application Server - Stream 1B
CRITICAL - Queue "B2Bi CI HME - PROD_Framework_Parallel_001.Z_Local_402_Serial_Out_20_InhouseEnveloper(Inhouse)_4_SAG_ETGOIT_HM" ("hierchmessage_11217"/"queue_13"):
Request Successful!03-06 19:48:42
Request Successful!03-06 19:49:44
Request Successful!03-06 19:50:45
Request Successful!03-06 19:51:47
Request Successful!03-06 19:52:49
Request Successful!03-06 19:53:50
Request Successful!03-06 19:54:52
Request Successful!03-06 19:55:54
Request Successful!03-06 19:56:55
Request Successful!03-06 19:57:57
Request Successful!03-06 19:58:59
New alert more than 5 minutes! See details below: 
CRITICAL
for 1m 32s
Soft 1/2
B2Bi queue health: "B2Bi CI HME - PROD_Framework_Parallel_001.SEND_SendMessageToB2BIRemote_1C_sequential_HM"
on
B2Bi Application Server - Stream 3A (Multicluster)
CRITICAL - Queue "B2Bi CI HME - PROD_Framework_Parallel_001.SEND_SendMessageToB2BIRemote_1C_sequential_HM" ("hierchmessage_10403"/"queue_16"):
Request Successful!03-06 20:00:11
Request Successful!03-06 20:01:13
Request Successful!03-06 20:02:15
Request Successful!03-06 20:03:16
Request Successful!03-06 20:04:18
Request Successful!03-06 20:05:20
Request Successful!03-06 20:06:21
Request Successful!03-06 20:07:23
Request Successful!03-06 20:08:25
Request Successful!03-06 20:09:26
Request Successful!03-06 20:10:28
Request Successful!03-06 20:11:30
Request Successful!03-06 20:12:32
Request Successful!03-06 20:13:33
New alert more than 5 minutes! See details below: 
CRITICAL
for 1m 6s
Soft 1/2
B2Bi queue health: "B2Bi Logger 14"
on
B2Bi Application Server - Stream 3B (Multicluster)
CRITICAL - Queue "B2Bi Logger 14" ("logger_1036"/"queue_16"):
Request Successful!03-06 20:14:45
Request Successful!03-06 20:15:47
Request Successful!03-06 20:16:48
Request Successful!03-06 20:17:50
Request Successful!03-06 20:18:52
Request Successful!03-06 20:19:53
Request Successful!03-06 20:20:55
Request Successful!03-06 20:21:57
Request Successful!03-06 20:22:58
Request Successful!03-06 20:24:00
Request Successful!03-06 20:25:02
Request Successful!03-06 20:26:03
Request Successful!03-06 20:27:05
Request Successful!03-06 20:28:06
Request Successful!03-06 20:29:08
Request Successful!03-06 20:30:10
Request Successful!03-06 20:31:11
Request Successful!03-06 20:32:13
Request Successful!03-06 20:33:14
Request Successful!03-06 20:34:16
Request Successful!03-06 20:35:18
Request Successful!03-06 20:36:19
Request Successful!03-06 20:37:21
Request Successful!03-06 20:38:22
Request Successful!03-06 20:39:24
Request Successful!03-06 20:40:25
Request Successful!03-06 20:41:27
Request Successful!03-06 20:42:28
Request Successful!03-06 20:43:30
Request Successful!03-06 20:44:32
Request Successful!03-06 20:45:34
Request Successful!03-06 20:46:35
Request Successful!03-06 20:47:37
Request Successful!03-06 20:48:38
Request Successful!03-06 20:49:40
Request Successful!03-06 20:50:41
Request Successful!03-06 20:51:43
Request Successful!03-06 20:52:44
Request Successful!03-06 20:53:46
Request Successful!03-06 20:54:47
Request Successful!03-06 20:55:49
Request Successful!03-06 20:56:50
Request Successful!03-06 20:57:52
Request Successful!03-06 20:58:53
Request Successful!03-06 20:59:55
Request Successful!03-06 21:00:56
Request Successful!03-06 21:01:58
New alert more than 5 minutes! See details below: 
CRITICAL
for 1m 45s
Soft 1/2
B2Bi queue health: "B2Bi Logger 18"
on
B2Bi Application Server - Stream 1A
CRITICAL - Queue "B2Bi Logger 18" ("logger_12490"/"queue_13"):
Request Successful!03-06 21:03:10
Request Successful!03-06 21:04:11
Request Successful!03-06 21:05:13
Request Successful!03-06 21:06:14
Request Successful!03-06 21:07:16
Request Successful!03-06 21:08:17
Request Successful!03-06 21:09:19
Request Successful!03-06 21:10:20
Request Successful!03-06 21:11:22
Request Successful!03-06 21:12:23
Request Successful!03-06 21:13:25
Request Successful!03-06 21:14:26
Request Successful!03-06 21:15:28
Request Successful!03-06 21:16:29
Request Successful!03-06 21:17:31
Request Successful!03-06 21:18:32
Request Successful!03-06 21:19:34
Request Successful!03-06 21:20:35
Request Successful!03-06 21:21:37
Request Successful!03-06 21:22:38
Request Successful!03-06 21:23:40
Request Successful!03-06 21:24:41
Request Successful!03-06 21:25:43
Request Successful!03-06 21:26:44
Request Successful!03-06 21:27:46
Request Successful!03-06 21:28:48
Request Successful!03-06 21:29:49
Request Successful!03-06 21:30:51
Request Successful!03-06 21:31:52
Request Successful!03-06 21:32:54
Request Successful!03-06 21:33:55
Request Successful!03-06 21:34:57
Request Successful!03-06 21:36:10
Request Successful!03-06 21:37:14
Request Successful!03-06 21:38:15
Request Successful!03-06 21:39:16
Request Successful!03-06 21:40:18
Request Successful!03-06 21:41:19
Request Successful!03-06 21:42:21
Request Successful!03-06 21:43:22
Request Successful!03-06 21:44:24
Request Successful!03-06 21:45:25
Request Successful!03-06 21:46:27
Request Successful!03-06 21:47:29
Request Successful!03-06 21:48:30
Request Successful!03-06 21:49:31
Request Successful!03-06 21:50:33
Request Successful!03-06 21:51:34
Request Successful!03-06 21:52:36
Request Successful!03-06 21:53:37
Request Successful!03-06 21:54:39
Request Successful!03-06 21:55:40
Request Successful!03-06 21:56:42
Request Successful!03-06 21:57:43
Request Successful!03-06 21:58:45
Request Successful!03-06 21:59:46
Request Successful!03-06 22:00:48
Request Successful!03-06 22:01:49
Request Successful!03-06 22:02:51
Request Successful!03-06 22:03:52
Request Successful!03-06 22:04:54
Request Successful!03-06 22:05:55
Request Successful!03-06 22:06:57
Request Successful!03-06 22:07:58
Request Successful!03-06 22:09:00
Request Successful!03-06 22:10:01
Request Successful!03-06 22:11:03
Request Successful!03-06 22:12:04
Request Successful!03-06 22:13:06
Request Successful!03-06 22:14:07
Request Successful!03-06 22:15:09
Request Successful!03-06 22:16:10
Request Successful!03-06 22:17:12
Request Successful!03-06 22:18:13
Request Successful!03-06 22:19:15
Request Successful!03-06 22:20:16
Request Successful!03-06 22:21:18
New alert more than 5 minutes! See details below: 
CRITICAL
for 1m 42s
Soft 1/2
B2Bi queue health: "B2Bi CI HME - PROD_Framework_Parallel_001.201_Serial_Dyn_10_ExecuteMasterDynMBC_HM"
on
B2Bi Application Server - Stream 1A
CRITICAL - Queue "B2Bi CI HME - PROD_Framework_Parallel_001.201_Serial_Dyn_10_ExecuteMasterDynMBC_HM" ("hierchmessage_2215"/"queue_13"):
Request Successful!03-06 22:22:30
Request Successful!03-06 22:23:32
Request Successful!03-06 22:24:33
Request Successful!03-06 22:25:35
Request Successful!03-06 22:26:36
Request Successful!03-06 22:27:38
Request Successful!03-06 22:28:40
Request Successful!03-06 22:29:41
Request Successful!03-06 22:30:43
New alert more than 5 minutes! See details below: 
CRITICAL
for 1m 57s
Soft 1/2
B2Bi queue health: "B2Bi CI HME - PROD_Framework_Parallel_001.402_SerialSTD_Out_10_FetchComm_HM"
on
B2Bi Application Server - Stream 1C
CRITICAL - Queue "B2Bi CI HME - PROD_Framework_Parallel_001.402_SerialSTD_Out_10_FetchComm_HM" ("hierchmessage_7355"/"queue_13"):
Request Successful!03-06 22:31:55
Request Successful!03-06 22:32:56
Request Successful!03-06 22:33:58
New alert more than 5 minutes! See details below: 
CRITICAL
for 1m 0s
Soft 1/2
B2Bi queue health: "B2Bi Logger 17"
on
B2Bi Application Server - Stream 3B (Multicluster)
CRITICAL - Queue "B2Bi Logger 17" ("logger_1042"/"queue_16"):
Request Successful!03-06 22:35:09
('Connection aborted.', ConnectionResetError(10054, '远程主机强迫关闭了一个现有的连接。', None, 10054, None))
Request Successful!03-06 22:37:16
Request Successful!03-06 22:38:18
Request Successful!03-06 22:39:19
Request Successful!03-06 22:40:21
Request Successful!03-06 22:41:23
Request Successful!03-06 22:42:24
Request Successful!03-06 22:43:25
Request Successful!03-06 22:44:27
Request Successful!03-06 22:45:29
Request Successful!03-06 22:46:30
Request Successful!03-06 22:47:32
Request Successful!03-06 22:48:33
Request Successful!03-06 22:49:35
Request Successful!03-06 22:50:36
Request Successful!03-06 22:51:38
Request Successful!03-06 22:52:39
Request Successful!03-06 22:53:41
Request Successful!03-06 22:54:42
Request Successful!03-06 22:55:44
Request Successful!03-06 22:56:46
Request Successful!03-06 22:57:48
Request Successful!03-06 22:58:49
Request Successful!03-06 22:59:51
Request Successful!03-06 23:00:52
Request Successful!03-06 23:01:54
Request Successful!03-06 23:02:55
