Request Successful!02-17 17:54:17
Request Successful!02-17 17:57:19
Request Successful!02-17 18:00:20
Request Successful!02-17 18:03:22
Request Successful!02-17 18:06:24
Request Successful!02-17 18:09:26
Request Successful!02-17 18:12:28
Request Successful!02-17 18:15:29
Request Successful!02-17 18:18:31
Request Successful!02-17 18:21:33
Request Successful!02-17 18:24:34
Request Successful!02-17 18:27:37
Request Successful!02-17 18:30:39
Request Successful!02-17 18:33:40
Request Successful!02-17 18:36:43
Request Successful!02-17 18:39:44
Request Successful!02-17 18:42:46
Request Successful!02-17 18:45:48
Request Successful!02-17 18:48:49
Request Successful!02-17 18:51:51
Request Successful!02-17 18:54:53
Request Successful!02-17 18:57:55
Request Successful!02-17 19:00:57
Request Successful!02-17 19:03:59
Request Successful!02-17 19:07:01
Request Successful!02-17 19:10:03
Request Successful!02-17 19:13:05
Request Successful!02-17 19:16:06
Request Successful!02-17 19:19:08
Request Successful!02-17 19:22:10
Request Successful!02-17 19:25:12
Request Successful!02-17 19:28:14
Request Successful!02-17 19:31:15
Request Successful!02-17 19:34:17
Request Successful!02-17 19:37:19
Request Successful!02-17 19:40:21
Request Successful!02-17 19:43:23
Request Successful!02-17 19:46:25
Request Successful!02-17 19:49:27
Request Successful!02-17 19:52:29
Request Successful!02-17 19:55:31
Request Successful!02-17 19:58:33
Request Successful!02-17 20:01:34
New alert more than 5 minutes! See details below: 
CRITICAL
for 4m 58s
Check size of queue "LQ.C2K.FROM.RIEGE on "QM.SWORD"
on
MQM Server Production
CRITICAL - Queue depth exceeding critical limit
Request Successful!02-17 20:04:46
Request Successful!02-17 20:07:48
Request Successful!02-17 20:10:50
Request Successful!02-17 20:13:51
Request Successful!02-17 20:16:53
Request Successful!02-17 20:19:55
Request Successful!02-17 20:22:58
Request Successful!02-17 20:25:59
Request Successful!02-17 20:29:01
Request Successful!02-17 20:32:02
Request Successful!02-17 20:35:04
Request Successful!02-17 20:38:06
Request Successful!02-17 20:41:08
Request Successful!02-17 20:44:10
Request Successful!02-17 20:47:12
Request Successful!02-17 20:50:13
Request Successful!02-17 20:53:15
Request Successful!02-17 20:56:18
Request Successful!02-17 20:59:20
Request Successful!02-17 21:02:32
Request Successful!02-17 21:05:34
Request Successful!02-17 21:08:36
Request Successful!02-17 21:11:38
Request Successful!02-17 21:14:39
Request Successful!02-17 21:17:42
Request Successful!02-17 21:20:44
Request Successful!02-17 21:23:45
Request Successful!02-17 21:26:47
Request Successful!02-17 21:29:49
Request Successful!02-17 21:32:51
Request Successful!02-17 21:35:52
Request Successful!02-17 21:38:54
Request Successful!02-17 21:41:56
Request Successful!02-17 21:44:58
Request Successful!02-17 21:47:59
Request Successful!02-17 21:51:01
Request Successful!02-17 21:54:03
Request Successful!02-17 21:57:04
Request Successful!02-17 22:00:06
Request Successful!02-17 22:03:08
Request Successful!02-17 22:06:10
Request Successful!02-17 22:09:11
Request Successful!02-17 22:12:13
Request Successful!02-17 22:15:15
Request Successful!02-17 22:18:16
Request Successful!02-17 22:21:18
Request Successful!02-17 22:24:20
Request Successful!02-17 22:27:24
Request Successful!02-17 22:30:26
Request Successful!02-17 22:33:27
Request Successful!02-17 22:36:29
Request Successful!02-17 22:39:31
Request Successful!02-17 22:42:32
Request Successful!02-17 22:45:34
Request Successful!02-17 22:48:36
Request Successful!02-17 22:51:41
Request Successful!02-17 22:54:42
Request Successful!02-17 22:57:44
Request Successful!02-17 23:00:45
Request Successful!02-17 23:03:47
Request Successful!02-17 23:06:49
Request Successful!02-17 23:09:50
Request Successful!02-17 23:12:51
Request Successful!02-17 23:15:53
Request Successful!02-17 23:18:54
Request Successful!02-17 23:21:56
Request Successful!02-17 23:24:59
