Request Successful!06-05 15:05:17
Request Successful!06-05 15:06:21
Request Successful!06-05 15:07:23
Request Successful!06-05 15:08:26
Request Successful!06-05 15:09:29
Request Successful!06-05 15:10:31
Request Successful!06-05 15:11:35
Request Successful!06-05 15:12:37
Request Successful!06-05 15:13:42
Request Successful!06-05 15:14:46
Request Successful!06-05 15:15:49
Request Successful!06-05 15:16:51
Request Successful!06-05 15:17:53
Request Successful!06-05 15:18:55
Request Successful!06-05 15:19:57
Request Successful!06-05 15:20:59
Request Successful!06-05 15:22:00
Request Successful!06-05 15:23:02
Request Successful!06-05 15:24:05
Request Successful!06-05 15:25:10
Request Successful!06-05 15:26:13
Request Successful!06-05 15:27:16
Request Successful!06-05 15:28:18
Request Successful!06-05 15:29:20
Request Successful!06-05 15:30:22
Request Successful!06-05 15:31:26
Request Successful!06-05 15:32:33
Request Successful!06-05 15:33:36
Request Successful!06-05 15:34:38
Request Successful!06-05 15:35:41
Request Successful!06-05 15:36:46
New alert more than 5 minutes! See details below: 
CRITICAL
for 3m 40s
Query DB611 for messages in QueuedProduction state
on
b2biprddb3.sl3.comp.db.de
CRIT : 1C : 26 messages (older than 30 minutes) in QueuedProduction state : CRITICAL threshold (25) exceeded!
Request Successful!06-05 15:37:59
New alert more than 5 minutes! See details below: 
CRITICAL
for 4m 55s
Query DB611 for messages in QueuedProduction state
on
b2biprddb3.sl3.comp.db.de
CRIT : 1C : 26 messages (older than 30 minutes) in QueuedProduction state : CRITICAL threshold (25) exceeded!
Request Successful!06-05 15:39:12
New alert more than 5 minutes! See details below: 
CRITICAL
for 6m 8s
Query DB611 for messages in QueuedProduction state
on
b2biprddb3.sl3.comp.db.de
CRIT : 1C : 26 messages (older than 30 minutes) in QueuedProduction state : CRITICAL threshold (25) exceeded!
Request Successful!06-05 15:40:27
Request Successful!06-05 15:41:30
Request Successful!06-05 15:42:34
Request Successful!06-05 15:43:37
Request Successful!06-05 15:44:40
Request Successful!06-05 15:45:43
Request Successful!06-05 15:46:47
Request Successful!06-05 15:47:52
Request Successful!06-05 15:48:55
Request Successful!06-05 15:49:58
Request Successful!06-05 15:51:01
Request Successful!06-05 15:52:04
Request Successful!06-05 15:53:07
Request Successful!06-05 15:54:10
Request Successful!06-05 15:55:13
Request Successful!06-05 15:56:16
Request Successful!06-05 15:57:18
Request Successful!06-05 15:58:22
Request Successful!06-05 15:59:25
Request Successful!06-05 16:00:31
Request Successful!06-05 16:01:33
Request Successful!06-05 16:02:36
Request Successful!06-05 16:03:39
Request Successful!06-05 16:04:42
Request Successful!06-05 16:05:44
Request Successful!06-05 16:06:47
Request Successful!06-05 16:07:50
Request Successful!06-05 16:08:52
Request Successful!06-05 16:09:56
Request Successful!06-05 16:10:58
Request Successful!06-05 16:12:03
Request Successful!06-05 16:13:05
Request Successful!06-05 16:14:09
Request Successful!06-05 16:15:12
Request Successful!06-05 16:16:15
Request Successful!06-05 16:17:17
Request Successful!06-05 16:18:19
Request Successful!06-05 16:19:22
Request Successful!06-05 16:20:23
Request Successful!06-05 16:21:25
Request Successful!06-05 16:22:27
Request Successful!06-05 16:23:29
Request Successful!06-05 16:24:31
Request Successful!06-05 16:25:33
Request Successful!06-05 16:26:35
Request Successful!06-05 16:27:37
Request Successful!06-05 16:28:39
Request Successful!06-05 16:29:41
Request Successful!06-05 16:30:43
Request Successful!06-05 16:31:45
Request Successful!06-05 16:32:47
Request Successful!06-05 16:33:50
Request Successful!06-05 16:34:52
Request Successful!06-05 16:35:55
Request Successful!06-05 16:36:58
Request Successful!06-05 16:38:01
Request Successful!06-05 16:39:03
Request Successful!06-05 16:40:06
Request Successful!06-05 16:41:08
Request Successful!06-05 16:42:11
Request Successful!06-05 16:43:13
Request Successful!06-05 16:44:16
Request Successful!06-05 16:45:19
Request Successful!06-05 16:46:21
Request Successful!06-05 16:47:23
Request Successful!06-05 16:48:25
Request Successful!06-05 16:49:27
Request Successful!06-05 16:50:29
New alert more than 5 minutes! See details below: 
CRITICAL
for 3m 1s
Check that ElasticSearch Indexer logfile got recent 'success' entries.
on
b2biprdweb1.sl3.comp.db.de
CRITICAL : grepping /app/sword/schenker/ESIndexer/logs/esindexer.log.0 for BG_ADD and Success didn't provide any results!
Request Successful!06-05 16:51:41
New alert more than 5 minutes! See details below: 
CRITICAL
for 4m 13s
Check that ElasticSearch Indexer logfile got recent 'success' entries.
on
b2biprdweb1.sl3.comp.db.de
CRITICAL : grepping /app/sword/schenker/ESIndexer/logs/esindexer.log.0 for BG_ADD and Success didn't provide any results!
Request Successful!06-05 16:52:53
New alert more than 5 minutes! See details below: 
CRITICAL
for 5m 26s
Check that ElasticSearch Indexer logfile got recent 'success' entries.
on
b2biprdweb1.sl3.comp.db.de
CRITICAL : grepping /app/sword/schenker/ESIndexer/logs/esindexer.log.0 for BG_ADD and Success didn't provide any results!
Request Successful!06-05 16:54:06
New alert more than 5 minutes! See details below: 
CRITICAL
for 6m 38s
Check that ElasticSearch Indexer logfile got recent 'success' entries.
on
b2biprdweb1.sl3.comp.db.de
CRITICAL : grepping /app/sword/schenker/ESIndexer/logs/esindexer.log.0 for BG_ADD and Success didn't provide any results!
Request Successful!06-05 16:55:18
Request Successful!06-05 16:56:20
Request Successful!06-05 16:57:22
Request Successful!06-05 16:58:24
Request Successful!06-05 16:59:26
Request Successful!06-05 17:00:28
Request Successful!06-05 17:01:30
Request Successful!06-05 17:02:32
Request Successful!06-05 17:03:34
Request Successful!06-05 17:04:36
Request Successful!06-05 17:05:37
Request Successful!06-05 17:06:39
Request Successful!06-05 17:07:41
Request Successful!06-05 17:08:43
Request Successful!06-05 17:09:45
Request Successful!06-05 17:10:47
Request Successful!06-05 17:11:49
Request Successful!06-05 17:12:51
Request Successful!06-05 17:13:52
Request Successful!06-05 17:14:54
Request Successful!06-05 17:15:56
Request Successful!06-05 17:16:58
Request Successful!06-05 17:18:00
Request Successful!06-05 17:19:02
Request Successful!06-05 17:20:04
Request Successful!06-05 17:21:05
Request Successful!06-05 17:22:07
Request Successful!06-05 17:23:09
Request Successful!06-05 17:24:11
Request Successful!06-05 17:25:13
Request Successful!06-05 17:26:15
Request Successful!06-05 17:27:17
Request Successful!06-05 17:28:19
Request Successful!06-05 17:29:20
Request Successful!06-05 17:30:23
Request Successful!06-05 17:31:25
Request Successful!06-05 17:32:27
Request Successful!06-05 17:33:29
Request Successful!06-05 17:34:30
Request Successful!06-05 17:35:32
New alert more than 5 minutes! See details below: 
CRITICAL
for 3m 16s
Check that ElasticSearch Indexer logfile got recent 'success' entries.
on
b2biprdweb1.sl3.comp.db.de
CRITICAL : grepping /app/sword/schenker/ESIndexer/logs/esindexer.log.0 for BG_ADD and Success didn't provide any results!
Request Successful!06-05 17:36:46
New alert more than 5 minutes! See details below: 
CRITICAL
for 4m 29s
Check that ElasticSearch Indexer logfile got recent 'success' entries.
on
b2biprdweb1.sl3.comp.db.de
CRITICAL : grepping /app/sword/schenker/ESIndexer/logs/esindexer.log.0 for BG_ADD and Success didn't provide any results!
Request Successful!06-05 17:37:59
New alert more than 5 minutes! See details below: 
CRITICAL
for 5m 42s
Check that ElasticSearch Indexer logfile got recent 'success' entries.
on
b2biprdweb1.sl3.comp.db.de
CRITICAL : grepping /app/sword/schenker/ESIndexer/logs/esindexer.log.0 for BG_ADD and Success didn't provide any results!
Request Successful!06-05 17:39:11
New alert more than 5 minutes! See details below: 
CRITICAL
for 6m 55s
Check that ElasticSearch Indexer logfile got recent 'success' entries.
on
b2biprdweb1.sl3.comp.db.de
CRITICAL : grepping /app/sword/schenker/ESIndexer/logs/esindexer.log.0 for BG_ADD and Success didn't provide any results!
Request Successful!06-05 17:40:23
Request Successful!06-05 17:41:25
Request Successful!06-05 17:42:27
Request Successful!06-05 17:43:29
Request Successful!06-05 17:44:31
Request Successful!06-05 17:45:33
Request Successful!06-05 17:46:34
Request Successful!06-05 17:47:36
Request Successful!06-05 17:48:38
Request Successful!06-05 17:49:40
Request Successful!06-05 17:50:42
Request Successful!06-05 17:51:43
Request Successful!06-05 17:52:45
Request Successful!06-05 17:53:47
Request Successful!06-05 17:54:49
Request Successful!06-05 17:55:51
Request Successful!06-05 17:56:53
Request Successful!06-05 17:57:54
Request Successful!06-05 17:58:56
Request Successful!06-05 17:59:58
Request Successful!06-05 18:01:00
Request Successful!06-05 18:02:02
Request Successful!06-05 18:03:03
Request Successful!06-05 18:04:05
Request Successful!06-05 18:05:07
Request Successful!06-05 18:06:09
Request Successful!06-05 18:07:11
Request Successful!06-05 18:08:12
Request Successful!06-05 18:09:14
Request Successful!06-05 18:10:16
Request Successful!06-05 18:11:18
Request Successful!06-05 18:12:20
New alert more than 5 minutes! See details below: 
CRITICAL
for 3m 5s
Check size of queue "SCO.IN.P.0002.CC3 on "QM.TANGO"
on
MQM Server Production
CRITICAL - Queue depth exceeding critical limit
Request Successful!06-05 18:13:32
New alert more than 5 minutes! See details below: 
CRITICAL
for 4m 17s
Check size of queue "SCO.IN.P.0002.CC3 on "QM.TANGO"
on
MQM Server Production
CRITICAL - Queue depth exceeding critical limit
Request Successful!06-05 18:14:44
New alert more than 5 minutes! See details below: 
CRITICAL
for 5m 30s
Check size of queue "SCO.IN.P.0002.CC3 on "QM.TANGO"
on
MQM Server Production
CRITICAL - Queue depth exceeding critical limit
Request Successful!06-05 18:15:57
New alert more than 5 minutes! See details below: 
CRITICAL
for 6m 42s
Check size of queue "SCO.IN.P.0002.CC3 on "QM.TANGO"
on
MQM Server Production
CRITICAL - Queue depth exceeding critical limit
Request Successful!06-05 18:17:09
Request Successful!06-05 18:18:11
Request Successful!06-05 18:19:13
Request Successful!06-05 18:20:15
Request Successful!06-05 18:21:17
Request Successful!06-05 18:22:18
Request Successful!06-05 18:23:20
Request Successful!06-05 18:24:22
Request Successful!06-05 18:25:24
Request Successful!06-05 18:26:26
Request Successful!06-05 18:27:27
Request Successful!06-05 18:28:29
Request Successful!06-05 18:29:31
Request Successful!06-05 18:30:33
Request Successful!06-05 18:31:35
Request Successful!06-05 18:32:36
Request Successful!06-05 18:33:38
Request Successful!06-05 18:34:40
Request Successful!06-05 18:35:42
Request Successful!06-05 18:36:44
Request Successful!06-05 18:37:45
Request Successful!06-05 18:38:47
Request Successful!06-05 18:39:49
Request Successful!06-05 18:40:50
Request Successful!06-05 18:41:52
Request Successful!06-05 18:42:53
Request Successful!06-05 18:43:55
Request Successful!06-05 18:44:57
Request Successful!06-05 18:45:58
Request Successful!06-05 18:47:00
Request Successful!06-05 18:48:02
Request Successful!06-05 18:49:04
Request Successful!06-05 18:50:06
Request Successful!06-05 18:51:07
Request Successful!06-05 18:52:09
Request Successful!06-05 18:53:11
Request Successful!06-05 18:54:13
Request Successful!06-05 18:55:15
Request Successful!06-05 18:56:17
Request Successful!06-05 18:57:19
Request Successful!06-05 18:58:20
Request Successful!06-05 18:59:22
Request Successful!06-05 19:00:24
HTTPSConnectionPool(host='b2biprddep1.sl3.comp.db.de', port=443): Max retries exceeded with url: /icingaweb2/monitoring/list/services?service_problem=1&sort=service_severity&dir=desc (Caused by SSLError(SSLEOFError(8, '[SSL: UNEXPECTED_EOF_WHILE_READING] EOF occurred in violation of protocol (_ssl.c:1006)')))
Request Successful!06-05 19:02:32
Request Successful!06-05 19:03:33
Request Successful!06-05 19:04:35
Request Successful!06-05 19:05:37
Request Successful!06-05 19:06:39
Request Successful!06-05 19:07:40
Request Successful!06-05 19:08:43
Request Successful!06-05 19:09:45
Request Successful!06-05 19:10:48
Request Successful!06-05 19:11:51
Request Successful!06-05 19:12:53
Request Successful!06-05 19:13:56
Request Successful!06-05 19:14:58
Request Successful!06-05 19:16:00
Request Successful!06-05 19:17:02
Request Successful!06-05 19:18:04
Request Successful!06-05 19:19:06
Request Successful!06-05 19:20:08
Request Successful!06-05 19:21:10
Request Successful!06-05 19:22:12
Request Successful!06-05 19:23:14
Request Successful!06-05 19:24:16
Request Successful!06-05 19:25:18
Request Successful!06-05 19:26:20
Request Successful!06-05 19:27:23
Request Successful!06-05 19:28:24
Request Successful!06-05 19:29:26
Request Successful!06-05 19:30:28
Request Successful!06-05 19:31:30
Request Successful!06-05 19:32:32
Request Successful!06-05 19:33:34
Request Successful!06-05 19:34:36
Request Successful!06-05 19:35:37
Request Successful!06-05 19:36:39
Request Successful!06-05 19:37:41
Request Successful!06-05 19:38:43
Request Successful!06-05 19:39:45
Request Successful!06-05 19:40:47
Request Successful!06-05 19:41:49
Request Successful!06-05 19:42:52
Request Successful!06-05 19:43:54
Request Successful!06-05 19:44:56
Request Successful!06-05 19:45:58
Request Successful!06-05 19:47:01
Request Successful!06-05 19:48:03
Request Successful!06-05 19:49:05
Request Successful!06-05 19:50:08
Request Successful!06-05 19:51:10
Request Successful!06-05 19:52:12
Request Successful!06-05 19:53:15
Request Successful!06-05 19:54:17
Request Successful!06-05 19:55:19
Request Successful!06-05 19:56:21
Request Successful!06-05 19:57:23
Request Successful!06-05 19:58:26
Request Successful!06-05 19:59:28
Request Successful!06-05 20:00:29
Request Successful!06-05 20:01:31
Request Successful!06-05 20:02:33
Request Successful!06-05 20:03:34
Request Successful!06-05 20:04:36
Request Successful!06-05 20:05:37
Request Successful!06-05 20:06:39
Request Successful!06-05 20:07:41
Request Successful!06-05 20:08:42
Request Successful!06-05 20:09:44
Request Successful!06-05 20:10:46
Request Successful!06-05 20:11:47
Request Successful!06-05 20:12:49
Request Successful!06-05 20:13:51
Request Successful!06-05 20:14:52
Request Successful!06-05 20:15:54
Request Successful!06-05 20:16:55
Request Successful!06-05 20:17:57
Request Successful!06-05 20:18:59
Request Successful!06-05 20:20:00
Request Successful!06-05 20:21:02
Request Successful!06-05 20:22:04
Request Successful!06-05 20:23:05
Request Successful!06-05 20:24:07
Request Successful!06-05 20:25:09
Request Successful!06-05 20:26:11
Request Successful!06-05 20:27:12
Request Successful!06-05 20:28:14
Request Successful!06-05 20:29:16
Request Successful!06-05 20:30:17
Request Successful!06-05 20:31:19
Request Successful!06-05 20:32:21
Request Successful!06-05 20:33:22
Request Successful!06-05 20:34:24
Request Successful!06-05 20:35:26
Request Successful!06-05 20:36:27
Request Successful!06-05 20:37:29
Request Successful!06-05 20:38:31
Request Successful!06-05 20:39:33
Request Successful!06-05 20:40:34
Request Successful!06-05 20:41:36
Request Successful!06-05 20:42:38
Request Successful!06-05 20:43:40
Request Successful!06-05 20:44:42
Request Successful!06-05 20:45:43
Request Successful!06-05 20:46:45
Request Successful!06-05 20:47:46
Request Successful!06-05 20:48:48
New alert more than 5 minutes! See details below: 
CRITICAL
for 3m 1s
Check if we still can connect to ftp.sword.dbschenker.com using ftp.
on
b2biprdxsr7.sl3.comp.db.de
CRITICAL : No data received from host
Request Successful!06-05 20:50:00
New alert more than 5 minutes! See details below: 
CRITICAL
for 4m 13s
Check if we still can connect to ftp.sword.dbschenker.com using ftp.
on
b2biprdxsr7.sl3.comp.db.de
CRITICAL : No data received from host
Request Successful!06-05 20:51:12
Request Successful!06-05 20:52:14
Request Successful!06-05 20:53:16
Request Successful!06-05 20:54:18
Request Successful!06-05 20:55:20
Request Successful!06-05 20:56:21
Request Successful!06-05 20:57:23
Request Successful!06-05 20:58:26
Request Successful!06-05 20:59:27
Request Successful!06-05 21:00:29
Request Successful!06-05 21:01:31
Request Successful!06-05 21:02:33
Request Successful!06-05 21:03:35
Request Successful!06-05 21:04:37
Request Successful!06-05 21:05:39
Request Successful!06-05 21:06:41
Request Successful!06-05 21:07:43
Request Successful!06-05 21:08:45
Request Successful!06-05 21:09:47
Request Successful!06-05 21:10:49
Request Successful!06-05 21:11:51
Request Successful!06-05 21:12:53
Request Successful!06-05 21:13:55
Request Successful!06-05 21:14:57
Request Successful!06-05 21:15:58
Request Successful!06-05 21:17:00
Request Successful!06-05 21:18:02
Request Successful!06-05 21:19:03
Request Successful!06-05 21:20:05
Request Successful!06-05 21:21:07
Request Successful!06-05 21:22:09
Request Successful!06-05 21:23:10
Request Successful!06-05 21:24:12
Request Successful!06-05 21:25:13
Request Successful!06-05 21:26:15
Request Successful!06-05 21:27:17
Request Successful!06-05 21:28:18
Request Successful!06-05 21:29:20
Request Successful!06-05 21:30:22
Request Successful!06-05 21:31:23
Request Successful!06-05 21:32:25
Request Successful!06-05 21:33:27
Request Successful!06-05 21:34:29
Request Successful!06-05 21:35:31
Request Successful!06-05 21:36:33
13 unhandled critical alerts
Request Successful!06-05 21:37:48
15 unhandled critical alerts
Request Successful!06-05 21:39:01
Request Successful!06-05 21:40:04
Request Successful!06-05 21:41:06
Request Successful!06-05 21:42:08
Request Successful!06-05 21:43:10
Request Successful!06-05 21:44:11
Request Successful!06-05 21:45:13
Request Successful!06-05 21:46:15
Request Successful!06-05 21:47:17
Request Successful!06-05 21:48:19
Request Successful!06-05 21:49:21
Request Successful!06-05 21:50:23
Request Successful!06-05 21:51:24
Request Successful!06-05 21:52:26
Request Successful!06-05 21:53:28
Request Successful!06-05 21:54:30
Request Successful!06-05 21:55:32
Request Successful!06-05 21:56:34
Request Successful!06-05 21:57:36
Request Successful!06-05 21:58:38
Request Successful!06-05 21:59:40
Request Successful!06-05 22:00:41
Request Successful!06-05 22:01:43
Request Successful!06-05 22:02:45
Request Successful!06-05 22:03:47
Request Successful!06-05 22:04:49
Request Successful!06-05 22:05:51
Request Successful!06-05 22:06:53
Request Successful!06-05 22:07:55
Request Successful!06-05 22:08:57
Request Successful!06-05 22:09:59
Request Successful!06-05 22:11:01
Request Successful!06-05 22:12:03
Request Successful!06-05 22:13:04
Request Successful!06-05 22:14:06
Request Successful!06-05 22:15:08
Request Successful!06-05 22:16:10
Request Successful!06-05 22:17:12
Request Successful!06-05 22:18:14
Request Successful!06-05 22:19:16
Request Successful!06-05 22:20:17
Request Successful!06-05 22:21:19
Request Successful!06-05 22:22:21
Request Successful!06-05 22:23:23
Request Successful!06-05 22:24:25
Request Successful!06-05 22:25:28
Request Successful!06-05 22:26:29
Request Successful!06-05 22:27:31
Request Successful!06-05 22:28:33
Request Successful!06-05 22:29:35
Request Successful!06-05 22:30:37
Request Successful!06-05 22:31:39
Request Successful!06-05 22:32:41
Request Successful!06-05 22:33:42
Request Successful!06-05 22:34:44
Request Successful!06-05 22:35:46
Request Successful!06-05 22:36:48
Request Successful!06-05 22:37:50
Request Successful!06-05 22:38:52
Request Successful!06-05 22:39:53
Request Successful!06-05 22:40:55
Request Successful!06-05 22:41:57
Request Successful!06-05 22:42:59
Request Successful!06-05 22:44:01
Request Successful!06-05 22:45:03
Request Successful!06-05 22:46:05
Request Successful!06-05 22:47:07
Request Successful!06-05 22:48:08
Request Successful!06-05 22:49:10
Request Successful!06-05 22:50:12
Request Successful!06-05 22:51:14
Request Successful!06-05 22:52:16
Request Successful!06-05 22:53:18
Request Successful!06-05 22:54:20
Request Successful!06-05 22:55:21
Request Successful!06-05 22:56:23
Request Successful!06-05 22:57:25
Request Successful!06-05 22:58:27
Request Successful!06-05 22:59:29
Request Successful!06-05 23:00:31
Request Successful!06-05 23:01:33
Request Successful!06-05 23:02:35
Request Successful!06-05 23:03:36
Request Successful!06-05 23:04:38
Request Successful!06-05 23:05:40
Request Successful!06-05 23:06:42
Request Successful!06-05 23:07:44
Request Successful!06-05 23:08:46
Request Successful!06-05 23:09:48
Request Successful!06-05 23:10:50
Request Successful!06-05 23:11:52
Request Successful!06-05 23:12:55
Request Successful!06-05 23:13:57
Request Successful!06-05 23:14:59
Request Successful!06-05 23:16:01
Request Successful!06-05 23:17:03
Request Successful!06-05 23:18:04
Request Successful!06-05 23:19:06
Request Successful!06-05 23:20:08
Request Successful!06-05 23:21:10
Request Successful!06-05 23:22:12
Request Successful!06-05 23:23:13
Request Successful!06-05 23:24:15
Request Successful!06-05 23:25:17
Request Successful!06-05 23:26:19
Request Successful!06-05 23:27:21
Request Successful!06-05 23:28:22
Request Successful!06-05 23:29:24
Request Successful!06-05 23:30:26
Request Successful!06-05 23:31:28
Request Successful!06-05 23:32:30
Request Successful!06-05 23:33:31
Request Successful!06-05 23:34:33
Request Successful!06-05 23:35:35
Request Successful!06-05 23:36:37
Request Successful!06-05 23:37:39
Request Successful!06-05 23:38:40
Request Successful!06-05 23:39:43
