Request Successful!09-13 19:29:52
Request Successful!09-13 19:32:53
Request Successful!09-13 19:35:55
Request Successful!09-13 19:38:56
Request Successful!09-13 19:41:58
Request Successful!09-13 19:44:59
Request Successful!09-13 19:48:01
New alert more than 5 minutes! See details below: 
CRITICAL
for 4m 51s
Check if we still can connect to ftp.sword.dbschenker.com using ftp.
on
b2biprdxsr5.sl3.comp.db.de
CRITICAL : No data received from host
Request Successful!09-13 19:51:14
Request Successful!09-13 19:54:15
Request Successful!09-13 19:57:17
Request Successful!09-13 20:00:18
Request Successful!09-13 20:03:20
Request Successful!09-13 20:06:21
Request Successful!09-13 20:09:23
Request Successful!09-13 20:12:24
Request Successful!09-13 20:15:25
Request Successful!09-13 20:18:27
Request Successful!09-13 20:21:28
Request Successful!09-13 20:24:30
New alert more than 5 minutes! See details below: 
CRITICAL
for 5m 48s
Checking for files in JMSClient error directories under /app/sword/schenker/jmsclients
on
Communication Server 1 Production
CRIT : 1 JMSClients with issues! Found a total of 2 files in todays (2024/09/13) error subdirectories.
Request Successful!09-13 20:27:42
Request Successful!09-13 20:30:43
Request Successful!09-13 20:33:45
New alert more than 5 minutes! See details below: 
CRITICAL
for 3m 6s
B2Bi queue health: "B2Bi CI HME - PROD_Framework_Parallel_001.101_Parallel_Inb_10_FetchRef_HM"
on
B2Bi Application Server - Stream 3C (Multicluster)
CRITICAL - Queue "B2Bi CI HME - PROD_Framework_Parallel_001.101_Parallel_Inb_10_FetchRef_HM" ("hierchmessage_9799"/"queue_16"):
Request Successful!09-13 20:36:59
New alert more than 5 minutes! See details below: 
CRITICAL
for 6m 20s
B2Bi queue health: "B2Bi CI HME - PROD_Framework_Parallel_001.101_Parallel_Inb_10_FetchRef_HM"
on
B2Bi Application Server - Stream 3C (Multicluster)
CRITICAL - Queue "B2Bi CI HME - PROD_Framework_Parallel_001.101_Parallel_Inb_10_FetchRef_HM" ("hierchmessage_9799"/"queue_16"):
Request Successful!09-13 20:40:11
Request Successful!09-13 20:43:12
Request Successful!09-13 20:46:13
Request Successful!09-13 20:49:15
Request Successful!09-13 20:52:16
Request Successful!09-13 20:55:18
Request Successful!09-13 20:58:19
Request Successful!09-13 21:01:21
Request Successful!09-13 21:04:22
Request Successful!09-13 21:07:24
Request Successful!09-13 21:10:25
Request Successful!09-13 21:13:27
Request Successful!09-13 21:16:28
Request Successful!09-13 21:19:30
Request Successful!09-13 21:22:31
Request Successful!09-13 21:25:33
Request Successful!09-13 21:28:34
Request Successful!09-13 21:31:36
Request Successful!09-13 21:34:37
Request Successful!09-13 21:37:39
Request Successful!09-13 21:40:40
Request Successful!09-13 21:43:44
New alert more than 5 minutes! See details below: 
CRITICAL
for 4m 57s
B2Bi queue health: "B2Bi CI HME - PROD_Framework_Parallel_001.Z_Local_402_CASE_DetermineTrunk_HM"
on
B2Bi Application Server - Stream 1B
CRITICAL - Queue "B2Bi CI HME - PROD_Framework_Parallel_001.Z_Local_402_CASE_DetermineTrunk_HM" ("hierchmessage_7542"/"queue_13"):
Request Successful!09-13 21:46:56
Request Successful!09-13 21:49:58
Request Successful!09-13 21:52:59
Request Successful!09-13 21:56:01
Request Successful!09-13 21:59:02
New alert more than 5 minutes! See details below: 
CRITICAL
for 4m 7s
Check if there're unprocessed monitoring events piling up in mon_events_processing_tafr
on
b2biprddb1.sl3.comp.db.de
CRIT : 106429 entries in mon_events_processing_tafr. Critical threshold 100000 breached!
Request Successful!09-13 22:02:16
Request Successful!09-13 22:05:17
Request Successful!09-13 22:08:19
Request Successful!09-13 22:11:21
Request Successful!09-13 22:14:22
Request Successful!09-13 22:17:23
Request Successful!09-13 22:20:25
Request Successful!09-13 22:23:26
Request Successful!09-13 22:26:27
Request Successful!09-13 22:29:29
Request Successful!09-13 22:32:32
Request Successful!09-13 22:35:33
Request Successful!09-13 22:38:35
Request Successful!09-13 22:41:36
Request Successful!09-13 22:44:37
Request Successful!09-13 22:47:39
Request Successful!09-13 22:50:40
Request Successful!09-13 22:53:42
Request Successful!09-13 22:56:43
Request Successful!09-13 22:59:44
Request Successful!09-13 23:02:46
Request Successful!09-13 23:05:47
Request Successful!09-13 23:08:48
Request Successful!09-13 23:11:50
Request Successful!09-13 23:14:51
Request Successful!09-13 23:17:53
Request Successful!09-13 23:20:54
Request Successful!09-13 23:23:55
