Request Successful!04-04 20:20:05
Request Successful!04-04 20:21:06
Request Successful!04-04 20:22:08
Request Successful!04-04 20:23:09
Request Successful!04-04 20:24:11
Request Successful!04-04 20:25:12
Request Successful!04-04 20:26:14
Request Successful!04-04 20:27:16
Request Successful!04-04 20:28:17
Request Successful!04-04 20:29:19
Request Successful!04-04 20:30:20
Request Successful!04-04 20:31:22
Request Successful!04-04 20:32:23
Request Successful!04-04 20:33:24
Request Successful!04-04 20:34:26
Request Successful!04-04 20:35:27
Request Successful!04-04 20:36:28
Request Successful!04-04 20:37:30
New alert more than 5 minutes! See details below: 
CRITICAL
for 1m 56s
Soft 1/2
B2Bi queue health: "B2Bi CI HME - PROD_Framework_Parallel_001.201_Serial_Dyn_10_ExecuteMasterDynMBC_HM"
on
B2Bi Application Server - Stream 1A
CRITICAL - Queue "B2Bi CI HME - PROD_Framework_Parallel_001.201_Serial_Dyn_10_ExecuteMasterDynMBC_HM" ("hierchmessage_2215"/"queue_13"):
Request Successful!04-04 20:38:42
Request Successful!04-04 20:39:43
Request Successful!04-04 20:40:45
Request Successful!04-04 20:41:46
Request Successful!04-04 20:42:48
Request Successful!04-04 20:43:49
Request Successful!04-04 20:44:50
Request Successful!04-04 20:45:52
Request Successful!04-04 20:46:53
Request Successful!04-04 20:47:55
Request Successful!04-04 20:48:56
Request Successful!04-04 20:49:58
Request Successful!04-04 20:50:59
Request Successful!04-04 20:52:00
New alert more than 5 minutes! See details below: 
CRITICAL
for 1m 18s
Soft 1/2
B2Bi queue health: "B2Bi CI HME - PROD_Framework_Parallel_001.005_InboundCaseB2Bi_Remote_HM"
on
B2Bi Application Server - Stream 3E (Multicluster)
CRITICAL - Queue "B2Bi CI HME - PROD_Framework_Parallel_001.005_InboundCaseB2Bi_Remote_HM" ("hierchmessage_10309"/"queue_16"):
Request Successful!04-04 20:53:12
Request Successful!04-04 20:54:13
Request Successful!04-04 20:55:15
Request Successful!04-04 20:56:16
Request Successful!04-04 20:57:18
Request Successful!04-04 20:58:19
Request Successful!04-04 20:59:21
Request Successful!04-04 21:00:23
Request Successful!04-04 21:01:25
Request Successful!04-04 21:02:26
Request Successful!04-04 21:03:27
New alert more than 5 minutes! See details below: 
CRITICAL
for 1m 42s
Soft 1/2
B2Bi queue health: "B2Bi CI HME - PROD_Framework_Parallel_001.101_Parallel_Out_20_InhouseEnveloper(Inhouse)_HM"
on
B2Bi Application Server - Stream 1A
CRITICAL - Queue "B2Bi CI HME - PROD_Framework_Parallel_001.101_Parallel_Out_20_InhouseEnveloper(Inhouse)_HM" ("hierchmessage_2367"/"queue_13"):
Request Successful!04-04 21:04:25
Request Successful!04-04 21:07:26
Request Successful!04-04 21:08:37
Request Successful!04-04 21:11:39
Request Successful!04-04 21:14:40
Request Successful!04-04 21:17:43
Request Successful!04-04 21:20:45
Request Successful!04-04 21:23:46
Request Successful!04-04 21:26:48
Request Successful!04-04 21:29:50
Request Successful!04-04 21:32:51
Request Successful!04-04 21:35:53
Request Successful!04-04 21:38:54
Request Successful!04-04 21:41:56
Request Successful!04-04 21:44:58
Request Successful!04-04 21:48:00
Request Successful!04-04 21:51:02
Request Successful!04-04 21:54:03
Request Successful!04-04 21:57:05
Request Successful!04-04 22:00:06
Request Successful!04-04 22:03:08
Request Successful!04-04 22:06:09
Request Successful!04-04 22:09:11
Request Successful!04-04 22:12:12
Request Successful!04-04 22:15:14
Request Successful!04-04 22:18:15
Request Successful!04-04 22:21:17
Request Successful!04-04 22:24:18
Request Successful!04-04 22:27:20
Request Successful!04-04 22:30:21
Request Successful!04-04 22:33:23
Request Successful!04-04 22:36:24
Request Successful!04-04 22:39:26
Request Successful!04-04 22:42:27
Request Successful!04-04 22:45:29
Request Successful!04-04 22:48:30
Request Successful!04-04 22:51:32
Request Successful!04-04 22:54:33
Request Successful!04-04 22:57:35
Request Successful!04-04 23:00:36
Request Successful!04-04 23:03:38
