Request Successful!04-30 17:14:20
Request Successful!04-30 17:15:21
Request Successful!04-30 17:16:23
Request Successful!04-30 17:17:25
Request Successful!04-30 17:18:26
Request Successful!04-30 17:19:28
Request Successful!04-30 17:20:30
Request Successful!04-30 17:21:32
Request Successful!04-30 17:22:33
Request Successful!04-30 17:23:35
Request Successful!04-30 17:24:37
Request Successful!04-30 17:25:38
Request Successful!04-30 17:26:40
Request Successful!04-30 17:27:42
Request Successful!04-30 17:28:43
Request Successful!04-30 17:29:45
Request Successful!04-30 17:30:47
Request Successful!04-30 17:31:49
Request Successful!04-30 17:32:50
Request Successful!04-30 17:33:52
Request Successful!04-30 17:34:54
Request Successful!04-30 17:35:55
Request Successful!04-30 17:36:57
Request Successful!04-30 17:37:59
Request Successful!04-30 17:39:02
Request Successful!04-30 17:40:05
Request Successful!04-30 17:41:10
Request Successful!04-30 17:42:12
Request Successful!04-30 17:43:15
Request Successful!04-30 17:44:17
Request Successful!04-30 17:45:19
Request Successful!04-30 17:46:22
Request Successful!04-30 17:47:24
Request Successful!04-30 17:48:27
Request Successful!04-30 17:49:28
Request Successful!04-30 17:50:30
Request Successful!04-30 17:51:32
Request Successful!04-30 17:52:34
Request Successful!04-30 17:53:36
Request Successful!04-30 17:54:37
Request Successful!04-30 17:55:39
Request Successful!04-30 17:56:41
Request Successful!04-30 17:57:42
Request Successful!04-30 17:58:44
Request Successful!04-30 17:59:45
Request Successful!04-30 18:00:47
Request Successful!04-30 18:01:49
Request Successful!04-30 18:02:50
Request Successful!04-30 18:03:52
Request Successful!04-30 18:04:54
Request Successful!04-30 18:05:56
Request Successful!04-30 18:06:57
Request Successful!04-30 18:07:59
Request Successful!04-30 18:09:00
Request Successful!04-30 18:10:02
Request Successful!04-30 18:11:04
Request Successful!04-30 18:12:06
Request Successful!04-30 18:13:08
Request Successful!04-30 18:14:10
Request Successful!04-30 18:15:11
Request Successful!04-30 18:16:13
Request Successful!04-30 18:17:15
Request Successful!04-30 18:18:17
Request Successful!04-30 18:19:19
Request Successful!04-30 18:20:21
Request Successful!04-30 18:21:23
Request Successful!04-30 18:22:25
Request Successful!04-30 18:23:27
Request Successful!04-30 18:24:29
Request Successful!04-30 18:25:31
Request Successful!04-30 18:26:32
Request Successful!04-30 18:27:34
Request Successful!04-30 18:28:36
Request Successful!04-30 18:29:37
Request Successful!04-30 18:30:39
Request Successful!04-30 18:31:40
Request Successful!04-30 18:32:42
Request Successful!04-30 18:33:44
Request Successful!04-30 18:34:45
Request Successful!04-30 18:35:47
Request Successful!04-30 18:36:49
Request Successful!04-30 18:37:50
Request Successful!04-30 18:38:52
Request Successful!04-30 18:39:54
Request Successful!04-30 18:40:55
Request Successful!04-30 18:41:57
Request Successful!04-30 18:42:58
Request Successful!04-30 18:44:00
Request Successful!04-30 18:45:02
Request Successful!04-30 18:46:03
Request Successful!04-30 18:47:05
Request Successful!04-30 18:48:06
Request Successful!04-30 18:49:08
Request Successful!04-30 18:50:10
Request Successful!04-30 18:51:12
Request Successful!04-30 18:52:14
Request Successful!04-30 18:53:16
Request Successful!04-30 18:54:18
Request Successful!04-30 18:55:21
Request Successful!04-30 18:56:23
Request Successful!04-30 18:57:25
Request Successful!04-30 18:58:27
Request Successful!04-30 18:59:29
Request Successful!04-30 19:00:30
Request Successful!04-30 19:01:32
Request Successful!04-30 19:02:33
Request Successful!04-30 19:03:35
Request Successful!04-30 19:04:37
Request Successful!04-30 19:05:38
Request Successful!04-30 19:06:40
Request Successful!04-30 19:07:42
Request Successful!04-30 19:08:43
Request Successful!04-30 19:09:45
Request Successful!04-30 19:10:46
Request Successful!04-30 19:11:48
Request Successful!04-30 19:12:50
Request Successful!04-30 19:13:51
Request Successful!04-30 19:14:53
Request Successful!04-30 19:15:54
Request Successful!04-30 19:16:57
Request Successful!04-30 19:17:59
Request Successful!04-30 19:19:00
Request Successful!04-30 19:20:02
Request Successful!04-30 19:21:04
Request Successful!04-30 19:22:05
Request Successful!04-30 19:23:07
Request Successful!04-30 19:24:09
Request Successful!04-30 19:25:10
Request Successful!04-30 19:26:15
Request Successful!04-30 19:27:17
Request Successful!04-30 19:28:18
Request Successful!04-30 19:29:20
Request Successful!04-30 19:30:22
Request Successful!04-30 19:31:24
Request Successful!04-30 19:32:25
Request Successful!04-30 19:33:27
Request Successful!04-30 19:34:29
Request Successful!04-30 19:35:30
Request Successful!04-30 19:36:32
Request Successful!04-30 19:37:33
Request Successful!04-30 19:38:35
Request Successful!04-30 19:39:37
Request Successful!04-30 19:40:38
Request Successful!04-30 19:41:40
Request Successful!04-30 19:42:42
Request Successful!04-30 19:43:43
Request Successful!04-30 19:44:45
Request Successful!04-30 19:45:47
Request Successful!04-30 19:46:48
Request Successful!04-30 19:47:50
Request Successful!04-30 19:48:52
Request Successful!04-30 19:49:53
Request Successful!04-30 19:50:55
Request Successful!04-30 19:51:57
Request Successful!04-30 19:52:58
Request Successful!04-30 19:54:00
Request Successful!04-30 19:55:01
Request Successful!04-30 19:56:03
Request Successful!04-30 19:57:05
Request Successful!04-30 19:58:06
New alert more than 5 minutes! See details below: 
CRITICAL
for 3m 20s
JMS Clients Connected
on
Communication Server 1 Production
CRITICAL - Following JMS clients are with errors:
Request Successful!04-30 19:59:19
New alert more than 5 minutes! See details below: 
CRITICAL
for 4m 33s
JMS Clients Connected
on
Communication Server 1 Production
CRITICAL - Following JMS clients are with errors:
Request Successful!04-30 20:00:32
New alert more than 5 minutes! See details below: 
CRITICAL
for 5m 45s
JMS Clients Connected
on
Communication Server 1 Production
CRITICAL - Following JMS clients are with errors:
Request Successful!04-30 20:01:44
New alert more than 5 minutes! See details below: 
CRITICAL
for 6m 57s
JMS Clients Connected
on
Communication Server 1 Production
CRITICAL - Following JMS clients are with errors:
Request Successful!04-30 20:02:56
Request Successful!04-30 20:03:58
Request Successful!04-30 20:05:00
Request Successful!04-30 20:06:02
Request Successful!04-30 20:07:03
Request Successful!04-30 20:08:05
Request Successful!04-30 20:09:07
Request Successful!04-30 20:10:08
Request Successful!04-30 20:11:10
Request Successful!04-30 20:12:12
Request Successful!04-30 20:13:13
Request Successful!04-30 20:14:15
Request Successful!04-30 20:15:17
Request Successful!04-30 20:16:18
Request Successful!04-30 20:17:20
Request Successful!04-30 20:18:22
Request Successful!04-30 20:19:24
Request Successful!04-30 20:20:25
Request Successful!04-30 20:21:27
Request Successful!04-30 20:22:29
Request Successful!04-30 20:23:30
Request Successful!04-30 20:24:32
Request Successful!04-30 20:25:33
Request Successful!04-30 20:26:35
Request Successful!04-30 20:27:37
Request Successful!04-30 20:28:38
Request Successful!04-30 20:29:40
Request Successful!04-30 20:30:42
Request Successful!04-30 20:31:43
Request Successful!04-30 20:32:45
Request Successful!04-30 20:33:47
Request Successful!04-30 20:34:48
Request Successful!04-30 20:35:50
Request Successful!04-30 20:36:52
Request Successful!04-30 20:37:53
Request Successful!04-30 20:38:55
Request Successful!04-30 20:39:57
Request Successful!04-30 20:40:59
Request Successful!04-30 20:42:00
Request Successful!04-30 20:43:02
Request Successful!04-30 20:44:03
Request Successful!04-30 20:45:05
Request Successful!04-30 20:46:07
Request Successful!04-30 20:47:08
Request Successful!04-30 20:48:10
Request Successful!04-30 20:49:11
Request Successful!04-30 20:50:13
Request Successful!04-30 20:51:15
Request Successful!04-30 20:52:16
Request Successful!04-30 20:53:18
Request Successful!04-30 20:54:20
Request Successful!04-30 20:55:21
Request Successful!04-30 20:56:23
Request Successful!04-30 20:57:24
New alert more than 5 minutes! See details below: 
CRITICAL
for 3m 4s
B2Bi queue health: "B2Bi CI HME - PROD_Framework_Parallel_001.Z_Local_402_Serial_Out_20_InhouseEnveloper(Inhouse)_4_SAG_ETGOIT_HM"
on
B2Bi Application Server - Stream 1B
CRITICAL - Queue "B2Bi CI HME - PROD_Framework_Parallel_001.Z_Local_402_Serial_Out_20_InhouseEnveloper(Inhouse)_4_SAG_ETGOIT_HM" ("hierchmessage_11217"/"queue_13"):
Request Successful!04-30 20:58:36
New alert more than 5 minutes! See details below: 
CRITICAL
for 4m 15s
B2Bi queue health: "B2Bi CI HME - PROD_Framework_Parallel_001.Z_Local_402_Serial_Out_20_InhouseEnveloper(Inhouse)_4_SAG_ETGOIT_HM"
on
B2Bi Application Server - Stream 1B
CRITICAL - Queue "B2Bi CI HME - PROD_Framework_Parallel_001.Z_Local_402_Serial_Out_20_InhouseEnveloper(Inhouse)_4_SAG_ETGOIT_HM" ("hierchmessage_11217"/"queue_13"):
Request Successful!04-30 20:59:48
New alert more than 5 minutes! See details below: 
CRITICAL
for 5m 27s
B2Bi queue health: "B2Bi CI HME - PROD_Framework_Parallel_001.Z_Local_402_Serial_Out_20_InhouseEnveloper(Inhouse)_4_SAG_ETGOIT_HM"
on
B2Bi Application Server - Stream 1B
CRITICAL - Queue "B2Bi CI HME - PROD_Framework_Parallel_001.Z_Local_402_Serial_Out_20_InhouseEnveloper(Inhouse)_4_SAG_ETGOIT_HM" ("hierchmessage_11217"/"queue_13"):
Request Successful!04-30 21:01:00
New alert more than 5 minutes! See details below: 
CRITICAL
for 6m 40s
B2Bi queue health: "B2Bi CI HME - PROD_Framework_Parallel_001.Z_Local_402_Serial_Out_20_InhouseEnveloper(Inhouse)_4_SAG_ETGOIT_HM"
on
B2Bi Application Server - Stream 1B
CRITICAL - Queue "B2Bi CI HME - PROD_Framework_Parallel_001.Z_Local_402_Serial_Out_20_InhouseEnveloper(Inhouse)_4_SAG_ETGOIT_HM" ("hierchmessage_11217"/"queue_13"):
Request Successful!04-30 21:02:12
Request Successful!04-30 21:03:13
Request Successful!04-30 21:04:15
Request Successful!04-30 21:05:16
Request Successful!04-30 21:06:18
Request Successful!04-30 21:07:20
Request Successful!04-30 21:08:21
Request Successful!04-30 21:09:23
Request Successful!04-30 21:10:24
Request Successful!04-30 21:11:26
Request Successful!04-30 21:12:28
Request Successful!04-30 21:13:29
Request Successful!04-30 21:14:31
Request Successful!04-30 21:15:32
Request Successful!04-30 21:16:34
Request Successful!04-30 21:17:36
Request Successful!04-30 21:18:37
Request Successful!04-30 21:19:39
Request Successful!04-30 21:20:41
Request Successful!04-30 21:21:42
Request Successful!04-30 21:22:44
Request Successful!04-30 21:23:45
Request Successful!04-30 21:24:47
Request Successful!04-30 21:25:49
Request Successful!04-30 21:26:50
Request Successful!04-30 21:27:52
Request Successful!04-30 21:28:54
Request Successful!04-30 21:29:55
Request Successful!04-30 21:30:57
Request Successful!04-30 21:31:58
Request Successful!04-30 21:33:00
Request Successful!04-30 21:34:01
Request Successful!04-30 21:35:03
Request Successful!04-30 21:36:05
Request Successful!04-30 21:37:06
Request Successful!04-30 21:38:08
Request Successful!04-30 21:39:09
Request Successful!04-30 21:40:11
Request Successful!04-30 21:41:12
Request Successful!04-30 21:42:14
Request Successful!04-30 21:43:16
Request Successful!04-30 21:44:17
Request Successful!04-30 21:45:19
Request Successful!04-30 21:46:20
Request Successful!04-30 21:47:22
Request Successful!04-30 21:48:23
Request Successful!04-30 21:49:25
Request Successful!04-30 21:50:27
Request Successful!04-30 21:51:28
Request Successful!04-30 21:52:30
Request Successful!04-30 21:53:31
Request Successful!04-30 21:54:33
Request Successful!04-30 21:55:34
Request Successful!04-30 21:56:36
Request Successful!04-30 21:57:38
Request Successful!04-30 21:58:39
Request Successful!04-30 21:59:41
Request Successful!04-30 22:00:42
Request Successful!04-30 22:01:44
Request Successful!04-30 22:02:45
Request Successful!04-30 22:03:47
Request Successful!04-30 22:04:49
Request Successful!04-30 22:05:50
Request Successful!04-30 22:06:52
Request Successful!04-30 22:07:53
Request Successful!04-30 22:08:55
Request Successful!04-30 22:09:56
Request Successful!04-30 22:10:58
Request Successful!04-30 22:12:00
Request Successful!04-30 22:13:01
Request Successful!04-30 22:14:03
Request Successful!04-30 22:15:04
Request Successful!04-30 22:16:06
Request Successful!04-30 22:17:08
Request Successful!04-30 22:18:09
Request Successful!04-30 22:19:11
Request Successful!04-30 22:20:13
Request Successful!04-30 22:21:14
Request Successful!04-30 22:22:16
Request Successful!04-30 22:23:17
Request Successful!04-30 22:24:19
Request Successful!04-30 22:25:20
Request Successful!04-30 22:26:22
Request Successful!04-30 22:27:24
Request Successful!04-30 22:28:25
Request Successful!04-30 22:29:27
Request Successful!04-30 22:30:29
Request Successful!04-30 22:31:31
Request Successful!04-30 22:32:32
Request Successful!04-30 22:33:34
Request Successful!04-30 22:34:36
Request Successful!04-30 22:35:37
Request Successful!04-30 22:36:39
Request Successful!04-30 22:37:41
Request Successful!04-30 22:38:42
Request Successful!04-30 22:39:44
Request Successful!04-30 22:40:46
Request Successful!04-30 22:41:48
Request Successful!04-30 22:42:49
Request Successful!04-30 22:43:51
Request Successful!04-30 22:44:53
Request Successful!04-30 22:45:55
Request Successful!04-30 22:46:57
Request Successful!04-30 22:47:58
Request Successful!04-30 22:49:00
Request Successful!04-30 22:50:01
Request Successful!04-30 22:51:03
Request Successful!04-30 22:52:05
Request Successful!04-30 22:53:06
Request Successful!04-30 22:54:08
Request Successful!04-30 22:55:09
Request Successful!04-30 22:56:11
Request Successful!04-30 22:57:13
Request Successful!04-30 22:58:14
Request Successful!04-30 22:59:16
Request Successful!04-30 23:00:18
Request Successful!04-30 23:01:19
Request Successful!04-30 23:02:21
Request Successful!04-30 23:03:22
Request Successful!04-30 23:04:24
Request Successful!04-30 23:05:26
Request Successful!04-30 23:06:27
Request Successful!04-30 23:07:29
Request Successful!04-30 23:08:30
Request Successful!04-30 23:09:32
Request Successful!04-30 23:10:34
Request Successful!04-30 23:11:35
Request Successful!04-30 23:12:37
Request Successful!04-30 23:13:38
Request Successful!04-30 23:14:40
Request Successful!04-30 23:15:41
Request Successful!04-30 23:16:43
Request Successful!04-30 23:17:45
New alert more than 5 minutes! See details below: 
CRITICAL
for 3m 39s
B2Bi queue health: "B2Bi CI HME - PROD_Framework_Parallel_001.101_Parallel_Dyn_10_ExecuteMasterDynMBC_HM"
on
B2Bi Application Server - Stream 3E (Multicluster)
CRITICAL - Queue "B2Bi CI HME - PROD_Framework_Parallel_001.101_Parallel_Dyn_10_ExecuteMasterDynMBC_HM" ("hierchmessage_9931"/"queue_16"):
Request Successful!04-30 23:18:57
New alert more than 5 minutes! See details below: 
CRITICAL
for 4m 51s
B2Bi queue health: "B2Bi CI HME - PROD_Framework_Parallel_001.101_Parallel_Dyn_10_ExecuteMasterDynMBC_HM"
on
B2Bi Application Server - Stream 3E (Multicluster)
CRITICAL - Queue "B2Bi CI HME - PROD_Framework_Parallel_001.101_Parallel_Dyn_10_ExecuteMasterDynMBC_HM" ("hierchmessage_9931"/"queue_16"):
Request Successful!04-30 23:20:09
New alert more than 5 minutes! See details below: 
CRITICAL
for 6m 3s
B2Bi queue health: "B2Bi CI HME - PROD_Framework_Parallel_001.101_Parallel_Dyn_10_ExecuteMasterDynMBC_HM"
on
B2Bi Application Server - Stream 3E (Multicluster)
CRITICAL - Queue "B2Bi CI HME - PROD_Framework_Parallel_001.101_Parallel_Dyn_10_ExecuteMasterDynMBC_HM" ("hierchmessage_9931"/"queue_16"):
Request Successful!04-30 23:21:20
Request Successful!04-30 23:22:22
Request Successful!04-30 23:23:23
Request Successful!04-30 23:24:25
