Request Successful!11-18 17:58:52
Request Successful!11-18 18:01:54
Request Successful!11-18 18:04:56
Request Successful!11-18 18:07:58
Request Successful!11-18 18:11:00
Request Successful!11-18 18:14:01
Request Successful!11-18 18:17:03
Request Successful!11-18 18:20:05
Request Successful!11-18 18:23:07
Request Successful!11-18 18:26:09
Request Successful!11-18 18:29:10
Request Successful!11-18 18:32:12
Request Successful!11-18 18:35:14
Request Successful!11-18 18:38:15
Request Successful!11-18 18:41:17
Request Successful!11-18 18:44:19
Request Successful!11-18 18:47:20
Request Successful!11-18 18:50:22
Request Successful!11-18 18:53:24
Request Successful!11-18 18:56:26
Request Successful!11-18 18:59:27
Request Successful!11-18 19:02:29
Request Successful!11-18 19:05:31
Request Successful!11-18 19:08:32
Request Successful!11-18 19:11:34
Request Successful!11-18 19:14:36
Request Successful!11-18 19:17:38
Request Successful!11-18 19:20:40
Request Successful!11-18 19:23:42
Request Successful!11-18 19:26:43
Request Successful!11-18 19:29:45
Request Successful!11-18 19:32:47
Request Successful!11-18 19:35:49
Request Successful!11-18 19:38:51
Request Successful!11-18 19:41:53
Request Successful!11-18 19:44:55
Request Successful!11-18 19:47:57
Request Successful!11-18 19:50:59
Request Successful!11-18 19:54:01
Request Successful!11-18 19:57:03
Request Successful!11-18 20:00:05
Request Successful!11-18 20:03:06
Request Successful!11-18 20:06:09
Request Successful!11-18 20:09:11
Request Successful!11-18 20:12:13
Request Successful!11-18 20:15:15
Request Successful!11-18 20:18:17
Request Successful!11-18 20:21:19
Request Successful!11-18 20:24:21
Request Successful!11-18 20:27:23
Request Successful!11-18 20:30:26
Request Successful!11-18 20:33:28
Request Successful!11-18 20:36:29
Request Successful!11-18 20:39:32
New alert more than 5 minutes! See details below: 
CRITICAL
for 5m 19s
B2Bi queue health: "B2Bi CI HME - PROD_Framework_Parallel_001.101_Parallel_Inb_10_FetchRef_HM"
on
B2Bi Application Server - Stream 3D (Multicluster)
CRITICAL - Queue "B2Bi CI HME - PROD_Framework_Parallel_001.101_Parallel_Inb_10_FetchRef_HM" ("hierchmessage_9799"/"queue_16"):
Request Successful!11-18 20:42:45
Request Successful!11-18 20:45:47
Request Successful!11-18 20:48:49
Request Successful!11-18 20:51:52
Request Successful!11-18 20:54:53
Request Successful!11-18 20:57:55
Request Successful!11-18 21:00:57
Request Successful!11-18 21:03:59
Request Successful!11-18 21:07:01
Request Successful!11-18 21:10:03
Request Successful!11-18 21:13:04
Request Successful!11-18 21:16:07
Request Successful!11-18 21:19:09
Request Successful!11-18 21:22:11
Request Successful!11-18 21:25:12
Request Successful!11-18 21:28:15
Request Successful!11-18 21:31:16
Request Successful!11-18 21:34:18
Request Successful!11-18 21:37:19
Request Successful!11-18 21:40:21
Request Successful!11-18 21:43:23
Request Successful!11-18 21:46:25
Request Successful!11-18 21:49:27
Request Successful!11-18 21:52:29
Request Successful!11-18 21:55:30
Request Successful!11-18 21:58:32
Request Successful!11-18 22:01:34
Request Successful!11-18 22:04:36
Request Successful!11-18 22:07:37
Request Successful!11-18 22:10:39
Request Successful!11-18 22:13:41
Request Successful!11-18 22:16:43
Request Successful!11-18 22:19:44
Request Successful!11-18 22:22:46
Request Successful!11-18 22:25:48
Request Successful!11-18 22:28:50
Request Successful!11-18 22:31:51
Request Successful!11-18 22:34:53
Request Successful!11-18 22:37:55
Request Successful!11-18 22:40:56
Request Successful!11-18 22:43:58
Request Successful!11-18 22:46:59
Request Successful!11-18 22:50:01
Request Successful!11-18 22:53:03
Request Successful!11-18 22:56:05
Request Successful!11-18 22:59:06
Request Successful!11-18 23:02:09
Request Successful!11-18 23:05:10
Request Successful!11-18 23:08:12
Request Successful!11-18 23:11:13
Request Successful!11-18 23:14:15
Request Successful!11-18 23:17:17
Request Successful!11-18 23:20:18
Request Successful!11-18 23:23:20
