Request Successful!09-10 19:24:00
Request Successful!09-10 19:27:02
Request Successful!09-10 19:30:04
Request Successful!09-10 19:33:05
Request Successful!09-10 19:36:07
Request Successful!09-10 19:39:08
Request Successful!09-10 19:42:10
Request Successful!09-10 19:45:11
Request Successful!09-10 19:48:13
Request Successful!09-10 19:51:14
Request Successful!09-10 19:54:16
Request Successful!09-10 19:57:17
Request Successful!09-10 20:00:19
Request Successful!09-10 20:03:20
Request Successful!09-10 20:06:22
Request Successful!09-10 20:09:23
Request Successful!09-10 20:12:24
Request Successful!09-10 20:15:26
Request Successful!09-10 20:18:27
Request Successful!09-10 20:21:29
Request Successful!09-10 20:24:30
Request Successful!09-10 20:27:32
Request Successful!09-10 20:30:33
Request Successful!09-10 20:33:35
Request Successful!09-10 20:36:36
Request Successful!09-10 20:39:38
Request Successful!09-10 20:42:39
Request Successful!09-10 20:45:41
Request Successful!09-10 20:48:42
Request Successful!09-10 20:51:44
Request Successful!09-10 20:54:45
Request Successful!09-10 20:57:47
Request Successful!09-10 21:00:49
Request Successful!09-10 21:03:50
Request Successful!09-10 21:06:52
Request Successful!09-10 21:09:53
Request Successful!09-10 21:12:55
Request Successful!09-10 21:15:56
Request Successful!09-10 21:18:58
Request Successful!09-10 21:21:59
Request Successful!09-10 21:25:01
Request Successful!09-10 21:28:02
Request Successful!09-10 21:31:04
Request Successful!09-10 21:34:05
Request Successful!09-10 21:37:07
Request Successful!09-10 21:40:09
Request Successful!09-10 21:43:10
Request Successful!09-10 21:46:12
Request Successful!09-10 21:49:13
Request Successful!09-10 21:52:15
Request Successful!09-10 21:55:16
Request Successful!09-10 21:58:18
New alert more than 5 minutes! See details below: 
CRITICAL
for 5m 14s
B2Bi queue health: "B2Bi CI HME - PROD_Framework_Parallel_001.Z_Local_402_Serial_Out_20_InhouseEnveloper(Inhouse)_4_SAG_ETGOIT_HM"
on
B2Bi Application Server - Stream 1B
CRITICAL - Queue "B2Bi CI HME - PROD_Framework_Parallel_001.Z_Local_402_Serial_Out_20_InhouseEnveloper(Inhouse)_4_SAG_ETGOIT_HM" ("hierchmessage_11217"/"queue_13"):
New alert more than 5 minutes! See details below: 
CRITICAL
for 5m 23s
B2Bi queue health: "B2Bi CI HME - PROD_Framework_Parallel_001.Z_Local_402_CASE_DetermineTrunk_HM"
on
B2Bi Application Server - Stream 1B
CRITICAL - Queue "B2Bi CI HME - PROD_Framework_Parallel_001.Z_Local_402_CASE_DetermineTrunk_HM" ("hierchmessage_7542"/"queue_13"):
Request Successful!09-10 22:01:39
Request Successful!09-10 22:04:41
Request Successful!09-10 22:07:42
Request Successful!09-10 22:10:44
Request Successful!09-10 22:13:46
Request Successful!09-10 22:16:47
Request Successful!09-10 22:19:49
Request Successful!09-10 22:22:50
Request Successful!09-10 22:25:52
Request Successful!09-10 22:28:53
Request Successful!09-10 22:31:54
Request Successful!09-10 22:34:56
Request Successful!09-10 22:37:57
Request Successful!09-10 22:40:59
Request Successful!09-10 22:44:00
Request Successful!09-10 22:47:02
Request Successful!09-10 22:50:03
Request Successful!09-10 22:53:05
Request Successful!09-10 22:56:06
Request Successful!09-10 22:59:08
Request Successful!09-10 23:02:09
Request Successful!09-10 23:05:11
Request Successful!09-10 23:08:13
Request Successful!09-10 23:11:14
Request Successful!09-10 23:14:16
Request Successful!09-10 23:17:17
Request Successful!09-10 23:20:19
Request Successful!09-10 23:23:20
