Request Successful!06-21 15:51:30
Request Successful!06-21 15:54:32
Request Successful!06-21 15:57:34
Request Successful!06-21 16:00:36
Request Successful!06-21 16:03:37
Request Successful!06-21 16:06:39
Request Successful!06-21 16:09:41
Request Successful!06-21 16:12:43
Request Successful!06-21 16:15:45
Request Successful!06-21 16:18:47
Request Successful!06-21 16:21:48
Request Successful!06-21 16:24:50
Request Successful!06-21 16:27:52
Request Successful!06-21 16:30:54
Request Successful!06-21 16:33:56
Request Successful!06-21 16:36:59
Request Successful!06-21 16:40:01
Request Successful!06-21 16:43:04
Request Successful!06-21 16:46:06
Request Successful!06-21 16:49:08
Request Successful!06-21 16:52:11
Request Successful!06-21 16:55:14
Request Successful!06-21 16:58:19
Request Successful!06-21 17:01:21
Request Successful!06-21 17:04:24
Request Successful!06-21 17:07:26
Request Successful!06-21 17:10:28
Request Successful!06-21 17:13:30
Request Successful!06-21 17:16:33
Request Successful!06-21 17:19:35
Request Successful!06-21 17:22:37
Request Successful!06-21 17:25:39
Request Successful!06-21 17:28:40
Request Successful!06-21 17:31:42
Request Successful!06-21 17:34:44
Request Successful!06-21 17:37:46
Request Successful!06-21 17:40:48
Request Successful!06-21 17:43:51
Request Successful!06-21 17:46:52
Request Successful!06-21 17:49:54
Request Successful!06-21 17:52:57
Request Successful!06-21 17:55:59
Request Successful!06-21 17:59:00
Request Successful!06-21 18:02:02
Request Successful!06-21 18:05:04
Request Successful!06-21 18:08:06
Request Successful!06-21 18:11:07
Request Successful!06-21 18:14:09
Request Successful!06-21 18:17:11
Request Successful!06-21 18:20:13
Request Successful!06-21 18:23:15
Request Successful!06-21 18:26:17
Request Successful!06-21 18:29:19
Request Successful!06-21 18:32:20
Request Successful!06-21 18:35:23
Request Successful!06-21 18:38:24
Request Successful!06-21 18:41:26
Request Successful!06-21 18:44:28
Request Successful!06-21 18:47:30
Request Successful!06-21 18:50:31
Request Successful!06-21 18:53:33
Request Successful!06-21 18:56:35
Request Successful!06-21 18:59:37
Request Successful!06-21 19:02:38
Request Successful!06-21 19:05:40
Request Successful!06-21 19:08:42
Request Successful!06-21 19:11:44
Request Successful!06-21 19:14:46
Request Successful!06-21 19:17:47
New alert more than 5 minutes! See details below: 
CRITICAL
for 4m 58s
Check size of queue "LQ.C2K.FROM.RIEGE on "QM.SWORD"
on
MQM Server Production
CRITICAL - Queue depth exceeding critical limit
Request Successful!06-21 19:21:01
Request Successful!06-21 19:24:02
Request Successful!06-21 19:27:04
Request Successful!06-21 19:30:06
Request Successful!06-21 19:33:08
Request Successful!06-21 19:36:10
Request Successful!06-21 19:39:12
New alert more than 5 minutes! See details below: 
CRITICAL
for 4m 21s
Check size of queue "LQ.TO.SDAG_B2BI_CANONICAL on "QM.SWORD"
on
MQM Server Production
CRITICAL - Queue depth exceeding critical limit
Request Successful!06-21 19:42:24
Request Successful!06-21 19:45:26
Request Successful!06-21 19:48:27
Request Successful!06-21 19:51:29
Request Successful!06-21 19:54:31
Request Successful!06-21 19:57:33
Request Successful!06-21 20:00:34
Request Successful!06-21 20:03:36
Request Successful!06-21 20:06:38
Request Successful!06-21 20:09:40
Request Successful!06-21 20:12:42
Request Successful!06-21 20:15:43
Request Successful!06-21 20:18:45
Request Successful!06-21 20:21:47
Request Successful!06-21 20:24:49
Request Successful!06-21 20:27:50
Request Successful!06-21 20:30:52
Request Successful!06-21 20:33:54
Request Successful!06-21 20:36:56
Request Successful!06-21 20:39:58
Request Successful!06-21 20:42:59
Request Successful!06-21 20:46:02
Request Successful!06-21 20:49:03
Request Successful!06-21 20:52:05
Request Successful!06-21 20:55:07
Request Successful!06-21 20:58:09
Request Successful!06-21 21:01:11
Request Successful!06-21 21:04:12
Request Successful!06-21 21:07:14
Request Successful!06-21 21:10:16
Request Successful!06-21 21:13:18
Request Successful!06-21 21:16:20
Request Successful!06-21 21:19:22
Request Successful!06-21 21:22:24
Request Successful!06-21 21:25:26
Request Successful!06-21 21:28:29
Request Successful!06-21 21:31:31
Request Successful!06-21 21:34:32
Request Successful!06-21 21:37:34
Request Successful!06-21 21:40:36
Request Successful!06-21 21:43:38
Request Successful!06-21 21:46:40
Request Successful!06-21 21:49:42
Request Successful!06-21 21:52:44
Request Successful!06-21 21:55:45
Request Successful!06-21 21:58:47
Request Successful!06-21 22:01:49
Request Successful!06-21 22:04:51
New alert more than 5 minutes! See details below: 
CRITICAL
for 5m 23s
B2Bi queue health: "B2Bi CI HME - PROD_Framework_Parallel_001.Z_Local_402_Serial_Out_20_InhouseEnveloper(Inhouse)_4_SAG_ETGOIT_HM"
on
B2Bi Application Server - Stream 1B
CRITICAL - Queue "B2Bi CI HME - PROD_Framework_Parallel_001.Z_Local_402_Serial_Out_20_InhouseEnveloper(Inhouse)_4_SAG_ETGOIT_HM" ("hierchmessage_11217"/"queue_13"):
Request Successful!06-21 22:08:04
Request Successful!06-21 22:11:06
Request Successful!06-21 22:14:08
Request Successful!06-21 22:17:09
Request Successful!06-21 22:20:11
Request Successful!06-21 22:23:13
Request Successful!06-21 22:26:15
Request Successful!06-21 22:29:17
Request Successful!06-21 22:32:19
Request Successful!06-21 22:35:21
Request Successful!06-21 22:38:22
Request Successful!06-21 22:41:24
Request Successful!06-21 22:44:26
Request Successful!06-21 22:47:28
Request Successful!06-21 22:50:29
Request Successful!06-21 22:53:31
Request Successful!06-21 22:56:33
Request Successful!06-21 22:59:35
Request Successful!06-21 23:02:36
