Request Successful!06-26 15:48:57
Request Successful!06-26 15:51:59
Request Successful!06-26 15:55:01
Request Successful!06-26 15:58:03
Request Successful!06-26 16:01:05
Request Successful!06-26 16:04:07
Request Successful!06-26 16:07:09
Request Successful!06-26 16:10:11
Request Successful!06-26 16:13:14
Request Successful!06-26 16:16:17
Request Successful!06-26 16:19:20
Request Successful!06-26 16:22:23
Request Successful!06-26 16:25:25
Request Successful!06-26 16:28:28
Request Successful!06-26 16:31:31
Request Successful!06-26 16:34:33
Request Successful!06-26 16:37:36
Request Successful!06-26 16:40:39
Request Successful!06-26 16:43:41
Request Successful!06-26 16:46:44
Request Successful!06-26 16:49:48
Request Successful!06-26 16:52:51
Request Successful!06-26 16:55:53
Request Successful!06-26 16:58:55
Request Successful!06-26 17:01:57
Request Successful!06-26 17:05:02
Request Successful!06-26 17:08:04
Request Successful!06-26 17:11:07
Request Successful!06-26 17:14:09
Request Successful!06-26 17:17:12
Request Successful!06-26 17:20:18
Request Successful!06-26 17:23:20
New alert more than 5 minutes! See details below: 
CRITICAL
for 3m 51s
Check size of queue "LQ.SDAG.CE on "QM.SWORD"
on
MQM Server Production
CRITICAL - Queue depth exceeding critical limit
Request Successful!06-26 17:26:34
Request Successful!06-26 17:29:37
Request Successful!06-26 17:32:40
Request Successful!06-26 17:35:42
Request Successful!06-26 17:38:45
Request Successful!06-26 17:41:48
Request Successful!06-26 17:44:50
Request Successful!06-26 17:47:53
Request Successful!06-26 17:50:55
Request Successful!06-26 17:53:58
Request Successful!06-26 17:57:01
Request Successful!06-26 18:00:03
Request Successful!06-26 18:03:06
Request Successful!06-26 18:06:08
Request Successful!06-26 18:09:11
Request Successful!06-26 18:12:13
Request Successful!06-26 18:15:16
Request Successful!06-26 18:18:18
Request Successful!06-26 18:21:21
Request Successful!06-26 18:24:23
Request Successful!06-26 18:27:26
Request Successful!06-26 18:30:28
Request Successful!06-26 18:33:29
Request Successful!06-26 18:36:31
Request Successful!06-26 18:39:33
Request Successful!06-26 18:42:35
Request Successful!06-26 18:45:37
Request Successful!06-26 18:48:39
Request Successful!06-26 18:51:41
Request Successful!06-26 18:54:43
Request Successful!06-26 18:57:45
Request Successful!06-26 19:00:47
Request Successful!06-26 19:03:49
Request Successful!06-26 19:06:50
Request Successful!06-26 19:09:53
Request Successful!06-26 19:12:55
Request Successful!06-26 19:15:57
Request Successful!06-26 19:18:59
Request Successful!06-26 19:22:01
Request Successful!06-26 19:25:02
Request Successful!06-26 19:28:04
Request Successful!06-26 19:31:06
Request Successful!06-26 19:34:08
Request Successful!06-26 19:37:10
Request Successful!06-26 19:40:12
Request Successful!06-26 19:43:14
Request Successful!06-26 19:46:16
Request Successful!06-26 19:49:18
Request Successful!06-26 19:52:21
Request Successful!06-26 19:55:24
Request Successful!06-26 19:58:26
Request Successful!06-26 20:01:29
Request Successful!06-26 20:04:31
Request Successful!06-26 20:07:34
Request Successful!06-26 20:10:36
Request Successful!06-26 20:13:39
Request Successful!06-26 20:16:41
Request Successful!06-26 20:19:44
Request Successful!06-26 20:22:46
Request Successful!06-26 20:25:49
Request Successful!06-26 20:28:51
Request Successful!06-26 20:31:53
Request Successful!06-26 20:34:56
Request Successful!06-26 20:37:58
Request Successful!06-26 20:41:01
Request Successful!06-26 20:44:03
Request Successful!06-26 20:47:06
Request Successful!06-26 20:50:08
Request Successful!06-26 20:53:11
Request Successful!06-26 20:56:13
Request Successful!06-26 20:59:16
Request Successful!06-26 21:02:18
Request Successful!06-26 21:05:21
Request Successful!06-26 21:08:23
Request Successful!06-26 21:11:25
Request Successful!06-26 21:14:28
Request Successful!06-26 21:17:30
Request Successful!06-26 21:20:33
Request Successful!06-26 21:23:35
Request Successful!06-26 21:26:38
Request Successful!06-26 21:29:41
Request Successful!06-26 21:32:43
Request Successful!06-26 21:35:46
Request Successful!06-26 21:38:48
Request Successful!06-26 21:41:51
Request Successful!06-26 21:44:53
Request Successful!06-26 21:47:56
Request Successful!06-26 21:50:58
Request Successful!06-26 21:54:00
Request Successful!06-26 21:57:03
Request Successful!06-26 22:00:05
New alert more than 5 minutes! See details below: 
CRITICAL
for 4m 38s
Check if we still can connect to ftp.sword.dbschenker.com using ftp.
on
b2biprdxsr5.sl3.comp.db.de
CRITICAL : No data received from host
Request Successful!06-26 22:03:18
Request Successful!06-26 22:06:20
Request Successful!06-26 22:09:22
Request Successful!06-26 22:12:24
Request Successful!06-26 22:15:26
Request Successful!06-26 22:18:28
Request Successful!06-26 22:21:30
Request Successful!06-26 22:24:32
Request Successful!06-26 22:27:34
Request Successful!06-26 22:30:35
Request Successful!06-26 22:33:37
Request Successful!06-26 22:36:39
Request Successful!06-26 22:39:41
Request Successful!06-26 22:42:43
Request Successful!06-26 22:45:45
Request Successful!06-26 22:48:46
Request Successful!06-26 22:51:48
Request Successful!06-26 22:54:50
Request Successful!06-26 22:57:52
Request Successful!06-26 23:00:54
Request Successful!06-26 23:03:55
