Request Successful!09-23 18:19:01
Request Successful!09-23 18:22:03
Request Successful!09-23 18:25:04
Request Successful!09-23 18:28:06
Request Successful!09-23 18:31:07
Request Successful!09-23 18:34:09
Request Successful!09-23 18:37:10
Request Successful!09-23 18:40:11
Request Successful!09-23 18:43:13
Request Successful!09-23 18:46:14
Request Successful!09-23 18:49:16
Request Successful!09-23 18:52:17
Request Successful!09-23 18:55:19
Request Successful!09-23 18:58:21
Request Successful!09-23 19:01:22
Request Successful!09-23 19:04:24
Request Successful!09-23 19:07:26
Request Successful!09-23 19:10:27
Request Successful!09-23 19:13:29
Request Successful!09-23 19:16:31
Request Successful!09-23 19:19:33
Request Successful!09-23 19:22:34
Request Successful!09-23 19:25:36
Request Successful!09-23 19:28:37
Request Successful!09-23 19:31:39
Request Successful!09-23 19:34:40
Request Successful!09-23 19:37:42
Request Successful!09-23 19:40:43
Request Successful!09-23 19:43:45
Request Successful!09-23 19:46:46
Request Successful!09-23 19:49:48
Request Successful!09-23 19:52:50
Request Successful!09-23 19:55:51
Request Successful!09-23 19:58:53
Request Successful!09-23 20:01:54
Request Successful!09-23 20:04:56
Request Successful!09-23 20:07:58
Request Successful!09-23 20:10:59
Request Successful!09-23 20:14:01
Request Successful!09-23 20:17:02
Request Successful!09-23 20:20:04
Request Successful!09-23 20:23:06
Request Successful!09-23 20:26:07
Request Successful!09-23 20:29:09
Request Successful!09-23 20:32:10
Request Successful!09-23 20:35:12
New alert more than 5 minutes! See details below: 
CRITICAL
for 4m 34s
B2Bi queue health: "B2Bi CI HME - PROD_Framework_Parallel_001.101_Parallel_Inb_10_FetchRef_HM"
on
B2Bi Application Server - Stream 3F (Multicluster)
CRITICAL - Queue "B2Bi CI HME - PROD_Framework_Parallel_001.101_Parallel_Inb_10_FetchRef_HM" ("hierchmessage_9799"/"queue_16"):
Request Successful!09-23 20:38:25
Request Successful!09-23 20:41:27
Request Successful!09-23 20:44:29
Request Successful!09-23 20:47:30
Request Successful!09-23 20:50:32
Request Successful!09-23 20:53:34
Request Successful!09-23 20:56:35
Request Successful!09-23 20:59:38
Request Successful!09-23 21:02:39
Request Successful!09-23 21:05:40
Request Successful!09-23 21:08:42
Request Successful!09-23 21:11:43
Request Successful!09-23 21:14:45
Request Successful!09-23 21:17:46
Request Successful!09-23 21:20:48
Request Successful!09-23 21:23:49
Request Successful!09-23 21:26:51
Request Successful!09-23 21:29:52
Request Successful!09-23 21:32:54
Request Successful!09-23 21:35:56
Request Successful!09-23 21:38:57
Request Successful!09-23 21:41:58
Request Successful!09-23 21:45:00
Request Successful!09-23 21:48:02
Request Successful!09-23 21:51:03
Request Successful!09-23 21:54:05
Request Successful!09-23 21:57:06
Request Successful!09-23 22:00:08
Request Successful!09-23 22:03:09
Request Successful!09-23 22:06:11
Request Successful!09-23 22:09:13
Request Successful!09-23 22:12:14
New alert more than 5 minutes! See details below: 
CRITICAL
for 3m 57s
B2Bi queue health: "B2Bi CI HME - PROD_Framework_Parallel_001.Z_Local_402_Serial_Out_20_InhouseEnveloper(Inhouse)_4_SAG_ETGOIT_HM"
on
B2Bi Application Server - Stream 1B
CRITICAL - Queue "B2Bi CI HME - PROD_Framework_Parallel_001.Z_Local_402_Serial_Out_20_InhouseEnveloper(Inhouse)_4_SAG_ETGOIT_HM" ("hierchmessage_11217"/"queue_13"):
Request Successful!09-23 22:15:27
Request Successful!09-23 22:18:28
Request Successful!09-23 22:21:30
Request Successful!09-23 22:24:32
Request Successful!09-23 22:27:33
New alert more than 5 minutes! See details below: 
CRITICAL
for 5m 12s
B2Bi queue health: "B2Bi CI HME - PROD_Framework_Parallel_001.101_Parallel_Out_20_InhouseEnveloper(Inhouse)_HM"
on
B2Bi Application Server - Stream 1A
CRITICAL - Queue "B2Bi CI HME - PROD_Framework_Parallel_001.101_Parallel_Out_20_InhouseEnveloper(Inhouse)_HM" ("hierchmessage_2367"/"queue_13"):
Request Successful!09-23 22:30:45
Request Successful!09-23 22:33:47
Request Successful!09-23 22:36:48
Request Successful!09-23 22:39:50
Request Successful!09-23 22:42:52
Request Successful!09-23 22:45:53
Request Successful!09-23 22:48:54
Request Successful!09-23 22:51:56
Request Successful!09-23 22:54:57
Request Successful!09-23 22:57:59
Request Successful!09-23 23:01:00
Request Successful!09-23 23:04:01
Request Successful!09-23 23:07:02
Request Successful!09-23 23:10:04
Request Successful!09-23 23:13:05
Request Successful!09-23 23:16:06
Request Successful!09-23 23:19:08
Request Successful!09-23 23:22:09
