Request Successful!11-14 18:16:12
Request Successful!11-14 18:19:13
Request Successful!11-14 18:22:15
Request Successful!11-14 18:25:16
Request Successful!11-14 18:28:19
Request Successful!11-14 18:31:20
Request Successful!11-14 18:34:22
Request Successful!11-14 18:37:23
Request Successful!11-14 18:40:25
Request Successful!11-14 18:43:27
Request Successful!11-14 18:46:29
Request Successful!11-14 18:49:31
Request Successful!11-14 18:52:33
Request Successful!11-14 18:55:35
Request Successful!11-14 18:58:37
Request Successful!11-14 19:01:39
Request Successful!11-14 19:04:41
Request Successful!11-14 19:07:43
Request Successful!11-14 19:10:45
Request Successful!11-14 19:13:47
Request Successful!11-14 19:16:49
Request Successful!11-14 19:19:51
Request Successful!11-14 19:22:54
Request Successful!11-14 19:25:56
Request Successful!11-14 19:28:57
Request Successful!11-14 19:31:59
Request Successful!11-14 19:35:01
Request Successful!11-14 19:38:03
Request Successful!11-14 19:41:06
Request Successful!11-14 19:44:08
Request Successful!11-14 19:47:10
Request Successful!11-14 19:50:13
Request Successful!11-14 19:53:15
Request Successful!11-14 19:56:17
Request Successful!11-14 19:59:18
Request Successful!11-14 20:02:20
Request Successful!11-14 20:05:22
Request Successful!11-14 20:08:24
Request Successful!11-14 20:11:26
Request Successful!11-14 20:14:28
Request Successful!11-14 20:17:30
Request Successful!11-14 20:20:32
Request Successful!11-14 20:23:34
New alert more than 5 minutes! See details below: 
CRITICAL
for 3m 25s
B2Bi queue health: "B2Bi CI HME - PROD_Framework_Parallel_001.Z_Local_402_Serial_Out_20_InhouseEnveloper(Inhouse)_4_SAG_ETGOIT_HM"
on
B2Bi Application Server - Stream 1B
CRITICAL - Queue "B2Bi CI HME - PROD_Framework_Parallel_001.Z_Local_402_Serial_Out_20_InhouseEnveloper(Inhouse)_4_SAG_ETGOIT_HM" ("hierchmessage_11217"/"queue_13"):
Request Successful!11-14 20:26:46
New alert more than 5 minutes! See details below: 
CRITICAL
for 6m 37s
B2Bi queue health: "B2Bi CI HME - PROD_Framework_Parallel_001.Z_Local_402_Serial_Out_20_InhouseEnveloper(Inhouse)_4_SAG_ETGOIT_HM"
on
B2Bi Application Server - Stream 1B
CRITICAL - Queue "B2Bi CI HME - PROD_Framework_Parallel_001.Z_Local_402_Serial_Out_20_InhouseEnveloper(Inhouse)_4_SAG_ETGOIT_HM" ("hierchmessage_11217"/"queue_13"):
Request Successful!11-14 20:29:58
Request Successful!11-14 20:32:59
Request Successful!11-14 20:36:01
Request Successful!11-14 20:39:03
Request Successful!11-14 20:42:05
Request Successful!11-14 20:45:07
Request Successful!11-14 20:48:10
Request Successful!11-14 20:51:11
Request Successful!11-14 20:54:13
Request Successful!11-14 20:57:15
Request Successful!11-14 21:00:17
Request Successful!11-14 21:03:18
Request Successful!11-14 21:06:20
Request Successful!11-14 21:09:22
Request Successful!11-14 21:12:25
Request Successful!11-14 21:15:27
Request Successful!11-14 21:18:29
Request Successful!11-14 21:21:31
Request Successful!11-14 21:24:33
Request Successful!11-14 21:27:35
Request Successful!11-14 21:30:37
Request Successful!11-14 21:33:39
Request Successful!11-14 21:36:40
Request Successful!11-14 21:39:42
Request Successful!11-14 21:42:44
Request Successful!11-14 21:45:46
Request Successful!11-14 21:48:49
Request Successful!11-14 21:51:51
Request Successful!11-14 21:54:53
Request Successful!11-14 21:57:55
Request Successful!11-14 22:00:56
Request Successful!11-14 22:03:58
Request Successful!11-14 22:07:00
Request Successful!11-14 22:10:02
Request Successful!11-14 22:13:03
Request Successful!11-14 22:16:05
Request Successful!11-14 22:19:07
Request Successful!11-14 22:22:09
Request Successful!11-14 22:25:10
Request Successful!11-14 22:28:12
Request Successful!11-14 22:31:14
New alert more than 5 minutes! See details below: 
CRITICAL
for 4m 52s
Check if there're unprocessed monitoring events piling up in mon_events_processing_sc2
on
b2biprddb1.sl3.comp.db.de
CRIT : 101248 entries in mon_events_processing_sc2. Critical threshold 100000 breached!
Request Successful!11-14 22:34:25
Request Successful!11-14 22:37:26
Request Successful!11-14 22:40:28
New alert more than 5 minutes! See details below: 
CRITICAL
for 4m 6s
Check if there're unprocessed monitoring events piling up in mon_events_processing_sc2
on
b2biprddb1.sl3.comp.db.de
CRIT : 120327 entries in mon_events_processing_sc2. Critical threshold 100000 breached!
Request Successful!11-14 22:43:39
Request Successful!11-14 22:46:41
New alert more than 5 minutes! See details below: 
CRITICAL
for 4m 13s
B2Bi queue health: "B2Bi CI HME - PROD_Framework_Parallel_001.Z_Local_402_Serial_Out_20_InhouseEnveloper(Inhouse)_4_SAG_ETGOIT_HM"
on
B2Bi Application Server - Stream 1B
CRITICAL - Queue "B2Bi CI HME - PROD_Framework_Parallel_001.Z_Local_402_Serial_Out_20_InhouseEnveloper(Inhouse)_4_SAG_ETGOIT_HM" ("hierchmessage_11217"/"queue_13"):
Request Successful!11-14 22:49:52
Request Successful!11-14 22:52:54
Request Successful!11-14 22:55:55
New alert more than 5 minutes! See details below: 
CRITICAL
for 4m 34s
Check if there're unprocessed monitoring events piling up in mon_events_processing_sc2
on
b2biprddb1.sl3.comp.db.de
CRIT : 107006 entries in mon_events_processing_sc2. Critical threshold 100000 breached!
Request Successful!11-14 22:59:06
Request Successful!11-14 23:02:08
Request Successful!11-14 23:05:09
New alert more than 5 minutes! See details below: 
CRITICAL
for 3m 49s
Check if there're unprocessed monitoring events piling up in mon_events_processing_sc2
on
b2biprddb1.sl3.comp.db.de
CRIT : 130720 entries in mon_events_processing_sc2. Critical threshold 100000 breached!
Request Successful!11-14 23:08:20
Request Successful!11-14 23:11:22
Request Successful!11-14 23:14:24
New alert more than 5 minutes! See details below: 
CRITICAL
for 3m 4s
Check if there're unprocessed monitoring events piling up in mon_events_processing_sc2
on
b2biprddb1.sl3.comp.db.de
CRIT : 148436 entries in mon_events_processing_sc2. Critical threshold 100000 breached!
Request Successful!11-14 23:17:34
