Request Successful!01-30 15:44:20
Request Successful!01-30 15:45:22
Request Successful!01-30 15:46:23
Request Successful!01-30 15:47:24
Request Successful!01-30 15:48:26
Request Successful!01-30 15:49:27
Request Successful!01-30 15:50:29
New alert more than 5 minutes! See details below: 
CRITICAL
for 1m 55s
B2Bi queue health: "B2Bi CI HME - PROD_Framework_Parallel_001.Z_Local_402_Serial_Out_20_InhouseEnveloper(Inhouse)_4_SAG_ETGOIT_HM"
on
B2Bi Application Server - Stream 1B
CRITICAL - Queue "B2Bi CI HME - PROD_Framework_Parallel_001.Z_Local_402_Serial_Out_20_InhouseEnveloper(Inhouse)_4_SAG_ETGOIT_HM" ("hierchmessage_11217"/"queue_13"):
Request Successful!01-30 15:51:41
Request Successful!01-30 15:52:43
Request Successful!01-30 15:53:45
Request Successful!01-30 15:54:47
Request Successful!01-30 15:55:48
Request Successful!01-30 15:56:50
Request Successful!01-30 15:57:51
Request Successful!01-30 15:58:53
Request Successful!01-30 15:59:55
Request Successful!01-30 16:00:56
Request Successful!01-30 16:01:58
New alert more than 5 minutes! See details below: 
CRITICAL
for 1m 11s
Soft 1/2
B2Bi queue health: "B2Bi Logger 15"
on
B2Bi Application Server - Stream 2A (Multicluster - VIP)
CRITICAL - Queue "B2Bi Logger 15" ("logger_1038"/"queue_16"):
Request Successful!01-30 16:03:09
Request Successful!01-30 16:04:10
Request Successful!01-30 16:05:12
Request Successful!01-30 16:06:13
Request Successful!01-30 16:07:15
Request Successful!01-30 16:08:16
Request Successful!01-30 16:09:18
Request Successful!01-30 16:10:20
Request Successful!01-30 16:11:21
Request Successful!01-30 16:12:23
Request Successful!01-30 16:13:24
Request Successful!01-30 16:14:26
Request Successful!01-30 16:15:28
Request Successful!01-30 16:16:29
Request Successful!01-30 16:17:31
Request Successful!01-30 16:18:32
Request Successful!01-30 16:19:34
Request Successful!01-30 16:20:36
Request Successful!01-30 16:21:38
Request Successful!01-30 16:22:39
Request Successful!01-30 16:23:41
Request Successful!01-30 16:24:42
Request Successful!01-30 16:25:44
Request Successful!01-30 16:26:46
Request Successful!01-30 16:27:47
Request Successful!01-30 16:28:49
Request Successful!01-30 16:29:50
Request Successful!01-30 16:30:52
Request Successful!01-30 16:31:53
Request Successful!01-30 16:32:55
Request Successful!01-30 16:33:57
Request Successful!01-30 16:34:58
New alert more than 5 minutes! See details below: 
CRITICAL
for 1m 14s
Soft 1/2
B2Bi queue health: "B2Bi Logger 13"
on
B2Bi Application Server - Stream 1C
CRITICAL - Queue "B2Bi Logger 13" ("logger_1571"/"queue_13"):
Request Successful!01-30 16:36:10
Request Successful!01-30 16:37:11
Request Successful!01-30 16:38:13
Request Successful!01-30 16:39:15
Request Successful!01-30 16:40:16
Request Successful!01-30 16:41:18
Request Successful!01-30 16:42:19
Request Successful!01-30 16:43:21
Request Successful!01-30 16:44:23
Request Successful!01-30 16:45:24
Request Successful!01-30 16:46:26
Request Successful!01-30 16:47:28
Request Successful!01-30 16:48:30
Request Successful!01-30 16:49:32
Request Successful!01-30 16:50:33
Request Successful!01-30 16:51:35
Request Successful!01-30 16:52:36
Request Successful!01-30 16:53:38
Request Successful!01-30 16:54:39
Request Successful!01-30 16:55:41
Request Successful!01-30 16:56:43
Request Successful!01-30 16:57:44
Request Successful!01-30 16:58:46
Request Successful!01-30 16:59:47
Request Successful!01-30 17:00:49
Request Successful!01-30 17:01:50
Request Successful!01-30 17:02:52
Request Successful!01-30 17:03:54
Request Successful!01-30 17:04:55
Request Successful!01-30 17:05:57
Request Successful!01-30 17:06:58
Request Successful!01-30 17:08:00
Request Successful!01-30 17:09:01
Request Successful!01-30 17:10:03
Request Successful!01-30 17:11:04
Request Successful!01-30 17:12:06
Request Successful!01-30 17:13:08
Request Successful!01-30 17:14:09
Request Successful!01-30 17:15:11
Request Successful!01-30 17:16:12
Request Successful!01-30 17:17:14
Request Successful!01-30 17:18:16
New alert more than 5 minutes! See details below: 
CRITICAL
for 1m 17s
Soft 1/2
B2Bi queue health: "B2Bi Logger 18"
on
B2Bi Application Server - Stream 3E (Multicluster)
CRITICAL - Queue "B2Bi Logger 18" ("logger_1044"/"queue_16"):
Request Successful!01-30 17:19:27
Request Successful!01-30 17:20:28
Request Successful!01-30 17:21:30
Request Successful!01-30 17:22:31
Request Successful!01-30 17:23:33
Request Successful!01-30 17:24:35
Request Successful!01-30 17:25:36
Request Successful!01-30 17:26:38
Request Successful!01-30 17:27:39
Request Successful!01-30 17:28:41
Request Successful!01-30 17:29:42
Request Successful!01-30 17:30:44
Request Successful!01-30 17:31:46
Request Successful!01-30 17:32:47
Request Successful!01-30 17:33:49
Request Successful!01-30 17:34:50
Request Successful!01-30 17:35:52
Request Successful!01-30 17:36:54
Request Successful!01-30 17:37:55
Request Successful!01-30 17:38:57
Request Successful!01-30 17:39:58
Request Successful!01-30 17:41:00
Request Successful!01-30 17:42:02
Request Successful!01-30 17:43:04
Request Successful!01-30 17:44:06
Request Successful!01-30 17:45:07
Request Successful!01-30 17:46:09
Request Successful!01-30 17:47:10
Request Successful!01-30 17:48:12
New alert more than 5 minutes! See details below: 
CRITICAL
for 1m 14s
Soft 1/2
B2Bi queue health: "B2Bi CI HME - PROD_Framework_Parallel_001.402_SerialSTD_Inb_10_FetchRef_HM"
on
B2Bi Application Server - Stream 1A
CRITICAL - Queue "B2Bi CI HME - PROD_Framework_Parallel_001.402_SerialSTD_Inb_10_FetchRef_HM" ("hierchmessage_2387"/"queue_13"):
Request Successful!01-30 17:49:23
Request Successful!01-30 17:50:25
Request Successful!01-30 17:51:27
Request Successful!01-30 17:52:28
Request Successful!01-30 17:53:30
Request Successful!01-30 17:54:31
Request Successful!01-30 17:55:33
Request Successful!01-30 17:56:34
Request Successful!01-30 17:57:36
Request Successful!01-30 17:58:37
Request Successful!01-30 17:59:39
Request Successful!01-30 18:00:41
Request Successful!01-30 18:01:42
Request Successful!01-30 18:02:44
Request Successful!01-30 18:03:45
Request Successful!01-30 18:04:48
Request Successful!01-30 18:05:51
Request Successful!01-30 18:06:52
Request Successful!01-30 18:07:54
Request Successful!01-30 18:08:56
New alert more than 5 minutes! See details below: 
CRITICAL
for 1m 36s
Soft 1/2
B2Bi queue health: "B2Bi Logger 16"
on
B2Bi Application Server - Stream 1C
CRITICAL - Queue "B2Bi Logger 16" ("logger_1577"/"queue_13"):
Request Successful!01-30 18:10:07
Request Successful!01-30 18:11:09
Request Successful!01-30 18:12:10
Request Successful!01-30 18:13:12
Request Successful!01-30 18:14:13
Request Successful!01-30 18:15:15
Request Successful!01-30 18:16:16
Request Successful!01-30 18:17:18
Request Successful!01-30 18:18:19
Request Successful!01-30 18:19:21
Request Successful!01-30 18:20:23
Request Successful!01-30 18:21:24
Request Successful!01-30 18:22:26
Request Successful!01-30 18:23:27
Request Successful!01-30 18:24:29
Request Successful!01-30 18:25:31
Request Successful!01-30 18:26:32
Request Successful!01-30 18:27:34
Request Successful!01-30 18:28:35
Request Successful!01-30 18:29:37
Request Successful!01-30 18:30:38
Request Successful!01-30 18:31:40
Request Successful!01-30 18:32:42
Request Successful!01-30 18:33:43
Request Successful!01-30 18:34:45
Request Successful!01-30 18:35:46
Request Successful!01-30 18:36:48
Request Successful!01-30 18:37:49
New alert more than 5 minutes! See details below: 
CRITICAL
for 1m 35s
Soft 1/2
B2Bi queue health: "B2Bi Logger 18"
on
B2Bi Application Server - Stream 3A (Multicluster)
CRITICAL - Queue "B2Bi Logger 18" ("logger_1044"/"queue_16"):
Request Successful!01-30 18:39:01
Request Successful!01-30 18:40:02
Request Successful!01-30 18:41:04
Request Successful!01-30 18:42:05
Request Successful!01-30 18:43:07
Request Successful!01-30 18:44:09
Request Successful!01-30 18:45:10
Request Successful!01-30 18:46:12
Request Successful!01-30 18:47:13
Request Successful!01-30 18:48:15
Request Successful!01-30 18:49:16
New alert more than 5 minutes! See details below: 
CRITICAL
for 1m 55s
B2Bi queue health: "B2Bi CI HME - PROD_Framework_Parallel_001.Z_Local_402_Serial_Out_20_InhouseEnveloper(Inhouse)_4_SAG_ETGOIT_HM"
on
B2Bi Application Server - Stream 1B
CRITICAL - Queue "B2Bi CI HME - PROD_Framework_Parallel_001.Z_Local_402_Serial_Out_20_InhouseEnveloper(Inhouse)_4_SAG_ETGOIT_HM" ("hierchmessage_11217"/"queue_13"):
Request Successful!01-30 18:50:28
New alert more than 5 minutes! See details below: 
CRITICAL
for 1m 33s
Soft 1/2
B2Bi queue health: "B2Bi Logger 12"
on
B2Bi Application Server - Stream 2A (Multicluster - VIP)
CRITICAL - Queue "B2Bi Logger 12" ("logger_1032"/"queue_16"):
Request Successful!01-30 18:51:40
Request Successful!01-30 18:52:41
Request Successful!01-30 18:53:43
Request Successful!01-30 18:54:45
Request Successful!01-30 18:55:46
Request Successful!01-30 18:56:48
Request Successful!01-30 18:57:49
Request Successful!01-30 18:58:51
Request Successful!01-30 18:59:52
Request Successful!01-30 19:00:54
Request Successful!01-30 19:01:55
Request Successful!01-30 19:02:57
Request Successful!01-30 19:03:59
Request Successful!01-30 19:05:00
Request Successful!01-30 19:06:02
Request Successful!01-30 19:07:09
Request Successful!01-30 19:08:13
Request Successful!01-30 19:09:14
Request Successful!01-30 19:10:16
Request Successful!01-30 19:11:18
Request Successful!01-30 19:12:19
Request Successful!01-30 19:13:21
Request Successful!01-30 19:14:22
Request Successful!01-30 19:15:24
Request Successful!01-30 19:16:25
Request Successful!01-30 19:17:27
Request Successful!01-30 19:18:29
Request Successful!01-30 19:19:30
Request Successful!01-30 19:20:32
Request Successful!01-30 19:21:33
Request Successful!01-30 19:22:35
Request Successful!01-30 19:23:36
Request Successful!01-30 19:24:38
Request Successful!01-30 19:25:40
Request Successful!01-30 19:26:41
Request Successful!01-30 19:27:43
Request Successful!01-30 19:28:44
Request Successful!01-30 19:29:46
Request Successful!01-30 19:30:47
Request Successful!01-30 19:31:49
Request Successful!01-30 19:32:50
Request Successful!01-30 19:33:52
Request Successful!01-30 19:34:54
New alert more than 5 minutes! See details below: 
CRITICAL
for 1m 15s
Soft 1/2
B2Bi queue health: "B2Bi Logger 5"
on
B2Bi Application Server - Stream 3A (Multicluster)
CRITICAL - Queue "B2Bi Logger 5" ("logger_1018"/"queue_16"):
Request Successful!01-30 19:36:05
Request Successful!01-30 19:37:07
Request Successful!01-30 19:38:08
Request Successful!01-30 19:39:10
Request Successful!01-30 19:40:11
Request Successful!01-30 19:41:13
Request Successful!01-30 19:42:15
Request Successful!01-30 19:43:16
Request Successful!01-30 19:44:18
Request Successful!01-30 19:45:19
New alert more than 5 minutes! See details below: 
CRITICAL
for 1m 6s
Soft 1/2
JMS Loop - Send test file to scintilla and expect it back.
on
B2Bi Application Server - Stream 1B
Timed out waiting for test file after 570 seconds.
Request Successful!01-30 19:46:31
New alert more than 5 minutes! See details below: 
CRITICAL
for 2m 17s
Soft 1/2
JMS Loop - Send test file to scintilla and expect it back.
on
B2Bi Application Server - Stream 1B
Timed out waiting for test file after 570 seconds.
Request Successful!01-30 19:47:43
New alert more than 5 minutes! See details below: 
CRITICAL
for 1m 50s
Soft 1/2
B2Bi queue health: "B2Bi CI HME - PROD_Framework_Parallel_001.Z_Local_202_Serial_Dyn_10_ExecuteMasterDynMBC_HM"
on
B2Bi Application Server - Stream 1C
CRITICAL - Queue "B2Bi CI HME - PROD_Framework_Parallel_001.Z_Local_202_Serial_Dyn_10_ExecuteMasterDynMBC_HM" ("hierchmessage_7365"/"queue_13"):
Request Successful!01-30 19:48:54
Request Successful!01-30 19:49:56
Request Successful!01-30 19:50:57
Request Successful!01-30 19:51:59
Request Successful!01-30 19:53:00
Request Successful!01-30 19:54:02
Request Successful!01-30 19:55:03
Request Successful!01-30 19:56:05
Request Successful!01-30 19:57:06
Request Successful!01-30 19:58:08
Request Successful!01-30 19:59:09
Request Successful!01-30 20:00:11
Request Successful!01-30 20:01:12
Request Successful!01-30 20:02:14
Request Successful!01-30 20:03:16
Request Successful!01-30 20:04:17
Request Successful!01-30 20:05:19
Request Successful!01-30 20:06:20
Request Successful!01-30 20:07:22
New alert more than 5 minutes! See details below: 
CRITICAL
for 1m 6s
Soft 1/2
B2Bi queue health: "B2Bi Logger 5"
on
B2Bi Application Server - Stream 3A (Multicluster)
CRITICAL - Queue "B2Bi Logger 5" ("logger_1018"/"queue_16"):
New alert more than 5 minutes! See details below: 
CRITICAL
for 1m 18s
B2Bi queue health: "B2Bi CI HME - PROD_Framework_Parallel_001.Z_Local_402_Serial_Out_20_InhouseEnveloper(Inhouse)_4_SAG_ETGOIT_HM"
on
B2Bi Application Server - Stream 1B
CRITICAL - Queue "B2Bi CI HME - PROD_Framework_Parallel_001.Z_Local_402_Serial_Out_20_InhouseEnveloper(Inhouse)_4_SAG_ETGOIT_HM" ("hierchmessage_11217"/"queue_13"):
Request Successful!01-30 20:08:42
New alert more than 5 minutes! See details below: 
CRITICAL
for 2m 38s
B2Bi queue health: "B2Bi CI HME - PROD_Framework_Parallel_001.Z_Local_402_Serial_Out_20_InhouseEnveloper(Inhouse)_4_SAG_ETGOIT_HM"
on
B2Bi Application Server - Stream 1B
CRITICAL - Queue "B2Bi CI HME - PROD_Framework_Parallel_001.Z_Local_402_Serial_Out_20_InhouseEnveloper(Inhouse)_4_SAG_ETGOIT_HM" ("hierchmessage_11217"/"queue_13"):
Request Successful!01-30 20:09:54
Request Successful!01-30 20:10:55
Request Successful!01-30 20:11:57
Request Successful!01-30 20:12:59
Request Successful!01-30 20:14:00
Request Successful!01-30 20:15:02
Request Successful!01-30 20:16:03
Request Successful!01-30 20:17:05
Request Successful!01-30 20:18:06
Request Successful!01-30 20:19:08
Request Successful!01-30 20:20:10
Request Successful!01-30 20:21:11
Request Successful!01-30 20:22:13
Request Successful!01-30 20:23:14
Request Successful!01-30 20:24:16
Request Successful!01-30 20:25:17
Request Successful!01-30 20:26:19
Request Successful!01-30 20:27:20
Request Successful!01-30 20:28:22
Request Successful!01-30 20:29:23
Request Successful!01-30 20:30:25
Request Successful!01-30 20:31:26
Request Successful!01-30 20:32:28
Request Successful!01-30 20:33:29
Request Successful!01-30 20:34:31
Request Successful!01-30 20:35:32
Request Successful!01-30 20:36:34
Request Successful!01-30 20:37:35
Request Successful!01-30 20:38:36
Request Successful!01-30 20:39:38
Request Successful!01-30 20:40:39
Request Successful!01-30 20:41:40
Request Successful!01-30 20:42:42
Request Successful!01-30 20:43:43
Request Successful!01-30 20:44:44
Request Successful!01-30 20:45:46
Request Successful!01-30 20:46:47
Request Successful!01-30 20:47:49
Request Successful!01-30 20:48:50
New alert more than 5 minutes! See details below: 
CRITICAL
for 1m 33s
Soft 1/2
B2Bi queue health: "B2Bi CI HME - PROD_Framework_Parallel_001.Z_Local_402_Serial_Out_20_InhouseEnveloper(Inhouse)_4_SAG_ETGOIT_HM"
on
B2Bi Application Server - Stream 1B
CRITICAL - Queue "B2Bi CI HME - PROD_Framework_Parallel_001.Z_Local_402_Serial_Out_20_InhouseEnveloper(Inhouse)_4_SAG_ETGOIT_HM" ("hierchmessage_11217"/"queue_13"):
Request Successful!01-30 20:50:02
Request Successful!01-30 20:51:03
Request Successful!01-30 20:52:05
Request Successful!01-30 20:53:06
Request Successful!01-30 20:54:08
Request Successful!01-30 20:55:09
Request Successful!01-30 20:56:11
Request Successful!01-30 20:57:12
Request Successful!01-30 20:58:14
Request Successful!01-30 20:59:16
Request Successful!01-30 21:00:17
Request Successful!01-30 21:01:19
Request Successful!01-30 21:02:20
Request Successful!01-30 21:03:22
Request Successful!01-30 21:04:23
Request Successful!01-30 21:05:25
New alert more than 5 minutes! See details below: 
CRITICAL
for 1m 52s
B2Bi queue health: "B2Bi CI HME - PROD_Framework_Parallel_001.Z_Local_402_Serial_Out_20_InhouseEnveloper(Inhouse)_4_SAG_ETGOIT_HM"
on
B2Bi Application Server - Stream 1B
CRITICAL - Queue "B2Bi CI HME - PROD_Framework_Parallel_001.Z_Local_402_Serial_Out_20_InhouseEnveloper(Inhouse)_4_SAG_ETGOIT_HM" ("hierchmessage_11217"/"queue_13"):
Request Successful!01-30 21:06:36
Request Successful!01-30 21:07:38
Request Successful!01-30 21:08:39
Request Successful!01-30 21:09:41
Request Successful!01-30 21:10:43
Request Successful!01-30 21:11:44
Request Successful!01-30 21:12:46
Request Successful!01-30 21:13:47
Request Successful!01-30 21:14:49
Request Successful!01-30 21:15:50
New alert more than 5 minutes! See details below: 
CRITICAL
for 1m 16s
Soft 1/2
B2Bi queue health: "B2Bi Logger 15"
on
B2Bi Application Server - Stream 2B (Multicluster - VIP)
CRITICAL - Queue "B2Bi Logger 15" ("logger_1038"/"queue_16"):
Request Successful!01-30 21:17:02
Request Successful!01-30 21:18:03
Request Successful!01-30 21:19:05
Request Successful!01-30 21:20:07
Request Successful!01-30 21:21:08
Request Successful!01-30 21:22:10
New alert more than 5 minutes! See details below: 
CRITICAL
for 1m 49s
Soft 1/2
B2Bi queue health: "B2Bi CI HME - PROD_Framework_Parallel_001.201_Serial_Dyn_10_ExecuteMasterDynMBC_HM"
on
B2Bi Application Server - Stream 1A
CRITICAL - Queue "B2Bi CI HME - PROD_Framework_Parallel_001.201_Serial_Dyn_10_ExecuteMasterDynMBC_HM" ("hierchmessage_2215"/"queue_13"):
Request Successful!01-30 21:23:21
New alert more than 5 minutes! See details below: 
CRITICAL
for 1m 56s
Soft 1/2
B2Bi queue health: "B2Bi Logger 16"
on
B2Bi Application Server - Stream 3D (Multicluster)
CRITICAL - Queue "B2Bi Logger 16" ("logger_1040"/"queue_16"):
Request Successful!01-30 21:24:33
Request Successful!01-30 21:25:34
Request Successful!01-30 21:26:36
Request Successful!01-30 21:27:37
Request Successful!01-30 21:28:39
Request Successful!01-30 21:29:41
Request Successful!01-30 21:30:42
Request Successful!01-30 21:31:44
Request Successful!01-30 21:32:45
Request Successful!01-30 21:33:46
Request Successful!01-30 21:34:48
Request Successful!01-30 21:35:49
Request Successful!01-30 21:36:51
Request Successful!01-30 21:37:52
Request Successful!01-30 21:38:54
Request Successful!01-30 21:39:55
Request Successful!01-30 21:40:57
Request Successful!01-30 21:41:59
Request Successful!01-30 21:43:00
Request Successful!01-30 21:44:02
New alert more than 5 minutes! See details below: 
CRITICAL
for 1m 29s
Soft 1/2
B2Bi queue health: "B2Bi Logger 17"
on
B2Bi Application Server - Stream 3B (Multicluster)
CRITICAL - Queue "B2Bi Logger 17" ("logger_1042"/"queue_16"):
Request Successful!01-30 21:45:13
Request Successful!01-30 21:46:15
Request Successful!01-30 21:47:16
New alert more than 5 minutes! See details below: 
CRITICAL
for 1m 37s
Soft 1/2
B2Bi queue health: "B2Bi Logger 19"
on
B2Bi Application Server - Stream 1A
CRITICAL - Queue "B2Bi Logger 19" ("logger_12913"/"queue_13"):
Request Successful!01-30 21:48:28
Request Successful!01-30 21:49:29
Request Successful!01-30 21:50:31
Request Successful!01-30 21:51:32
Request Successful!01-30 21:52:34
Request Successful!01-30 21:53:35
Request Successful!01-30 21:54:37
New alert more than 5 minutes! See details below: 
CRITICAL
for 1m 38s
Soft 1/2
B2Bi queue health: "B2Bi Logger 11"
on
B2Bi Application Server - Stream 1C
CRITICAL - Queue "B2Bi Logger 11" ("logger_1567"/"queue_13"):
Request Successful!01-30 21:55:48
Request Successful!01-30 21:56:49
Request Successful!01-30 21:57:50
Request Successful!01-30 21:58:52
Request Successful!01-30 21:59:53
Request Successful!01-30 22:00:54
Request Successful!01-30 22:01:56
New alert more than 5 minutes! See details below: 
CRITICAL
for 1m 2s
Soft 1/2
B2Bi queue health: "B2Bi CI HME - PROD_Framework_Parallel_001.Z_Local_202_Serial_Dyn_10_ExecuteMasterDynMBC_HM"
on
B2Bi Application Server - Stream 1C
CRITICAL - Queue "B2Bi CI HME - PROD_Framework_Parallel_001.Z_Local_202_Serial_Dyn_10_ExecuteMasterDynMBC_HM" ("hierchmessage_7365"/"queue_13"):
Request Successful!01-30 22:03:06
Request Successful!01-30 22:04:10
New alert more than 5 minutes! See details below: 
CRITICAL
for 1m 48s
Soft 1/2
B2Bi queue health: "B2Bi CI HME - PROD_Framework_Parallel_001.Z_Local_402_Serial_Out_20_InhouseEnveloper(Inhouse)_4_SAG_ETGOIT_HM"
on
B2Bi Application Server - Stream 1B
CRITICAL - Queue "B2Bi CI HME - PROD_Framework_Parallel_001.Z_Local_402_Serial_Out_20_InhouseEnveloper(Inhouse)_4_SAG_ETGOIT_HM" ("hierchmessage_11217"/"queue_13"):
Request Successful!01-30 22:05:27
Request Successful!01-30 22:06:28
Request Successful!01-30 22:07:30
Request Successful!01-30 22:08:31
Request Successful!01-30 22:09:32
Request Successful!01-30 22:10:34
Request Successful!01-30 22:11:35
Request Successful!01-30 22:12:37
Request Successful!01-30 22:13:38
Request Successful!01-30 22:14:40
Request Successful!01-30 22:15:41
Request Successful!01-30 22:16:43
Request Successful!01-30 22:17:44
Request Successful!01-30 22:18:46
Request Successful!01-30 22:19:47
New alert more than 5 minutes! See details below: 
CRITICAL
for 1m 12s
B2Bi queue health: "B2Bi CI HME - PROD_Framework_Parallel_001.Z_Local_402_Serial_Out_20_InhouseEnveloper(Inhouse)_4_SAG_ETGOIT_HM"
on
B2Bi Application Server - Stream 1B
CRITICAL - Queue "B2Bi CI HME - PROD_Framework_Parallel_001.Z_Local_402_Serial_Out_20_InhouseEnveloper(Inhouse)_4_SAG_ETGOIT_HM" ("hierchmessage_11217"/"queue_13"):
Request Successful!01-30 22:20:58
New alert more than 5 minutes! See details below: 
CRITICAL
for 2m 22s
B2Bi queue health: "B2Bi CI HME - PROD_Framework_Parallel_001.Z_Local_402_Serial_Out_20_InhouseEnveloper(Inhouse)_4_SAG_ETGOIT_HM"
on
B2Bi Application Server - Stream 1B
CRITICAL - Queue "B2Bi CI HME - PROD_Framework_Parallel_001.Z_Local_402_Serial_Out_20_InhouseEnveloper(Inhouse)_4_SAG_ETGOIT_HM" ("hierchmessage_11217"/"queue_13"):
Request Successful!01-30 22:22:09
Request Successful!01-30 22:23:11
Request Successful!01-30 22:24:12
Request Successful!01-30 22:25:14
Request Successful!01-30 22:26:15
Request Successful!01-30 22:27:17
Request Successful!01-30 22:28:18
Request Successful!01-30 22:29:20
Request Successful!01-30 22:30:21
Request Successful!01-30 22:31:23
Request Successful!01-30 22:32:24
Request Successful!01-30 22:33:26
Request Successful!01-30 22:34:27
Request Successful!01-30 22:35:29
Request Successful!01-30 22:36:31
New alert more than 5 minutes! See details below: 
CRITICAL
for 1m 17s
Soft 1/2
B2Bi queue health: "B2Bi Logger 8"
on
B2Bi Application Server - Stream 3A (Multicluster)
CRITICAL - Queue "B2Bi Logger 8" ("logger_1024"/"queue_16"):
Request Successful!01-30 22:37:42
Request Successful!01-30 22:38:43
Request Successful!01-30 22:39:45
Request Successful!01-30 22:40:46
Request Successful!01-30 22:41:47
Request Successful!01-30 22:42:49
Request Successful!01-30 22:43:50
Request Successful!01-30 22:44:51
Request Successful!01-30 22:45:53
Request Successful!01-30 22:46:54
Request Successful!01-30 22:47:56
Request Successful!01-30 22:48:57
Request Successful!01-30 22:49:59
Request Successful!01-30 22:51:00
Request Successful!01-30 22:52:01
Request Successful!01-30 22:53:03
Request Successful!01-30 22:54:04
Request Successful!01-30 22:55:06
Request Successful!01-30 22:56:07
Request Successful!01-30 22:57:08
Request Successful!01-30 22:58:10
Request Successful!01-30 22:59:11
Request Successful!01-30 23:00:13
Request Successful!01-30 23:01:14
Request Successful!01-30 23:02:15
Request Successful!01-30 23:03:17
Request Successful!01-30 23:04:18
Request Successful!01-30 23:05:20
Request Successful!01-30 23:06:22
