Request Successful!07-19 18:11:24
Request Successful!07-19 18:14:26
Request Successful!07-19 18:17:27
Request Successful!07-19 18:20:28
Request Successful!07-19 18:23:30
Request Successful!07-19 18:26:31
Request Successful!07-19 18:29:33
Request Successful!07-19 18:32:34
Request Successful!07-19 18:35:36
Request Successful!07-19 18:38:37
Request Successful!07-19 18:41:39
Request Successful!07-19 18:44:41
Request Successful!07-19 18:47:42
Request Successful!07-19 18:50:44
Request Successful!07-19 18:53:45
Request Successful!07-19 18:56:47
Request Successful!07-19 18:59:49
Request Successful!07-19 19:02:50
Request Successful!07-19 19:05:52
Request Successful!07-19 19:08:53
Request Successful!07-19 19:11:55
Request Successful!07-19 19:14:57
Request Successful!07-19 19:17:58
Request Successful!07-19 19:21:00
Request Successful!07-19 19:24:01
Request Successful!07-19 19:27:02
Request Successful!07-19 19:30:04
Request Successful!07-19 19:33:05
Request Successful!07-19 19:36:07
Request Successful!07-19 19:39:08
Request Successful!07-19 19:42:10
Request Successful!07-19 19:45:11
Request Successful!07-19 19:48:13
Request Successful!07-19 19:51:15
New alert more than 5 minutes! See details below: 
CRITICAL
for 3m 29s
B2Bi queue health: "B2Bi CI HME - PROD_Framework_Parallel_001.Z_Local_402_Serial_Out_20_InhouseEnveloper(Inhouse)_4_SAG_ETGOIT_HM"
on
B2Bi Application Server - Stream 1B
CRITICAL - Queue "B2Bi CI HME - PROD_Framework_Parallel_001.Z_Local_402_Serial_Out_20_InhouseEnveloper(Inhouse)_4_SAG_ETGOIT_HM" ("hierchmessage_11217"/"queue_13"):
Request Successful!07-19 19:54:28
New alert more than 5 minutes! See details below: 
CRITICAL
for 6m 42s
B2Bi queue health: "B2Bi CI HME - PROD_Framework_Parallel_001.Z_Local_402_Serial_Out_20_InhouseEnveloper(Inhouse)_4_SAG_ETGOIT_HM"
on
B2Bi Application Server - Stream 1B
CRITICAL - Queue "B2Bi CI HME - PROD_Framework_Parallel_001.Z_Local_402_Serial_Out_20_InhouseEnveloper(Inhouse)_4_SAG_ETGOIT_HM" ("hierchmessage_11217"/"queue_13"):
Request Successful!07-19 19:57:39
Request Successful!07-19 20:24:58
Request Successful!07-19 20:27:59
Request Successful!07-19 20:31:01
Request Successful!07-19 20:34:03
New alert more than 5 minutes! See details below: 
CRITICAL
for 4m 55s
B2Bi queue health: "B2Bi CI HME - PROD_Framework_Parallel_001.Z_Local_402_Serial_Out_20_InhouseEnveloper(Inhouse)_4_SAG_ETGOIT_HM"
on
B2Bi Application Server - Stream 1B
CRITICAL - Queue "B2Bi CI HME - PROD_Framework_Parallel_001.Z_Local_402_Serial_Out_20_InhouseEnveloper(Inhouse)_4_SAG_ETGOIT_HM" ("hierchmessage_11217"/"queue_13"):
Request Successful!07-19 20:37:14
New alert more than 5 minutes! See details below: 
CRITICAL
for 5m 29s
B2Bi queue health: "B2Bi CI HME - PROD_Framework_Parallel_001.101_Parallel_Inb_10_FetchRef_HM"
on
B2Bi Application Server - Stream 3A (Multicluster)
CRITICAL - Queue "B2Bi CI HME - PROD_Framework_Parallel_001.101_Parallel_Inb_10_FetchRef_HM" ("hierchmessage_9799"/"queue_16"):
Request Successful!07-19 20:40:26
Request Successful!07-19 20:43:27
Request Successful!07-19 20:46:29
Request Successful!07-19 20:49:31
Request Successful!07-19 20:52:32
Request Successful!07-19 20:55:34
Request Successful!07-19 20:58:35
Request Successful!07-19 21:01:37
Request Successful!07-19 21:04:39
Request Successful!07-19 21:07:40
Request Successful!07-19 21:10:42
Request Successful!07-19 21:13:43
Request Successful!07-19 21:16:45
New alert more than 5 minutes! See details below: 
CRITICAL
for 3m 39s
Check if we still can connect to ftp.sword.dbschenker.com using ftp.
on
b2biprdxsr1.sl3.comp.db.de
CRITICAL : No data received from host
Request Successful!07-19 21:19:57
Request Successful!07-19 21:22:58
Request Successful!07-19 21:25:59
Request Successful!07-19 21:29:01
Request Successful!07-19 21:32:02
Request Successful!07-19 21:35:04
Request Successful!07-19 21:38:05
Request Successful!07-19 21:41:07
Request Successful!07-19 21:44:08
New alert more than 5 minutes! See details below: 
CRITICAL
for 4m 50s
Check if we still can connect to ftp.sword.dbschenker.com host using ssh.
on
b2biprdxsr7.sl3.comp.db.de
CRITICAL : Server answer:
New alert more than 5 minutes! See details below: 
CRITICAL
for 4m 50s
Check if we still can connect to ftp.sword.dbschenker.com host using ssh.
on
b2biprdxsr1.sl3.comp.db.de
CRITICAL : Server answer:
New alert more than 5 minutes! See details below: 
CRITICAL
for 4m 57s
Check if we still can connect to ftp.sword.dbschenker.com host using ssh.
on
b2biprdxsr5.sl3.comp.db.de
CRITICAL : Server answer:
Request Successful!07-19 21:47:39
Request Successful!07-19 21:50:41
Request Successful!07-19 21:53:42
Request Successful!07-19 21:56:44
Request Successful!07-19 21:59:45
Request Successful!07-19 22:02:47
Request Successful!07-19 22:05:49
Request Successful!07-19 22:08:51
Request Successful!07-19 22:11:52
Request Successful!07-19 22:14:54
Request Successful!07-19 22:17:55
Request Successful!07-19 22:20:57
Request Successful!07-19 22:23:59
Request Successful!07-19 22:27:00
Request Successful!07-19 22:30:01
Request Successful!07-19 22:33:03
Request Successful!07-19 22:36:04
Request Successful!07-19 22:39:06
Request Successful!07-19 22:42:07
Request Successful!07-19 22:45:08
Request Successful!07-19 22:48:10
Request Successful!07-19 22:51:11
Request Successful!07-19 22:54:12
Request Successful!07-19 22:57:14
Request Successful!07-19 23:00:16
Request Successful!07-19 23:03:17
