Request Successful!04-29 17:41:20
Request Successful!04-29 17:42:22
Request Successful!04-29 17:43:24
Request Successful!04-29 17:44:26
Request Successful!04-29 17:45:28
Request Successful!04-29 17:46:30
Request Successful!04-29 17:47:32
Request Successful!04-29 17:48:34
Request Successful!04-29 17:49:35
Request Successful!04-29 17:50:37
Request Successful!04-29 17:51:39
Request Successful!04-29 17:52:41
Request Successful!04-29 17:53:43
Request Successful!04-29 17:54:45
Request Successful!04-29 17:55:47
Request Successful!04-29 17:56:49
Request Successful!04-29 17:57:50
Request Successful!04-29 17:58:52
Request Successful!04-29 17:59:54
Request Successful!04-29 18:00:56
Request Successful!04-29 18:01:58
Request Successful!04-29 18:03:00
Request Successful!04-29 18:04:01
Request Successful!04-29 18:05:03
Request Successful!04-29 18:06:05
Request Successful!04-29 18:07:06
Request Successful!04-29 18:08:08
Request Successful!04-29 18:09:10
Request Successful!04-29 18:10:11
Request Successful!04-29 18:11:13
Request Successful!04-29 18:12:15
Request Successful!04-29 18:13:16
Request Successful!04-29 18:14:18
Request Successful!04-29 18:15:20
Request Successful!04-29 18:16:21
Request Successful!04-29 18:17:23
Request Successful!04-29 18:18:24
Request Successful!04-29 18:19:26
Request Successful!04-29 18:20:27
Request Successful!04-29 18:21:29
Request Successful!04-29 18:22:31
Request Successful!04-29 18:23:32
Request Successful!04-29 18:24:34
Request Successful!04-29 18:25:35
Request Successful!04-29 18:26:37
Request Successful!04-29 18:27:39
Request Successful!04-29 18:28:40
Request Successful!04-29 18:29:42
Request Successful!04-29 18:30:43
Request Successful!04-29 18:31:45
Request Successful!04-29 18:32:46
Request Successful!04-29 18:33:48
Request Successful!04-29 18:34:50
Request Successful!04-29 18:35:51
Request Successful!04-29 18:36:53
Request Successful!04-29 18:37:54
Request Successful!04-29 18:38:56
Request Successful!04-29 18:39:58
Request Successful!04-29 18:40:59
Request Successful!04-29 18:42:01
Request Successful!04-29 18:43:02
Request Successful!04-29 18:44:04
Request Successful!04-29 18:45:05
Request Successful!04-29 18:46:07
Request Successful!04-29 18:47:08
Request Successful!04-29 18:48:10
Request Successful!04-29 18:49:12
Request Successful!04-29 18:50:13
Request Successful!04-29 18:51:15
Request Successful!04-29 18:52:17
Request Successful!04-29 18:53:18
Request Successful!04-29 18:54:20
Request Successful!04-29 18:55:21
Request Successful!04-29 18:56:23
Request Successful!04-29 18:57:25
Request Successful!04-29 18:58:26
Request Successful!04-29 18:59:28
Request Successful!04-29 19:00:30
Request Successful!04-29 19:01:31
Request Successful!04-29 19:02:33
Request Successful!04-29 19:03:35
Request Successful!04-29 19:04:36
Request Successful!04-29 19:05:38
Request Successful!04-29 19:06:40
Request Successful!04-29 19:07:41
Request Successful!04-29 19:08:43
Request Successful!04-29 19:09:45
Request Successful!04-29 19:10:46
Request Successful!04-29 19:11:48
Request Successful!04-29 19:12:49
Request Successful!04-29 19:13:51
Request Successful!04-29 19:14:53
Request Successful!04-29 19:15:54
Request Successful!04-29 19:16:56
Request Successful!04-29 19:17:58
Request Successful!04-29 19:18:59
Request Successful!04-29 19:20:01
Request Successful!04-29 19:21:02
Request Successful!04-29 19:22:04
Request Successful!04-29 19:23:06
Request Successful!04-29 19:24:07
Request Successful!04-29 19:25:09
Request Successful!04-29 19:26:11
Request Successful!04-29 19:27:12
Request Successful!04-29 19:28:14
Request Successful!04-29 19:29:16
Request Successful!04-29 19:30:17
Request Successful!04-29 19:31:19
Request Successful!04-29 19:32:20
Request Successful!04-29 19:33:22
Request Successful!04-29 19:34:24
Request Successful!04-29 19:35:25
Request Successful!04-29 19:36:27
Request Successful!04-29 19:37:29
Request Successful!04-29 19:38:30
Request Successful!04-29 19:39:32
Request Successful!04-29 19:40:34
Request Successful!04-29 19:41:36
Request Successful!04-29 19:42:37
Request Successful!04-29 19:43:39
Request Successful!04-29 19:44:41
Request Successful!04-29 19:45:42
Request Successful!04-29 19:46:44
Request Successful!04-29 19:47:45
Request Successful!04-29 19:48:47
Request Successful!04-29 19:49:49
Request Successful!04-29 19:50:50
Request Successful!04-29 19:51:52
Request Successful!04-29 19:52:54
Request Successful!04-29 19:53:55
Request Successful!04-29 19:54:57
Request Successful!04-29 19:55:59
Request Successful!04-29 19:57:01
Request Successful!04-29 19:58:02
Request Successful!04-29 19:59:04
Request Successful!04-29 20:00:06
Request Successful!04-29 20:01:07
Request Successful!04-29 20:02:09
Request Successful!04-29 20:03:11
Request Successful!04-29 20:04:12
Request Successful!04-29 20:05:14
Request Successful!04-29 20:06:18
Request Successful!04-29 20:07:20
Request Successful!04-29 20:08:22
Request Successful!04-29 20:09:23
Request Successful!04-29 20:10:25
Request Successful!04-29 20:11:27
Request Successful!04-29 20:12:28
Request Successful!04-29 20:13:30
Request Successful!04-29 20:14:32
Request Successful!04-29 20:15:33
Request Successful!04-29 20:16:37
Request Successful!04-29 20:17:41
Request Successful!04-29 20:18:43
Request Successful!04-29 20:19:44
Request Successful!04-29 20:20:46
Request Successful!04-29 20:21:48
Request Successful!04-29 20:22:50
Request Successful!04-29 20:23:51
Request Successful!04-29 20:24:53
Request Successful!04-29 20:25:54
Request Successful!04-29 20:26:56
Request Successful!04-29 20:27:58
Request Successful!04-29 20:28:59
Request Successful!04-29 20:30:01
Request Successful!04-29 20:31:03
Request Successful!04-29 20:32:04
Request Successful!04-29 20:33:06
Request Successful!04-29 20:34:07
Request Successful!04-29 20:35:09
Request Successful!04-29 20:36:11
Request Successful!04-29 20:37:12
Request Successful!04-29 20:38:14
Request Successful!04-29 20:39:16
Request Successful!04-29 20:40:17
Request Successful!04-29 20:41:19
Request Successful!04-29 20:42:21
Request Successful!04-29 20:43:23
Request Successful!04-29 20:44:24
Request Successful!04-29 20:45:26
Request Successful!04-29 20:46:27
Request Successful!04-29 20:47:29
Request Successful!04-29 20:48:31
Request Successful!04-29 20:49:32
Request Successful!04-29 20:50:34
Request Successful!04-29 20:51:35
Request Successful!04-29 20:52:37
Request Successful!04-29 20:53:38
Request Successful!04-29 20:54:40
Request Successful!04-29 20:55:42
Request Successful!04-29 20:56:43
Request Successful!04-29 20:57:45
Request Successful!04-29 20:58:47
Request Successful!04-29 20:59:48
Request Successful!04-29 21:00:50
Request Successful!04-29 21:01:52
Request Successful!04-29 21:02:53
Request Successful!04-29 21:03:55
Request Successful!04-29 21:04:57
Request Successful!04-29 21:05:58
Request Successful!04-29 21:07:00
Request Successful!04-29 21:08:02
Request Successful!04-29 21:09:04
Request Successful!04-29 21:10:05
Request Successful!04-29 21:11:07
Request Successful!04-29 21:12:08
Request Successful!04-29 21:13:10
Request Successful!04-29 21:14:12
Request Successful!04-29 21:15:13
Request Successful!04-29 21:16:15
Request Successful!04-29 21:17:17
Request Successful!04-29 21:18:18
Request Successful!04-29 21:19:20
Request Successful!04-29 21:20:21
Request Successful!04-29 21:21:23
Request Successful!04-29 21:22:25
Request Successful!04-29 21:23:26
Request Successful!04-29 21:24:28
Request Successful!04-29 21:25:30
Request Successful!04-29 21:26:32
Request Successful!04-29 21:27:33
Request Successful!04-29 21:28:35
New alert more than 5 minutes! See details below: 
CRITICAL
for 3m 42s
Check if we still can reach out to the world.
on
OFTP #2 Server Production
CRIT : All connection attempts to outside world failed!
Request Successful!04-29 21:29:47
New alert more than 5 minutes! See details below: 
CRITICAL
for 4m 55s
Check if we still can reach out to the world.
on
OFTP #2 Server Production
CRIT : All connection attempts to outside world failed!
Request Successful!04-29 21:31:00
Request Successful!04-29 21:32:01
Request Successful!04-29 21:33:03
Request Successful!04-29 21:34:05
Request Successful!04-29 21:35:06
Request Successful!04-29 21:36:08
Request Successful!04-29 21:37:10
Request Successful!04-29 21:38:11
Request Successful!04-29 21:39:13
Request Successful!04-29 21:40:15
Request Successful!04-29 21:41:16
Request Successful!04-29 21:42:18
Request Successful!04-29 21:43:20
Request Successful!04-29 21:44:21
Request Successful!04-29 21:45:24
Request Successful!04-29 21:46:27
HTTPSConnectionPool(host='b2biprddep1.sl3.comp.db.de', port=443): Max retries exceeded with url: /icingaweb2/monitoring/list/services?service_problem=1&sort=service_severity&dir=desc (Caused by SSLError(SSLEOFError(8, '[SSL: UNEXPECTED_EOF_WHILE_READING] EOF occurred in violation of protocol (_ssl.c:1006)')))
Request Successful!04-29 21:49:05
Request Successful!04-29 21:50:07
Request Successful!04-29 21:51:09
Request Successful!04-29 21:52:11
Request Successful!04-29 21:53:13
Request Successful!04-29 21:54:15
Request Successful!04-29 21:55:17
Request Successful!04-29 21:56:18
Request Successful!04-29 21:57:20
Request Successful!04-29 21:58:22
Request Successful!04-29 21:59:23
Request Successful!04-29 22:00:25
Request Successful!04-29 22:01:27
Request Successful!04-29 22:02:29
Request Successful!04-29 22:03:30
Request Successful!04-29 22:04:32
Request Successful!04-29 22:05:34
Request Successful!04-29 22:06:36
Request Successful!04-29 22:07:37
Request Successful!04-29 22:08:39
Request Successful!04-29 22:09:40
Request Successful!04-29 22:10:42
Request Successful!04-29 22:11:44
Request Successful!04-29 22:12:45
Request Successful!04-29 22:13:47
Request Successful!04-29 22:14:49
Request Successful!04-29 22:15:51
Request Successful!04-29 22:16:52
Request Successful!04-29 22:17:54
Request Successful!04-29 22:18:55
Request Successful!04-29 22:19:57
Request Successful!04-29 22:20:59
Request Successful!04-29 22:22:00
Request Successful!04-29 22:23:02
Request Successful!04-29 22:24:04
Request Successful!04-29 22:25:05
Request Successful!04-29 22:26:07
Request Successful!04-29 22:27:08
Request Successful!04-29 22:28:10
Request Successful!04-29 22:29:12
Request Successful!04-29 22:30:13
Request Successful!04-29 22:31:15
Request Successful!04-29 22:32:17
Request Successful!04-29 22:33:18
Request Successful!04-29 22:34:20
Request Successful!04-29 22:35:21
Request Successful!04-29 22:36:23
Request Successful!04-29 22:37:24
Request Successful!04-29 22:38:26
Request Successful!04-29 22:39:28
Request Successful!04-29 22:40:30
Request Successful!04-29 22:41:31
Request Successful!04-29 22:42:33
Request Successful!04-29 22:43:35
Request Successful!04-29 22:44:36
Request Successful!04-29 22:45:38
Request Successful!04-29 22:46:40
Request Successful!04-29 22:47:41
Request Successful!04-29 22:48:43
Request Successful!04-29 22:49:45
Request Successful!04-29 22:50:46
Request Successful!04-29 22:51:48
Request Successful!04-29 22:52:49
Request Successful!04-29 22:53:51
Request Successful!04-29 22:54:53
Request Successful!04-29 22:55:54
Request Successful!04-29 22:56:56
Request Successful!04-29 22:57:57
Request Successful!04-29 22:58:59
Request Successful!04-29 23:00:01
Request Successful!04-29 23:01:02
Request Successful!04-29 23:02:04
Request Successful!04-29 23:03:06
Request Successful!04-29 23:04:07
Request Successful!04-29 23:05:09
Request Successful!04-29 23:06:11
Request Successful!04-29 23:07:12
Request Successful!04-29 23:08:14
Request Successful!04-29 23:09:15
Request Successful!04-29 23:10:17
Request Successful!04-29 23:11:19
Request Successful!04-29 23:12:20
Request Successful!04-29 23:13:22
Request Successful!04-29 23:14:24
Request Successful!04-29 23:15:25
Request Successful!04-29 23:16:27
Request Successful!04-29 23:17:29
Request Successful!04-29 23:18:30
Request Successful!04-29 23:19:32
Request Successful!04-29 23:20:34
Request Successful!04-29 23:21:35
Request Successful!04-29 23:22:37
Request Successful!04-29 23:23:39
Request Successful!04-29 23:24:40
Request Successful!04-29 23:25:42
Request Successful!04-29 23:26:44
Request Successful!04-29 23:27:45
