Request Successful!04-01 15:47:01
Request Successful!04-01 15:48:02
Request Successful!04-01 15:49:04
New alert more than 5 minutes! See details below: 
CRITICAL
for 1m 39s
B2Bi queue health: "B2Bi CI HME - PROD_Framework_Parallel_001.Z_Local_402_Serial_Out_20_InhouseEnveloper(Inhouse)_4_SAG_ETGOIT_HM"
on
B2Bi Application Server - Stream 1B
CRITICAL - Queue "B2Bi CI HME - PROD_Framework_Parallel_001.Z_Local_402_Serial_Out_20_InhouseEnveloper(Inhouse)_4_SAG_ETGOIT_HM" ("hierchmessage_11217"/"queue_13"):
Request Successful!04-01 15:50:17
New alert more than 5 minutes! See details below: 
CRITICAL
for 2m 52s
B2Bi queue health: "B2Bi CI HME - PROD_Framework_Parallel_001.Z_Local_402_Serial_Out_20_InhouseEnveloper(Inhouse)_4_SAG_ETGOIT_HM"
on
B2Bi Application Server - Stream 1B
CRITICAL - Queue "B2Bi CI HME - PROD_Framework_Parallel_001.Z_Local_402_Serial_Out_20_InhouseEnveloper(Inhouse)_4_SAG_ETGOIT_HM" ("hierchmessage_11217"/"queue_13"):
Request Successful!04-01 15:51:29
Request Successful!04-01 15:52:31
Request Successful!04-01 15:53:32
Request Successful!04-01 15:54:34
Request Successful!04-01 15:55:36
Request Successful!04-01 15:56:37
Request Successful!04-01 15:57:39
Request Successful!04-01 15:58:40
Request Successful!04-01 15:59:42
Request Successful!04-01 16:00:43
Request Successful!04-01 16:01:45
Request Successful!04-01 16:02:46
Request Successful!04-01 16:03:48
Request Successful!04-01 16:04:49
Request Successful!04-01 16:05:51
Request Successful!04-01 16:06:52
Request Successful!04-01 16:07:54
Request Successful!04-01 16:08:56
Request Successful!04-01 16:09:57
Request Successful!04-01 16:10:59
Request Successful!04-01 16:12:01
Request Successful!04-01 16:13:03
Request Successful!04-01 16:14:04
Request Successful!04-01 16:15:06
Request Successful!04-01 16:16:08
Request Successful!04-01 16:17:10
New alert more than 5 minutes! See details below: 
CRITICAL
for 1m 37s
Soft 1/2
B2Bi queue health: "B2Bi Logger 7"
on
B2Bi Application Server - Stream 1C
CRITICAL - Queue "B2Bi Logger 7" ("logger_1559"/"queue_13"):
Request Successful!04-01 16:18:22
Request Successful!04-01 16:19:23
Request Successful!04-01 16:20:25
Request Successful!04-01 16:21:26
Request Successful!04-01 16:22:29
Request Successful!04-01 16:23:30
Request Successful!04-01 16:24:32
Request Successful!04-01 16:25:33
Request Successful!04-01 16:26:35
Request Successful!04-01 16:27:36
Request Successful!04-01 16:28:38
Request Successful!04-01 16:29:39
Request Successful!04-01 16:30:41
Request Successful!04-01 16:31:42
Request Successful!04-01 16:32:44
New alert more than 5 minutes! See details below: 
CRITICAL
for 1m 10s
Soft 1/2
B2Bi queue health: "B2Bi CI HME - PROD_Framework_Parallel_001.401_SerialSTD_Dyn_10_ExecuteMasterDynMBC_HM"
on
B2Bi Application Server - Stream 1C
CRITICAL - Queue "B2Bi CI HME - PROD_Framework_Parallel_001.401_SerialSTD_Dyn_10_ExecuteMasterDynMBC_HM" ("hierchmessage_7335"/"queue_13"):
Request Successful!04-01 16:33:55
Request Successful!04-01 16:34:57
Request Successful!04-01 16:35:58
Request Successful!04-01 16:37:00
Request Successful!04-01 16:38:03
Request Successful!04-01 16:39:04
Request Successful!04-01 16:40:06
Request Successful!04-01 16:41:07
Request Successful!04-01 16:42:09
Request Successful!04-01 16:43:11
Request Successful!04-01 16:44:13
Request Successful!04-01 16:45:14
Request Successful!04-01 16:46:16
Request Successful!04-01 16:47:18
Request Successful!04-01 16:48:20
Request Successful!04-01 16:49:22
Request Successful!04-01 16:50:23
Request Successful!04-01 16:51:25
Request Successful!04-01 16:52:27
Request Successful!04-01 16:53:29
Request Successful!04-01 16:54:30
Request Successful!04-01 16:55:32
Request Successful!04-01 16:56:34
Request Successful!04-01 16:57:36
Request Successful!04-01 16:58:38
Request Successful!04-01 16:59:41
Request Successful!04-01 17:00:43
Request Successful!04-01 17:01:45
Request Successful!04-01 17:02:47
Request Successful!04-01 17:03:49
Request Successful!04-01 17:04:51
Request Successful!04-01 17:05:52
Request Successful!04-01 17:06:55
Request Successful!04-01 17:07:57
Request Successful!04-01 17:08:58
Request Successful!04-01 17:10:01
Request Successful!04-01 17:11:05
Request Successful!04-01 17:12:07
Request Successful!04-01 17:13:09
Request Successful!04-01 17:14:11
Request Successful!04-01 17:15:12
Request Successful!04-01 17:16:14
Request Successful!04-01 17:17:16
New alert more than 5 minutes! See details below: 
CRITICAL
for 1m 16s
Soft 1/2
B2Bi queue health: "B2Bi Logger 9"
on
B2Bi Application Server - Stream 1C
CRITICAL - Queue "B2Bi Logger 9" ("logger_1563"/"queue_13"):
Request Successful!04-01 17:18:28
Request Successful!04-01 17:19:30
Request Successful!04-01 17:20:32
Request Successful!04-01 17:21:34
Request Successful!04-01 17:22:35
Request Successful!04-01 17:23:38
Request Successful!04-01 17:24:40
Request Successful!04-01 17:25:42
Request Successful!04-01 17:26:44
Request Successful!04-01 17:27:47
Request Successful!04-01 17:28:49
Request Successful!04-01 17:29:51
Request Successful!04-01 17:30:54
Request Successful!04-01 17:31:56
Request Successful!04-01 17:32:57
Request Successful!04-01 17:33:59
Request Successful!04-01 17:35:02
Request Successful!04-01 17:36:04
Request Successful!04-01 17:37:05
Request Successful!04-01 17:38:08
Request Successful!04-01 17:39:10
Request Successful!04-01 17:40:12
Request Successful!04-01 17:41:14
Request Successful!04-01 17:42:16
Request Successful!04-01 17:43:17
Request Successful!04-01 17:44:19
Request Successful!04-01 17:45:20
Request Successful!04-01 17:46:22
Request Successful!04-01 17:47:23
Request Successful!04-01 17:48:25
Request Successful!04-01 17:49:26
Request Successful!04-01 17:50:28
Request Successful!04-01 17:51:29
Request Successful!04-01 17:52:31
Request Successful!04-01 17:53:33
Request Successful!04-01 17:54:34
Request Successful!04-01 17:55:36
Request Successful!04-01 17:56:38
Request Successful!04-01 17:57:39
Request Successful!04-01 17:58:41
Request Successful!04-01 17:59:42
Request Successful!04-01 18:00:44
Request Successful!04-01 18:01:46
Request Successful!04-01 18:02:47
Request Successful!04-01 18:03:49
Request Successful!04-01 18:04:51
Request Successful!04-01 18:05:52
Request Successful!04-01 18:06:54
Request Successful!04-01 18:07:56
Request Successful!04-01 18:08:58
Request Successful!04-01 18:09:59
Request Successful!04-01 18:11:01
Request Successful!04-01 18:12:03
Request Successful!04-01 18:13:04
Request Successful!04-01 18:14:06
Request Successful!04-01 18:15:08
Request Successful!04-01 18:16:09
Request Successful!04-01 18:17:11
Request Successful!04-01 18:18:13
Request Successful!04-01 18:19:14
Request Successful!04-01 18:20:16
Request Successful!04-01 18:21:18
Request Successful!04-01 18:22:19
Request Successful!04-01 18:23:21
Request Successful!04-01 18:24:23
Request Successful!04-01 18:25:24
Request Successful!04-01 18:26:26
Request Successful!04-01 18:27:28
Request Successful!04-01 18:28:29
Request Successful!04-01 18:29:31
Request Successful!04-01 18:30:32
Request Successful!04-01 18:31:34
Request Successful!04-01 18:32:35
Request Successful!04-01 18:33:37
Request Successful!04-01 18:34:38
Request Successful!04-01 18:35:40
Request Successful!04-01 18:36:42
Request Successful!04-01 18:37:43
Request Successful!04-01 18:38:45
Request Successful!04-01 18:39:46
Request Successful!04-01 18:40:48
Request Successful!04-01 18:41:50
Request Successful!04-01 18:42:52
Request Successful!04-01 18:43:53
Request Successful!04-01 18:44:55
Request Successful!04-01 18:45:56
Request Successful!04-01 18:46:58
Request Successful!04-01 18:48:00
Request Successful!04-01 18:49:01
Request Successful!04-01 18:50:03
Request Successful!04-01 18:51:05
Request Successful!04-01 18:52:06
New alert more than 5 minutes! See details below: 
CRITICAL
for 1m 32s
Soft 1/2
B2Bi queue health: "B2Bi CI HME - PROD_Framework_Parallel_001.201_Serial_Dyn_10_ExecuteMasterDynMBC_HM"
on
B2Bi Application Server - Stream 1A
CRITICAL - Queue "B2Bi CI HME - PROD_Framework_Parallel_001.201_Serial_Dyn_10_ExecuteMasterDynMBC_HM" ("hierchmessage_2215"/"queue_13"):
Request Successful!04-01 18:53:18
Request Successful!04-01 18:54:20
Request Successful!04-01 18:55:21
Request Successful!04-01 18:56:23
Request Successful!04-01 18:57:25
Request Successful!04-01 18:58:26
Request Successful!04-01 18:59:28
Request Successful!04-01 19:00:30
Request Successful!04-01 19:01:31
Request Successful!04-01 19:02:33
Request Successful!04-01 19:03:35
Request Successful!04-01 19:04:37
Request Successful!04-01 19:05:38
Request Successful!04-01 19:06:40
Request Successful!04-01 19:07:42
Request Successful!04-01 19:08:43
Request Successful!04-01 19:09:45
Request Successful!04-01 19:10:46
Request Successful!04-01 19:11:48
Request Successful!04-01 19:12:49
Request Successful!04-01 19:13:51
Request Successful!04-01 19:14:52
Request Successful!04-01 19:15:54
Request Successful!04-01 19:16:55
Request Successful!04-01 19:17:57
Request Successful!04-01 19:18:58
Request Successful!04-01 19:20:00
Request Successful!04-01 19:21:01
Request Successful!04-01 19:22:03
Request Successful!04-01 19:23:04
Request Successful!04-01 19:24:06
Request Successful!04-01 19:25:07
Request Successful!04-01 19:26:09
Request Successful!04-01 19:27:10
Request Successful!04-01 19:28:12
Request Successful!04-01 19:29:13
Request Successful!04-01 19:30:15
Request Successful!04-01 19:31:16
Request Successful!04-01 19:32:18
Request Successful!04-01 19:33:20
Request Successful!04-01 19:34:21
Request Successful!04-01 19:35:23
Request Successful!04-01 19:36:24
Request Successful!04-01 19:37:26
Request Successful!04-01 19:38:28
Request Successful!04-01 19:39:29
Request Successful!04-01 19:40:31
Request Successful!04-01 19:41:33
Request Successful!04-01 19:42:34
Request Successful!04-01 19:43:35
Request Successful!04-01 19:44:37
Request Successful!04-01 19:45:38
Request Successful!04-01 19:46:40
Request Successful!04-01 19:47:41
Request Successful!04-01 19:48:43
Request Successful!04-01 19:49:44
Request Successful!04-01 19:50:46
Request Successful!04-01 19:51:47
Request Successful!04-01 19:52:48
Request Successful!04-01 19:53:50
Request Successful!04-01 19:54:51
Request Successful!04-01 19:55:53
Request Successful!04-01 19:56:54
Request Successful!04-01 19:57:56
Request Successful!04-01 19:58:57
Request Successful!04-01 19:59:59
Request Successful!04-01 20:01:00
Request Successful!04-01 20:02:02
New alert more than 5 minutes! See details below: 
CRITICAL
for 1m 27s
Soft 1/2
B2Bi queue health: "B2Bi Logger 9"
on
B2Bi Application Server - Stream 1C
CRITICAL - Queue "B2Bi Logger 9" ("logger_1563"/"queue_13"):
Request Successful!04-01 20:03:13
Request Successful!04-01 20:04:15
Request Successful!04-01 20:05:16
Request Successful!04-01 20:06:18
Request Successful!04-01 20:07:19
Request Successful!04-01 20:08:21
Request Successful!04-01 20:09:22
Request Successful!04-01 20:10:24
Request Successful!04-01 20:11:25
Request Successful!04-01 20:12:26
Request Successful!04-01 20:13:28
Request Successful!04-01 20:14:29
Request Successful!04-01 20:15:31
Request Successful!04-01 20:16:32
Request Successful!04-01 20:17:34
Request Successful!04-01 20:18:35
Request Successful!04-01 20:19:37
Request Successful!04-01 20:20:38
Request Successful!04-01 20:21:40
Request Successful!04-01 20:22:41
Request Successful!04-01 20:23:43
Request Successful!04-01 20:24:44
Request Successful!04-01 20:25:45
Request Successful!04-01 20:26:47
Request Successful!04-01 20:27:48
Request Successful!04-01 20:28:50
Request Successful!04-01 20:29:51
Request Successful!04-01 20:30:53
Request Successful!04-01 20:31:54
Request Successful!04-01 20:32:56
Request Successful!04-01 20:33:57
Request Successful!04-01 20:34:59
Request Successful!04-01 20:36:00
Request Successful!04-01 20:37:02
Request Successful!04-01 20:38:03
Request Successful!04-01 20:39:05
Request Successful!04-01 20:40:06
Request Successful!04-01 20:41:08
Request Successful!04-01 20:42:09
Request Successful!04-01 20:43:11
Request Successful!04-01 20:44:12
Request Successful!04-01 20:45:14
Request Successful!04-01 20:46:15
Request Successful!04-01 20:47:17
Request Successful!04-01 20:48:18
Request Successful!04-01 20:49:19
Request Successful!04-01 20:50:21
Request Successful!04-01 20:51:22
Request Successful!04-01 20:52:24
Request Successful!04-01 20:53:25
Request Successful!04-01 20:54:27
Request Successful!04-01 20:55:28
Request Successful!04-01 20:56:30
Request Successful!04-01 20:57:31
Request Successful!04-01 20:58:33
Request Successful!04-01 20:59:34
Request Successful!04-01 21:00:36
Request Successful!04-01 21:01:37
Request Successful!04-01 21:02:39
Request Successful!04-01 21:03:40
Request Successful!04-01 21:04:42
Request Successful!04-01 21:05:43
Request Successful!04-01 21:06:44
Request Successful!04-01 21:07:46
Request Successful!04-01 21:08:47
Request Successful!04-01 21:09:49
Request Successful!04-01 21:10:50
Request Successful!04-01 21:11:52
New alert more than 5 minutes! See details below: 
CRITICAL
for 1m 0s
B2Bi queue health: "B2Bi CI HME - PROD_Framework_Parallel_001.Z_Local_402_Serial_Out_20_InhouseEnveloper(Inhouse)_4_SAG_ETGOIT_HM"
on
B2Bi Application Server - Stream 1B
CRITICAL - Queue "B2Bi CI HME - PROD_Framework_Parallel_001.Z_Local_402_Serial_Out_20_InhouseEnveloper(Inhouse)_4_SAG_ETGOIT_HM" ("hierchmessage_11217"/"queue_13"):
Request Successful!04-01 21:13:03
New alert more than 5 minutes! See details below: 
CRITICAL
for 2m 12s
B2Bi queue health: "B2Bi CI HME - PROD_Framework_Parallel_001.Z_Local_402_Serial_Out_20_InhouseEnveloper(Inhouse)_4_SAG_ETGOIT_HM"
on
B2Bi Application Server - Stream 1B
CRITICAL - Queue "B2Bi CI HME - PROD_Framework_Parallel_001.Z_Local_402_Serial_Out_20_InhouseEnveloper(Inhouse)_4_SAG_ETGOIT_HM" ("hierchmessage_11217"/"queue_13"):
Request Successful!04-01 21:14:15
Request Successful!04-01 21:15:16
Request Successful!04-01 21:16:18
Request Successful!04-01 21:17:19
Request Successful!04-01 21:18:21
Request Successful!04-01 21:19:22
Request Successful!04-01 21:20:24
Request Successful!04-01 21:21:25
Request Successful!04-01 21:22:26
Request Successful!04-01 21:23:28
Request Successful!04-01 21:24:30
Request Successful!04-01 21:25:31
Request Successful!04-01 21:26:33
Request Successful!04-01 21:27:34
Request Successful!04-01 21:28:35
Request Successful!04-01 21:29:37
Request Successful!04-01 21:30:38
Request Successful!04-01 21:31:40
Request Successful!04-01 21:32:41
Request Successful!04-01 21:33:43
Request Successful!04-01 21:34:44
Request Successful!04-01 21:35:46
Request Successful!04-01 21:36:47
Request Successful!04-01 21:37:48
Request Successful!04-01 21:38:50
Request Successful!04-01 21:39:51
Request Successful!04-01 21:40:53
Request Successful!04-01 21:41:54
Request Successful!04-01 21:42:56
Request Successful!04-01 21:43:57
Request Successful!04-01 21:44:58
Request Successful!04-01 21:46:00
Request Successful!04-01 21:47:01
Request Successful!04-01 21:48:03
Request Successful!04-01 21:49:04
Request Successful!04-01 21:50:06
Request Successful!04-01 21:51:07
Request Successful!04-01 21:52:09
Request Successful!04-01 21:53:10
Request Successful!04-01 21:54:11
Request Successful!04-01 21:55:13
Request Successful!04-01 21:56:14
Request Successful!04-01 21:57:16
Request Successful!04-01 21:58:17
Request Successful!04-01 21:59:19
Request Successful!04-01 22:00:20
Request Successful!04-01 22:01:21
Request Successful!04-01 22:02:23
New alert more than 5 minutes! See details below: 
CRITICAL
for 1m 49s
Soft 1/2
B2Bi queue health: "B2Bi Logger 7"
on
B2Bi Application Server - Stream 1C
CRITICAL - Queue "B2Bi Logger 7" ("logger_1559"/"queue_13"):
Request Successful!04-01 22:03:35
Request Successful!04-01 22:04:36
Request Successful!04-01 22:05:37
Request Successful!04-01 22:06:39
New alert more than 5 minutes! See details below: 
CRITICAL
for 1m 47s
Soft 1/2
B2Bi queue health: "B2Bi Logger 13"
on
B2Bi Application Server - Stream 3B (Multicluster)
CRITICAL - Queue "B2Bi Logger 13" ("logger_1034"/"queue_16"):
Request Successful!04-01 22:07:51
Request Successful!04-01 22:08:52
Request Successful!04-01 22:09:54
Request Successful!04-01 22:10:55
Request Successful!04-01 22:11:56
('Connection aborted.', ConnectionResetError(10054, '远程主机强迫关闭了一个现有的连接。', None, 10054, None))
Request Successful!04-01 22:14:04
Request Successful!04-01 22:15:05
Request Successful!04-01 22:16:07
Request Successful!04-01 22:17:08
Request Successful!04-01 22:18:09
Request Successful!04-01 22:19:11
Request Successful!04-01 22:20:12
Request Successful!04-01 22:21:14
Request Successful!04-01 22:22:15
Request Successful!04-01 22:23:17
Request Successful!04-01 22:24:18
Request Successful!04-01 22:25:19
Request Successful!04-01 22:26:21
Request Successful!04-01 22:27:22
Request Successful!04-01 22:28:24
Request Successful!04-01 22:29:25
Request Successful!04-01 22:30:26
Request Successful!04-01 22:31:28
Request Successful!04-01 22:32:29
Request Successful!04-01 22:33:31
Request Successful!04-01 22:34:32
Request Successful!04-01 22:35:34
Request Successful!04-01 22:36:35
Request Successful!04-01 22:37:36
Request Successful!04-01 22:38:38
Request Successful!04-01 22:39:39
Request Successful!04-01 22:40:41
Request Successful!04-01 22:41:42
Request Successful!04-01 22:42:44
Request Successful!04-01 22:43:45
Request Successful!04-01 22:44:46
Request Successful!04-01 22:45:48
Request Successful!04-01 22:46:49
Request Successful!04-01 22:47:51
Request Successful!04-01 22:48:52
Request Successful!04-01 22:49:54
Request Successful!04-01 22:50:55
Request Successful!04-01 22:51:56
Request Successful!04-01 22:52:58
Request Successful!04-01 22:53:59
Request Successful!04-01 22:55:01
Request Successful!04-01 22:56:02
Request Successful!04-01 22:57:03
Request Successful!04-01 22:58:05
Request Successful!04-01 22:59:06
Request Successful!04-01 23:00:08
Request Successful!04-01 23:01:09
Request Successful!04-01 23:02:11
Request Successful!04-01 23:03:12
New alert more than 5 minutes! See details below: 
CRITICAL
for 1m 24s
B2Bi queue health: "B2Bi CI HME - PROD_Framework_Parallel_001.101_Parallel_Inb_10_FetchRef_HM"
on
B2Bi Application Server - Stream 3B (Multicluster)
CRITICAL - Queue "B2Bi CI HME - PROD_Framework_Parallel_001.101_Parallel_Inb_10_FetchRef_HM" ("hierchmessage_9799"/"queue_16"):
Request Successful!04-01 23:04:24
New alert more than 5 minutes! See details below: 
CRITICAL
for 2m 35s
B2Bi queue health: "B2Bi CI HME - PROD_Framework_Parallel_001.101_Parallel_Inb_10_FetchRef_HM"
on
B2Bi Application Server - Stream 3B (Multicluster)
CRITICAL - Queue "B2Bi CI HME - PROD_Framework_Parallel_001.101_Parallel_Inb_10_FetchRef_HM" ("hierchmessage_9799"/"queue_16"):
Request Successful!04-01 23:05:36
Request Successful!04-01 23:06:37
Request Successful!04-01 23:07:39
Request Successful!04-01 23:08:40
Request Successful!04-01 23:09:41
Request Successful!04-01 23:10:43
Request Successful!04-01 23:11:44
Request Successful!04-01 23:12:46
Request Successful!04-01 23:13:47
Request Successful!04-01 23:14:48
Request Successful!04-01 23:15:50
Request Successful!04-01 23:16:51
Request Successful!04-01 23:17:52
Request Successful!04-01 23:18:54
Request Successful!04-01 23:19:55
Request Successful!04-01 23:20:56
