Request Successful!03-29 15:37:51
Request Successful!03-29 15:38:53
New alert more than 5 minutes! See details below: 
CRITICAL
for 1m 10s
Soft 1/2
B2Bi queue health: "B2Bi Logger 17"
on
B2Bi Application Server - Stream 3A (Multicluster)
CRITICAL - Queue "B2Bi Logger 17" ("logger_1042"/"queue_16"):
Request Successful!03-29 15:40:04
Request Successful!03-29 15:41:05
Request Successful!03-29 15:42:07
Request Successful!03-29 15:43:09
Request Successful!03-29 15:44:11
Request Successful!03-29 15:45:12
Request Successful!03-29 15:46:14
Request Successful!03-29 15:47:15
Request Successful!03-29 15:48:17
Request Successful!03-29 15:49:19
Request Successful!03-29 15:50:20
Request Successful!03-29 15:51:22
Request Successful!03-29 15:52:23
New alert more than 5 minutes! See details below: 
CRITICAL
for 1m 39s
Soft 1/2
B2Bi queue health: "B2Bi Logger 15"
on
B2Bi Application Server - Stream 3A (Multicluster)
CRITICAL - Queue "B2Bi Logger 15" ("logger_1038"/"queue_16"):
Request Successful!03-29 15:53:35
Request Successful!03-29 15:54:36
Request Successful!03-29 15:55:38
Request Successful!03-29 15:56:39
Request Successful!03-29 15:57:41
Request Successful!03-29 15:58:43
Request Successful!03-29 15:59:44
Request Successful!03-29 16:00:46
Request Successful!03-29 16:01:48
New alert more than 5 minutes! See details below: 
CRITICAL
for 1m 12s
Soft 1/2
B2Bi queue health: "B2Bi Logger 9"
on
B2Bi Application Server - Stream 1C
CRITICAL - Queue "B2Bi Logger 9" ("logger_1563"/"queue_13"):
Request Successful!03-29 16:03:01
Request Successful!03-29 16:04:03
Request Successful!03-29 16:05:05
Request Successful!03-29 16:06:07
Request Successful!03-29 16:07:09
Request Successful!03-29 16:08:11
Request Successful!03-29 16:09:14
Request Successful!03-29 16:10:16
Request Successful!03-29 16:11:18
Request Successful!03-29 16:12:20
Request Successful!03-29 16:13:22
Request Successful!03-29 16:14:24
New alert more than 5 minutes! See details below: 
CRITICAL
for 1m 54s
Soft 1/2
B2Bi queue health: "B2Bi Logger 18"
on
B2Bi Application Server - Stream 3C (Multicluster)
CRITICAL - Queue "B2Bi Logger 18" ("logger_1044"/"queue_16"):
Request Successful!03-29 16:15:36
New alert more than 5 minutes! See details below: 
CRITICAL
for 1m 2s
Soft 1/2
JMS Loop - Send test file to scintilla and expect it back.
on
B2Bi Application Server - Stream 3A (Multicluster)
Timed out waiting for test file after 570 seconds.
New alert more than 5 minutes! See details below: 
CRITICAL
for 1m 47s
Soft 1/2
B2Bi queue health: "B2Bi Logger 11"
on
B2Bi Application Server - Stream 1A
CRITICAL - Queue "B2Bi Logger 11" ("logger_1577"/"queue_13"):
Request Successful!03-29 16:16:58
New alert more than 5 minutes! See details below: 
CRITICAL
for 2m 23s
Soft 1/2
JMS Loop - Send test file to scintilla and expect it back.
on
B2Bi Application Server - Stream 3A (Multicluster)
Timed out waiting for test file after 570 seconds.
Request Successful!03-29 16:18:10
New alert more than 5 minutes! See details below: 
CRITICAL
for 1m 50s
Soft 1/2
B2Bi queue health: "B2Bi CI HME - PROD_Framework_Parallel_001.401_SerialSTD_Dyn_10_ExecuteMasterDynMBC_HM"
on
B2Bi Application Server - Stream 1C
CRITICAL - Queue "B2Bi CI HME - PROD_Framework_Parallel_001.401_SerialSTD_Dyn_10_ExecuteMasterDynMBC_HM" ("hierchmessage_7335"/"queue_13"):
Request Successful!03-29 16:19:22
Request Successful!03-29 16:20:23
Request Successful!03-29 16:21:25
Request Successful!03-29 16:22:27
Request Successful!03-29 16:23:28
Request Successful!03-29 16:24:30
Request Successful!03-29 16:25:32
Request Successful!03-29 16:26:34
Request Successful!03-29 16:27:36
Request Successful!03-29 16:28:39
Request Successful!03-29 16:29:41
Request Successful!03-29 16:30:43
Request Successful!03-29 16:31:45
Request Successful!03-29 16:32:47
Request Successful!03-29 16:33:48
Request Successful!03-29 16:34:50
New alert more than 5 minutes! See details below: 
CRITICAL
for 1m 12s
Soft 1/2
B2Bi queue health: "B2Bi CI HME - PROD_Framework_Parallel_001.201_Serial_Dyn_10_ExecuteMasterDynMBC_HM"
on
B2Bi Application Server - Stream 1C
CRITICAL - Queue "B2Bi CI HME - PROD_Framework_Parallel_001.201_Serial_Dyn_10_ExecuteMasterDynMBC_HM" ("hierchmessage_7177"/"queue_13"):
New alert more than 5 minutes! See details below: 
CRITICAL
for 1m 51s
Soft 1/2
B2Bi queue health: "B2Bi CI HME - PROD_Framework_Parallel_001.101_Parallel_Out_20_InhouseEnveloper(Inhouse)_HM"
on
B2Bi Application Server - Stream 1A
CRITICAL - Queue "B2Bi CI HME - PROD_Framework_Parallel_001.101_Parallel_Out_20_InhouseEnveloper(Inhouse)_HM" ("hierchmessage_2367"/"queue_13"):
New alert more than 5 minutes! See details below: 
CRITICAL
for 1m 54s
Soft 1/2
B2Bi queue health: "B2Bi Logger 18"
on
B2Bi Application Server - Stream 3A (Multicluster)
CRITICAL - Queue "B2Bi Logger 18" ("logger_1044"/"queue_16"):
Request Successful!03-29 16:36:21
Request Successful!03-29 16:37:24
Request Successful!03-29 16:38:26
Request Successful!03-29 16:39:29
Request Successful!03-29 16:40:31
Request Successful!03-29 16:41:33
Request Successful!03-29 16:42:36
Request Successful!03-29 16:43:38
Request Successful!03-29 16:44:40
Request Successful!03-29 16:45:42
Request Successful!03-29 16:46:44
Request Successful!03-29 16:47:46
Request Successful!03-29 16:48:48
Request Successful!03-29 16:49:50
Request Successful!03-29 16:50:52
Request Successful!03-29 16:51:54
Request Successful!03-29 16:52:57
Request Successful!03-29 16:53:59
Request Successful!03-29 16:55:01
Request Successful!03-29 16:56:03
Request Successful!03-29 16:57:06
Request Successful!03-29 16:58:08
Request Successful!03-29 16:59:10
Request Successful!03-29 17:00:12
Request Successful!03-29 17:01:14
Request Successful!03-29 17:02:16
Request Successful!03-29 17:03:19
Request Successful!03-29 17:04:21
Request Successful!03-29 17:05:23
Request Successful!03-29 17:06:25
Request Successful!03-29 17:07:27
Request Successful!03-29 17:08:29
Request Successful!03-29 17:09:31
Request Successful!03-29 17:10:33
Request Successful!03-29 17:11:36
Request Successful!03-29 17:12:38
Request Successful!03-29 17:13:39
Request Successful!03-29 17:14:41
Request Successful!03-29 17:15:44
Request Successful!03-29 17:16:46
Request Successful!03-29 17:17:48
Request Successful!03-29 17:18:50
Request Successful!03-29 17:19:52
Request Successful!03-29 17:20:54
Request Successful!03-29 17:21:56
Request Successful!03-29 17:22:58
New alert more than 5 minutes! See details below: 
CRITICAL
for 1m 17s
Soft 1/2
B2Bi queue health: "B2Bi Logger 14"
on
B2Bi Application Server - Stream 3B (Multicluster)
CRITICAL - Queue "B2Bi Logger 14" ("logger_1036"/"queue_16"):
Request Successful!03-29 17:24:11
Request Successful!03-29 17:25:13
Request Successful!03-29 17:26:15
Request Successful!03-29 17:27:17
Request Successful!03-29 17:28:19
Request Successful!03-29 17:29:21
Request Successful!03-29 17:30:24
Request Successful!03-29 17:31:26
Request Successful!03-29 17:32:28
Request Successful!03-29 17:33:30
Request Successful!03-29 17:34:32
Request Successful!03-29 17:35:34
Request Successful!03-29 17:36:37
Request Successful!03-29 17:37:39
Request Successful!03-29 17:38:41
Request Successful!03-29 17:39:43
Request Successful!03-29 17:40:46
Request Successful!03-29 17:41:48
Request Successful!03-29 17:42:50
Request Successful!03-29 17:43:52
Request Successful!03-29 17:44:54
Request Successful!03-29 17:45:55
Request Successful!03-29 17:46:57
Request Successful!03-29 17:47:58
New alert more than 5 minutes! See details below: 
CRITICAL
for 1m 7s
Soft 1/2
B2Bi queue health: "B2Bi CI HME - PROD_Framework_Parallel_001.401_SerialSTD_Dyn_10_ExecuteMasterDynMBC_HM"
on
B2Bi Application Server - Stream 1C
CRITICAL - Queue "B2Bi CI HME - PROD_Framework_Parallel_001.401_SerialSTD_Dyn_10_ExecuteMasterDynMBC_HM" ("hierchmessage_7335"/"queue_13"):
Request Successful!03-29 17:49:10
Request Successful!03-29 17:50:11
Request Successful!03-29 17:51:13
Request Successful!03-29 17:52:14
Request Successful!03-29 17:53:16
Request Successful!03-29 17:54:17
Request Successful!03-29 17:55:19
Request Successful!03-29 17:56:20
Request Successful!03-29 17:57:22
Request Successful!03-29 17:58:23
Request Successful!03-29 17:59:25
Request Successful!03-29 18:00:27
Request Successful!03-29 18:01:28
Request Successful!03-29 18:02:30
Request Successful!03-29 18:03:31
Request Successful!03-29 18:04:33
Request Successful!03-29 18:05:34
Request Successful!03-29 18:06:36
Request Successful!03-29 18:07:37
Request Successful!03-29 18:08:39
Request Successful!03-29 18:09:40
Request Successful!03-29 18:10:41
Request Successful!03-29 18:11:43
Request Successful!03-29 18:12:44
Request Successful!03-29 18:13:46
Request Successful!03-29 18:14:47
Request Successful!03-29 18:15:49
Request Successful!03-29 18:16:50
Request Successful!03-29 18:17:52
Request Successful!03-29 18:18:53
Request Successful!03-29 18:19:55
Request Successful!03-29 18:20:56
Request Successful!03-29 18:21:58
Request Successful!03-29 18:22:59
Request Successful!03-29 18:24:01
Request Successful!03-29 18:25:02
Request Successful!03-29 18:26:04
Request Successful!03-29 18:27:05
Request Successful!03-29 18:28:07
New alert more than 5 minutes! See details below: 
CRITICAL
for 1m 47s
Soft 1/2
B2Bi queue health: "B2Bi Logger 15"
on
B2Bi Application Server - Stream 3C (Multicluster)
CRITICAL - Queue "B2Bi Logger 15" ("logger_1038"/"queue_16"):
Request Successful!03-29 18:29:19
Request Successful!03-29 18:30:20
Request Successful!03-29 18:31:22
Request Successful!03-29 18:32:23
Request Successful!03-29 18:33:25
New alert more than 5 minutes! See details below: 
CRITICAL
for 1m 36s
Soft 1/2
B2Bi queue health: "B2Bi CI HME - PROD_Framework_Parallel_001.101_Parallel_Out_20_InhouseEnveloper(Inhouse)_HM"
on
B2Bi Application Server - Stream 1A
CRITICAL - Queue "B2Bi CI HME - PROD_Framework_Parallel_001.101_Parallel_Out_20_InhouseEnveloper(Inhouse)_HM" ("hierchmessage_2367"/"queue_13"):
Request Successful!03-29 18:34:37
Request Successful!03-29 18:35:38
Request Successful!03-29 18:36:40
Request Successful!03-29 18:37:41
Request Successful!03-29 18:38:42
Request Successful!03-29 18:39:44
Request Successful!03-29 18:40:45
Request Successful!03-29 18:41:47
Request Successful!03-29 18:42:48
Request Successful!03-29 18:43:50
Request Successful!03-29 18:44:52
Request Successful!03-29 18:45:53
Request Successful!03-29 18:46:54
New alert more than 5 minutes! See details below: 
CRITICAL
for 1m 5s
Soft 1/2
B2Bi queue health: "B2Bi CI HME - PROD_Framework_Parallel_001.201_Serial_Dyn_10_ExecuteMasterDynMBC_HM"
on
B2Bi Application Server - Stream 1B
CRITICAL - Queue "B2Bi CI HME - PROD_Framework_Parallel_001.201_Serial_Dyn_10_ExecuteMasterDynMBC_HM" ("hierchmessage_7240"/"queue_13"):
Request Successful!03-29 18:48:06
Request Successful!03-29 18:49:07
Request Successful!03-29 18:50:09
Request Successful!03-29 18:51:10
Request Successful!03-29 18:52:12
Request Successful!03-29 18:53:13
Request Successful!03-29 18:54:15
Request Successful!03-29 18:55:16
Request Successful!03-29 18:56:18
Request Successful!03-29 18:57:19
Request Successful!03-29 18:58:21
Request Successful!03-29 18:59:22
Request Successful!03-29 19:00:24
Request Successful!03-29 19:01:25
Request Successful!03-29 19:02:27
Request Successful!03-29 19:03:29
Request Successful!03-29 19:04:30
Request Successful!03-29 19:05:32
Request Successful!03-29 19:06:34
Request Successful!03-29 19:07:35
Request Successful!03-29 19:08:37
Request Successful!03-29 19:09:38
Request Successful!03-29 19:10:40
Request Successful!03-29 19:11:43
Request Successful!03-29 19:12:45
Request Successful!03-29 19:13:47
Request Successful!03-29 19:14:48
Request Successful!03-29 19:15:50
Request Successful!03-29 19:16:51
Request Successful!03-29 19:17:53
Request Successful!03-29 19:18:54
Request Successful!03-29 19:19:56
Request Successful!03-29 19:20:57
Request Successful!03-29 19:21:58
New alert more than 5 minutes! See details below: 
CRITICAL
for 1m 28s
Soft 1/2
B2Bi queue health: "B2Bi CI HME - PROD_Framework_Parallel_001.201_Serial_Dyn_10_ExecuteMasterDynMBC_HM"
on
B2Bi Application Server - Stream 1A
CRITICAL - Queue "B2Bi CI HME - PROD_Framework_Parallel_001.201_Serial_Dyn_10_ExecuteMasterDynMBC_HM" ("hierchmessage_2215"/"queue_13"):
Request Successful!03-29 19:23:10
Request Successful!03-29 19:24:12
Request Successful!03-29 19:25:13
Request Successful!03-29 19:26:15
Request Successful!03-29 19:27:16
Request Successful!03-29 19:28:18
Request Successful!03-29 19:29:19
Request Successful!03-29 19:30:21
Request Successful!03-29 19:31:22
Request Successful!03-29 19:32:24
Request Successful!03-29 19:33:25
Request Successful!03-29 19:34:27
Request Successful!03-29 19:35:28
Request Successful!03-29 19:36:30
Request Successful!03-29 19:37:31
Request Successful!03-29 19:38:33
New alert more than 5 minutes! See details below: 
CRITICAL
for 1m 34s
Soft 1/2
B2Bi queue health: "B2Bi Logger 13"
on
B2Bi Application Server - Stream 2B (Multicluster - VIP)
CRITICAL - Queue "B2Bi Logger 13" ("logger_1034"/"queue_16"):
Request Successful!03-29 19:39:45
Request Successful!03-29 19:40:48
Request Successful!03-29 19:41:58
Request Successful!03-29 19:43:00
New alert more than 5 minutes! See details below: 
CRITICAL
for 1m 17s
Soft 1/2
B2Bi queue health: "B2Bi Logger 12"
on
B2Bi Application Server - Stream 3C (Multicluster)
CRITICAL - Queue "B2Bi Logger 12" ("logger_1032"/"queue_16"):
Request Successful!03-29 19:44:12
Request Successful!03-29 19:45:13
Request Successful!03-29 19:46:15
Request Successful!03-29 19:47:16
Request Successful!03-29 19:48:18
Request Successful!03-29 19:49:19
Request Successful!03-29 19:50:21
Request Successful!03-29 19:51:22
Request Successful!03-29 19:52:24
Request Successful!03-29 19:53:25
Request Successful!03-29 19:54:27
Request Successful!03-29 19:55:28
Request Successful!03-29 19:56:30
Request Successful!03-29 19:57:31
Request Successful!03-29 19:58:33
Request Successful!03-29 19:59:34
Request Successful!03-29 20:00:36
Request Successful!03-29 20:01:37
Request Successful!03-29 20:02:39
Request Successful!03-29 20:03:40
Request Successful!03-29 20:04:42
New alert more than 5 minutes! See details below: 
CRITICAL
for 1m 4s
Soft 1/2
B2Bi queue health: "B2Bi Logger 13"
on
B2Bi Application Server - Stream 1C
CRITICAL - Queue "B2Bi Logger 13" ("logger_1571"/"queue_13"):
New alert more than 5 minutes! See details below: 
CRITICAL
for 1m 4s
Soft 1/2
B2Bi queue health: "B2Bi CI HME - PROD_Framework_Parallel_001.201_Serial_Dyn_10_ExecuteMasterDynMBC_HM"
on
B2Bi Application Server - Stream 1C
CRITICAL - Queue "B2Bi CI HME - PROD_Framework_Parallel_001.201_Serial_Dyn_10_ExecuteMasterDynMBC_HM" ("hierchmessage_7177"/"queue_13"):
Request Successful!03-29 20:06:03
Request Successful!03-29 20:07:04
Request Successful!03-29 20:08:06
Request Successful!03-29 20:09:07
Request Successful!03-29 20:10:09
Request Successful!03-29 20:11:10
Request Successful!03-29 20:12:11
Request Successful!03-29 20:13:13
Request Successful!03-29 20:14:14
Request Successful!03-29 20:15:16
Request Successful!03-29 20:16:17
New alert more than 5 minutes! See details below: 
CRITICAL
for 1m 37s
Soft 1/2
B2Bi queue health: "B2Bi Logger 13"
on
B2Bi Application Server - Stream 1A
CRITICAL - Queue "B2Bi Logger 13" ("logger_12480"/"queue_13"):
Request Successful!03-29 20:17:29
New alert more than 5 minutes! See details below: 
CRITICAL
for 1m 51s
Soft 1/2
B2Bi queue health: "B2Bi Logger 9"
on
B2Bi Application Server - Stream 1C
CRITICAL - Queue "B2Bi Logger 9" ("logger_1563"/"queue_13"):
Request Successful!03-29 20:18:41
Request Successful!03-29 20:19:43
Request Successful!03-29 20:20:44
New alert more than 5 minutes! See details below: 
CRITICAL
for 1m 29s
Soft 1/2
B2Bi queue health: "B2Bi Logger 13"
on
B2Bi Application Server - Stream 3D (Multicluster)
CRITICAL - Queue "B2Bi Logger 13" ("logger_1034"/"queue_16"):
Request Successful!03-29 20:21:56
Request Successful!03-29 20:22:57
Request Successful!03-29 20:23:59
Request Successful!03-29 20:25:00
Request Successful!03-29 20:26:02
Request Successful!03-29 20:27:03
Request Successful!03-29 20:28:05
Request Successful!03-29 20:29:06
Request Successful!03-29 20:30:08
Request Successful!03-29 20:31:09
Request Successful!03-29 20:32:11
Request Successful!03-29 20:33:13
Request Successful!03-29 20:34:14
Request Successful!03-29 20:35:16
Request Successful!03-29 20:36:17
Request Successful!03-29 20:37:19
Request Successful!03-29 20:38:20
Request Successful!03-29 20:39:22
Request Successful!03-29 20:40:23
Request Successful!03-29 20:41:25
Request Successful!03-29 20:42:26
Request Successful!03-29 20:43:28
Request Successful!03-29 20:44:29
Request Successful!03-29 20:45:31
Request Successful!03-29 20:46:32
Request Successful!03-29 20:47:33
Request Successful!03-29 20:48:35
Request Successful!03-29 20:49:36
Request Successful!03-29 20:50:38
Request Successful!03-29 20:51:39
Request Successful!03-29 20:52:41
Request Successful!03-29 20:53:42
Request Successful!03-29 20:54:44
Request Successful!03-29 20:55:45
Request Successful!03-29 20:56:47
Request Successful!03-29 20:57:48
Request Successful!03-29 20:58:50
Request Successful!03-29 20:59:51
Request Successful!03-29 21:00:53
Request Successful!03-29 21:01:54
Request Successful!03-29 21:02:56
Request Successful!03-29 21:03:57
Request Successful!03-29 21:04:59
Request Successful!03-29 21:06:00
Request Successful!03-29 21:07:02
Request Successful!03-29 21:08:03
Request Successful!03-29 21:09:05
Request Successful!03-29 21:10:06
Request Successful!03-29 21:11:08
Request Successful!03-29 21:12:10
Request Successful!03-29 21:13:11
Request Successful!03-29 21:14:13
Request Successful!03-29 21:15:15
Request Successful!03-29 21:16:16
Request Successful!03-29 21:17:18
Request Successful!03-29 21:18:20
Request Successful!03-29 21:19:21
Request Successful!03-29 21:20:23
Request Successful!03-29 21:21:24
Request Successful!03-29 21:22:26
Request Successful!03-29 21:23:28
Request Successful!03-29 21:24:29
Request Successful!03-29 21:25:31
Request Successful!03-29 21:26:32
Request Successful!03-29 21:27:34
New alert more than 5 minutes! See details below: 
CRITICAL
for 1m 16s
Soft 1/2
B2Bi queue health: "B2Bi Logger 15"
on
B2Bi Application Server - Stream 3C (Multicluster)
CRITICAL - Queue "B2Bi Logger 15" ("logger_1038"/"queue_16"):
Request Successful!03-29 21:28:46
Request Successful!03-29 21:29:47
Request Successful!03-29 21:30:49
Request Successful!03-29 21:31:50
Request Successful!03-29 21:32:52
Request Successful!03-29 21:33:53
Request Successful!03-29 21:34:55
Request Successful!03-29 21:35:56
Request Successful!03-29 21:36:58
Request Successful!03-29 21:37:59
Request Successful!03-29 21:39:01
Request Successful!03-29 21:40:02
Request Successful!03-29 21:41:04
Request Successful!03-29 21:42:05
New alert more than 5 minutes! See details below: 
CRITICAL
for 1m 13s
B2Bi queue health: "B2Bi CI HME - PROD_Framework_Parallel_001.Z_Local_402_Serial_Out_20_InhouseEnveloper(Inhouse)_4_SAG_ETGOIT_HM"
on
B2Bi Application Server - Stream 1B
CRITICAL - Queue "B2Bi CI HME - PROD_Framework_Parallel_001.Z_Local_402_Serial_Out_20_InhouseEnveloper(Inhouse)_4_SAG_ETGOIT_HM" ("hierchmessage_11217"/"queue_13"):
Request Successful!03-29 21:43:17
New alert more than 5 minutes! See details below: 
CRITICAL
for 2m 25s
B2Bi queue health: "B2Bi CI HME - PROD_Framework_Parallel_001.Z_Local_402_Serial_Out_20_InhouseEnveloper(Inhouse)_4_SAG_ETGOIT_HM"
on
B2Bi Application Server - Stream 1B
CRITICAL - Queue "B2Bi CI HME - PROD_Framework_Parallel_001.Z_Local_402_Serial_Out_20_InhouseEnveloper(Inhouse)_4_SAG_ETGOIT_HM" ("hierchmessage_11217"/"queue_13"):
Request Successful!03-29 21:44:29
Request Successful!03-29 21:45:31
Request Successful!03-29 21:46:32
Request Successful!03-29 21:47:34
Request Successful!03-29 21:48:35
Request Successful!03-29 21:49:37
Request Successful!03-29 21:50:38
Request Successful!03-29 21:51:40
Request Successful!03-29 21:52:41
Request Successful!03-29 21:53:43
Request Successful!03-29 21:54:44
Request Successful!03-29 21:55:46
Request Successful!03-29 21:56:47
Request Successful!03-29 21:57:49
Request Successful!03-29 21:58:50
Request Successful!03-29 21:59:52
Request Successful!03-29 22:00:53
Request Successful!03-29 22:01:55
Request Successful!03-29 22:02:56
Request Successful!03-29 22:03:58
Request Successful!03-29 22:04:59
Request Successful!03-29 22:06:01
Request Successful!03-29 22:07:02
Request Successful!03-29 22:08:04
Request Successful!03-29 22:09:05
Request Successful!03-29 22:10:07
Request Successful!03-29 22:11:08
Request Successful!03-29 22:12:10
Request Successful!03-29 22:13:12
Request Successful!03-29 22:14:13
Request Successful!03-29 22:15:14
Request Successful!03-29 22:16:16
Request Successful!03-29 22:17:17
Request Successful!03-29 22:18:19
Request Successful!03-29 22:19:20
Request Successful!03-29 22:20:22
Request Successful!03-29 22:21:23
Request Successful!03-29 22:22:25
Request Successful!03-29 22:23:26
Request Successful!03-29 22:24:28
Request Successful!03-29 22:25:29
Request Successful!03-29 22:26:31
Request Successful!03-29 22:27:32
Request Successful!03-29 22:28:34
Request Successful!03-29 22:29:35
Request Successful!03-29 22:30:37
Request Successful!03-29 22:31:38
New alert more than 5 minutes! See details below: 
CRITICAL
for 1m 2s
Soft 1/2
B2Bi queue health: "B2Bi Logger 9"
on
B2Bi Application Server - Stream 1C
CRITICAL - Queue "B2Bi Logger 9" ("logger_1563"/"queue_13"):
Request Successful!03-29 22:32:50
New alert more than 5 minutes! See details below: 
CRITICAL
for 1m 0s
Soft 1/2
B2Bi queue health: "B2Bi CI HME - PROD_Framework_Parallel_001.101_Parallel_Out_20_InhouseEnveloper(Inhouse)_HM"
on
B2Bi Application Server - Stream 1A
CRITICAL - Queue "B2Bi CI HME - PROD_Framework_Parallel_001.101_Parallel_Out_20_InhouseEnveloper(Inhouse)_HM" ("hierchmessage_2367"/"queue_13"):
Request Successful!03-29 22:34:01
Request Successful!03-29 22:35:03
Request Successful!03-29 22:36:04
Request Successful!03-29 22:37:06
Request Successful!03-29 22:38:07
Request Successful!03-29 22:39:09
Request Successful!03-29 22:40:10
Request Successful!03-29 22:41:12
Request Successful!03-29 22:42:13
Request Successful!03-29 22:43:15
Request Successful!03-29 22:44:16
Request Successful!03-29 22:45:18
Request Successful!03-29 22:46:20
Request Successful!03-29 22:47:21
Request Successful!03-29 22:48:23
Request Successful!03-29 22:49:24
Request Successful!03-29 22:50:26
Request Successful!03-29 22:51:27
Request Successful!03-29 22:52:29
Request Successful!03-29 22:53:30
Request Successful!03-29 22:54:32
Request Successful!03-29 22:55:33
Request Successful!03-29 22:56:35
Request Successful!03-29 22:57:36
Request Successful!03-29 22:58:38
Request Successful!03-29 22:59:39
Request Successful!03-29 23:00:41
Request Successful!03-29 23:01:42
Request Successful!03-29 23:02:44
Request Successful!03-29 23:03:45
Request Successful!03-29 23:04:47
Request Successful!03-29 23:05:48
Request Successful!03-29 23:06:50
Request Successful!03-29 23:07:51
Request Successful!03-29 23:08:53
Request Successful!03-29 23:09:54
Request Successful!03-29 23:10:56
Request Successful!03-29 23:11:57
Request Successful!03-29 23:12:59
Request Successful!03-29 23:14:00
Request Successful!03-29 23:15:02
Request Successful!03-29 23:16:03
Request Successful!03-29 23:17:05
Request Successful!03-29 23:18:06
Request Successful!03-29 23:19:08
Request Successful!03-29 23:20:09
Request Successful!03-29 23:21:11
Request Successful!03-29 23:22:12
Request Successful!03-29 23:23:14
Request Successful!03-29 23:24:15
Request Successful!03-29 23:25:17
Request Successful!03-29 23:26:18
Request Successful!03-29 23:27:20
Request Successful!03-29 23:28:21
Request Successful!03-29 23:29:23
Request Successful!03-29 23:30:24
Request Successful!03-29 23:31:26
Request Successful!03-29 23:32:27
Request Successful!03-29 23:33:29
Request Successful!03-29 23:34:30
Request Successful!03-29 23:35:31
Request Successful!03-29 23:36:33
Request Successful!03-29 23:37:34
Request Successful!03-29 23:38:36
Request Successful!03-29 23:39:38
Request Successful!03-29 23:40:39
Request Successful!03-29 23:41:41
Request Successful!03-29 23:42:42
Request Successful!03-29 23:43:43
Request Successful!03-29 23:44:45
Request Successful!03-29 23:45:46
Request Successful!03-29 23:46:48
Request Successful!03-29 23:47:49
Request Successful!03-29 23:48:51
Request Successful!03-29 23:49:52
Request Successful!03-29 23:50:54
Request Successful!03-29 23:51:55
Request Successful!03-29 23:52:57
New alert more than 5 minutes! See details below: 
CRITICAL
for 1m 18s
Soft 1/2
B2Bi queue health: "B2Bi CI HME - PROD_Framework_Parallel_001.Z_Local_402_Serial_Out_20_InhouseEnveloper(Inhouse)_4_SAG_ETGOIT_HM"
on
B2Bi Application Server - Stream 1B
CRITICAL - Queue "B2Bi CI HME - PROD_Framework_Parallel_001.Z_Local_402_Serial_Out_20_InhouseEnveloper(Inhouse)_4_SAG_ETGOIT_HM" ("hierchmessage_11217"/"queue_13"):
