Request Successful!12-13 17:47:01
New alert more than 5 minutes! See details below: 
CRITICAL
for 3m 53s
B2Bi queue health: "B2Bi CI HME - PROD_Framework_Parallel_001.Z_Local_402_Serial_Out_20_InhouseEnveloper(Inhouse)_4_SAG_ETGOIT_HM"
on
B2Bi Application Server - Stream 1B
CRITICAL - Queue "B2Bi CI HME - PROD_Framework_Parallel_001.Z_Local_402_Serial_Out_20_InhouseEnveloper(Inhouse)_4_SAG_ETGOIT_HM" ("hierchmessage_11217"/"queue_13"):
Request Successful!12-13 17:50:13
Request Successful!12-13 17:53:15
Request Successful!12-13 17:56:17
Request Successful!12-13 17:59:19
Request Successful!12-13 18:02:21
New alert more than 5 minutes! See details below: 
CRITICAL
for 4m 25s
B2Bi queue health: "B2Bi CI HME - PROD_Framework_Parallel_001.Z_Local_202_Serial_Dyn_10_ExecuteMasterDynMBC_HM"
on
B2Bi Application Server - Stream 1C
CRITICAL - Queue "B2Bi CI HME - PROD_Framework_Parallel_001.Z_Local_202_Serial_Dyn_10_ExecuteMasterDynMBC_HM" ("hierchmessage_7365"/"queue_13"):
Request Successful!12-13 18:05:33
Request Successful!12-13 18:08:34
Request Successful!12-13 18:11:36
Request Successful!12-13 18:14:38
Request Successful!12-13 18:17:40
Request Successful!12-13 18:20:42
Request Successful!12-13 18:23:44
Request Successful!12-13 18:26:46
Request Successful!12-13 18:29:48
Request Successful!12-13 18:32:49
Request Successful!12-13 18:35:51
Request Successful!12-13 18:38:53
Request Successful!12-13 18:41:55
Request Successful!12-13 18:44:57
Request Successful!12-13 18:47:59
New alert more than 5 minutes! See details below: 
CRITICAL
for 3m 46s
B2Bi queue health: "B2Bi CI HME - PROD_Framework_Parallel_001.Z_Local_402_Serial_Out_20_InhouseEnveloper(Inhouse)_4_SAG_ETGOIT_HM"
on
B2Bi Application Server - Stream 1B
CRITICAL - Queue "B2Bi CI HME - PROD_Framework_Parallel_001.Z_Local_402_Serial_Out_20_InhouseEnveloper(Inhouse)_4_SAG_ETGOIT_HM" ("hierchmessage_11217"/"queue_13"):
Request Successful!12-13 18:51:11
New alert more than 5 minutes! See details below: 
CRITICAL
for 6m 58s
B2Bi queue health: "B2Bi CI HME - PROD_Framework_Parallel_001.Z_Local_402_Serial_Out_20_InhouseEnveloper(Inhouse)_4_SAG_ETGOIT_HM"
on
B2Bi Application Server - Stream 1B
CRITICAL - Queue "B2Bi CI HME - PROD_Framework_Parallel_001.Z_Local_402_Serial_Out_20_InhouseEnveloper(Inhouse)_4_SAG_ETGOIT_HM" ("hierchmessage_11217"/"queue_13"):
Request Successful!12-13 18:54:22
Request Successful!12-13 18:57:24
Request Successful!12-13 19:00:26
check if there is a ticket. One critical alert is existed since 09:57
Request Successful!12-13 19:03:28
check if there is a ticket. One critical alert is existed since 09:57
Request Successful!12-13 19:06:30
check if there is a ticket. One critical alert is existed since 09:57
Request Successful!12-13 19:09:32
check if there is a ticket. One critical alert is existed since 09:57
Request Successful!12-13 19:12:34
check if there is a ticket. One critical alert is existed since 09:57
Request Successful!12-13 19:15:36
check if there is a ticket. One critical alert is existed since 09:57
Request Successful!12-13 19:18:39
check if there is a ticket. One critical alert is existed since 09:57
Request Successful!12-13 19:21:41
check if there is a ticket. One critical alert is existed since 09:57
Request Successful!12-13 19:24:43
check if there is a ticket. One critical alert is existed since 09:57
Request Successful!12-13 19:27:45
check if there is a ticket. One critical alert is existed since 09:57
Request Successful!12-13 19:30:47
check if there is a ticket. One critical alert is existed since 09:57
Request Successful!12-13 19:33:48
New alert more than 5 minutes! See details below: 
CRITICAL
for 5m 14s
B2Bi queue health: "B2Bi CI HME - PROD_Framework_Parallel_001.Z_Local_402_Serial_Out_20_InhouseEnveloper(Inhouse)_4_SAG_ETGOIT_HM"
on
B2Bi Application Server - Stream 1B
CRITICAL - Queue "B2Bi CI HME - PROD_Framework_Parallel_001.Z_Local_402_Serial_Out_20_InhouseEnveloper(Inhouse)_4_SAG_ETGOIT_HM" ("hierchmessage_11217"/"queue_13"):
check if there is a ticket. One critical alert is existed since 09:57
Request Successful!12-13 19:37:01
check if there is a ticket. One critical alert is existed since 09:57
Request Successful!12-13 19:40:03
check if there is a ticket. One critical alert is existed since 09:57
Request Successful!12-13 19:43:05
check if there is a ticket. One critical alert is existed since 09:57
Request Successful!12-13 19:46:07
check if there is a ticket. One critical alert is existed since 09:57
Request Successful!12-13 19:49:08
check if there is a ticket. One critical alert is existed since 09:57
Request Successful!12-13 19:52:10
check if there is a ticket. One critical alert is existed since 09:57
Request Successful!12-13 19:55:12
check if there is a ticket. One critical alert is existed since 09:57
Request Successful!12-13 19:58:15
check if there is a ticket. One critical alert is existed since 09:57
Request Successful!12-13 20:01:17
New alert more than 5 minutes! See details below: 
CRITICAL
for 3m 8s
B2Bi queue health: "B2Bi CI HME - PROD_Framework_Parallel_001.Z_Local_402_Serial_Out_20_InhouseEnveloper(Inhouse)_4_SAG_ETGOIT_HM"
on
B2Bi Application Server - Stream 1B
CRITICAL - Queue "B2Bi CI HME - PROD_Framework_Parallel_001.Z_Local_402_Serial_Out_20_InhouseEnveloper(Inhouse)_4_SAG_ETGOIT_HM" ("hierchmessage_11217"/"queue_13"):
check if there is a ticket. One critical alert is existed since 09:57
Request Successful!12-13 20:04:28
New alert more than 5 minutes! See details below: 
CRITICAL
for 6m 19s
B2Bi queue health: "B2Bi CI HME - PROD_Framework_Parallel_001.Z_Local_402_Serial_Out_20_InhouseEnveloper(Inhouse)_4_SAG_ETGOIT_HM"
on
B2Bi Application Server - Stream 1B
CRITICAL - Queue "B2Bi CI HME - PROD_Framework_Parallel_001.Z_Local_402_Serial_Out_20_InhouseEnveloper(Inhouse)_4_SAG_ETGOIT_HM" ("hierchmessage_11217"/"queue_13"):
check if there is a ticket. One critical alert is existed since 09:57
Request Successful!12-13 20:07:40
New alert more than 5 minutes! See details below: 
CRITICAL
for 4m 21s
Check if there're unprocessed monitoring events piling up in mon_events_processing_sc3
on
b2biprddb1.sl3.comp.db.de
CRIT : 105000 entries in mon_events_processing_sc3. Critical threshold 100000 breached!
check if there is a ticket. One critical alert is existed since 09:57
Request Successful!12-13 20:10:52
check if there is a ticket. One critical alert is existed since 09:57
Request Successful!12-13 20:13:54
check if there is a ticket. One critical alert is existed since 09:57
Request Successful!12-13 20:16:56
check if there is a ticket. One critical alert is existed since 09:57
Request Successful!12-13 20:19:58
check if there is a ticket. One critical alert is existed since 09:57
Request Successful!12-13 20:23:00
New alert more than 5 minutes! See details below: 
CRITICAL
for 3m 6s
B2Bi queue health: "B2Bi CI HME - PROD_Framework_Parallel_001.402_SerialSTD_Inb_10_FetchRef_HM"
on
B2Bi Application Server - Stream 1A
CRITICAL - Queue "B2Bi CI HME - PROD_Framework_Parallel_001.402_SerialSTD_Inb_10_FetchRef_HM" ("hierchmessage_2387"/"queue_13"):
check if there is a ticket. One critical alert is existed since 09:57
Request Successful!12-13 20:26:12
New alert more than 5 minutes! See details below: 
CRITICAL
for 6m 18s
B2Bi queue health: "B2Bi CI HME - PROD_Framework_Parallel_001.402_SerialSTD_Inb_10_FetchRef_HM"
on
B2Bi Application Server - Stream 1A
CRITICAL - Queue "B2Bi CI HME - PROD_Framework_Parallel_001.402_SerialSTD_Inb_10_FetchRef_HM" ("hierchmessage_2387"/"queue_13"):
check if there is a ticket. One critical alert is existed since 09:57
Request Successful!12-13 20:29:24
check if there is a ticket. One critical alert is existed since 09:57
Request Successful!12-13 20:32:26
check if there is a ticket. One critical alert is existed since 09:57
Request Successful!12-13 20:35:28
check if there is a ticket. One critical alert is existed since 09:57
Request Successful!12-13 20:38:29
check if there is a ticket. One critical alert is existed since 09:57
Request Successful!12-13 20:41:31
check if there is a ticket. One critical alert is existed since 09:57
Request Successful!12-13 20:44:33
check if there is a ticket. One critical alert is existed since 09:57
Request Successful!12-13 20:47:35
check if there is a ticket. One critical alert is existed since 09:57
Request Successful!12-13 20:50:37
check if there is a ticket. One critical alert is existed since 09:57
Request Successful!12-13 20:53:39
check if there is a ticket. One critical alert is existed since 09:57
Request Successful!12-13 20:56:41
New alert more than 5 minutes! See details below: 
CRITICAL
for 3m 3s
B2Bi queue health: "B2Bi CI HME - PROD_Framework_Parallel_001.Z_Local_402_Serial_Out_20_InhouseEnveloper(Inhouse)_4_SAG_ETGOIT_HM"
on
B2Bi Application Server - Stream 1B
CRITICAL - Queue "B2Bi CI HME - PROD_Framework_Parallel_001.Z_Local_402_Serial_Out_20_InhouseEnveloper(Inhouse)_4_SAG_ETGOIT_HM" ("hierchmessage_11217"/"queue_13"):
check if there is a ticket. One critical alert is existed since 09:57
Request Successful!12-13 20:59:53
New alert more than 5 minutes! See details below: 
CRITICAL
for 6m 15s
B2Bi queue health: "B2Bi CI HME - PROD_Framework_Parallel_001.Z_Local_402_Serial_Out_20_InhouseEnveloper(Inhouse)_4_SAG_ETGOIT_HM"
on
B2Bi Application Server - Stream 1B
CRITICAL - Queue "B2Bi CI HME - PROD_Framework_Parallel_001.Z_Local_402_Serial_Out_20_InhouseEnveloper(Inhouse)_4_SAG_ETGOIT_HM" ("hierchmessage_11217"/"queue_13"):
check if there is a ticket. One critical alert is existed since 09:57
Request Successful!12-13 21:03:04
check if there is a ticket. One critical alert is existed since 09:57
Request Successful!12-13 21:06:06
check if there is a ticket. One critical alert is existed since 09:57
Request Successful!12-13 21:09:08
check if there is a ticket. One critical alert is existed since 09:57
Request Successful!12-13 21:12:10
New alert more than 5 minutes! See details below: 
CRITICAL
for 4m 58s
Check if there're unprocessed monitoring events piling up in mon_events_processing_scn
on
b2biprddb1.sl3.comp.db.de
CRIT : 163712 entries in mon_events_processing_scn. Critical threshold 100000 breached!
check if there is a ticket. One critical alert is existed since 09:57
Request Successful!12-13 21:15:21
check if there is a ticket. One critical alert is existed since 09:57
Request Successful!12-13 21:18:23
check if there is a ticket. One critical alert is existed since 09:57
Request Successful!12-13 21:21:25
check if there is a ticket. One critical alert is existed since 09:57
Request Successful!12-13 21:24:27
check if there is a ticket. One critical alert is existed since 09:57
Request Successful!12-13 21:27:29
check if there is a ticket. One critical alert is existed since 09:57
Request Successful!12-13 21:30:31
check if there is a ticket. One critical alert is existed since 09:57
Request Successful!12-13 21:33:33
check if there is a ticket. One critical alert is existed since 09:57
Request Successful!12-13 21:36:35
check if there is a ticket. One critical alert is existed since 09:57
Request Successful!12-13 21:39:36
check if there is a ticket. One critical alert is existed since 09:57
Request Successful!12-13 21:42:38
check if there is a ticket. One critical alert is existed since 09:57
Request Successful!12-13 21:45:40
check if there is a ticket. One critical alert is existed since 09:57
Request Successful!12-13 21:48:42
check if there is a ticket. One critical alert is existed since 09:57
Request Successful!12-13 21:51:44
New alert more than 5 minutes! See details below: 
CRITICAL
for 3m 17s
JMS Loop - Send test file to scintilla and expect it back.
on
B2Bi Application Server - Stream 1B
Timed out waiting for test file after 570 seconds.
New alert more than 5 minutes! See details below: 
CRITICAL
for 6m 0s
Checking JMS-Client Backlogs.
on
Communication Server Production
CRITICAL : At least one value exceed CRIT thresholds.
check if there is a ticket. One critical alert is existed since 09:57
Request Successful!12-13 21:55:06
New alert more than 5 minutes! See details below: 
CRITICAL
for 3m 40s
Checking JMS-Client HistoryQueueSize.
on
Communication Server Production
CRITICAL : At least one value exceed CRIT thresholds.
New alert more than 5 minutes! See details below: 
CRITICAL
for 6m 39s
JMS Loop - Send test file to scintilla and expect it back.
on
B2Bi Application Server - Stream 1B
Timed out waiting for test file after 570 seconds.
Request Successful!12-13 21:58:28
Request Successful!12-13 22:01:30
Request Successful!12-13 22:04:32
Request Successful!12-13 22:07:34
Request Successful!12-13 22:10:36
Request Successful!12-13 22:13:38
New alert more than 5 minutes! See details below: 
CRITICAL
for 3m 8s
B2Bi queue health: "B2Bi CI HME - PROD_Framework_Parallel_001.SEND_SendMessageToB2BIRemote_1B_sequential_HM"
on
B2Bi Application Server - Stream 1A
CRITICAL - Queue "B2Bi CI HME - PROD_Framework_Parallel_001.SEND_SendMessageToB2BIRemote_1B_sequential_HM" ("hierchmessage_17212"/"queue_13"):
Request Successful!12-13 22:16:49
New alert more than 5 minutes! See details below: 
CRITICAL
for 6m 19s
B2Bi queue health: "B2Bi CI HME - PROD_Framework_Parallel_001.SEND_SendMessageToB2BIRemote_1B_sequential_HM"
on
B2Bi Application Server - Stream 1A
CRITICAL - Queue "B2Bi CI HME - PROD_Framework_Parallel_001.SEND_SendMessageToB2BIRemote_1B_sequential_HM" ("hierchmessage_17212"/"queue_13"):
Request Successful!12-13 22:20:01
Request Successful!12-13 22:23:03
Request Successful!12-13 22:26:05
Request Successful!12-13 22:29:06
Request Successful!12-13 22:32:08
Request Successful!12-13 22:35:10
Request Successful!12-13 22:38:12
Request Successful!12-13 22:41:14
Request Successful!12-13 22:44:16
Request Successful!12-13 22:47:17
check if there is a ticket. One critical alert is existed since 13:45
Request Successful!12-13 22:50:19
check if there is a ticket. One critical alert is existed since 13:48
check if there is a ticket. One critical alert is existed since 13:45
Request Successful!12-13 22:53:21
check if there is a ticket. One critical alert is existed since 13:51
check if there is a ticket. One critical alert is existed since 13:48
check if there is a ticket. One critical alert is existed since 13:45
Request Successful!12-13 22:56:23
check if there is a ticket. One critical alert is existed since 13:51
check if there is a ticket. One critical alert is existed since 13:48
check if there is a ticket. One critical alert is existed since 13:45
Request Successful!12-13 22:59:25
check if there is a ticket. One critical alert is existed since 13:51
check if there is a ticket. One critical alert is existed since 13:48
check if there is a ticket. One critical alert is existed since 13:45
Request Successful!12-13 23:02:27
check if there is a ticket. One critical alert is existed since 13:51
check if there is a ticket. One critical alert is existed since 13:48
check if there is a ticket. One critical alert is existed since 13:45
Request Successful!12-13 23:05:29
check if there is a ticket. One critical alert is existed since 13:51
check if there is a ticket. One critical alert is existed since 13:48
check if there is a ticket. One critical alert is existed since 13:45
Request Successful!12-13 23:08:30
check if there is a ticket. One critical alert is existed since 13:51
check if there is a ticket. One critical alert is existed since 13:48
check if there is a ticket. One critical alert is existed since 13:45
Request Successful!12-13 23:11:32
check if there is a ticket. One critical alert is existed since 14:10
check if there is a ticket. One critical alert is existed since 13:51
check if there is a ticket. One critical alert is existed since 13:48
check if there is a ticket. One critical alert is existed since 13:45
Request Successful!12-13 23:14:34
check if there is a ticket. One critical alert is existed since 14:10
check if there is a ticket. One critical alert is existed since 13:51
check if there is a ticket. One critical alert is existed since 13:48
check if there is a ticket. One critical alert is existed since 13:45
Request Successful!12-13 23:17:36
check if there is a ticket. One critical alert is existed since 14:10
check if there is a ticket. One critical alert is existed since 13:51
check if there is a ticket. One critical alert is existed since 13:48
check if there is a ticket. One critical alert is existed since 13:45
Request Successful!12-13 23:20:38
check if there is a ticket. One critical alert is existed since 14:10
check if there is a ticket. One critical alert is existed since 13:51
check if there is a ticket. One critical alert is existed since 13:48
check if there is a ticket. One critical alert is existed since 13:45
Request Successful!12-13 23:23:40
check if there is a ticket. One critical alert is existed since 14:10
check if there is a ticket. One critical alert is existed since 13:51
check if there is a ticket. One critical alert is existed since 13:48
check if there is a ticket. One critical alert is existed since 13:45
Request Successful!12-13 23:26:42
check if there is a ticket. One critical alert is existed since 14:10
check if there is a ticket. One critical alert is existed since 13:51
check if there is a ticket. One critical alert is existed since 13:48
check if there is a ticket. One critical alert is existed since 13:45
Request Successful!12-13 23:29:43
check if there is a ticket. One critical alert is existed since 14:10
check if there is a ticket. One critical alert is existed since 13:51
check if there is a ticket. One critical alert is existed since 13:48
check if there is a ticket. One critical alert is existed since 13:45
Request Successful!12-13 23:32:45
New alert more than 5 minutes! See details below: 
CRITICAL
for 5m 17s
B2Bi queue health: "B2Bi CI HME - PROD_Framework_Parallel_001.OutBridgeSendToRemoteParallel_HM"
on
B2Bi Application Server - Stream 3C (Multicluster)
CRITICAL - Queue "B2Bi CI HME - PROD_Framework_Parallel_001.OutBridgeSendToRemoteParallel_HM" ("hierchmessage_13897"/"queue_16"):
check if there is a ticket. One critical alert is existed since 14:10
check if there is a ticket. One critical alert is existed since 13:51
check if there is a ticket. One critical alert is existed since 13:48
check if there is a ticket. One critical alert is existed since 13:45
Request Successful!12-13 23:35:57
check if there is a ticket. One critical alert is existed since 14:10
check if there is a ticket. One critical alert is existed since 13:51
check if there is a ticket. One critical alert is existed since 13:48
check if there is a ticket. One critical alert is existed since 13:45
Request Successful!12-13 23:38:59
check if there is a ticket. One critical alert is existed since 14:10
check if there is a ticket. One critical alert is existed since 13:51
check if there is a ticket. One critical alert is existed since 13:48
check if there is a ticket. One critical alert is existed since 13:45
Request Successful!12-13 23:42:01
check if there is a ticket. One critical alert is existed since 14:10
check if there is a ticket. One critical alert is existed since 13:51
check if there is a ticket. One critical alert is existed since 13:48
check if there is a ticket. One critical alert is existed since 13:45
Request Successful!12-13 23:45:02
check if there is a ticket. One critical alert is existed since 14:10
check if there is a ticket. One critical alert is existed since 13:51
check if there is a ticket. One critical alert is existed since 13:48
check if there is a ticket. One critical alert is existed since 13:45
Request Successful!12-13 23:48:04
